[2023-08-21T23:49:43.875+0000] {processor.py:153} INFO - Started process (PID=73) to work on /home/airflow/.local/lib/python3.7/site-packages/airflow/example_dags/example_nested_branch_dag.py
[2023-08-21T23:49:43.876+0000] {processor.py:743} INFO - Processing file /home/airflow/.local/lib/python3.7/site-packages/airflow/example_dags/example_nested_branch_dag.py for tasks to queue
[2023-08-21T23:49:43.877+0000] {logging_mixin.py:137} INFO - [2023-08-21T23:49:43.877+0000] {dagbag.py:538} INFO - Filling up the DagBag from /home/airflow/.local/lib/python3.7/site-packages/airflow/example_dags/example_nested_branch_dag.py
[2023-08-21T23:49:43.905+0000] {processor.py:753} INFO - DAG(s) dict_keys(['example_nested_branch_dag']) retrieved from /home/airflow/.local/lib/python3.7/site-packages/airflow/example_dags/example_nested_branch_dag.py
[2023-08-21T23:49:44.105+0000] {logging_mixin.py:137} INFO - [2023-08-21T23:49:44.105+0000] {manager.py:504} INFO - Created Permission View: can edit on DAG:example_nested_branch_dag
[2023-08-21T23:49:44.154+0000] {logging_mixin.py:137} INFO - [2023-08-21T23:49:44.154+0000] {manager.py:504} INFO - Created Permission View: can read on DAG:example_nested_branch_dag
[2023-08-21T23:49:44.203+0000] {logging_mixin.py:137} INFO - [2023-08-21T23:49:44.203+0000] {manager.py:504} INFO - Created Permission View: can delete on DAG:example_nested_branch_dag
[2023-08-21T23:49:44.204+0000] {logging_mixin.py:137} INFO - [2023-08-21T23:49:44.204+0000] {dag.py:2690} INFO - Sync 1 DAGs
[2023-08-21T23:49:44.220+0000] {logging_mixin.py:137} INFO - [2023-08-21T23:49:44.219+0000] {dag.py:2711} INFO - Creating ORM DAG for example_nested_branch_dag
[2023-08-21T23:49:44.236+0000] {logging_mixin.py:137} INFO - [2023-08-21T23:49:44.235+0000] {dag.py:3441} INFO - Setting next_dagrun for example_nested_branch_dag to 2023-08-20T00:00:00+00:00, run_after=2023-08-21T00:00:00+00:00
[2023-08-21T23:49:44.313+0000] {processor.py:175} INFO - Processing /home/airflow/.local/lib/python3.7/site-packages/airflow/example_dags/example_nested_branch_dag.py took 0.442 seconds
[2023-08-21T23:50:15.058+0000] {processor.py:153} INFO - Started process (PID=149) to work on /home/airflow/.local/lib/python3.7/site-packages/airflow/example_dags/example_nested_branch_dag.py
[2023-08-21T23:50:15.059+0000] {processor.py:743} INFO - Processing file /home/airflow/.local/lib/python3.7/site-packages/airflow/example_dags/example_nested_branch_dag.py for tasks to queue
[2023-08-21T23:50:15.060+0000] {logging_mixin.py:137} INFO - [2023-08-21T23:50:15.059+0000] {dagbag.py:538} INFO - Filling up the DagBag from /home/airflow/.local/lib/python3.7/site-packages/airflow/example_dags/example_nested_branch_dag.py
[2023-08-21T23:50:15.084+0000] {processor.py:753} INFO - DAG(s) dict_keys(['example_nested_branch_dag']) retrieved from /home/airflow/.local/lib/python3.7/site-packages/airflow/example_dags/example_nested_branch_dag.py
[2023-08-21T23:50:15.109+0000] {logging_mixin.py:137} INFO - [2023-08-21T23:50:15.109+0000] {dag.py:2690} INFO - Sync 1 DAGs
[2023-08-21T23:50:15.137+0000] {logging_mixin.py:137} INFO - [2023-08-21T23:50:15.137+0000] {dag.py:3441} INFO - Setting next_dagrun for example_nested_branch_dag to 2023-08-20T00:00:00+00:00, run_after=2023-08-21T00:00:00+00:00
[2023-08-21T23:50:15.227+0000] {processor.py:175} INFO - Processing /home/airflow/.local/lib/python3.7/site-packages/airflow/example_dags/example_nested_branch_dag.py took 0.172 seconds
[2023-08-21T23:50:45.374+0000] {processor.py:153} INFO - Started process (PID=212) to work on /home/airflow/.local/lib/python3.7/site-packages/airflow/example_dags/example_nested_branch_dag.py
[2023-08-21T23:50:45.375+0000] {processor.py:743} INFO - Processing file /home/airflow/.local/lib/python3.7/site-packages/airflow/example_dags/example_nested_branch_dag.py for tasks to queue
[2023-08-21T23:50:45.376+0000] {logging_mixin.py:137} INFO - [2023-08-21T23:50:45.376+0000] {dagbag.py:538} INFO - Filling up the DagBag from /home/airflow/.local/lib/python3.7/site-packages/airflow/example_dags/example_nested_branch_dag.py
[2023-08-21T23:50:45.412+0000] {processor.py:753} INFO - DAG(s) dict_keys(['example_nested_branch_dag']) retrieved from /home/airflow/.local/lib/python3.7/site-packages/airflow/example_dags/example_nested_branch_dag.py
[2023-08-21T23:50:45.437+0000] {logging_mixin.py:137} INFO - [2023-08-21T23:50:45.437+0000] {dag.py:2690} INFO - Sync 1 DAGs
[2023-08-21T23:50:45.462+0000] {logging_mixin.py:137} INFO - [2023-08-21T23:50:45.462+0000] {dag.py:3441} INFO - Setting next_dagrun for example_nested_branch_dag to 2023-08-20T00:00:00+00:00, run_after=2023-08-21T00:00:00+00:00
[2023-08-21T23:50:45.563+0000] {processor.py:175} INFO - Processing /home/airflow/.local/lib/python3.7/site-packages/airflow/example_dags/example_nested_branch_dag.py took 0.193 seconds
[2023-08-21T23:51:15.999+0000] {processor.py:153} INFO - Started process (PID=286) to work on /home/airflow/.local/lib/python3.7/site-packages/airflow/example_dags/example_nested_branch_dag.py
[2023-08-21T23:51:16.000+0000] {processor.py:743} INFO - Processing file /home/airflow/.local/lib/python3.7/site-packages/airflow/example_dags/example_nested_branch_dag.py for tasks to queue
[2023-08-21T23:51:16.001+0000] {logging_mixin.py:137} INFO - [2023-08-21T23:51:16.001+0000] {dagbag.py:538} INFO - Filling up the DagBag from /home/airflow/.local/lib/python3.7/site-packages/airflow/example_dags/example_nested_branch_dag.py
[2023-08-21T23:51:16.024+0000] {processor.py:753} INFO - DAG(s) dict_keys(['example_nested_branch_dag']) retrieved from /home/airflow/.local/lib/python3.7/site-packages/airflow/example_dags/example_nested_branch_dag.py
[2023-08-21T23:51:16.048+0000] {logging_mixin.py:137} INFO - [2023-08-21T23:51:16.048+0000] {dag.py:2690} INFO - Sync 1 DAGs
[2023-08-21T23:51:16.072+0000] {logging_mixin.py:137} INFO - [2023-08-21T23:51:16.072+0000] {dag.py:3441} INFO - Setting next_dagrun for example_nested_branch_dag to 2023-08-20T00:00:00+00:00, run_after=2023-08-21T00:00:00+00:00
[2023-08-21T23:51:16.297+0000] {processor.py:175} INFO - Processing /home/airflow/.local/lib/python3.7/site-packages/airflow/example_dags/example_nested_branch_dag.py took 0.301 seconds
[2023-08-21T23:51:46.329+0000] {processor.py:153} INFO - Started process (PID=348) to work on /home/airflow/.local/lib/python3.7/site-packages/airflow/example_dags/example_nested_branch_dag.py
[2023-08-21T23:51:46.329+0000] {processor.py:743} INFO - Processing file /home/airflow/.local/lib/python3.7/site-packages/airflow/example_dags/example_nested_branch_dag.py for tasks to queue
[2023-08-21T23:51:46.330+0000] {logging_mixin.py:137} INFO - [2023-08-21T23:51:46.330+0000] {dagbag.py:538} INFO - Filling up the DagBag from /home/airflow/.local/lib/python3.7/site-packages/airflow/example_dags/example_nested_branch_dag.py
[2023-08-21T23:51:46.353+0000] {processor.py:753} INFO - DAG(s) dict_keys(['example_nested_branch_dag']) retrieved from /home/airflow/.local/lib/python3.7/site-packages/airflow/example_dags/example_nested_branch_dag.py
[2023-08-21T23:51:46.376+0000] {logging_mixin.py:137} INFO - [2023-08-21T23:51:46.376+0000] {dag.py:2690} INFO - Sync 1 DAGs
[2023-08-21T23:51:46.401+0000] {logging_mixin.py:137} INFO - [2023-08-21T23:51:46.400+0000] {dag.py:3441} INFO - Setting next_dagrun for example_nested_branch_dag to 2023-08-20T00:00:00+00:00, run_after=2023-08-21T00:00:00+00:00
[2023-08-21T23:51:46.471+0000] {processor.py:175} INFO - Processing /home/airflow/.local/lib/python3.7/site-packages/airflow/example_dags/example_nested_branch_dag.py took 0.145 seconds
[2023-08-21T23:52:17.192+0000] {processor.py:153} INFO - Started process (PID=423) to work on /home/airflow/.local/lib/python3.7/site-packages/airflow/example_dags/example_nested_branch_dag.py
[2023-08-21T23:52:17.193+0000] {processor.py:743} INFO - Processing file /home/airflow/.local/lib/python3.7/site-packages/airflow/example_dags/example_nested_branch_dag.py for tasks to queue
[2023-08-21T23:52:17.194+0000] {logging_mixin.py:137} INFO - [2023-08-21T23:52:17.193+0000] {dagbag.py:538} INFO - Filling up the DagBag from /home/airflow/.local/lib/python3.7/site-packages/airflow/example_dags/example_nested_branch_dag.py
[2023-08-21T23:52:17.224+0000] {processor.py:753} INFO - DAG(s) dict_keys(['example_nested_branch_dag']) retrieved from /home/airflow/.local/lib/python3.7/site-packages/airflow/example_dags/example_nested_branch_dag.py
[2023-08-21T23:52:17.266+0000] {logging_mixin.py:137} INFO - [2023-08-21T23:52:17.266+0000] {dag.py:2690} INFO - Sync 1 DAGs
[2023-08-21T23:52:17.297+0000] {logging_mixin.py:137} INFO - [2023-08-21T23:52:17.297+0000] {dag.py:3441} INFO - Setting next_dagrun for example_nested_branch_dag to 2023-08-20T00:00:00+00:00, run_after=2023-08-21T00:00:00+00:00
[2023-08-21T23:52:17.342+0000] {processor.py:175} INFO - Processing /home/airflow/.local/lib/python3.7/site-packages/airflow/example_dags/example_nested_branch_dag.py took 0.155 seconds
[2023-08-21T23:52:47.566+0000] {processor.py:153} INFO - Started process (PID=485) to work on /home/airflow/.local/lib/python3.7/site-packages/airflow/example_dags/example_nested_branch_dag.py
[2023-08-21T23:52:47.567+0000] {processor.py:743} INFO - Processing file /home/airflow/.local/lib/python3.7/site-packages/airflow/example_dags/example_nested_branch_dag.py for tasks to queue
[2023-08-21T23:52:47.568+0000] {logging_mixin.py:137} INFO - [2023-08-21T23:52:47.568+0000] {dagbag.py:538} INFO - Filling up the DagBag from /home/airflow/.local/lib/python3.7/site-packages/airflow/example_dags/example_nested_branch_dag.py
[2023-08-21T23:52:47.607+0000] {processor.py:753} INFO - DAG(s) dict_keys(['example_nested_branch_dag']) retrieved from /home/airflow/.local/lib/python3.7/site-packages/airflow/example_dags/example_nested_branch_dag.py
[2023-08-21T23:52:47.660+0000] {logging_mixin.py:137} INFO - [2023-08-21T23:52:47.659+0000] {dag.py:2690} INFO - Sync 1 DAGs
[2023-08-21T23:52:47.699+0000] {logging_mixin.py:137} INFO - [2023-08-21T23:52:47.698+0000] {dag.py:3441} INFO - Setting next_dagrun for example_nested_branch_dag to 2023-08-20T00:00:00+00:00, run_after=2023-08-21T00:00:00+00:00
[2023-08-21T23:52:47.760+0000] {processor.py:175} INFO - Processing /home/airflow/.local/lib/python3.7/site-packages/airflow/example_dags/example_nested_branch_dag.py took 0.199 seconds
[2023-08-21T23:53:17.925+0000] {processor.py:153} INFO - Started process (PID=558) to work on /home/airflow/.local/lib/python3.7/site-packages/airflow/example_dags/example_nested_branch_dag.py
[2023-08-21T23:53:17.926+0000] {processor.py:743} INFO - Processing file /home/airflow/.local/lib/python3.7/site-packages/airflow/example_dags/example_nested_branch_dag.py for tasks to queue
[2023-08-21T23:53:17.926+0000] {logging_mixin.py:137} INFO - [2023-08-21T23:53:17.926+0000] {dagbag.py:538} INFO - Filling up the DagBag from /home/airflow/.local/lib/python3.7/site-packages/airflow/example_dags/example_nested_branch_dag.py
[2023-08-21T23:53:17.956+0000] {processor.py:753} INFO - DAG(s) dict_keys(['example_nested_branch_dag']) retrieved from /home/airflow/.local/lib/python3.7/site-packages/airflow/example_dags/example_nested_branch_dag.py
[2023-08-21T23:53:17.999+0000] {logging_mixin.py:137} INFO - [2023-08-21T23:53:17.999+0000] {dag.py:2690} INFO - Sync 1 DAGs
[2023-08-21T23:53:18.034+0000] {logging_mixin.py:137} INFO - [2023-08-21T23:53:18.033+0000] {dag.py:3441} INFO - Setting next_dagrun for example_nested_branch_dag to 2023-08-20T00:00:00+00:00, run_after=2023-08-21T00:00:00+00:00
[2023-08-21T23:53:18.103+0000] {processor.py:175} INFO - Processing /home/airflow/.local/lib/python3.7/site-packages/airflow/example_dags/example_nested_branch_dag.py took 0.183 seconds
[2023-08-21T23:53:48.193+0000] {processor.py:153} INFO - Started process (PID=623) to work on /home/airflow/.local/lib/python3.7/site-packages/airflow/example_dags/example_nested_branch_dag.py
[2023-08-21T23:53:48.194+0000] {processor.py:743} INFO - Processing file /home/airflow/.local/lib/python3.7/site-packages/airflow/example_dags/example_nested_branch_dag.py for tasks to queue
[2023-08-21T23:53:48.195+0000] {logging_mixin.py:137} INFO - [2023-08-21T23:53:48.194+0000] {dagbag.py:538} INFO - Filling up the DagBag from /home/airflow/.local/lib/python3.7/site-packages/airflow/example_dags/example_nested_branch_dag.py
[2023-08-21T23:53:48.220+0000] {processor.py:753} INFO - DAG(s) dict_keys(['example_nested_branch_dag']) retrieved from /home/airflow/.local/lib/python3.7/site-packages/airflow/example_dags/example_nested_branch_dag.py
[2023-08-21T23:53:48.247+0000] {logging_mixin.py:137} INFO - [2023-08-21T23:53:48.247+0000] {dag.py:2690} INFO - Sync 1 DAGs
[2023-08-21T23:53:48.275+0000] {logging_mixin.py:137} INFO - [2023-08-21T23:53:48.275+0000] {dag.py:3441} INFO - Setting next_dagrun for example_nested_branch_dag to 2023-08-20T00:00:00+00:00, run_after=2023-08-21T00:00:00+00:00
[2023-08-21T23:53:48.348+0000] {processor.py:175} INFO - Processing /home/airflow/.local/lib/python3.7/site-packages/airflow/example_dags/example_nested_branch_dag.py took 0.160 seconds
[2023-08-21T23:54:18.678+0000] {processor.py:153} INFO - Started process (PID=687) to work on /home/airflow/.local/lib/python3.7/site-packages/airflow/example_dags/example_nested_branch_dag.py
[2023-08-21T23:54:18.679+0000] {processor.py:743} INFO - Processing file /home/airflow/.local/lib/python3.7/site-packages/airflow/example_dags/example_nested_branch_dag.py for tasks to queue
[2023-08-21T23:54:18.680+0000] {logging_mixin.py:137} INFO - [2023-08-21T23:54:18.680+0000] {dagbag.py:538} INFO - Filling up the DagBag from /home/airflow/.local/lib/python3.7/site-packages/airflow/example_dags/example_nested_branch_dag.py
[2023-08-21T23:54:18.710+0000] {processor.py:753} INFO - DAG(s) dict_keys(['example_nested_branch_dag']) retrieved from /home/airflow/.local/lib/python3.7/site-packages/airflow/example_dags/example_nested_branch_dag.py
[2023-08-21T23:54:18.739+0000] {logging_mixin.py:137} INFO - [2023-08-21T23:54:18.739+0000] {dag.py:2690} INFO - Sync 1 DAGs
[2023-08-21T23:54:18.776+0000] {logging_mixin.py:137} INFO - [2023-08-21T23:54:18.776+0000] {dag.py:3441} INFO - Setting next_dagrun for example_nested_branch_dag to 2023-08-20T00:00:00+00:00, run_after=2023-08-21T00:00:00+00:00
[2023-08-21T23:54:18.819+0000] {processor.py:175} INFO - Processing /home/airflow/.local/lib/python3.7/site-packages/airflow/example_dags/example_nested_branch_dag.py took 0.145 seconds
[2023-08-21T23:54:49.290+0000] {processor.py:153} INFO - Started process (PID=762) to work on /home/airflow/.local/lib/python3.7/site-packages/airflow/example_dags/example_nested_branch_dag.py
[2023-08-21T23:54:49.291+0000] {processor.py:743} INFO - Processing file /home/airflow/.local/lib/python3.7/site-packages/airflow/example_dags/example_nested_branch_dag.py for tasks to queue
[2023-08-21T23:54:49.291+0000] {logging_mixin.py:137} INFO - [2023-08-21T23:54:49.291+0000] {dagbag.py:538} INFO - Filling up the DagBag from /home/airflow/.local/lib/python3.7/site-packages/airflow/example_dags/example_nested_branch_dag.py
[2023-08-21T23:54:49.316+0000] {processor.py:753} INFO - DAG(s) dict_keys(['example_nested_branch_dag']) retrieved from /home/airflow/.local/lib/python3.7/site-packages/airflow/example_dags/example_nested_branch_dag.py
[2023-08-21T23:54:49.341+0000] {logging_mixin.py:137} INFO - [2023-08-21T23:54:49.341+0000] {dag.py:2690} INFO - Sync 1 DAGs
[2023-08-21T23:54:49.370+0000] {logging_mixin.py:137} INFO - [2023-08-21T23:54:49.370+0000] {dag.py:3441} INFO - Setting next_dagrun for example_nested_branch_dag to 2023-08-20T00:00:00+00:00, run_after=2023-08-21T00:00:00+00:00
[2023-08-21T23:54:49.450+0000] {processor.py:175} INFO - Processing /home/airflow/.local/lib/python3.7/site-packages/airflow/example_dags/example_nested_branch_dag.py took 0.163 seconds
[2023-08-21T23:55:19.598+0000] {processor.py:153} INFO - Started process (PID=826) to work on /home/airflow/.local/lib/python3.7/site-packages/airflow/example_dags/example_nested_branch_dag.py
[2023-08-21T23:55:19.599+0000] {processor.py:743} INFO - Processing file /home/airflow/.local/lib/python3.7/site-packages/airflow/example_dags/example_nested_branch_dag.py for tasks to queue
[2023-08-21T23:55:19.600+0000] {logging_mixin.py:137} INFO - [2023-08-21T23:55:19.600+0000] {dagbag.py:538} INFO - Filling up the DagBag from /home/airflow/.local/lib/python3.7/site-packages/airflow/example_dags/example_nested_branch_dag.py
[2023-08-21T23:55:19.626+0000] {processor.py:753} INFO - DAG(s) dict_keys(['example_nested_branch_dag']) retrieved from /home/airflow/.local/lib/python3.7/site-packages/airflow/example_dags/example_nested_branch_dag.py
[2023-08-21T23:55:19.652+0000] {logging_mixin.py:137} INFO - [2023-08-21T23:55:19.652+0000] {dag.py:2690} INFO - Sync 1 DAGs
[2023-08-21T23:55:19.680+0000] {logging_mixin.py:137} INFO - [2023-08-21T23:55:19.680+0000] {dag.py:3441} INFO - Setting next_dagrun for example_nested_branch_dag to 2023-08-20T00:00:00+00:00, run_after=2023-08-21T00:00:00+00:00
[2023-08-21T23:55:19.793+0000] {processor.py:175} INFO - Processing /home/airflow/.local/lib/python3.7/site-packages/airflow/example_dags/example_nested_branch_dag.py took 0.199 seconds
[2023-08-21T23:55:50.163+0000] {processor.py:153} INFO - Started process (PID=902) to work on /home/airflow/.local/lib/python3.7/site-packages/airflow/example_dags/example_nested_branch_dag.py
[2023-08-21T23:55:50.164+0000] {processor.py:743} INFO - Processing file /home/airflow/.local/lib/python3.7/site-packages/airflow/example_dags/example_nested_branch_dag.py for tasks to queue
[2023-08-21T23:55:50.165+0000] {logging_mixin.py:137} INFO - [2023-08-21T23:55:50.165+0000] {dagbag.py:538} INFO - Filling up the DagBag from /home/airflow/.local/lib/python3.7/site-packages/airflow/example_dags/example_nested_branch_dag.py
[2023-08-21T23:55:50.194+0000] {processor.py:753} INFO - DAG(s) dict_keys(['example_nested_branch_dag']) retrieved from /home/airflow/.local/lib/python3.7/site-packages/airflow/example_dags/example_nested_branch_dag.py
[2023-08-21T23:55:50.230+0000] {logging_mixin.py:137} INFO - [2023-08-21T23:55:50.229+0000] {dag.py:2690} INFO - Sync 1 DAGs
[2023-08-21T23:55:50.259+0000] {logging_mixin.py:137} INFO - [2023-08-21T23:55:50.259+0000] {dag.py:3441} INFO - Setting next_dagrun for example_nested_branch_dag to 2023-08-20T00:00:00+00:00, run_after=2023-08-21T00:00:00+00:00
[2023-08-21T23:55:50.333+0000] {processor.py:175} INFO - Processing /home/airflow/.local/lib/python3.7/site-packages/airflow/example_dags/example_nested_branch_dag.py took 0.174 seconds
[2023-08-21T23:56:20.376+0000] {processor.py:153} INFO - Started process (PID=965) to work on /home/airflow/.local/lib/python3.7/site-packages/airflow/example_dags/example_nested_branch_dag.py
[2023-08-21T23:56:20.376+0000] {processor.py:743} INFO - Processing file /home/airflow/.local/lib/python3.7/site-packages/airflow/example_dags/example_nested_branch_dag.py for tasks to queue
[2023-08-21T23:56:20.377+0000] {logging_mixin.py:137} INFO - [2023-08-21T23:56:20.377+0000] {dagbag.py:538} INFO - Filling up the DagBag from /home/airflow/.local/lib/python3.7/site-packages/airflow/example_dags/example_nested_branch_dag.py
[2023-08-21T23:56:20.402+0000] {processor.py:753} INFO - DAG(s) dict_keys(['example_nested_branch_dag']) retrieved from /home/airflow/.local/lib/python3.7/site-packages/airflow/example_dags/example_nested_branch_dag.py
[2023-08-21T23:56:20.426+0000] {logging_mixin.py:137} INFO - [2023-08-21T23:56:20.426+0000] {dag.py:2690} INFO - Sync 1 DAGs
[2023-08-21T23:56:20.453+0000] {logging_mixin.py:137} INFO - [2023-08-21T23:56:20.453+0000] {dag.py:3441} INFO - Setting next_dagrun for example_nested_branch_dag to 2023-08-20T00:00:00+00:00, run_after=2023-08-21T00:00:00+00:00
[2023-08-21T23:56:20.496+0000] {processor.py:175} INFO - Processing /home/airflow/.local/lib/python3.7/site-packages/airflow/example_dags/example_nested_branch_dag.py took 0.124 seconds
[2023-08-21T23:56:50.598+0000] {processor.py:153} INFO - Started process (PID=1040) to work on /home/airflow/.local/lib/python3.7/site-packages/airflow/example_dags/example_nested_branch_dag.py
[2023-08-21T23:56:50.599+0000] {processor.py:743} INFO - Processing file /home/airflow/.local/lib/python3.7/site-packages/airflow/example_dags/example_nested_branch_dag.py for tasks to queue
[2023-08-21T23:56:50.600+0000] {logging_mixin.py:137} INFO - [2023-08-21T23:56:50.599+0000] {dagbag.py:538} INFO - Filling up the DagBag from /home/airflow/.local/lib/python3.7/site-packages/airflow/example_dags/example_nested_branch_dag.py
[2023-08-21T23:56:50.627+0000] {processor.py:753} INFO - DAG(s) dict_keys(['example_nested_branch_dag']) retrieved from /home/airflow/.local/lib/python3.7/site-packages/airflow/example_dags/example_nested_branch_dag.py
[2023-08-21T23:56:50.661+0000] {logging_mixin.py:137} INFO - [2023-08-21T23:56:50.661+0000] {dag.py:2690} INFO - Sync 1 DAGs
[2023-08-21T23:56:50.689+0000] {logging_mixin.py:137} INFO - [2023-08-21T23:56:50.689+0000] {dag.py:3441} INFO - Setting next_dagrun for example_nested_branch_dag to 2023-08-20T00:00:00+00:00, run_after=2023-08-21T00:00:00+00:00
[2023-08-21T23:56:50.752+0000] {processor.py:175} INFO - Processing /home/airflow/.local/lib/python3.7/site-packages/airflow/example_dags/example_nested_branch_dag.py took 0.158 seconds
[2023-08-21T23:57:20.847+0000] {processor.py:153} INFO - Started process (PID=1103) to work on /home/airflow/.local/lib/python3.7/site-packages/airflow/example_dags/example_nested_branch_dag.py
[2023-08-21T23:57:20.848+0000] {processor.py:743} INFO - Processing file /home/airflow/.local/lib/python3.7/site-packages/airflow/example_dags/example_nested_branch_dag.py for tasks to queue
[2023-08-21T23:57:20.849+0000] {logging_mixin.py:137} INFO - [2023-08-21T23:57:20.849+0000] {dagbag.py:538} INFO - Filling up the DagBag from /home/airflow/.local/lib/python3.7/site-packages/airflow/example_dags/example_nested_branch_dag.py
[2023-08-21T23:57:20.886+0000] {processor.py:753} INFO - DAG(s) dict_keys(['example_nested_branch_dag']) retrieved from /home/airflow/.local/lib/python3.7/site-packages/airflow/example_dags/example_nested_branch_dag.py
[2023-08-21T23:57:20.910+0000] {logging_mixin.py:137} INFO - [2023-08-21T23:57:20.910+0000] {dag.py:2690} INFO - Sync 1 DAGs
[2023-08-21T23:57:20.935+0000] {logging_mixin.py:137} INFO - [2023-08-21T23:57:20.935+0000] {dag.py:3441} INFO - Setting next_dagrun for example_nested_branch_dag to 2023-08-20T00:00:00+00:00, run_after=2023-08-21T00:00:00+00:00
[2023-08-21T23:57:20.996+0000] {processor.py:175} INFO - Processing /home/airflow/.local/lib/python3.7/site-packages/airflow/example_dags/example_nested_branch_dag.py took 0.154 seconds
[2023-08-21T23:57:51.321+0000] {processor.py:153} INFO - Started process (PID=1177) to work on /home/airflow/.local/lib/python3.7/site-packages/airflow/example_dags/example_nested_branch_dag.py
[2023-08-21T23:57:51.323+0000] {processor.py:743} INFO - Processing file /home/airflow/.local/lib/python3.7/site-packages/airflow/example_dags/example_nested_branch_dag.py for tasks to queue
[2023-08-21T23:57:51.324+0000] {logging_mixin.py:137} INFO - [2023-08-21T23:57:51.324+0000] {dagbag.py:538} INFO - Filling up the DagBag from /home/airflow/.local/lib/python3.7/site-packages/airflow/example_dags/example_nested_branch_dag.py
[2023-08-21T23:57:51.366+0000] {processor.py:753} INFO - DAG(s) dict_keys(['example_nested_branch_dag']) retrieved from /home/airflow/.local/lib/python3.7/site-packages/airflow/example_dags/example_nested_branch_dag.py
[2023-08-21T23:57:51.397+0000] {logging_mixin.py:137} INFO - [2023-08-21T23:57:51.397+0000] {dag.py:2690} INFO - Sync 1 DAGs
[2023-08-21T23:57:51.432+0000] {logging_mixin.py:137} INFO - [2023-08-21T23:57:51.431+0000] {dag.py:3441} INFO - Setting next_dagrun for example_nested_branch_dag to 2023-08-20T00:00:00+00:00, run_after=2023-08-21T00:00:00+00:00
[2023-08-21T23:57:51.498+0000] {processor.py:175} INFO - Processing /home/airflow/.local/lib/python3.7/site-packages/airflow/example_dags/example_nested_branch_dag.py took 0.183 seconds
[2023-08-21T23:58:21.542+0000] {processor.py:153} INFO - Started process (PID=1240) to work on /home/airflow/.local/lib/python3.7/site-packages/airflow/example_dags/example_nested_branch_dag.py
[2023-08-21T23:58:21.543+0000] {processor.py:743} INFO - Processing file /home/airflow/.local/lib/python3.7/site-packages/airflow/example_dags/example_nested_branch_dag.py for tasks to queue
[2023-08-21T23:58:21.544+0000] {logging_mixin.py:137} INFO - [2023-08-21T23:58:21.544+0000] {dagbag.py:538} INFO - Filling up the DagBag from /home/airflow/.local/lib/python3.7/site-packages/airflow/example_dags/example_nested_branch_dag.py
[2023-08-21T23:58:21.569+0000] {processor.py:753} INFO - DAG(s) dict_keys(['example_nested_branch_dag']) retrieved from /home/airflow/.local/lib/python3.7/site-packages/airflow/example_dags/example_nested_branch_dag.py
[2023-08-21T23:58:21.596+0000] {logging_mixin.py:137} INFO - [2023-08-21T23:58:21.596+0000] {dag.py:2690} INFO - Sync 1 DAGs
[2023-08-21T23:58:21.622+0000] {logging_mixin.py:137} INFO - [2023-08-21T23:58:21.622+0000] {dag.py:3441} INFO - Setting next_dagrun for example_nested_branch_dag to 2023-08-20T00:00:00+00:00, run_after=2023-08-21T00:00:00+00:00
[2023-08-21T23:58:21.709+0000] {processor.py:175} INFO - Processing /home/airflow/.local/lib/python3.7/site-packages/airflow/example_dags/example_nested_branch_dag.py took 0.170 seconds
[2023-08-21T23:58:51.949+0000] {processor.py:153} INFO - Started process (PID=1315) to work on /home/airflow/.local/lib/python3.7/site-packages/airflow/example_dags/example_nested_branch_dag.py
[2023-08-21T23:58:51.951+0000] {processor.py:743} INFO - Processing file /home/airflow/.local/lib/python3.7/site-packages/airflow/example_dags/example_nested_branch_dag.py for tasks to queue
[2023-08-21T23:58:51.953+0000] {logging_mixin.py:137} INFO - [2023-08-21T23:58:51.952+0000] {dagbag.py:538} INFO - Filling up the DagBag from /home/airflow/.local/lib/python3.7/site-packages/airflow/example_dags/example_nested_branch_dag.py
[2023-08-21T23:58:51.986+0000] {processor.py:753} INFO - DAG(s) dict_keys(['example_nested_branch_dag']) retrieved from /home/airflow/.local/lib/python3.7/site-packages/airflow/example_dags/example_nested_branch_dag.py
[2023-08-21T23:58:52.018+0000] {logging_mixin.py:137} INFO - [2023-08-21T23:58:52.018+0000] {dag.py:2690} INFO - Sync 1 DAGs
[2023-08-21T23:58:52.051+0000] {logging_mixin.py:137} INFO - [2023-08-21T23:58:52.051+0000] {dag.py:3441} INFO - Setting next_dagrun for example_nested_branch_dag to 2023-08-20T00:00:00+00:00, run_after=2023-08-21T00:00:00+00:00
[2023-08-21T23:58:52.112+0000] {processor.py:175} INFO - Processing /home/airflow/.local/lib/python3.7/site-packages/airflow/example_dags/example_nested_branch_dag.py took 0.176 seconds
[2023-08-21T23:59:22.547+0000] {processor.py:153} INFO - Started process (PID=1378) to work on /home/airflow/.local/lib/python3.7/site-packages/airflow/example_dags/example_nested_branch_dag.py
[2023-08-21T23:59:22.548+0000] {processor.py:743} INFO - Processing file /home/airflow/.local/lib/python3.7/site-packages/airflow/example_dags/example_nested_branch_dag.py for tasks to queue
[2023-08-21T23:59:22.549+0000] {logging_mixin.py:137} INFO - [2023-08-21T23:59:22.548+0000] {dagbag.py:538} INFO - Filling up the DagBag from /home/airflow/.local/lib/python3.7/site-packages/airflow/example_dags/example_nested_branch_dag.py
[2023-08-21T23:59:22.572+0000] {processor.py:753} INFO - DAG(s) dict_keys(['example_nested_branch_dag']) retrieved from /home/airflow/.local/lib/python3.7/site-packages/airflow/example_dags/example_nested_branch_dag.py
[2023-08-21T23:59:22.601+0000] {logging_mixin.py:137} INFO - [2023-08-21T23:59:22.601+0000] {dag.py:2690} INFO - Sync 1 DAGs
[2023-08-21T23:59:22.630+0000] {logging_mixin.py:137} INFO - [2023-08-21T23:59:22.630+0000] {dag.py:3441} INFO - Setting next_dagrun for example_nested_branch_dag to 2023-08-20T00:00:00+00:00, run_after=2023-08-21T00:00:00+00:00
[2023-08-21T23:59:22.720+0000] {processor.py:175} INFO - Processing /home/airflow/.local/lib/python3.7/site-packages/airflow/example_dags/example_nested_branch_dag.py took 0.178 seconds
[2023-08-21T23:59:52.819+0000] {processor.py:153} INFO - Started process (PID=1450) to work on /home/airflow/.local/lib/python3.7/site-packages/airflow/example_dags/example_nested_branch_dag.py
[2023-08-21T23:59:52.820+0000] {processor.py:743} INFO - Processing file /home/airflow/.local/lib/python3.7/site-packages/airflow/example_dags/example_nested_branch_dag.py for tasks to queue
[2023-08-21T23:59:52.821+0000] {logging_mixin.py:137} INFO - [2023-08-21T23:59:52.821+0000] {dagbag.py:538} INFO - Filling up the DagBag from /home/airflow/.local/lib/python3.7/site-packages/airflow/example_dags/example_nested_branch_dag.py
[2023-08-21T23:59:52.858+0000] {processor.py:753} INFO - DAG(s) dict_keys(['example_nested_branch_dag']) retrieved from /home/airflow/.local/lib/python3.7/site-packages/airflow/example_dags/example_nested_branch_dag.py
[2023-08-21T23:59:52.889+0000] {logging_mixin.py:137} INFO - [2023-08-21T23:59:52.889+0000] {dag.py:2690} INFO - Sync 1 DAGs
[2023-08-21T23:59:52.922+0000] {logging_mixin.py:137} INFO - [2023-08-21T23:59:52.922+0000] {dag.py:3441} INFO - Setting next_dagrun for example_nested_branch_dag to 2023-08-20T00:00:00+00:00, run_after=2023-08-21T00:00:00+00:00
[2023-08-21T23:59:53.015+0000] {processor.py:175} INFO - Processing /home/airflow/.local/lib/python3.7/site-packages/airflow/example_dags/example_nested_branch_dag.py took 0.201 seconds
