[2023-08-21T23:49:32.303+0000] {processor.py:153} INFO - Started process (PID=45) to work on /home/airflow/.local/lib/python3.7/site-packages/airflow/example_dags/example_task_group.py
[2023-08-21T23:49:32.321+0000] {processor.py:743} INFO - Processing file /home/airflow/.local/lib/python3.7/site-packages/airflow/example_dags/example_task_group.py for tasks to queue
[2023-08-21T23:49:32.326+0000] {logging_mixin.py:137} INFO - [2023-08-21T23:49:32.326+0000] {dagbag.py:538} INFO - Filling up the DagBag from /home/airflow/.local/lib/python3.7/site-packages/airflow/example_dags/example_task_group.py
[2023-08-21T23:49:32.556+0000] {processor.py:753} INFO - DAG(s) dict_keys(['example_task_group']) retrieved from /home/airflow/.local/lib/python3.7/site-packages/airflow/example_dags/example_task_group.py
[2023-08-21T23:49:33.483+0000] {logging_mixin.py:137} INFO - [2023-08-21T23:49:33.483+0000] {manager.py:504} INFO - Created Permission View: can edit on DAG:example_task_group
[2023-08-21T23:49:33.558+0000] {logging_mixin.py:137} INFO - [2023-08-21T23:49:33.558+0000] {manager.py:504} INFO - Created Permission View: can read on DAG:example_task_group
[2023-08-21T23:49:33.604+0000] {logging_mixin.py:137} INFO - [2023-08-21T23:49:33.604+0000] {manager.py:504} INFO - Created Permission View: can delete on DAG:example_task_group
[2023-08-21T23:49:33.604+0000] {logging_mixin.py:137} INFO - [2023-08-21T23:49:33.604+0000] {dag.py:2690} INFO - Sync 1 DAGs
[2023-08-21T23:49:33.668+0000] {logging_mixin.py:137} INFO - [2023-08-21T23:49:33.668+0000] {dag.py:2711} INFO - Creating ORM DAG for example_task_group
[2023-08-21T23:49:33.742+0000] {logging_mixin.py:137} INFO - [2023-08-21T23:49:33.742+0000] {dag.py:3441} INFO - Setting next_dagrun for example_task_group to 2023-08-20T23:49:33.742012+00:00, run_after=2023-08-21T23:49:33.742012+00:00
[2023-08-21T23:49:33.803+0000] {processor.py:175} INFO - Processing /home/airflow/.local/lib/python3.7/site-packages/airflow/example_dags/example_task_group.py took 1.547 seconds
[2023-08-21T23:50:04.686+0000] {processor.py:153} INFO - Started process (PID=108) to work on /home/airflow/.local/lib/python3.7/site-packages/airflow/example_dags/example_task_group.py
[2023-08-21T23:50:04.687+0000] {processor.py:743} INFO - Processing file /home/airflow/.local/lib/python3.7/site-packages/airflow/example_dags/example_task_group.py for tasks to queue
[2023-08-21T23:50:04.688+0000] {logging_mixin.py:137} INFO - [2023-08-21T23:50:04.688+0000] {dagbag.py:538} INFO - Filling up the DagBag from /home/airflow/.local/lib/python3.7/site-packages/airflow/example_dags/example_task_group.py
[2023-08-21T23:50:04.705+0000] {processor.py:753} INFO - DAG(s) dict_keys(['example_task_group']) retrieved from /home/airflow/.local/lib/python3.7/site-packages/airflow/example_dags/example_task_group.py
[2023-08-21T23:50:04.734+0000] {logging_mixin.py:137} INFO - [2023-08-21T23:50:04.734+0000] {dag.py:2690} INFO - Sync 1 DAGs
[2023-08-21T23:50:04.760+0000] {logging_mixin.py:137} INFO - [2023-08-21T23:50:04.759+0000] {dag.py:3441} INFO - Setting next_dagrun for example_task_group to 2023-08-20T23:50:04.759618+00:00, run_after=2023-08-21T23:50:04.759618+00:00
[2023-08-21T23:50:04.803+0000] {processor.py:175} INFO - Processing /home/airflow/.local/lib/python3.7/site-packages/airflow/example_dags/example_task_group.py took 0.121 seconds
[2023-08-21T23:50:35.037+0000] {processor.py:153} INFO - Started process (PID=172) to work on /home/airflow/.local/lib/python3.7/site-packages/airflow/example_dags/example_task_group.py
[2023-08-21T23:50:35.038+0000] {processor.py:743} INFO - Processing file /home/airflow/.local/lib/python3.7/site-packages/airflow/example_dags/example_task_group.py for tasks to queue
[2023-08-21T23:50:35.039+0000] {logging_mixin.py:137} INFO - [2023-08-21T23:50:35.039+0000] {dagbag.py:538} INFO - Filling up the DagBag from /home/airflow/.local/lib/python3.7/site-packages/airflow/example_dags/example_task_group.py
[2023-08-21T23:50:35.057+0000] {processor.py:753} INFO - DAG(s) dict_keys(['example_task_group']) retrieved from /home/airflow/.local/lib/python3.7/site-packages/airflow/example_dags/example_task_group.py
[2023-08-21T23:50:35.093+0000] {logging_mixin.py:137} INFO - [2023-08-21T23:50:35.093+0000] {dag.py:2690} INFO - Sync 1 DAGs
[2023-08-21T23:50:35.121+0000] {logging_mixin.py:137} INFO - [2023-08-21T23:50:35.121+0000] {dag.py:3441} INFO - Setting next_dagrun for example_task_group to 2023-08-20T23:50:35.121270+00:00, run_after=2023-08-21T23:50:35.121270+00:00
[2023-08-21T23:50:35.198+0000] {processor.py:175} INFO - Processing /home/airflow/.local/lib/python3.7/site-packages/airflow/example_dags/example_task_group.py took 0.166 seconds
[2023-08-21T23:51:05.257+0000] {processor.py:153} INFO - Started process (PID=246) to work on /home/airflow/.local/lib/python3.7/site-packages/airflow/example_dags/example_task_group.py
[2023-08-21T23:51:05.258+0000] {processor.py:743} INFO - Processing file /home/airflow/.local/lib/python3.7/site-packages/airflow/example_dags/example_task_group.py for tasks to queue
[2023-08-21T23:51:05.259+0000] {logging_mixin.py:137} INFO - [2023-08-21T23:51:05.259+0000] {dagbag.py:538} INFO - Filling up the DagBag from /home/airflow/.local/lib/python3.7/site-packages/airflow/example_dags/example_task_group.py
[2023-08-21T23:51:05.280+0000] {processor.py:753} INFO - DAG(s) dict_keys(['example_task_group']) retrieved from /home/airflow/.local/lib/python3.7/site-packages/airflow/example_dags/example_task_group.py
[2023-08-21T23:51:05.308+0000] {logging_mixin.py:137} INFO - [2023-08-21T23:51:05.308+0000] {dag.py:2690} INFO - Sync 1 DAGs
[2023-08-21T23:51:05.331+0000] {logging_mixin.py:137} INFO - [2023-08-21T23:51:05.331+0000] {dag.py:3441} INFO - Setting next_dagrun for example_task_group to 2023-08-20T23:51:05.331557+00:00, run_after=2023-08-21T23:51:05.331557+00:00
[2023-08-21T23:51:05.379+0000] {processor.py:175} INFO - Processing /home/airflow/.local/lib/python3.7/site-packages/airflow/example_dags/example_task_group.py took 0.126 seconds
[2023-08-21T23:51:36.057+0000] {processor.py:153} INFO - Started process (PID=309) to work on /home/airflow/.local/lib/python3.7/site-packages/airflow/example_dags/example_task_group.py
[2023-08-21T23:51:36.058+0000] {processor.py:743} INFO - Processing file /home/airflow/.local/lib/python3.7/site-packages/airflow/example_dags/example_task_group.py for tasks to queue
[2023-08-21T23:51:36.059+0000] {logging_mixin.py:137} INFO - [2023-08-21T23:51:36.058+0000] {dagbag.py:538} INFO - Filling up the DagBag from /home/airflow/.local/lib/python3.7/site-packages/airflow/example_dags/example_task_group.py
[2023-08-21T23:51:36.076+0000] {processor.py:753} INFO - DAG(s) dict_keys(['example_task_group']) retrieved from /home/airflow/.local/lib/python3.7/site-packages/airflow/example_dags/example_task_group.py
[2023-08-21T23:51:36.104+0000] {logging_mixin.py:137} INFO - [2023-08-21T23:51:36.104+0000] {dag.py:2690} INFO - Sync 1 DAGs
[2023-08-21T23:51:36.133+0000] {logging_mixin.py:137} INFO - [2023-08-21T23:51:36.133+0000] {dag.py:3441} INFO - Setting next_dagrun for example_task_group to 2023-08-20T23:51:36.133328+00:00, run_after=2023-08-21T23:51:36.133328+00:00
[2023-08-21T23:51:36.182+0000] {processor.py:175} INFO - Processing /home/airflow/.local/lib/python3.7/site-packages/airflow/example_dags/example_task_group.py took 0.129 seconds
[2023-08-21T23:52:06.277+0000] {processor.py:153} INFO - Started process (PID=383) to work on /home/airflow/.local/lib/python3.7/site-packages/airflow/example_dags/example_task_group.py
[2023-08-21T23:52:06.278+0000] {processor.py:743} INFO - Processing file /home/airflow/.local/lib/python3.7/site-packages/airflow/example_dags/example_task_group.py for tasks to queue
[2023-08-21T23:52:06.278+0000] {logging_mixin.py:137} INFO - [2023-08-21T23:52:06.278+0000] {dagbag.py:538} INFO - Filling up the DagBag from /home/airflow/.local/lib/python3.7/site-packages/airflow/example_dags/example_task_group.py
[2023-08-21T23:52:06.293+0000] {processor.py:753} INFO - DAG(s) dict_keys(['example_task_group']) retrieved from /home/airflow/.local/lib/python3.7/site-packages/airflow/example_dags/example_task_group.py
[2023-08-21T23:52:06.319+0000] {logging_mixin.py:137} INFO - [2023-08-21T23:52:06.319+0000] {dag.py:2690} INFO - Sync 1 DAGs
[2023-08-21T23:52:06.344+0000] {logging_mixin.py:137} INFO - [2023-08-21T23:52:06.344+0000] {dag.py:3441} INFO - Setting next_dagrun for example_task_group to 2023-08-20T23:52:06.343928+00:00, run_after=2023-08-21T23:52:06.343928+00:00
[2023-08-21T23:52:06.392+0000] {processor.py:175} INFO - Processing /home/airflow/.local/lib/python3.7/site-packages/airflow/example_dags/example_task_group.py took 0.118 seconds
[2023-08-21T23:52:37.095+0000] {processor.py:153} INFO - Started process (PID=446) to work on /home/airflow/.local/lib/python3.7/site-packages/airflow/example_dags/example_task_group.py
[2023-08-21T23:52:37.096+0000] {processor.py:743} INFO - Processing file /home/airflow/.local/lib/python3.7/site-packages/airflow/example_dags/example_task_group.py for tasks to queue
[2023-08-21T23:52:37.097+0000] {logging_mixin.py:137} INFO - [2023-08-21T23:52:37.096+0000] {dagbag.py:538} INFO - Filling up the DagBag from /home/airflow/.local/lib/python3.7/site-packages/airflow/example_dags/example_task_group.py
[2023-08-21T23:52:37.113+0000] {processor.py:753} INFO - DAG(s) dict_keys(['example_task_group']) retrieved from /home/airflow/.local/lib/python3.7/site-packages/airflow/example_dags/example_task_group.py
[2023-08-21T23:52:37.140+0000] {logging_mixin.py:137} INFO - [2023-08-21T23:52:37.140+0000] {dag.py:2690} INFO - Sync 1 DAGs
[2023-08-21T23:52:37.167+0000] {logging_mixin.py:137} INFO - [2023-08-21T23:52:37.166+0000] {dag.py:3441} INFO - Setting next_dagrun for example_task_group to 2023-08-20T23:52:37.166736+00:00, run_after=2023-08-21T23:52:37.166736+00:00
[2023-08-21T23:52:37.213+0000] {processor.py:175} INFO - Processing /home/airflow/.local/lib/python3.7/site-packages/airflow/example_dags/example_task_group.py took 0.122 seconds
[2023-08-21T23:53:07.514+0000] {processor.py:153} INFO - Started process (PID=521) to work on /home/airflow/.local/lib/python3.7/site-packages/airflow/example_dags/example_task_group.py
[2023-08-21T23:53:07.515+0000] {processor.py:743} INFO - Processing file /home/airflow/.local/lib/python3.7/site-packages/airflow/example_dags/example_task_group.py for tasks to queue
[2023-08-21T23:53:07.516+0000] {logging_mixin.py:137} INFO - [2023-08-21T23:53:07.516+0000] {dagbag.py:538} INFO - Filling up the DagBag from /home/airflow/.local/lib/python3.7/site-packages/airflow/example_dags/example_task_group.py
[2023-08-21T23:53:07.531+0000] {processor.py:753} INFO - DAG(s) dict_keys(['example_task_group']) retrieved from /home/airflow/.local/lib/python3.7/site-packages/airflow/example_dags/example_task_group.py
[2023-08-21T23:53:07.561+0000] {logging_mixin.py:137} INFO - [2023-08-21T23:53:07.561+0000] {dag.py:2690} INFO - Sync 1 DAGs
[2023-08-21T23:53:07.597+0000] {logging_mixin.py:137} INFO - [2023-08-21T23:53:07.597+0000] {dag.py:3441} INFO - Setting next_dagrun for example_task_group to 2023-08-20T23:53:07.597033+00:00, run_after=2023-08-21T23:53:07.597033+00:00
[2023-08-21T23:53:07.673+0000] {processor.py:175} INFO - Processing /home/airflow/.local/lib/python3.7/site-packages/airflow/example_dags/example_task_group.py took 0.163 seconds
[2023-08-21T23:53:37.803+0000] {processor.py:153} INFO - Started process (PID=584) to work on /home/airflow/.local/lib/python3.7/site-packages/airflow/example_dags/example_task_group.py
[2023-08-21T23:53:37.804+0000] {processor.py:743} INFO - Processing file /home/airflow/.local/lib/python3.7/site-packages/airflow/example_dags/example_task_group.py for tasks to queue
[2023-08-21T23:53:37.805+0000] {logging_mixin.py:137} INFO - [2023-08-21T23:53:37.805+0000] {dagbag.py:538} INFO - Filling up the DagBag from /home/airflow/.local/lib/python3.7/site-packages/airflow/example_dags/example_task_group.py
[2023-08-21T23:53:37.821+0000] {processor.py:753} INFO - DAG(s) dict_keys(['example_task_group']) retrieved from /home/airflow/.local/lib/python3.7/site-packages/airflow/example_dags/example_task_group.py
[2023-08-21T23:53:37.852+0000] {logging_mixin.py:137} INFO - [2023-08-21T23:53:37.852+0000] {dag.py:2690} INFO - Sync 1 DAGs
[2023-08-21T23:53:37.889+0000] {logging_mixin.py:137} INFO - [2023-08-21T23:53:37.889+0000] {dag.py:3441} INFO - Setting next_dagrun for example_task_group to 2023-08-20T23:53:37.888788+00:00, run_after=2023-08-21T23:53:37.888788+00:00
[2023-08-21T23:53:37.937+0000] {processor.py:175} INFO - Processing /home/airflow/.local/lib/python3.7/site-packages/airflow/example_dags/example_task_group.py took 0.138 seconds
[2023-08-21T23:54:08.471+0000] {processor.py:153} INFO - Started process (PID=659) to work on /home/airflow/.local/lib/python3.7/site-packages/airflow/example_dags/example_task_group.py
[2023-08-21T23:54:08.472+0000] {processor.py:743} INFO - Processing file /home/airflow/.local/lib/python3.7/site-packages/airflow/example_dags/example_task_group.py for tasks to queue
[2023-08-21T23:54:08.473+0000] {logging_mixin.py:137} INFO - [2023-08-21T23:54:08.473+0000] {dagbag.py:538} INFO - Filling up the DagBag from /home/airflow/.local/lib/python3.7/site-packages/airflow/example_dags/example_task_group.py
[2023-08-21T23:54:08.491+0000] {processor.py:753} INFO - DAG(s) dict_keys(['example_task_group']) retrieved from /home/airflow/.local/lib/python3.7/site-packages/airflow/example_dags/example_task_group.py
[2023-08-21T23:54:08.536+0000] {logging_mixin.py:137} INFO - [2023-08-21T23:54:08.536+0000] {dag.py:2690} INFO - Sync 1 DAGs
[2023-08-21T23:54:08.569+0000] {logging_mixin.py:137} INFO - [2023-08-21T23:54:08.569+0000] {dag.py:3441} INFO - Setting next_dagrun for example_task_group to 2023-08-20T23:54:08.568708+00:00, run_after=2023-08-21T23:54:08.568708+00:00
[2023-08-21T23:54:08.649+0000] {processor.py:175} INFO - Processing /home/airflow/.local/lib/python3.7/site-packages/airflow/example_dags/example_task_group.py took 0.182 seconds
[2023-08-21T23:54:38.842+0000] {processor.py:153} INFO - Started process (PID=722) to work on /home/airflow/.local/lib/python3.7/site-packages/airflow/example_dags/example_task_group.py
[2023-08-21T23:54:38.844+0000] {processor.py:743} INFO - Processing file /home/airflow/.local/lib/python3.7/site-packages/airflow/example_dags/example_task_group.py for tasks to queue
[2023-08-21T23:54:38.845+0000] {logging_mixin.py:137} INFO - [2023-08-21T23:54:38.845+0000] {dagbag.py:538} INFO - Filling up the DagBag from /home/airflow/.local/lib/python3.7/site-packages/airflow/example_dags/example_task_group.py
[2023-08-21T23:54:38.866+0000] {processor.py:753} INFO - DAG(s) dict_keys(['example_task_group']) retrieved from /home/airflow/.local/lib/python3.7/site-packages/airflow/example_dags/example_task_group.py
[2023-08-21T23:54:38.902+0000] {logging_mixin.py:137} INFO - [2023-08-21T23:54:38.902+0000] {dag.py:2690} INFO - Sync 1 DAGs
[2023-08-21T23:54:38.930+0000] {logging_mixin.py:137} INFO - [2023-08-21T23:54:38.930+0000] {dag.py:3441} INFO - Setting next_dagrun for example_task_group to 2023-08-20T23:54:38.930494+00:00, run_after=2023-08-21T23:54:38.930494+00:00
[2023-08-21T23:54:39.083+0000] {processor.py:175} INFO - Processing /home/airflow/.local/lib/python3.7/site-packages/airflow/example_dags/example_task_group.py took 0.246 seconds
[2023-08-21T23:55:09.224+0000] {processor.py:153} INFO - Started process (PID=795) to work on /home/airflow/.local/lib/python3.7/site-packages/airflow/example_dags/example_task_group.py
[2023-08-21T23:55:09.225+0000] {processor.py:743} INFO - Processing file /home/airflow/.local/lib/python3.7/site-packages/airflow/example_dags/example_task_group.py for tasks to queue
[2023-08-21T23:55:09.225+0000] {logging_mixin.py:137} INFO - [2023-08-21T23:55:09.225+0000] {dagbag.py:538} INFO - Filling up the DagBag from /home/airflow/.local/lib/python3.7/site-packages/airflow/example_dags/example_task_group.py
[2023-08-21T23:55:09.243+0000] {processor.py:753} INFO - DAG(s) dict_keys(['example_task_group']) retrieved from /home/airflow/.local/lib/python3.7/site-packages/airflow/example_dags/example_task_group.py
[2023-08-21T23:55:09.273+0000] {logging_mixin.py:137} INFO - [2023-08-21T23:55:09.272+0000] {dag.py:2690} INFO - Sync 1 DAGs
[2023-08-21T23:55:09.303+0000] {logging_mixin.py:137} INFO - [2023-08-21T23:55:09.303+0000] {dag.py:3441} INFO - Setting next_dagrun for example_task_group to 2023-08-20T23:55:09.302955+00:00, run_after=2023-08-21T23:55:09.302955+00:00
[2023-08-21T23:55:09.346+0000] {processor.py:175} INFO - Processing /home/airflow/.local/lib/python3.7/site-packages/airflow/example_dags/example_task_group.py took 0.126 seconds
[2023-08-21T23:55:39.799+0000] {processor.py:153} INFO - Started process (PID=862) to work on /home/airflow/.local/lib/python3.7/site-packages/airflow/example_dags/example_task_group.py
[2023-08-21T23:55:39.800+0000] {processor.py:743} INFO - Processing file /home/airflow/.local/lib/python3.7/site-packages/airflow/example_dags/example_task_group.py for tasks to queue
[2023-08-21T23:55:39.801+0000] {logging_mixin.py:137} INFO - [2023-08-21T23:55:39.801+0000] {dagbag.py:538} INFO - Filling up the DagBag from /home/airflow/.local/lib/python3.7/site-packages/airflow/example_dags/example_task_group.py
[2023-08-21T23:55:39.820+0000] {processor.py:753} INFO - DAG(s) dict_keys(['example_task_group']) retrieved from /home/airflow/.local/lib/python3.7/site-packages/airflow/example_dags/example_task_group.py
[2023-08-21T23:55:39.848+0000] {logging_mixin.py:137} INFO - [2023-08-21T23:55:39.848+0000] {dag.py:2690} INFO - Sync 1 DAGs
[2023-08-21T23:55:39.878+0000] {logging_mixin.py:137} INFO - [2023-08-21T23:55:39.878+0000] {dag.py:3441} INFO - Setting next_dagrun for example_task_group to 2023-08-20T23:55:39.878012+00:00, run_after=2023-08-21T23:55:39.878012+00:00
[2023-08-21T23:55:39.927+0000] {processor.py:175} INFO - Processing /home/airflow/.local/lib/python3.7/site-packages/airflow/example_dags/example_task_group.py took 0.134 seconds
[2023-08-21T23:56:10.012+0000] {processor.py:153} INFO - Started process (PID=925) to work on /home/airflow/.local/lib/python3.7/site-packages/airflow/example_dags/example_task_group.py
[2023-08-21T23:56:10.013+0000] {processor.py:743} INFO - Processing file /home/airflow/.local/lib/python3.7/site-packages/airflow/example_dags/example_task_group.py for tasks to queue
[2023-08-21T23:56:10.014+0000] {logging_mixin.py:137} INFO - [2023-08-21T23:56:10.014+0000] {dagbag.py:538} INFO - Filling up the DagBag from /home/airflow/.local/lib/python3.7/site-packages/airflow/example_dags/example_task_group.py
[2023-08-21T23:56:10.033+0000] {processor.py:753} INFO - DAG(s) dict_keys(['example_task_group']) retrieved from /home/airflow/.local/lib/python3.7/site-packages/airflow/example_dags/example_task_group.py
[2023-08-21T23:56:10.067+0000] {logging_mixin.py:137} INFO - [2023-08-21T23:56:10.067+0000] {dag.py:2690} INFO - Sync 1 DAGs
[2023-08-21T23:56:10.097+0000] {logging_mixin.py:137} INFO - [2023-08-21T23:56:10.097+0000] {dag.py:3441} INFO - Setting next_dagrun for example_task_group to 2023-08-20T23:56:10.096651+00:00, run_after=2023-08-21T23:56:10.096651+00:00
[2023-08-21T23:56:10.155+0000] {processor.py:175} INFO - Processing /home/airflow/.local/lib/python3.7/site-packages/airflow/example_dags/example_task_group.py took 0.147 seconds
[2023-08-21T23:56:40.242+0000] {processor.py:153} INFO - Started process (PID=1000) to work on /home/airflow/.local/lib/python3.7/site-packages/airflow/example_dags/example_task_group.py
[2023-08-21T23:56:40.243+0000] {processor.py:743} INFO - Processing file /home/airflow/.local/lib/python3.7/site-packages/airflow/example_dags/example_task_group.py for tasks to queue
[2023-08-21T23:56:40.244+0000] {logging_mixin.py:137} INFO - [2023-08-21T23:56:40.243+0000] {dagbag.py:538} INFO - Filling up the DagBag from /home/airflow/.local/lib/python3.7/site-packages/airflow/example_dags/example_task_group.py
[2023-08-21T23:56:40.262+0000] {processor.py:753} INFO - DAG(s) dict_keys(['example_task_group']) retrieved from /home/airflow/.local/lib/python3.7/site-packages/airflow/example_dags/example_task_group.py
[2023-08-21T23:56:40.291+0000] {logging_mixin.py:137} INFO - [2023-08-21T23:56:40.290+0000] {dag.py:2690} INFO - Sync 1 DAGs
[2023-08-21T23:56:40.318+0000] {logging_mixin.py:137} INFO - [2023-08-21T23:56:40.318+0000] {dag.py:3441} INFO - Setting next_dagrun for example_task_group to 2023-08-20T23:56:40.318406+00:00, run_after=2023-08-21T23:56:40.318406+00:00
[2023-08-21T23:56:40.369+0000] {processor.py:175} INFO - Processing /home/airflow/.local/lib/python3.7/site-packages/airflow/example_dags/example_task_group.py took 0.131 seconds
[2023-08-21T23:57:10.462+0000] {processor.py:153} INFO - Started process (PID=1063) to work on /home/airflow/.local/lib/python3.7/site-packages/airflow/example_dags/example_task_group.py
[2023-08-21T23:57:10.463+0000] {processor.py:743} INFO - Processing file /home/airflow/.local/lib/python3.7/site-packages/airflow/example_dags/example_task_group.py for tasks to queue
[2023-08-21T23:57:10.464+0000] {logging_mixin.py:137} INFO - [2023-08-21T23:57:10.464+0000] {dagbag.py:538} INFO - Filling up the DagBag from /home/airflow/.local/lib/python3.7/site-packages/airflow/example_dags/example_task_group.py
[2023-08-21T23:57:10.493+0000] {processor.py:753} INFO - DAG(s) dict_keys(['example_task_group']) retrieved from /home/airflow/.local/lib/python3.7/site-packages/airflow/example_dags/example_task_group.py
[2023-08-21T23:57:10.542+0000] {logging_mixin.py:137} INFO - [2023-08-21T23:57:10.541+0000] {dag.py:2690} INFO - Sync 1 DAGs
[2023-08-21T23:57:10.590+0000] {logging_mixin.py:137} INFO - [2023-08-21T23:57:10.590+0000] {dag.py:3441} INFO - Setting next_dagrun for example_task_group to 2023-08-20T23:57:10.590190+00:00, run_after=2023-08-21T23:57:10.590190+00:00
[2023-08-21T23:57:10.696+0000] {processor.py:175} INFO - Processing /home/airflow/.local/lib/python3.7/site-packages/airflow/example_dags/example_task_group.py took 0.238 seconds
[2023-08-21T23:57:40.805+0000] {processor.py:153} INFO - Started process (PID=1139) to work on /home/airflow/.local/lib/python3.7/site-packages/airflow/example_dags/example_task_group.py
[2023-08-21T23:57:40.806+0000] {processor.py:743} INFO - Processing file /home/airflow/.local/lib/python3.7/site-packages/airflow/example_dags/example_task_group.py for tasks to queue
[2023-08-21T23:57:40.807+0000] {logging_mixin.py:137} INFO - [2023-08-21T23:57:40.807+0000] {dagbag.py:538} INFO - Filling up the DagBag from /home/airflow/.local/lib/python3.7/site-packages/airflow/example_dags/example_task_group.py
[2023-08-21T23:57:40.822+0000] {processor.py:753} INFO - DAG(s) dict_keys(['example_task_group']) retrieved from /home/airflow/.local/lib/python3.7/site-packages/airflow/example_dags/example_task_group.py
[2023-08-21T23:57:40.847+0000] {logging_mixin.py:137} INFO - [2023-08-21T23:57:40.847+0000] {dag.py:2690} INFO - Sync 1 DAGs
[2023-08-21T23:57:40.871+0000] {logging_mixin.py:137} INFO - [2023-08-21T23:57:40.871+0000] {dag.py:3441} INFO - Setting next_dagrun for example_task_group to 2023-08-20T23:57:40.871169+00:00, run_after=2023-08-21T23:57:40.871169+00:00
[2023-08-21T23:57:40.967+0000] {processor.py:175} INFO - Processing /home/airflow/.local/lib/python3.7/site-packages/airflow/example_dags/example_task_group.py took 0.166 seconds
[2023-08-21T23:58:11.233+0000] {processor.py:153} INFO - Started process (PID=1200) to work on /home/airflow/.local/lib/python3.7/site-packages/airflow/example_dags/example_task_group.py
[2023-08-21T23:58:11.234+0000] {processor.py:743} INFO - Processing file /home/airflow/.local/lib/python3.7/site-packages/airflow/example_dags/example_task_group.py for tasks to queue
[2023-08-21T23:58:11.235+0000] {logging_mixin.py:137} INFO - [2023-08-21T23:58:11.235+0000] {dagbag.py:538} INFO - Filling up the DagBag from /home/airflow/.local/lib/python3.7/site-packages/airflow/example_dags/example_task_group.py
[2023-08-21T23:58:11.252+0000] {processor.py:753} INFO - DAG(s) dict_keys(['example_task_group']) retrieved from /home/airflow/.local/lib/python3.7/site-packages/airflow/example_dags/example_task_group.py
[2023-08-21T23:58:11.280+0000] {logging_mixin.py:137} INFO - [2023-08-21T23:58:11.280+0000] {dag.py:2690} INFO - Sync 1 DAGs
[2023-08-21T23:58:11.309+0000] {logging_mixin.py:137} INFO - [2023-08-21T23:58:11.309+0000] {dag.py:3441} INFO - Setting next_dagrun for example_task_group to 2023-08-20T23:58:11.309370+00:00, run_after=2023-08-21T23:58:11.309370+00:00
[2023-08-21T23:58:11.442+0000] {processor.py:175} INFO - Processing /home/airflow/.local/lib/python3.7/site-packages/airflow/example_dags/example_task_group.py took 0.213 seconds
[2023-08-21T23:58:41.579+0000] {processor.py:153} INFO - Started process (PID=1275) to work on /home/airflow/.local/lib/python3.7/site-packages/airflow/example_dags/example_task_group.py
[2023-08-21T23:58:41.580+0000] {processor.py:743} INFO - Processing file /home/airflow/.local/lib/python3.7/site-packages/airflow/example_dags/example_task_group.py for tasks to queue
[2023-08-21T23:58:41.581+0000] {logging_mixin.py:137} INFO - [2023-08-21T23:58:41.580+0000] {dagbag.py:538} INFO - Filling up the DagBag from /home/airflow/.local/lib/python3.7/site-packages/airflow/example_dags/example_task_group.py
[2023-08-21T23:58:41.596+0000] {processor.py:753} INFO - DAG(s) dict_keys(['example_task_group']) retrieved from /home/airflow/.local/lib/python3.7/site-packages/airflow/example_dags/example_task_group.py
[2023-08-21T23:58:41.625+0000] {logging_mixin.py:137} INFO - [2023-08-21T23:58:41.625+0000] {dag.py:2690} INFO - Sync 1 DAGs
[2023-08-21T23:58:41.653+0000] {logging_mixin.py:137} INFO - [2023-08-21T23:58:41.653+0000] {dag.py:3441} INFO - Setting next_dagrun for example_task_group to 2023-08-20T23:58:41.652866+00:00, run_after=2023-08-21T23:58:41.652866+00:00
[2023-08-21T23:58:41.706+0000] {processor.py:175} INFO - Processing /home/airflow/.local/lib/python3.7/site-packages/airflow/example_dags/example_task_group.py took 0.130 seconds
[2023-08-21T23:59:11.832+0000] {processor.py:153} INFO - Started process (PID=1338) to work on /home/airflow/.local/lib/python3.7/site-packages/airflow/example_dags/example_task_group.py
[2023-08-21T23:59:11.832+0000] {processor.py:743} INFO - Processing file /home/airflow/.local/lib/python3.7/site-packages/airflow/example_dags/example_task_group.py for tasks to queue
[2023-08-21T23:59:11.833+0000] {logging_mixin.py:137} INFO - [2023-08-21T23:59:11.833+0000] {dagbag.py:538} INFO - Filling up the DagBag from /home/airflow/.local/lib/python3.7/site-packages/airflow/example_dags/example_task_group.py
[2023-08-21T23:59:11.849+0000] {processor.py:753} INFO - DAG(s) dict_keys(['example_task_group']) retrieved from /home/airflow/.local/lib/python3.7/site-packages/airflow/example_dags/example_task_group.py
[2023-08-21T23:59:11.875+0000] {logging_mixin.py:137} INFO - [2023-08-21T23:59:11.875+0000] {dag.py:2690} INFO - Sync 1 DAGs
[2023-08-21T23:59:11.900+0000] {logging_mixin.py:137} INFO - [2023-08-21T23:59:11.900+0000] {dag.py:3441} INFO - Setting next_dagrun for example_task_group to 2023-08-20T23:59:11.899998+00:00, run_after=2023-08-21T23:59:11.899998+00:00
[2023-08-21T23:59:11.987+0000] {processor.py:175} INFO - Processing /home/airflow/.local/lib/python3.7/site-packages/airflow/example_dags/example_task_group.py took 0.160 seconds
[2023-08-21T23:59:42.548+0000] {processor.py:153} INFO - Started process (PID=1413) to work on /home/airflow/.local/lib/python3.7/site-packages/airflow/example_dags/example_task_group.py
[2023-08-21T23:59:42.550+0000] {processor.py:743} INFO - Processing file /home/airflow/.local/lib/python3.7/site-packages/airflow/example_dags/example_task_group.py for tasks to queue
[2023-08-21T23:59:42.550+0000] {logging_mixin.py:137} INFO - [2023-08-21T23:59:42.550+0000] {dagbag.py:538} INFO - Filling up the DagBag from /home/airflow/.local/lib/python3.7/site-packages/airflow/example_dags/example_task_group.py
[2023-08-21T23:59:42.567+0000] {processor.py:753} INFO - DAG(s) dict_keys(['example_task_group']) retrieved from /home/airflow/.local/lib/python3.7/site-packages/airflow/example_dags/example_task_group.py
[2023-08-21T23:59:42.593+0000] {logging_mixin.py:137} INFO - [2023-08-21T23:59:42.593+0000] {dag.py:2690} INFO - Sync 1 DAGs
[2023-08-21T23:59:42.621+0000] {logging_mixin.py:137} INFO - [2023-08-21T23:59:42.621+0000] {dag.py:3441} INFO - Setting next_dagrun for example_task_group to 2023-08-20T23:59:42.620947+00:00, run_after=2023-08-21T23:59:42.620947+00:00
[2023-08-21T23:59:42.667+0000] {processor.py:175} INFO - Processing /home/airflow/.local/lib/python3.7/site-packages/airflow/example_dags/example_task_group.py took 0.123 seconds
