[2023-08-21T23:49:44.344+0000] {processor.py:153} INFO - Started process (PID=75) to work on /home/airflow/.local/lib/python3.7/site-packages/airflow/example_dags/example_branch_datetime_operator.py
[2023-08-21T23:49:44.345+0000] {processor.py:743} INFO - Processing file /home/airflow/.local/lib/python3.7/site-packages/airflow/example_dags/example_branch_datetime_operator.py for tasks to queue
[2023-08-21T23:49:44.346+0000] {logging_mixin.py:137} INFO - [2023-08-21T23:49:44.345+0000] {dagbag.py:538} INFO - Filling up the DagBag from /home/airflow/.local/lib/python3.7/site-packages/airflow/example_dags/example_branch_datetime_operator.py
[2023-08-21T23:49:44.370+0000] {processor.py:753} INFO - DAG(s) dict_keys(['example_branch_datetime_operator', 'example_branch_datetime_operator_2', 'example_branch_datetime_operator_3']) retrieved from /home/airflow/.local/lib/python3.7/site-packages/airflow/example_dags/example_branch_datetime_operator.py
[2023-08-21T23:49:44.588+0000] {logging_mixin.py:137} INFO - [2023-08-21T23:49:44.588+0000] {manager.py:504} INFO - Created Permission View: can edit on DAG:example_branch_datetime_operator
[2023-08-21T23:49:44.637+0000] {logging_mixin.py:137} INFO - [2023-08-21T23:49:44.637+0000] {manager.py:504} INFO - Created Permission View: can read on DAG:example_branch_datetime_operator
[2023-08-21T23:49:44.673+0000] {logging_mixin.py:137} INFO - [2023-08-21T23:49:44.672+0000] {manager.py:504} INFO - Created Permission View: can delete on DAG:example_branch_datetime_operator
[2023-08-21T23:49:44.758+0000] {logging_mixin.py:137} INFO - [2023-08-21T23:49:44.757+0000] {manager.py:504} INFO - Created Permission View: can edit on DAG:example_branch_datetime_operator_2
[2023-08-21T23:49:44.793+0000] {logging_mixin.py:137} INFO - [2023-08-21T23:49:44.793+0000] {manager.py:504} INFO - Created Permission View: can read on DAG:example_branch_datetime_operator_2
[2023-08-21T23:49:44.829+0000] {logging_mixin.py:137} INFO - [2023-08-21T23:49:44.829+0000] {manager.py:504} INFO - Created Permission View: can delete on DAG:example_branch_datetime_operator_2
[2023-08-21T23:49:44.889+0000] {logging_mixin.py:137} INFO - [2023-08-21T23:49:44.889+0000] {manager.py:504} INFO - Created Permission View: can edit on DAG:example_branch_datetime_operator_3
[2023-08-21T23:49:44.925+0000] {logging_mixin.py:137} INFO - [2023-08-21T23:49:44.925+0000] {manager.py:504} INFO - Created Permission View: can read on DAG:example_branch_datetime_operator_3
[2023-08-21T23:49:44.974+0000] {logging_mixin.py:137} INFO - [2023-08-21T23:49:44.974+0000] {manager.py:504} INFO - Created Permission View: can delete on DAG:example_branch_datetime_operator_3
[2023-08-21T23:49:44.975+0000] {logging_mixin.py:137} INFO - [2023-08-21T23:49:44.975+0000] {dag.py:2690} INFO - Sync 3 DAGs
[2023-08-21T23:49:44.991+0000] {logging_mixin.py:137} INFO - [2023-08-21T23:49:44.991+0000] {dag.py:2711} INFO - Creating ORM DAG for example_branch_datetime_operator_2
[2023-08-21T23:49:44.992+0000] {logging_mixin.py:137} INFO - [2023-08-21T23:49:44.992+0000] {dag.py:2711} INFO - Creating ORM DAG for example_branch_datetime_operator
[2023-08-21T23:49:44.992+0000] {logging_mixin.py:137} INFO - [2023-08-21T23:49:44.992+0000] {dag.py:2711} INFO - Creating ORM DAG for example_branch_datetime_operator_3
[2023-08-21T23:49:45.007+0000] {logging_mixin.py:137} INFO - [2023-08-21T23:49:45.007+0000] {dag.py:3441} INFO - Setting next_dagrun for example_branch_datetime_operator to 2023-08-20T00:00:00+00:00, run_after=2023-08-21T00:00:00+00:00
[2023-08-21T23:49:45.010+0000] {logging_mixin.py:137} INFO - [2023-08-21T23:49:45.010+0000] {dag.py:3441} INFO - Setting next_dagrun for example_branch_datetime_operator_2 to 2023-08-20T00:00:00+00:00, run_after=2023-08-21T00:00:00+00:00
[2023-08-21T23:49:45.013+0000] {logging_mixin.py:137} INFO - [2023-08-21T23:49:45.013+0000] {dag.py:3441} INFO - Setting next_dagrun for example_branch_datetime_operator_3 to 2023-08-20T00:00:00+00:00, run_after=2023-08-21T00:00:00+00:00
[2023-08-21T23:49:45.070+0000] {processor.py:175} INFO - Processing /home/airflow/.local/lib/python3.7/site-packages/airflow/example_dags/example_branch_datetime_operator.py took 0.731 seconds
[2023-08-21T23:50:15.253+0000] {processor.py:153} INFO - Started process (PID=151) to work on /home/airflow/.local/lib/python3.7/site-packages/airflow/example_dags/example_branch_datetime_operator.py
[2023-08-21T23:50:15.254+0000] {processor.py:743} INFO - Processing file /home/airflow/.local/lib/python3.7/site-packages/airflow/example_dags/example_branch_datetime_operator.py for tasks to queue
[2023-08-21T23:50:15.255+0000] {logging_mixin.py:137} INFO - [2023-08-21T23:50:15.255+0000] {dagbag.py:538} INFO - Filling up the DagBag from /home/airflow/.local/lib/python3.7/site-packages/airflow/example_dags/example_branch_datetime_operator.py
[2023-08-21T23:50:15.272+0000] {processor.py:753} INFO - DAG(s) dict_keys(['example_branch_datetime_operator', 'example_branch_datetime_operator_3', 'example_branch_datetime_operator_2']) retrieved from /home/airflow/.local/lib/python3.7/site-packages/airflow/example_dags/example_branch_datetime_operator.py
[2023-08-21T23:50:15.311+0000] {logging_mixin.py:137} INFO - [2023-08-21T23:50:15.311+0000] {dag.py:2690} INFO - Sync 3 DAGs
[2023-08-21T23:50:15.344+0000] {logging_mixin.py:137} INFO - [2023-08-21T23:50:15.344+0000] {dag.py:3441} INFO - Setting next_dagrun for example_branch_datetime_operator to 2023-08-20T00:00:00+00:00, run_after=2023-08-21T00:00:00+00:00
[2023-08-21T23:50:15.351+0000] {logging_mixin.py:137} INFO - [2023-08-21T23:50:15.350+0000] {dag.py:3441} INFO - Setting next_dagrun for example_branch_datetime_operator_2 to 2023-08-20T00:00:00+00:00, run_after=2023-08-21T00:00:00+00:00
[2023-08-21T23:50:15.354+0000] {logging_mixin.py:137} INFO - [2023-08-21T23:50:15.354+0000] {dag.py:3441} INFO - Setting next_dagrun for example_branch_datetime_operator_3 to 2023-08-20T00:00:00+00:00, run_after=2023-08-21T00:00:00+00:00
[2023-08-21T23:50:15.402+0000] {processor.py:175} INFO - Processing /home/airflow/.local/lib/python3.7/site-packages/airflow/example_dags/example_branch_datetime_operator.py took 0.153 seconds
[2023-08-21T23:50:45.585+0000] {processor.py:153} INFO - Started process (PID=214) to work on /home/airflow/.local/lib/python3.7/site-packages/airflow/example_dags/example_branch_datetime_operator.py
[2023-08-21T23:50:45.586+0000] {processor.py:743} INFO - Processing file /home/airflow/.local/lib/python3.7/site-packages/airflow/example_dags/example_branch_datetime_operator.py for tasks to queue
[2023-08-21T23:50:45.587+0000] {logging_mixin.py:137} INFO - [2023-08-21T23:50:45.587+0000] {dagbag.py:538} INFO - Filling up the DagBag from /home/airflow/.local/lib/python3.7/site-packages/airflow/example_dags/example_branch_datetime_operator.py
[2023-08-21T23:50:45.604+0000] {processor.py:753} INFO - DAG(s) dict_keys(['example_branch_datetime_operator', 'example_branch_datetime_operator_3', 'example_branch_datetime_operator_2']) retrieved from /home/airflow/.local/lib/python3.7/site-packages/airflow/example_dags/example_branch_datetime_operator.py
[2023-08-21T23:50:45.632+0000] {logging_mixin.py:137} INFO - [2023-08-21T23:50:45.632+0000] {dag.py:2690} INFO - Sync 3 DAGs
[2023-08-21T23:50:45.662+0000] {logging_mixin.py:137} INFO - [2023-08-21T23:50:45.662+0000] {dag.py:3441} INFO - Setting next_dagrun for example_branch_datetime_operator to 2023-08-20T00:00:00+00:00, run_after=2023-08-21T00:00:00+00:00
[2023-08-21T23:50:45.667+0000] {logging_mixin.py:137} INFO - [2023-08-21T23:50:45.667+0000] {dag.py:3441} INFO - Setting next_dagrun for example_branch_datetime_operator_2 to 2023-08-20T00:00:00+00:00, run_after=2023-08-21T00:00:00+00:00
[2023-08-21T23:50:45.670+0000] {logging_mixin.py:137} INFO - [2023-08-21T23:50:45.669+0000] {dag.py:3441} INFO - Setting next_dagrun for example_branch_datetime_operator_3 to 2023-08-20T00:00:00+00:00, run_after=2023-08-21T00:00:00+00:00
[2023-08-21T23:50:45.737+0000] {processor.py:175} INFO - Processing /home/airflow/.local/lib/python3.7/site-packages/airflow/example_dags/example_branch_datetime_operator.py took 0.156 seconds
[2023-08-21T23:51:16.321+0000] {processor.py:153} INFO - Started process (PID=288) to work on /home/airflow/.local/lib/python3.7/site-packages/airflow/example_dags/example_branch_datetime_operator.py
[2023-08-21T23:51:16.322+0000] {processor.py:743} INFO - Processing file /home/airflow/.local/lib/python3.7/site-packages/airflow/example_dags/example_branch_datetime_operator.py for tasks to queue
[2023-08-21T23:51:16.323+0000] {logging_mixin.py:137} INFO - [2023-08-21T23:51:16.323+0000] {dagbag.py:538} INFO - Filling up the DagBag from /home/airflow/.local/lib/python3.7/site-packages/airflow/example_dags/example_branch_datetime_operator.py
[2023-08-21T23:51:16.343+0000] {processor.py:753} INFO - DAG(s) dict_keys(['example_branch_datetime_operator_3', 'example_branch_datetime_operator', 'example_branch_datetime_operator_2']) retrieved from /home/airflow/.local/lib/python3.7/site-packages/airflow/example_dags/example_branch_datetime_operator.py
[2023-08-21T23:51:16.374+0000] {logging_mixin.py:137} INFO - [2023-08-21T23:51:16.374+0000] {dag.py:2690} INFO - Sync 3 DAGs
[2023-08-21T23:51:16.407+0000] {logging_mixin.py:137} INFO - [2023-08-21T23:51:16.407+0000] {dag.py:3441} INFO - Setting next_dagrun for example_branch_datetime_operator to 2023-08-20T00:00:00+00:00, run_after=2023-08-21T00:00:00+00:00
[2023-08-21T23:51:16.413+0000] {logging_mixin.py:137} INFO - [2023-08-21T23:51:16.413+0000] {dag.py:3441} INFO - Setting next_dagrun for example_branch_datetime_operator_2 to 2023-08-20T00:00:00+00:00, run_after=2023-08-21T00:00:00+00:00
[2023-08-21T23:51:16.416+0000] {logging_mixin.py:137} INFO - [2023-08-21T23:51:16.416+0000] {dag.py:3441} INFO - Setting next_dagrun for example_branch_datetime_operator_3 to 2023-08-20T00:00:00+00:00, run_after=2023-08-21T00:00:00+00:00
[2023-08-21T23:51:16.468+0000] {processor.py:175} INFO - Processing /home/airflow/.local/lib/python3.7/site-packages/airflow/example_dags/example_branch_datetime_operator.py took 0.151 seconds
[2023-08-21T23:51:46.519+0000] {processor.py:153} INFO - Started process (PID=350) to work on /home/airflow/.local/lib/python3.7/site-packages/airflow/example_dags/example_branch_datetime_operator.py
[2023-08-21T23:51:46.520+0000] {processor.py:743} INFO - Processing file /home/airflow/.local/lib/python3.7/site-packages/airflow/example_dags/example_branch_datetime_operator.py for tasks to queue
[2023-08-21T23:51:46.520+0000] {logging_mixin.py:137} INFO - [2023-08-21T23:51:46.520+0000] {dagbag.py:538} INFO - Filling up the DagBag from /home/airflow/.local/lib/python3.7/site-packages/airflow/example_dags/example_branch_datetime_operator.py
[2023-08-21T23:51:46.538+0000] {processor.py:753} INFO - DAG(s) dict_keys(['example_branch_datetime_operator', 'example_branch_datetime_operator_3', 'example_branch_datetime_operator_2']) retrieved from /home/airflow/.local/lib/python3.7/site-packages/airflow/example_dags/example_branch_datetime_operator.py
[2023-08-21T23:51:46.571+0000] {logging_mixin.py:137} INFO - [2023-08-21T23:51:46.571+0000] {dag.py:2690} INFO - Sync 3 DAGs
[2023-08-21T23:51:46.597+0000] {logging_mixin.py:137} INFO - [2023-08-21T23:51:46.597+0000] {dag.py:3441} INFO - Setting next_dagrun for example_branch_datetime_operator to 2023-08-20T00:00:00+00:00, run_after=2023-08-21T00:00:00+00:00
[2023-08-21T23:51:46.604+0000] {logging_mixin.py:137} INFO - [2023-08-21T23:51:46.603+0000] {dag.py:3441} INFO - Setting next_dagrun for example_branch_datetime_operator_2 to 2023-08-20T00:00:00+00:00, run_after=2023-08-21T00:00:00+00:00
[2023-08-21T23:51:46.606+0000] {logging_mixin.py:137} INFO - [2023-08-21T23:51:46.606+0000] {dag.py:3441} INFO - Setting next_dagrun for example_branch_datetime_operator_3 to 2023-08-20T00:00:00+00:00, run_after=2023-08-21T00:00:00+00:00
[2023-08-21T23:51:46.647+0000] {processor.py:175} INFO - Processing /home/airflow/.local/lib/python3.7/site-packages/airflow/example_dags/example_branch_datetime_operator.py took 0.132 seconds
[2023-08-21T23:52:17.398+0000] {processor.py:153} INFO - Started process (PID=425) to work on /home/airflow/.local/lib/python3.7/site-packages/airflow/example_dags/example_branch_datetime_operator.py
[2023-08-21T23:52:17.399+0000] {processor.py:743} INFO - Processing file /home/airflow/.local/lib/python3.7/site-packages/airflow/example_dags/example_branch_datetime_operator.py for tasks to queue
[2023-08-21T23:52:17.400+0000] {logging_mixin.py:137} INFO - [2023-08-21T23:52:17.400+0000] {dagbag.py:538} INFO - Filling up the DagBag from /home/airflow/.local/lib/python3.7/site-packages/airflow/example_dags/example_branch_datetime_operator.py
[2023-08-21T23:52:17.427+0000] {processor.py:753} INFO - DAG(s) dict_keys(['example_branch_datetime_operator_3', 'example_branch_datetime_operator', 'example_branch_datetime_operator_2']) retrieved from /home/airflow/.local/lib/python3.7/site-packages/airflow/example_dags/example_branch_datetime_operator.py
[2023-08-21T23:52:17.470+0000] {logging_mixin.py:137} INFO - [2023-08-21T23:52:17.470+0000] {dag.py:2690} INFO - Sync 3 DAGs
[2023-08-21T23:52:17.505+0000] {logging_mixin.py:137} INFO - [2023-08-21T23:52:17.504+0000] {dag.py:3441} INFO - Setting next_dagrun for example_branch_datetime_operator to 2023-08-20T00:00:00+00:00, run_after=2023-08-21T00:00:00+00:00
[2023-08-21T23:52:17.510+0000] {logging_mixin.py:137} INFO - [2023-08-21T23:52:17.510+0000] {dag.py:3441} INFO - Setting next_dagrun for example_branch_datetime_operator_2 to 2023-08-20T00:00:00+00:00, run_after=2023-08-21T00:00:00+00:00
[2023-08-21T23:52:17.513+0000] {logging_mixin.py:137} INFO - [2023-08-21T23:52:17.513+0000] {dag.py:3441} INFO - Setting next_dagrun for example_branch_datetime_operator_3 to 2023-08-20T00:00:00+00:00, run_after=2023-08-21T00:00:00+00:00
[2023-08-21T23:52:17.561+0000] {processor.py:175} INFO - Processing /home/airflow/.local/lib/python3.7/site-packages/airflow/example_dags/example_branch_datetime_operator.py took 0.168 seconds
[2023-08-21T23:52:47.812+0000] {processor.py:153} INFO - Started process (PID=487) to work on /home/airflow/.local/lib/python3.7/site-packages/airflow/example_dags/example_branch_datetime_operator.py
[2023-08-21T23:52:47.813+0000] {processor.py:743} INFO - Processing file /home/airflow/.local/lib/python3.7/site-packages/airflow/example_dags/example_branch_datetime_operator.py for tasks to queue
[2023-08-21T23:52:47.814+0000] {logging_mixin.py:137} INFO - [2023-08-21T23:52:47.814+0000] {dagbag.py:538} INFO - Filling up the DagBag from /home/airflow/.local/lib/python3.7/site-packages/airflow/example_dags/example_branch_datetime_operator.py
[2023-08-21T23:52:47.835+0000] {processor.py:753} INFO - DAG(s) dict_keys(['example_branch_datetime_operator_3', 'example_branch_datetime_operator', 'example_branch_datetime_operator_2']) retrieved from /home/airflow/.local/lib/python3.7/site-packages/airflow/example_dags/example_branch_datetime_operator.py
[2023-08-21T23:52:47.869+0000] {logging_mixin.py:137} INFO - [2023-08-21T23:52:47.869+0000] {dag.py:2690} INFO - Sync 3 DAGs
[2023-08-21T23:52:47.899+0000] {logging_mixin.py:137} INFO - [2023-08-21T23:52:47.899+0000] {dag.py:3441} INFO - Setting next_dagrun for example_branch_datetime_operator to 2023-08-20T00:00:00+00:00, run_after=2023-08-21T00:00:00+00:00
[2023-08-21T23:52:47.908+0000] {logging_mixin.py:137} INFO - [2023-08-21T23:52:47.907+0000] {dag.py:3441} INFO - Setting next_dagrun for example_branch_datetime_operator_2 to 2023-08-20T00:00:00+00:00, run_after=2023-08-21T00:00:00+00:00
[2023-08-21T23:52:47.912+0000] {logging_mixin.py:137} INFO - [2023-08-21T23:52:47.912+0000] {dag.py:3441} INFO - Setting next_dagrun for example_branch_datetime_operator_3 to 2023-08-20T00:00:00+00:00, run_after=2023-08-21T00:00:00+00:00
[2023-08-21T23:52:47.959+0000] {processor.py:175} INFO - Processing /home/airflow/.local/lib/python3.7/site-packages/airflow/example_dags/example_branch_datetime_operator.py took 0.151 seconds
[2023-08-21T23:53:18.150+0000] {processor.py:153} INFO - Started process (PID=563) to work on /home/airflow/.local/lib/python3.7/site-packages/airflow/example_dags/example_branch_datetime_operator.py
[2023-08-21T23:53:18.157+0000] {processor.py:743} INFO - Processing file /home/airflow/.local/lib/python3.7/site-packages/airflow/example_dags/example_branch_datetime_operator.py for tasks to queue
[2023-08-21T23:53:18.159+0000] {logging_mixin.py:137} INFO - [2023-08-21T23:53:18.159+0000] {dagbag.py:538} INFO - Filling up the DagBag from /home/airflow/.local/lib/python3.7/site-packages/airflow/example_dags/example_branch_datetime_operator.py
[2023-08-21T23:53:18.181+0000] {processor.py:753} INFO - DAG(s) dict_keys(['example_branch_datetime_operator', 'example_branch_datetime_operator_3', 'example_branch_datetime_operator_2']) retrieved from /home/airflow/.local/lib/python3.7/site-packages/airflow/example_dags/example_branch_datetime_operator.py
[2023-08-21T23:53:18.217+0000] {logging_mixin.py:137} INFO - [2023-08-21T23:53:18.217+0000] {dag.py:2690} INFO - Sync 3 DAGs
[2023-08-21T23:53:18.247+0000] {logging_mixin.py:137} INFO - [2023-08-21T23:53:18.246+0000] {dag.py:3441} INFO - Setting next_dagrun for example_branch_datetime_operator to 2023-08-20T00:00:00+00:00, run_after=2023-08-21T00:00:00+00:00
[2023-08-21T23:53:18.252+0000] {logging_mixin.py:137} INFO - [2023-08-21T23:53:18.252+0000] {dag.py:3441} INFO - Setting next_dagrun for example_branch_datetime_operator_2 to 2023-08-20T00:00:00+00:00, run_after=2023-08-21T00:00:00+00:00
[2023-08-21T23:53:18.255+0000] {logging_mixin.py:137} INFO - [2023-08-21T23:53:18.255+0000] {dag.py:3441} INFO - Setting next_dagrun for example_branch_datetime_operator_3 to 2023-08-20T00:00:00+00:00, run_after=2023-08-21T00:00:00+00:00
[2023-08-21T23:53:18.309+0000] {processor.py:175} INFO - Processing /home/airflow/.local/lib/python3.7/site-packages/airflow/example_dags/example_branch_datetime_operator.py took 0.163 seconds
[2023-08-21T23:53:48.373+0000] {processor.py:153} INFO - Started process (PID=625) to work on /home/airflow/.local/lib/python3.7/site-packages/airflow/example_dags/example_branch_datetime_operator.py
[2023-08-21T23:53:48.374+0000] {processor.py:743} INFO - Processing file /home/airflow/.local/lib/python3.7/site-packages/airflow/example_dags/example_branch_datetime_operator.py for tasks to queue
[2023-08-21T23:53:48.375+0000] {logging_mixin.py:137} INFO - [2023-08-21T23:53:48.374+0000] {dagbag.py:538} INFO - Filling up the DagBag from /home/airflow/.local/lib/python3.7/site-packages/airflow/example_dags/example_branch_datetime_operator.py
[2023-08-21T23:53:48.393+0000] {processor.py:753} INFO - DAG(s) dict_keys(['example_branch_datetime_operator', 'example_branch_datetime_operator_2', 'example_branch_datetime_operator_3']) retrieved from /home/airflow/.local/lib/python3.7/site-packages/airflow/example_dags/example_branch_datetime_operator.py
[2023-08-21T23:53:48.426+0000] {logging_mixin.py:137} INFO - [2023-08-21T23:53:48.426+0000] {dag.py:2690} INFO - Sync 3 DAGs
[2023-08-21T23:53:48.453+0000] {logging_mixin.py:137} INFO - [2023-08-21T23:53:48.453+0000] {dag.py:3441} INFO - Setting next_dagrun for example_branch_datetime_operator to 2023-08-20T00:00:00+00:00, run_after=2023-08-21T00:00:00+00:00
[2023-08-21T23:53:48.458+0000] {logging_mixin.py:137} INFO - [2023-08-21T23:53:48.458+0000] {dag.py:3441} INFO - Setting next_dagrun for example_branch_datetime_operator_2 to 2023-08-20T00:00:00+00:00, run_after=2023-08-21T00:00:00+00:00
[2023-08-21T23:53:48.461+0000] {logging_mixin.py:137} INFO - [2023-08-21T23:53:48.461+0000] {dag.py:3441} INFO - Setting next_dagrun for example_branch_datetime_operator_3 to 2023-08-20T00:00:00+00:00, run_after=2023-08-21T00:00:00+00:00
[2023-08-21T23:53:48.524+0000] {processor.py:175} INFO - Processing /home/airflow/.local/lib/python3.7/site-packages/airflow/example_dags/example_branch_datetime_operator.py took 0.155 seconds
[2023-08-21T23:54:18.872+0000] {processor.py:153} INFO - Started process (PID=689) to work on /home/airflow/.local/lib/python3.7/site-packages/airflow/example_dags/example_branch_datetime_operator.py
[2023-08-21T23:54:18.873+0000] {processor.py:743} INFO - Processing file /home/airflow/.local/lib/python3.7/site-packages/airflow/example_dags/example_branch_datetime_operator.py for tasks to queue
[2023-08-21T23:54:18.874+0000] {logging_mixin.py:137} INFO - [2023-08-21T23:54:18.874+0000] {dagbag.py:538} INFO - Filling up the DagBag from /home/airflow/.local/lib/python3.7/site-packages/airflow/example_dags/example_branch_datetime_operator.py
[2023-08-21T23:54:18.894+0000] {processor.py:753} INFO - DAG(s) dict_keys(['example_branch_datetime_operator', 'example_branch_datetime_operator_3', 'example_branch_datetime_operator_2']) retrieved from /home/airflow/.local/lib/python3.7/site-packages/airflow/example_dags/example_branch_datetime_operator.py
[2023-08-21T23:54:18.933+0000] {logging_mixin.py:137} INFO - [2023-08-21T23:54:18.933+0000] {dag.py:2690} INFO - Sync 3 DAGs
[2023-08-21T23:54:18.966+0000] {logging_mixin.py:137} INFO - [2023-08-21T23:54:18.965+0000] {dag.py:3441} INFO - Setting next_dagrun for example_branch_datetime_operator to 2023-08-20T00:00:00+00:00, run_after=2023-08-21T00:00:00+00:00
[2023-08-21T23:54:18.973+0000] {logging_mixin.py:137} INFO - [2023-08-21T23:54:18.972+0000] {dag.py:3441} INFO - Setting next_dagrun for example_branch_datetime_operator_2 to 2023-08-20T00:00:00+00:00, run_after=2023-08-21T00:00:00+00:00
[2023-08-21T23:54:18.977+0000] {logging_mixin.py:137} INFO - [2023-08-21T23:54:18.977+0000] {dag.py:3441} INFO - Setting next_dagrun for example_branch_datetime_operator_3 to 2023-08-20T00:00:00+00:00, run_after=2023-08-21T00:00:00+00:00
[2023-08-21T23:54:19.026+0000] {processor.py:175} INFO - Processing /home/airflow/.local/lib/python3.7/site-packages/airflow/example_dags/example_branch_datetime_operator.py took 0.159 seconds
[2023-08-21T23:54:49.523+0000] {processor.py:153} INFO - Started process (PID=764) to work on /home/airflow/.local/lib/python3.7/site-packages/airflow/example_dags/example_branch_datetime_operator.py
[2023-08-21T23:54:49.524+0000] {processor.py:743} INFO - Processing file /home/airflow/.local/lib/python3.7/site-packages/airflow/example_dags/example_branch_datetime_operator.py for tasks to queue
[2023-08-21T23:54:49.525+0000] {logging_mixin.py:137} INFO - [2023-08-21T23:54:49.525+0000] {dagbag.py:538} INFO - Filling up the DagBag from /home/airflow/.local/lib/python3.7/site-packages/airflow/example_dags/example_branch_datetime_operator.py
[2023-08-21T23:54:49.544+0000] {processor.py:753} INFO - DAG(s) dict_keys(['example_branch_datetime_operator_3', 'example_branch_datetime_operator', 'example_branch_datetime_operator_2']) retrieved from /home/airflow/.local/lib/python3.7/site-packages/airflow/example_dags/example_branch_datetime_operator.py
[2023-08-21T23:54:49.574+0000] {logging_mixin.py:137} INFO - [2023-08-21T23:54:49.574+0000] {dag.py:2690} INFO - Sync 3 DAGs
[2023-08-21T23:54:49.601+0000] {logging_mixin.py:137} INFO - [2023-08-21T23:54:49.601+0000] {dag.py:3441} INFO - Setting next_dagrun for example_branch_datetime_operator to 2023-08-20T00:00:00+00:00, run_after=2023-08-21T00:00:00+00:00
[2023-08-21T23:54:49.605+0000] {logging_mixin.py:137} INFO - [2023-08-21T23:54:49.605+0000] {dag.py:3441} INFO - Setting next_dagrun for example_branch_datetime_operator_2 to 2023-08-20T00:00:00+00:00, run_after=2023-08-21T00:00:00+00:00
[2023-08-21T23:54:49.608+0000] {logging_mixin.py:137} INFO - [2023-08-21T23:54:49.608+0000] {dag.py:3441} INFO - Setting next_dagrun for example_branch_datetime_operator_3 to 2023-08-20T00:00:00+00:00, run_after=2023-08-21T00:00:00+00:00
[2023-08-21T23:54:49.733+0000] {processor.py:175} INFO - Processing /home/airflow/.local/lib/python3.7/site-packages/airflow/example_dags/example_branch_datetime_operator.py took 0.213 seconds
[2023-08-21T23:55:19.841+0000] {processor.py:153} INFO - Started process (PID=828) to work on /home/airflow/.local/lib/python3.7/site-packages/airflow/example_dags/example_branch_datetime_operator.py
[2023-08-21T23:55:19.842+0000] {processor.py:743} INFO - Processing file /home/airflow/.local/lib/python3.7/site-packages/airflow/example_dags/example_branch_datetime_operator.py for tasks to queue
[2023-08-21T23:55:19.843+0000] {logging_mixin.py:137} INFO - [2023-08-21T23:55:19.843+0000] {dagbag.py:538} INFO - Filling up the DagBag from /home/airflow/.local/lib/python3.7/site-packages/airflow/example_dags/example_branch_datetime_operator.py
[2023-08-21T23:55:19.870+0000] {processor.py:753} INFO - DAG(s) dict_keys(['example_branch_datetime_operator_3', 'example_branch_datetime_operator_2', 'example_branch_datetime_operator']) retrieved from /home/airflow/.local/lib/python3.7/site-packages/airflow/example_dags/example_branch_datetime_operator.py
[2023-08-21T23:55:19.908+0000] {logging_mixin.py:137} INFO - [2023-08-21T23:55:19.908+0000] {dag.py:2690} INFO - Sync 3 DAGs
[2023-08-21T23:55:19.940+0000] {logging_mixin.py:137} INFO - [2023-08-21T23:55:19.940+0000] {dag.py:3441} INFO - Setting next_dagrun for example_branch_datetime_operator to 2023-08-20T00:00:00+00:00, run_after=2023-08-21T00:00:00+00:00
[2023-08-21T23:55:19.946+0000] {logging_mixin.py:137} INFO - [2023-08-21T23:55:19.946+0000] {dag.py:3441} INFO - Setting next_dagrun for example_branch_datetime_operator_2 to 2023-08-20T00:00:00+00:00, run_after=2023-08-21T00:00:00+00:00
[2023-08-21T23:55:19.949+0000] {logging_mixin.py:137} INFO - [2023-08-21T23:55:19.949+0000] {dag.py:3441} INFO - Setting next_dagrun for example_branch_datetime_operator_3 to 2023-08-20T00:00:00+00:00, run_after=2023-08-21T00:00:00+00:00
[2023-08-21T23:55:20.003+0000] {processor.py:175} INFO - Processing /home/airflow/.local/lib/python3.7/site-packages/airflow/example_dags/example_branch_datetime_operator.py took 0.166 seconds
[2023-08-21T23:55:50.360+0000] {processor.py:153} INFO - Started process (PID=904) to work on /home/airflow/.local/lib/python3.7/site-packages/airflow/example_dags/example_branch_datetime_operator.py
[2023-08-21T23:55:50.360+0000] {processor.py:743} INFO - Processing file /home/airflow/.local/lib/python3.7/site-packages/airflow/example_dags/example_branch_datetime_operator.py for tasks to queue
[2023-08-21T23:55:50.361+0000] {logging_mixin.py:137} INFO - [2023-08-21T23:55:50.361+0000] {dagbag.py:538} INFO - Filling up the DagBag from /home/airflow/.local/lib/python3.7/site-packages/airflow/example_dags/example_branch_datetime_operator.py
[2023-08-21T23:55:50.381+0000] {processor.py:753} INFO - DAG(s) dict_keys(['example_branch_datetime_operator', 'example_branch_datetime_operator_2', 'example_branch_datetime_operator_3']) retrieved from /home/airflow/.local/lib/python3.7/site-packages/airflow/example_dags/example_branch_datetime_operator.py
[2023-08-21T23:55:50.418+0000] {logging_mixin.py:137} INFO - [2023-08-21T23:55:50.418+0000] {dag.py:2690} INFO - Sync 3 DAGs
[2023-08-21T23:55:50.448+0000] {logging_mixin.py:137} INFO - [2023-08-21T23:55:50.448+0000] {dag.py:3441} INFO - Setting next_dagrun for example_branch_datetime_operator to 2023-08-20T00:00:00+00:00, run_after=2023-08-21T00:00:00+00:00
[2023-08-21T23:55:50.455+0000] {logging_mixin.py:137} INFO - [2023-08-21T23:55:50.455+0000] {dag.py:3441} INFO - Setting next_dagrun for example_branch_datetime_operator_2 to 2023-08-20T00:00:00+00:00, run_after=2023-08-21T00:00:00+00:00
[2023-08-21T23:55:50.458+0000] {logging_mixin.py:137} INFO - [2023-08-21T23:55:50.458+0000] {dag.py:3441} INFO - Setting next_dagrun for example_branch_datetime_operator_3 to 2023-08-20T00:00:00+00:00, run_after=2023-08-21T00:00:00+00:00
[2023-08-21T23:55:50.506+0000] {processor.py:175} INFO - Processing /home/airflow/.local/lib/python3.7/site-packages/airflow/example_dags/example_branch_datetime_operator.py took 0.151 seconds
[2023-08-21T23:56:20.548+0000] {processor.py:153} INFO - Started process (PID=967) to work on /home/airflow/.local/lib/python3.7/site-packages/airflow/example_dags/example_branch_datetime_operator.py
[2023-08-21T23:56:20.549+0000] {processor.py:743} INFO - Processing file /home/airflow/.local/lib/python3.7/site-packages/airflow/example_dags/example_branch_datetime_operator.py for tasks to queue
[2023-08-21T23:56:20.550+0000] {logging_mixin.py:137} INFO - [2023-08-21T23:56:20.550+0000] {dagbag.py:538} INFO - Filling up the DagBag from /home/airflow/.local/lib/python3.7/site-packages/airflow/example_dags/example_branch_datetime_operator.py
[2023-08-21T23:56:20.568+0000] {processor.py:753} INFO - DAG(s) dict_keys(['example_branch_datetime_operator_3', 'example_branch_datetime_operator_2', 'example_branch_datetime_operator']) retrieved from /home/airflow/.local/lib/python3.7/site-packages/airflow/example_dags/example_branch_datetime_operator.py
[2023-08-21T23:56:20.616+0000] {logging_mixin.py:137} INFO - [2023-08-21T23:56:20.616+0000] {dag.py:2690} INFO - Sync 3 DAGs
[2023-08-21T23:56:20.649+0000] {logging_mixin.py:137} INFO - [2023-08-21T23:56:20.649+0000] {dag.py:3441} INFO - Setting next_dagrun for example_branch_datetime_operator to 2023-08-20T00:00:00+00:00, run_after=2023-08-21T00:00:00+00:00
[2023-08-21T23:56:20.656+0000] {logging_mixin.py:137} INFO - [2023-08-21T23:56:20.656+0000] {dag.py:3441} INFO - Setting next_dagrun for example_branch_datetime_operator_2 to 2023-08-20T00:00:00+00:00, run_after=2023-08-21T00:00:00+00:00
[2023-08-21T23:56:20.659+0000] {logging_mixin.py:137} INFO - [2023-08-21T23:56:20.659+0000] {dag.py:3441} INFO - Setting next_dagrun for example_branch_datetime_operator_3 to 2023-08-20T00:00:00+00:00, run_after=2023-08-21T00:00:00+00:00
[2023-08-21T23:56:20.706+0000] {processor.py:175} INFO - Processing /home/airflow/.local/lib/python3.7/site-packages/airflow/example_dags/example_branch_datetime_operator.py took 0.162 seconds
[2023-08-21T23:56:50.802+0000] {processor.py:153} INFO - Started process (PID=1042) to work on /home/airflow/.local/lib/python3.7/site-packages/airflow/example_dags/example_branch_datetime_operator.py
[2023-08-21T23:56:50.803+0000] {processor.py:743} INFO - Processing file /home/airflow/.local/lib/python3.7/site-packages/airflow/example_dags/example_branch_datetime_operator.py for tasks to queue
[2023-08-21T23:56:50.803+0000] {logging_mixin.py:137} INFO - [2023-08-21T23:56:50.803+0000] {dagbag.py:538} INFO - Filling up the DagBag from /home/airflow/.local/lib/python3.7/site-packages/airflow/example_dags/example_branch_datetime_operator.py
[2023-08-21T23:56:50.824+0000] {processor.py:753} INFO - DAG(s) dict_keys(['example_branch_datetime_operator', 'example_branch_datetime_operator_2', 'example_branch_datetime_operator_3']) retrieved from /home/airflow/.local/lib/python3.7/site-packages/airflow/example_dags/example_branch_datetime_operator.py
[2023-08-21T23:56:50.862+0000] {logging_mixin.py:137} INFO - [2023-08-21T23:56:50.862+0000] {dag.py:2690} INFO - Sync 3 DAGs
[2023-08-21T23:56:50.906+0000] {logging_mixin.py:137} INFO - [2023-08-21T23:56:50.906+0000] {dag.py:3441} INFO - Setting next_dagrun for example_branch_datetime_operator to 2023-08-20T00:00:00+00:00, run_after=2023-08-21T00:00:00+00:00
[2023-08-21T23:56:50.914+0000] {logging_mixin.py:137} INFO - [2023-08-21T23:56:50.913+0000] {dag.py:3441} INFO - Setting next_dagrun for example_branch_datetime_operator_2 to 2023-08-20T00:00:00+00:00, run_after=2023-08-21T00:00:00+00:00
[2023-08-21T23:56:50.917+0000] {logging_mixin.py:137} INFO - [2023-08-21T23:56:50.916+0000] {dag.py:3441} INFO - Setting next_dagrun for example_branch_datetime_operator_3 to 2023-08-20T00:00:00+00:00, run_after=2023-08-21T00:00:00+00:00
[2023-08-21T23:56:50.960+0000] {processor.py:175} INFO - Processing /home/airflow/.local/lib/python3.7/site-packages/airflow/example_dags/example_branch_datetime_operator.py took 0.163 seconds
[2023-08-21T23:57:21.046+0000] {processor.py:153} INFO - Started process (PID=1105) to work on /home/airflow/.local/lib/python3.7/site-packages/airflow/example_dags/example_branch_datetime_operator.py
[2023-08-21T23:57:21.047+0000] {processor.py:743} INFO - Processing file /home/airflow/.local/lib/python3.7/site-packages/airflow/example_dags/example_branch_datetime_operator.py for tasks to queue
[2023-08-21T23:57:21.047+0000] {logging_mixin.py:137} INFO - [2023-08-21T23:57:21.047+0000] {dagbag.py:538} INFO - Filling up the DagBag from /home/airflow/.local/lib/python3.7/site-packages/airflow/example_dags/example_branch_datetime_operator.py
[2023-08-21T23:57:21.064+0000] {processor.py:753} INFO - DAG(s) dict_keys(['example_branch_datetime_operator_2', 'example_branch_datetime_operator_3', 'example_branch_datetime_operator']) retrieved from /home/airflow/.local/lib/python3.7/site-packages/airflow/example_dags/example_branch_datetime_operator.py
[2023-08-21T23:57:21.097+0000] {logging_mixin.py:137} INFO - [2023-08-21T23:57:21.097+0000] {dag.py:2690} INFO - Sync 3 DAGs
[2023-08-21T23:57:21.124+0000] {logging_mixin.py:137} INFO - [2023-08-21T23:57:21.124+0000] {dag.py:3441} INFO - Setting next_dagrun for example_branch_datetime_operator to 2023-08-20T00:00:00+00:00, run_after=2023-08-21T00:00:00+00:00
[2023-08-21T23:57:21.129+0000] {logging_mixin.py:137} INFO - [2023-08-21T23:57:21.129+0000] {dag.py:3441} INFO - Setting next_dagrun for example_branch_datetime_operator_2 to 2023-08-20T00:00:00+00:00, run_after=2023-08-21T00:00:00+00:00
[2023-08-21T23:57:21.132+0000] {logging_mixin.py:137} INFO - [2023-08-21T23:57:21.132+0000] {dag.py:3441} INFO - Setting next_dagrun for example_branch_datetime_operator_3 to 2023-08-20T00:00:00+00:00, run_after=2023-08-21T00:00:00+00:00
[2023-08-21T23:57:21.171+0000] {processor.py:175} INFO - Processing /home/airflow/.local/lib/python3.7/site-packages/airflow/example_dags/example_branch_datetime_operator.py took 0.129 seconds
[2023-08-21T23:57:51.532+0000] {processor.py:153} INFO - Started process (PID=1179) to work on /home/airflow/.local/lib/python3.7/site-packages/airflow/example_dags/example_branch_datetime_operator.py
[2023-08-21T23:57:51.534+0000] {processor.py:743} INFO - Processing file /home/airflow/.local/lib/python3.7/site-packages/airflow/example_dags/example_branch_datetime_operator.py for tasks to queue
[2023-08-21T23:57:51.535+0000] {logging_mixin.py:137} INFO - [2023-08-21T23:57:51.535+0000] {dagbag.py:538} INFO - Filling up the DagBag from /home/airflow/.local/lib/python3.7/site-packages/airflow/example_dags/example_branch_datetime_operator.py
[2023-08-21T23:57:51.559+0000] {processor.py:753} INFO - DAG(s) dict_keys(['example_branch_datetime_operator_3', 'example_branch_datetime_operator', 'example_branch_datetime_operator_2']) retrieved from /home/airflow/.local/lib/python3.7/site-packages/airflow/example_dags/example_branch_datetime_operator.py
[2023-08-21T23:57:51.599+0000] {logging_mixin.py:137} INFO - [2023-08-21T23:57:51.599+0000] {dag.py:2690} INFO - Sync 3 DAGs
[2023-08-21T23:57:51.648+0000] {logging_mixin.py:137} INFO - [2023-08-21T23:57:51.648+0000] {dag.py:3441} INFO - Setting next_dagrun for example_branch_datetime_operator to 2023-08-20T00:00:00+00:00, run_after=2023-08-21T00:00:00+00:00
[2023-08-21T23:57:51.657+0000] {logging_mixin.py:137} INFO - [2023-08-21T23:57:51.657+0000] {dag.py:3441} INFO - Setting next_dagrun for example_branch_datetime_operator_2 to 2023-08-20T00:00:00+00:00, run_after=2023-08-21T00:00:00+00:00
[2023-08-21T23:57:51.662+0000] {logging_mixin.py:137} INFO - [2023-08-21T23:57:51.662+0000] {dag.py:3441} INFO - Setting next_dagrun for example_branch_datetime_operator_3 to 2023-08-20T00:00:00+00:00, run_after=2023-08-21T00:00:00+00:00
[2023-08-21T23:57:51.721+0000] {processor.py:175} INFO - Processing /home/airflow/.local/lib/python3.7/site-packages/airflow/example_dags/example_branch_datetime_operator.py took 0.194 seconds
[2023-08-21T23:58:21.835+0000] {processor.py:153} INFO - Started process (PID=1242) to work on /home/airflow/.local/lib/python3.7/site-packages/airflow/example_dags/example_branch_datetime_operator.py
[2023-08-21T23:58:21.836+0000] {processor.py:743} INFO - Processing file /home/airflow/.local/lib/python3.7/site-packages/airflow/example_dags/example_branch_datetime_operator.py for tasks to queue
[2023-08-21T23:58:21.837+0000] {logging_mixin.py:137} INFO - [2023-08-21T23:58:21.837+0000] {dagbag.py:538} INFO - Filling up the DagBag from /home/airflow/.local/lib/python3.7/site-packages/airflow/example_dags/example_branch_datetime_operator.py
[2023-08-21T23:58:21.853+0000] {processor.py:753} INFO - DAG(s) dict_keys(['example_branch_datetime_operator_2', 'example_branch_datetime_operator', 'example_branch_datetime_operator_3']) retrieved from /home/airflow/.local/lib/python3.7/site-packages/airflow/example_dags/example_branch_datetime_operator.py
[2023-08-21T23:58:21.884+0000] {logging_mixin.py:137} INFO - [2023-08-21T23:58:21.884+0000] {dag.py:2690} INFO - Sync 3 DAGs
[2023-08-21T23:58:21.910+0000] {logging_mixin.py:137} INFO - [2023-08-21T23:58:21.910+0000] {dag.py:3441} INFO - Setting next_dagrun for example_branch_datetime_operator to 2023-08-20T00:00:00+00:00, run_after=2023-08-21T00:00:00+00:00
[2023-08-21T23:58:21.915+0000] {logging_mixin.py:137} INFO - [2023-08-21T23:58:21.915+0000] {dag.py:3441} INFO - Setting next_dagrun for example_branch_datetime_operator_2 to 2023-08-20T00:00:00+00:00, run_after=2023-08-21T00:00:00+00:00
[2023-08-21T23:58:21.918+0000] {logging_mixin.py:137} INFO - [2023-08-21T23:58:21.918+0000] {dag.py:3441} INFO - Setting next_dagrun for example_branch_datetime_operator_3 to 2023-08-20T00:00:00+00:00, run_after=2023-08-21T00:00:00+00:00
[2023-08-21T23:58:21.964+0000] {processor.py:175} INFO - Processing /home/airflow/.local/lib/python3.7/site-packages/airflow/example_dags/example_branch_datetime_operator.py took 0.132 seconds
[2023-08-21T23:58:52.153+0000] {processor.py:153} INFO - Started process (PID=1317) to work on /home/airflow/.local/lib/python3.7/site-packages/airflow/example_dags/example_branch_datetime_operator.py
[2023-08-21T23:58:52.154+0000] {processor.py:743} INFO - Processing file /home/airflow/.local/lib/python3.7/site-packages/airflow/example_dags/example_branch_datetime_operator.py for tasks to queue
[2023-08-21T23:58:52.155+0000] {logging_mixin.py:137} INFO - [2023-08-21T23:58:52.155+0000] {dagbag.py:538} INFO - Filling up the DagBag from /home/airflow/.local/lib/python3.7/site-packages/airflow/example_dags/example_branch_datetime_operator.py
[2023-08-21T23:58:52.178+0000] {processor.py:753} INFO - DAG(s) dict_keys(['example_branch_datetime_operator', 'example_branch_datetime_operator_3', 'example_branch_datetime_operator_2']) retrieved from /home/airflow/.local/lib/python3.7/site-packages/airflow/example_dags/example_branch_datetime_operator.py
[2023-08-21T23:58:52.219+0000] {logging_mixin.py:137} INFO - [2023-08-21T23:58:52.218+0000] {dag.py:2690} INFO - Sync 3 DAGs
[2023-08-21T23:58:52.254+0000] {logging_mixin.py:137} INFO - [2023-08-21T23:58:52.254+0000] {dag.py:3441} INFO - Setting next_dagrun for example_branch_datetime_operator to 2023-08-20T00:00:00+00:00, run_after=2023-08-21T00:00:00+00:00
[2023-08-21T23:58:52.265+0000] {logging_mixin.py:137} INFO - [2023-08-21T23:58:52.264+0000] {dag.py:3441} INFO - Setting next_dagrun for example_branch_datetime_operator_2 to 2023-08-20T00:00:00+00:00, run_after=2023-08-21T00:00:00+00:00
[2023-08-21T23:58:52.271+0000] {logging_mixin.py:137} INFO - [2023-08-21T23:58:52.269+0000] {dag.py:3441} INFO - Setting next_dagrun for example_branch_datetime_operator_3 to 2023-08-20T00:00:00+00:00, run_after=2023-08-21T00:00:00+00:00
[2023-08-21T23:58:52.323+0000] {processor.py:175} INFO - Processing /home/airflow/.local/lib/python3.7/site-packages/airflow/example_dags/example_branch_datetime_operator.py took 0.174 seconds
[2023-08-21T23:59:22.746+0000] {processor.py:153} INFO - Started process (PID=1380) to work on /home/airflow/.local/lib/python3.7/site-packages/airflow/example_dags/example_branch_datetime_operator.py
[2023-08-21T23:59:22.747+0000] {processor.py:743} INFO - Processing file /home/airflow/.local/lib/python3.7/site-packages/airflow/example_dags/example_branch_datetime_operator.py for tasks to queue
[2023-08-21T23:59:22.748+0000] {logging_mixin.py:137} INFO - [2023-08-21T23:59:22.748+0000] {dagbag.py:538} INFO - Filling up the DagBag from /home/airflow/.local/lib/python3.7/site-packages/airflow/example_dags/example_branch_datetime_operator.py
[2023-08-21T23:59:22.766+0000] {processor.py:753} INFO - DAG(s) dict_keys(['example_branch_datetime_operator_3', 'example_branch_datetime_operator', 'example_branch_datetime_operator_2']) retrieved from /home/airflow/.local/lib/python3.7/site-packages/airflow/example_dags/example_branch_datetime_operator.py
[2023-08-21T23:59:22.801+0000] {logging_mixin.py:137} INFO - [2023-08-21T23:59:22.801+0000] {dag.py:2690} INFO - Sync 3 DAGs
[2023-08-21T23:59:22.828+0000] {logging_mixin.py:137} INFO - [2023-08-21T23:59:22.827+0000] {dag.py:3441} INFO - Setting next_dagrun for example_branch_datetime_operator to 2023-08-20T00:00:00+00:00, run_after=2023-08-21T00:00:00+00:00
[2023-08-21T23:59:22.834+0000] {logging_mixin.py:137} INFO - [2023-08-21T23:59:22.833+0000] {dag.py:3441} INFO - Setting next_dagrun for example_branch_datetime_operator_2 to 2023-08-20T00:00:00+00:00, run_after=2023-08-21T00:00:00+00:00
[2023-08-21T23:59:22.837+0000] {logging_mixin.py:137} INFO - [2023-08-21T23:59:22.837+0000] {dag.py:3441} INFO - Setting next_dagrun for example_branch_datetime_operator_3 to 2023-08-20T00:00:00+00:00, run_after=2023-08-21T00:00:00+00:00
[2023-08-21T23:59:22.883+0000] {processor.py:175} INFO - Processing /home/airflow/.local/lib/python3.7/site-packages/airflow/example_dags/example_branch_datetime_operator.py took 0.141 seconds
[2023-08-21T23:59:53.059+0000] {processor.py:153} INFO - Started process (PID=1452) to work on /home/airflow/.local/lib/python3.7/site-packages/airflow/example_dags/example_branch_datetime_operator.py
[2023-08-21T23:59:53.061+0000] {processor.py:743} INFO - Processing file /home/airflow/.local/lib/python3.7/site-packages/airflow/example_dags/example_branch_datetime_operator.py for tasks to queue
[2023-08-21T23:59:53.062+0000] {logging_mixin.py:137} INFO - [2023-08-21T23:59:53.062+0000] {dagbag.py:538} INFO - Filling up the DagBag from /home/airflow/.local/lib/python3.7/site-packages/airflow/example_dags/example_branch_datetime_operator.py
[2023-08-21T23:59:53.097+0000] {processor.py:753} INFO - DAG(s) dict_keys(['example_branch_datetime_operator_2', 'example_branch_datetime_operator_3', 'example_branch_datetime_operator']) retrieved from /home/airflow/.local/lib/python3.7/site-packages/airflow/example_dags/example_branch_datetime_operator.py
[2023-08-21T23:59:53.154+0000] {logging_mixin.py:137} INFO - [2023-08-21T23:59:53.154+0000] {dag.py:2690} INFO - Sync 3 DAGs
[2023-08-21T23:59:53.199+0000] {logging_mixin.py:137} INFO - [2023-08-21T23:59:53.199+0000] {dag.py:3441} INFO - Setting next_dagrun for example_branch_datetime_operator to 2023-08-20T00:00:00+00:00, run_after=2023-08-21T00:00:00+00:00
[2023-08-21T23:59:53.205+0000] {logging_mixin.py:137} INFO - [2023-08-21T23:59:53.205+0000] {dag.py:3441} INFO - Setting next_dagrun for example_branch_datetime_operator_2 to 2023-08-20T00:00:00+00:00, run_after=2023-08-21T00:00:00+00:00
[2023-08-21T23:59:53.208+0000] {logging_mixin.py:137} INFO - [2023-08-21T23:59:53.208+0000] {dag.py:3441} INFO - Setting next_dagrun for example_branch_datetime_operator_3 to 2023-08-20T00:00:00+00:00, run_after=2023-08-21T00:00:00+00:00
[2023-08-21T23:59:53.256+0000] {processor.py:175} INFO - Processing /home/airflow/.local/lib/python3.7/site-packages/airflow/example_dags/example_branch_datetime_operator.py took 0.204 seconds
