[2023-08-21T23:49:38.115+0000] {processor.py:153} INFO - Started process (PID=60) to work on /home/airflow/.local/lib/python3.7/site-packages/airflow/example_dags/example_trigger_target_dag.py
[2023-08-21T23:49:38.117+0000] {processor.py:743} INFO - Processing file /home/airflow/.local/lib/python3.7/site-packages/airflow/example_dags/example_trigger_target_dag.py for tasks to queue
[2023-08-21T23:49:38.118+0000] {logging_mixin.py:137} INFO - [2023-08-21T23:49:38.118+0000] {dagbag.py:538} INFO - Filling up the DagBag from /home/airflow/.local/lib/python3.7/site-packages/airflow/example_dags/example_trigger_target_dag.py
[2023-08-21T23:49:38.150+0000] {processor.py:753} INFO - DAG(s) dict_keys(['example_trigger_target_dag']) retrieved from /home/airflow/.local/lib/python3.7/site-packages/airflow/example_dags/example_trigger_target_dag.py
[2023-08-21T23:49:38.365+0000] {logging_mixin.py:137} INFO - [2023-08-21T23:49:38.364+0000] {manager.py:504} INFO - Created Permission View: can edit on DAG:example_trigger_target_dag
[2023-08-21T23:49:38.414+0000] {logging_mixin.py:137} INFO - [2023-08-21T23:49:38.414+0000] {manager.py:504} INFO - Created Permission View: can read on DAG:example_trigger_target_dag
[2023-08-21T23:49:38.470+0000] {logging_mixin.py:137} INFO - [2023-08-21T23:49:38.470+0000] {manager.py:504} INFO - Created Permission View: can delete on DAG:example_trigger_target_dag
[2023-08-21T23:49:38.472+0000] {logging_mixin.py:137} INFO - [2023-08-21T23:49:38.472+0000] {dag.py:2690} INFO - Sync 1 DAGs
[2023-08-21T23:49:38.492+0000] {logging_mixin.py:137} INFO - [2023-08-21T23:49:38.491+0000] {dag.py:2711} INFO - Creating ORM DAG for example_trigger_target_dag
[2023-08-21T23:49:38.507+0000] {logging_mixin.py:137} INFO - [2023-08-21T23:49:38.507+0000] {dag.py:3441} INFO - Setting next_dagrun for example_trigger_target_dag to None, run_after=None
[2023-08-21T23:49:38.622+0000] {processor.py:175} INFO - Processing /home/airflow/.local/lib/python3.7/site-packages/airflow/example_dags/example_trigger_target_dag.py took 0.512 seconds
[2023-08-21T23:50:08.823+0000] {processor.py:153} INFO - Started process (PID=122) to work on /home/airflow/.local/lib/python3.7/site-packages/airflow/example_dags/example_trigger_target_dag.py
[2023-08-21T23:50:08.824+0000] {processor.py:743} INFO - Processing file /home/airflow/.local/lib/python3.7/site-packages/airflow/example_dags/example_trigger_target_dag.py for tasks to queue
[2023-08-21T23:50:08.825+0000] {logging_mixin.py:137} INFO - [2023-08-21T23:50:08.825+0000] {dagbag.py:538} INFO - Filling up the DagBag from /home/airflow/.local/lib/python3.7/site-packages/airflow/example_dags/example_trigger_target_dag.py
[2023-08-21T23:50:08.846+0000] {processor.py:753} INFO - DAG(s) dict_keys(['example_trigger_target_dag']) retrieved from /home/airflow/.local/lib/python3.7/site-packages/airflow/example_dags/example_trigger_target_dag.py
[2023-08-21T23:50:08.870+0000] {logging_mixin.py:137} INFO - [2023-08-21T23:50:08.870+0000] {dag.py:2690} INFO - Sync 1 DAGs
[2023-08-21T23:50:08.894+0000] {logging_mixin.py:137} INFO - [2023-08-21T23:50:08.894+0000] {dag.py:3441} INFO - Setting next_dagrun for example_trigger_target_dag to None, run_after=None
[2023-08-21T23:50:08.937+0000] {processor.py:175} INFO - Processing /home/airflow/.local/lib/python3.7/site-packages/airflow/example_dags/example_trigger_target_dag.py took 0.120 seconds
[2023-08-21T23:50:39.348+0000] {processor.py:153} INFO - Started process (PID=198) to work on /home/airflow/.local/lib/python3.7/site-packages/airflow/example_dags/example_trigger_target_dag.py
[2023-08-21T23:50:39.348+0000] {processor.py:743} INFO - Processing file /home/airflow/.local/lib/python3.7/site-packages/airflow/example_dags/example_trigger_target_dag.py for tasks to queue
[2023-08-21T23:50:39.349+0000] {logging_mixin.py:137} INFO - [2023-08-21T23:50:39.349+0000] {dagbag.py:538} INFO - Filling up the DagBag from /home/airflow/.local/lib/python3.7/site-packages/airflow/example_dags/example_trigger_target_dag.py
[2023-08-21T23:50:39.371+0000] {processor.py:753} INFO - DAG(s) dict_keys(['example_trigger_target_dag']) retrieved from /home/airflow/.local/lib/python3.7/site-packages/airflow/example_dags/example_trigger_target_dag.py
[2023-08-21T23:50:39.393+0000] {logging_mixin.py:137} INFO - [2023-08-21T23:50:39.393+0000] {dag.py:2690} INFO - Sync 1 DAGs
[2023-08-21T23:50:39.417+0000] {logging_mixin.py:137} INFO - [2023-08-21T23:50:39.416+0000] {dag.py:3441} INFO - Setting next_dagrun for example_trigger_target_dag to None, run_after=None
[2023-08-21T23:50:39.457+0000] {processor.py:175} INFO - Processing /home/airflow/.local/lib/python3.7/site-packages/airflow/example_dags/example_trigger_target_dag.py took 0.113 seconds
[2023-08-21T23:51:09.670+0000] {processor.py:153} INFO - Started process (PID=260) to work on /home/airflow/.local/lib/python3.7/site-packages/airflow/example_dags/example_trigger_target_dag.py
[2023-08-21T23:51:09.671+0000] {processor.py:743} INFO - Processing file /home/airflow/.local/lib/python3.7/site-packages/airflow/example_dags/example_trigger_target_dag.py for tasks to queue
[2023-08-21T23:51:09.671+0000] {logging_mixin.py:137} INFO - [2023-08-21T23:51:09.671+0000] {dagbag.py:538} INFO - Filling up the DagBag from /home/airflow/.local/lib/python3.7/site-packages/airflow/example_dags/example_trigger_target_dag.py
[2023-08-21T23:51:09.693+0000] {processor.py:753} INFO - DAG(s) dict_keys(['example_trigger_target_dag']) retrieved from /home/airflow/.local/lib/python3.7/site-packages/airflow/example_dags/example_trigger_target_dag.py
[2023-08-21T23:51:09.723+0000] {logging_mixin.py:137} INFO - [2023-08-21T23:51:09.723+0000] {dag.py:2690} INFO - Sync 1 DAGs
[2023-08-21T23:51:09.750+0000] {logging_mixin.py:137} INFO - [2023-08-21T23:51:09.750+0000] {dag.py:3441} INFO - Setting next_dagrun for example_trigger_target_dag to None, run_after=None
[2023-08-21T23:51:09.865+0000] {processor.py:175} INFO - Processing /home/airflow/.local/lib/python3.7/site-packages/airflow/example_dags/example_trigger_target_dag.py took 0.199 seconds
[2023-08-21T23:51:40.312+0000] {processor.py:153} INFO - Started process (PID=334) to work on /home/airflow/.local/lib/python3.7/site-packages/airflow/example_dags/example_trigger_target_dag.py
[2023-08-21T23:51:40.313+0000] {processor.py:743} INFO - Processing file /home/airflow/.local/lib/python3.7/site-packages/airflow/example_dags/example_trigger_target_dag.py for tasks to queue
[2023-08-21T23:51:40.313+0000] {logging_mixin.py:137} INFO - [2023-08-21T23:51:40.313+0000] {dagbag.py:538} INFO - Filling up the DagBag from /home/airflow/.local/lib/python3.7/site-packages/airflow/example_dags/example_trigger_target_dag.py
[2023-08-21T23:51:40.335+0000] {processor.py:753} INFO - DAG(s) dict_keys(['example_trigger_target_dag']) retrieved from /home/airflow/.local/lib/python3.7/site-packages/airflow/example_dags/example_trigger_target_dag.py
[2023-08-21T23:51:40.357+0000] {logging_mixin.py:137} INFO - [2023-08-21T23:51:40.357+0000] {dag.py:2690} INFO - Sync 1 DAGs
[2023-08-21T23:51:40.379+0000] {logging_mixin.py:137} INFO - [2023-08-21T23:51:40.378+0000] {dag.py:3441} INFO - Setting next_dagrun for example_trigger_target_dag to None, run_after=None
[2023-08-21T23:51:40.420+0000] {processor.py:175} INFO - Processing /home/airflow/.local/lib/python3.7/site-packages/airflow/example_dags/example_trigger_target_dag.py took 0.112 seconds
[2023-08-21T23:52:11.317+0000] {processor.py:153} INFO - Started process (PID=397) to work on /home/airflow/.local/lib/python3.7/site-packages/airflow/example_dags/example_trigger_target_dag.py
[2023-08-21T23:52:11.318+0000] {processor.py:743} INFO - Processing file /home/airflow/.local/lib/python3.7/site-packages/airflow/example_dags/example_trigger_target_dag.py for tasks to queue
[2023-08-21T23:52:11.319+0000] {logging_mixin.py:137} INFO - [2023-08-21T23:52:11.319+0000] {dagbag.py:538} INFO - Filling up the DagBag from /home/airflow/.local/lib/python3.7/site-packages/airflow/example_dags/example_trigger_target_dag.py
[2023-08-21T23:52:11.341+0000] {processor.py:753} INFO - DAG(s) dict_keys(['example_trigger_target_dag']) retrieved from /home/airflow/.local/lib/python3.7/site-packages/airflow/example_dags/example_trigger_target_dag.py
[2023-08-21T23:52:11.368+0000] {logging_mixin.py:137} INFO - [2023-08-21T23:52:11.368+0000] {dag.py:2690} INFO - Sync 1 DAGs
[2023-08-21T23:52:11.394+0000] {logging_mixin.py:137} INFO - [2023-08-21T23:52:11.393+0000] {dag.py:3441} INFO - Setting next_dagrun for example_trigger_target_dag to None, run_after=None
[2023-08-21T23:52:11.443+0000] {processor.py:175} INFO - Processing /home/airflow/.local/lib/python3.7/site-packages/airflow/example_dags/example_trigger_target_dag.py took 0.129 seconds
[2023-08-21T23:52:42.379+0000] {processor.py:153} INFO - Started process (PID=471) to work on /home/airflow/.local/lib/python3.7/site-packages/airflow/example_dags/example_trigger_target_dag.py
[2023-08-21T23:52:42.380+0000] {processor.py:743} INFO - Processing file /home/airflow/.local/lib/python3.7/site-packages/airflow/example_dags/example_trigger_target_dag.py for tasks to queue
[2023-08-21T23:52:42.381+0000] {logging_mixin.py:137} INFO - [2023-08-21T23:52:42.381+0000] {dagbag.py:538} INFO - Filling up the DagBag from /home/airflow/.local/lib/python3.7/site-packages/airflow/example_dags/example_trigger_target_dag.py
[2023-08-21T23:52:42.405+0000] {processor.py:753} INFO - DAG(s) dict_keys(['example_trigger_target_dag']) retrieved from /home/airflow/.local/lib/python3.7/site-packages/airflow/example_dags/example_trigger_target_dag.py
[2023-08-21T23:52:42.434+0000] {logging_mixin.py:137} INFO - [2023-08-21T23:52:42.434+0000] {dag.py:2690} INFO - Sync 1 DAGs
[2023-08-21T23:52:42.460+0000] {logging_mixin.py:137} INFO - [2023-08-21T23:52:42.460+0000] {dag.py:3441} INFO - Setting next_dagrun for example_trigger_target_dag to None, run_after=None
[2023-08-21T23:52:42.505+0000] {processor.py:175} INFO - Processing /home/airflow/.local/lib/python3.7/site-packages/airflow/example_dags/example_trigger_target_dag.py took 0.129 seconds
[2023-08-21T23:53:12.729+0000] {processor.py:153} INFO - Started process (PID=535) to work on /home/airflow/.local/lib/python3.7/site-packages/airflow/example_dags/example_trigger_target_dag.py
[2023-08-21T23:53:12.730+0000] {processor.py:743} INFO - Processing file /home/airflow/.local/lib/python3.7/site-packages/airflow/example_dags/example_trigger_target_dag.py for tasks to queue
[2023-08-21T23:53:12.730+0000] {logging_mixin.py:137} INFO - [2023-08-21T23:53:12.730+0000] {dagbag.py:538} INFO - Filling up the DagBag from /home/airflow/.local/lib/python3.7/site-packages/airflow/example_dags/example_trigger_target_dag.py
[2023-08-21T23:53:12.752+0000] {processor.py:753} INFO - DAG(s) dict_keys(['example_trigger_target_dag']) retrieved from /home/airflow/.local/lib/python3.7/site-packages/airflow/example_dags/example_trigger_target_dag.py
[2023-08-21T23:53:12.779+0000] {logging_mixin.py:137} INFO - [2023-08-21T23:53:12.779+0000] {dag.py:2690} INFO - Sync 1 DAGs
[2023-08-21T23:53:12.809+0000] {logging_mixin.py:137} INFO - [2023-08-21T23:53:12.809+0000] {dag.py:3441} INFO - Setting next_dagrun for example_trigger_target_dag to None, run_after=None
[2023-08-21T23:53:12.854+0000] {processor.py:175} INFO - Processing /home/airflow/.local/lib/python3.7/site-packages/airflow/example_dags/example_trigger_target_dag.py took 0.128 seconds
[2023-08-21T23:53:43.045+0000] {processor.py:153} INFO - Started process (PID=609) to work on /home/airflow/.local/lib/python3.7/site-packages/airflow/example_dags/example_trigger_target_dag.py
[2023-08-21T23:53:43.046+0000] {processor.py:743} INFO - Processing file /home/airflow/.local/lib/python3.7/site-packages/airflow/example_dags/example_trigger_target_dag.py for tasks to queue
[2023-08-21T23:53:43.046+0000] {logging_mixin.py:137} INFO - [2023-08-21T23:53:43.046+0000] {dagbag.py:538} INFO - Filling up the DagBag from /home/airflow/.local/lib/python3.7/site-packages/airflow/example_dags/example_trigger_target_dag.py
[2023-08-21T23:53:43.070+0000] {processor.py:753} INFO - DAG(s) dict_keys(['example_trigger_target_dag']) retrieved from /home/airflow/.local/lib/python3.7/site-packages/airflow/example_dags/example_trigger_target_dag.py
[2023-08-21T23:53:43.108+0000] {logging_mixin.py:137} INFO - [2023-08-21T23:53:43.108+0000] {dag.py:2690} INFO - Sync 1 DAGs
[2023-08-21T23:53:43.143+0000] {logging_mixin.py:137} INFO - [2023-08-21T23:53:43.143+0000] {dag.py:3441} INFO - Setting next_dagrun for example_trigger_target_dag to None, run_after=None
[2023-08-21T23:53:43.194+0000] {processor.py:175} INFO - Processing /home/airflow/.local/lib/python3.7/site-packages/airflow/example_dags/example_trigger_target_dag.py took 0.155 seconds
[2023-08-21T23:54:13.537+0000] {processor.py:153} INFO - Started process (PID=673) to work on /home/airflow/.local/lib/python3.7/site-packages/airflow/example_dags/example_trigger_target_dag.py
[2023-08-21T23:54:13.538+0000] {processor.py:743} INFO - Processing file /home/airflow/.local/lib/python3.7/site-packages/airflow/example_dags/example_trigger_target_dag.py for tasks to queue
[2023-08-21T23:54:13.538+0000] {logging_mixin.py:137} INFO - [2023-08-21T23:54:13.538+0000] {dagbag.py:538} INFO - Filling up the DagBag from /home/airflow/.local/lib/python3.7/site-packages/airflow/example_dags/example_trigger_target_dag.py
[2023-08-21T23:54:13.559+0000] {processor.py:753} INFO - DAG(s) dict_keys(['example_trigger_target_dag']) retrieved from /home/airflow/.local/lib/python3.7/site-packages/airflow/example_dags/example_trigger_target_dag.py
[2023-08-21T23:54:13.584+0000] {logging_mixin.py:137} INFO - [2023-08-21T23:54:13.584+0000] {dag.py:2690} INFO - Sync 1 DAGs
[2023-08-21T23:54:13.608+0000] {logging_mixin.py:137} INFO - [2023-08-21T23:54:13.608+0000] {dag.py:3441} INFO - Setting next_dagrun for example_trigger_target_dag to None, run_after=None
[2023-08-21T23:54:13.656+0000] {processor.py:175} INFO - Processing /home/airflow/.local/lib/python3.7/site-packages/airflow/example_dags/example_trigger_target_dag.py took 0.124 seconds
[2023-08-21T23:54:44.264+0000] {processor.py:153} INFO - Started process (PID=745) to work on /home/airflow/.local/lib/python3.7/site-packages/airflow/example_dags/example_trigger_target_dag.py
[2023-08-21T23:54:44.266+0000] {processor.py:743} INFO - Processing file /home/airflow/.local/lib/python3.7/site-packages/airflow/example_dags/example_trigger_target_dag.py for tasks to queue
[2023-08-21T23:54:44.267+0000] {logging_mixin.py:137} INFO - [2023-08-21T23:54:44.267+0000] {dagbag.py:538} INFO - Filling up the DagBag from /home/airflow/.local/lib/python3.7/site-packages/airflow/example_dags/example_trigger_target_dag.py
[2023-08-21T23:54:44.295+0000] {processor.py:753} INFO - DAG(s) dict_keys(['example_trigger_target_dag']) retrieved from /home/airflow/.local/lib/python3.7/site-packages/airflow/example_dags/example_trigger_target_dag.py
[2023-08-21T23:54:44.328+0000] {logging_mixin.py:137} INFO - [2023-08-21T23:54:44.327+0000] {dag.py:2690} INFO - Sync 1 DAGs
[2023-08-21T23:54:44.358+0000] {logging_mixin.py:137} INFO - [2023-08-21T23:54:44.358+0000] {dag.py:3441} INFO - Setting next_dagrun for example_trigger_target_dag to None, run_after=None
[2023-08-21T23:54:44.408+0000] {processor.py:175} INFO - Processing /home/airflow/.local/lib/python3.7/site-packages/airflow/example_dags/example_trigger_target_dag.py took 0.150 seconds
[2023-08-21T23:55:15.365+0000] {processor.py:153} INFO - Started process (PID=812) to work on /home/airflow/.local/lib/python3.7/site-packages/airflow/example_dags/example_trigger_target_dag.py
[2023-08-21T23:55:15.367+0000] {processor.py:743} INFO - Processing file /home/airflow/.local/lib/python3.7/site-packages/airflow/example_dags/example_trigger_target_dag.py for tasks to queue
[2023-08-21T23:55:15.368+0000] {logging_mixin.py:137} INFO - [2023-08-21T23:55:15.368+0000] {dagbag.py:538} INFO - Filling up the DagBag from /home/airflow/.local/lib/python3.7/site-packages/airflow/example_dags/example_trigger_target_dag.py
[2023-08-21T23:55:15.416+0000] {processor.py:753} INFO - DAG(s) dict_keys(['example_trigger_target_dag']) retrieved from /home/airflow/.local/lib/python3.7/site-packages/airflow/example_dags/example_trigger_target_dag.py
[2023-08-21T23:55:15.455+0000] {logging_mixin.py:137} INFO - [2023-08-21T23:55:15.455+0000] {dag.py:2690} INFO - Sync 1 DAGs
[2023-08-21T23:55:15.486+0000] {logging_mixin.py:137} INFO - [2023-08-21T23:55:15.486+0000] {dag.py:3441} INFO - Setting next_dagrun for example_trigger_target_dag to None, run_after=None
[2023-08-21T23:55:15.538+0000] {processor.py:175} INFO - Processing /home/airflow/.local/lib/python3.7/site-packages/airflow/example_dags/example_trigger_target_dag.py took 0.181 seconds
[2023-08-21T23:55:45.990+0000] {processor.py:153} INFO - Started process (PID=885) to work on /home/airflow/.local/lib/python3.7/site-packages/airflow/example_dags/example_trigger_target_dag.py
[2023-08-21T23:55:45.991+0000] {processor.py:743} INFO - Processing file /home/airflow/.local/lib/python3.7/site-packages/airflow/example_dags/example_trigger_target_dag.py for tasks to queue
[2023-08-21T23:55:45.991+0000] {logging_mixin.py:137} INFO - [2023-08-21T23:55:45.991+0000] {dagbag.py:538} INFO - Filling up the DagBag from /home/airflow/.local/lib/python3.7/site-packages/airflow/example_dags/example_trigger_target_dag.py
[2023-08-21T23:55:46.018+0000] {processor.py:753} INFO - DAG(s) dict_keys(['example_trigger_target_dag']) retrieved from /home/airflow/.local/lib/python3.7/site-packages/airflow/example_dags/example_trigger_target_dag.py
[2023-08-21T23:55:46.047+0000] {logging_mixin.py:137} INFO - [2023-08-21T23:55:46.047+0000] {dag.py:2690} INFO - Sync 1 DAGs
[2023-08-21T23:55:46.080+0000] {logging_mixin.py:137} INFO - [2023-08-21T23:55:46.080+0000] {dag.py:3441} INFO - Setting next_dagrun for example_trigger_target_dag to None, run_after=None
[2023-08-21T23:55:46.131+0000] {processor.py:175} INFO - Processing /home/airflow/.local/lib/python3.7/site-packages/airflow/example_dags/example_trigger_target_dag.py took 0.147 seconds
[2023-08-21T23:56:16.240+0000] {processor.py:153} INFO - Started process (PID=951) to work on /home/airflow/.local/lib/python3.7/site-packages/airflow/example_dags/example_trigger_target_dag.py
[2023-08-21T23:56:16.241+0000] {processor.py:743} INFO - Processing file /home/airflow/.local/lib/python3.7/site-packages/airflow/example_dags/example_trigger_target_dag.py for tasks to queue
[2023-08-21T23:56:16.242+0000] {logging_mixin.py:137} INFO - [2023-08-21T23:56:16.242+0000] {dagbag.py:538} INFO - Filling up the DagBag from /home/airflow/.local/lib/python3.7/site-packages/airflow/example_dags/example_trigger_target_dag.py
[2023-08-21T23:56:16.263+0000] {processor.py:753} INFO - DAG(s) dict_keys(['example_trigger_target_dag']) retrieved from /home/airflow/.local/lib/python3.7/site-packages/airflow/example_dags/example_trigger_target_dag.py
[2023-08-21T23:56:16.295+0000] {logging_mixin.py:137} INFO - [2023-08-21T23:56:16.295+0000] {dag.py:2690} INFO - Sync 1 DAGs
[2023-08-21T23:56:16.322+0000] {logging_mixin.py:137} INFO - [2023-08-21T23:56:16.322+0000] {dag.py:3441} INFO - Setting next_dagrun for example_trigger_target_dag to None, run_after=None
[2023-08-21T23:56:16.388+0000] {processor.py:175} INFO - Processing /home/airflow/.local/lib/python3.7/site-packages/airflow/example_dags/example_trigger_target_dag.py took 0.151 seconds
[2023-08-21T23:56:46.519+0000] {processor.py:153} INFO - Started process (PID=1014) to work on /home/airflow/.local/lib/python3.7/site-packages/airflow/example_dags/example_trigger_target_dag.py
[2023-08-21T23:56:46.520+0000] {processor.py:743} INFO - Processing file /home/airflow/.local/lib/python3.7/site-packages/airflow/example_dags/example_trigger_target_dag.py for tasks to queue
[2023-08-21T23:56:46.521+0000] {logging_mixin.py:137} INFO - [2023-08-21T23:56:46.521+0000] {dagbag.py:538} INFO - Filling up the DagBag from /home/airflow/.local/lib/python3.7/site-packages/airflow/example_dags/example_trigger_target_dag.py
[2023-08-21T23:56:46.546+0000] {processor.py:753} INFO - DAG(s) dict_keys(['example_trigger_target_dag']) retrieved from /home/airflow/.local/lib/python3.7/site-packages/airflow/example_dags/example_trigger_target_dag.py
[2023-08-21T23:56:46.573+0000] {logging_mixin.py:137} INFO - [2023-08-21T23:56:46.573+0000] {dag.py:2690} INFO - Sync 1 DAGs
[2023-08-21T23:56:46.601+0000] {logging_mixin.py:137} INFO - [2023-08-21T23:56:46.601+0000] {dag.py:3441} INFO - Setting next_dagrun for example_trigger_target_dag to None, run_after=None
[2023-08-21T23:56:46.645+0000] {processor.py:175} INFO - Processing /home/airflow/.local/lib/python3.7/site-packages/airflow/example_dags/example_trigger_target_dag.py took 0.129 seconds
[2023-08-21T23:57:16.754+0000] {processor.py:153} INFO - Started process (PID=1089) to work on /home/airflow/.local/lib/python3.7/site-packages/airflow/example_dags/example_trigger_target_dag.py
[2023-08-21T23:57:16.755+0000] {processor.py:743} INFO - Processing file /home/airflow/.local/lib/python3.7/site-packages/airflow/example_dags/example_trigger_target_dag.py for tasks to queue
[2023-08-21T23:57:16.756+0000] {logging_mixin.py:137} INFO - [2023-08-21T23:57:16.756+0000] {dagbag.py:538} INFO - Filling up the DagBag from /home/airflow/.local/lib/python3.7/site-packages/airflow/example_dags/example_trigger_target_dag.py
[2023-08-21T23:57:16.780+0000] {processor.py:753} INFO - DAG(s) dict_keys(['example_trigger_target_dag']) retrieved from /home/airflow/.local/lib/python3.7/site-packages/airflow/example_dags/example_trigger_target_dag.py
[2023-08-21T23:57:16.805+0000] {logging_mixin.py:137} INFO - [2023-08-21T23:57:16.805+0000] {dag.py:2690} INFO - Sync 1 DAGs
[2023-08-21T23:57:16.843+0000] {logging_mixin.py:137} INFO - [2023-08-21T23:57:16.843+0000] {dag.py:3441} INFO - Setting next_dagrun for example_trigger_target_dag to None, run_after=None
[2023-08-21T23:57:16.896+0000] {processor.py:175} INFO - Processing /home/airflow/.local/lib/python3.7/site-packages/airflow/example_dags/example_trigger_target_dag.py took 0.146 seconds
[2023-08-21T23:57:46.989+0000] {processor.py:153} INFO - Started process (PID=1152) to work on /home/airflow/.local/lib/python3.7/site-packages/airflow/example_dags/example_trigger_target_dag.py
[2023-08-21T23:57:46.990+0000] {processor.py:743} INFO - Processing file /home/airflow/.local/lib/python3.7/site-packages/airflow/example_dags/example_trigger_target_dag.py for tasks to queue
[2023-08-21T23:57:46.991+0000] {logging_mixin.py:137} INFO - [2023-08-21T23:57:46.991+0000] {dagbag.py:538} INFO - Filling up the DagBag from /home/airflow/.local/lib/python3.7/site-packages/airflow/example_dags/example_trigger_target_dag.py
[2023-08-21T23:57:47.020+0000] {processor.py:753} INFO - DAG(s) dict_keys(['example_trigger_target_dag']) retrieved from /home/airflow/.local/lib/python3.7/site-packages/airflow/example_dags/example_trigger_target_dag.py
[2023-08-21T23:57:47.059+0000] {logging_mixin.py:137} INFO - [2023-08-21T23:57:47.059+0000] {dag.py:2690} INFO - Sync 1 DAGs
[2023-08-21T23:57:47.089+0000] {logging_mixin.py:137} INFO - [2023-08-21T23:57:47.089+0000] {dag.py:3441} INFO - Setting next_dagrun for example_trigger_target_dag to None, run_after=None
[2023-08-21T23:57:47.149+0000] {processor.py:175} INFO - Processing /home/airflow/.local/lib/python3.7/site-packages/airflow/example_dags/example_trigger_target_dag.py took 0.165 seconds
[2023-08-21T23:58:17.522+0000] {processor.py:153} INFO - Started process (PID=1226) to work on /home/airflow/.local/lib/python3.7/site-packages/airflow/example_dags/example_trigger_target_dag.py
[2023-08-21T23:58:17.523+0000] {processor.py:743} INFO - Processing file /home/airflow/.local/lib/python3.7/site-packages/airflow/example_dags/example_trigger_target_dag.py for tasks to queue
[2023-08-21T23:58:17.523+0000] {logging_mixin.py:137} INFO - [2023-08-21T23:58:17.523+0000] {dagbag.py:538} INFO - Filling up the DagBag from /home/airflow/.local/lib/python3.7/site-packages/airflow/example_dags/example_trigger_target_dag.py
[2023-08-21T23:58:17.547+0000] {processor.py:753} INFO - DAG(s) dict_keys(['example_trigger_target_dag']) retrieved from /home/airflow/.local/lib/python3.7/site-packages/airflow/example_dags/example_trigger_target_dag.py
[2023-08-21T23:58:17.574+0000] {logging_mixin.py:137} INFO - [2023-08-21T23:58:17.573+0000] {dag.py:2690} INFO - Sync 1 DAGs
[2023-08-21T23:58:17.601+0000] {logging_mixin.py:137} INFO - [2023-08-21T23:58:17.601+0000] {dag.py:3441} INFO - Setting next_dagrun for example_trigger_target_dag to None, run_after=None
[2023-08-21T23:58:17.652+0000] {processor.py:175} INFO - Processing /home/airflow/.local/lib/python3.7/site-packages/airflow/example_dags/example_trigger_target_dag.py took 0.134 seconds
[2023-08-21T23:58:47.814+0000] {processor.py:153} INFO - Started process (PID=1289) to work on /home/airflow/.local/lib/python3.7/site-packages/airflow/example_dags/example_trigger_target_dag.py
[2023-08-21T23:58:47.815+0000] {processor.py:743} INFO - Processing file /home/airflow/.local/lib/python3.7/site-packages/airflow/example_dags/example_trigger_target_dag.py for tasks to queue
[2023-08-21T23:58:47.816+0000] {logging_mixin.py:137} INFO - [2023-08-21T23:58:47.815+0000] {dagbag.py:538} INFO - Filling up the DagBag from /home/airflow/.local/lib/python3.7/site-packages/airflow/example_dags/example_trigger_target_dag.py
[2023-08-21T23:58:47.849+0000] {processor.py:753} INFO - DAG(s) dict_keys(['example_trigger_target_dag']) retrieved from /home/airflow/.local/lib/python3.7/site-packages/airflow/example_dags/example_trigger_target_dag.py
[2023-08-21T23:58:47.884+0000] {logging_mixin.py:137} INFO - [2023-08-21T23:58:47.884+0000] {dag.py:2690} INFO - Sync 1 DAGs
[2023-08-21T23:58:47.922+0000] {logging_mixin.py:137} INFO - [2023-08-21T23:58:47.922+0000] {dag.py:3441} INFO - Setting next_dagrun for example_trigger_target_dag to None, run_after=None
[2023-08-21T23:58:47.983+0000] {processor.py:175} INFO - Processing /home/airflow/.local/lib/python3.7/site-packages/airflow/example_dags/example_trigger_target_dag.py took 0.174 seconds
[2023-08-21T23:59:18.104+0000] {processor.py:153} INFO - Started process (PID=1364) to work on /home/airflow/.local/lib/python3.7/site-packages/airflow/example_dags/example_trigger_target_dag.py
[2023-08-21T23:59:18.105+0000] {processor.py:743} INFO - Processing file /home/airflow/.local/lib/python3.7/site-packages/airflow/example_dags/example_trigger_target_dag.py for tasks to queue
[2023-08-21T23:59:18.105+0000] {logging_mixin.py:137} INFO - [2023-08-21T23:59:18.105+0000] {dagbag.py:538} INFO - Filling up the DagBag from /home/airflow/.local/lib/python3.7/site-packages/airflow/example_dags/example_trigger_target_dag.py
[2023-08-21T23:59:18.127+0000] {processor.py:753} INFO - DAG(s) dict_keys(['example_trigger_target_dag']) retrieved from /home/airflow/.local/lib/python3.7/site-packages/airflow/example_dags/example_trigger_target_dag.py
[2023-08-21T23:59:18.155+0000] {logging_mixin.py:137} INFO - [2023-08-21T23:59:18.155+0000] {dag.py:2690} INFO - Sync 1 DAGs
[2023-08-21T23:59:18.181+0000] {logging_mixin.py:137} INFO - [2023-08-21T23:59:18.181+0000] {dag.py:3441} INFO - Setting next_dagrun for example_trigger_target_dag to None, run_after=None
[2023-08-21T23:59:18.397+0000] {processor.py:175} INFO - Processing /home/airflow/.local/lib/python3.7/site-packages/airflow/example_dags/example_trigger_target_dag.py took 0.297 seconds
[2023-08-21T23:59:48.657+0000] {processor.py:153} INFO - Started process (PID=1427) to work on /home/airflow/.local/lib/python3.7/site-packages/airflow/example_dags/example_trigger_target_dag.py
[2023-08-21T23:59:48.658+0000] {processor.py:743} INFO - Processing file /home/airflow/.local/lib/python3.7/site-packages/airflow/example_dags/example_trigger_target_dag.py for tasks to queue
[2023-08-21T23:59:48.658+0000] {logging_mixin.py:137} INFO - [2023-08-21T23:59:48.658+0000] {dagbag.py:538} INFO - Filling up the DagBag from /home/airflow/.local/lib/python3.7/site-packages/airflow/example_dags/example_trigger_target_dag.py
[2023-08-21T23:59:48.682+0000] {processor.py:753} INFO - DAG(s) dict_keys(['example_trigger_target_dag']) retrieved from /home/airflow/.local/lib/python3.7/site-packages/airflow/example_dags/example_trigger_target_dag.py
[2023-08-21T23:59:48.707+0000] {logging_mixin.py:137} INFO - [2023-08-21T23:59:48.707+0000] {dag.py:2690} INFO - Sync 1 DAGs
[2023-08-21T23:59:48.748+0000] {logging_mixin.py:137} INFO - [2023-08-21T23:59:48.748+0000] {dag.py:3441} INFO - Setting next_dagrun for example_trigger_target_dag to None, run_after=None
[2023-08-21T23:59:48.794+0000] {processor.py:175} INFO - Processing /home/airflow/.local/lib/python3.7/site-packages/airflow/example_dags/example_trigger_target_dag.py took 0.141 seconds
