[2023-08-21T23:49:33.967+0000] {processor.py:153} INFO - Started process (PID=48) to work on /home/airflow/.local/lib/python3.7/site-packages/airflow/example_dags/example_latest_only_with_trigger.py
[2023-08-21T23:49:33.969+0000] {processor.py:743} INFO - Processing file /home/airflow/.local/lib/python3.7/site-packages/airflow/example_dags/example_latest_only_with_trigger.py for tasks to queue
[2023-08-21T23:49:33.973+0000] {logging_mixin.py:137} INFO - [2023-08-21T23:49:33.973+0000] {dagbag.py:538} INFO - Filling up the DagBag from /home/airflow/.local/lib/python3.7/site-packages/airflow/example_dags/example_latest_only_with_trigger.py
[2023-08-21T23:49:34.019+0000] {processor.py:753} INFO - DAG(s) dict_keys(['latest_only_with_trigger']) retrieved from /home/airflow/.local/lib/python3.7/site-packages/airflow/example_dags/example_latest_only_with_trigger.py
[2023-08-21T23:49:34.361+0000] {logging_mixin.py:137} INFO - [2023-08-21T23:49:34.361+0000] {manager.py:504} INFO - Created Permission View: can edit on DAG:latest_only_with_trigger
[2023-08-21T23:49:34.411+0000] {logging_mixin.py:137} INFO - [2023-08-21T23:49:34.411+0000] {manager.py:504} INFO - Created Permission View: can read on DAG:latest_only_with_trigger
[2023-08-21T23:49:34.460+0000] {logging_mixin.py:137} INFO - [2023-08-21T23:49:34.459+0000] {manager.py:504} INFO - Created Permission View: can delete on DAG:latest_only_with_trigger
[2023-08-21T23:49:34.460+0000] {logging_mixin.py:137} INFO - [2023-08-21T23:49:34.460+0000] {dag.py:2690} INFO - Sync 1 DAGs
[2023-08-21T23:49:34.500+0000] {logging_mixin.py:137} INFO - [2023-08-21T23:49:34.500+0000] {dag.py:2711} INFO - Creating ORM DAG for latest_only_with_trigger
[2023-08-21T23:49:34.517+0000] {logging_mixin.py:137} INFO - [2023-08-21T23:49:34.517+0000] {dag.py:3441} INFO - Setting next_dagrun for latest_only_with_trigger to 2023-08-21T19:49:34.516522+00:00, run_after=2023-08-21T23:49:34.516522+00:00
[2023-08-21T23:49:34.575+0000] {processor.py:175} INFO - Processing /home/airflow/.local/lib/python3.7/site-packages/airflow/example_dags/example_latest_only_with_trigger.py took 0.613 seconds
[2023-08-21T23:50:04.856+0000] {processor.py:153} INFO - Started process (PID=111) to work on /home/airflow/.local/lib/python3.7/site-packages/airflow/example_dags/example_latest_only_with_trigger.py
[2023-08-21T23:50:04.857+0000] {processor.py:743} INFO - Processing file /home/airflow/.local/lib/python3.7/site-packages/airflow/example_dags/example_latest_only_with_trigger.py for tasks to queue
[2023-08-21T23:50:04.858+0000] {logging_mixin.py:137} INFO - [2023-08-21T23:50:04.857+0000] {dagbag.py:538} INFO - Filling up the DagBag from /home/airflow/.local/lib/python3.7/site-packages/airflow/example_dags/example_latest_only_with_trigger.py
[2023-08-21T23:50:04.875+0000] {processor.py:753} INFO - DAG(s) dict_keys(['latest_only_with_trigger']) retrieved from /home/airflow/.local/lib/python3.7/site-packages/airflow/example_dags/example_latest_only_with_trigger.py
[2023-08-21T23:50:04.903+0000] {logging_mixin.py:137} INFO - [2023-08-21T23:50:04.902+0000] {dag.py:2690} INFO - Sync 1 DAGs
[2023-08-21T23:50:04.930+0000] {logging_mixin.py:137} INFO - [2023-08-21T23:50:04.930+0000] {dag.py:3441} INFO - Setting next_dagrun for latest_only_with_trigger to 2023-08-21T19:50:04.930476+00:00, run_after=2023-08-21T23:50:04.930476+00:00
[2023-08-21T23:50:04.977+0000] {processor.py:175} INFO - Processing /home/airflow/.local/lib/python3.7/site-packages/airflow/example_dags/example_latest_only_with_trigger.py took 0.125 seconds
[2023-08-21T23:50:35.253+0000] {processor.py:153} INFO - Started process (PID=175) to work on /home/airflow/.local/lib/python3.7/site-packages/airflow/example_dags/example_latest_only_with_trigger.py
[2023-08-21T23:50:35.255+0000] {processor.py:743} INFO - Processing file /home/airflow/.local/lib/python3.7/site-packages/airflow/example_dags/example_latest_only_with_trigger.py for tasks to queue
[2023-08-21T23:50:35.256+0000] {logging_mixin.py:137} INFO - [2023-08-21T23:50:35.256+0000] {dagbag.py:538} INFO - Filling up the DagBag from /home/airflow/.local/lib/python3.7/site-packages/airflow/example_dags/example_latest_only_with_trigger.py
[2023-08-21T23:50:35.277+0000] {processor.py:753} INFO - DAG(s) dict_keys(['latest_only_with_trigger']) retrieved from /home/airflow/.local/lib/python3.7/site-packages/airflow/example_dags/example_latest_only_with_trigger.py
[2023-08-21T23:50:35.308+0000] {logging_mixin.py:137} INFO - [2023-08-21T23:50:35.308+0000] {dag.py:2690} INFO - Sync 1 DAGs
[2023-08-21T23:50:35.337+0000] {logging_mixin.py:137} INFO - [2023-08-21T23:50:35.337+0000] {dag.py:3441} INFO - Setting next_dagrun for latest_only_with_trigger to 2023-08-21T19:50:35.337263+00:00, run_after=2023-08-21T23:50:35.337263+00:00
[2023-08-21T23:50:35.417+0000] {processor.py:175} INFO - Processing /home/airflow/.local/lib/python3.7/site-packages/airflow/example_dags/example_latest_only_with_trigger.py took 0.168 seconds
[2023-08-21T23:51:05.538+0000] {processor.py:153} INFO - Started process (PID=249) to work on /home/airflow/.local/lib/python3.7/site-packages/airflow/example_dags/example_latest_only_with_trigger.py
[2023-08-21T23:51:05.539+0000] {processor.py:743} INFO - Processing file /home/airflow/.local/lib/python3.7/site-packages/airflow/example_dags/example_latest_only_with_trigger.py for tasks to queue
[2023-08-21T23:51:05.539+0000] {logging_mixin.py:137} INFO - [2023-08-21T23:51:05.539+0000] {dagbag.py:538} INFO - Filling up the DagBag from /home/airflow/.local/lib/python3.7/site-packages/airflow/example_dags/example_latest_only_with_trigger.py
[2023-08-21T23:51:05.553+0000] {processor.py:753} INFO - DAG(s) dict_keys(['latest_only_with_trigger']) retrieved from /home/airflow/.local/lib/python3.7/site-packages/airflow/example_dags/example_latest_only_with_trigger.py
[2023-08-21T23:51:05.577+0000] {logging_mixin.py:137} INFO - [2023-08-21T23:51:05.577+0000] {dag.py:2690} INFO - Sync 1 DAGs
[2023-08-21T23:51:05.602+0000] {logging_mixin.py:137} INFO - [2023-08-21T23:51:05.602+0000] {dag.py:3441} INFO - Setting next_dagrun for latest_only_with_trigger to 2023-08-21T19:51:05.601944+00:00, run_after=2023-08-21T23:51:05.601944+00:00
[2023-08-21T23:51:05.641+0000] {processor.py:175} INFO - Processing /home/airflow/.local/lib/python3.7/site-packages/airflow/example_dags/example_latest_only_with_trigger.py took 0.106 seconds
[2023-08-21T23:51:36.243+0000] {processor.py:153} INFO - Started process (PID=312) to work on /home/airflow/.local/lib/python3.7/site-packages/airflow/example_dags/example_latest_only_with_trigger.py
[2023-08-21T23:51:36.244+0000] {processor.py:743} INFO - Processing file /home/airflow/.local/lib/python3.7/site-packages/airflow/example_dags/example_latest_only_with_trigger.py for tasks to queue
[2023-08-21T23:51:36.245+0000] {logging_mixin.py:137} INFO - [2023-08-21T23:51:36.245+0000] {dagbag.py:538} INFO - Filling up the DagBag from /home/airflow/.local/lib/python3.7/site-packages/airflow/example_dags/example_latest_only_with_trigger.py
[2023-08-21T23:51:36.265+0000] {processor.py:753} INFO - DAG(s) dict_keys(['latest_only_with_trigger']) retrieved from /home/airflow/.local/lib/python3.7/site-packages/airflow/example_dags/example_latest_only_with_trigger.py
[2023-08-21T23:51:36.290+0000] {logging_mixin.py:137} INFO - [2023-08-21T23:51:36.290+0000] {dag.py:2690} INFO - Sync 1 DAGs
[2023-08-21T23:51:36.313+0000] {logging_mixin.py:137} INFO - [2023-08-21T23:51:36.313+0000] {dag.py:3441} INFO - Setting next_dagrun for latest_only_with_trigger to 2023-08-21T19:51:36.313465+00:00, run_after=2023-08-21T23:51:36.313465+00:00
[2023-08-21T23:51:36.355+0000] {processor.py:175} INFO - Processing /home/airflow/.local/lib/python3.7/site-packages/airflow/example_dags/example_latest_only_with_trigger.py took 0.118 seconds
[2023-08-21T23:52:06.442+0000] {processor.py:153} INFO - Started process (PID=386) to work on /home/airflow/.local/lib/python3.7/site-packages/airflow/example_dags/example_latest_only_with_trigger.py
[2023-08-21T23:52:06.443+0000] {processor.py:743} INFO - Processing file /home/airflow/.local/lib/python3.7/site-packages/airflow/example_dags/example_latest_only_with_trigger.py for tasks to queue
[2023-08-21T23:52:06.444+0000] {logging_mixin.py:137} INFO - [2023-08-21T23:52:06.444+0000] {dagbag.py:538} INFO - Filling up the DagBag from /home/airflow/.local/lib/python3.7/site-packages/airflow/example_dags/example_latest_only_with_trigger.py
[2023-08-21T23:52:06.462+0000] {processor.py:753} INFO - DAG(s) dict_keys(['latest_only_with_trigger']) retrieved from /home/airflow/.local/lib/python3.7/site-packages/airflow/example_dags/example_latest_only_with_trigger.py
[2023-08-21T23:52:06.487+0000] {logging_mixin.py:137} INFO - [2023-08-21T23:52:06.487+0000] {dag.py:2690} INFO - Sync 1 DAGs
[2023-08-21T23:52:06.510+0000] {logging_mixin.py:137} INFO - [2023-08-21T23:52:06.510+0000] {dag.py:3441} INFO - Setting next_dagrun for latest_only_with_trigger to 2023-08-21T19:52:06.510311+00:00, run_after=2023-08-21T23:52:06.510311+00:00
[2023-08-21T23:52:06.568+0000] {processor.py:175} INFO - Processing /home/airflow/.local/lib/python3.7/site-packages/airflow/example_dags/example_latest_only_with_trigger.py took 0.129 seconds
[2023-08-21T23:52:37.263+0000] {processor.py:153} INFO - Started process (PID=449) to work on /home/airflow/.local/lib/python3.7/site-packages/airflow/example_dags/example_latest_only_with_trigger.py
[2023-08-21T23:52:37.264+0000] {processor.py:743} INFO - Processing file /home/airflow/.local/lib/python3.7/site-packages/airflow/example_dags/example_latest_only_with_trigger.py for tasks to queue
[2023-08-21T23:52:37.265+0000] {logging_mixin.py:137} INFO - [2023-08-21T23:52:37.265+0000] {dagbag.py:538} INFO - Filling up the DagBag from /home/airflow/.local/lib/python3.7/site-packages/airflow/example_dags/example_latest_only_with_trigger.py
[2023-08-21T23:52:37.280+0000] {processor.py:753} INFO - DAG(s) dict_keys(['latest_only_with_trigger']) retrieved from /home/airflow/.local/lib/python3.7/site-packages/airflow/example_dags/example_latest_only_with_trigger.py
[2023-08-21T23:52:37.306+0000] {logging_mixin.py:137} INFO - [2023-08-21T23:52:37.306+0000] {dag.py:2690} INFO - Sync 1 DAGs
[2023-08-21T23:52:37.332+0000] {logging_mixin.py:137} INFO - [2023-08-21T23:52:37.332+0000] {dag.py:3441} INFO - Setting next_dagrun for latest_only_with_trigger to 2023-08-21T19:52:37.332591+00:00, run_after=2023-08-21T23:52:37.332591+00:00
[2023-08-21T23:52:37.379+0000] {processor.py:175} INFO - Processing /home/airflow/.local/lib/python3.7/site-packages/airflow/example_dags/example_latest_only_with_trigger.py took 0.120 seconds
[2023-08-21T23:53:07.749+0000] {processor.py:153} INFO - Started process (PID=524) to work on /home/airflow/.local/lib/python3.7/site-packages/airflow/example_dags/example_latest_only_with_trigger.py
[2023-08-21T23:53:07.750+0000] {processor.py:743} INFO - Processing file /home/airflow/.local/lib/python3.7/site-packages/airflow/example_dags/example_latest_only_with_trigger.py for tasks to queue
[2023-08-21T23:53:07.751+0000] {logging_mixin.py:137} INFO - [2023-08-21T23:53:07.750+0000] {dagbag.py:538} INFO - Filling up the DagBag from /home/airflow/.local/lib/python3.7/site-packages/airflow/example_dags/example_latest_only_with_trigger.py
[2023-08-21T23:53:07.764+0000] {processor.py:753} INFO - DAG(s) dict_keys(['latest_only_with_trigger']) retrieved from /home/airflow/.local/lib/python3.7/site-packages/airflow/example_dags/example_latest_only_with_trigger.py
[2023-08-21T23:53:07.791+0000] {logging_mixin.py:137} INFO - [2023-08-21T23:53:07.791+0000] {dag.py:2690} INFO - Sync 1 DAGs
[2023-08-21T23:53:07.817+0000] {logging_mixin.py:137} INFO - [2023-08-21T23:53:07.817+0000] {dag.py:3441} INFO - Setting next_dagrun for latest_only_with_trigger to 2023-08-21T19:53:07.817296+00:00, run_after=2023-08-21T23:53:07.817296+00:00
[2023-08-21T23:53:07.857+0000] {processor.py:175} INFO - Processing /home/airflow/.local/lib/python3.7/site-packages/airflow/example_dags/example_latest_only_with_trigger.py took 0.114 seconds
[2023-08-21T23:53:37.987+0000] {processor.py:153} INFO - Started process (PID=587) to work on /home/airflow/.local/lib/python3.7/site-packages/airflow/example_dags/example_latest_only_with_trigger.py
[2023-08-21T23:53:37.988+0000] {processor.py:743} INFO - Processing file /home/airflow/.local/lib/python3.7/site-packages/airflow/example_dags/example_latest_only_with_trigger.py for tasks to queue
[2023-08-21T23:53:37.989+0000] {logging_mixin.py:137} INFO - [2023-08-21T23:53:37.989+0000] {dagbag.py:538} INFO - Filling up the DagBag from /home/airflow/.local/lib/python3.7/site-packages/airflow/example_dags/example_latest_only_with_trigger.py
[2023-08-21T23:53:38.005+0000] {processor.py:753} INFO - DAG(s) dict_keys(['latest_only_with_trigger']) retrieved from /home/airflow/.local/lib/python3.7/site-packages/airflow/example_dags/example_latest_only_with_trigger.py
[2023-08-21T23:53:38.041+0000] {logging_mixin.py:137} INFO - [2023-08-21T23:53:38.041+0000] {dag.py:2690} INFO - Sync 1 DAGs
[2023-08-21T23:53:38.070+0000] {logging_mixin.py:137} INFO - [2023-08-21T23:53:38.070+0000] {dag.py:3441} INFO - Setting next_dagrun for latest_only_with_trigger to 2023-08-21T19:53:38.070343+00:00, run_after=2023-08-21T23:53:38.070343+00:00
[2023-08-21T23:53:38.123+0000] {processor.py:175} INFO - Processing /home/airflow/.local/lib/python3.7/site-packages/airflow/example_dags/example_latest_only_with_trigger.py took 0.139 seconds
[2023-08-21T23:54:08.678+0000] {processor.py:153} INFO - Started process (PID=662) to work on /home/airflow/.local/lib/python3.7/site-packages/airflow/example_dags/example_latest_only_with_trigger.py
[2023-08-21T23:54:08.679+0000] {processor.py:743} INFO - Processing file /home/airflow/.local/lib/python3.7/site-packages/airflow/example_dags/example_latest_only_with_trigger.py for tasks to queue
[2023-08-21T23:54:08.680+0000] {logging_mixin.py:137} INFO - [2023-08-21T23:54:08.680+0000] {dagbag.py:538} INFO - Filling up the DagBag from /home/airflow/.local/lib/python3.7/site-packages/airflow/example_dags/example_latest_only_with_trigger.py
[2023-08-21T23:54:08.696+0000] {processor.py:753} INFO - DAG(s) dict_keys(['latest_only_with_trigger']) retrieved from /home/airflow/.local/lib/python3.7/site-packages/airflow/example_dags/example_latest_only_with_trigger.py
[2023-08-21T23:54:08.736+0000] {logging_mixin.py:137} INFO - [2023-08-21T23:54:08.736+0000] {dag.py:2690} INFO - Sync 1 DAGs
[2023-08-21T23:54:08.769+0000] {logging_mixin.py:137} INFO - [2023-08-21T23:54:08.769+0000] {dag.py:3441} INFO - Setting next_dagrun for latest_only_with_trigger to 2023-08-21T19:54:08.769287+00:00, run_after=2023-08-21T23:54:08.769287+00:00
[2023-08-21T23:54:08.855+0000] {processor.py:175} INFO - Processing /home/airflow/.local/lib/python3.7/site-packages/airflow/example_dags/example_latest_only_with_trigger.py took 0.181 seconds
[2023-08-21T23:54:39.156+0000] {processor.py:153} INFO - Started process (PID=725) to work on /home/airflow/.local/lib/python3.7/site-packages/airflow/example_dags/example_latest_only_with_trigger.py
[2023-08-21T23:54:39.157+0000] {processor.py:743} INFO - Processing file /home/airflow/.local/lib/python3.7/site-packages/airflow/example_dags/example_latest_only_with_trigger.py for tasks to queue
[2023-08-21T23:54:39.158+0000] {logging_mixin.py:137} INFO - [2023-08-21T23:54:39.157+0000] {dagbag.py:538} INFO - Filling up the DagBag from /home/airflow/.local/lib/python3.7/site-packages/airflow/example_dags/example_latest_only_with_trigger.py
[2023-08-21T23:54:39.175+0000] {processor.py:753} INFO - DAG(s) dict_keys(['latest_only_with_trigger']) retrieved from /home/airflow/.local/lib/python3.7/site-packages/airflow/example_dags/example_latest_only_with_trigger.py
[2023-08-21T23:54:39.203+0000] {logging_mixin.py:137} INFO - [2023-08-21T23:54:39.203+0000] {dag.py:2690} INFO - Sync 1 DAGs
[2023-08-21T23:54:39.233+0000] {logging_mixin.py:137} INFO - [2023-08-21T23:54:39.233+0000] {dag.py:3441} INFO - Setting next_dagrun for latest_only_with_trigger to 2023-08-21T19:54:39.232965+00:00, run_after=2023-08-21T23:54:39.232965+00:00
[2023-08-21T23:54:39.284+0000] {processor.py:175} INFO - Processing /home/airflow/.local/lib/python3.7/site-packages/airflow/example_dags/example_latest_only_with_trigger.py took 0.132 seconds
[2023-08-21T23:55:09.395+0000] {processor.py:153} INFO - Started process (PID=798) to work on /home/airflow/.local/lib/python3.7/site-packages/airflow/example_dags/example_latest_only_with_trigger.py
[2023-08-21T23:55:09.396+0000] {processor.py:743} INFO - Processing file /home/airflow/.local/lib/python3.7/site-packages/airflow/example_dags/example_latest_only_with_trigger.py for tasks to queue
[2023-08-21T23:55:09.397+0000] {logging_mixin.py:137} INFO - [2023-08-21T23:55:09.397+0000] {dagbag.py:538} INFO - Filling up the DagBag from /home/airflow/.local/lib/python3.7/site-packages/airflow/example_dags/example_latest_only_with_trigger.py
[2023-08-21T23:55:09.412+0000] {processor.py:753} INFO - DAG(s) dict_keys(['latest_only_with_trigger']) retrieved from /home/airflow/.local/lib/python3.7/site-packages/airflow/example_dags/example_latest_only_with_trigger.py
[2023-08-21T23:55:09.440+0000] {logging_mixin.py:137} INFO - [2023-08-21T23:55:09.440+0000] {dag.py:2690} INFO - Sync 1 DAGs
[2023-08-21T23:55:09.468+0000] {logging_mixin.py:137} INFO - [2023-08-21T23:55:09.468+0000] {dag.py:3441} INFO - Setting next_dagrun for latest_only_with_trigger to 2023-08-21T19:55:09.467782+00:00, run_after=2023-08-21T23:55:09.467782+00:00
[2023-08-21T23:55:09.521+0000] {processor.py:175} INFO - Processing /home/airflow/.local/lib/python3.7/site-packages/airflow/example_dags/example_latest_only_with_trigger.py took 0.130 seconds
[2023-08-21T23:55:39.982+0000] {processor.py:153} INFO - Started process (PID=865) to work on /home/airflow/.local/lib/python3.7/site-packages/airflow/example_dags/example_latest_only_with_trigger.py
[2023-08-21T23:55:39.983+0000] {processor.py:743} INFO - Processing file /home/airflow/.local/lib/python3.7/site-packages/airflow/example_dags/example_latest_only_with_trigger.py for tasks to queue
[2023-08-21T23:55:39.984+0000] {logging_mixin.py:137} INFO - [2023-08-21T23:55:39.984+0000] {dagbag.py:538} INFO - Filling up the DagBag from /home/airflow/.local/lib/python3.7/site-packages/airflow/example_dags/example_latest_only_with_trigger.py
[2023-08-21T23:55:39.999+0000] {processor.py:753} INFO - DAG(s) dict_keys(['latest_only_with_trigger']) retrieved from /home/airflow/.local/lib/python3.7/site-packages/airflow/example_dags/example_latest_only_with_trigger.py
[2023-08-21T23:55:40.025+0000] {logging_mixin.py:137} INFO - [2023-08-21T23:55:40.025+0000] {dag.py:2690} INFO - Sync 1 DAGs
[2023-08-21T23:55:40.052+0000] {logging_mixin.py:137} INFO - [2023-08-21T23:55:40.052+0000] {dag.py:3441} INFO - Setting next_dagrun for latest_only_with_trigger to 2023-08-21T19:55:40.051679+00:00, run_after=2023-08-21T23:55:40.051679+00:00
[2023-08-21T23:55:40.132+0000] {processor.py:175} INFO - Processing /home/airflow/.local/lib/python3.7/site-packages/airflow/example_dags/example_latest_only_with_trigger.py took 0.154 seconds
[2023-08-21T23:56:10.209+0000] {processor.py:153} INFO - Started process (PID=928) to work on /home/airflow/.local/lib/python3.7/site-packages/airflow/example_dags/example_latest_only_with_trigger.py
[2023-08-21T23:56:10.210+0000] {processor.py:743} INFO - Processing file /home/airflow/.local/lib/python3.7/site-packages/airflow/example_dags/example_latest_only_with_trigger.py for tasks to queue
[2023-08-21T23:56:10.210+0000] {logging_mixin.py:137} INFO - [2023-08-21T23:56:10.210+0000] {dagbag.py:538} INFO - Filling up the DagBag from /home/airflow/.local/lib/python3.7/site-packages/airflow/example_dags/example_latest_only_with_trigger.py
[2023-08-21T23:56:10.234+0000] {processor.py:753} INFO - DAG(s) dict_keys(['latest_only_with_trigger']) retrieved from /home/airflow/.local/lib/python3.7/site-packages/airflow/example_dags/example_latest_only_with_trigger.py
[2023-08-21T23:56:10.271+0000] {logging_mixin.py:137} INFO - [2023-08-21T23:56:10.270+0000] {dag.py:2690} INFO - Sync 1 DAGs
[2023-08-21T23:56:10.304+0000] {logging_mixin.py:137} INFO - [2023-08-21T23:56:10.303+0000] {dag.py:3441} INFO - Setting next_dagrun for latest_only_with_trigger to 2023-08-21T19:56:10.303568+00:00, run_after=2023-08-21T23:56:10.303568+00:00
[2023-08-21T23:56:10.354+0000] {processor.py:175} INFO - Processing /home/airflow/.local/lib/python3.7/site-packages/airflow/example_dags/example_latest_only_with_trigger.py took 0.149 seconds
[2023-08-21T23:56:40.424+0000] {processor.py:153} INFO - Started process (PID=1003) to work on /home/airflow/.local/lib/python3.7/site-packages/airflow/example_dags/example_latest_only_with_trigger.py
[2023-08-21T23:56:40.425+0000] {processor.py:743} INFO - Processing file /home/airflow/.local/lib/python3.7/site-packages/airflow/example_dags/example_latest_only_with_trigger.py for tasks to queue
[2023-08-21T23:56:40.425+0000] {logging_mixin.py:137} INFO - [2023-08-21T23:56:40.425+0000] {dagbag.py:538} INFO - Filling up the DagBag from /home/airflow/.local/lib/python3.7/site-packages/airflow/example_dags/example_latest_only_with_trigger.py
[2023-08-21T23:56:40.441+0000] {processor.py:753} INFO - DAG(s) dict_keys(['latest_only_with_trigger']) retrieved from /home/airflow/.local/lib/python3.7/site-packages/airflow/example_dags/example_latest_only_with_trigger.py
[2023-08-21T23:56:40.467+0000] {logging_mixin.py:137} INFO - [2023-08-21T23:56:40.467+0000] {dag.py:2690} INFO - Sync 1 DAGs
[2023-08-21T23:56:40.491+0000] {logging_mixin.py:137} INFO - [2023-08-21T23:56:40.491+0000] {dag.py:3441} INFO - Setting next_dagrun for latest_only_with_trigger to 2023-08-21T19:56:40.491482+00:00, run_after=2023-08-21T23:56:40.491482+00:00
[2023-08-21T23:56:40.534+0000] {processor.py:175} INFO - Processing /home/airflow/.local/lib/python3.7/site-packages/airflow/example_dags/example_latest_only_with_trigger.py took 0.114 seconds
[2023-08-21T23:57:10.724+0000] {processor.py:153} INFO - Started process (PID=1066) to work on /home/airflow/.local/lib/python3.7/site-packages/airflow/example_dags/example_latest_only_with_trigger.py
[2023-08-21T23:57:10.725+0000] {processor.py:743} INFO - Processing file /home/airflow/.local/lib/python3.7/site-packages/airflow/example_dags/example_latest_only_with_trigger.py for tasks to queue
[2023-08-21T23:57:10.727+0000] {logging_mixin.py:137} INFO - [2023-08-21T23:57:10.727+0000] {dagbag.py:538} INFO - Filling up the DagBag from /home/airflow/.local/lib/python3.7/site-packages/airflow/example_dags/example_latest_only_with_trigger.py
[2023-08-21T23:57:10.746+0000] {processor.py:753} INFO - DAG(s) dict_keys(['latest_only_with_trigger']) retrieved from /home/airflow/.local/lib/python3.7/site-packages/airflow/example_dags/example_latest_only_with_trigger.py
[2023-08-21T23:57:10.776+0000] {logging_mixin.py:137} INFO - [2023-08-21T23:57:10.776+0000] {dag.py:2690} INFO - Sync 1 DAGs
[2023-08-21T23:57:10.806+0000] {logging_mixin.py:137} INFO - [2023-08-21T23:57:10.806+0000] {dag.py:3441} INFO - Setting next_dagrun for latest_only_with_trigger to 2023-08-21T19:57:10.806243+00:00, run_after=2023-08-21T23:57:10.806243+00:00
[2023-08-21T23:57:10.855+0000] {processor.py:175} INFO - Processing /home/airflow/.local/lib/python3.7/site-packages/airflow/example_dags/example_latest_only_with_trigger.py took 0.136 seconds
[2023-08-21T23:57:40.991+0000] {processor.py:153} INFO - Started process (PID=1141) to work on /home/airflow/.local/lib/python3.7/site-packages/airflow/example_dags/example_latest_only_with_trigger.py
[2023-08-21T23:57:40.992+0000] {processor.py:743} INFO - Processing file /home/airflow/.local/lib/python3.7/site-packages/airflow/example_dags/example_latest_only_with_trigger.py for tasks to queue
[2023-08-21T23:57:40.992+0000] {logging_mixin.py:137} INFO - [2023-08-21T23:57:40.992+0000] {dagbag.py:538} INFO - Filling up the DagBag from /home/airflow/.local/lib/python3.7/site-packages/airflow/example_dags/example_latest_only_with_trigger.py
[2023-08-21T23:57:41.009+0000] {processor.py:753} INFO - DAG(s) dict_keys(['latest_only_with_trigger']) retrieved from /home/airflow/.local/lib/python3.7/site-packages/airflow/example_dags/example_latest_only_with_trigger.py
[2023-08-21T23:57:41.035+0000] {logging_mixin.py:137} INFO - [2023-08-21T23:57:41.034+0000] {dag.py:2690} INFO - Sync 1 DAGs
[2023-08-21T23:57:41.059+0000] {logging_mixin.py:137} INFO - [2023-08-21T23:57:41.059+0000] {dag.py:3441} INFO - Setting next_dagrun for latest_only_with_trigger to 2023-08-21T19:57:41.059115+00:00, run_after=2023-08-21T23:57:41.059115+00:00
[2023-08-21T23:57:41.109+0000] {processor.py:175} INFO - Processing /home/airflow/.local/lib/python3.7/site-packages/airflow/example_dags/example_latest_only_with_trigger.py took 0.122 seconds
[2023-08-21T23:58:11.521+0000] {processor.py:153} INFO - Started process (PID=1203) to work on /home/airflow/.local/lib/python3.7/site-packages/airflow/example_dags/example_latest_only_with_trigger.py
[2023-08-21T23:58:11.522+0000] {processor.py:743} INFO - Processing file /home/airflow/.local/lib/python3.7/site-packages/airflow/example_dags/example_latest_only_with_trigger.py for tasks to queue
[2023-08-21T23:58:11.523+0000] {logging_mixin.py:137} INFO - [2023-08-21T23:58:11.523+0000] {dagbag.py:538} INFO - Filling up the DagBag from /home/airflow/.local/lib/python3.7/site-packages/airflow/example_dags/example_latest_only_with_trigger.py
[2023-08-21T23:58:11.548+0000] {processor.py:753} INFO - DAG(s) dict_keys(['latest_only_with_trigger']) retrieved from /home/airflow/.local/lib/python3.7/site-packages/airflow/example_dags/example_latest_only_with_trigger.py
[2023-08-21T23:58:11.586+0000] {logging_mixin.py:137} INFO - [2023-08-21T23:58:11.586+0000] {dag.py:2690} INFO - Sync 1 DAGs
[2023-08-21T23:58:11.616+0000] {logging_mixin.py:137} INFO - [2023-08-21T23:58:11.616+0000] {dag.py:3441} INFO - Setting next_dagrun for latest_only_with_trigger to 2023-08-21T19:58:11.615933+00:00, run_after=2023-08-21T23:58:11.615933+00:00
[2023-08-21T23:58:11.667+0000] {processor.py:175} INFO - Processing /home/airflow/.local/lib/python3.7/site-packages/airflow/example_dags/example_latest_only_with_trigger.py took 0.152 seconds
[2023-08-21T23:58:41.756+0000] {processor.py:153} INFO - Started process (PID=1278) to work on /home/airflow/.local/lib/python3.7/site-packages/airflow/example_dags/example_latest_only_with_trigger.py
[2023-08-21T23:58:41.757+0000] {processor.py:743} INFO - Processing file /home/airflow/.local/lib/python3.7/site-packages/airflow/example_dags/example_latest_only_with_trigger.py for tasks to queue
[2023-08-21T23:58:41.758+0000] {logging_mixin.py:137} INFO - [2023-08-21T23:58:41.758+0000] {dagbag.py:538} INFO - Filling up the DagBag from /home/airflow/.local/lib/python3.7/site-packages/airflow/example_dags/example_latest_only_with_trigger.py
[2023-08-21T23:58:41.775+0000] {processor.py:753} INFO - DAG(s) dict_keys(['latest_only_with_trigger']) retrieved from /home/airflow/.local/lib/python3.7/site-packages/airflow/example_dags/example_latest_only_with_trigger.py
[2023-08-21T23:58:41.802+0000] {logging_mixin.py:137} INFO - [2023-08-21T23:58:41.802+0000] {dag.py:2690} INFO - Sync 1 DAGs
[2023-08-21T23:58:41.828+0000] {logging_mixin.py:137} INFO - [2023-08-21T23:58:41.828+0000] {dag.py:3441} INFO - Setting next_dagrun for latest_only_with_trigger to 2023-08-21T19:58:41.827719+00:00, run_after=2023-08-21T23:58:41.827719+00:00
[2023-08-21T23:58:41.880+0000] {processor.py:175} INFO - Processing /home/airflow/.local/lib/python3.7/site-packages/airflow/example_dags/example_latest_only_with_trigger.py took 0.128 seconds
[2023-08-21T23:59:12.116+0000] {processor.py:153} INFO - Started process (PID=1341) to work on /home/airflow/.local/lib/python3.7/site-packages/airflow/example_dags/example_latest_only_with_trigger.py
[2023-08-21T23:59:12.117+0000] {processor.py:743} INFO - Processing file /home/airflow/.local/lib/python3.7/site-packages/airflow/example_dags/example_latest_only_with_trigger.py for tasks to queue
[2023-08-21T23:59:12.118+0000] {logging_mixin.py:137} INFO - [2023-08-21T23:59:12.118+0000] {dagbag.py:538} INFO - Filling up the DagBag from /home/airflow/.local/lib/python3.7/site-packages/airflow/example_dags/example_latest_only_with_trigger.py
[2023-08-21T23:59:12.134+0000] {processor.py:753} INFO - DAG(s) dict_keys(['latest_only_with_trigger']) retrieved from /home/airflow/.local/lib/python3.7/site-packages/airflow/example_dags/example_latest_only_with_trigger.py
[2023-08-21T23:59:12.156+0000] {logging_mixin.py:137} INFO - [2023-08-21T23:59:12.156+0000] {dag.py:2690} INFO - Sync 1 DAGs
[2023-08-21T23:59:12.180+0000] {logging_mixin.py:137} INFO - [2023-08-21T23:59:12.180+0000] {dag.py:3441} INFO - Setting next_dagrun for latest_only_with_trigger to 2023-08-21T19:59:12.180592+00:00, run_after=2023-08-21T23:59:12.180592+00:00
[2023-08-21T23:59:12.220+0000] {processor.py:175} INFO - Processing /home/airflow/.local/lib/python3.7/site-packages/airflow/example_dags/example_latest_only_with_trigger.py took 0.108 seconds
[2023-08-21T23:59:42.716+0000] {processor.py:153} INFO - Started process (PID=1416) to work on /home/airflow/.local/lib/python3.7/site-packages/airflow/example_dags/example_latest_only_with_trigger.py
[2023-08-21T23:59:42.717+0000] {processor.py:743} INFO - Processing file /home/airflow/.local/lib/python3.7/site-packages/airflow/example_dags/example_latest_only_with_trigger.py for tasks to queue
[2023-08-21T23:59:42.718+0000] {logging_mixin.py:137} INFO - [2023-08-21T23:59:42.718+0000] {dagbag.py:538} INFO - Filling up the DagBag from /home/airflow/.local/lib/python3.7/site-packages/airflow/example_dags/example_latest_only_with_trigger.py
[2023-08-21T23:59:42.734+0000] {processor.py:753} INFO - DAG(s) dict_keys(['latest_only_with_trigger']) retrieved from /home/airflow/.local/lib/python3.7/site-packages/airflow/example_dags/example_latest_only_with_trigger.py
[2023-08-21T23:59:42.760+0000] {logging_mixin.py:137} INFO - [2023-08-21T23:59:42.760+0000] {dag.py:2690} INFO - Sync 1 DAGs
[2023-08-21T23:59:42.787+0000] {logging_mixin.py:137} INFO - [2023-08-21T23:59:42.787+0000] {dag.py:3441} INFO - Setting next_dagrun for latest_only_with_trigger to 2023-08-21T19:59:42.786833+00:00, run_after=2023-08-21T23:59:42.786833+00:00
[2023-08-21T23:59:42.831+0000] {processor.py:175} INFO - Processing /home/airflow/.local/lib/python3.7/site-packages/airflow/example_dags/example_latest_only_with_trigger.py took 0.119 seconds
