[2023-08-21T23:49:38.021+0000] {processor.py:153} INFO - Started process (PID=59) to work on /home/airflow/.local/lib/python3.7/site-packages/airflow/example_dags/example_datasets.py
[2023-08-21T23:49:38.022+0000] {processor.py:743} INFO - Processing file /home/airflow/.local/lib/python3.7/site-packages/airflow/example_dags/example_datasets.py for tasks to queue
[2023-08-21T23:49:38.023+0000] {logging_mixin.py:137} INFO - [2023-08-21T23:49:38.023+0000] {dagbag.py:538} INFO - Filling up the DagBag from /home/airflow/.local/lib/python3.7/site-packages/airflow/example_dags/example_datasets.py
[2023-08-21T23:49:38.047+0000] {processor.py:753} INFO - DAG(s) dict_keys(['dataset_consumes_1_never_scheduled', 'dataset_consumes_unknown_never_scheduled', 'dataset_produces_2', 'dataset_consumes_1', 'dataset_produces_1', 'dataset_consumes_1_and_2']) retrieved from /home/airflow/.local/lib/python3.7/site-packages/airflow/example_dags/example_datasets.py
[2023-08-21T23:49:38.244+0000] {logging_mixin.py:137} INFO - [2023-08-21T23:49:38.244+0000] {manager.py:504} INFO - Created Permission View: can edit on DAG:dataset_consumes_1_never_scheduled
[2023-08-21T23:49:38.280+0000] {logging_mixin.py:137} INFO - [2023-08-21T23:49:38.279+0000] {manager.py:504} INFO - Created Permission View: can read on DAG:dataset_consumes_1_never_scheduled
[2023-08-21T23:49:38.329+0000] {logging_mixin.py:137} INFO - [2023-08-21T23:49:38.329+0000] {manager.py:504} INFO - Created Permission View: can delete on DAG:dataset_consumes_1_never_scheduled
[2023-08-21T23:49:38.438+0000] {logging_mixin.py:137} INFO - [2023-08-21T23:49:38.438+0000] {manager.py:504} INFO - Created Permission View: can edit on DAG:dataset_consumes_unknown_never_scheduled
[2023-08-21T23:49:38.499+0000] {logging_mixin.py:137} INFO - [2023-08-21T23:49:38.499+0000] {manager.py:504} INFO - Created Permission View: can read on DAG:dataset_consumes_unknown_never_scheduled
[2023-08-21T23:49:38.559+0000] {logging_mixin.py:137} INFO - [2023-08-21T23:49:38.559+0000] {manager.py:504} INFO - Created Permission View: can delete on DAG:dataset_consumes_unknown_never_scheduled
[2023-08-21T23:49:38.683+0000] {logging_mixin.py:137} INFO - [2023-08-21T23:49:38.682+0000] {manager.py:504} INFO - Created Permission View: can edit on DAG:dataset_produces_2
[2023-08-21T23:49:38.718+0000] {logging_mixin.py:137} INFO - [2023-08-21T23:49:38.718+0000] {manager.py:504} INFO - Created Permission View: can read on DAG:dataset_produces_2
[2023-08-21T23:49:38.754+0000] {logging_mixin.py:137} INFO - [2023-08-21T23:49:38.754+0000] {manager.py:504} INFO - Created Permission View: can delete on DAG:dataset_produces_2
[2023-08-21T23:49:38.850+0000] {logging_mixin.py:137} INFO - [2023-08-21T23:49:38.850+0000] {manager.py:504} INFO - Created Permission View: can edit on DAG:dataset_consumes_1
[2023-08-21T23:49:38.899+0000] {logging_mixin.py:137} INFO - [2023-08-21T23:49:38.899+0000] {manager.py:504} INFO - Created Permission View: can read on DAG:dataset_consumes_1
[2023-08-21T23:49:38.949+0000] {logging_mixin.py:137} INFO - [2023-08-21T23:49:38.948+0000] {manager.py:504} INFO - Created Permission View: can delete on DAG:dataset_consumes_1
[2023-08-21T23:49:39.022+0000] {logging_mixin.py:137} INFO - [2023-08-21T23:49:39.022+0000] {manager.py:504} INFO - Created Permission View: can edit on DAG:dataset_produces_1
[2023-08-21T23:49:39.071+0000] {logging_mixin.py:137} INFO - [2023-08-21T23:49:39.071+0000] {manager.py:504} INFO - Created Permission View: can read on DAG:dataset_produces_1
[2023-08-21T23:49:39.107+0000] {logging_mixin.py:137} INFO - [2023-08-21T23:49:39.107+0000] {manager.py:504} INFO - Created Permission View: can delete on DAG:dataset_produces_1
[2023-08-21T23:49:39.179+0000] {logging_mixin.py:137} INFO - [2023-08-21T23:49:39.178+0000] {manager.py:504} INFO - Created Permission View: can edit on DAG:dataset_consumes_1_and_2
[2023-08-21T23:49:39.215+0000] {logging_mixin.py:137} INFO - [2023-08-21T23:49:39.214+0000] {manager.py:504} INFO - Created Permission View: can read on DAG:dataset_consumes_1_and_2
[2023-08-21T23:49:39.250+0000] {logging_mixin.py:137} INFO - [2023-08-21T23:49:39.250+0000] {manager.py:504} INFO - Created Permission View: can delete on DAG:dataset_consumes_1_and_2
[2023-08-21T23:49:39.251+0000] {logging_mixin.py:137} INFO - [2023-08-21T23:49:39.251+0000] {dag.py:2690} INFO - Sync 6 DAGs
[2023-08-21T23:49:39.267+0000] {logging_mixin.py:137} INFO - [2023-08-21T23:49:39.266+0000] {dag.py:2711} INFO - Creating ORM DAG for dataset_consumes_unknown_never_scheduled
[2023-08-21T23:49:39.267+0000] {logging_mixin.py:137} INFO - [2023-08-21T23:49:39.267+0000] {dag.py:2711} INFO - Creating ORM DAG for dataset_produces_1
[2023-08-21T23:49:39.268+0000] {logging_mixin.py:137} INFO - [2023-08-21T23:49:39.268+0000] {dag.py:2711} INFO - Creating ORM DAG for dataset_consumes_1_never_scheduled
[2023-08-21T23:49:39.268+0000] {logging_mixin.py:137} INFO - [2023-08-21T23:49:39.268+0000] {dag.py:2711} INFO - Creating ORM DAG for dataset_consumes_1
[2023-08-21T23:49:39.269+0000] {logging_mixin.py:137} INFO - [2023-08-21T23:49:39.269+0000] {dag.py:2711} INFO - Creating ORM DAG for dataset_consumes_1_and_2
[2023-08-21T23:49:39.270+0000] {logging_mixin.py:137} INFO - [2023-08-21T23:49:39.270+0000] {dag.py:2711} INFO - Creating ORM DAG for dataset_produces_2
[2023-08-21T23:49:39.285+0000] {logging_mixin.py:137} INFO - [2023-08-21T23:49:39.284+0000] {dag.py:3441} INFO - Setting next_dagrun for dataset_consumes_1 to None, run_after=None
[2023-08-21T23:49:39.286+0000] {logging_mixin.py:137} INFO - [2023-08-21T23:49:39.286+0000] {dag.py:3441} INFO - Setting next_dagrun for dataset_consumes_1_and_2 to None, run_after=None
[2023-08-21T23:49:39.287+0000] {logging_mixin.py:137} INFO - [2023-08-21T23:49:39.286+0000] {dag.py:3441} INFO - Setting next_dagrun for dataset_consumes_1_never_scheduled to None, run_after=None
[2023-08-21T23:49:39.287+0000] {logging_mixin.py:137} INFO - [2023-08-21T23:49:39.287+0000] {dag.py:3441} INFO - Setting next_dagrun for dataset_consumes_unknown_never_scheduled to None, run_after=None
[2023-08-21T23:49:39.291+0000] {logging_mixin.py:137} INFO - [2023-08-21T23:49:39.291+0000] {dag.py:3441} INFO - Setting next_dagrun for dataset_produces_1 to 2023-08-20T00:00:00+00:00, run_after=2023-08-21T00:00:00+00:00
[2023-08-21T23:49:39.292+0000] {logging_mixin.py:137} INFO - [2023-08-21T23:49:39.292+0000] {dag.py:3441} INFO - Setting next_dagrun for dataset_produces_2 to None, run_after=None
[2023-08-21T23:49:39.536+0000] {processor.py:175} INFO - Processing /home/airflow/.local/lib/python3.7/site-packages/airflow/example_dags/example_datasets.py took 1.521 seconds
[2023-08-21T23:50:09.835+0000] {processor.py:153} INFO - Started process (PID=123) to work on /home/airflow/.local/lib/python3.7/site-packages/airflow/example_dags/example_datasets.py
[2023-08-21T23:50:09.836+0000] {processor.py:743} INFO - Processing file /home/airflow/.local/lib/python3.7/site-packages/airflow/example_dags/example_datasets.py for tasks to queue
[2023-08-21T23:50:09.838+0000] {logging_mixin.py:137} INFO - [2023-08-21T23:50:09.837+0000] {dagbag.py:538} INFO - Filling up the DagBag from /home/airflow/.local/lib/python3.7/site-packages/airflow/example_dags/example_datasets.py
[2023-08-21T23:50:09.859+0000] {processor.py:753} INFO - DAG(s) dict_keys(['dataset_consumes_1_never_scheduled', 'dataset_consumes_unknown_never_scheduled', 'dataset_consumes_1', 'dataset_produces_2', 'dataset_consumes_1_and_2', 'dataset_produces_1']) retrieved from /home/airflow/.local/lib/python3.7/site-packages/airflow/example_dags/example_datasets.py
[2023-08-21T23:50:09.911+0000] {logging_mixin.py:137} INFO - [2023-08-21T23:50:09.910+0000] {dag.py:2690} INFO - Sync 6 DAGs
[2023-08-21T23:50:09.945+0000] {logging_mixin.py:137} INFO - [2023-08-21T23:50:09.945+0000] {dag.py:3441} INFO - Setting next_dagrun for dataset_consumes_1 to None, run_after=None
[2023-08-21T23:50:09.951+0000] {logging_mixin.py:137} INFO - [2023-08-21T23:50:09.951+0000] {dag.py:3441} INFO - Setting next_dagrun for dataset_consumes_1_and_2 to None, run_after=None
[2023-08-21T23:50:09.953+0000] {logging_mixin.py:137} INFO - [2023-08-21T23:50:09.952+0000] {dag.py:3441} INFO - Setting next_dagrun for dataset_consumes_1_never_scheduled to None, run_after=None
[2023-08-21T23:50:09.954+0000] {logging_mixin.py:137} INFO - [2023-08-21T23:50:09.954+0000] {dag.py:3441} INFO - Setting next_dagrun for dataset_consumes_unknown_never_scheduled to None, run_after=None
[2023-08-21T23:50:09.957+0000] {logging_mixin.py:137} INFO - [2023-08-21T23:50:09.957+0000] {dag.py:3441} INFO - Setting next_dagrun for dataset_produces_1 to 2023-08-20T00:00:00+00:00, run_after=2023-08-21T00:00:00+00:00
[2023-08-21T23:50:09.958+0000] {logging_mixin.py:137} INFO - [2023-08-21T23:50:09.958+0000] {dag.py:3441} INFO - Setting next_dagrun for dataset_produces_2 to None, run_after=None
[2023-08-21T23:50:10.031+0000] {processor.py:175} INFO - Processing /home/airflow/.local/lib/python3.7/site-packages/airflow/example_dags/example_datasets.py took 0.202 seconds
[2023-08-21T23:50:40.380+0000] {processor.py:153} INFO - Started process (PID=199) to work on /home/airflow/.local/lib/python3.7/site-packages/airflow/example_dags/example_datasets.py
[2023-08-21T23:50:40.381+0000] {processor.py:743} INFO - Processing file /home/airflow/.local/lib/python3.7/site-packages/airflow/example_dags/example_datasets.py for tasks to queue
[2023-08-21T23:50:40.382+0000] {logging_mixin.py:137} INFO - [2023-08-21T23:50:40.382+0000] {dagbag.py:538} INFO - Filling up the DagBag from /home/airflow/.local/lib/python3.7/site-packages/airflow/example_dags/example_datasets.py
[2023-08-21T23:50:40.397+0000] {processor.py:753} INFO - DAG(s) dict_keys(['dataset_produces_2', 'dataset_consumes_1_and_2', 'dataset_consumes_1', 'dataset_consumes_unknown_never_scheduled', 'dataset_produces_1', 'dataset_consumes_1_never_scheduled']) retrieved from /home/airflow/.local/lib/python3.7/site-packages/airflow/example_dags/example_datasets.py
[2023-08-21T23:50:40.439+0000] {logging_mixin.py:137} INFO - [2023-08-21T23:50:40.439+0000] {dag.py:2690} INFO - Sync 6 DAGs
[2023-08-21T23:50:40.470+0000] {logging_mixin.py:137} INFO - [2023-08-21T23:50:40.469+0000] {dag.py:3441} INFO - Setting next_dagrun for dataset_consumes_1 to None, run_after=None
[2023-08-21T23:50:40.474+0000] {logging_mixin.py:137} INFO - [2023-08-21T23:50:40.474+0000] {dag.py:3441} INFO - Setting next_dagrun for dataset_consumes_1_and_2 to None, run_after=None
[2023-08-21T23:50:40.475+0000] {logging_mixin.py:137} INFO - [2023-08-21T23:50:40.475+0000] {dag.py:3441} INFO - Setting next_dagrun for dataset_consumes_1_never_scheduled to None, run_after=None
[2023-08-21T23:50:40.477+0000] {logging_mixin.py:137} INFO - [2023-08-21T23:50:40.477+0000] {dag.py:3441} INFO - Setting next_dagrun for dataset_consumes_unknown_never_scheduled to None, run_after=None
[2023-08-21T23:50:40.480+0000] {logging_mixin.py:137} INFO - [2023-08-21T23:50:40.479+0000] {dag.py:3441} INFO - Setting next_dagrun for dataset_produces_1 to 2023-08-20T00:00:00+00:00, run_after=2023-08-21T00:00:00+00:00
[2023-08-21T23:50:40.481+0000] {logging_mixin.py:137} INFO - [2023-08-21T23:50:40.481+0000] {dag.py:3441} INFO - Setting next_dagrun for dataset_produces_2 to None, run_after=None
[2023-08-21T23:50:40.575+0000] {processor.py:175} INFO - Processing /home/airflow/.local/lib/python3.7/site-packages/airflow/example_dags/example_datasets.py took 0.198 seconds
[2023-08-21T23:51:10.728+0000] {processor.py:153} INFO - Started process (PID=261) to work on /home/airflow/.local/lib/python3.7/site-packages/airflow/example_dags/example_datasets.py
[2023-08-21T23:51:10.729+0000] {processor.py:743} INFO - Processing file /home/airflow/.local/lib/python3.7/site-packages/airflow/example_dags/example_datasets.py for tasks to queue
[2023-08-21T23:51:10.730+0000] {logging_mixin.py:137} INFO - [2023-08-21T23:51:10.730+0000] {dagbag.py:538} INFO - Filling up the DagBag from /home/airflow/.local/lib/python3.7/site-packages/airflow/example_dags/example_datasets.py
[2023-08-21T23:51:10.745+0000] {processor.py:753} INFO - DAG(s) dict_keys(['dataset_consumes_1_and_2', 'dataset_consumes_1_never_scheduled', 'dataset_consumes_1', 'dataset_consumes_unknown_never_scheduled', 'dataset_produces_2', 'dataset_produces_1']) retrieved from /home/airflow/.local/lib/python3.7/site-packages/airflow/example_dags/example_datasets.py
[2023-08-21T23:51:10.784+0000] {logging_mixin.py:137} INFO - [2023-08-21T23:51:10.784+0000] {dag.py:2690} INFO - Sync 6 DAGs
[2023-08-21T23:51:10.809+0000] {logging_mixin.py:137} INFO - [2023-08-21T23:51:10.809+0000] {dag.py:3441} INFO - Setting next_dagrun for dataset_consumes_1 to None, run_after=None
[2023-08-21T23:51:10.812+0000] {logging_mixin.py:137} INFO - [2023-08-21T23:51:10.812+0000] {dag.py:3441} INFO - Setting next_dagrun for dataset_consumes_1_and_2 to None, run_after=None
[2023-08-21T23:51:10.813+0000] {logging_mixin.py:137} INFO - [2023-08-21T23:51:10.813+0000] {dag.py:3441} INFO - Setting next_dagrun for dataset_consumes_1_never_scheduled to None, run_after=None
[2023-08-21T23:51:10.814+0000] {logging_mixin.py:137} INFO - [2023-08-21T23:51:10.814+0000] {dag.py:3441} INFO - Setting next_dagrun for dataset_consumes_unknown_never_scheduled to None, run_after=None
[2023-08-21T23:51:10.816+0000] {logging_mixin.py:137} INFO - [2023-08-21T23:51:10.816+0000] {dag.py:3441} INFO - Setting next_dagrun for dataset_produces_1 to 2023-08-20T00:00:00+00:00, run_after=2023-08-21T00:00:00+00:00
[2023-08-21T23:51:10.817+0000] {logging_mixin.py:137} INFO - [2023-08-21T23:51:10.817+0000] {dag.py:3441} INFO - Setting next_dagrun for dataset_produces_2 to None, run_after=None
[2023-08-21T23:51:10.929+0000] {processor.py:175} INFO - Processing /home/airflow/.local/lib/python3.7/site-packages/airflow/example_dags/example_datasets.py took 0.204 seconds
[2023-08-21T23:51:41.344+0000] {processor.py:153} INFO - Started process (PID=335) to work on /home/airflow/.local/lib/python3.7/site-packages/airflow/example_dags/example_datasets.py
[2023-08-21T23:51:41.345+0000] {processor.py:743} INFO - Processing file /home/airflow/.local/lib/python3.7/site-packages/airflow/example_dags/example_datasets.py for tasks to queue
[2023-08-21T23:51:41.345+0000] {logging_mixin.py:137} INFO - [2023-08-21T23:51:41.345+0000] {dagbag.py:538} INFO - Filling up the DagBag from /home/airflow/.local/lib/python3.7/site-packages/airflow/example_dags/example_datasets.py
[2023-08-21T23:51:41.360+0000] {processor.py:753} INFO - DAG(s) dict_keys(['dataset_consumes_1_never_scheduled', 'dataset_produces_1', 'dataset_consumes_1_and_2', 'dataset_consumes_1', 'dataset_consumes_unknown_never_scheduled', 'dataset_produces_2']) retrieved from /home/airflow/.local/lib/python3.7/site-packages/airflow/example_dags/example_datasets.py
[2023-08-21T23:51:41.397+0000] {logging_mixin.py:137} INFO - [2023-08-21T23:51:41.397+0000] {dag.py:2690} INFO - Sync 6 DAGs
[2023-08-21T23:51:41.422+0000] {logging_mixin.py:137} INFO - [2023-08-21T23:51:41.422+0000] {dag.py:3441} INFO - Setting next_dagrun for dataset_consumes_1 to None, run_after=None
[2023-08-21T23:51:41.425+0000] {logging_mixin.py:137} INFO - [2023-08-21T23:51:41.425+0000] {dag.py:3441} INFO - Setting next_dagrun for dataset_consumes_1_and_2 to None, run_after=None
[2023-08-21T23:51:41.427+0000] {logging_mixin.py:137} INFO - [2023-08-21T23:51:41.426+0000] {dag.py:3441} INFO - Setting next_dagrun for dataset_consumes_1_never_scheduled to None, run_after=None
[2023-08-21T23:51:41.428+0000] {logging_mixin.py:137} INFO - [2023-08-21T23:51:41.428+0000] {dag.py:3441} INFO - Setting next_dagrun for dataset_consumes_unknown_never_scheduled to None, run_after=None
[2023-08-21T23:51:41.430+0000] {logging_mixin.py:137} INFO - [2023-08-21T23:51:41.430+0000] {dag.py:3441} INFO - Setting next_dagrun for dataset_produces_1 to 2023-08-20T00:00:00+00:00, run_after=2023-08-21T00:00:00+00:00
[2023-08-21T23:51:41.431+0000] {logging_mixin.py:137} INFO - [2023-08-21T23:51:41.431+0000] {dag.py:3441} INFO - Setting next_dagrun for dataset_produces_2 to None, run_after=None
[2023-08-21T23:51:41.496+0000] {processor.py:175} INFO - Processing /home/airflow/.local/lib/python3.7/site-packages/airflow/example_dags/example_datasets.py took 0.155 seconds
[2023-08-21T23:52:12.374+0000] {processor.py:153} INFO - Started process (PID=398) to work on /home/airflow/.local/lib/python3.7/site-packages/airflow/example_dags/example_datasets.py
[2023-08-21T23:52:12.375+0000] {processor.py:743} INFO - Processing file /home/airflow/.local/lib/python3.7/site-packages/airflow/example_dags/example_datasets.py for tasks to queue
[2023-08-21T23:52:12.376+0000] {logging_mixin.py:137} INFO - [2023-08-21T23:52:12.376+0000] {dagbag.py:538} INFO - Filling up the DagBag from /home/airflow/.local/lib/python3.7/site-packages/airflow/example_dags/example_datasets.py
[2023-08-21T23:52:12.398+0000] {processor.py:753} INFO - DAG(s) dict_keys(['dataset_consumes_1_never_scheduled', 'dataset_consumes_1', 'dataset_produces_2', 'dataset_consumes_1_and_2', 'dataset_produces_1', 'dataset_consumes_unknown_never_scheduled']) retrieved from /home/airflow/.local/lib/python3.7/site-packages/airflow/example_dags/example_datasets.py
[2023-08-21T23:52:12.439+0000] {logging_mixin.py:137} INFO - [2023-08-21T23:52:12.439+0000] {dag.py:2690} INFO - Sync 6 DAGs
[2023-08-21T23:52:12.464+0000] {logging_mixin.py:137} INFO - [2023-08-21T23:52:12.464+0000] {dag.py:3441} INFO - Setting next_dagrun for dataset_consumes_1 to None, run_after=None
[2023-08-21T23:52:12.467+0000] {logging_mixin.py:137} INFO - [2023-08-21T23:52:12.467+0000] {dag.py:3441} INFO - Setting next_dagrun for dataset_consumes_1_and_2 to None, run_after=None
[2023-08-21T23:52:12.468+0000] {logging_mixin.py:137} INFO - [2023-08-21T23:52:12.468+0000] {dag.py:3441} INFO - Setting next_dagrun for dataset_consumes_1_never_scheduled to None, run_after=None
[2023-08-21T23:52:12.469+0000] {logging_mixin.py:137} INFO - [2023-08-21T23:52:12.469+0000] {dag.py:3441} INFO - Setting next_dagrun for dataset_consumes_unknown_never_scheduled to None, run_after=None
[2023-08-21T23:52:12.471+0000] {logging_mixin.py:137} INFO - [2023-08-21T23:52:12.471+0000] {dag.py:3441} INFO - Setting next_dagrun for dataset_produces_1 to 2023-08-20T00:00:00+00:00, run_after=2023-08-21T00:00:00+00:00
[2023-08-21T23:52:12.472+0000] {logging_mixin.py:137} INFO - [2023-08-21T23:52:12.472+0000] {dag.py:3441} INFO - Setting next_dagrun for dataset_produces_2 to None, run_after=None
[2023-08-21T23:52:12.697+0000] {processor.py:175} INFO - Processing /home/airflow/.local/lib/python3.7/site-packages/airflow/example_dags/example_datasets.py took 0.327 seconds
[2023-08-21T23:52:43.436+0000] {processor.py:153} INFO - Started process (PID=472) to work on /home/airflow/.local/lib/python3.7/site-packages/airflow/example_dags/example_datasets.py
[2023-08-21T23:52:43.437+0000] {processor.py:743} INFO - Processing file /home/airflow/.local/lib/python3.7/site-packages/airflow/example_dags/example_datasets.py for tasks to queue
[2023-08-21T23:52:43.438+0000] {logging_mixin.py:137} INFO - [2023-08-21T23:52:43.438+0000] {dagbag.py:538} INFO - Filling up the DagBag from /home/airflow/.local/lib/python3.7/site-packages/airflow/example_dags/example_datasets.py
[2023-08-21T23:52:43.459+0000] {processor.py:753} INFO - DAG(s) dict_keys(['dataset_consumes_1_and_2', 'dataset_produces_2', 'dataset_produces_1', 'dataset_consumes_1', 'dataset_consumes_1_never_scheduled', 'dataset_consumes_unknown_never_scheduled']) retrieved from /home/airflow/.local/lib/python3.7/site-packages/airflow/example_dags/example_datasets.py
[2023-08-21T23:52:43.515+0000] {logging_mixin.py:137} INFO - [2023-08-21T23:52:43.514+0000] {dag.py:2690} INFO - Sync 6 DAGs
[2023-08-21T23:52:43.558+0000] {logging_mixin.py:137} INFO - [2023-08-21T23:52:43.558+0000] {dag.py:3441} INFO - Setting next_dagrun for dataset_consumes_1 to None, run_after=None
[2023-08-21T23:52:43.563+0000] {logging_mixin.py:137} INFO - [2023-08-21T23:52:43.562+0000] {dag.py:3441} INFO - Setting next_dagrun for dataset_consumes_1_and_2 to None, run_after=None
[2023-08-21T23:52:43.564+0000] {logging_mixin.py:137} INFO - [2023-08-21T23:52:43.564+0000] {dag.py:3441} INFO - Setting next_dagrun for dataset_consumes_1_never_scheduled to None, run_after=None
[2023-08-21T23:52:43.566+0000] {logging_mixin.py:137} INFO - [2023-08-21T23:52:43.565+0000] {dag.py:3441} INFO - Setting next_dagrun for dataset_consumes_unknown_never_scheduled to None, run_after=None
[2023-08-21T23:52:43.569+0000] {logging_mixin.py:137} INFO - [2023-08-21T23:52:43.569+0000] {dag.py:3441} INFO - Setting next_dagrun for dataset_produces_1 to 2023-08-20T00:00:00+00:00, run_after=2023-08-21T00:00:00+00:00
[2023-08-21T23:52:43.570+0000] {logging_mixin.py:137} INFO - [2023-08-21T23:52:43.570+0000] {dag.py:3441} INFO - Setting next_dagrun for dataset_produces_2 to None, run_after=None
[2023-08-21T23:52:43.650+0000] {processor.py:175} INFO - Processing /home/airflow/.local/lib/python3.7/site-packages/airflow/example_dags/example_datasets.py took 0.217 seconds
[2023-08-21T23:53:13.738+0000] {processor.py:153} INFO - Started process (PID=536) to work on /home/airflow/.local/lib/python3.7/site-packages/airflow/example_dags/example_datasets.py
[2023-08-21T23:53:13.739+0000] {processor.py:743} INFO - Processing file /home/airflow/.local/lib/python3.7/site-packages/airflow/example_dags/example_datasets.py for tasks to queue
[2023-08-21T23:53:13.740+0000] {logging_mixin.py:137} INFO - [2023-08-21T23:53:13.740+0000] {dagbag.py:538} INFO - Filling up the DagBag from /home/airflow/.local/lib/python3.7/site-packages/airflow/example_dags/example_datasets.py
[2023-08-21T23:53:13.757+0000] {processor.py:753} INFO - DAG(s) dict_keys(['dataset_consumes_1_never_scheduled', 'dataset_produces_1', 'dataset_consumes_1', 'dataset_produces_2', 'dataset_consumes_unknown_never_scheduled', 'dataset_consumes_1_and_2']) retrieved from /home/airflow/.local/lib/python3.7/site-packages/airflow/example_dags/example_datasets.py
[2023-08-21T23:53:13.803+0000] {logging_mixin.py:137} INFO - [2023-08-21T23:53:13.803+0000] {dag.py:2690} INFO - Sync 6 DAGs
[2023-08-21T23:53:13.834+0000] {logging_mixin.py:137} INFO - [2023-08-21T23:53:13.834+0000] {dag.py:3441} INFO - Setting next_dagrun for dataset_consumes_1 to None, run_after=None
[2023-08-21T23:53:13.839+0000] {logging_mixin.py:137} INFO - [2023-08-21T23:53:13.839+0000] {dag.py:3441} INFO - Setting next_dagrun for dataset_consumes_1_and_2 to None, run_after=None
[2023-08-21T23:53:13.840+0000] {logging_mixin.py:137} INFO - [2023-08-21T23:53:13.840+0000] {dag.py:3441} INFO - Setting next_dagrun for dataset_consumes_1_never_scheduled to None, run_after=None
[2023-08-21T23:53:13.842+0000] {logging_mixin.py:137} INFO - [2023-08-21T23:53:13.842+0000] {dag.py:3441} INFO - Setting next_dagrun for dataset_consumes_unknown_never_scheduled to None, run_after=None
[2023-08-21T23:53:13.845+0000] {logging_mixin.py:137} INFO - [2023-08-21T23:53:13.844+0000] {dag.py:3441} INFO - Setting next_dagrun for dataset_produces_1 to 2023-08-20T00:00:00+00:00, run_after=2023-08-21T00:00:00+00:00
[2023-08-21T23:53:13.846+0000] {logging_mixin.py:137} INFO - [2023-08-21T23:53:13.846+0000] {dag.py:3441} INFO - Setting next_dagrun for dataset_produces_2 to None, run_after=None
[2023-08-21T23:53:13.914+0000] {processor.py:175} INFO - Processing /home/airflow/.local/lib/python3.7/site-packages/airflow/example_dags/example_datasets.py took 0.179 seconds
[2023-08-21T23:53:44.113+0000] {processor.py:153} INFO - Started process (PID=610) to work on /home/airflow/.local/lib/python3.7/site-packages/airflow/example_dags/example_datasets.py
[2023-08-21T23:53:44.113+0000] {processor.py:743} INFO - Processing file /home/airflow/.local/lib/python3.7/site-packages/airflow/example_dags/example_datasets.py for tasks to queue
[2023-08-21T23:53:44.114+0000] {logging_mixin.py:137} INFO - [2023-08-21T23:53:44.114+0000] {dagbag.py:538} INFO - Filling up the DagBag from /home/airflow/.local/lib/python3.7/site-packages/airflow/example_dags/example_datasets.py
[2023-08-21T23:53:44.131+0000] {processor.py:753} INFO - DAG(s) dict_keys(['dataset_consumes_1_and_2', 'dataset_consumes_1_never_scheduled', 'dataset_consumes_1', 'dataset_produces_1', 'dataset_produces_2', 'dataset_consumes_unknown_never_scheduled']) retrieved from /home/airflow/.local/lib/python3.7/site-packages/airflow/example_dags/example_datasets.py
[2023-08-21T23:53:44.172+0000] {logging_mixin.py:137} INFO - [2023-08-21T23:53:44.172+0000] {dag.py:2690} INFO - Sync 6 DAGs
[2023-08-21T23:53:44.206+0000] {logging_mixin.py:137} INFO - [2023-08-21T23:53:44.206+0000] {dag.py:3441} INFO - Setting next_dagrun for dataset_consumes_1 to None, run_after=None
[2023-08-21T23:53:44.210+0000] {logging_mixin.py:137} INFO - [2023-08-21T23:53:44.210+0000] {dag.py:3441} INFO - Setting next_dagrun for dataset_consumes_1_and_2 to None, run_after=None
[2023-08-21T23:53:44.212+0000] {logging_mixin.py:137} INFO - [2023-08-21T23:53:44.212+0000] {dag.py:3441} INFO - Setting next_dagrun for dataset_consumes_1_never_scheduled to None, run_after=None
[2023-08-21T23:53:44.213+0000] {logging_mixin.py:137} INFO - [2023-08-21T23:53:44.213+0000] {dag.py:3441} INFO - Setting next_dagrun for dataset_consumes_unknown_never_scheduled to None, run_after=None
[2023-08-21T23:53:44.215+0000] {logging_mixin.py:137} INFO - [2023-08-21T23:53:44.215+0000] {dag.py:3441} INFO - Setting next_dagrun for dataset_produces_1 to 2023-08-20T00:00:00+00:00, run_after=2023-08-21T00:00:00+00:00
[2023-08-21T23:53:44.217+0000] {logging_mixin.py:137} INFO - [2023-08-21T23:53:44.216+0000] {dag.py:3441} INFO - Setting next_dagrun for dataset_produces_2 to None, run_after=None
[2023-08-21T23:53:44.293+0000] {processor.py:175} INFO - Processing /home/airflow/.local/lib/python3.7/site-packages/airflow/example_dags/example_datasets.py took 0.186 seconds
[2023-08-21T23:54:14.571+0000] {processor.py:153} INFO - Started process (PID=674) to work on /home/airflow/.local/lib/python3.7/site-packages/airflow/example_dags/example_datasets.py
[2023-08-21T23:54:14.572+0000] {processor.py:743} INFO - Processing file /home/airflow/.local/lib/python3.7/site-packages/airflow/example_dags/example_datasets.py for tasks to queue
[2023-08-21T23:54:14.573+0000] {logging_mixin.py:137} INFO - [2023-08-21T23:54:14.573+0000] {dagbag.py:538} INFO - Filling up the DagBag from /home/airflow/.local/lib/python3.7/site-packages/airflow/example_dags/example_datasets.py
[2023-08-21T23:54:14.591+0000] {processor.py:753} INFO - DAG(s) dict_keys(['dataset_produces_2', 'dataset_consumes_1', 'dataset_consumes_unknown_never_scheduled', 'dataset_consumes_1_never_scheduled', 'dataset_produces_1', 'dataset_consumes_1_and_2']) retrieved from /home/airflow/.local/lib/python3.7/site-packages/airflow/example_dags/example_datasets.py
[2023-08-21T23:54:14.644+0000] {logging_mixin.py:137} INFO - [2023-08-21T23:54:14.644+0000] {dag.py:2690} INFO - Sync 6 DAGs
[2023-08-21T23:54:14.676+0000] {logging_mixin.py:137} INFO - [2023-08-21T23:54:14.676+0000] {dag.py:3441} INFO - Setting next_dagrun for dataset_consumes_1 to None, run_after=None
[2023-08-21T23:54:14.680+0000] {logging_mixin.py:137} INFO - [2023-08-21T23:54:14.680+0000] {dag.py:3441} INFO - Setting next_dagrun for dataset_consumes_1_and_2 to None, run_after=None
[2023-08-21T23:54:14.681+0000] {logging_mixin.py:137} INFO - [2023-08-21T23:54:14.681+0000] {dag.py:3441} INFO - Setting next_dagrun for dataset_consumes_1_never_scheduled to None, run_after=None
[2023-08-21T23:54:14.683+0000] {logging_mixin.py:137} INFO - [2023-08-21T23:54:14.682+0000] {dag.py:3441} INFO - Setting next_dagrun for dataset_consumes_unknown_never_scheduled to None, run_after=None
[2023-08-21T23:54:14.686+0000] {logging_mixin.py:137} INFO - [2023-08-21T23:54:14.686+0000] {dag.py:3441} INFO - Setting next_dagrun for dataset_produces_1 to 2023-08-20T00:00:00+00:00, run_after=2023-08-21T00:00:00+00:00
[2023-08-21T23:54:14.687+0000] {logging_mixin.py:137} INFO - [2023-08-21T23:54:14.687+0000] {dag.py:3441} INFO - Setting next_dagrun for dataset_produces_2 to None, run_after=None
[2023-08-21T23:54:14.787+0000] {processor.py:175} INFO - Processing /home/airflow/.local/lib/python3.7/site-packages/airflow/example_dags/example_datasets.py took 0.220 seconds
[2023-08-21T23:54:45.280+0000] {processor.py:153} INFO - Started process (PID=749) to work on /home/airflow/.local/lib/python3.7/site-packages/airflow/example_dags/example_datasets.py
[2023-08-21T23:54:45.281+0000] {processor.py:743} INFO - Processing file /home/airflow/.local/lib/python3.7/site-packages/airflow/example_dags/example_datasets.py for tasks to queue
[2023-08-21T23:54:45.281+0000] {logging_mixin.py:137} INFO - [2023-08-21T23:54:45.281+0000] {dagbag.py:538} INFO - Filling up the DagBag from /home/airflow/.local/lib/python3.7/site-packages/airflow/example_dags/example_datasets.py
[2023-08-21T23:54:45.301+0000] {processor.py:753} INFO - DAG(s) dict_keys(['dataset_consumes_unknown_never_scheduled', 'dataset_produces_1', 'dataset_consumes_1_never_scheduled', 'dataset_consumes_1', 'dataset_consumes_1_and_2', 'dataset_produces_2']) retrieved from /home/airflow/.local/lib/python3.7/site-packages/airflow/example_dags/example_datasets.py
[2023-08-21T23:54:45.349+0000] {logging_mixin.py:137} INFO - [2023-08-21T23:54:45.349+0000] {dag.py:2690} INFO - Sync 6 DAGs
[2023-08-21T23:54:45.382+0000] {logging_mixin.py:137} INFO - [2023-08-21T23:54:45.382+0000] {dag.py:3441} INFO - Setting next_dagrun for dataset_consumes_1 to None, run_after=None
[2023-08-21T23:54:45.386+0000] {logging_mixin.py:137} INFO - [2023-08-21T23:54:45.386+0000] {dag.py:3441} INFO - Setting next_dagrun for dataset_consumes_1_and_2 to None, run_after=None
[2023-08-21T23:54:45.387+0000] {logging_mixin.py:137} INFO - [2023-08-21T23:54:45.387+0000] {dag.py:3441} INFO - Setting next_dagrun for dataset_consumes_1_never_scheduled to None, run_after=None
[2023-08-21T23:54:45.388+0000] {logging_mixin.py:137} INFO - [2023-08-21T23:54:45.388+0000] {dag.py:3441} INFO - Setting next_dagrun for dataset_consumes_unknown_never_scheduled to None, run_after=None
[2023-08-21T23:54:45.391+0000] {logging_mixin.py:137} INFO - [2023-08-21T23:54:45.391+0000] {dag.py:3441} INFO - Setting next_dagrun for dataset_produces_1 to 2023-08-20T00:00:00+00:00, run_after=2023-08-21T00:00:00+00:00
[2023-08-21T23:54:45.393+0000] {logging_mixin.py:137} INFO - [2023-08-21T23:54:45.393+0000] {dag.py:3441} INFO - Setting next_dagrun for dataset_produces_2 to None, run_after=None
[2023-08-21T23:54:45.484+0000] {processor.py:175} INFO - Processing /home/airflow/.local/lib/python3.7/site-packages/airflow/example_dags/example_datasets.py took 0.216 seconds
[2023-08-21T23:55:15.561+0000] {processor.py:153} INFO - Started process (PID=813) to work on /home/airflow/.local/lib/python3.7/site-packages/airflow/example_dags/example_datasets.py
[2023-08-21T23:55:15.562+0000] {processor.py:743} INFO - Processing file /home/airflow/.local/lib/python3.7/site-packages/airflow/example_dags/example_datasets.py for tasks to queue
[2023-08-21T23:55:15.563+0000] {logging_mixin.py:137} INFO - [2023-08-21T23:55:15.563+0000] {dagbag.py:538} INFO - Filling up the DagBag from /home/airflow/.local/lib/python3.7/site-packages/airflow/example_dags/example_datasets.py
[2023-08-21T23:55:15.581+0000] {processor.py:753} INFO - DAG(s) dict_keys(['dataset_consumes_1_never_scheduled', 'dataset_produces_2', 'dataset_consumes_1_and_2', 'dataset_produces_1', 'dataset_consumes_1', 'dataset_consumes_unknown_never_scheduled']) retrieved from /home/airflow/.local/lib/python3.7/site-packages/airflow/example_dags/example_datasets.py
[2023-08-21T23:55:15.644+0000] {logging_mixin.py:137} INFO - [2023-08-21T23:55:15.644+0000] {dag.py:2690} INFO - Sync 6 DAGs
[2023-08-21T23:55:15.685+0000] {logging_mixin.py:137} INFO - [2023-08-21T23:55:15.685+0000] {dag.py:3441} INFO - Setting next_dagrun for dataset_consumes_1 to None, run_after=None
[2023-08-21T23:55:15.690+0000] {logging_mixin.py:137} INFO - [2023-08-21T23:55:15.689+0000] {dag.py:3441} INFO - Setting next_dagrun for dataset_consumes_1_and_2 to None, run_after=None
[2023-08-21T23:55:15.691+0000] {logging_mixin.py:137} INFO - [2023-08-21T23:55:15.691+0000] {dag.py:3441} INFO - Setting next_dagrun for dataset_consumes_1_never_scheduled to None, run_after=None
[2023-08-21T23:55:15.692+0000] {logging_mixin.py:137} INFO - [2023-08-21T23:55:15.692+0000] {dag.py:3441} INFO - Setting next_dagrun for dataset_consumes_unknown_never_scheduled to None, run_after=None
[2023-08-21T23:55:15.695+0000] {logging_mixin.py:137} INFO - [2023-08-21T23:55:15.695+0000] {dag.py:3441} INFO - Setting next_dagrun for dataset_produces_1 to 2023-08-20T00:00:00+00:00, run_after=2023-08-21T00:00:00+00:00
[2023-08-21T23:55:15.696+0000] {logging_mixin.py:137} INFO - [2023-08-21T23:55:15.696+0000] {dag.py:3441} INFO - Setting next_dagrun for dataset_produces_2 to None, run_after=None
[2023-08-21T23:55:15.767+0000] {processor.py:175} INFO - Processing /home/airflow/.local/lib/python3.7/site-packages/airflow/example_dags/example_datasets.py took 0.210 seconds
[2023-08-21T23:55:46.162+0000] {processor.py:153} INFO - Started process (PID=887) to work on /home/airflow/.local/lib/python3.7/site-packages/airflow/example_dags/example_datasets.py
[2023-08-21T23:55:46.164+0000] {processor.py:743} INFO - Processing file /home/airflow/.local/lib/python3.7/site-packages/airflow/example_dags/example_datasets.py for tasks to queue
[2023-08-21T23:55:46.165+0000] {logging_mixin.py:137} INFO - [2023-08-21T23:55:46.165+0000] {dagbag.py:538} INFO - Filling up the DagBag from /home/airflow/.local/lib/python3.7/site-packages/airflow/example_dags/example_datasets.py
[2023-08-21T23:55:46.194+0000] {processor.py:753} INFO - DAG(s) dict_keys(['dataset_consumes_1', 'dataset_consumes_unknown_never_scheduled', 'dataset_consumes_1_never_scheduled', 'dataset_produces_1', 'dataset_consumes_1_and_2', 'dataset_produces_2']) retrieved from /home/airflow/.local/lib/python3.7/site-packages/airflow/example_dags/example_datasets.py
[2023-08-21T23:55:46.254+0000] {logging_mixin.py:137} INFO - [2023-08-21T23:55:46.253+0000] {dag.py:2690} INFO - Sync 6 DAGs
[2023-08-21T23:55:46.293+0000] {logging_mixin.py:137} INFO - [2023-08-21T23:55:46.293+0000] {dag.py:3441} INFO - Setting next_dagrun for dataset_consumes_1 to None, run_after=None
[2023-08-21T23:55:46.300+0000] {logging_mixin.py:137} INFO - [2023-08-21T23:55:46.299+0000] {dag.py:3441} INFO - Setting next_dagrun for dataset_consumes_1_and_2 to None, run_after=None
[2023-08-21T23:55:46.302+0000] {logging_mixin.py:137} INFO - [2023-08-21T23:55:46.302+0000] {dag.py:3441} INFO - Setting next_dagrun for dataset_consumes_1_never_scheduled to None, run_after=None
[2023-08-21T23:55:46.305+0000] {logging_mixin.py:137} INFO - [2023-08-21T23:55:46.304+0000] {dag.py:3441} INFO - Setting next_dagrun for dataset_consumes_unknown_never_scheduled to None, run_after=None
[2023-08-21T23:55:46.311+0000] {logging_mixin.py:137} INFO - [2023-08-21T23:55:46.310+0000] {dag.py:3441} INFO - Setting next_dagrun for dataset_produces_1 to 2023-08-20T00:00:00+00:00, run_after=2023-08-21T00:00:00+00:00
[2023-08-21T23:55:46.313+0000] {logging_mixin.py:137} INFO - [2023-08-21T23:55:46.313+0000] {dag.py:3441} INFO - Setting next_dagrun for dataset_produces_2 to None, run_after=None
[2023-08-21T23:55:46.422+0000] {processor.py:175} INFO - Processing /home/airflow/.local/lib/python3.7/site-packages/airflow/example_dags/example_datasets.py took 0.267 seconds
[2023-08-21T23:56:16.464+0000] {processor.py:153} INFO - Started process (PID=954) to work on /home/airflow/.local/lib/python3.7/site-packages/airflow/example_dags/example_datasets.py
[2023-08-21T23:56:16.465+0000] {processor.py:743} INFO - Processing file /home/airflow/.local/lib/python3.7/site-packages/airflow/example_dags/example_datasets.py for tasks to queue
[2023-08-21T23:56:16.466+0000] {logging_mixin.py:137} INFO - [2023-08-21T23:56:16.466+0000] {dagbag.py:538} INFO - Filling up the DagBag from /home/airflow/.local/lib/python3.7/site-packages/airflow/example_dags/example_datasets.py
[2023-08-21T23:56:16.484+0000] {processor.py:753} INFO - DAG(s) dict_keys(['dataset_consumes_1', 'dataset_produces_1', 'dataset_consumes_unknown_never_scheduled', 'dataset_consumes_1_and_2', 'dataset_produces_2', 'dataset_consumes_1_never_scheduled']) retrieved from /home/airflow/.local/lib/python3.7/site-packages/airflow/example_dags/example_datasets.py
[2023-08-21T23:56:16.531+0000] {logging_mixin.py:137} INFO - [2023-08-21T23:56:16.531+0000] {dag.py:2690} INFO - Sync 6 DAGs
[2023-08-21T23:56:16.564+0000] {logging_mixin.py:137} INFO - [2023-08-21T23:56:16.564+0000] {dag.py:3441} INFO - Setting next_dagrun for dataset_consumes_1 to None, run_after=None
[2023-08-21T23:56:16.569+0000] {logging_mixin.py:137} INFO - [2023-08-21T23:56:16.569+0000] {dag.py:3441} INFO - Setting next_dagrun for dataset_consumes_1_and_2 to None, run_after=None
[2023-08-21T23:56:16.571+0000] {logging_mixin.py:137} INFO - [2023-08-21T23:56:16.571+0000] {dag.py:3441} INFO - Setting next_dagrun for dataset_consumes_1_never_scheduled to None, run_after=None
[2023-08-21T23:56:16.573+0000] {logging_mixin.py:137} INFO - [2023-08-21T23:56:16.573+0000] {dag.py:3441} INFO - Setting next_dagrun for dataset_consumes_unknown_never_scheduled to None, run_after=None
[2023-08-21T23:56:16.577+0000] {logging_mixin.py:137} INFO - [2023-08-21T23:56:16.577+0000] {dag.py:3441} INFO - Setting next_dagrun for dataset_produces_1 to 2023-08-20T00:00:00+00:00, run_after=2023-08-21T00:00:00+00:00
[2023-08-21T23:56:16.579+0000] {logging_mixin.py:137} INFO - [2023-08-21T23:56:16.579+0000] {dag.py:3441} INFO - Setting next_dagrun for dataset_produces_2 to None, run_after=None
[2023-08-21T23:56:16.643+0000] {processor.py:175} INFO - Processing /home/airflow/.local/lib/python3.7/site-packages/airflow/example_dags/example_datasets.py took 0.183 seconds
[2023-08-21T23:56:46.672+0000] {processor.py:153} INFO - Started process (PID=1016) to work on /home/airflow/.local/lib/python3.7/site-packages/airflow/example_dags/example_datasets.py
[2023-08-21T23:56:46.674+0000] {processor.py:743} INFO - Processing file /home/airflow/.local/lib/python3.7/site-packages/airflow/example_dags/example_datasets.py for tasks to queue
[2023-08-21T23:56:46.675+0000] {logging_mixin.py:137} INFO - [2023-08-21T23:56:46.675+0000] {dagbag.py:538} INFO - Filling up the DagBag from /home/airflow/.local/lib/python3.7/site-packages/airflow/example_dags/example_datasets.py
[2023-08-21T23:56:46.698+0000] {processor.py:753} INFO - DAG(s) dict_keys(['dataset_consumes_1_and_2', 'dataset_consumes_1', 'dataset_consumes_1_never_scheduled', 'dataset_produces_1', 'dataset_produces_2', 'dataset_consumes_unknown_never_scheduled']) retrieved from /home/airflow/.local/lib/python3.7/site-packages/airflow/example_dags/example_datasets.py
[2023-08-21T23:56:46.751+0000] {logging_mixin.py:137} INFO - [2023-08-21T23:56:46.751+0000] {dag.py:2690} INFO - Sync 6 DAGs
[2023-08-21T23:56:46.783+0000] {logging_mixin.py:137} INFO - [2023-08-21T23:56:46.783+0000] {dag.py:3441} INFO - Setting next_dagrun for dataset_consumes_1 to None, run_after=None
[2023-08-21T23:56:46.787+0000] {logging_mixin.py:137} INFO - [2023-08-21T23:56:46.787+0000] {dag.py:3441} INFO - Setting next_dagrun for dataset_consumes_1_and_2 to None, run_after=None
[2023-08-21T23:56:46.789+0000] {logging_mixin.py:137} INFO - [2023-08-21T23:56:46.788+0000] {dag.py:3441} INFO - Setting next_dagrun for dataset_consumes_1_never_scheduled to None, run_after=None
[2023-08-21T23:56:46.790+0000] {logging_mixin.py:137} INFO - [2023-08-21T23:56:46.790+0000] {dag.py:3441} INFO - Setting next_dagrun for dataset_consumes_unknown_never_scheduled to None, run_after=None
[2023-08-21T23:56:46.795+0000] {logging_mixin.py:137} INFO - [2023-08-21T23:56:46.795+0000] {dag.py:3441} INFO - Setting next_dagrun for dataset_produces_1 to 2023-08-20T00:00:00+00:00, run_after=2023-08-21T00:00:00+00:00
[2023-08-21T23:56:46.797+0000] {logging_mixin.py:137} INFO - [2023-08-21T23:56:46.797+0000] {dag.py:3441} INFO - Setting next_dagrun for dataset_produces_2 to None, run_after=None
[2023-08-21T23:56:46.863+0000] {processor.py:175} INFO - Processing /home/airflow/.local/lib/python3.7/site-packages/airflow/example_dags/example_datasets.py took 0.197 seconds
[2023-08-21T23:57:16.920+0000] {processor.py:153} INFO - Started process (PID=1091) to work on /home/airflow/.local/lib/python3.7/site-packages/airflow/example_dags/example_datasets.py
[2023-08-21T23:57:16.922+0000] {processor.py:743} INFO - Processing file /home/airflow/.local/lib/python3.7/site-packages/airflow/example_dags/example_datasets.py for tasks to queue
[2023-08-21T23:57:16.924+0000] {logging_mixin.py:137} INFO - [2023-08-21T23:57:16.924+0000] {dagbag.py:538} INFO - Filling up the DagBag from /home/airflow/.local/lib/python3.7/site-packages/airflow/example_dags/example_datasets.py
[2023-08-21T23:57:16.942+0000] {processor.py:753} INFO - DAG(s) dict_keys(['dataset_consumes_1_never_scheduled', 'dataset_consumes_unknown_never_scheduled', 'dataset_produces_2', 'dataset_consumes_1_and_2', 'dataset_produces_1', 'dataset_consumes_1']) retrieved from /home/airflow/.local/lib/python3.7/site-packages/airflow/example_dags/example_datasets.py
[2023-08-21T23:57:16.983+0000] {logging_mixin.py:137} INFO - [2023-08-21T23:57:16.983+0000] {dag.py:2690} INFO - Sync 6 DAGs
[2023-08-21T23:57:17.013+0000] {logging_mixin.py:137} INFO - [2023-08-21T23:57:17.012+0000] {dag.py:3441} INFO - Setting next_dagrun for dataset_consumes_1 to None, run_after=None
[2023-08-21T23:57:17.017+0000] {logging_mixin.py:137} INFO - [2023-08-21T23:57:17.017+0000] {dag.py:3441} INFO - Setting next_dagrun for dataset_consumes_1_and_2 to None, run_after=None
[2023-08-21T23:57:17.018+0000] {logging_mixin.py:137} INFO - [2023-08-21T23:57:17.018+0000] {dag.py:3441} INFO - Setting next_dagrun for dataset_consumes_1_never_scheduled to None, run_after=None
[2023-08-21T23:57:17.019+0000] {logging_mixin.py:137} INFO - [2023-08-21T23:57:17.019+0000] {dag.py:3441} INFO - Setting next_dagrun for dataset_consumes_unknown_never_scheduled to None, run_after=None
[2023-08-21T23:57:17.022+0000] {logging_mixin.py:137} INFO - [2023-08-21T23:57:17.022+0000] {dag.py:3441} INFO - Setting next_dagrun for dataset_produces_1 to 2023-08-20T00:00:00+00:00, run_after=2023-08-21T00:00:00+00:00
[2023-08-21T23:57:17.024+0000] {logging_mixin.py:137} INFO - [2023-08-21T23:57:17.024+0000] {dag.py:3441} INFO - Setting next_dagrun for dataset_produces_2 to None, run_after=None
[2023-08-21T23:57:17.104+0000] {processor.py:175} INFO - Processing /home/airflow/.local/lib/python3.7/site-packages/airflow/example_dags/example_datasets.py took 0.188 seconds
[2023-08-21T23:57:47.192+0000] {processor.py:153} INFO - Started process (PID=1154) to work on /home/airflow/.local/lib/python3.7/site-packages/airflow/example_dags/example_datasets.py
[2023-08-21T23:57:47.193+0000] {processor.py:743} INFO - Processing file /home/airflow/.local/lib/python3.7/site-packages/airflow/example_dags/example_datasets.py for tasks to queue
[2023-08-21T23:57:47.194+0000] {logging_mixin.py:137} INFO - [2023-08-21T23:57:47.194+0000] {dagbag.py:538} INFO - Filling up the DagBag from /home/airflow/.local/lib/python3.7/site-packages/airflow/example_dags/example_datasets.py
[2023-08-21T23:57:47.243+0000] {processor.py:753} INFO - DAG(s) dict_keys(['dataset_consumes_1', 'dataset_consumes_1_and_2', 'dataset_consumes_1_never_scheduled', 'dataset_produces_2', 'dataset_produces_1', 'dataset_consumes_unknown_never_scheduled']) retrieved from /home/airflow/.local/lib/python3.7/site-packages/airflow/example_dags/example_datasets.py
[2023-08-21T23:57:47.313+0000] {logging_mixin.py:137} INFO - [2023-08-21T23:57:47.313+0000] {dag.py:2690} INFO - Sync 6 DAGs
[2023-08-21T23:57:47.354+0000] {logging_mixin.py:137} INFO - [2023-08-21T23:57:47.354+0000] {dag.py:3441} INFO - Setting next_dagrun for dataset_consumes_1 to None, run_after=None
[2023-08-21T23:57:47.358+0000] {logging_mixin.py:137} INFO - [2023-08-21T23:57:47.358+0000] {dag.py:3441} INFO - Setting next_dagrun for dataset_consumes_1_and_2 to None, run_after=None
[2023-08-21T23:57:47.359+0000] {logging_mixin.py:137} INFO - [2023-08-21T23:57:47.359+0000] {dag.py:3441} INFO - Setting next_dagrun for dataset_consumes_1_never_scheduled to None, run_after=None
[2023-08-21T23:57:47.360+0000] {logging_mixin.py:137} INFO - [2023-08-21T23:57:47.360+0000] {dag.py:3441} INFO - Setting next_dagrun for dataset_consumes_unknown_never_scheduled to None, run_after=None
[2023-08-21T23:57:47.364+0000] {logging_mixin.py:137} INFO - [2023-08-21T23:57:47.363+0000] {dag.py:3441} INFO - Setting next_dagrun for dataset_produces_1 to 2023-08-20T00:00:00+00:00, run_after=2023-08-21T00:00:00+00:00
[2023-08-21T23:57:47.365+0000] {logging_mixin.py:137} INFO - [2023-08-21T23:57:47.365+0000] {dag.py:3441} INFO - Setting next_dagrun for dataset_produces_2 to None, run_after=None
[2023-08-21T23:57:47.438+0000] {processor.py:175} INFO - Processing /home/airflow/.local/lib/python3.7/site-packages/airflow/example_dags/example_datasets.py took 0.253 seconds
[2023-08-21T23:58:17.678+0000] {processor.py:153} INFO - Started process (PID=1228) to work on /home/airflow/.local/lib/python3.7/site-packages/airflow/example_dags/example_datasets.py
[2023-08-21T23:58:17.680+0000] {processor.py:743} INFO - Processing file /home/airflow/.local/lib/python3.7/site-packages/airflow/example_dags/example_datasets.py for tasks to queue
[2023-08-21T23:58:17.681+0000] {logging_mixin.py:137} INFO - [2023-08-21T23:58:17.680+0000] {dagbag.py:538} INFO - Filling up the DagBag from /home/airflow/.local/lib/python3.7/site-packages/airflow/example_dags/example_datasets.py
[2023-08-21T23:58:17.702+0000] {processor.py:753} INFO - DAG(s) dict_keys(['dataset_consumes_1', 'dataset_produces_2', 'dataset_consumes_unknown_never_scheduled', 'dataset_produces_1', 'dataset_consumes_1_and_2', 'dataset_consumes_1_never_scheduled']) retrieved from /home/airflow/.local/lib/python3.7/site-packages/airflow/example_dags/example_datasets.py
[2023-08-21T23:58:17.743+0000] {logging_mixin.py:137} INFO - [2023-08-21T23:58:17.743+0000] {dag.py:2690} INFO - Sync 6 DAGs
[2023-08-21T23:58:17.772+0000] {logging_mixin.py:137} INFO - [2023-08-21T23:58:17.772+0000] {dag.py:3441} INFO - Setting next_dagrun for dataset_consumes_1 to None, run_after=None
[2023-08-21T23:58:17.776+0000] {logging_mixin.py:137} INFO - [2023-08-21T23:58:17.775+0000] {dag.py:3441} INFO - Setting next_dagrun for dataset_consumes_1_and_2 to None, run_after=None
[2023-08-21T23:58:17.777+0000] {logging_mixin.py:137} INFO - [2023-08-21T23:58:17.777+0000] {dag.py:3441} INFO - Setting next_dagrun for dataset_consumes_1_never_scheduled to None, run_after=None
[2023-08-21T23:58:17.778+0000] {logging_mixin.py:137} INFO - [2023-08-21T23:58:17.778+0000] {dag.py:3441} INFO - Setting next_dagrun for dataset_consumes_unknown_never_scheduled to None, run_after=None
[2023-08-21T23:58:17.781+0000] {logging_mixin.py:137} INFO - [2023-08-21T23:58:17.781+0000] {dag.py:3441} INFO - Setting next_dagrun for dataset_produces_1 to 2023-08-20T00:00:00+00:00, run_after=2023-08-21T00:00:00+00:00
[2023-08-21T23:58:17.783+0000] {logging_mixin.py:137} INFO - [2023-08-21T23:58:17.782+0000] {dag.py:3441} INFO - Setting next_dagrun for dataset_produces_2 to None, run_after=None
[2023-08-21T23:58:17.858+0000] {processor.py:175} INFO - Processing /home/airflow/.local/lib/python3.7/site-packages/airflow/example_dags/example_datasets.py took 0.185 seconds
[2023-08-21T23:58:48.011+0000] {processor.py:153} INFO - Started process (PID=1291) to work on /home/airflow/.local/lib/python3.7/site-packages/airflow/example_dags/example_datasets.py
[2023-08-21T23:58:48.012+0000] {processor.py:743} INFO - Processing file /home/airflow/.local/lib/python3.7/site-packages/airflow/example_dags/example_datasets.py for tasks to queue
[2023-08-21T23:58:48.013+0000] {logging_mixin.py:137} INFO - [2023-08-21T23:58:48.013+0000] {dagbag.py:538} INFO - Filling up the DagBag from /home/airflow/.local/lib/python3.7/site-packages/airflow/example_dags/example_datasets.py
[2023-08-21T23:58:48.033+0000] {processor.py:753} INFO - DAG(s) dict_keys(['dataset_consumes_1_and_2', 'dataset_produces_2', 'dataset_consumes_unknown_never_scheduled', 'dataset_produces_1', 'dataset_consumes_1_never_scheduled', 'dataset_consumes_1']) retrieved from /home/airflow/.local/lib/python3.7/site-packages/airflow/example_dags/example_datasets.py
[2023-08-21T23:58:48.084+0000] {logging_mixin.py:137} INFO - [2023-08-21T23:58:48.084+0000] {dag.py:2690} INFO - Sync 6 DAGs
[2023-08-21T23:58:48.132+0000] {logging_mixin.py:137} INFO - [2023-08-21T23:58:48.132+0000] {dag.py:3441} INFO - Setting next_dagrun for dataset_consumes_1 to None, run_after=None
[2023-08-21T23:58:48.138+0000] {logging_mixin.py:137} INFO - [2023-08-21T23:58:48.138+0000] {dag.py:3441} INFO - Setting next_dagrun for dataset_consumes_1_and_2 to None, run_after=None
[2023-08-21T23:58:48.140+0000] {logging_mixin.py:137} INFO - [2023-08-21T23:58:48.140+0000] {dag.py:3441} INFO - Setting next_dagrun for dataset_consumes_1_never_scheduled to None, run_after=None
[2023-08-21T23:58:48.142+0000] {logging_mixin.py:137} INFO - [2023-08-21T23:58:48.141+0000] {dag.py:3441} INFO - Setting next_dagrun for dataset_consumes_unknown_never_scheduled to None, run_after=None
[2023-08-21T23:58:48.145+0000] {logging_mixin.py:137} INFO - [2023-08-21T23:58:48.145+0000] {dag.py:3441} INFO - Setting next_dagrun for dataset_produces_1 to 2023-08-20T00:00:00+00:00, run_after=2023-08-21T00:00:00+00:00
[2023-08-21T23:58:48.146+0000] {logging_mixin.py:137} INFO - [2023-08-21T23:58:48.146+0000] {dag.py:3441} INFO - Setting next_dagrun for dataset_produces_2 to None, run_after=None
[2023-08-21T23:58:48.212+0000] {processor.py:175} INFO - Processing /home/airflow/.local/lib/python3.7/site-packages/airflow/example_dags/example_datasets.py took 0.206 seconds
[2023-08-21T23:59:18.554+0000] {processor.py:153} INFO - Started process (PID=1366) to work on /home/airflow/.local/lib/python3.7/site-packages/airflow/example_dags/example_datasets.py
[2023-08-21T23:59:18.555+0000] {processor.py:743} INFO - Processing file /home/airflow/.local/lib/python3.7/site-packages/airflow/example_dags/example_datasets.py for tasks to queue
[2023-08-21T23:59:18.556+0000] {logging_mixin.py:137} INFO - [2023-08-21T23:59:18.556+0000] {dagbag.py:538} INFO - Filling up the DagBag from /home/airflow/.local/lib/python3.7/site-packages/airflow/example_dags/example_datasets.py
[2023-08-21T23:59:18.574+0000] {processor.py:753} INFO - DAG(s) dict_keys(['dataset_consumes_1_never_scheduled', 'dataset_produces_1', 'dataset_produces_2', 'dataset_consumes_1', 'dataset_consumes_unknown_never_scheduled', 'dataset_consumes_1_and_2']) retrieved from /home/airflow/.local/lib/python3.7/site-packages/airflow/example_dags/example_datasets.py
[2023-08-21T23:59:18.619+0000] {logging_mixin.py:137} INFO - [2023-08-21T23:59:18.619+0000] {dag.py:2690} INFO - Sync 6 DAGs
[2023-08-21T23:59:18.647+0000] {logging_mixin.py:137} INFO - [2023-08-21T23:59:18.647+0000] {dag.py:3441} INFO - Setting next_dagrun for dataset_consumes_1 to None, run_after=None
[2023-08-21T23:59:18.650+0000] {logging_mixin.py:137} INFO - [2023-08-21T23:59:18.650+0000] {dag.py:3441} INFO - Setting next_dagrun for dataset_consumes_1_and_2 to None, run_after=None
[2023-08-21T23:59:18.652+0000] {logging_mixin.py:137} INFO - [2023-08-21T23:59:18.651+0000] {dag.py:3441} INFO - Setting next_dagrun for dataset_consumes_1_never_scheduled to None, run_after=None
[2023-08-21T23:59:18.653+0000] {logging_mixin.py:137} INFO - [2023-08-21T23:59:18.653+0000] {dag.py:3441} INFO - Setting next_dagrun for dataset_consumes_unknown_never_scheduled to None, run_after=None
[2023-08-21T23:59:18.655+0000] {logging_mixin.py:137} INFO - [2023-08-21T23:59:18.655+0000] {dag.py:3441} INFO - Setting next_dagrun for dataset_produces_1 to 2023-08-20T00:00:00+00:00, run_after=2023-08-21T00:00:00+00:00
[2023-08-21T23:59:18.656+0000] {logging_mixin.py:137} INFO - [2023-08-21T23:59:18.656+0000] {dag.py:3441} INFO - Setting next_dagrun for dataset_produces_2 to None, run_after=None
[2023-08-21T23:59:18.724+0000] {processor.py:175} INFO - Processing /home/airflow/.local/lib/python3.7/site-packages/airflow/example_dags/example_datasets.py took 0.173 seconds
[2023-08-21T23:59:48.821+0000] {processor.py:153} INFO - Started process (PID=1429) to work on /home/airflow/.local/lib/python3.7/site-packages/airflow/example_dags/example_datasets.py
[2023-08-21T23:59:48.822+0000] {processor.py:743} INFO - Processing file /home/airflow/.local/lib/python3.7/site-packages/airflow/example_dags/example_datasets.py for tasks to queue
[2023-08-21T23:59:48.824+0000] {logging_mixin.py:137} INFO - [2023-08-21T23:59:48.823+0000] {dagbag.py:538} INFO - Filling up the DagBag from /home/airflow/.local/lib/python3.7/site-packages/airflow/example_dags/example_datasets.py
[2023-08-21T23:59:48.847+0000] {processor.py:753} INFO - DAG(s) dict_keys(['dataset_produces_2', 'dataset_consumes_1', 'dataset_consumes_1_and_2', 'dataset_consumes_1_never_scheduled', 'dataset_consumes_unknown_never_scheduled', 'dataset_produces_1']) retrieved from /home/airflow/.local/lib/python3.7/site-packages/airflow/example_dags/example_datasets.py
[2023-08-21T23:59:48.890+0000] {logging_mixin.py:137} INFO - [2023-08-21T23:59:48.890+0000] {dag.py:2690} INFO - Sync 6 DAGs
[2023-08-21T23:59:48.921+0000] {logging_mixin.py:137} INFO - [2023-08-21T23:59:48.920+0000] {dag.py:3441} INFO - Setting next_dagrun for dataset_consumes_1 to None, run_after=None
[2023-08-21T23:59:48.924+0000] {logging_mixin.py:137} INFO - [2023-08-21T23:59:48.924+0000] {dag.py:3441} INFO - Setting next_dagrun for dataset_consumes_1_and_2 to None, run_after=None
[2023-08-21T23:59:48.926+0000] {logging_mixin.py:137} INFO - [2023-08-21T23:59:48.926+0000] {dag.py:3441} INFO - Setting next_dagrun for dataset_consumes_1_never_scheduled to None, run_after=None
[2023-08-21T23:59:48.928+0000] {logging_mixin.py:137} INFO - [2023-08-21T23:59:48.927+0000] {dag.py:3441} INFO - Setting next_dagrun for dataset_consumes_unknown_never_scheduled to None, run_after=None
[2023-08-21T23:59:48.931+0000] {logging_mixin.py:137} INFO - [2023-08-21T23:59:48.930+0000] {dag.py:3441} INFO - Setting next_dagrun for dataset_produces_1 to 2023-08-20T00:00:00+00:00, run_after=2023-08-21T00:00:00+00:00
[2023-08-21T23:59:48.932+0000] {logging_mixin.py:137} INFO - [2023-08-21T23:59:48.932+0000] {dag.py:3441} INFO - Setting next_dagrun for dataset_produces_2 to None, run_after=None
[2023-08-21T23:59:49.013+0000] {processor.py:175} INFO - Processing /home/airflow/.local/lib/python3.7/site-packages/airflow/example_dags/example_datasets.py took 0.198 seconds
