[2023-08-21T23:49:39.084+0000] {processor.py:153} INFO - Started process (PID=62) to work on /home/airflow/.local/lib/python3.7/site-packages/airflow/example_dags/example_short_circuit_decorator.py
[2023-08-21T23:49:39.085+0000] {processor.py:743} INFO - Processing file /home/airflow/.local/lib/python3.7/site-packages/airflow/example_dags/example_short_circuit_decorator.py for tasks to queue
[2023-08-21T23:49:39.086+0000] {logging_mixin.py:137} INFO - [2023-08-21T23:49:39.086+0000] {dagbag.py:538} INFO - Filling up the DagBag from /home/airflow/.local/lib/python3.7/site-packages/airflow/example_dags/example_short_circuit_decorator.py
[2023-08-21T23:49:39.121+0000] {processor.py:753} INFO - DAG(s) dict_keys(['example_short_circuit_decorator']) retrieved from /home/airflow/.local/lib/python3.7/site-packages/airflow/example_dags/example_short_circuit_decorator.py
[2023-08-21T23:49:39.326+0000] {logging_mixin.py:137} INFO - [2023-08-21T23:49:39.325+0000] {manager.py:504} INFO - Created Permission View: can edit on DAG:example_short_circuit_decorator
[2023-08-21T23:49:39.499+0000] {logging_mixin.py:137} INFO - [2023-08-21T23:49:39.499+0000] {manager.py:504} INFO - Created Permission View: can read on DAG:example_short_circuit_decorator
[2023-08-21T23:49:39.932+0000] {logging_mixin.py:137} INFO - [2023-08-21T23:49:39.932+0000] {manager.py:504} INFO - Created Permission View: can delete on DAG:example_short_circuit_decorator
[2023-08-21T23:49:39.932+0000] {logging_mixin.py:137} INFO - [2023-08-21T23:49:39.932+0000] {dag.py:2690} INFO - Sync 1 DAGs
[2023-08-21T23:49:39.946+0000] {logging_mixin.py:137} INFO - [2023-08-21T23:49:39.946+0000] {dag.py:2711} INFO - Creating ORM DAG for example_short_circuit_decorator
[2023-08-21T23:49:39.958+0000] {logging_mixin.py:137} INFO - [2023-08-21T23:49:39.958+0000] {dag.py:3441} INFO - Setting next_dagrun for example_short_circuit_decorator to 2023-08-20T23:49:39.958094+00:00, run_after=2023-08-21T23:49:39.958094+00:00
[2023-08-21T23:49:40.401+0000] {processor.py:175} INFO - Processing /home/airflow/.local/lib/python3.7/site-packages/airflow/example_dags/example_short_circuit_decorator.py took 1.323 seconds
[2023-08-21T23:50:11.023+0000] {processor.py:153} INFO - Started process (PID=133) to work on /home/airflow/.local/lib/python3.7/site-packages/airflow/example_dags/example_short_circuit_decorator.py
[2023-08-21T23:50:11.030+0000] {processor.py:743} INFO - Processing file /home/airflow/.local/lib/python3.7/site-packages/airflow/example_dags/example_short_circuit_decorator.py for tasks to queue
[2023-08-21T23:50:11.034+0000] {logging_mixin.py:137} INFO - [2023-08-21T23:50:11.034+0000] {dagbag.py:538} INFO - Filling up the DagBag from /home/airflow/.local/lib/python3.7/site-packages/airflow/example_dags/example_short_circuit_decorator.py
[2023-08-21T23:50:11.107+0000] {processor.py:753} INFO - DAG(s) dict_keys(['example_short_circuit_decorator']) retrieved from /home/airflow/.local/lib/python3.7/site-packages/airflow/example_dags/example_short_circuit_decorator.py
[2023-08-21T23:50:11.161+0000] {logging_mixin.py:137} INFO - [2023-08-21T23:50:11.161+0000] {dag.py:2690} INFO - Sync 1 DAGs
[2023-08-21T23:50:11.208+0000] {logging_mixin.py:137} INFO - [2023-08-21T23:50:11.208+0000] {dag.py:3441} INFO - Setting next_dagrun for example_short_circuit_decorator to 2023-08-20T23:50:11.207810+00:00, run_after=2023-08-21T23:50:11.207810+00:00
[2023-08-21T23:50:11.258+0000] {processor.py:175} INFO - Processing /home/airflow/.local/lib/python3.7/site-packages/airflow/example_dags/example_short_circuit_decorator.py took 0.241 seconds
[2023-08-21T23:50:41.548+0000] {processor.py:153} INFO - Started process (PID=201) to work on /home/airflow/.local/lib/python3.7/site-packages/airflow/example_dags/example_short_circuit_decorator.py
[2023-08-21T23:50:41.548+0000] {processor.py:743} INFO - Processing file /home/airflow/.local/lib/python3.7/site-packages/airflow/example_dags/example_short_circuit_decorator.py for tasks to queue
[2023-08-21T23:50:41.549+0000] {logging_mixin.py:137} INFO - [2023-08-21T23:50:41.549+0000] {dagbag.py:538} INFO - Filling up the DagBag from /home/airflow/.local/lib/python3.7/site-packages/airflow/example_dags/example_short_circuit_decorator.py
[2023-08-21T23:50:41.573+0000] {processor.py:753} INFO - DAG(s) dict_keys(['example_short_circuit_decorator']) retrieved from /home/airflow/.local/lib/python3.7/site-packages/airflow/example_dags/example_short_circuit_decorator.py
[2023-08-21T23:50:41.597+0000] {logging_mixin.py:137} INFO - [2023-08-21T23:50:41.597+0000] {dag.py:2690} INFO - Sync 1 DAGs
[2023-08-21T23:50:41.623+0000] {logging_mixin.py:137} INFO - [2023-08-21T23:50:41.623+0000] {dag.py:3441} INFO - Setting next_dagrun for example_short_circuit_decorator to 2023-08-20T23:50:41.622999+00:00, run_after=2023-08-21T23:50:41.622999+00:00
[2023-08-21T23:50:41.671+0000] {processor.py:175} INFO - Processing /home/airflow/.local/lib/python3.7/site-packages/airflow/example_dags/example_short_circuit_decorator.py took 0.127 seconds
[2023-08-21T23:51:11.931+0000] {processor.py:153} INFO - Started process (PID=263) to work on /home/airflow/.local/lib/python3.7/site-packages/airflow/example_dags/example_short_circuit_decorator.py
[2023-08-21T23:51:11.932+0000] {processor.py:743} INFO - Processing file /home/airflow/.local/lib/python3.7/site-packages/airflow/example_dags/example_short_circuit_decorator.py for tasks to queue
[2023-08-21T23:51:11.933+0000] {logging_mixin.py:137} INFO - [2023-08-21T23:51:11.933+0000] {dagbag.py:538} INFO - Filling up the DagBag from /home/airflow/.local/lib/python3.7/site-packages/airflow/example_dags/example_short_circuit_decorator.py
[2023-08-21T23:51:11.962+0000] {processor.py:753} INFO - DAG(s) dict_keys(['example_short_circuit_decorator']) retrieved from /home/airflow/.local/lib/python3.7/site-packages/airflow/example_dags/example_short_circuit_decorator.py
[2023-08-21T23:51:11.989+0000] {logging_mixin.py:137} INFO - [2023-08-21T23:51:11.989+0000] {dag.py:2690} INFO - Sync 1 DAGs
[2023-08-21T23:51:12.017+0000] {logging_mixin.py:137} INFO - [2023-08-21T23:51:12.016+0000] {dag.py:3441} INFO - Setting next_dagrun for example_short_circuit_decorator to 2023-08-20T23:51:12.016677+00:00, run_after=2023-08-21T23:51:12.016677+00:00
[2023-08-21T23:51:12.069+0000] {processor.py:175} INFO - Processing /home/airflow/.local/lib/python3.7/site-packages/airflow/example_dags/example_short_circuit_decorator.py took 0.142 seconds
[2023-08-21T23:51:42.496+0000] {processor.py:153} INFO - Started process (PID=337) to work on /home/airflow/.local/lib/python3.7/site-packages/airflow/example_dags/example_short_circuit_decorator.py
[2023-08-21T23:51:42.497+0000] {processor.py:743} INFO - Processing file /home/airflow/.local/lib/python3.7/site-packages/airflow/example_dags/example_short_circuit_decorator.py for tasks to queue
[2023-08-21T23:51:42.498+0000] {logging_mixin.py:137} INFO - [2023-08-21T23:51:42.497+0000] {dagbag.py:538} INFO - Filling up the DagBag from /home/airflow/.local/lib/python3.7/site-packages/airflow/example_dags/example_short_circuit_decorator.py
[2023-08-21T23:51:42.521+0000] {processor.py:753} INFO - DAG(s) dict_keys(['example_short_circuit_decorator']) retrieved from /home/airflow/.local/lib/python3.7/site-packages/airflow/example_dags/example_short_circuit_decorator.py
[2023-08-21T23:51:42.544+0000] {logging_mixin.py:137} INFO - [2023-08-21T23:51:42.544+0000] {dag.py:2690} INFO - Sync 1 DAGs
[2023-08-21T23:51:42.567+0000] {logging_mixin.py:137} INFO - [2023-08-21T23:51:42.567+0000] {dag.py:3441} INFO - Setting next_dagrun for example_short_circuit_decorator to 2023-08-20T23:51:42.567388+00:00, run_after=2023-08-21T23:51:42.567388+00:00
[2023-08-21T23:51:42.651+0000] {processor.py:175} INFO - Processing /home/airflow/.local/lib/python3.7/site-packages/airflow/example_dags/example_short_circuit_decorator.py took 0.158 seconds
[2023-08-21T23:52:12.720+0000] {processor.py:153} INFO - Started process (PID=400) to work on /home/airflow/.local/lib/python3.7/site-packages/airflow/example_dags/example_short_circuit_decorator.py
[2023-08-21T23:52:12.721+0000] {processor.py:743} INFO - Processing file /home/airflow/.local/lib/python3.7/site-packages/airflow/example_dags/example_short_circuit_decorator.py for tasks to queue
[2023-08-21T23:52:12.722+0000] {logging_mixin.py:137} INFO - [2023-08-21T23:52:12.721+0000] {dagbag.py:538} INFO - Filling up the DagBag from /home/airflow/.local/lib/python3.7/site-packages/airflow/example_dags/example_short_circuit_decorator.py
[2023-08-21T23:52:12.766+0000] {processor.py:753} INFO - DAG(s) dict_keys(['example_short_circuit_decorator']) retrieved from /home/airflow/.local/lib/python3.7/site-packages/airflow/example_dags/example_short_circuit_decorator.py
[2023-08-21T23:52:12.807+0000] {logging_mixin.py:137} INFO - [2023-08-21T23:52:12.806+0000] {dag.py:2690} INFO - Sync 1 DAGs
[2023-08-21T23:52:12.839+0000] {logging_mixin.py:137} INFO - [2023-08-21T23:52:12.839+0000] {dag.py:3441} INFO - Setting next_dagrun for example_short_circuit_decorator to 2023-08-20T23:52:12.838788+00:00, run_after=2023-08-21T23:52:12.838788+00:00
[2023-08-21T23:52:12.895+0000] {processor.py:175} INFO - Processing /home/airflow/.local/lib/python3.7/site-packages/airflow/example_dags/example_short_circuit_decorator.py took 0.179 seconds
[2023-08-21T23:52:43.621+0000] {processor.py:153} INFO - Started process (PID=474) to work on /home/airflow/.local/lib/python3.7/site-packages/airflow/example_dags/example_short_circuit_decorator.py
[2023-08-21T23:52:43.622+0000] {processor.py:743} INFO - Processing file /home/airflow/.local/lib/python3.7/site-packages/airflow/example_dags/example_short_circuit_decorator.py for tasks to queue
[2023-08-21T23:52:43.623+0000] {logging_mixin.py:137} INFO - [2023-08-21T23:52:43.623+0000] {dagbag.py:538} INFO - Filling up the DagBag from /home/airflow/.local/lib/python3.7/site-packages/airflow/example_dags/example_short_circuit_decorator.py
[2023-08-21T23:52:43.654+0000] {processor.py:753} INFO - DAG(s) dict_keys(['example_short_circuit_decorator']) retrieved from /home/airflow/.local/lib/python3.7/site-packages/airflow/example_dags/example_short_circuit_decorator.py
[2023-08-21T23:52:43.694+0000] {logging_mixin.py:137} INFO - [2023-08-21T23:52:43.693+0000] {dag.py:2690} INFO - Sync 1 DAGs
[2023-08-21T23:52:43.737+0000] {logging_mixin.py:137} INFO - [2023-08-21T23:52:43.737+0000] {dag.py:3441} INFO - Setting next_dagrun for example_short_circuit_decorator to 2023-08-20T23:52:43.737095+00:00, run_after=2023-08-21T23:52:43.737095+00:00
[2023-08-21T23:52:43.801+0000] {processor.py:175} INFO - Processing /home/airflow/.local/lib/python3.7/site-packages/airflow/example_dags/example_short_circuit_decorator.py took 0.184 seconds
[2023-08-21T23:53:13.914+0000] {processor.py:153} INFO - Started process (PID=538) to work on /home/airflow/.local/lib/python3.7/site-packages/airflow/example_dags/example_short_circuit_decorator.py
[2023-08-21T23:53:13.916+0000] {processor.py:743} INFO - Processing file /home/airflow/.local/lib/python3.7/site-packages/airflow/example_dags/example_short_circuit_decorator.py for tasks to queue
[2023-08-21T23:53:13.917+0000] {logging_mixin.py:137} INFO - [2023-08-21T23:53:13.916+0000] {dagbag.py:538} INFO - Filling up the DagBag from /home/airflow/.local/lib/python3.7/site-packages/airflow/example_dags/example_short_circuit_decorator.py
[2023-08-21T23:53:13.950+0000] {processor.py:753} INFO - DAG(s) dict_keys(['example_short_circuit_decorator']) retrieved from /home/airflow/.local/lib/python3.7/site-packages/airflow/example_dags/example_short_circuit_decorator.py
[2023-08-21T23:53:13.994+0000] {logging_mixin.py:137} INFO - [2023-08-21T23:53:13.994+0000] {dag.py:2690} INFO - Sync 1 DAGs
[2023-08-21T23:53:14.030+0000] {logging_mixin.py:137} INFO - [2023-08-21T23:53:14.030+0000] {dag.py:3441} INFO - Setting next_dagrun for example_short_circuit_decorator to 2023-08-20T23:53:14.029760+00:00, run_after=2023-08-21T23:53:14.029760+00:00
[2023-08-21T23:53:14.076+0000] {processor.py:175} INFO - Processing /home/airflow/.local/lib/python3.7/site-packages/airflow/example_dags/example_short_circuit_decorator.py took 0.166 seconds
[2023-08-21T23:53:44.265+0000] {processor.py:153} INFO - Started process (PID=612) to work on /home/airflow/.local/lib/python3.7/site-packages/airflow/example_dags/example_short_circuit_decorator.py
[2023-08-21T23:53:44.266+0000] {processor.py:743} INFO - Processing file /home/airflow/.local/lib/python3.7/site-packages/airflow/example_dags/example_short_circuit_decorator.py for tasks to queue
[2023-08-21T23:53:44.267+0000] {logging_mixin.py:137} INFO - [2023-08-21T23:53:44.267+0000] {dagbag.py:538} INFO - Filling up the DagBag from /home/airflow/.local/lib/python3.7/site-packages/airflow/example_dags/example_short_circuit_decorator.py
[2023-08-21T23:53:44.293+0000] {processor.py:753} INFO - DAG(s) dict_keys(['example_short_circuit_decorator']) retrieved from /home/airflow/.local/lib/python3.7/site-packages/airflow/example_dags/example_short_circuit_decorator.py
[2023-08-21T23:53:44.321+0000] {logging_mixin.py:137} INFO - [2023-08-21T23:53:44.321+0000] {dag.py:2690} INFO - Sync 1 DAGs
[2023-08-21T23:53:44.348+0000] {logging_mixin.py:137} INFO - [2023-08-21T23:53:44.348+0000] {dag.py:3441} INFO - Setting next_dagrun for example_short_circuit_decorator to 2023-08-20T23:53:44.347833+00:00, run_after=2023-08-21T23:53:44.347833+00:00
[2023-08-21T23:53:44.396+0000] {processor.py:175} INFO - Processing /home/airflow/.local/lib/python3.7/site-packages/airflow/example_dags/example_short_circuit_decorator.py took 0.134 seconds
[2023-08-21T23:54:14.767+0000] {processor.py:153} INFO - Started process (PID=676) to work on /home/airflow/.local/lib/python3.7/site-packages/airflow/example_dags/example_short_circuit_decorator.py
[2023-08-21T23:54:14.768+0000] {processor.py:743} INFO - Processing file /home/airflow/.local/lib/python3.7/site-packages/airflow/example_dags/example_short_circuit_decorator.py for tasks to queue
[2023-08-21T23:54:14.769+0000] {logging_mixin.py:137} INFO - [2023-08-21T23:54:14.769+0000] {dagbag.py:538} INFO - Filling up the DagBag from /home/airflow/.local/lib/python3.7/site-packages/airflow/example_dags/example_short_circuit_decorator.py
[2023-08-21T23:54:14.812+0000] {processor.py:753} INFO - DAG(s) dict_keys(['example_short_circuit_decorator']) retrieved from /home/airflow/.local/lib/python3.7/site-packages/airflow/example_dags/example_short_circuit_decorator.py
[2023-08-21T23:54:14.848+0000] {logging_mixin.py:137} INFO - [2023-08-21T23:54:14.848+0000] {dag.py:2690} INFO - Sync 1 DAGs
[2023-08-21T23:54:14.884+0000] {logging_mixin.py:137} INFO - [2023-08-21T23:54:14.884+0000] {dag.py:3441} INFO - Setting next_dagrun for example_short_circuit_decorator to 2023-08-20T23:54:14.884313+00:00, run_after=2023-08-21T23:54:14.884313+00:00
[2023-08-21T23:54:14.930+0000] {processor.py:175} INFO - Processing /home/airflow/.local/lib/python3.7/site-packages/airflow/example_dags/example_short_circuit_decorator.py took 0.169 seconds
[2023-08-21T23:54:45.459+0000] {processor.py:153} INFO - Started process (PID=751) to work on /home/airflow/.local/lib/python3.7/site-packages/airflow/example_dags/example_short_circuit_decorator.py
[2023-08-21T23:54:45.460+0000] {processor.py:743} INFO - Processing file /home/airflow/.local/lib/python3.7/site-packages/airflow/example_dags/example_short_circuit_decorator.py for tasks to queue
[2023-08-21T23:54:45.461+0000] {logging_mixin.py:137} INFO - [2023-08-21T23:54:45.461+0000] {dagbag.py:538} INFO - Filling up the DagBag from /home/airflow/.local/lib/python3.7/site-packages/airflow/example_dags/example_short_circuit_decorator.py
[2023-08-21T23:54:45.491+0000] {processor.py:753} INFO - DAG(s) dict_keys(['example_short_circuit_decorator']) retrieved from /home/airflow/.local/lib/python3.7/site-packages/airflow/example_dags/example_short_circuit_decorator.py
[2023-08-21T23:54:45.522+0000] {logging_mixin.py:137} INFO - [2023-08-21T23:54:45.522+0000] {dag.py:2690} INFO - Sync 1 DAGs
[2023-08-21T23:54:45.553+0000] {logging_mixin.py:137} INFO - [2023-08-21T23:54:45.553+0000] {dag.py:3441} INFO - Setting next_dagrun for example_short_circuit_decorator to 2023-08-20T23:54:45.552932+00:00, run_after=2023-08-21T23:54:45.552932+00:00
[2023-08-21T23:54:45.603+0000] {processor.py:175} INFO - Processing /home/airflow/.local/lib/python3.7/site-packages/airflow/example_dags/example_short_circuit_decorator.py took 0.149 seconds
[2023-08-21T23:55:15.755+0000] {processor.py:153} INFO - Started process (PID=815) to work on /home/airflow/.local/lib/python3.7/site-packages/airflow/example_dags/example_short_circuit_decorator.py
[2023-08-21T23:55:15.756+0000] {processor.py:743} INFO - Processing file /home/airflow/.local/lib/python3.7/site-packages/airflow/example_dags/example_short_circuit_decorator.py for tasks to queue
[2023-08-21T23:55:15.758+0000] {logging_mixin.py:137} INFO - [2023-08-21T23:55:15.757+0000] {dagbag.py:538} INFO - Filling up the DagBag from /home/airflow/.local/lib/python3.7/site-packages/airflow/example_dags/example_short_circuit_decorator.py
[2023-08-21T23:55:15.797+0000] {processor.py:753} INFO - DAG(s) dict_keys(['example_short_circuit_decorator']) retrieved from /home/airflow/.local/lib/python3.7/site-packages/airflow/example_dags/example_short_circuit_decorator.py
[2023-08-21T23:55:15.835+0000] {logging_mixin.py:137} INFO - [2023-08-21T23:55:15.835+0000] {dag.py:2690} INFO - Sync 1 DAGs
[2023-08-21T23:55:15.875+0000] {logging_mixin.py:137} INFO - [2023-08-21T23:55:15.875+0000] {dag.py:3441} INFO - Setting next_dagrun for example_short_circuit_decorator to 2023-08-20T23:55:15.874954+00:00, run_after=2023-08-21T23:55:15.874954+00:00
[2023-08-21T23:55:15.929+0000] {processor.py:175} INFO - Processing /home/airflow/.local/lib/python3.7/site-packages/airflow/example_dags/example_short_circuit_decorator.py took 0.180 seconds
[2023-08-21T23:55:46.187+0000] {processor.py:153} INFO - Started process (PID=888) to work on /home/airflow/.local/lib/python3.7/site-packages/airflow/example_dags/example_short_circuit_decorator.py
[2023-08-21T23:55:46.188+0000] {processor.py:743} INFO - Processing file /home/airflow/.local/lib/python3.7/site-packages/airflow/example_dags/example_short_circuit_decorator.py for tasks to queue
[2023-08-21T23:55:46.189+0000] {logging_mixin.py:137} INFO - [2023-08-21T23:55:46.189+0000] {dagbag.py:538} INFO - Filling up the DagBag from /home/airflow/.local/lib/python3.7/site-packages/airflow/example_dags/example_short_circuit_decorator.py
[2023-08-21T23:55:46.225+0000] {processor.py:753} INFO - DAG(s) dict_keys(['example_short_circuit_decorator']) retrieved from /home/airflow/.local/lib/python3.7/site-packages/airflow/example_dags/example_short_circuit_decorator.py
[2023-08-21T23:55:46.263+0000] {logging_mixin.py:137} INFO - [2023-08-21T23:55:46.263+0000] {dag.py:2690} INFO - Sync 1 DAGs
[2023-08-21T23:55:46.298+0000] {logging_mixin.py:137} INFO - [2023-08-21T23:55:46.298+0000] {dag.py:3441} INFO - Setting next_dagrun for example_short_circuit_decorator to 2023-08-20T23:55:46.298133+00:00, run_after=2023-08-21T23:55:46.298133+00:00
[2023-08-21T23:55:46.347+0000] {processor.py:175} INFO - Processing /home/airflow/.local/lib/python3.7/site-packages/airflow/example_dags/example_short_circuit_decorator.py took 0.165 seconds
[2023-08-21T23:56:16.410+0000] {processor.py:153} INFO - Started process (PID=953) to work on /home/airflow/.local/lib/python3.7/site-packages/airflow/example_dags/example_short_circuit_decorator.py
[2023-08-21T23:56:16.410+0000] {processor.py:743} INFO - Processing file /home/airflow/.local/lib/python3.7/site-packages/airflow/example_dags/example_short_circuit_decorator.py for tasks to queue
[2023-08-21T23:56:16.411+0000] {logging_mixin.py:137} INFO - [2023-08-21T23:56:16.411+0000] {dagbag.py:538} INFO - Filling up the DagBag from /home/airflow/.local/lib/python3.7/site-packages/airflow/example_dags/example_short_circuit_decorator.py
[2023-08-21T23:56:16.437+0000] {processor.py:753} INFO - DAG(s) dict_keys(['example_short_circuit_decorator']) retrieved from /home/airflow/.local/lib/python3.7/site-packages/airflow/example_dags/example_short_circuit_decorator.py
[2023-08-21T23:56:16.467+0000] {logging_mixin.py:137} INFO - [2023-08-21T23:56:16.467+0000] {dag.py:2690} INFO - Sync 1 DAGs
[2023-08-21T23:56:16.494+0000] {logging_mixin.py:137} INFO - [2023-08-21T23:56:16.494+0000] {dag.py:3441} INFO - Setting next_dagrun for example_short_circuit_decorator to 2023-08-20T23:56:16.494306+00:00, run_after=2023-08-21T23:56:16.494306+00:00
[2023-08-21T23:56:16.564+0000] {processor.py:175} INFO - Processing /home/airflow/.local/lib/python3.7/site-packages/airflow/example_dags/example_short_circuit_decorator.py took 0.158 seconds
[2023-08-21T23:56:46.695+0000] {processor.py:153} INFO - Started process (PID=1017) to work on /home/airflow/.local/lib/python3.7/site-packages/airflow/example_dags/example_short_circuit_decorator.py
[2023-08-21T23:56:46.696+0000] {processor.py:743} INFO - Processing file /home/airflow/.local/lib/python3.7/site-packages/airflow/example_dags/example_short_circuit_decorator.py for tasks to queue
[2023-08-21T23:56:46.697+0000] {logging_mixin.py:137} INFO - [2023-08-21T23:56:46.696+0000] {dagbag.py:538} INFO - Filling up the DagBag from /home/airflow/.local/lib/python3.7/site-packages/airflow/example_dags/example_short_circuit_decorator.py
[2023-08-21T23:56:46.725+0000] {processor.py:753} INFO - DAG(s) dict_keys(['example_short_circuit_decorator']) retrieved from /home/airflow/.local/lib/python3.7/site-packages/airflow/example_dags/example_short_circuit_decorator.py
[2023-08-21T23:56:46.762+0000] {logging_mixin.py:137} INFO - [2023-08-21T23:56:46.762+0000] {dag.py:2690} INFO - Sync 1 DAGs
[2023-08-21T23:56:46.794+0000] {logging_mixin.py:137} INFO - [2023-08-21T23:56:46.793+0000] {dag.py:3441} INFO - Setting next_dagrun for example_short_circuit_decorator to 2023-08-20T23:56:46.793551+00:00, run_after=2023-08-21T23:56:46.793551+00:00
[2023-08-21T23:56:46.839+0000] {processor.py:175} INFO - Processing /home/airflow/.local/lib/python3.7/site-packages/airflow/example_dags/example_short_circuit_decorator.py took 0.149 seconds
[2023-08-21T23:57:16.945+0000] {processor.py:153} INFO - Started process (PID=1092) to work on /home/airflow/.local/lib/python3.7/site-packages/airflow/example_dags/example_short_circuit_decorator.py
[2023-08-21T23:57:16.946+0000] {processor.py:743} INFO - Processing file /home/airflow/.local/lib/python3.7/site-packages/airflow/example_dags/example_short_circuit_decorator.py for tasks to queue
[2023-08-21T23:57:16.946+0000] {logging_mixin.py:137} INFO - [2023-08-21T23:57:16.946+0000] {dagbag.py:538} INFO - Filling up the DagBag from /home/airflow/.local/lib/python3.7/site-packages/airflow/example_dags/example_short_circuit_decorator.py
[2023-08-21T23:57:16.973+0000] {processor.py:753} INFO - DAG(s) dict_keys(['example_short_circuit_decorator']) retrieved from /home/airflow/.local/lib/python3.7/site-packages/airflow/example_dags/example_short_circuit_decorator.py
[2023-08-21T23:57:17.001+0000] {logging_mixin.py:137} INFO - [2023-08-21T23:57:17.001+0000] {dag.py:2690} INFO - Sync 1 DAGs
[2023-08-21T23:57:17.031+0000] {logging_mixin.py:137} INFO - [2023-08-21T23:57:17.031+0000] {dag.py:3441} INFO - Setting next_dagrun for example_short_circuit_decorator to 2023-08-20T23:57:17.030944+00:00, run_after=2023-08-21T23:57:17.030944+00:00
[2023-08-21T23:57:17.078+0000] {processor.py:175} INFO - Processing /home/airflow/.local/lib/python3.7/site-packages/airflow/example_dags/example_short_circuit_decorator.py took 0.137 seconds
[2023-08-21T23:57:47.218+0000] {processor.py:153} INFO - Started process (PID=1155) to work on /home/airflow/.local/lib/python3.7/site-packages/airflow/example_dags/example_short_circuit_decorator.py
[2023-08-21T23:57:47.221+0000] {processor.py:743} INFO - Processing file /home/airflow/.local/lib/python3.7/site-packages/airflow/example_dags/example_short_circuit_decorator.py for tasks to queue
[2023-08-21T23:57:47.223+0000] {logging_mixin.py:137} INFO - [2023-08-21T23:57:47.223+0000] {dagbag.py:538} INFO - Filling up the DagBag from /home/airflow/.local/lib/python3.7/site-packages/airflow/example_dags/example_short_circuit_decorator.py
[2023-08-21T23:57:47.267+0000] {processor.py:753} INFO - DAG(s) dict_keys(['example_short_circuit_decorator']) retrieved from /home/airflow/.local/lib/python3.7/site-packages/airflow/example_dags/example_short_circuit_decorator.py
[2023-08-21T23:57:47.299+0000] {logging_mixin.py:137} INFO - [2023-08-21T23:57:47.299+0000] {dag.py:2690} INFO - Sync 1 DAGs
[2023-08-21T23:57:47.343+0000] {logging_mixin.py:137} INFO - [2023-08-21T23:57:47.343+0000] {dag.py:3441} INFO - Setting next_dagrun for example_short_circuit_decorator to 2023-08-20T23:57:47.342850+00:00, run_after=2023-08-21T23:57:47.342850+00:00
[2023-08-21T23:57:47.392+0000] {processor.py:175} INFO - Processing /home/airflow/.local/lib/python3.7/site-packages/airflow/example_dags/example_short_circuit_decorator.py took 0.180 seconds
[2023-08-21T23:58:17.707+0000] {processor.py:153} INFO - Started process (PID=1229) to work on /home/airflow/.local/lib/python3.7/site-packages/airflow/example_dags/example_short_circuit_decorator.py
[2023-08-21T23:58:17.707+0000] {processor.py:743} INFO - Processing file /home/airflow/.local/lib/python3.7/site-packages/airflow/example_dags/example_short_circuit_decorator.py for tasks to queue
[2023-08-21T23:58:17.708+0000] {logging_mixin.py:137} INFO - [2023-08-21T23:58:17.708+0000] {dagbag.py:538} INFO - Filling up the DagBag from /home/airflow/.local/lib/python3.7/site-packages/airflow/example_dags/example_short_circuit_decorator.py
[2023-08-21T23:58:17.735+0000] {processor.py:753} INFO - DAG(s) dict_keys(['example_short_circuit_decorator']) retrieved from /home/airflow/.local/lib/python3.7/site-packages/airflow/example_dags/example_short_circuit_decorator.py
[2023-08-21T23:58:17.763+0000] {logging_mixin.py:137} INFO - [2023-08-21T23:58:17.762+0000] {dag.py:2690} INFO - Sync 1 DAGs
[2023-08-21T23:58:17.790+0000] {logging_mixin.py:137} INFO - [2023-08-21T23:58:17.790+0000] {dag.py:3441} INFO - Setting next_dagrun for example_short_circuit_decorator to 2023-08-20T23:58:17.790242+00:00, run_after=2023-08-21T23:58:17.790242+00:00
[2023-08-21T23:58:17.835+0000] {processor.py:175} INFO - Processing /home/airflow/.local/lib/python3.7/site-packages/airflow/example_dags/example_short_circuit_decorator.py took 0.132 seconds
[2023-08-21T23:58:48.040+0000] {processor.py:153} INFO - Started process (PID=1292) to work on /home/airflow/.local/lib/python3.7/site-packages/airflow/example_dags/example_short_circuit_decorator.py
[2023-08-21T23:58:48.041+0000] {processor.py:743} INFO - Processing file /home/airflow/.local/lib/python3.7/site-packages/airflow/example_dags/example_short_circuit_decorator.py for tasks to queue
[2023-08-21T23:58:48.042+0000] {logging_mixin.py:137} INFO - [2023-08-21T23:58:48.042+0000] {dagbag.py:538} INFO - Filling up the DagBag from /home/airflow/.local/lib/python3.7/site-packages/airflow/example_dags/example_short_circuit_decorator.py
[2023-08-21T23:58:48.073+0000] {processor.py:753} INFO - DAG(s) dict_keys(['example_short_circuit_decorator']) retrieved from /home/airflow/.local/lib/python3.7/site-packages/airflow/example_dags/example_short_circuit_decorator.py
[2023-08-21T23:58:48.104+0000] {logging_mixin.py:137} INFO - [2023-08-21T23:58:48.104+0000] {dag.py:2690} INFO - Sync 1 DAGs
[2023-08-21T23:58:48.137+0000] {logging_mixin.py:137} INFO - [2023-08-21T23:58:48.136+0000] {dag.py:3441} INFO - Setting next_dagrun for example_short_circuit_decorator to 2023-08-20T23:58:48.136607+00:00, run_after=2023-08-21T23:58:48.136607+00:00
[2023-08-21T23:58:48.188+0000] {processor.py:175} INFO - Processing /home/airflow/.local/lib/python3.7/site-packages/airflow/example_dags/example_short_circuit_decorator.py took 0.153 seconds
[2023-08-21T23:59:18.561+0000] {processor.py:153} INFO - Started process (PID=1367) to work on /home/airflow/.local/lib/python3.7/site-packages/airflow/example_dags/example_short_circuit_decorator.py
[2023-08-21T23:59:18.562+0000] {processor.py:743} INFO - Processing file /home/airflow/.local/lib/python3.7/site-packages/airflow/example_dags/example_short_circuit_decorator.py for tasks to queue
[2023-08-21T23:59:18.563+0000] {logging_mixin.py:137} INFO - [2023-08-21T23:59:18.563+0000] {dagbag.py:538} INFO - Filling up the DagBag from /home/airflow/.local/lib/python3.7/site-packages/airflow/example_dags/example_short_circuit_decorator.py
[2023-08-21T23:59:18.589+0000] {processor.py:753} INFO - DAG(s) dict_keys(['example_short_circuit_decorator']) retrieved from /home/airflow/.local/lib/python3.7/site-packages/airflow/example_dags/example_short_circuit_decorator.py
[2023-08-21T23:59:18.617+0000] {logging_mixin.py:137} INFO - [2023-08-21T23:59:18.617+0000] {dag.py:2690} INFO - Sync 1 DAGs
[2023-08-21T23:59:18.645+0000] {logging_mixin.py:137} INFO - [2023-08-21T23:59:18.645+0000] {dag.py:3441} INFO - Setting next_dagrun for example_short_circuit_decorator to 2023-08-20T23:59:18.643980+00:00, run_after=2023-08-21T23:59:18.643980+00:00
[2023-08-21T23:59:18.687+0000] {processor.py:175} INFO - Processing /home/airflow/.local/lib/python3.7/site-packages/airflow/example_dags/example_short_circuit_decorator.py took 0.130 seconds
[2023-08-21T23:59:48.852+0000] {processor.py:153} INFO - Started process (PID=1430) to work on /home/airflow/.local/lib/python3.7/site-packages/airflow/example_dags/example_short_circuit_decorator.py
[2023-08-21T23:59:48.853+0000] {processor.py:743} INFO - Processing file /home/airflow/.local/lib/python3.7/site-packages/airflow/example_dags/example_short_circuit_decorator.py for tasks to queue
[2023-08-21T23:59:48.854+0000] {logging_mixin.py:137} INFO - [2023-08-21T23:59:48.854+0000] {dagbag.py:538} INFO - Filling up the DagBag from /home/airflow/.local/lib/python3.7/site-packages/airflow/example_dags/example_short_circuit_decorator.py
[2023-08-21T23:59:48.882+0000] {processor.py:753} INFO - DAG(s) dict_keys(['example_short_circuit_decorator']) retrieved from /home/airflow/.local/lib/python3.7/site-packages/airflow/example_dags/example_short_circuit_decorator.py
[2023-08-21T23:59:48.910+0000] {logging_mixin.py:137} INFO - [2023-08-21T23:59:48.910+0000] {dag.py:2690} INFO - Sync 1 DAGs
[2023-08-21T23:59:48.940+0000] {logging_mixin.py:137} INFO - [2023-08-21T23:59:48.940+0000] {dag.py:3441} INFO - Setting next_dagrun for example_short_circuit_decorator to 2023-08-20T23:59:48.939710+00:00, run_after=2023-08-21T23:59:48.939710+00:00
[2023-08-21T23:59:48.988+0000] {processor.py:175} INFO - Processing /home/airflow/.local/lib/python3.7/site-packages/airflow/example_dags/example_short_circuit_decorator.py took 0.140 seconds
