[2023-08-21T23:49:41.705+0000] {processor.py:153} INFO - Started process (PID=68) to work on /home/airflow/.local/lib/python3.7/site-packages/airflow/example_dags/example_kubernetes_executor.py
[2023-08-21T23:49:41.706+0000] {processor.py:743} INFO - Processing file /home/airflow/.local/lib/python3.7/site-packages/airflow/example_dags/example_kubernetes_executor.py for tasks to queue
[2023-08-21T23:49:41.707+0000] {logging_mixin.py:137} INFO - [2023-08-21T23:49:41.706+0000] {dagbag.py:538} INFO - Filling up the DagBag from /home/airflow/.local/lib/python3.7/site-packages/airflow/example_dags/example_kubernetes_executor.py
[2023-08-21T23:49:41.743+0000] {processor.py:753} INFO - DAG(s) dict_keys(['example_kubernetes_executor']) retrieved from /home/airflow/.local/lib/python3.7/site-packages/airflow/example_dags/example_kubernetes_executor.py
[2023-08-21T23:49:41.938+0000] {logging_mixin.py:137} INFO - [2023-08-21T23:49:41.938+0000] {manager.py:504} INFO - Created Permission View: can edit on DAG:example_kubernetes_executor
[2023-08-21T23:49:41.987+0000] {logging_mixin.py:137} INFO - [2023-08-21T23:49:41.987+0000] {manager.py:504} INFO - Created Permission View: can read on DAG:example_kubernetes_executor
[2023-08-21T23:49:42.518+0000] {logging_mixin.py:137} INFO - [2023-08-21T23:49:42.517+0000] {manager.py:504} INFO - Created Permission View: can delete on DAG:example_kubernetes_executor
[2023-08-21T23:49:42.520+0000] {logging_mixin.py:137} INFO - [2023-08-21T23:49:42.519+0000] {dag.py:2690} INFO - Sync 1 DAGs
[2023-08-21T23:49:42.535+0000] {logging_mixin.py:137} INFO - [2023-08-21T23:49:42.535+0000] {dag.py:2711} INFO - Creating ORM DAG for example_kubernetes_executor
[2023-08-21T23:49:42.547+0000] {logging_mixin.py:137} INFO - [2023-08-21T23:49:42.547+0000] {dag.py:3441} INFO - Setting next_dagrun for example_kubernetes_executor to None, run_after=None
[2023-08-21T23:49:43.355+0000] {processor.py:175} INFO - Processing /home/airflow/.local/lib/python3.7/site-packages/airflow/example_dags/example_kubernetes_executor.py took 1.654 seconds
[2023-08-21T23:50:13.664+0000] {processor.py:153} INFO - Started process (PID=144) to work on /home/airflow/.local/lib/python3.7/site-packages/airflow/example_dags/example_kubernetes_executor.py
[2023-08-21T23:50:13.666+0000] {processor.py:743} INFO - Processing file /home/airflow/.local/lib/python3.7/site-packages/airflow/example_dags/example_kubernetes_executor.py for tasks to queue
[2023-08-21T23:50:13.666+0000] {logging_mixin.py:137} INFO - [2023-08-21T23:50:13.666+0000] {dagbag.py:538} INFO - Filling up the DagBag from /home/airflow/.local/lib/python3.7/site-packages/airflow/example_dags/example_kubernetes_executor.py
[2023-08-21T23:50:13.707+0000] {processor.py:753} INFO - DAG(s) dict_keys(['example_kubernetes_executor']) retrieved from /home/airflow/.local/lib/python3.7/site-packages/airflow/example_dags/example_kubernetes_executor.py
[2023-08-21T23:50:13.737+0000] {logging_mixin.py:137} INFO - [2023-08-21T23:50:13.737+0000] {dag.py:2690} INFO - Sync 1 DAGs
[2023-08-21T23:50:13.764+0000] {logging_mixin.py:137} INFO - [2023-08-21T23:50:13.764+0000] {dag.py:3441} INFO - Setting next_dagrun for example_kubernetes_executor to None, run_after=None
[2023-08-21T23:50:13.817+0000] {processor.py:175} INFO - Processing /home/airflow/.local/lib/python3.7/site-packages/airflow/example_dags/example_kubernetes_executor.py took 0.158 seconds
[2023-08-21T23:50:43.983+0000] {processor.py:153} INFO - Started process (PID=207) to work on /home/airflow/.local/lib/python3.7/site-packages/airflow/example_dags/example_kubernetes_executor.py
[2023-08-21T23:50:43.984+0000] {processor.py:743} INFO - Processing file /home/airflow/.local/lib/python3.7/site-packages/airflow/example_dags/example_kubernetes_executor.py for tasks to queue
[2023-08-21T23:50:43.984+0000] {logging_mixin.py:137} INFO - [2023-08-21T23:50:43.984+0000] {dagbag.py:538} INFO - Filling up the DagBag from /home/airflow/.local/lib/python3.7/site-packages/airflow/example_dags/example_kubernetes_executor.py
[2023-08-21T23:50:44.016+0000] {processor.py:753} INFO - DAG(s) dict_keys(['example_kubernetes_executor']) retrieved from /home/airflow/.local/lib/python3.7/site-packages/airflow/example_dags/example_kubernetes_executor.py
[2023-08-21T23:50:44.058+0000] {logging_mixin.py:137} INFO - [2023-08-21T23:50:44.058+0000] {dag.py:2690} INFO - Sync 1 DAGs
[2023-08-21T23:50:44.085+0000] {logging_mixin.py:137} INFO - [2023-08-21T23:50:44.085+0000] {dag.py:3441} INFO - Setting next_dagrun for example_kubernetes_executor to None, run_after=None
[2023-08-21T23:50:44.191+0000] {processor.py:175} INFO - Processing /home/airflow/.local/lib/python3.7/site-packages/airflow/example_dags/example_kubernetes_executor.py took 0.213 seconds
[2023-08-21T23:51:14.585+0000] {processor.py:153} INFO - Started process (PID=281) to work on /home/airflow/.local/lib/python3.7/site-packages/airflow/example_dags/example_kubernetes_executor.py
[2023-08-21T23:51:14.586+0000] {processor.py:743} INFO - Processing file /home/airflow/.local/lib/python3.7/site-packages/airflow/example_dags/example_kubernetes_executor.py for tasks to queue
[2023-08-21T23:51:14.587+0000] {logging_mixin.py:137} INFO - [2023-08-21T23:51:14.587+0000] {dagbag.py:538} INFO - Filling up the DagBag from /home/airflow/.local/lib/python3.7/site-packages/airflow/example_dags/example_kubernetes_executor.py
[2023-08-21T23:51:14.616+0000] {processor.py:753} INFO - DAG(s) dict_keys(['example_kubernetes_executor']) retrieved from /home/airflow/.local/lib/python3.7/site-packages/airflow/example_dags/example_kubernetes_executor.py
[2023-08-21T23:51:14.646+0000] {logging_mixin.py:137} INFO - [2023-08-21T23:51:14.646+0000] {dag.py:2690} INFO - Sync 1 DAGs
[2023-08-21T23:51:14.671+0000] {logging_mixin.py:137} INFO - [2023-08-21T23:51:14.671+0000] {dag.py:3441} INFO - Setting next_dagrun for example_kubernetes_executor to None, run_after=None
[2023-08-21T23:51:14.803+0000] {processor.py:175} INFO - Processing /home/airflow/.local/lib/python3.7/site-packages/airflow/example_dags/example_kubernetes_executor.py took 0.221 seconds
[2023-08-21T23:51:44.965+0000] {processor.py:153} INFO - Started process (PID=343) to work on /home/airflow/.local/lib/python3.7/site-packages/airflow/example_dags/example_kubernetes_executor.py
[2023-08-21T23:51:44.966+0000] {processor.py:743} INFO - Processing file /home/airflow/.local/lib/python3.7/site-packages/airflow/example_dags/example_kubernetes_executor.py for tasks to queue
[2023-08-21T23:51:44.966+0000] {logging_mixin.py:137} INFO - [2023-08-21T23:51:44.966+0000] {dagbag.py:538} INFO - Filling up the DagBag from /home/airflow/.local/lib/python3.7/site-packages/airflow/example_dags/example_kubernetes_executor.py
[2023-08-21T23:51:44.993+0000] {processor.py:753} INFO - DAG(s) dict_keys(['example_kubernetes_executor']) retrieved from /home/airflow/.local/lib/python3.7/site-packages/airflow/example_dags/example_kubernetes_executor.py
[2023-08-21T23:51:45.022+0000] {logging_mixin.py:137} INFO - [2023-08-21T23:51:45.021+0000] {dag.py:2690} INFO - Sync 1 DAGs
[2023-08-21T23:51:45.046+0000] {logging_mixin.py:137} INFO - [2023-08-21T23:51:45.046+0000] {dag.py:3441} INFO - Setting next_dagrun for example_kubernetes_executor to None, run_after=None
[2023-08-21T23:51:45.137+0000] {processor.py:175} INFO - Processing /home/airflow/.local/lib/python3.7/site-packages/airflow/example_dags/example_kubernetes_executor.py took 0.176 seconds
[2023-08-21T23:52:15.749+0000] {processor.py:153} INFO - Started process (PID=418) to work on /home/airflow/.local/lib/python3.7/site-packages/airflow/example_dags/example_kubernetes_executor.py
[2023-08-21T23:52:15.751+0000] {processor.py:743} INFO - Processing file /home/airflow/.local/lib/python3.7/site-packages/airflow/example_dags/example_kubernetes_executor.py for tasks to queue
[2023-08-21T23:52:15.753+0000] {logging_mixin.py:137} INFO - [2023-08-21T23:52:15.753+0000] {dagbag.py:538} INFO - Filling up the DagBag from /home/airflow/.local/lib/python3.7/site-packages/airflow/example_dags/example_kubernetes_executor.py
[2023-08-21T23:52:15.800+0000] {processor.py:753} INFO - DAG(s) dict_keys(['example_kubernetes_executor']) retrieved from /home/airflow/.local/lib/python3.7/site-packages/airflow/example_dags/example_kubernetes_executor.py
[2023-08-21T23:52:15.855+0000] {logging_mixin.py:137} INFO - [2023-08-21T23:52:15.855+0000] {dag.py:2690} INFO - Sync 1 DAGs
[2023-08-21T23:52:15.905+0000] {logging_mixin.py:137} INFO - [2023-08-21T23:52:15.905+0000] {dag.py:3441} INFO - Setting next_dagrun for example_kubernetes_executor to None, run_after=None
[2023-08-21T23:52:15.961+0000] {processor.py:175} INFO - Processing /home/airflow/.local/lib/python3.7/site-packages/airflow/example_dags/example_kubernetes_executor.py took 0.224 seconds
[2023-08-21T23:52:46.218+0000] {processor.py:153} INFO - Started process (PID=480) to work on /home/airflow/.local/lib/python3.7/site-packages/airflow/example_dags/example_kubernetes_executor.py
[2023-08-21T23:52:46.219+0000] {processor.py:743} INFO - Processing file /home/airflow/.local/lib/python3.7/site-packages/airflow/example_dags/example_kubernetes_executor.py for tasks to queue
[2023-08-21T23:52:46.219+0000] {logging_mixin.py:137} INFO - [2023-08-21T23:52:46.219+0000] {dagbag.py:538} INFO - Filling up the DagBag from /home/airflow/.local/lib/python3.7/site-packages/airflow/example_dags/example_kubernetes_executor.py
[2023-08-21T23:52:46.259+0000] {processor.py:753} INFO - DAG(s) dict_keys(['example_kubernetes_executor']) retrieved from /home/airflow/.local/lib/python3.7/site-packages/airflow/example_dags/example_kubernetes_executor.py
[2023-08-21T23:52:46.297+0000] {logging_mixin.py:137} INFO - [2023-08-21T23:52:46.297+0000] {dag.py:2690} INFO - Sync 1 DAGs
[2023-08-21T23:52:46.331+0000] {logging_mixin.py:137} INFO - [2023-08-21T23:52:46.331+0000] {dag.py:3441} INFO - Setting next_dagrun for example_kubernetes_executor to None, run_after=None
[2023-08-21T23:52:46.376+0000] {processor.py:175} INFO - Processing /home/airflow/.local/lib/python3.7/site-packages/airflow/example_dags/example_kubernetes_executor.py took 0.163 seconds
[2023-08-21T23:53:16.473+0000] {processor.py:153} INFO - Started process (PID=544) to work on /home/airflow/.local/lib/python3.7/site-packages/airflow/example_dags/example_kubernetes_executor.py
[2023-08-21T23:53:16.474+0000] {processor.py:743} INFO - Processing file /home/airflow/.local/lib/python3.7/site-packages/airflow/example_dags/example_kubernetes_executor.py for tasks to queue
[2023-08-21T23:53:16.474+0000] {logging_mixin.py:137} INFO - [2023-08-21T23:53:16.474+0000] {dagbag.py:538} INFO - Filling up the DagBag from /home/airflow/.local/lib/python3.7/site-packages/airflow/example_dags/example_kubernetes_executor.py
[2023-08-21T23:53:16.523+0000] {processor.py:753} INFO - DAG(s) dict_keys(['example_kubernetes_executor']) retrieved from /home/airflow/.local/lib/python3.7/site-packages/airflow/example_dags/example_kubernetes_executor.py
[2023-08-21T23:53:16.575+0000] {logging_mixin.py:137} INFO - [2023-08-21T23:53:16.575+0000] {dag.py:2690} INFO - Sync 1 DAGs
[2023-08-21T23:53:16.612+0000] {logging_mixin.py:137} INFO - [2023-08-21T23:53:16.612+0000] {dag.py:3441} INFO - Setting next_dagrun for example_kubernetes_executor to None, run_after=None
[2023-08-21T23:53:16.689+0000] {processor.py:175} INFO - Processing /home/airflow/.local/lib/python3.7/site-packages/airflow/example_dags/example_kubernetes_executor.py took 0.220 seconds
[2023-08-21T23:53:46.720+0000] {processor.py:153} INFO - Started process (PID=618) to work on /home/airflow/.local/lib/python3.7/site-packages/airflow/example_dags/example_kubernetes_executor.py
[2023-08-21T23:53:46.721+0000] {processor.py:743} INFO - Processing file /home/airflow/.local/lib/python3.7/site-packages/airflow/example_dags/example_kubernetes_executor.py for tasks to queue
[2023-08-21T23:53:46.722+0000] {logging_mixin.py:137} INFO - [2023-08-21T23:53:46.722+0000] {dagbag.py:538} INFO - Filling up the DagBag from /home/airflow/.local/lib/python3.7/site-packages/airflow/example_dags/example_kubernetes_executor.py
[2023-08-21T23:53:46.750+0000] {processor.py:753} INFO - DAG(s) dict_keys(['example_kubernetes_executor']) retrieved from /home/airflow/.local/lib/python3.7/site-packages/airflow/example_dags/example_kubernetes_executor.py
[2023-08-21T23:53:46.782+0000] {logging_mixin.py:137} INFO - [2023-08-21T23:53:46.782+0000] {dag.py:2690} INFO - Sync 1 DAGs
[2023-08-21T23:53:46.809+0000] {logging_mixin.py:137} INFO - [2023-08-21T23:53:46.809+0000] {dag.py:3441} INFO - Setting next_dagrun for example_kubernetes_executor to None, run_after=None
[2023-08-21T23:53:46.867+0000] {processor.py:175} INFO - Processing /home/airflow/.local/lib/python3.7/site-packages/airflow/example_dags/example_kubernetes_executor.py took 0.151 seconds
[2023-08-21T23:54:17.289+0000] {processor.py:153} INFO - Started process (PID=682) to work on /home/airflow/.local/lib/python3.7/site-packages/airflow/example_dags/example_kubernetes_executor.py
[2023-08-21T23:54:17.290+0000] {processor.py:743} INFO - Processing file /home/airflow/.local/lib/python3.7/site-packages/airflow/example_dags/example_kubernetes_executor.py for tasks to queue
[2023-08-21T23:54:17.291+0000] {logging_mixin.py:137} INFO - [2023-08-21T23:54:17.290+0000] {dagbag.py:538} INFO - Filling up the DagBag from /home/airflow/.local/lib/python3.7/site-packages/airflow/example_dags/example_kubernetes_executor.py
[2023-08-21T23:54:17.323+0000] {processor.py:753} INFO - DAG(s) dict_keys(['example_kubernetes_executor']) retrieved from /home/airflow/.local/lib/python3.7/site-packages/airflow/example_dags/example_kubernetes_executor.py
[2023-08-21T23:54:17.366+0000] {logging_mixin.py:137} INFO - [2023-08-21T23:54:17.365+0000] {dag.py:2690} INFO - Sync 1 DAGs
[2023-08-21T23:54:17.411+0000] {logging_mixin.py:137} INFO - [2023-08-21T23:54:17.411+0000] {dag.py:3441} INFO - Setting next_dagrun for example_kubernetes_executor to None, run_after=None
[2023-08-21T23:54:17.487+0000] {processor.py:175} INFO - Processing /home/airflow/.local/lib/python3.7/site-packages/airflow/example_dags/example_kubernetes_executor.py took 0.201 seconds
[2023-08-21T23:54:47.942+0000] {processor.py:153} INFO - Started process (PID=757) to work on /home/airflow/.local/lib/python3.7/site-packages/airflow/example_dags/example_kubernetes_executor.py
[2023-08-21T23:54:47.943+0000] {processor.py:743} INFO - Processing file /home/airflow/.local/lib/python3.7/site-packages/airflow/example_dags/example_kubernetes_executor.py for tasks to queue
[2023-08-21T23:54:47.944+0000] {logging_mixin.py:137} INFO - [2023-08-21T23:54:47.944+0000] {dagbag.py:538} INFO - Filling up the DagBag from /home/airflow/.local/lib/python3.7/site-packages/airflow/example_dags/example_kubernetes_executor.py
[2023-08-21T23:54:47.971+0000] {processor.py:753} INFO - DAG(s) dict_keys(['example_kubernetes_executor']) retrieved from /home/airflow/.local/lib/python3.7/site-packages/airflow/example_dags/example_kubernetes_executor.py
[2023-08-21T23:54:48.001+0000] {logging_mixin.py:137} INFO - [2023-08-21T23:54:48.000+0000] {dag.py:2690} INFO - Sync 1 DAGs
[2023-08-21T23:54:48.028+0000] {logging_mixin.py:137} INFO - [2023-08-21T23:54:48.027+0000] {dag.py:3441} INFO - Setting next_dagrun for example_kubernetes_executor to None, run_after=None
[2023-08-21T23:54:48.098+0000] {processor.py:175} INFO - Processing /home/airflow/.local/lib/python3.7/site-packages/airflow/example_dags/example_kubernetes_executor.py took 0.161 seconds
[2023-08-21T23:55:18.265+0000] {processor.py:153} INFO - Started process (PID=821) to work on /home/airflow/.local/lib/python3.7/site-packages/airflow/example_dags/example_kubernetes_executor.py
[2023-08-21T23:55:18.266+0000] {processor.py:743} INFO - Processing file /home/airflow/.local/lib/python3.7/site-packages/airflow/example_dags/example_kubernetes_executor.py for tasks to queue
[2023-08-21T23:55:18.267+0000] {logging_mixin.py:137} INFO - [2023-08-21T23:55:18.266+0000] {dagbag.py:538} INFO - Filling up the DagBag from /home/airflow/.local/lib/python3.7/site-packages/airflow/example_dags/example_kubernetes_executor.py
[2023-08-21T23:55:18.294+0000] {processor.py:753} INFO - DAG(s) dict_keys(['example_kubernetes_executor']) retrieved from /home/airflow/.local/lib/python3.7/site-packages/airflow/example_dags/example_kubernetes_executor.py
[2023-08-21T23:55:18.334+0000] {logging_mixin.py:137} INFO - [2023-08-21T23:55:18.333+0000] {dag.py:2690} INFO - Sync 1 DAGs
[2023-08-21T23:55:18.358+0000] {logging_mixin.py:137} INFO - [2023-08-21T23:55:18.358+0000] {dag.py:3441} INFO - Setting next_dagrun for example_kubernetes_executor to None, run_after=None
[2023-08-21T23:55:18.403+0000] {processor.py:175} INFO - Processing /home/airflow/.local/lib/python3.7/site-packages/airflow/example_dags/example_kubernetes_executor.py took 0.142 seconds
[2023-08-21T23:55:48.778+0000] {processor.py:153} INFO - Started process (PID=897) to work on /home/airflow/.local/lib/python3.7/site-packages/airflow/example_dags/example_kubernetes_executor.py
[2023-08-21T23:55:48.779+0000] {processor.py:743} INFO - Processing file /home/airflow/.local/lib/python3.7/site-packages/airflow/example_dags/example_kubernetes_executor.py for tasks to queue
[2023-08-21T23:55:48.780+0000] {logging_mixin.py:137} INFO - [2023-08-21T23:55:48.780+0000] {dagbag.py:538} INFO - Filling up the DagBag from /home/airflow/.local/lib/python3.7/site-packages/airflow/example_dags/example_kubernetes_executor.py
[2023-08-21T23:55:48.808+0000] {processor.py:753} INFO - DAG(s) dict_keys(['example_kubernetes_executor']) retrieved from /home/airflow/.local/lib/python3.7/site-packages/airflow/example_dags/example_kubernetes_executor.py
[2023-08-21T23:55:48.840+0000] {logging_mixin.py:137} INFO - [2023-08-21T23:55:48.840+0000] {dag.py:2690} INFO - Sync 1 DAGs
[2023-08-21T23:55:48.872+0000] {logging_mixin.py:137} INFO - [2023-08-21T23:55:48.872+0000] {dag.py:3441} INFO - Setting next_dagrun for example_kubernetes_executor to None, run_after=None
[2023-08-21T23:55:48.986+0000] {processor.py:175} INFO - Processing /home/airflow/.local/lib/python3.7/site-packages/airflow/example_dags/example_kubernetes_executor.py took 0.211 seconds
[2023-08-21T23:56:19.015+0000] {processor.py:153} INFO - Started process (PID=960) to work on /home/airflow/.local/lib/python3.7/site-packages/airflow/example_dags/example_kubernetes_executor.py
[2023-08-21T23:56:19.016+0000] {processor.py:743} INFO - Processing file /home/airflow/.local/lib/python3.7/site-packages/airflow/example_dags/example_kubernetes_executor.py for tasks to queue
[2023-08-21T23:56:19.017+0000] {logging_mixin.py:137} INFO - [2023-08-21T23:56:19.017+0000] {dagbag.py:538} INFO - Filling up the DagBag from /home/airflow/.local/lib/python3.7/site-packages/airflow/example_dags/example_kubernetes_executor.py
[2023-08-21T23:56:19.044+0000] {processor.py:753} INFO - DAG(s) dict_keys(['example_kubernetes_executor']) retrieved from /home/airflow/.local/lib/python3.7/site-packages/airflow/example_dags/example_kubernetes_executor.py
[2023-08-21T23:56:19.085+0000] {logging_mixin.py:137} INFO - [2023-08-21T23:56:19.085+0000] {dag.py:2690} INFO - Sync 1 DAGs
[2023-08-21T23:56:19.120+0000] {logging_mixin.py:137} INFO - [2023-08-21T23:56:19.120+0000] {dag.py:3441} INFO - Setting next_dagrun for example_kubernetes_executor to None, run_after=None
[2023-08-21T23:56:19.173+0000] {processor.py:175} INFO - Processing /home/airflow/.local/lib/python3.7/site-packages/airflow/example_dags/example_kubernetes_executor.py took 0.162 seconds
[2023-08-21T23:56:49.272+0000] {processor.py:153} INFO - Started process (PID=1035) to work on /home/airflow/.local/lib/python3.7/site-packages/airflow/example_dags/example_kubernetes_executor.py
[2023-08-21T23:56:49.272+0000] {processor.py:743} INFO - Processing file /home/airflow/.local/lib/python3.7/site-packages/airflow/example_dags/example_kubernetes_executor.py for tasks to queue
[2023-08-21T23:56:49.273+0000] {logging_mixin.py:137} INFO - [2023-08-21T23:56:49.273+0000] {dagbag.py:538} INFO - Filling up the DagBag from /home/airflow/.local/lib/python3.7/site-packages/airflow/example_dags/example_kubernetes_executor.py
[2023-08-21T23:56:49.303+0000] {processor.py:753} INFO - DAG(s) dict_keys(['example_kubernetes_executor']) retrieved from /home/airflow/.local/lib/python3.7/site-packages/airflow/example_dags/example_kubernetes_executor.py
[2023-08-21T23:56:49.334+0000] {logging_mixin.py:137} INFO - [2023-08-21T23:56:49.334+0000] {dag.py:2690} INFO - Sync 1 DAGs
[2023-08-21T23:56:49.359+0000] {logging_mixin.py:137} INFO - [2023-08-21T23:56:49.359+0000] {dag.py:3441} INFO - Setting next_dagrun for example_kubernetes_executor to None, run_after=None
[2023-08-21T23:56:49.402+0000] {processor.py:175} INFO - Processing /home/airflow/.local/lib/python3.7/site-packages/airflow/example_dags/example_kubernetes_executor.py took 0.134 seconds
[2023-08-21T23:57:19.458+0000] {processor.py:153} INFO - Started process (PID=1098) to work on /home/airflow/.local/lib/python3.7/site-packages/airflow/example_dags/example_kubernetes_executor.py
[2023-08-21T23:57:19.459+0000] {processor.py:743} INFO - Processing file /home/airflow/.local/lib/python3.7/site-packages/airflow/example_dags/example_kubernetes_executor.py for tasks to queue
[2023-08-21T23:57:19.460+0000] {logging_mixin.py:137} INFO - [2023-08-21T23:57:19.460+0000] {dagbag.py:538} INFO - Filling up the DagBag from /home/airflow/.local/lib/python3.7/site-packages/airflow/example_dags/example_kubernetes_executor.py
[2023-08-21T23:57:19.487+0000] {processor.py:753} INFO - DAG(s) dict_keys(['example_kubernetes_executor']) retrieved from /home/airflow/.local/lib/python3.7/site-packages/airflow/example_dags/example_kubernetes_executor.py
[2023-08-21T23:57:19.518+0000] {logging_mixin.py:137} INFO - [2023-08-21T23:57:19.518+0000] {dag.py:2690} INFO - Sync 1 DAGs
[2023-08-21T23:57:19.546+0000] {logging_mixin.py:137} INFO - [2023-08-21T23:57:19.546+0000] {dag.py:3441} INFO - Setting next_dagrun for example_kubernetes_executor to None, run_after=None
[2023-08-21T23:57:19.616+0000] {processor.py:175} INFO - Processing /home/airflow/.local/lib/python3.7/site-packages/airflow/example_dags/example_kubernetes_executor.py took 0.162 seconds
[2023-08-21T23:57:49.865+0000] {processor.py:153} INFO - Started process (PID=1172) to work on /home/airflow/.local/lib/python3.7/site-packages/airflow/example_dags/example_kubernetes_executor.py
[2023-08-21T23:57:49.866+0000] {processor.py:743} INFO - Processing file /home/airflow/.local/lib/python3.7/site-packages/airflow/example_dags/example_kubernetes_executor.py for tasks to queue
[2023-08-21T23:57:49.867+0000] {logging_mixin.py:137} INFO - [2023-08-21T23:57:49.867+0000] {dagbag.py:538} INFO - Filling up the DagBag from /home/airflow/.local/lib/python3.7/site-packages/airflow/example_dags/example_kubernetes_executor.py
[2023-08-21T23:57:49.900+0000] {processor.py:753} INFO - DAG(s) dict_keys(['example_kubernetes_executor']) retrieved from /home/airflow/.local/lib/python3.7/site-packages/airflow/example_dags/example_kubernetes_executor.py
[2023-08-21T23:57:49.937+0000] {logging_mixin.py:137} INFO - [2023-08-21T23:57:49.936+0000] {dag.py:2690} INFO - Sync 1 DAGs
[2023-08-21T23:57:49.968+0000] {logging_mixin.py:137} INFO - [2023-08-21T23:57:49.968+0000] {dag.py:3441} INFO - Setting next_dagrun for example_kubernetes_executor to None, run_after=None
[2023-08-21T23:57:50.096+0000] {processor.py:175} INFO - Processing /home/airflow/.local/lib/python3.7/site-packages/airflow/example_dags/example_kubernetes_executor.py took 0.235 seconds
[2023-08-21T23:58:20.189+0000] {processor.py:153} INFO - Started process (PID=1235) to work on /home/airflow/.local/lib/python3.7/site-packages/airflow/example_dags/example_kubernetes_executor.py
[2023-08-21T23:58:20.190+0000] {processor.py:743} INFO - Processing file /home/airflow/.local/lib/python3.7/site-packages/airflow/example_dags/example_kubernetes_executor.py for tasks to queue
[2023-08-21T23:58:20.191+0000] {logging_mixin.py:137} INFO - [2023-08-21T23:58:20.190+0000] {dagbag.py:538} INFO - Filling up the DagBag from /home/airflow/.local/lib/python3.7/site-packages/airflow/example_dags/example_kubernetes_executor.py
[2023-08-21T23:58:20.223+0000] {processor.py:753} INFO - DAG(s) dict_keys(['example_kubernetes_executor']) retrieved from /home/airflow/.local/lib/python3.7/site-packages/airflow/example_dags/example_kubernetes_executor.py
[2023-08-21T23:58:20.260+0000] {logging_mixin.py:137} INFO - [2023-08-21T23:58:20.260+0000] {dag.py:2690} INFO - Sync 1 DAGs
[2023-08-21T23:58:20.285+0000] {logging_mixin.py:137} INFO - [2023-08-21T23:58:20.285+0000] {dag.py:3441} INFO - Setting next_dagrun for example_kubernetes_executor to None, run_after=None
[2023-08-21T23:58:20.345+0000] {processor.py:175} INFO - Processing /home/airflow/.local/lib/python3.7/site-packages/airflow/example_dags/example_kubernetes_executor.py took 0.160 seconds
[2023-08-21T23:58:50.555+0000] {processor.py:153} INFO - Started process (PID=1307) to work on /home/airflow/.local/lib/python3.7/site-packages/airflow/example_dags/example_kubernetes_executor.py
[2023-08-21T23:58:50.557+0000] {processor.py:743} INFO - Processing file /home/airflow/.local/lib/python3.7/site-packages/airflow/example_dags/example_kubernetes_executor.py for tasks to queue
[2023-08-21T23:58:50.558+0000] {logging_mixin.py:137} INFO - [2023-08-21T23:58:50.557+0000] {dagbag.py:538} INFO - Filling up the DagBag from /home/airflow/.local/lib/python3.7/site-packages/airflow/example_dags/example_kubernetes_executor.py
[2023-08-21T23:58:50.595+0000] {processor.py:753} INFO - DAG(s) dict_keys(['example_kubernetes_executor']) retrieved from /home/airflow/.local/lib/python3.7/site-packages/airflow/example_dags/example_kubernetes_executor.py
[2023-08-21T23:58:50.626+0000] {logging_mixin.py:137} INFO - [2023-08-21T23:58:50.626+0000] {dag.py:2690} INFO - Sync 1 DAGs
[2023-08-21T23:58:50.655+0000] {logging_mixin.py:137} INFO - [2023-08-21T23:58:50.655+0000] {dag.py:3441} INFO - Setting next_dagrun for example_kubernetes_executor to None, run_after=None
[2023-08-21T23:58:50.703+0000] {processor.py:175} INFO - Processing /home/airflow/.local/lib/python3.7/site-packages/airflow/example_dags/example_kubernetes_executor.py took 0.153 seconds
[2023-08-21T23:59:21.105+0000] {processor.py:153} INFO - Started process (PID=1373) to work on /home/airflow/.local/lib/python3.7/site-packages/airflow/example_dags/example_kubernetes_executor.py
[2023-08-21T23:59:21.106+0000] {processor.py:743} INFO - Processing file /home/airflow/.local/lib/python3.7/site-packages/airflow/example_dags/example_kubernetes_executor.py for tasks to queue
[2023-08-21T23:59:21.107+0000] {logging_mixin.py:137} INFO - [2023-08-21T23:59:21.107+0000] {dagbag.py:538} INFO - Filling up the DagBag from /home/airflow/.local/lib/python3.7/site-packages/airflow/example_dags/example_kubernetes_executor.py
[2023-08-21T23:59:21.137+0000] {processor.py:753} INFO - DAG(s) dict_keys(['example_kubernetes_executor']) retrieved from /home/airflow/.local/lib/python3.7/site-packages/airflow/example_dags/example_kubernetes_executor.py
[2023-08-21T23:59:21.167+0000] {logging_mixin.py:137} INFO - [2023-08-21T23:59:21.167+0000] {dag.py:2690} INFO - Sync 1 DAGs
[2023-08-21T23:59:21.198+0000] {logging_mixin.py:137} INFO - [2023-08-21T23:59:21.198+0000] {dag.py:3441} INFO - Setting next_dagrun for example_kubernetes_executor to None, run_after=None
[2023-08-21T23:59:21.270+0000] {processor.py:175} INFO - Processing /home/airflow/.local/lib/python3.7/site-packages/airflow/example_dags/example_kubernetes_executor.py took 0.169 seconds
[2023-08-21T23:59:51.461+0000] {processor.py:153} INFO - Started process (PID=1436) to work on /home/airflow/.local/lib/python3.7/site-packages/airflow/example_dags/example_kubernetes_executor.py
[2023-08-21T23:59:51.462+0000] {processor.py:743} INFO - Processing file /home/airflow/.local/lib/python3.7/site-packages/airflow/example_dags/example_kubernetes_executor.py for tasks to queue
[2023-08-21T23:59:51.463+0000] {logging_mixin.py:137} INFO - [2023-08-21T23:59:51.463+0000] {dagbag.py:538} INFO - Filling up the DagBag from /home/airflow/.local/lib/python3.7/site-packages/airflow/example_dags/example_kubernetes_executor.py
[2023-08-21T23:59:51.492+0000] {processor.py:753} INFO - DAG(s) dict_keys(['example_kubernetes_executor']) retrieved from /home/airflow/.local/lib/python3.7/site-packages/airflow/example_dags/example_kubernetes_executor.py
[2023-08-21T23:59:51.522+0000] {logging_mixin.py:137} INFO - [2023-08-21T23:59:51.522+0000] {dag.py:2690} INFO - Sync 1 DAGs
[2023-08-21T23:59:51.551+0000] {logging_mixin.py:137} INFO - [2023-08-21T23:59:51.551+0000] {dag.py:3441} INFO - Setting next_dagrun for example_kubernetes_executor to None, run_after=None
[2023-08-21T23:59:51.613+0000] {processor.py:175} INFO - Processing /home/airflow/.local/lib/python3.7/site-packages/airflow/example_dags/example_kubernetes_executor.py took 0.156 seconds
