[2023-08-21T23:49:43.835+0000] {processor.py:153} INFO - Started process (PID=72) to work on /home/airflow/.local/lib/python3.7/site-packages/airflow/example_dags/example_branch_python_dop_operator_3.py
[2023-08-21T23:49:43.836+0000] {processor.py:743} INFO - Processing file /home/airflow/.local/lib/python3.7/site-packages/airflow/example_dags/example_branch_python_dop_operator_3.py for tasks to queue
[2023-08-21T23:49:43.837+0000] {logging_mixin.py:137} INFO - [2023-08-21T23:49:43.836+0000] {dagbag.py:538} INFO - Filling up the DagBag from /home/airflow/.local/lib/python3.7/site-packages/airflow/example_dags/example_branch_python_dop_operator_3.py
[2023-08-21T23:49:43.866+0000] {processor.py:753} INFO - DAG(s) dict_keys(['example_branch_dop_operator_v3']) retrieved from /home/airflow/.local/lib/python3.7/site-packages/airflow/example_dags/example_branch_python_dop_operator_3.py
[2023-08-21T23:49:44.031+0000] {logging_mixin.py:137} INFO - [2023-08-21T23:49:44.031+0000] {manager.py:504} INFO - Created Permission View: can edit on DAG:example_branch_dop_operator_v3
[2023-08-21T23:49:44.080+0000] {logging_mixin.py:137} INFO - [2023-08-21T23:49:44.080+0000] {manager.py:504} INFO - Created Permission View: can read on DAG:example_branch_dop_operator_v3
[2023-08-21T23:49:44.129+0000] {logging_mixin.py:137} INFO - [2023-08-21T23:49:44.129+0000] {manager.py:504} INFO - Created Permission View: can delete on DAG:example_branch_dop_operator_v3
[2023-08-21T23:49:44.154+0000] {logging_mixin.py:137} INFO - [2023-08-21T23:49:44.154+0000] {dag.py:2690} INFO - Sync 1 DAGs
[2023-08-21T23:49:44.174+0000] {logging_mixin.py:137} INFO - [2023-08-21T23:49:44.174+0000] {dag.py:2711} INFO - Creating ORM DAG for example_branch_dop_operator_v3
[2023-08-21T23:49:44.193+0000] {logging_mixin.py:137} INFO - [2023-08-21T23:49:44.193+0000] {dag.py:3441} INFO - Setting next_dagrun for example_branch_dop_operator_v3 to 2023-08-21T23:48:00+00:00, run_after=2023-08-21T23:49:00+00:00
[2023-08-21T23:49:44.263+0000] {processor.py:175} INFO - Processing /home/airflow/.local/lib/python3.7/site-packages/airflow/example_dags/example_branch_python_dop_operator_3.py took 0.431 seconds
[2023-08-21T23:50:15.054+0000] {processor.py:153} INFO - Started process (PID=148) to work on /home/airflow/.local/lib/python3.7/site-packages/airflow/example_dags/example_branch_python_dop_operator_3.py
[2023-08-21T23:50:15.055+0000] {processor.py:743} INFO - Processing file /home/airflow/.local/lib/python3.7/site-packages/airflow/example_dags/example_branch_python_dop_operator_3.py for tasks to queue
[2023-08-21T23:50:15.056+0000] {logging_mixin.py:137} INFO - [2023-08-21T23:50:15.056+0000] {dagbag.py:538} INFO - Filling up the DagBag from /home/airflow/.local/lib/python3.7/site-packages/airflow/example_dags/example_branch_python_dop_operator_3.py
[2023-08-21T23:50:15.079+0000] {processor.py:753} INFO - DAG(s) dict_keys(['example_branch_dop_operator_v3']) retrieved from /home/airflow/.local/lib/python3.7/site-packages/airflow/example_dags/example_branch_python_dop_operator_3.py
[2023-08-21T23:50:15.105+0000] {logging_mixin.py:137} INFO - [2023-08-21T23:50:15.105+0000] {dag.py:2690} INFO - Sync 1 DAGs
[2023-08-21T23:50:15.136+0000] {logging_mixin.py:137} INFO - [2023-08-21T23:50:15.136+0000] {dag.py:3441} INFO - Setting next_dagrun for example_branch_dop_operator_v3 to 2023-08-21T23:49:00+00:00, run_after=2023-08-21T23:50:00+00:00
[2023-08-21T23:50:15.203+0000] {processor.py:175} INFO - Processing /home/airflow/.local/lib/python3.7/site-packages/airflow/example_dags/example_branch_python_dop_operator_3.py took 0.152 seconds
[2023-08-21T23:50:45.369+0000] {processor.py:153} INFO - Started process (PID=211) to work on /home/airflow/.local/lib/python3.7/site-packages/airflow/example_dags/example_branch_python_dop_operator_3.py
[2023-08-21T23:50:45.370+0000] {processor.py:743} INFO - Processing file /home/airflow/.local/lib/python3.7/site-packages/airflow/example_dags/example_branch_python_dop_operator_3.py for tasks to queue
[2023-08-21T23:50:45.371+0000] {logging_mixin.py:137} INFO - [2023-08-21T23:50:45.371+0000] {dagbag.py:538} INFO - Filling up the DagBag from /home/airflow/.local/lib/python3.7/site-packages/airflow/example_dags/example_branch_python_dop_operator_3.py
[2023-08-21T23:50:45.405+0000] {processor.py:753} INFO - DAG(s) dict_keys(['example_branch_dop_operator_v3']) retrieved from /home/airflow/.local/lib/python3.7/site-packages/airflow/example_dags/example_branch_python_dop_operator_3.py
[2023-08-21T23:50:45.431+0000] {logging_mixin.py:137} INFO - [2023-08-21T23:50:45.431+0000] {dag.py:2690} INFO - Sync 1 DAGs
[2023-08-21T23:50:45.460+0000] {logging_mixin.py:137} INFO - [2023-08-21T23:50:45.460+0000] {dag.py:3441} INFO - Setting next_dagrun for example_branch_dop_operator_v3 to 2023-08-21T23:49:00+00:00, run_after=2023-08-21T23:50:00+00:00
[2023-08-21T23:50:45.513+0000] {processor.py:175} INFO - Processing /home/airflow/.local/lib/python3.7/site-packages/airflow/example_dags/example_branch_python_dop_operator_3.py took 0.149 seconds
[2023-08-21T23:51:15.995+0000] {processor.py:153} INFO - Started process (PID=285) to work on /home/airflow/.local/lib/python3.7/site-packages/airflow/example_dags/example_branch_python_dop_operator_3.py
[2023-08-21T23:51:15.996+0000] {processor.py:743} INFO - Processing file /home/airflow/.local/lib/python3.7/site-packages/airflow/example_dags/example_branch_python_dop_operator_3.py for tasks to queue
[2023-08-21T23:51:15.997+0000] {logging_mixin.py:137} INFO - [2023-08-21T23:51:15.997+0000] {dagbag.py:538} INFO - Filling up the DagBag from /home/airflow/.local/lib/python3.7/site-packages/airflow/example_dags/example_branch_python_dop_operator_3.py
[2023-08-21T23:51:16.019+0000] {processor.py:753} INFO - DAG(s) dict_keys(['example_branch_dop_operator_v3']) retrieved from /home/airflow/.local/lib/python3.7/site-packages/airflow/example_dags/example_branch_python_dop_operator_3.py
[2023-08-21T23:51:16.043+0000] {logging_mixin.py:137} INFO - [2023-08-21T23:51:16.043+0000] {dag.py:2690} INFO - Sync 1 DAGs
[2023-08-21T23:51:16.070+0000] {logging_mixin.py:137} INFO - [2023-08-21T23:51:16.070+0000] {dag.py:3441} INFO - Setting next_dagrun for example_branch_dop_operator_v3 to 2023-08-21T23:50:00+00:00, run_after=2023-08-21T23:51:00+00:00
[2023-08-21T23:51:16.246+0000] {processor.py:175} INFO - Processing /home/airflow/.local/lib/python3.7/site-packages/airflow/example_dags/example_branch_python_dop_operator_3.py took 0.255 seconds
[2023-08-21T23:51:46.325+0000] {processor.py:153} INFO - Started process (PID=347) to work on /home/airflow/.local/lib/python3.7/site-packages/airflow/example_dags/example_branch_python_dop_operator_3.py
[2023-08-21T23:51:46.326+0000] {processor.py:743} INFO - Processing file /home/airflow/.local/lib/python3.7/site-packages/airflow/example_dags/example_branch_python_dop_operator_3.py for tasks to queue
[2023-08-21T23:51:46.326+0000] {logging_mixin.py:137} INFO - [2023-08-21T23:51:46.326+0000] {dagbag.py:538} INFO - Filling up the DagBag from /home/airflow/.local/lib/python3.7/site-packages/airflow/example_dags/example_branch_python_dop_operator_3.py
[2023-08-21T23:51:46.348+0000] {processor.py:753} INFO - DAG(s) dict_keys(['example_branch_dop_operator_v3']) retrieved from /home/airflow/.local/lib/python3.7/site-packages/airflow/example_dags/example_branch_python_dop_operator_3.py
[2023-08-21T23:51:46.373+0000] {logging_mixin.py:137} INFO - [2023-08-21T23:51:46.373+0000] {dag.py:2690} INFO - Sync 1 DAGs
[2023-08-21T23:51:46.401+0000] {logging_mixin.py:137} INFO - [2023-08-21T23:51:46.401+0000] {dag.py:3441} INFO - Setting next_dagrun for example_branch_dop_operator_v3 to 2023-08-21T23:50:00+00:00, run_after=2023-08-21T23:51:00+00:00
[2023-08-21T23:51:46.494+0000] {processor.py:175} INFO - Processing /home/airflow/.local/lib/python3.7/site-packages/airflow/example_dags/example_branch_python_dop_operator_3.py took 0.173 seconds
[2023-08-21T23:52:17.184+0000] {processor.py:153} INFO - Started process (PID=422) to work on /home/airflow/.local/lib/python3.7/site-packages/airflow/example_dags/example_branch_python_dop_operator_3.py
[2023-08-21T23:52:17.185+0000] {processor.py:743} INFO - Processing file /home/airflow/.local/lib/python3.7/site-packages/airflow/example_dags/example_branch_python_dop_operator_3.py for tasks to queue
[2023-08-21T23:52:17.186+0000] {logging_mixin.py:137} INFO - [2023-08-21T23:52:17.186+0000] {dagbag.py:538} INFO - Filling up the DagBag from /home/airflow/.local/lib/python3.7/site-packages/airflow/example_dags/example_branch_python_dop_operator_3.py
[2023-08-21T23:52:17.219+0000] {processor.py:753} INFO - DAG(s) dict_keys(['example_branch_dop_operator_v3']) retrieved from /home/airflow/.local/lib/python3.7/site-packages/airflow/example_dags/example_branch_python_dop_operator_3.py
[2023-08-21T23:52:17.264+0000] {logging_mixin.py:137} INFO - [2023-08-21T23:52:17.264+0000] {dag.py:2690} INFO - Sync 1 DAGs
[2023-08-21T23:52:17.307+0000] {logging_mixin.py:137} INFO - [2023-08-21T23:52:17.307+0000] {dag.py:3441} INFO - Setting next_dagrun for example_branch_dop_operator_v3 to 2023-08-21T23:51:00+00:00, run_after=2023-08-21T23:52:00+00:00
[2023-08-21T23:52:17.367+0000] {processor.py:175} INFO - Processing /home/airflow/.local/lib/python3.7/site-packages/airflow/example_dags/example_branch_python_dop_operator_3.py took 0.188 seconds
[2023-08-21T23:52:47.557+0000] {processor.py:153} INFO - Started process (PID=484) to work on /home/airflow/.local/lib/python3.7/site-packages/airflow/example_dags/example_branch_python_dop_operator_3.py
[2023-08-21T23:52:47.558+0000] {processor.py:743} INFO - Processing file /home/airflow/.local/lib/python3.7/site-packages/airflow/example_dags/example_branch_python_dop_operator_3.py for tasks to queue
[2023-08-21T23:52:47.560+0000] {logging_mixin.py:137} INFO - [2023-08-21T23:52:47.560+0000] {dagbag.py:538} INFO - Filling up the DagBag from /home/airflow/.local/lib/python3.7/site-packages/airflow/example_dags/example_branch_python_dop_operator_3.py
[2023-08-21T23:52:47.597+0000] {processor.py:753} INFO - DAG(s) dict_keys(['example_branch_dop_operator_v3']) retrieved from /home/airflow/.local/lib/python3.7/site-packages/airflow/example_dags/example_branch_python_dop_operator_3.py
[2023-08-21T23:52:47.685+0000] {logging_mixin.py:137} INFO - [2023-08-21T23:52:47.685+0000] {dag.py:2690} INFO - Sync 1 DAGs
[2023-08-21T23:52:47.721+0000] {logging_mixin.py:137} INFO - [2023-08-21T23:52:47.721+0000] {dag.py:3441} INFO - Setting next_dagrun for example_branch_dop_operator_v3 to 2023-08-21T23:51:00+00:00, run_after=2023-08-21T23:52:00+00:00
[2023-08-21T23:52:47.784+0000] {processor.py:175} INFO - Processing /home/airflow/.local/lib/python3.7/site-packages/airflow/example_dags/example_branch_python_dop_operator_3.py took 0.233 seconds
[2023-08-21T23:53:17.919+0000] {processor.py:153} INFO - Started process (PID=557) to work on /home/airflow/.local/lib/python3.7/site-packages/airflow/example_dags/example_branch_python_dop_operator_3.py
[2023-08-21T23:53:17.920+0000] {processor.py:743} INFO - Processing file /home/airflow/.local/lib/python3.7/site-packages/airflow/example_dags/example_branch_python_dop_operator_3.py for tasks to queue
[2023-08-21T23:53:17.921+0000] {logging_mixin.py:137} INFO - [2023-08-21T23:53:17.921+0000] {dagbag.py:538} INFO - Filling up the DagBag from /home/airflow/.local/lib/python3.7/site-packages/airflow/example_dags/example_branch_python_dop_operator_3.py
[2023-08-21T23:53:17.950+0000] {processor.py:753} INFO - DAG(s) dict_keys(['example_branch_dop_operator_v3']) retrieved from /home/airflow/.local/lib/python3.7/site-packages/airflow/example_dags/example_branch_python_dop_operator_3.py
[2023-08-21T23:53:17.984+0000] {logging_mixin.py:137} INFO - [2023-08-21T23:53:17.984+0000] {dag.py:2690} INFO - Sync 1 DAGs
[2023-08-21T23:53:18.024+0000] {logging_mixin.py:137} INFO - [2023-08-21T23:53:18.023+0000] {dag.py:3441} INFO - Setting next_dagrun for example_branch_dop_operator_v3 to 2023-08-21T23:52:00+00:00, run_after=2023-08-21T23:53:00+00:00
[2023-08-21T23:53:18.077+0000] {processor.py:175} INFO - Processing /home/airflow/.local/lib/python3.7/site-packages/airflow/example_dags/example_branch_python_dop_operator_3.py took 0.164 seconds
[2023-08-21T23:53:48.187+0000] {processor.py:153} INFO - Started process (PID=622) to work on /home/airflow/.local/lib/python3.7/site-packages/airflow/example_dags/example_branch_python_dop_operator_3.py
[2023-08-21T23:53:48.188+0000] {processor.py:743} INFO - Processing file /home/airflow/.local/lib/python3.7/site-packages/airflow/example_dags/example_branch_python_dop_operator_3.py for tasks to queue
[2023-08-21T23:53:48.189+0000] {logging_mixin.py:137} INFO - [2023-08-21T23:53:48.189+0000] {dagbag.py:538} INFO - Filling up the DagBag from /home/airflow/.local/lib/python3.7/site-packages/airflow/example_dags/example_branch_python_dop_operator_3.py
[2023-08-21T23:53:48.214+0000] {processor.py:753} INFO - DAG(s) dict_keys(['example_branch_dop_operator_v3']) retrieved from /home/airflow/.local/lib/python3.7/site-packages/airflow/example_dags/example_branch_python_dop_operator_3.py
[2023-08-21T23:53:48.240+0000] {logging_mixin.py:137} INFO - [2023-08-21T23:53:48.240+0000] {dag.py:2690} INFO - Sync 1 DAGs
[2023-08-21T23:53:48.272+0000] {logging_mixin.py:137} INFO - [2023-08-21T23:53:48.272+0000] {dag.py:3441} INFO - Setting next_dagrun for example_branch_dop_operator_v3 to 2023-08-21T23:52:00+00:00, run_after=2023-08-21T23:53:00+00:00
[2023-08-21T23:53:48.324+0000] {processor.py:175} INFO - Processing /home/airflow/.local/lib/python3.7/site-packages/airflow/example_dags/example_branch_python_dop_operator_3.py took 0.141 seconds
[2023-08-21T23:54:18.676+0000] {processor.py:153} INFO - Started process (PID=686) to work on /home/airflow/.local/lib/python3.7/site-packages/airflow/example_dags/example_branch_python_dop_operator_3.py
[2023-08-21T23:54:18.677+0000] {processor.py:743} INFO - Processing file /home/airflow/.local/lib/python3.7/site-packages/airflow/example_dags/example_branch_python_dop_operator_3.py for tasks to queue
[2023-08-21T23:54:18.678+0000] {logging_mixin.py:137} INFO - [2023-08-21T23:54:18.677+0000] {dagbag.py:538} INFO - Filling up the DagBag from /home/airflow/.local/lib/python3.7/site-packages/airflow/example_dags/example_branch_python_dop_operator_3.py
[2023-08-21T23:54:18.706+0000] {processor.py:753} INFO - DAG(s) dict_keys(['example_branch_dop_operator_v3']) retrieved from /home/airflow/.local/lib/python3.7/site-packages/airflow/example_dags/example_branch_python_dop_operator_3.py
[2023-08-21T23:54:18.739+0000] {logging_mixin.py:137} INFO - [2023-08-21T23:54:18.739+0000] {dag.py:2690} INFO - Sync 1 DAGs
[2023-08-21T23:54:18.785+0000] {logging_mixin.py:137} INFO - [2023-08-21T23:54:18.785+0000] {dag.py:3441} INFO - Setting next_dagrun for example_branch_dop_operator_v3 to 2023-08-21T23:53:00+00:00, run_after=2023-08-21T23:54:00+00:00
[2023-08-21T23:54:18.843+0000] {processor.py:175} INFO - Processing /home/airflow/.local/lib/python3.7/site-packages/airflow/example_dags/example_branch_python_dop_operator_3.py took 0.173 seconds
[2023-08-21T23:54:49.286+0000] {processor.py:153} INFO - Started process (PID=761) to work on /home/airflow/.local/lib/python3.7/site-packages/airflow/example_dags/example_branch_python_dop_operator_3.py
[2023-08-21T23:54:49.287+0000] {processor.py:743} INFO - Processing file /home/airflow/.local/lib/python3.7/site-packages/airflow/example_dags/example_branch_python_dop_operator_3.py for tasks to queue
[2023-08-21T23:54:49.287+0000] {logging_mixin.py:137} INFO - [2023-08-21T23:54:49.287+0000] {dagbag.py:538} INFO - Filling up the DagBag from /home/airflow/.local/lib/python3.7/site-packages/airflow/example_dags/example_branch_python_dop_operator_3.py
[2023-08-21T23:54:49.311+0000] {processor.py:753} INFO - DAG(s) dict_keys(['example_branch_dop_operator_v3']) retrieved from /home/airflow/.local/lib/python3.7/site-packages/airflow/example_dags/example_branch_python_dop_operator_3.py
[2023-08-21T23:54:49.338+0000] {logging_mixin.py:137} INFO - [2023-08-21T23:54:49.337+0000] {dag.py:2690} INFO - Sync 1 DAGs
[2023-08-21T23:54:49.370+0000] {logging_mixin.py:137} INFO - [2023-08-21T23:54:49.370+0000] {dag.py:3441} INFO - Setting next_dagrun for example_branch_dop_operator_v3 to 2023-08-21T23:53:00+00:00, run_after=2023-08-21T23:54:00+00:00
[2023-08-21T23:54:49.499+0000] {processor.py:175} INFO - Processing /home/airflow/.local/lib/python3.7/site-packages/airflow/example_dags/example_branch_python_dop_operator_3.py took 0.217 seconds
[2023-08-21T23:55:19.593+0000] {processor.py:153} INFO - Started process (PID=825) to work on /home/airflow/.local/lib/python3.7/site-packages/airflow/example_dags/example_branch_python_dop_operator_3.py
[2023-08-21T23:55:19.594+0000] {processor.py:743} INFO - Processing file /home/airflow/.local/lib/python3.7/site-packages/airflow/example_dags/example_branch_python_dop_operator_3.py for tasks to queue
[2023-08-21T23:55:19.595+0000] {logging_mixin.py:137} INFO - [2023-08-21T23:55:19.595+0000] {dagbag.py:538} INFO - Filling up the DagBag from /home/airflow/.local/lib/python3.7/site-packages/airflow/example_dags/example_branch_python_dop_operator_3.py
[2023-08-21T23:55:19.619+0000] {processor.py:753} INFO - DAG(s) dict_keys(['example_branch_dop_operator_v3']) retrieved from /home/airflow/.local/lib/python3.7/site-packages/airflow/example_dags/example_branch_python_dop_operator_3.py
[2023-08-21T23:55:19.647+0000] {logging_mixin.py:137} INFO - [2023-08-21T23:55:19.647+0000] {dag.py:2690} INFO - Sync 1 DAGs
[2023-08-21T23:55:19.685+0000] {logging_mixin.py:137} INFO - [2023-08-21T23:55:19.685+0000] {dag.py:3441} INFO - Setting next_dagrun for example_branch_dop_operator_v3 to 2023-08-21T23:54:00+00:00, run_after=2023-08-21T23:55:00+00:00
[2023-08-21T23:55:19.815+0000] {processor.py:175} INFO - Processing /home/airflow/.local/lib/python3.7/site-packages/airflow/example_dags/example_branch_python_dop_operator_3.py took 0.225 seconds
[2023-08-21T23:55:50.153+0000] {processor.py:153} INFO - Started process (PID=901) to work on /home/airflow/.local/lib/python3.7/site-packages/airflow/example_dags/example_branch_python_dop_operator_3.py
[2023-08-21T23:55:50.154+0000] {processor.py:743} INFO - Processing file /home/airflow/.local/lib/python3.7/site-packages/airflow/example_dags/example_branch_python_dop_operator_3.py for tasks to queue
[2023-08-21T23:55:50.155+0000] {logging_mixin.py:137} INFO - [2023-08-21T23:55:50.155+0000] {dagbag.py:538} INFO - Filling up the DagBag from /home/airflow/.local/lib/python3.7/site-packages/airflow/example_dags/example_branch_python_dop_operator_3.py
[2023-08-21T23:55:50.185+0000] {processor.py:753} INFO - DAG(s) dict_keys(['example_branch_dop_operator_v3']) retrieved from /home/airflow/.local/lib/python3.7/site-packages/airflow/example_dags/example_branch_python_dop_operator_3.py
[2023-08-21T23:55:50.216+0000] {logging_mixin.py:137} INFO - [2023-08-21T23:55:50.216+0000] {dag.py:2690} INFO - Sync 1 DAGs
[2023-08-21T23:55:50.250+0000] {logging_mixin.py:137} INFO - [2023-08-21T23:55:50.250+0000] {dag.py:3441} INFO - Setting next_dagrun for example_branch_dop_operator_v3 to 2023-08-21T23:54:00+00:00, run_after=2023-08-21T23:55:00+00:00
[2023-08-21T23:55:50.308+0000] {processor.py:175} INFO - Processing /home/airflow/.local/lib/python3.7/site-packages/airflow/example_dags/example_branch_python_dop_operator_3.py took 0.160 seconds
[2023-08-21T23:56:20.372+0000] {processor.py:153} INFO - Started process (PID=964) to work on /home/airflow/.local/lib/python3.7/site-packages/airflow/example_dags/example_branch_python_dop_operator_3.py
[2023-08-21T23:56:20.372+0000] {processor.py:743} INFO - Processing file /home/airflow/.local/lib/python3.7/site-packages/airflow/example_dags/example_branch_python_dop_operator_3.py for tasks to queue
[2023-08-21T23:56:20.373+0000] {logging_mixin.py:137} INFO - [2023-08-21T23:56:20.373+0000] {dagbag.py:538} INFO - Filling up the DagBag from /home/airflow/.local/lib/python3.7/site-packages/airflow/example_dags/example_branch_python_dop_operator_3.py
[2023-08-21T23:56:20.399+0000] {processor.py:753} INFO - DAG(s) dict_keys(['example_branch_dop_operator_v3']) retrieved from /home/airflow/.local/lib/python3.7/site-packages/airflow/example_dags/example_branch_python_dop_operator_3.py
[2023-08-21T23:56:20.426+0000] {logging_mixin.py:137} INFO - [2023-08-21T23:56:20.425+0000] {dag.py:2690} INFO - Sync 1 DAGs
[2023-08-21T23:56:20.455+0000] {logging_mixin.py:137} INFO - [2023-08-21T23:56:20.455+0000] {dag.py:3441} INFO - Setting next_dagrun for example_branch_dop_operator_v3 to 2023-08-21T23:55:00+00:00, run_after=2023-08-21T23:56:00+00:00
[2023-08-21T23:56:20.522+0000] {processor.py:175} INFO - Processing /home/airflow/.local/lib/python3.7/site-packages/airflow/example_dags/example_branch_python_dop_operator_3.py took 0.154 seconds
[2023-08-21T23:56:50.592+0000] {processor.py:153} INFO - Started process (PID=1039) to work on /home/airflow/.local/lib/python3.7/site-packages/airflow/example_dags/example_branch_python_dop_operator_3.py
[2023-08-21T23:56:50.593+0000] {processor.py:743} INFO - Processing file /home/airflow/.local/lib/python3.7/site-packages/airflow/example_dags/example_branch_python_dop_operator_3.py for tasks to queue
[2023-08-21T23:56:50.594+0000] {logging_mixin.py:137} INFO - [2023-08-21T23:56:50.594+0000] {dagbag.py:538} INFO - Filling up the DagBag from /home/airflow/.local/lib/python3.7/site-packages/airflow/example_dags/example_branch_python_dop_operator_3.py
[2023-08-21T23:56:50.622+0000] {processor.py:753} INFO - DAG(s) dict_keys(['example_branch_dop_operator_v3']) retrieved from /home/airflow/.local/lib/python3.7/site-packages/airflow/example_dags/example_branch_python_dop_operator_3.py
[2023-08-21T23:56:50.659+0000] {logging_mixin.py:137} INFO - [2023-08-21T23:56:50.659+0000] {dag.py:2690} INFO - Sync 1 DAGs
[2023-08-21T23:56:50.691+0000] {logging_mixin.py:137} INFO - [2023-08-21T23:56:50.691+0000] {dag.py:3441} INFO - Setting next_dagrun for example_branch_dop_operator_v3 to 2023-08-21T23:55:00+00:00, run_after=2023-08-21T23:56:00+00:00
[2023-08-21T23:56:50.775+0000] {processor.py:175} INFO - Processing /home/airflow/.local/lib/python3.7/site-packages/airflow/example_dags/example_branch_python_dop_operator_3.py took 0.187 seconds
[2023-08-21T23:57:20.841+0000] {processor.py:153} INFO - Started process (PID=1102) to work on /home/airflow/.local/lib/python3.7/site-packages/airflow/example_dags/example_branch_python_dop_operator_3.py
[2023-08-21T23:57:20.842+0000] {processor.py:743} INFO - Processing file /home/airflow/.local/lib/python3.7/site-packages/airflow/example_dags/example_branch_python_dop_operator_3.py for tasks to queue
[2023-08-21T23:57:20.843+0000] {logging_mixin.py:137} INFO - [2023-08-21T23:57:20.843+0000] {dagbag.py:538} INFO - Filling up the DagBag from /home/airflow/.local/lib/python3.7/site-packages/airflow/example_dags/example_branch_python_dop_operator_3.py
[2023-08-21T23:57:20.880+0000] {processor.py:753} INFO - DAG(s) dict_keys(['example_branch_dop_operator_v3']) retrieved from /home/airflow/.local/lib/python3.7/site-packages/airflow/example_dags/example_branch_python_dop_operator_3.py
[2023-08-21T23:57:20.907+0000] {logging_mixin.py:137} INFO - [2023-08-21T23:57:20.907+0000] {dag.py:2690} INFO - Sync 1 DAGs
[2023-08-21T23:57:20.935+0000] {logging_mixin.py:137} INFO - [2023-08-21T23:57:20.935+0000] {dag.py:3441} INFO - Setting next_dagrun for example_branch_dop_operator_v3 to 2023-08-21T23:56:00+00:00, run_after=2023-08-21T23:57:00+00:00
[2023-08-21T23:57:21.021+0000] {processor.py:175} INFO - Processing /home/airflow/.local/lib/python3.7/site-packages/airflow/example_dags/example_branch_python_dop_operator_3.py took 0.185 seconds
[2023-08-21T23:57:51.314+0000] {processor.py:153} INFO - Started process (PID=1176) to work on /home/airflow/.local/lib/python3.7/site-packages/airflow/example_dags/example_branch_python_dop_operator_3.py
[2023-08-21T23:57:51.315+0000] {processor.py:743} INFO - Processing file /home/airflow/.local/lib/python3.7/site-packages/airflow/example_dags/example_branch_python_dop_operator_3.py for tasks to queue
[2023-08-21T23:57:51.316+0000] {logging_mixin.py:137} INFO - [2023-08-21T23:57:51.316+0000] {dagbag.py:538} INFO - Filling up the DagBag from /home/airflow/.local/lib/python3.7/site-packages/airflow/example_dags/example_branch_python_dop_operator_3.py
[2023-08-21T23:57:51.356+0000] {processor.py:753} INFO - DAG(s) dict_keys(['example_branch_dop_operator_v3']) retrieved from /home/airflow/.local/lib/python3.7/site-packages/airflow/example_dags/example_branch_python_dop_operator_3.py
[2023-08-21T23:57:51.390+0000] {logging_mixin.py:137} INFO - [2023-08-21T23:57:51.390+0000] {dag.py:2690} INFO - Sync 1 DAGs
[2023-08-21T23:57:51.428+0000] {logging_mixin.py:137} INFO - [2023-08-21T23:57:51.428+0000] {dag.py:3441} INFO - Setting next_dagrun for example_branch_dop_operator_v3 to 2023-08-21T23:56:00+00:00, run_after=2023-08-21T23:57:00+00:00
[2023-08-21T23:57:51.475+0000] {processor.py:175} INFO - Processing /home/airflow/.local/lib/python3.7/site-packages/airflow/example_dags/example_branch_python_dop_operator_3.py took 0.167 seconds
[2023-08-21T23:58:21.537+0000] {processor.py:153} INFO - Started process (PID=1239) to work on /home/airflow/.local/lib/python3.7/site-packages/airflow/example_dags/example_branch_python_dop_operator_3.py
[2023-08-21T23:58:21.538+0000] {processor.py:743} INFO - Processing file /home/airflow/.local/lib/python3.7/site-packages/airflow/example_dags/example_branch_python_dop_operator_3.py for tasks to queue
[2023-08-21T23:58:21.539+0000] {logging_mixin.py:137} INFO - [2023-08-21T23:58:21.539+0000] {dagbag.py:538} INFO - Filling up the DagBag from /home/airflow/.local/lib/python3.7/site-packages/airflow/example_dags/example_branch_python_dop_operator_3.py
[2023-08-21T23:58:21.565+0000] {processor.py:753} INFO - DAG(s) dict_keys(['example_branch_dop_operator_v3']) retrieved from /home/airflow/.local/lib/python3.7/site-packages/airflow/example_dags/example_branch_python_dop_operator_3.py
[2023-08-21T23:58:21.592+0000] {logging_mixin.py:137} INFO - [2023-08-21T23:58:21.592+0000] {dag.py:2690} INFO - Sync 1 DAGs
[2023-08-21T23:58:21.622+0000] {logging_mixin.py:137} INFO - [2023-08-21T23:58:21.622+0000] {dag.py:3441} INFO - Setting next_dagrun for example_branch_dop_operator_v3 to 2023-08-21T23:57:00+00:00, run_after=2023-08-21T23:58:00+00:00
[2023-08-21T23:58:21.684+0000] {processor.py:175} INFO - Processing /home/airflow/.local/lib/python3.7/site-packages/airflow/example_dags/example_branch_python_dop_operator_3.py took 0.151 seconds
[2023-08-21T23:58:51.928+0000] {processor.py:153} INFO - Started process (PID=1314) to work on /home/airflow/.local/lib/python3.7/site-packages/airflow/example_dags/example_branch_python_dop_operator_3.py
[2023-08-21T23:58:51.929+0000] {processor.py:743} INFO - Processing file /home/airflow/.local/lib/python3.7/site-packages/airflow/example_dags/example_branch_python_dop_operator_3.py for tasks to queue
[2023-08-21T23:58:51.930+0000] {logging_mixin.py:137} INFO - [2023-08-21T23:58:51.930+0000] {dagbag.py:538} INFO - Filling up the DagBag from /home/airflow/.local/lib/python3.7/site-packages/airflow/example_dags/example_branch_python_dop_operator_3.py
[2023-08-21T23:58:51.961+0000] {processor.py:753} INFO - DAG(s) dict_keys(['example_branch_dop_operator_v3']) retrieved from /home/airflow/.local/lib/python3.7/site-packages/airflow/example_dags/example_branch_python_dop_operator_3.py
[2023-08-21T23:58:51.992+0000] {logging_mixin.py:137} INFO - [2023-08-21T23:58:51.992+0000] {dag.py:2690} INFO - Sync 1 DAGs
[2023-08-21T23:58:52.029+0000] {logging_mixin.py:137} INFO - [2023-08-21T23:58:52.029+0000] {dag.py:3441} INFO - Setting next_dagrun for example_branch_dop_operator_v3 to 2023-08-21T23:57:00+00:00, run_after=2023-08-21T23:58:00+00:00
[2023-08-21T23:58:52.087+0000] {processor.py:175} INFO - Processing /home/airflow/.local/lib/python3.7/site-packages/airflow/example_dags/example_branch_python_dop_operator_3.py took 0.163 seconds
[2023-08-21T23:59:22.542+0000] {processor.py:153} INFO - Started process (PID=1377) to work on /home/airflow/.local/lib/python3.7/site-packages/airflow/example_dags/example_branch_python_dop_operator_3.py
[2023-08-21T23:59:22.543+0000] {processor.py:743} INFO - Processing file /home/airflow/.local/lib/python3.7/site-packages/airflow/example_dags/example_branch_python_dop_operator_3.py for tasks to queue
[2023-08-21T23:59:22.544+0000] {logging_mixin.py:137} INFO - [2023-08-21T23:59:22.544+0000] {dagbag.py:538} INFO - Filling up the DagBag from /home/airflow/.local/lib/python3.7/site-packages/airflow/example_dags/example_branch_python_dop_operator_3.py
[2023-08-21T23:59:22.567+0000] {processor.py:753} INFO - DAG(s) dict_keys(['example_branch_dop_operator_v3']) retrieved from /home/airflow/.local/lib/python3.7/site-packages/airflow/example_dags/example_branch_python_dop_operator_3.py
[2023-08-21T23:59:22.595+0000] {logging_mixin.py:137} INFO - [2023-08-21T23:59:22.595+0000] {dag.py:2690} INFO - Sync 1 DAGs
[2023-08-21T23:59:22.628+0000] {logging_mixin.py:137} INFO - [2023-08-21T23:59:22.628+0000] {dag.py:3441} INFO - Setting next_dagrun for example_branch_dop_operator_v3 to 2023-08-21T23:58:00+00:00, run_after=2023-08-21T23:59:00+00:00
[2023-08-21T23:59:22.695+0000] {processor.py:175} INFO - Processing /home/airflow/.local/lib/python3.7/site-packages/airflow/example_dags/example_branch_python_dop_operator_3.py took 0.157 seconds
[2023-08-21T23:59:52.811+0000] {processor.py:153} INFO - Started process (PID=1449) to work on /home/airflow/.local/lib/python3.7/site-packages/airflow/example_dags/example_branch_python_dop_operator_3.py
[2023-08-21T23:59:52.812+0000] {processor.py:743} INFO - Processing file /home/airflow/.local/lib/python3.7/site-packages/airflow/example_dags/example_branch_python_dop_operator_3.py for tasks to queue
[2023-08-21T23:59:52.813+0000] {logging_mixin.py:137} INFO - [2023-08-21T23:59:52.813+0000] {dagbag.py:538} INFO - Filling up the DagBag from /home/airflow/.local/lib/python3.7/site-packages/airflow/example_dags/example_branch_python_dop_operator_3.py
[2023-08-21T23:59:52.845+0000] {processor.py:753} INFO - DAG(s) dict_keys(['example_branch_dop_operator_v3']) retrieved from /home/airflow/.local/lib/python3.7/site-packages/airflow/example_dags/example_branch_python_dop_operator_3.py
[2023-08-21T23:59:52.876+0000] {logging_mixin.py:137} INFO - [2023-08-21T23:59:52.876+0000] {dag.py:2690} INFO - Sync 1 DAGs
[2023-08-21T23:59:52.911+0000] {logging_mixin.py:137} INFO - [2023-08-21T23:59:52.911+0000] {dag.py:3441} INFO - Setting next_dagrun for example_branch_dop_operator_v3 to 2023-08-21T23:58:00+00:00, run_after=2023-08-21T23:59:00+00:00
[2023-08-21T23:59:52.988+0000] {processor.py:175} INFO - Processing /home/airflow/.local/lib/python3.7/site-packages/airflow/example_dags/example_branch_python_dop_operator_3.py took 0.182 seconds
