[2023-08-21T23:49:41.289+0000] {processor.py:153} INFO - Started process (PID=66) to work on /home/airflow/.local/lib/python3.7/site-packages/airflow/example_dags/example_branch_day_of_week_operator.py
[2023-08-21T23:49:41.290+0000] {processor.py:743} INFO - Processing file /home/airflow/.local/lib/python3.7/site-packages/airflow/example_dags/example_branch_day_of_week_operator.py for tasks to queue
[2023-08-21T23:49:41.291+0000] {logging_mixin.py:137} INFO - [2023-08-21T23:49:41.291+0000] {dagbag.py:538} INFO - Filling up the DagBag from /home/airflow/.local/lib/python3.7/site-packages/airflow/example_dags/example_branch_day_of_week_operator.py
[2023-08-21T23:49:41.313+0000] {processor.py:753} INFO - DAG(s) dict_keys(['example_weekday_branch_operator']) retrieved from /home/airflow/.local/lib/python3.7/site-packages/airflow/example_dags/example_branch_day_of_week_operator.py
[2023-08-21T23:49:41.487+0000] {logging_mixin.py:137} INFO - [2023-08-21T23:49:41.487+0000] {manager.py:504} INFO - Created Permission View: can edit on DAG:example_weekday_branch_operator
[2023-08-21T23:49:41.536+0000] {logging_mixin.py:137} INFO - [2023-08-21T23:49:41.536+0000] {manager.py:504} INFO - Created Permission View: can read on DAG:example_weekday_branch_operator
[2023-08-21T23:49:41.585+0000] {logging_mixin.py:137} INFO - [2023-08-21T23:49:41.585+0000] {manager.py:504} INFO - Created Permission View: can delete on DAG:example_weekday_branch_operator
[2023-08-21T23:49:41.585+0000] {logging_mixin.py:137} INFO - [2023-08-21T23:49:41.585+0000] {dag.py:2690} INFO - Sync 1 DAGs
[2023-08-21T23:49:41.598+0000] {logging_mixin.py:137} INFO - [2023-08-21T23:49:41.598+0000] {dag.py:2711} INFO - Creating ORM DAG for example_weekday_branch_operator
[2023-08-21T23:49:41.612+0000] {logging_mixin.py:137} INFO - [2023-08-21T23:49:41.612+0000] {dag.py:3441} INFO - Setting next_dagrun for example_weekday_branch_operator to 2023-08-20T00:00:00+00:00, run_after=2023-08-21T00:00:00+00:00
[2023-08-21T23:49:41.678+0000] {processor.py:175} INFO - Processing /home/airflow/.local/lib/python3.7/site-packages/airflow/example_dags/example_branch_day_of_week_operator.py took 0.393 seconds
[2023-08-21T23:50:12.485+0000] {processor.py:153} INFO - Started process (PID=142) to work on /home/airflow/.local/lib/python3.7/site-packages/airflow/example_dags/example_branch_day_of_week_operator.py
[2023-08-21T23:50:12.486+0000] {processor.py:743} INFO - Processing file /home/airflow/.local/lib/python3.7/site-packages/airflow/example_dags/example_branch_day_of_week_operator.py for tasks to queue
[2023-08-21T23:50:12.488+0000] {logging_mixin.py:137} INFO - [2023-08-21T23:50:12.487+0000] {dagbag.py:538} INFO - Filling up the DagBag from /home/airflow/.local/lib/python3.7/site-packages/airflow/example_dags/example_branch_day_of_week_operator.py
[2023-08-21T23:50:12.515+0000] {processor.py:753} INFO - DAG(s) dict_keys(['example_weekday_branch_operator']) retrieved from /home/airflow/.local/lib/python3.7/site-packages/airflow/example_dags/example_branch_day_of_week_operator.py
[2023-08-21T23:50:12.545+0000] {logging_mixin.py:137} INFO - [2023-08-21T23:50:12.544+0000] {dag.py:2690} INFO - Sync 1 DAGs
[2023-08-21T23:50:12.576+0000] {logging_mixin.py:137} INFO - [2023-08-21T23:50:12.576+0000] {dag.py:3441} INFO - Setting next_dagrun for example_weekday_branch_operator to 2023-08-20T00:00:00+00:00, run_after=2023-08-21T00:00:00+00:00
[2023-08-21T23:50:12.627+0000] {processor.py:175} INFO - Processing /home/airflow/.local/lib/python3.7/site-packages/airflow/example_dags/example_branch_day_of_week_operator.py took 0.149 seconds
[2023-08-21T23:50:42.833+0000] {processor.py:153} INFO - Started process (PID=205) to work on /home/airflow/.local/lib/python3.7/site-packages/airflow/example_dags/example_branch_day_of_week_operator.py
[2023-08-21T23:50:42.834+0000] {processor.py:743} INFO - Processing file /home/airflow/.local/lib/python3.7/site-packages/airflow/example_dags/example_branch_day_of_week_operator.py for tasks to queue
[2023-08-21T23:50:42.835+0000] {logging_mixin.py:137} INFO - [2023-08-21T23:50:42.835+0000] {dagbag.py:538} INFO - Filling up the DagBag from /home/airflow/.local/lib/python3.7/site-packages/airflow/example_dags/example_branch_day_of_week_operator.py
[2023-08-21T23:50:42.857+0000] {processor.py:753} INFO - DAG(s) dict_keys(['example_weekday_branch_operator']) retrieved from /home/airflow/.local/lib/python3.7/site-packages/airflow/example_dags/example_branch_day_of_week_operator.py
[2023-08-21T23:50:42.885+0000] {logging_mixin.py:137} INFO - [2023-08-21T23:50:42.885+0000] {dag.py:2690} INFO - Sync 1 DAGs
[2023-08-21T23:50:42.913+0000] {logging_mixin.py:137} INFO - [2023-08-21T23:50:42.913+0000] {dag.py:3441} INFO - Setting next_dagrun for example_weekday_branch_operator to 2023-08-20T00:00:00+00:00, run_after=2023-08-21T00:00:00+00:00
[2023-08-21T23:50:42.953+0000] {processor.py:175} INFO - Processing /home/airflow/.local/lib/python3.7/site-packages/airflow/example_dags/example_branch_day_of_week_operator.py took 0.124 seconds
[2023-08-21T23:51:13.323+0000] {processor.py:153} INFO - Started process (PID=269) to work on /home/airflow/.local/lib/python3.7/site-packages/airflow/example_dags/example_branch_day_of_week_operator.py
[2023-08-21T23:51:13.324+0000] {processor.py:743} INFO - Processing file /home/airflow/.local/lib/python3.7/site-packages/airflow/example_dags/example_branch_day_of_week_operator.py for tasks to queue
[2023-08-21T23:51:13.324+0000] {logging_mixin.py:137} INFO - [2023-08-21T23:51:13.324+0000] {dagbag.py:538} INFO - Filling up the DagBag from /home/airflow/.local/lib/python3.7/site-packages/airflow/example_dags/example_branch_day_of_week_operator.py
[2023-08-21T23:51:13.343+0000] {processor.py:753} INFO - DAG(s) dict_keys(['example_weekday_branch_operator']) retrieved from /home/airflow/.local/lib/python3.7/site-packages/airflow/example_dags/example_branch_day_of_week_operator.py
[2023-08-21T23:51:13.398+0000] {logging_mixin.py:137} INFO - [2023-08-21T23:51:13.398+0000] {dag.py:2690} INFO - Sync 1 DAGs
[2023-08-21T23:51:13.445+0000] {logging_mixin.py:137} INFO - [2023-08-21T23:51:13.445+0000] {dag.py:3441} INFO - Setting next_dagrun for example_weekday_branch_operator to 2023-08-20T00:00:00+00:00, run_after=2023-08-21T00:00:00+00:00
[2023-08-21T23:51:13.529+0000] {processor.py:175} INFO - Processing /home/airflow/.local/lib/python3.7/site-packages/airflow/example_dags/example_branch_day_of_week_operator.py took 0.211 seconds
[2023-08-21T23:51:43.826+0000] {processor.py:153} INFO - Started process (PID=341) to work on /home/airflow/.local/lib/python3.7/site-packages/airflow/example_dags/example_branch_day_of_week_operator.py
[2023-08-21T23:51:43.827+0000] {processor.py:743} INFO - Processing file /home/airflow/.local/lib/python3.7/site-packages/airflow/example_dags/example_branch_day_of_week_operator.py for tasks to queue
[2023-08-21T23:51:43.828+0000] {logging_mixin.py:137} INFO - [2023-08-21T23:51:43.828+0000] {dagbag.py:538} INFO - Filling up the DagBag from /home/airflow/.local/lib/python3.7/site-packages/airflow/example_dags/example_branch_day_of_week_operator.py
[2023-08-21T23:51:43.841+0000] {processor.py:753} INFO - DAG(s) dict_keys(['example_weekday_branch_operator']) retrieved from /home/airflow/.local/lib/python3.7/site-packages/airflow/example_dags/example_branch_day_of_week_operator.py
[2023-08-21T23:51:43.866+0000] {logging_mixin.py:137} INFO - [2023-08-21T23:51:43.866+0000] {dag.py:2690} INFO - Sync 1 DAGs
[2023-08-21T23:51:43.894+0000] {logging_mixin.py:137} INFO - [2023-08-21T23:51:43.894+0000] {dag.py:3441} INFO - Setting next_dagrun for example_weekday_branch_operator to 2023-08-20T00:00:00+00:00, run_after=2023-08-21T00:00:00+00:00
[2023-08-21T23:51:43.937+0000] {processor.py:175} INFO - Processing /home/airflow/.local/lib/python3.7/site-packages/airflow/example_dags/example_branch_day_of_week_operator.py took 0.114 seconds
[2023-08-21T23:52:14.415+0000] {processor.py:153} INFO - Started process (PID=411) to work on /home/airflow/.local/lib/python3.7/site-packages/airflow/example_dags/example_branch_day_of_week_operator.py
[2023-08-21T23:52:14.416+0000] {processor.py:743} INFO - Processing file /home/airflow/.local/lib/python3.7/site-packages/airflow/example_dags/example_branch_day_of_week_operator.py for tasks to queue
[2023-08-21T23:52:14.417+0000] {logging_mixin.py:137} INFO - [2023-08-21T23:52:14.417+0000] {dagbag.py:538} INFO - Filling up the DagBag from /home/airflow/.local/lib/python3.7/site-packages/airflow/example_dags/example_branch_day_of_week_operator.py
[2023-08-21T23:52:14.449+0000] {processor.py:753} INFO - DAG(s) dict_keys(['example_weekday_branch_operator']) retrieved from /home/airflow/.local/lib/python3.7/site-packages/airflow/example_dags/example_branch_day_of_week_operator.py
[2023-08-21T23:52:14.502+0000] {logging_mixin.py:137} INFO - [2023-08-21T23:52:14.501+0000] {dag.py:2690} INFO - Sync 1 DAGs
[2023-08-21T23:52:14.564+0000] {logging_mixin.py:137} INFO - [2023-08-21T23:52:14.564+0000] {dag.py:3441} INFO - Setting next_dagrun for example_weekday_branch_operator to 2023-08-20T00:00:00+00:00, run_after=2023-08-21T00:00:00+00:00
[2023-08-21T23:52:14.696+0000] {processor.py:175} INFO - Processing /home/airflow/.local/lib/python3.7/site-packages/airflow/example_dags/example_branch_day_of_week_operator.py took 0.287 seconds
[2023-08-21T23:52:45.064+0000] {processor.py:153} INFO - Started process (PID=478) to work on /home/airflow/.local/lib/python3.7/site-packages/airflow/example_dags/example_branch_day_of_week_operator.py
[2023-08-21T23:52:45.065+0000] {processor.py:743} INFO - Processing file /home/airflow/.local/lib/python3.7/site-packages/airflow/example_dags/example_branch_day_of_week_operator.py for tasks to queue
[2023-08-21T23:52:45.066+0000] {logging_mixin.py:137} INFO - [2023-08-21T23:52:45.066+0000] {dagbag.py:538} INFO - Filling up the DagBag from /home/airflow/.local/lib/python3.7/site-packages/airflow/example_dags/example_branch_day_of_week_operator.py
[2023-08-21T23:52:45.085+0000] {processor.py:753} INFO - DAG(s) dict_keys(['example_weekday_branch_operator']) retrieved from /home/airflow/.local/lib/python3.7/site-packages/airflow/example_dags/example_branch_day_of_week_operator.py
[2023-08-21T23:52:45.114+0000] {logging_mixin.py:137} INFO - [2023-08-21T23:52:45.114+0000] {dag.py:2690} INFO - Sync 1 DAGs
[2023-08-21T23:52:45.144+0000] {logging_mixin.py:137} INFO - [2023-08-21T23:52:45.144+0000] {dag.py:3441} INFO - Setting next_dagrun for example_weekday_branch_operator to 2023-08-20T00:00:00+00:00, run_after=2023-08-21T00:00:00+00:00
[2023-08-21T23:52:45.186+0000] {processor.py:175} INFO - Processing /home/airflow/.local/lib/python3.7/site-packages/airflow/example_dags/example_branch_day_of_week_operator.py took 0.126 seconds
[2023-08-21T23:53:15.304+0000] {processor.py:153} INFO - Started process (PID=542) to work on /home/airflow/.local/lib/python3.7/site-packages/airflow/example_dags/example_branch_day_of_week_operator.py
[2023-08-21T23:53:15.305+0000] {processor.py:743} INFO - Processing file /home/airflow/.local/lib/python3.7/site-packages/airflow/example_dags/example_branch_day_of_week_operator.py for tasks to queue
[2023-08-21T23:53:15.306+0000] {logging_mixin.py:137} INFO - [2023-08-21T23:53:15.306+0000] {dagbag.py:538} INFO - Filling up the DagBag from /home/airflow/.local/lib/python3.7/site-packages/airflow/example_dags/example_branch_day_of_week_operator.py
[2023-08-21T23:53:15.325+0000] {processor.py:753} INFO - DAG(s) dict_keys(['example_weekday_branch_operator']) retrieved from /home/airflow/.local/lib/python3.7/site-packages/airflow/example_dags/example_branch_day_of_week_operator.py
[2023-08-21T23:53:15.355+0000] {logging_mixin.py:137} INFO - [2023-08-21T23:53:15.355+0000] {dag.py:2690} INFO - Sync 1 DAGs
[2023-08-21T23:53:15.387+0000] {logging_mixin.py:137} INFO - [2023-08-21T23:53:15.386+0000] {dag.py:3441} INFO - Setting next_dagrun for example_weekday_branch_operator to 2023-08-20T00:00:00+00:00, run_after=2023-08-21T00:00:00+00:00
[2023-08-21T23:53:15.440+0000] {processor.py:175} INFO - Processing /home/airflow/.local/lib/python3.7/site-packages/airflow/example_dags/example_branch_day_of_week_operator.py took 0.140 seconds
[2023-08-21T23:53:45.569+0000] {processor.py:153} INFO - Started process (PID=616) to work on /home/airflow/.local/lib/python3.7/site-packages/airflow/example_dags/example_branch_day_of_week_operator.py
[2023-08-21T23:53:45.570+0000] {processor.py:743} INFO - Processing file /home/airflow/.local/lib/python3.7/site-packages/airflow/example_dags/example_branch_day_of_week_operator.py for tasks to queue
[2023-08-21T23:53:45.570+0000] {logging_mixin.py:137} INFO - [2023-08-21T23:53:45.570+0000] {dagbag.py:538} INFO - Filling up the DagBag from /home/airflow/.local/lib/python3.7/site-packages/airflow/example_dags/example_branch_day_of_week_operator.py
[2023-08-21T23:53:45.589+0000] {processor.py:753} INFO - DAG(s) dict_keys(['example_weekday_branch_operator']) retrieved from /home/airflow/.local/lib/python3.7/site-packages/airflow/example_dags/example_branch_day_of_week_operator.py
[2023-08-21T23:53:45.615+0000] {logging_mixin.py:137} INFO - [2023-08-21T23:53:45.615+0000] {dag.py:2690} INFO - Sync 1 DAGs
[2023-08-21T23:53:45.644+0000] {logging_mixin.py:137} INFO - [2023-08-21T23:53:45.644+0000] {dag.py:3441} INFO - Setting next_dagrun for example_weekday_branch_operator to 2023-08-20T00:00:00+00:00, run_after=2023-08-21T00:00:00+00:00
[2023-08-21T23:53:45.689+0000] {processor.py:175} INFO - Processing /home/airflow/.local/lib/python3.7/site-packages/airflow/example_dags/example_branch_day_of_week_operator.py took 0.124 seconds
[2023-08-21T23:54:16.127+0000] {processor.py:153} INFO - Started process (PID=680) to work on /home/airflow/.local/lib/python3.7/site-packages/airflow/example_dags/example_branch_day_of_week_operator.py
[2023-08-21T23:54:16.128+0000] {processor.py:743} INFO - Processing file /home/airflow/.local/lib/python3.7/site-packages/airflow/example_dags/example_branch_day_of_week_operator.py for tasks to queue
[2023-08-21T23:54:16.129+0000] {logging_mixin.py:137} INFO - [2023-08-21T23:54:16.129+0000] {dagbag.py:538} INFO - Filling up the DagBag from /home/airflow/.local/lib/python3.7/site-packages/airflow/example_dags/example_branch_day_of_week_operator.py
[2023-08-21T23:54:16.146+0000] {processor.py:753} INFO - DAG(s) dict_keys(['example_weekday_branch_operator']) retrieved from /home/airflow/.local/lib/python3.7/site-packages/airflow/example_dags/example_branch_day_of_week_operator.py
[2023-08-21T23:54:16.177+0000] {logging_mixin.py:137} INFO - [2023-08-21T23:54:16.177+0000] {dag.py:2690} INFO - Sync 1 DAGs
[2023-08-21T23:54:16.216+0000] {logging_mixin.py:137} INFO - [2023-08-21T23:54:16.216+0000] {dag.py:3441} INFO - Setting next_dagrun for example_weekday_branch_operator to 2023-08-20T00:00:00+00:00, run_after=2023-08-21T00:00:00+00:00
[2023-08-21T23:54:16.259+0000] {processor.py:175} INFO - Processing /home/airflow/.local/lib/python3.7/site-packages/airflow/example_dags/example_branch_day_of_week_operator.py took 0.135 seconds
[2023-08-21T23:54:46.793+0000] {processor.py:153} INFO - Started process (PID=755) to work on /home/airflow/.local/lib/python3.7/site-packages/airflow/example_dags/example_branch_day_of_week_operator.py
[2023-08-21T23:54:46.794+0000] {processor.py:743} INFO - Processing file /home/airflow/.local/lib/python3.7/site-packages/airflow/example_dags/example_branch_day_of_week_operator.py for tasks to queue
[2023-08-21T23:54:46.795+0000] {logging_mixin.py:137} INFO - [2023-08-21T23:54:46.795+0000] {dagbag.py:538} INFO - Filling up the DagBag from /home/airflow/.local/lib/python3.7/site-packages/airflow/example_dags/example_branch_day_of_week_operator.py
[2023-08-21T23:54:46.812+0000] {processor.py:753} INFO - DAG(s) dict_keys(['example_weekday_branch_operator']) retrieved from /home/airflow/.local/lib/python3.7/site-packages/airflow/example_dags/example_branch_day_of_week_operator.py
[2023-08-21T23:54:46.840+0000] {logging_mixin.py:137} INFO - [2023-08-21T23:54:46.840+0000] {dag.py:2690} INFO - Sync 1 DAGs
[2023-08-21T23:54:46.869+0000] {logging_mixin.py:137} INFO - [2023-08-21T23:54:46.869+0000] {dag.py:3441} INFO - Setting next_dagrun for example_weekday_branch_operator to 2023-08-20T00:00:00+00:00, run_after=2023-08-21T00:00:00+00:00
[2023-08-21T23:54:46.912+0000] {processor.py:175} INFO - Processing /home/airflow/.local/lib/python3.7/site-packages/airflow/example_dags/example_branch_day_of_week_operator.py took 0.123 seconds
[2023-08-21T23:55:17.122+0000] {processor.py:153} INFO - Started process (PID=819) to work on /home/airflow/.local/lib/python3.7/site-packages/airflow/example_dags/example_branch_day_of_week_operator.py
[2023-08-21T23:55:17.123+0000] {processor.py:743} INFO - Processing file /home/airflow/.local/lib/python3.7/site-packages/airflow/example_dags/example_branch_day_of_week_operator.py for tasks to queue
[2023-08-21T23:55:17.124+0000] {logging_mixin.py:137} INFO - [2023-08-21T23:55:17.123+0000] {dagbag.py:538} INFO - Filling up the DagBag from /home/airflow/.local/lib/python3.7/site-packages/airflow/example_dags/example_branch_day_of_week_operator.py
[2023-08-21T23:55:17.141+0000] {processor.py:753} INFO - DAG(s) dict_keys(['example_weekday_branch_operator']) retrieved from /home/airflow/.local/lib/python3.7/site-packages/airflow/example_dags/example_branch_day_of_week_operator.py
[2023-08-21T23:55:17.166+0000] {logging_mixin.py:137} INFO - [2023-08-21T23:55:17.166+0000] {dag.py:2690} INFO - Sync 1 DAGs
[2023-08-21T23:55:17.195+0000] {logging_mixin.py:137} INFO - [2023-08-21T23:55:17.195+0000] {dag.py:3441} INFO - Setting next_dagrun for example_weekday_branch_operator to 2023-08-20T00:00:00+00:00, run_after=2023-08-21T00:00:00+00:00
[2023-08-21T23:55:17.238+0000] {processor.py:175} INFO - Processing /home/airflow/.local/lib/python3.7/site-packages/airflow/example_dags/example_branch_day_of_week_operator.py took 0.121 seconds
[2023-08-21T23:55:47.625+0000] {processor.py:153} INFO - Started process (PID=895) to work on /home/airflow/.local/lib/python3.7/site-packages/airflow/example_dags/example_branch_day_of_week_operator.py
[2023-08-21T23:55:47.626+0000] {processor.py:743} INFO - Processing file /home/airflow/.local/lib/python3.7/site-packages/airflow/example_dags/example_branch_day_of_week_operator.py for tasks to queue
[2023-08-21T23:55:47.627+0000] {logging_mixin.py:137} INFO - [2023-08-21T23:55:47.627+0000] {dagbag.py:538} INFO - Filling up the DagBag from /home/airflow/.local/lib/python3.7/site-packages/airflow/example_dags/example_branch_day_of_week_operator.py
[2023-08-21T23:55:47.646+0000] {processor.py:753} INFO - DAG(s) dict_keys(['example_weekday_branch_operator']) retrieved from /home/airflow/.local/lib/python3.7/site-packages/airflow/example_dags/example_branch_day_of_week_operator.py
[2023-08-21T23:55:47.672+0000] {logging_mixin.py:137} INFO - [2023-08-21T23:55:47.672+0000] {dag.py:2690} INFO - Sync 1 DAGs
[2023-08-21T23:55:47.699+0000] {logging_mixin.py:137} INFO - [2023-08-21T23:55:47.698+0000] {dag.py:3441} INFO - Setting next_dagrun for example_weekday_branch_operator to 2023-08-20T00:00:00+00:00, run_after=2023-08-21T00:00:00+00:00
[2023-08-21T23:55:47.750+0000] {processor.py:175} INFO - Processing /home/airflow/.local/lib/python3.7/site-packages/airflow/example_dags/example_branch_day_of_week_operator.py took 0.128 seconds
[2023-08-21T23:56:17.844+0000] {processor.py:153} INFO - Started process (PID=958) to work on /home/airflow/.local/lib/python3.7/site-packages/airflow/example_dags/example_branch_day_of_week_operator.py
[2023-08-21T23:56:17.845+0000] {processor.py:743} INFO - Processing file /home/airflow/.local/lib/python3.7/site-packages/airflow/example_dags/example_branch_day_of_week_operator.py for tasks to queue
[2023-08-21T23:56:17.845+0000] {logging_mixin.py:137} INFO - [2023-08-21T23:56:17.845+0000] {dagbag.py:538} INFO - Filling up the DagBag from /home/airflow/.local/lib/python3.7/site-packages/airflow/example_dags/example_branch_day_of_week_operator.py
[2023-08-21T23:56:17.861+0000] {processor.py:753} INFO - DAG(s) dict_keys(['example_weekday_branch_operator']) retrieved from /home/airflow/.local/lib/python3.7/site-packages/airflow/example_dags/example_branch_day_of_week_operator.py
[2023-08-21T23:56:17.888+0000] {logging_mixin.py:137} INFO - [2023-08-21T23:56:17.888+0000] {dag.py:2690} INFO - Sync 1 DAGs
[2023-08-21T23:56:17.916+0000] {logging_mixin.py:137} INFO - [2023-08-21T23:56:17.916+0000] {dag.py:3441} INFO - Setting next_dagrun for example_weekday_branch_operator to 2023-08-20T00:00:00+00:00, run_after=2023-08-21T00:00:00+00:00
[2023-08-21T23:56:17.966+0000] {processor.py:175} INFO - Processing /home/airflow/.local/lib/python3.7/site-packages/airflow/example_dags/example_branch_day_of_week_operator.py took 0.126 seconds
[2023-08-21T23:56:48.084+0000] {processor.py:153} INFO - Started process (PID=1033) to work on /home/airflow/.local/lib/python3.7/site-packages/airflow/example_dags/example_branch_day_of_week_operator.py
[2023-08-21T23:56:48.085+0000] {processor.py:743} INFO - Processing file /home/airflow/.local/lib/python3.7/site-packages/airflow/example_dags/example_branch_day_of_week_operator.py for tasks to queue
[2023-08-21T23:56:48.086+0000] {logging_mixin.py:137} INFO - [2023-08-21T23:56:48.086+0000] {dagbag.py:538} INFO - Filling up the DagBag from /home/airflow/.local/lib/python3.7/site-packages/airflow/example_dags/example_branch_day_of_week_operator.py
[2023-08-21T23:56:48.108+0000] {processor.py:753} INFO - DAG(s) dict_keys(['example_weekday_branch_operator']) retrieved from /home/airflow/.local/lib/python3.7/site-packages/airflow/example_dags/example_branch_day_of_week_operator.py
[2023-08-21T23:56:48.146+0000] {logging_mixin.py:137} INFO - [2023-08-21T23:56:48.146+0000] {dag.py:2690} INFO - Sync 1 DAGs
[2023-08-21T23:56:48.179+0000] {logging_mixin.py:137} INFO - [2023-08-21T23:56:48.179+0000] {dag.py:3441} INFO - Setting next_dagrun for example_weekday_branch_operator to 2023-08-20T00:00:00+00:00, run_after=2023-08-21T00:00:00+00:00
[2023-08-21T23:56:48.241+0000] {processor.py:175} INFO - Processing /home/airflow/.local/lib/python3.7/site-packages/airflow/example_dags/example_branch_day_of_week_operator.py took 0.163 seconds
[2023-08-21T23:57:18.306+0000] {processor.py:153} INFO - Started process (PID=1096) to work on /home/airflow/.local/lib/python3.7/site-packages/airflow/example_dags/example_branch_day_of_week_operator.py
[2023-08-21T23:57:18.307+0000] {processor.py:743} INFO - Processing file /home/airflow/.local/lib/python3.7/site-packages/airflow/example_dags/example_branch_day_of_week_operator.py for tasks to queue
[2023-08-21T23:57:18.307+0000] {logging_mixin.py:137} INFO - [2023-08-21T23:57:18.307+0000] {dagbag.py:538} INFO - Filling up the DagBag from /home/airflow/.local/lib/python3.7/site-packages/airflow/example_dags/example_branch_day_of_week_operator.py
[2023-08-21T23:57:18.323+0000] {processor.py:753} INFO - DAG(s) dict_keys(['example_weekday_branch_operator']) retrieved from /home/airflow/.local/lib/python3.7/site-packages/airflow/example_dags/example_branch_day_of_week_operator.py
[2023-08-21T23:57:18.350+0000] {logging_mixin.py:137} INFO - [2023-08-21T23:57:18.350+0000] {dag.py:2690} INFO - Sync 1 DAGs
[2023-08-21T23:57:18.380+0000] {logging_mixin.py:137} INFO - [2023-08-21T23:57:18.380+0000] {dag.py:3441} INFO - Setting next_dagrun for example_weekday_branch_operator to 2023-08-20T00:00:00+00:00, run_after=2023-08-21T00:00:00+00:00
[2023-08-21T23:57:18.430+0000] {processor.py:175} INFO - Processing /home/airflow/.local/lib/python3.7/site-packages/airflow/example_dags/example_branch_day_of_week_operator.py took 0.128 seconds
[2023-08-21T23:57:48.693+0000] {processor.py:153} INFO - Started process (PID=1165) to work on /home/airflow/.local/lib/python3.7/site-packages/airflow/example_dags/example_branch_day_of_week_operator.py
[2023-08-21T23:57:48.694+0000] {processor.py:743} INFO - Processing file /home/airflow/.local/lib/python3.7/site-packages/airflow/example_dags/example_branch_day_of_week_operator.py for tasks to queue
[2023-08-21T23:57:48.695+0000] {logging_mixin.py:137} INFO - [2023-08-21T23:57:48.695+0000] {dagbag.py:538} INFO - Filling up the DagBag from /home/airflow/.local/lib/python3.7/site-packages/airflow/example_dags/example_branch_day_of_week_operator.py
[2023-08-21T23:57:48.713+0000] {processor.py:753} INFO - DAG(s) dict_keys(['example_weekday_branch_operator']) retrieved from /home/airflow/.local/lib/python3.7/site-packages/airflow/example_dags/example_branch_day_of_week_operator.py
[2023-08-21T23:57:48.744+0000] {logging_mixin.py:137} INFO - [2023-08-21T23:57:48.744+0000] {dag.py:2690} INFO - Sync 1 DAGs
[2023-08-21T23:57:48.779+0000] {logging_mixin.py:137} INFO - [2023-08-21T23:57:48.779+0000] {dag.py:3441} INFO - Setting next_dagrun for example_weekday_branch_operator to 2023-08-20T00:00:00+00:00, run_after=2023-08-21T00:00:00+00:00
[2023-08-21T23:57:48.829+0000] {processor.py:175} INFO - Processing /home/airflow/.local/lib/python3.7/site-packages/airflow/example_dags/example_branch_day_of_week_operator.py took 0.140 seconds
[2023-08-21T23:58:19.041+0000] {processor.py:153} INFO - Started process (PID=1233) to work on /home/airflow/.local/lib/python3.7/site-packages/airflow/example_dags/example_branch_day_of_week_operator.py
[2023-08-21T23:58:19.042+0000] {processor.py:743} INFO - Processing file /home/airflow/.local/lib/python3.7/site-packages/airflow/example_dags/example_branch_day_of_week_operator.py for tasks to queue
[2023-08-21T23:58:19.043+0000] {logging_mixin.py:137} INFO - [2023-08-21T23:58:19.042+0000] {dagbag.py:538} INFO - Filling up the DagBag from /home/airflow/.local/lib/python3.7/site-packages/airflow/example_dags/example_branch_day_of_week_operator.py
[2023-08-21T23:58:19.060+0000] {processor.py:753} INFO - DAG(s) dict_keys(['example_weekday_branch_operator']) retrieved from /home/airflow/.local/lib/python3.7/site-packages/airflow/example_dags/example_branch_day_of_week_operator.py
[2023-08-21T23:58:19.086+0000] {logging_mixin.py:137} INFO - [2023-08-21T23:58:19.086+0000] {dag.py:2690} INFO - Sync 1 DAGs
[2023-08-21T23:58:19.114+0000] {logging_mixin.py:137} INFO - [2023-08-21T23:58:19.114+0000] {dag.py:3441} INFO - Setting next_dagrun for example_weekday_branch_operator to 2023-08-20T00:00:00+00:00, run_after=2023-08-21T00:00:00+00:00
[2023-08-21T23:58:19.160+0000] {processor.py:175} INFO - Processing /home/airflow/.local/lib/python3.7/site-packages/airflow/example_dags/example_branch_day_of_week_operator.py took 0.123 seconds
[2023-08-21T23:58:49.396+0000] {processor.py:153} INFO - Started process (PID=1296) to work on /home/airflow/.local/lib/python3.7/site-packages/airflow/example_dags/example_branch_day_of_week_operator.py
[2023-08-21T23:58:49.397+0000] {processor.py:743} INFO - Processing file /home/airflow/.local/lib/python3.7/site-packages/airflow/example_dags/example_branch_day_of_week_operator.py for tasks to queue
[2023-08-21T23:58:49.397+0000] {logging_mixin.py:137} INFO - [2023-08-21T23:58:49.397+0000] {dagbag.py:538} INFO - Filling up the DagBag from /home/airflow/.local/lib/python3.7/site-packages/airflow/example_dags/example_branch_day_of_week_operator.py
[2023-08-21T23:58:49.415+0000] {processor.py:753} INFO - DAG(s) dict_keys(['example_weekday_branch_operator']) retrieved from /home/airflow/.local/lib/python3.7/site-packages/airflow/example_dags/example_branch_day_of_week_operator.py
[2023-08-21T23:58:49.444+0000] {logging_mixin.py:137} INFO - [2023-08-21T23:58:49.444+0000] {dag.py:2690} INFO - Sync 1 DAGs
[2023-08-21T23:58:49.480+0000] {logging_mixin.py:137} INFO - [2023-08-21T23:58:49.479+0000] {dag.py:3441} INFO - Setting next_dagrun for example_weekday_branch_operator to 2023-08-20T00:00:00+00:00, run_after=2023-08-21T00:00:00+00:00
[2023-08-21T23:58:49.526+0000] {processor.py:175} INFO - Processing /home/airflow/.local/lib/python3.7/site-packages/airflow/example_dags/example_branch_day_of_week_operator.py took 0.135 seconds
[2023-08-21T23:59:19.939+0000] {processor.py:153} INFO - Started process (PID=1371) to work on /home/airflow/.local/lib/python3.7/site-packages/airflow/example_dags/example_branch_day_of_week_operator.py
[2023-08-21T23:59:19.940+0000] {processor.py:743} INFO - Processing file /home/airflow/.local/lib/python3.7/site-packages/airflow/example_dags/example_branch_day_of_week_operator.py for tasks to queue
[2023-08-21T23:59:19.941+0000] {logging_mixin.py:137} INFO - [2023-08-21T23:59:19.941+0000] {dagbag.py:538} INFO - Filling up the DagBag from /home/airflow/.local/lib/python3.7/site-packages/airflow/example_dags/example_branch_day_of_week_operator.py
[2023-08-21T23:59:19.958+0000] {processor.py:753} INFO - DAG(s) dict_keys(['example_weekday_branch_operator']) retrieved from /home/airflow/.local/lib/python3.7/site-packages/airflow/example_dags/example_branch_day_of_week_operator.py
[2023-08-21T23:59:19.984+0000] {logging_mixin.py:137} INFO - [2023-08-21T23:59:19.984+0000] {dag.py:2690} INFO - Sync 1 DAGs
[2023-08-21T23:59:20.015+0000] {logging_mixin.py:137} INFO - [2023-08-21T23:59:20.015+0000] {dag.py:3441} INFO - Setting next_dagrun for example_weekday_branch_operator to 2023-08-20T00:00:00+00:00, run_after=2023-08-21T00:00:00+00:00
[2023-08-21T23:59:20.074+0000] {processor.py:175} INFO - Processing /home/airflow/.local/lib/python3.7/site-packages/airflow/example_dags/example_branch_day_of_week_operator.py took 0.139 seconds
[2023-08-21T23:59:50.246+0000] {processor.py:153} INFO - Started process (PID=1434) to work on /home/airflow/.local/lib/python3.7/site-packages/airflow/example_dags/example_branch_day_of_week_operator.py
[2023-08-21T23:59:50.250+0000] {processor.py:743} INFO - Processing file /home/airflow/.local/lib/python3.7/site-packages/airflow/example_dags/example_branch_day_of_week_operator.py for tasks to queue
[2023-08-21T23:59:50.252+0000] {logging_mixin.py:137} INFO - [2023-08-21T23:59:50.252+0000] {dagbag.py:538} INFO - Filling up the DagBag from /home/airflow/.local/lib/python3.7/site-packages/airflow/example_dags/example_branch_day_of_week_operator.py
[2023-08-21T23:59:50.292+0000] {processor.py:753} INFO - DAG(s) dict_keys(['example_weekday_branch_operator']) retrieved from /home/airflow/.local/lib/python3.7/site-packages/airflow/example_dags/example_branch_day_of_week_operator.py
[2023-08-21T23:59:50.343+0000] {logging_mixin.py:137} INFO - [2023-08-21T23:59:50.342+0000] {dag.py:2690} INFO - Sync 1 DAGs
[2023-08-21T23:59:50.378+0000] {logging_mixin.py:137} INFO - [2023-08-21T23:59:50.378+0000] {dag.py:3441} INFO - Setting next_dagrun for example_weekday_branch_operator to 2023-08-20T00:00:00+00:00, run_after=2023-08-21T00:00:00+00:00
[2023-08-21T23:59:50.431+0000] {processor.py:175} INFO - Processing /home/airflow/.local/lib/python3.7/site-packages/airflow/example_dags/example_branch_day_of_week_operator.py took 0.193 seconds
