[2023-08-21T23:49:37.519+0000] {processor.py:153} INFO - Started process (PID=58) to work on /home/airflow/.local/lib/python3.7/site-packages/airflow/example_dags/example_sla_dag.py
[2023-08-21T23:49:37.521+0000] {processor.py:743} INFO - Processing file /home/airflow/.local/lib/python3.7/site-packages/airflow/example_dags/example_sla_dag.py for tasks to queue
[2023-08-21T23:49:37.522+0000] {logging_mixin.py:137} INFO - [2023-08-21T23:49:37.522+0000] {dagbag.py:538} INFO - Filling up the DagBag from /home/airflow/.local/lib/python3.7/site-packages/airflow/example_dags/example_sla_dag.py
[2023-08-21T23:49:37.557+0000] {processor.py:753} INFO - DAG(s) dict_keys(['example_sla_dag']) retrieved from /home/airflow/.local/lib/python3.7/site-packages/airflow/example_dags/example_sla_dag.py
[2023-08-21T23:49:37.795+0000] {logging_mixin.py:137} INFO - [2023-08-21T23:49:37.795+0000] {manager.py:504} INFO - Created Permission View: can edit on DAG:example_sla_dag
[2023-08-21T23:49:37.844+0000] {logging_mixin.py:137} INFO - [2023-08-21T23:49:37.844+0000] {manager.py:504} INFO - Created Permission View: can read on DAG:example_sla_dag
[2023-08-21T23:49:37.894+0000] {logging_mixin.py:137} INFO - [2023-08-21T23:49:37.894+0000] {manager.py:504} INFO - Created Permission View: can delete on DAG:example_sla_dag
[2023-08-21T23:49:37.894+0000] {logging_mixin.py:137} INFO - [2023-08-21T23:49:37.894+0000] {dag.py:2690} INFO - Sync 1 DAGs
[2023-08-21T23:49:37.910+0000] {logging_mixin.py:137} INFO - [2023-08-21T23:49:37.910+0000] {dag.py:2711} INFO - Creating ORM DAG for example_sla_dag
[2023-08-21T23:49:37.929+0000] {logging_mixin.py:137} INFO - [2023-08-21T23:49:37.929+0000] {dag.py:3441} INFO - Setting next_dagrun for example_sla_dag to 2023-08-21T23:46:00+00:00, run_after=2023-08-21T23:48:00+00:00
[2023-08-21T23:49:37.990+0000] {processor.py:175} INFO - Processing /home/airflow/.local/lib/python3.7/site-packages/airflow/example_dags/example_sla_dag.py took 0.478 seconds
[2023-08-21T23:50:08.646+0000] {processor.py:153} INFO - Started process (PID=121) to work on /home/airflow/.local/lib/python3.7/site-packages/airflow/example_dags/example_sla_dag.py
[2023-08-21T23:50:08.648+0000] {processor.py:743} INFO - Processing file /home/airflow/.local/lib/python3.7/site-packages/airflow/example_dags/example_sla_dag.py for tasks to queue
[2023-08-21T23:50:08.648+0000] {logging_mixin.py:137} INFO - [2023-08-21T23:50:08.648+0000] {dagbag.py:538} INFO - Filling up the DagBag from /home/airflow/.local/lib/python3.7/site-packages/airflow/example_dags/example_sla_dag.py
[2023-08-21T23:50:08.677+0000] {processor.py:753} INFO - DAG(s) dict_keys(['example_sla_dag']) retrieved from /home/airflow/.local/lib/python3.7/site-packages/airflow/example_dags/example_sla_dag.py
[2023-08-21T23:50:08.703+0000] {logging_mixin.py:137} INFO - [2023-08-21T23:50:08.703+0000] {dag.py:2690} INFO - Sync 1 DAGs
[2023-08-21T23:50:08.733+0000] {logging_mixin.py:137} INFO - [2023-08-21T23:50:08.733+0000] {dag.py:3441} INFO - Setting next_dagrun for example_sla_dag to 2023-08-21T23:48:00+00:00, run_after=2023-08-21T23:50:00+00:00
[2023-08-21T23:50:08.799+0000] {processor.py:175} INFO - Processing /home/airflow/.local/lib/python3.7/site-packages/airflow/example_dags/example_sla_dag.py took 0.157 seconds
[2023-08-21T23:50:39.223+0000] {processor.py:153} INFO - Started process (PID=197) to work on /home/airflow/.local/lib/python3.7/site-packages/airflow/example_dags/example_sla_dag.py
[2023-08-21T23:50:39.223+0000] {processor.py:743} INFO - Processing file /home/airflow/.local/lib/python3.7/site-packages/airflow/example_dags/example_sla_dag.py for tasks to queue
[2023-08-21T23:50:39.224+0000] {logging_mixin.py:137} INFO - [2023-08-21T23:50:39.224+0000] {dagbag.py:538} INFO - Filling up the DagBag from /home/airflow/.local/lib/python3.7/site-packages/airflow/example_dags/example_sla_dag.py
[2023-08-21T23:50:39.247+0000] {processor.py:753} INFO - DAG(s) dict_keys(['example_sla_dag']) retrieved from /home/airflow/.local/lib/python3.7/site-packages/airflow/example_dags/example_sla_dag.py
[2023-08-21T23:50:39.270+0000] {logging_mixin.py:137} INFO - [2023-08-21T23:50:39.270+0000] {dag.py:2690} INFO - Sync 1 DAGs
[2023-08-21T23:50:39.300+0000] {logging_mixin.py:137} INFO - [2023-08-21T23:50:39.299+0000] {dag.py:3441} INFO - Setting next_dagrun for example_sla_dag to 2023-08-21T23:48:00+00:00, run_after=2023-08-21T23:50:00+00:00
[2023-08-21T23:50:39.353+0000] {processor.py:175} INFO - Processing /home/airflow/.local/lib/python3.7/site-packages/airflow/example_dags/example_sla_dag.py took 0.133 seconds
[2023-08-21T23:51:09.500+0000] {processor.py:153} INFO - Started process (PID=259) to work on /home/airflow/.local/lib/python3.7/site-packages/airflow/example_dags/example_sla_dag.py
[2023-08-21T23:51:09.500+0000] {processor.py:743} INFO - Processing file /home/airflow/.local/lib/python3.7/site-packages/airflow/example_dags/example_sla_dag.py for tasks to queue
[2023-08-21T23:51:09.501+0000] {logging_mixin.py:137} INFO - [2023-08-21T23:51:09.501+0000] {dagbag.py:538} INFO - Filling up the DagBag from /home/airflow/.local/lib/python3.7/site-packages/airflow/example_dags/example_sla_dag.py
[2023-08-21T23:51:09.525+0000] {processor.py:753} INFO - DAG(s) dict_keys(['example_sla_dag']) retrieved from /home/airflow/.local/lib/python3.7/site-packages/airflow/example_dags/example_sla_dag.py
[2023-08-21T23:51:09.552+0000] {logging_mixin.py:137} INFO - [2023-08-21T23:51:09.552+0000] {dag.py:2690} INFO - Sync 1 DAGs
[2023-08-21T23:51:09.583+0000] {logging_mixin.py:137} INFO - [2023-08-21T23:51:09.583+0000] {dag.py:3441} INFO - Setting next_dagrun for example_sla_dag to 2023-08-21T23:48:00+00:00, run_after=2023-08-21T23:50:00+00:00
[2023-08-21T23:51:09.699+0000] {processor.py:175} INFO - Processing /home/airflow/.local/lib/python3.7/site-packages/airflow/example_dags/example_sla_dag.py took 0.202 seconds
[2023-08-21T23:51:40.091+0000] {processor.py:153} INFO - Started process (PID=333) to work on /home/airflow/.local/lib/python3.7/site-packages/airflow/example_dags/example_sla_dag.py
[2023-08-21T23:51:40.092+0000] {processor.py:743} INFO - Processing file /home/airflow/.local/lib/python3.7/site-packages/airflow/example_dags/example_sla_dag.py for tasks to queue
[2023-08-21T23:51:40.093+0000] {logging_mixin.py:137} INFO - [2023-08-21T23:51:40.093+0000] {dagbag.py:538} INFO - Filling up the DagBag from /home/airflow/.local/lib/python3.7/site-packages/airflow/example_dags/example_sla_dag.py
[2023-08-21T23:51:40.115+0000] {processor.py:753} INFO - DAG(s) dict_keys(['example_sla_dag']) retrieved from /home/airflow/.local/lib/python3.7/site-packages/airflow/example_dags/example_sla_dag.py
[2023-08-21T23:51:40.139+0000] {logging_mixin.py:137} INFO - [2023-08-21T23:51:40.139+0000] {dag.py:2690} INFO - Sync 1 DAGs
[2023-08-21T23:51:40.165+0000] {logging_mixin.py:137} INFO - [2023-08-21T23:51:40.165+0000] {dag.py:3441} INFO - Setting next_dagrun for example_sla_dag to 2023-08-21T23:48:00+00:00, run_after=2023-08-21T23:50:00+00:00
[2023-08-21T23:51:40.317+0000] {processor.py:175} INFO - Processing /home/airflow/.local/lib/python3.7/site-packages/airflow/example_dags/example_sla_dag.py took 0.229 seconds
[2023-08-21T23:52:11.184+0000] {processor.py:153} INFO - Started process (PID=396) to work on /home/airflow/.local/lib/python3.7/site-packages/airflow/example_dags/example_sla_dag.py
[2023-08-21T23:52:11.185+0000] {processor.py:743} INFO - Processing file /home/airflow/.local/lib/python3.7/site-packages/airflow/example_dags/example_sla_dag.py for tasks to queue
[2023-08-21T23:52:11.186+0000] {logging_mixin.py:137} INFO - [2023-08-21T23:52:11.186+0000] {dagbag.py:538} INFO - Filling up the DagBag from /home/airflow/.local/lib/python3.7/site-packages/airflow/example_dags/example_sla_dag.py
[2023-08-21T23:52:11.209+0000] {processor.py:753} INFO - DAG(s) dict_keys(['example_sla_dag']) retrieved from /home/airflow/.local/lib/python3.7/site-packages/airflow/example_dags/example_sla_dag.py
[2023-08-21T23:52:11.235+0000] {logging_mixin.py:137} INFO - [2023-08-21T23:52:11.234+0000] {dag.py:2690} INFO - Sync 1 DAGs
[2023-08-21T23:52:11.264+0000] {logging_mixin.py:137} INFO - [2023-08-21T23:52:11.264+0000] {dag.py:3441} INFO - Setting next_dagrun for example_sla_dag to 2023-08-21T23:50:00+00:00, run_after=2023-08-21T23:52:00+00:00
[2023-08-21T23:52:11.345+0000] {processor.py:175} INFO - Processing /home/airflow/.local/lib/python3.7/site-packages/airflow/example_dags/example_sla_dag.py took 0.164 seconds
[2023-08-21T23:52:42.221+0000] {processor.py:153} INFO - Started process (PID=470) to work on /home/airflow/.local/lib/python3.7/site-packages/airflow/example_dags/example_sla_dag.py
[2023-08-21T23:52:42.222+0000] {processor.py:743} INFO - Processing file /home/airflow/.local/lib/python3.7/site-packages/airflow/example_dags/example_sla_dag.py for tasks to queue
[2023-08-21T23:52:42.223+0000] {logging_mixin.py:137} INFO - [2023-08-21T23:52:42.223+0000] {dagbag.py:538} INFO - Filling up the DagBag from /home/airflow/.local/lib/python3.7/site-packages/airflow/example_dags/example_sla_dag.py
[2023-08-21T23:52:42.251+0000] {processor.py:753} INFO - DAG(s) dict_keys(['example_sla_dag']) retrieved from /home/airflow/.local/lib/python3.7/site-packages/airflow/example_dags/example_sla_dag.py
[2023-08-21T23:52:42.288+0000] {logging_mixin.py:137} INFO - [2023-08-21T23:52:42.288+0000] {dag.py:2690} INFO - Sync 1 DAGs
[2023-08-21T23:52:42.334+0000] {logging_mixin.py:137} INFO - [2023-08-21T23:52:42.333+0000] {dag.py:3441} INFO - Setting next_dagrun for example_sla_dag to 2023-08-21T23:50:00+00:00, run_after=2023-08-21T23:52:00+00:00
[2023-08-21T23:52:42.407+0000] {processor.py:175} INFO - Processing /home/airflow/.local/lib/python3.7/site-packages/airflow/example_dags/example_sla_dag.py took 0.190 seconds
[2023-08-21T23:53:12.550+0000] {processor.py:153} INFO - Started process (PID=534) to work on /home/airflow/.local/lib/python3.7/site-packages/airflow/example_dags/example_sla_dag.py
[2023-08-21T23:53:12.551+0000] {processor.py:743} INFO - Processing file /home/airflow/.local/lib/python3.7/site-packages/airflow/example_dags/example_sla_dag.py for tasks to queue
[2023-08-21T23:53:12.552+0000] {logging_mixin.py:137} INFO - [2023-08-21T23:53:12.552+0000] {dagbag.py:538} INFO - Filling up the DagBag from /home/airflow/.local/lib/python3.7/site-packages/airflow/example_dags/example_sla_dag.py
[2023-08-21T23:53:12.575+0000] {processor.py:753} INFO - DAG(s) dict_keys(['example_sla_dag']) retrieved from /home/airflow/.local/lib/python3.7/site-packages/airflow/example_dags/example_sla_dag.py
[2023-08-21T23:53:12.606+0000] {logging_mixin.py:137} INFO - [2023-08-21T23:53:12.606+0000] {dag.py:2690} INFO - Sync 1 DAGs
[2023-08-21T23:53:12.636+0000] {logging_mixin.py:137} INFO - [2023-08-21T23:53:12.636+0000] {dag.py:3441} INFO - Setting next_dagrun for example_sla_dag to 2023-08-21T23:50:00+00:00, run_after=2023-08-21T23:52:00+00:00
[2023-08-21T23:53:12.708+0000] {processor.py:175} INFO - Processing /home/airflow/.local/lib/python3.7/site-packages/airflow/example_dags/example_sla_dag.py took 0.161 seconds
[2023-08-21T23:53:42.880+0000] {processor.py:153} INFO - Started process (PID=605) to work on /home/airflow/.local/lib/python3.7/site-packages/airflow/example_dags/example_sla_dag.py
[2023-08-21T23:53:42.881+0000] {processor.py:743} INFO - Processing file /home/airflow/.local/lib/python3.7/site-packages/airflow/example_dags/example_sla_dag.py for tasks to queue
[2023-08-21T23:53:42.882+0000] {logging_mixin.py:137} INFO - [2023-08-21T23:53:42.882+0000] {dagbag.py:538} INFO - Filling up the DagBag from /home/airflow/.local/lib/python3.7/site-packages/airflow/example_dags/example_sla_dag.py
[2023-08-21T23:53:42.924+0000] {processor.py:753} INFO - DAG(s) dict_keys(['example_sla_dag']) retrieved from /home/airflow/.local/lib/python3.7/site-packages/airflow/example_dags/example_sla_dag.py
[2023-08-21T23:53:42.983+0000] {logging_mixin.py:137} INFO - [2023-08-21T23:53:42.983+0000] {dag.py:2690} INFO - Sync 1 DAGs
[2023-08-21T23:53:43.030+0000] {logging_mixin.py:137} INFO - [2023-08-21T23:53:43.029+0000] {dag.py:3441} INFO - Setting next_dagrun for example_sla_dag to 2023-08-21T23:50:00+00:00, run_after=2023-08-21T23:52:00+00:00
[2023-08-21T23:53:43.083+0000] {processor.py:175} INFO - Processing /home/airflow/.local/lib/python3.7/site-packages/airflow/example_dags/example_sla_dag.py took 0.208 seconds
[2023-08-21T23:54:13.382+0000] {processor.py:153} INFO - Started process (PID=672) to work on /home/airflow/.local/lib/python3.7/site-packages/airflow/example_dags/example_sla_dag.py
[2023-08-21T23:54:13.383+0000] {processor.py:743} INFO - Processing file /home/airflow/.local/lib/python3.7/site-packages/airflow/example_dags/example_sla_dag.py for tasks to queue
[2023-08-21T23:54:13.384+0000] {logging_mixin.py:137} INFO - [2023-08-21T23:54:13.384+0000] {dagbag.py:538} INFO - Filling up the DagBag from /home/airflow/.local/lib/python3.7/site-packages/airflow/example_dags/example_sla_dag.py
[2023-08-21T23:54:13.407+0000] {processor.py:753} INFO - DAG(s) dict_keys(['example_sla_dag']) retrieved from /home/airflow/.local/lib/python3.7/site-packages/airflow/example_dags/example_sla_dag.py
[2023-08-21T23:54:13.433+0000] {logging_mixin.py:137} INFO - [2023-08-21T23:54:13.432+0000] {dag.py:2690} INFO - Sync 1 DAGs
[2023-08-21T23:54:13.462+0000] {logging_mixin.py:137} INFO - [2023-08-21T23:54:13.462+0000] {dag.py:3441} INFO - Setting next_dagrun for example_sla_dag to 2023-08-21T23:52:00+00:00, run_after=2023-08-21T23:54:00+00:00
[2023-08-21T23:54:13.541+0000] {processor.py:175} INFO - Processing /home/airflow/.local/lib/python3.7/site-packages/airflow/example_dags/example_sla_dag.py took 0.163 seconds
[2023-08-21T23:54:44.019+0000] {processor.py:153} INFO - Started process (PID=742) to work on /home/airflow/.local/lib/python3.7/site-packages/airflow/example_dags/example_sla_dag.py
[2023-08-21T23:54:44.021+0000] {processor.py:743} INFO - Processing file /home/airflow/.local/lib/python3.7/site-packages/airflow/example_dags/example_sla_dag.py for tasks to queue
[2023-08-21T23:54:44.022+0000] {logging_mixin.py:137} INFO - [2023-08-21T23:54:44.022+0000] {dagbag.py:538} INFO - Filling up the DagBag from /home/airflow/.local/lib/python3.7/site-packages/airflow/example_dags/example_sla_dag.py
[2023-08-21T23:54:44.085+0000] {processor.py:753} INFO - DAG(s) dict_keys(['example_sla_dag']) retrieved from /home/airflow/.local/lib/python3.7/site-packages/airflow/example_dags/example_sla_dag.py
[2023-08-21T23:54:44.122+0000] {logging_mixin.py:137} INFO - [2023-08-21T23:54:44.122+0000] {dag.py:2690} INFO - Sync 1 DAGs
[2023-08-21T23:54:44.156+0000] {logging_mixin.py:137} INFO - [2023-08-21T23:54:44.155+0000] {dag.py:3441} INFO - Setting next_dagrun for example_sla_dag to 2023-08-21T23:52:00+00:00, run_after=2023-08-21T23:54:00+00:00
[2023-08-21T23:54:44.225+0000] {processor.py:175} INFO - Processing /home/airflow/.local/lib/python3.7/site-packages/airflow/example_dags/example_sla_dag.py took 0.212 seconds
[2023-08-21T23:55:15.212+0000] {processor.py:153} INFO - Started process (PID=811) to work on /home/airflow/.local/lib/python3.7/site-packages/airflow/example_dags/example_sla_dag.py
[2023-08-21T23:55:15.213+0000] {processor.py:743} INFO - Processing file /home/airflow/.local/lib/python3.7/site-packages/airflow/example_dags/example_sla_dag.py for tasks to queue
[2023-08-21T23:55:15.214+0000] {logging_mixin.py:137} INFO - [2023-08-21T23:55:15.214+0000] {dagbag.py:538} INFO - Filling up the DagBag from /home/airflow/.local/lib/python3.7/site-packages/airflow/example_dags/example_sla_dag.py
[2023-08-21T23:55:15.246+0000] {processor.py:753} INFO - DAG(s) dict_keys(['example_sla_dag']) retrieved from /home/airflow/.local/lib/python3.7/site-packages/airflow/example_dags/example_sla_dag.py
[2023-08-21T23:55:15.275+0000] {logging_mixin.py:137} INFO - [2023-08-21T23:55:15.274+0000] {dag.py:2690} INFO - Sync 1 DAGs
[2023-08-21T23:55:15.308+0000] {logging_mixin.py:137} INFO - [2023-08-21T23:55:15.308+0000] {dag.py:3441} INFO - Setting next_dagrun for example_sla_dag to 2023-08-21T23:52:00+00:00, run_after=2023-08-21T23:54:00+00:00
[2023-08-21T23:55:15.360+0000] {processor.py:175} INFO - Processing /home/airflow/.local/lib/python3.7/site-packages/airflow/example_dags/example_sla_dag.py took 0.155 seconds
[2023-08-21T23:55:45.807+0000] {processor.py:153} INFO - Started process (PID=884) to work on /home/airflow/.local/lib/python3.7/site-packages/airflow/example_dags/example_sla_dag.py
[2023-08-21T23:55:45.808+0000] {processor.py:743} INFO - Processing file /home/airflow/.local/lib/python3.7/site-packages/airflow/example_dags/example_sla_dag.py for tasks to queue
[2023-08-21T23:55:45.809+0000] {logging_mixin.py:137} INFO - [2023-08-21T23:55:45.809+0000] {dagbag.py:538} INFO - Filling up the DagBag from /home/airflow/.local/lib/python3.7/site-packages/airflow/example_dags/example_sla_dag.py
[2023-08-21T23:55:45.838+0000] {processor.py:753} INFO - DAG(s) dict_keys(['example_sla_dag']) retrieved from /home/airflow/.local/lib/python3.7/site-packages/airflow/example_dags/example_sla_dag.py
[2023-08-21T23:55:45.866+0000] {logging_mixin.py:137} INFO - [2023-08-21T23:55:45.866+0000] {dag.py:2690} INFO - Sync 1 DAGs
[2023-08-21T23:55:45.902+0000] {logging_mixin.py:137} INFO - [2023-08-21T23:55:45.902+0000] {dag.py:3441} INFO - Setting next_dagrun for example_sla_dag to 2023-08-21T23:52:00+00:00, run_after=2023-08-21T23:54:00+00:00
[2023-08-21T23:55:45.986+0000] {processor.py:175} INFO - Processing /home/airflow/.local/lib/python3.7/site-packages/airflow/example_dags/example_sla_dag.py took 0.182 seconds
[2023-08-21T23:56:16.061+0000] {processor.py:153} INFO - Started process (PID=950) to work on /home/airflow/.local/lib/python3.7/site-packages/airflow/example_dags/example_sla_dag.py
[2023-08-21T23:56:16.062+0000] {processor.py:743} INFO - Processing file /home/airflow/.local/lib/python3.7/site-packages/airflow/example_dags/example_sla_dag.py for tasks to queue
[2023-08-21T23:56:16.063+0000] {logging_mixin.py:137} INFO - [2023-08-21T23:56:16.063+0000] {dagbag.py:538} INFO - Filling up the DagBag from /home/airflow/.local/lib/python3.7/site-packages/airflow/example_dags/example_sla_dag.py
[2023-08-21T23:56:16.091+0000] {processor.py:753} INFO - DAG(s) dict_keys(['example_sla_dag']) retrieved from /home/airflow/.local/lib/python3.7/site-packages/airflow/example_dags/example_sla_dag.py
[2023-08-21T23:56:16.117+0000] {logging_mixin.py:137} INFO - [2023-08-21T23:56:16.117+0000] {dag.py:2690} INFO - Sync 1 DAGs
[2023-08-21T23:56:16.146+0000] {logging_mixin.py:137} INFO - [2023-08-21T23:56:16.146+0000] {dag.py:3441} INFO - Setting next_dagrun for example_sla_dag to 2023-08-21T23:54:00+00:00, run_after=2023-08-21T23:56:00+00:00
[2023-08-21T23:56:16.268+0000] {processor.py:175} INFO - Processing /home/airflow/.local/lib/python3.7/site-packages/airflow/example_dags/example_sla_dag.py took 0.212 seconds
[2023-08-21T23:56:46.359+0000] {processor.py:153} INFO - Started process (PID=1013) to work on /home/airflow/.local/lib/python3.7/site-packages/airflow/example_dags/example_sla_dag.py
[2023-08-21T23:56:46.360+0000] {processor.py:743} INFO - Processing file /home/airflow/.local/lib/python3.7/site-packages/airflow/example_dags/example_sla_dag.py for tasks to queue
[2023-08-21T23:56:46.361+0000] {logging_mixin.py:137} INFO - [2023-08-21T23:56:46.361+0000] {dagbag.py:538} INFO - Filling up the DagBag from /home/airflow/.local/lib/python3.7/site-packages/airflow/example_dags/example_sla_dag.py
[2023-08-21T23:56:46.385+0000] {processor.py:753} INFO - DAG(s) dict_keys(['example_sla_dag']) retrieved from /home/airflow/.local/lib/python3.7/site-packages/airflow/example_dags/example_sla_dag.py
[2023-08-21T23:56:46.412+0000] {logging_mixin.py:137} INFO - [2023-08-21T23:56:46.412+0000] {dag.py:2690} INFO - Sync 1 DAGs
[2023-08-21T23:56:46.442+0000] {logging_mixin.py:137} INFO - [2023-08-21T23:56:46.442+0000] {dag.py:3441} INFO - Setting next_dagrun for example_sla_dag to 2023-08-21T23:54:00+00:00, run_after=2023-08-21T23:56:00+00:00
[2023-08-21T23:56:46.521+0000] {processor.py:175} INFO - Processing /home/airflow/.local/lib/python3.7/site-packages/airflow/example_dags/example_sla_dag.py took 0.165 seconds
[2023-08-21T23:57:16.570+0000] {processor.py:153} INFO - Started process (PID=1088) to work on /home/airflow/.local/lib/python3.7/site-packages/airflow/example_dags/example_sla_dag.py
[2023-08-21T23:57:16.571+0000] {processor.py:743} INFO - Processing file /home/airflow/.local/lib/python3.7/site-packages/airflow/example_dags/example_sla_dag.py for tasks to queue
[2023-08-21T23:57:16.572+0000] {logging_mixin.py:137} INFO - [2023-08-21T23:57:16.571+0000] {dagbag.py:538} INFO - Filling up the DagBag from /home/airflow/.local/lib/python3.7/site-packages/airflow/example_dags/example_sla_dag.py
[2023-08-21T23:57:16.599+0000] {processor.py:753} INFO - DAG(s) dict_keys(['example_sla_dag']) retrieved from /home/airflow/.local/lib/python3.7/site-packages/airflow/example_dags/example_sla_dag.py
[2023-08-21T23:57:16.623+0000] {logging_mixin.py:137} INFO - [2023-08-21T23:57:16.623+0000] {dag.py:2690} INFO - Sync 1 DAGs
[2023-08-21T23:57:16.654+0000] {logging_mixin.py:137} INFO - [2023-08-21T23:57:16.653+0000] {dag.py:3441} INFO - Setting next_dagrun for example_sla_dag to 2023-08-21T23:54:00+00:00, run_after=2023-08-21T23:56:00+00:00
[2023-08-21T23:57:16.759+0000] {processor.py:175} INFO - Processing /home/airflow/.local/lib/python3.7/site-packages/airflow/example_dags/example_sla_dag.py took 0.193 seconds
[2023-08-21T23:57:46.833+0000] {processor.py:153} INFO - Started process (PID=1151) to work on /home/airflow/.local/lib/python3.7/site-packages/airflow/example_dags/example_sla_dag.py
[2023-08-21T23:57:46.835+0000] {processor.py:743} INFO - Processing file /home/airflow/.local/lib/python3.7/site-packages/airflow/example_dags/example_sla_dag.py for tasks to queue
[2023-08-21T23:57:46.836+0000] {logging_mixin.py:137} INFO - [2023-08-21T23:57:46.835+0000] {dagbag.py:538} INFO - Filling up the DagBag from /home/airflow/.local/lib/python3.7/site-packages/airflow/example_dags/example_sla_dag.py
[2023-08-21T23:57:46.872+0000] {processor.py:753} INFO - DAG(s) dict_keys(['example_sla_dag']) retrieved from /home/airflow/.local/lib/python3.7/site-packages/airflow/example_dags/example_sla_dag.py
[2023-08-21T23:57:46.901+0000] {logging_mixin.py:137} INFO - [2023-08-21T23:57:46.901+0000] {dag.py:2690} INFO - Sync 1 DAGs
[2023-08-21T23:57:46.933+0000] {logging_mixin.py:137} INFO - [2023-08-21T23:57:46.933+0000] {dag.py:3441} INFO - Setting next_dagrun for example_sla_dag to 2023-08-21T23:54:00+00:00, run_after=2023-08-21T23:56:00+00:00
[2023-08-21T23:57:46.991+0000] {processor.py:175} INFO - Processing /home/airflow/.local/lib/python3.7/site-packages/airflow/example_dags/example_sla_dag.py took 0.162 seconds
[2023-08-21T23:58:17.365+0000] {processor.py:153} INFO - Started process (PID=1225) to work on /home/airflow/.local/lib/python3.7/site-packages/airflow/example_dags/example_sla_dag.py
[2023-08-21T23:58:17.366+0000] {processor.py:743} INFO - Processing file /home/airflow/.local/lib/python3.7/site-packages/airflow/example_dags/example_sla_dag.py for tasks to queue
[2023-08-21T23:58:17.367+0000] {logging_mixin.py:137} INFO - [2023-08-21T23:58:17.367+0000] {dagbag.py:538} INFO - Filling up the DagBag from /home/airflow/.local/lib/python3.7/site-packages/airflow/example_dags/example_sla_dag.py
[2023-08-21T23:58:17.390+0000] {processor.py:753} INFO - DAG(s) dict_keys(['example_sla_dag']) retrieved from /home/airflow/.local/lib/python3.7/site-packages/airflow/example_dags/example_sla_dag.py
[2023-08-21T23:58:17.423+0000] {logging_mixin.py:137} INFO - [2023-08-21T23:58:17.423+0000] {dag.py:2690} INFO - Sync 1 DAGs
[2023-08-21T23:58:17.463+0000] {logging_mixin.py:137} INFO - [2023-08-21T23:58:17.463+0000] {dag.py:3441} INFO - Setting next_dagrun for example_sla_dag to 2023-08-21T23:56:00+00:00, run_after=2023-08-21T23:58:00+00:00
[2023-08-21T23:58:17.525+0000] {processor.py:175} INFO - Processing /home/airflow/.local/lib/python3.7/site-packages/airflow/example_dags/example_sla_dag.py took 0.164 seconds
[2023-08-21T23:58:47.652+0000] {processor.py:153} INFO - Started process (PID=1288) to work on /home/airflow/.local/lib/python3.7/site-packages/airflow/example_dags/example_sla_dag.py
[2023-08-21T23:58:47.653+0000] {processor.py:743} INFO - Processing file /home/airflow/.local/lib/python3.7/site-packages/airflow/example_dags/example_sla_dag.py for tasks to queue
[2023-08-21T23:58:47.653+0000] {logging_mixin.py:137} INFO - [2023-08-21T23:58:47.653+0000] {dagbag.py:538} INFO - Filling up the DagBag from /home/airflow/.local/lib/python3.7/site-packages/airflow/example_dags/example_sla_dag.py
[2023-08-21T23:58:47.677+0000] {processor.py:753} INFO - DAG(s) dict_keys(['example_sla_dag']) retrieved from /home/airflow/.local/lib/python3.7/site-packages/airflow/example_dags/example_sla_dag.py
[2023-08-21T23:58:47.703+0000] {logging_mixin.py:137} INFO - [2023-08-21T23:58:47.703+0000] {dag.py:2690} INFO - Sync 1 DAGs
[2023-08-21T23:58:47.738+0000] {logging_mixin.py:137} INFO - [2023-08-21T23:58:47.737+0000] {dag.py:3441} INFO - Setting next_dagrun for example_sla_dag to 2023-08-21T23:56:00+00:00, run_after=2023-08-21T23:58:00+00:00
[2023-08-21T23:58:47.817+0000] {processor.py:175} INFO - Processing /home/airflow/.local/lib/python3.7/site-packages/airflow/example_dags/example_sla_dag.py took 0.169 seconds
[2023-08-21T23:59:17.927+0000] {processor.py:153} INFO - Started process (PID=1363) to work on /home/airflow/.local/lib/python3.7/site-packages/airflow/example_dags/example_sla_dag.py
[2023-08-21T23:59:17.928+0000] {processor.py:743} INFO - Processing file /home/airflow/.local/lib/python3.7/site-packages/airflow/example_dags/example_sla_dag.py for tasks to queue
[2023-08-21T23:59:17.929+0000] {logging_mixin.py:137} INFO - [2023-08-21T23:59:17.929+0000] {dagbag.py:538} INFO - Filling up the DagBag from /home/airflow/.local/lib/python3.7/site-packages/airflow/example_dags/example_sla_dag.py
[2023-08-21T23:59:17.953+0000] {processor.py:753} INFO - DAG(s) dict_keys(['example_sla_dag']) retrieved from /home/airflow/.local/lib/python3.7/site-packages/airflow/example_dags/example_sla_dag.py
[2023-08-21T23:59:17.981+0000] {logging_mixin.py:137} INFO - [2023-08-21T23:59:17.981+0000] {dag.py:2690} INFO - Sync 1 DAGs
[2023-08-21T23:59:18.025+0000] {logging_mixin.py:137} INFO - [2023-08-21T23:59:18.024+0000] {dag.py:3441} INFO - Setting next_dagrun for example_sla_dag to 2023-08-21T23:56:00+00:00, run_after=2023-08-21T23:58:00+00:00
[2023-08-21T23:59:18.081+0000] {processor.py:175} INFO - Processing /home/airflow/.local/lib/python3.7/site-packages/airflow/example_dags/example_sla_dag.py took 0.158 seconds
[2023-08-21T23:59:48.510+0000] {processor.py:153} INFO - Started process (PID=1426) to work on /home/airflow/.local/lib/python3.7/site-packages/airflow/example_dags/example_sla_dag.py
[2023-08-21T23:59:48.511+0000] {processor.py:743} INFO - Processing file /home/airflow/.local/lib/python3.7/site-packages/airflow/example_dags/example_sla_dag.py for tasks to queue
[2023-08-21T23:59:48.512+0000] {logging_mixin.py:137} INFO - [2023-08-21T23:59:48.512+0000] {dagbag.py:538} INFO - Filling up the DagBag from /home/airflow/.local/lib/python3.7/site-packages/airflow/example_dags/example_sla_dag.py
[2023-08-21T23:59:48.542+0000] {processor.py:753} INFO - DAG(s) dict_keys(['example_sla_dag']) retrieved from /home/airflow/.local/lib/python3.7/site-packages/airflow/example_dags/example_sla_dag.py
[2023-08-21T23:59:48.567+0000] {logging_mixin.py:137} INFO - [2023-08-21T23:59:48.567+0000] {dag.py:2690} INFO - Sync 1 DAGs
[2023-08-21T23:59:48.595+0000] {logging_mixin.py:137} INFO - [2023-08-21T23:59:48.595+0000] {dag.py:3441} INFO - Setting next_dagrun for example_sla_dag to 2023-08-21T23:56:00+00:00, run_after=2023-08-21T23:58:00+00:00
[2023-08-21T23:59:48.659+0000] {processor.py:175} INFO - Processing /home/airflow/.local/lib/python3.7/site-packages/airflow/example_dags/example_sla_dag.py took 0.154 seconds
