[2023-08-21T23:49:33.889+0000] {processor.py:153} INFO - Started process (PID=47) to work on /home/airflow/.local/lib/python3.7/site-packages/airflow/example_dags/example_sensor_decorator.py
[2023-08-21T23:49:33.894+0000] {processor.py:743} INFO - Processing file /home/airflow/.local/lib/python3.7/site-packages/airflow/example_dags/example_sensor_decorator.py for tasks to queue
[2023-08-21T23:49:33.896+0000] {logging_mixin.py:137} INFO - [2023-08-21T23:49:33.896+0000] {dagbag.py:538} INFO - Filling up the DagBag from /home/airflow/.local/lib/python3.7/site-packages/airflow/example_dags/example_sensor_decorator.py
[2023-08-21T23:49:33.971+0000] {processor.py:753} INFO - DAG(s) dict_keys(['example_sensor_decorator']) retrieved from /home/airflow/.local/lib/python3.7/site-packages/airflow/example_dags/example_sensor_decorator.py
[2023-08-21T23:49:34.337+0000] {logging_mixin.py:137} INFO - [2023-08-21T23:49:34.336+0000] {manager.py:504} INFO - Created Permission View: can edit on DAG:example_sensor_decorator
[2023-08-21T23:49:34.386+0000] {logging_mixin.py:137} INFO - [2023-08-21T23:49:34.386+0000] {manager.py:504} INFO - Created Permission View: can read on DAG:example_sensor_decorator
[2023-08-21T23:49:34.435+0000] {logging_mixin.py:137} INFO - [2023-08-21T23:49:34.435+0000] {manager.py:504} INFO - Created Permission View: can delete on DAG:example_sensor_decorator
[2023-08-21T23:49:34.436+0000] {logging_mixin.py:137} INFO - [2023-08-21T23:49:34.435+0000] {dag.py:2690} INFO - Sync 1 DAGs
[2023-08-21T23:49:34.454+0000] {logging_mixin.py:137} INFO - [2023-08-21T23:49:34.454+0000] {dag.py:2711} INFO - Creating ORM DAG for example_sensor_decorator
[2023-08-21T23:49:34.486+0000] {logging_mixin.py:137} INFO - [2023-08-21T23:49:34.486+0000] {dag.py:3441} INFO - Setting next_dagrun for example_sensor_decorator to None, run_after=None
[2023-08-21T23:49:34.545+0000] {processor.py:175} INFO - Processing /home/airflow/.local/lib/python3.7/site-packages/airflow/example_dags/example_sensor_decorator.py took 0.664 seconds
[2023-08-21T23:50:04.824+0000] {processor.py:153} INFO - Started process (PID=110) to work on /home/airflow/.local/lib/python3.7/site-packages/airflow/example_dags/example_sensor_decorator.py
[2023-08-21T23:50:04.825+0000] {processor.py:743} INFO - Processing file /home/airflow/.local/lib/python3.7/site-packages/airflow/example_dags/example_sensor_decorator.py for tasks to queue
[2023-08-21T23:50:04.826+0000] {logging_mixin.py:137} INFO - [2023-08-21T23:50:04.826+0000] {dagbag.py:538} INFO - Filling up the DagBag from /home/airflow/.local/lib/python3.7/site-packages/airflow/example_dags/example_sensor_decorator.py
[2023-08-21T23:50:04.856+0000] {processor.py:753} INFO - DAG(s) dict_keys(['example_sensor_decorator']) retrieved from /home/airflow/.local/lib/python3.7/site-packages/airflow/example_dags/example_sensor_decorator.py
[2023-08-21T23:50:04.880+0000] {logging_mixin.py:137} INFO - [2023-08-21T23:50:04.880+0000] {dag.py:2690} INFO - Sync 1 DAGs
[2023-08-21T23:50:04.908+0000] {logging_mixin.py:137} INFO - [2023-08-21T23:50:04.908+0000] {dag.py:3441} INFO - Setting next_dagrun for example_sensor_decorator to None, run_after=None
[2023-08-21T23:50:04.952+0000] {processor.py:175} INFO - Processing /home/airflow/.local/lib/python3.7/site-packages/airflow/example_dags/example_sensor_decorator.py took 0.131 seconds
[2023-08-21T23:50:35.203+0000] {processor.py:153} INFO - Started process (PID=174) to work on /home/airflow/.local/lib/python3.7/site-packages/airflow/example_dags/example_sensor_decorator.py
[2023-08-21T23:50:35.204+0000] {processor.py:743} INFO - Processing file /home/airflow/.local/lib/python3.7/site-packages/airflow/example_dags/example_sensor_decorator.py for tasks to queue
[2023-08-21T23:50:35.205+0000] {logging_mixin.py:137} INFO - [2023-08-21T23:50:35.205+0000] {dagbag.py:538} INFO - Filling up the DagBag from /home/airflow/.local/lib/python3.7/site-packages/airflow/example_dags/example_sensor_decorator.py
[2023-08-21T23:50:35.245+0000] {processor.py:753} INFO - DAG(s) dict_keys(['example_sensor_decorator']) retrieved from /home/airflow/.local/lib/python3.7/site-packages/airflow/example_dags/example_sensor_decorator.py
[2023-08-21T23:50:35.279+0000] {logging_mixin.py:137} INFO - [2023-08-21T23:50:35.279+0000] {dag.py:2690} INFO - Sync 1 DAGs
[2023-08-21T23:50:35.310+0000] {logging_mixin.py:137} INFO - [2023-08-21T23:50:35.310+0000] {dag.py:3441} INFO - Setting next_dagrun for example_sensor_decorator to None, run_after=None
[2023-08-21T23:50:35.363+0000] {processor.py:175} INFO - Processing /home/airflow/.local/lib/python3.7/site-packages/airflow/example_dags/example_sensor_decorator.py took 0.171 seconds
[2023-08-21T23:51:05.402+0000] {processor.py:153} INFO - Started process (PID=248) to work on /home/airflow/.local/lib/python3.7/site-packages/airflow/example_dags/example_sensor_decorator.py
[2023-08-21T23:51:05.403+0000] {processor.py:743} INFO - Processing file /home/airflow/.local/lib/python3.7/site-packages/airflow/example_dags/example_sensor_decorator.py for tasks to queue
[2023-08-21T23:51:05.404+0000] {logging_mixin.py:137} INFO - [2023-08-21T23:51:05.404+0000] {dagbag.py:538} INFO - Filling up the DagBag from /home/airflow/.local/lib/python3.7/site-packages/airflow/example_dags/example_sensor_decorator.py
[2023-08-21T23:51:05.431+0000] {processor.py:753} INFO - DAG(s) dict_keys(['example_sensor_decorator']) retrieved from /home/airflow/.local/lib/python3.7/site-packages/airflow/example_dags/example_sensor_decorator.py
[2023-08-21T23:51:05.454+0000] {logging_mixin.py:137} INFO - [2023-08-21T23:51:05.454+0000] {dag.py:2690} INFO - Sync 1 DAGs
[2023-08-21T23:51:05.478+0000] {logging_mixin.py:137} INFO - [2023-08-21T23:51:05.478+0000] {dag.py:3441} INFO - Setting next_dagrun for example_sensor_decorator to None, run_after=None
[2023-08-21T23:51:05.517+0000] {processor.py:175} INFO - Processing /home/airflow/.local/lib/python3.7/site-packages/airflow/example_dags/example_sensor_decorator.py took 0.120 seconds
[2023-08-21T23:51:36.205+0000] {processor.py:153} INFO - Started process (PID=311) to work on /home/airflow/.local/lib/python3.7/site-packages/airflow/example_dags/example_sensor_decorator.py
[2023-08-21T23:51:36.206+0000] {processor.py:743} INFO - Processing file /home/airflow/.local/lib/python3.7/site-packages/airflow/example_dags/example_sensor_decorator.py for tasks to queue
[2023-08-21T23:51:36.206+0000] {logging_mixin.py:137} INFO - [2023-08-21T23:51:36.206+0000] {dagbag.py:538} INFO - Filling up the DagBag from /home/airflow/.local/lib/python3.7/site-packages/airflow/example_dags/example_sensor_decorator.py
[2023-08-21T23:51:36.233+0000] {processor.py:753} INFO - DAG(s) dict_keys(['example_sensor_decorator']) retrieved from /home/airflow/.local/lib/python3.7/site-packages/airflow/example_dags/example_sensor_decorator.py
[2023-08-21T23:51:36.258+0000] {logging_mixin.py:137} INFO - [2023-08-21T23:51:36.258+0000] {dag.py:2690} INFO - Sync 1 DAGs
[2023-08-21T23:51:36.283+0000] {logging_mixin.py:137} INFO - [2023-08-21T23:51:36.283+0000] {dag.py:3441} INFO - Setting next_dagrun for example_sensor_decorator to None, run_after=None
[2023-08-21T23:51:36.331+0000] {processor.py:175} INFO - Processing /home/airflow/.local/lib/python3.7/site-packages/airflow/example_dags/example_sensor_decorator.py took 0.131 seconds
[2023-08-21T23:52:06.414+0000] {processor.py:153} INFO - Started process (PID=385) to work on /home/airflow/.local/lib/python3.7/site-packages/airflow/example_dags/example_sensor_decorator.py
[2023-08-21T23:52:06.414+0000] {processor.py:743} INFO - Processing file /home/airflow/.local/lib/python3.7/site-packages/airflow/example_dags/example_sensor_decorator.py for tasks to queue
[2023-08-21T23:52:06.415+0000] {logging_mixin.py:137} INFO - [2023-08-21T23:52:06.415+0000] {dagbag.py:538} INFO - Filling up the DagBag from /home/airflow/.local/lib/python3.7/site-packages/airflow/example_dags/example_sensor_decorator.py
[2023-08-21T23:52:06.440+0000] {processor.py:753} INFO - DAG(s) dict_keys(['example_sensor_decorator']) retrieved from /home/airflow/.local/lib/python3.7/site-packages/airflow/example_dags/example_sensor_decorator.py
[2023-08-21T23:52:06.466+0000] {logging_mixin.py:137} INFO - [2023-08-21T23:52:06.466+0000] {dag.py:2690} INFO - Sync 1 DAGs
[2023-08-21T23:52:06.491+0000] {logging_mixin.py:137} INFO - [2023-08-21T23:52:06.491+0000] {dag.py:3441} INFO - Setting next_dagrun for example_sensor_decorator to None, run_after=None
[2023-08-21T23:52:06.544+0000] {processor.py:175} INFO - Processing /home/airflow/.local/lib/python3.7/site-packages/airflow/example_dags/example_sensor_decorator.py took 0.134 seconds
[2023-08-21T23:52:37.235+0000] {processor.py:153} INFO - Started process (PID=448) to work on /home/airflow/.local/lib/python3.7/site-packages/airflow/example_dags/example_sensor_decorator.py
[2023-08-21T23:52:37.236+0000] {processor.py:743} INFO - Processing file /home/airflow/.local/lib/python3.7/site-packages/airflow/example_dags/example_sensor_decorator.py for tasks to queue
[2023-08-21T23:52:37.237+0000] {logging_mixin.py:137} INFO - [2023-08-21T23:52:37.237+0000] {dagbag.py:538} INFO - Filling up the DagBag from /home/airflow/.local/lib/python3.7/site-packages/airflow/example_dags/example_sensor_decorator.py
[2023-08-21T23:52:37.260+0000] {processor.py:753} INFO - DAG(s) dict_keys(['example_sensor_decorator']) retrieved from /home/airflow/.local/lib/python3.7/site-packages/airflow/example_dags/example_sensor_decorator.py
[2023-08-21T23:52:37.284+0000] {logging_mixin.py:137} INFO - [2023-08-21T23:52:37.284+0000] {dag.py:2690} INFO - Sync 1 DAGs
[2023-08-21T23:52:37.309+0000] {logging_mixin.py:137} INFO - [2023-08-21T23:52:37.309+0000] {dag.py:3441} INFO - Setting next_dagrun for example_sensor_decorator to None, run_after=None
[2023-08-21T23:52:37.354+0000] {processor.py:175} INFO - Processing /home/airflow/.local/lib/python3.7/site-packages/airflow/example_dags/example_sensor_decorator.py took 0.123 seconds
[2023-08-21T23:53:07.694+0000] {processor.py:153} INFO - Started process (PID=523) to work on /home/airflow/.local/lib/python3.7/site-packages/airflow/example_dags/example_sensor_decorator.py
[2023-08-21T23:53:07.695+0000] {processor.py:743} INFO - Processing file /home/airflow/.local/lib/python3.7/site-packages/airflow/example_dags/example_sensor_decorator.py for tasks to queue
[2023-08-21T23:53:07.696+0000] {logging_mixin.py:137} INFO - [2023-08-21T23:53:07.696+0000] {dagbag.py:538} INFO - Filling up the DagBag from /home/airflow/.local/lib/python3.7/site-packages/airflow/example_dags/example_sensor_decorator.py
[2023-08-21T23:53:07.717+0000] {processor.py:753} INFO - DAG(s) dict_keys(['example_sensor_decorator']) retrieved from /home/airflow/.local/lib/python3.7/site-packages/airflow/example_dags/example_sensor_decorator.py
[2023-08-21T23:53:07.744+0000] {logging_mixin.py:137} INFO - [2023-08-21T23:53:07.743+0000] {dag.py:2690} INFO - Sync 1 DAGs
[2023-08-21T23:53:07.769+0000] {logging_mixin.py:137} INFO - [2023-08-21T23:53:07.769+0000] {dag.py:3441} INFO - Setting next_dagrun for example_sensor_decorator to None, run_after=None
[2023-08-21T23:53:07.823+0000] {processor.py:175} INFO - Processing /home/airflow/.local/lib/python3.7/site-packages/airflow/example_dags/example_sensor_decorator.py took 0.133 seconds
[2023-08-21T23:53:37.960+0000] {processor.py:153} INFO - Started process (PID=586) to work on /home/airflow/.local/lib/python3.7/site-packages/airflow/example_dags/example_sensor_decorator.py
[2023-08-21T23:53:37.961+0000] {processor.py:743} INFO - Processing file /home/airflow/.local/lib/python3.7/site-packages/airflow/example_dags/example_sensor_decorator.py for tasks to queue
[2023-08-21T23:53:37.962+0000] {logging_mixin.py:137} INFO - [2023-08-21T23:53:37.962+0000] {dagbag.py:538} INFO - Filling up the DagBag from /home/airflow/.local/lib/python3.7/site-packages/airflow/example_dags/example_sensor_decorator.py
[2023-08-21T23:53:37.985+0000] {processor.py:753} INFO - DAG(s) dict_keys(['example_sensor_decorator']) retrieved from /home/airflow/.local/lib/python3.7/site-packages/airflow/example_dags/example_sensor_decorator.py
[2023-08-21T23:53:38.009+0000] {logging_mixin.py:137} INFO - [2023-08-21T23:53:38.009+0000] {dag.py:2690} INFO - Sync 1 DAGs
[2023-08-21T23:53:38.048+0000] {logging_mixin.py:137} INFO - [2023-08-21T23:53:38.048+0000] {dag.py:3441} INFO - Setting next_dagrun for example_sensor_decorator to None, run_after=None
[2023-08-21T23:53:38.099+0000] {processor.py:175} INFO - Processing /home/airflow/.local/lib/python3.7/site-packages/airflow/example_dags/example_sensor_decorator.py took 0.144 seconds
[2023-08-21T23:54:08.654+0000] {processor.py:153} INFO - Started process (PID=661) to work on /home/airflow/.local/lib/python3.7/site-packages/airflow/example_dags/example_sensor_decorator.py
[2023-08-21T23:54:08.655+0000] {processor.py:743} INFO - Processing file /home/airflow/.local/lib/python3.7/site-packages/airflow/example_dags/example_sensor_decorator.py for tasks to queue
[2023-08-21T23:54:08.656+0000] {logging_mixin.py:137} INFO - [2023-08-21T23:54:08.656+0000] {dagbag.py:538} INFO - Filling up the DagBag from /home/airflow/.local/lib/python3.7/site-packages/airflow/example_dags/example_sensor_decorator.py
[2023-08-21T23:54:08.682+0000] {processor.py:753} INFO - DAG(s) dict_keys(['example_sensor_decorator']) retrieved from /home/airflow/.local/lib/python3.7/site-packages/airflow/example_dags/example_sensor_decorator.py
[2023-08-21T23:54:08.712+0000] {logging_mixin.py:137} INFO - [2023-08-21T23:54:08.712+0000] {dag.py:2690} INFO - Sync 1 DAGs
[2023-08-21T23:54:08.753+0000] {logging_mixin.py:137} INFO - [2023-08-21T23:54:08.753+0000] {dag.py:3441} INFO - Setting next_dagrun for example_sensor_decorator to None, run_after=None
[2023-08-21T23:54:08.807+0000] {processor.py:175} INFO - Processing /home/airflow/.local/lib/python3.7/site-packages/airflow/example_dags/example_sensor_decorator.py took 0.157 seconds
[2023-08-21T23:54:39.107+0000] {processor.py:153} INFO - Started process (PID=724) to work on /home/airflow/.local/lib/python3.7/site-packages/airflow/example_dags/example_sensor_decorator.py
[2023-08-21T23:54:39.107+0000] {processor.py:743} INFO - Processing file /home/airflow/.local/lib/python3.7/site-packages/airflow/example_dags/example_sensor_decorator.py for tasks to queue
[2023-08-21T23:54:39.108+0000] {logging_mixin.py:137} INFO - [2023-08-21T23:54:39.108+0000] {dagbag.py:538} INFO - Filling up the DagBag from /home/airflow/.local/lib/python3.7/site-packages/airflow/example_dags/example_sensor_decorator.py
[2023-08-21T23:54:39.133+0000] {processor.py:753} INFO - DAG(s) dict_keys(['example_sensor_decorator']) retrieved from /home/airflow/.local/lib/python3.7/site-packages/airflow/example_dags/example_sensor_decorator.py
[2023-08-21T23:54:39.161+0000] {logging_mixin.py:137} INFO - [2023-08-21T23:54:39.161+0000] {dag.py:2690} INFO - Sync 1 DAGs
[2023-08-21T23:54:39.189+0000] {logging_mixin.py:137} INFO - [2023-08-21T23:54:39.189+0000] {dag.py:3441} INFO - Setting next_dagrun for example_sensor_decorator to None, run_after=None
[2023-08-21T23:54:39.237+0000] {processor.py:175} INFO - Processing /home/airflow/.local/lib/python3.7/site-packages/airflow/example_dags/example_sensor_decorator.py took 0.134 seconds
[2023-08-21T23:55:09.370+0000] {processor.py:153} INFO - Started process (PID=797) to work on /home/airflow/.local/lib/python3.7/site-packages/airflow/example_dags/example_sensor_decorator.py
[2023-08-21T23:55:09.371+0000] {processor.py:743} INFO - Processing file /home/airflow/.local/lib/python3.7/site-packages/airflow/example_dags/example_sensor_decorator.py for tasks to queue
[2023-08-21T23:55:09.372+0000] {logging_mixin.py:137} INFO - [2023-08-21T23:55:09.372+0000] {dagbag.py:538} INFO - Filling up the DagBag from /home/airflow/.local/lib/python3.7/site-packages/airflow/example_dags/example_sensor_decorator.py
[2023-08-21T23:55:09.397+0000] {processor.py:753} INFO - DAG(s) dict_keys(['example_sensor_decorator']) retrieved from /home/airflow/.local/lib/python3.7/site-packages/airflow/example_dags/example_sensor_decorator.py
[2023-08-21T23:55:09.421+0000] {logging_mixin.py:137} INFO - [2023-08-21T23:55:09.421+0000] {dag.py:2690} INFO - Sync 1 DAGs
[2023-08-21T23:55:09.448+0000] {logging_mixin.py:137} INFO - [2023-08-21T23:55:09.448+0000] {dag.py:3441} INFO - Setting next_dagrun for example_sensor_decorator to None, run_after=None
[2023-08-21T23:55:09.498+0000] {processor.py:175} INFO - Processing /home/airflow/.local/lib/python3.7/site-packages/airflow/example_dags/example_sensor_decorator.py took 0.131 seconds
[2023-08-21T23:55:39.949+0000] {processor.py:153} INFO - Started process (PID=864) to work on /home/airflow/.local/lib/python3.7/site-packages/airflow/example_dags/example_sensor_decorator.py
[2023-08-21T23:55:39.950+0000] {processor.py:743} INFO - Processing file /home/airflow/.local/lib/python3.7/site-packages/airflow/example_dags/example_sensor_decorator.py for tasks to queue
[2023-08-21T23:55:39.951+0000] {logging_mixin.py:137} INFO - [2023-08-21T23:55:39.951+0000] {dagbag.py:538} INFO - Filling up the DagBag from /home/airflow/.local/lib/python3.7/site-packages/airflow/example_dags/example_sensor_decorator.py
[2023-08-21T23:55:39.977+0000] {processor.py:753} INFO - DAG(s) dict_keys(['example_sensor_decorator']) retrieved from /home/airflow/.local/lib/python3.7/site-packages/airflow/example_dags/example_sensor_decorator.py
[2023-08-21T23:55:40.002+0000] {logging_mixin.py:137} INFO - [2023-08-21T23:55:40.002+0000] {dag.py:2690} INFO - Sync 1 DAGs
[2023-08-21T23:55:40.029+0000] {logging_mixin.py:137} INFO - [2023-08-21T23:55:40.029+0000] {dag.py:3441} INFO - Setting next_dagrun for example_sensor_decorator to None, run_after=None
[2023-08-21T23:55:40.082+0000] {processor.py:175} INFO - Processing /home/airflow/.local/lib/python3.7/site-packages/airflow/example_dags/example_sensor_decorator.py took 0.136 seconds
[2023-08-21T23:56:10.181+0000] {processor.py:153} INFO - Started process (PID=927) to work on /home/airflow/.local/lib/python3.7/site-packages/airflow/example_dags/example_sensor_decorator.py
[2023-08-21T23:56:10.182+0000] {processor.py:743} INFO - Processing file /home/airflow/.local/lib/python3.7/site-packages/airflow/example_dags/example_sensor_decorator.py for tasks to queue
[2023-08-21T23:56:10.183+0000] {logging_mixin.py:137} INFO - [2023-08-21T23:56:10.183+0000] {dagbag.py:538} INFO - Filling up the DagBag from /home/airflow/.local/lib/python3.7/site-packages/airflow/example_dags/example_sensor_decorator.py
[2023-08-21T23:56:10.210+0000] {processor.py:753} INFO - DAG(s) dict_keys(['example_sensor_decorator']) retrieved from /home/airflow/.local/lib/python3.7/site-packages/airflow/example_dags/example_sensor_decorator.py
[2023-08-21T23:56:10.247+0000] {logging_mixin.py:137} INFO - [2023-08-21T23:56:10.247+0000] {dag.py:2690} INFO - Sync 1 DAGs
[2023-08-21T23:56:10.277+0000] {logging_mixin.py:137} INFO - [2023-08-21T23:56:10.277+0000] {dag.py:3441} INFO - Setting next_dagrun for example_sensor_decorator to None, run_after=None
[2023-08-21T23:56:10.328+0000] {processor.py:175} INFO - Processing /home/airflow/.local/lib/python3.7/site-packages/airflow/example_dags/example_sensor_decorator.py took 0.152 seconds
[2023-08-21T23:56:40.391+0000] {processor.py:153} INFO - Started process (PID=1002) to work on /home/airflow/.local/lib/python3.7/site-packages/airflow/example_dags/example_sensor_decorator.py
[2023-08-21T23:56:40.392+0000] {processor.py:743} INFO - Processing file /home/airflow/.local/lib/python3.7/site-packages/airflow/example_dags/example_sensor_decorator.py for tasks to queue
[2023-08-21T23:56:40.393+0000] {logging_mixin.py:137} INFO - [2023-08-21T23:56:40.393+0000] {dagbag.py:538} INFO - Filling up the DagBag from /home/airflow/.local/lib/python3.7/site-packages/airflow/example_dags/example_sensor_decorator.py
[2023-08-21T23:56:40.421+0000] {processor.py:753} INFO - DAG(s) dict_keys(['example_sensor_decorator']) retrieved from /home/airflow/.local/lib/python3.7/site-packages/airflow/example_dags/example_sensor_decorator.py
[2023-08-21T23:56:40.444+0000] {logging_mixin.py:137} INFO - [2023-08-21T23:56:40.444+0000] {dag.py:2690} INFO - Sync 1 DAGs
[2023-08-21T23:56:40.470+0000] {logging_mixin.py:137} INFO - [2023-08-21T23:56:40.469+0000] {dag.py:3441} INFO - Setting next_dagrun for example_sensor_decorator to None, run_after=None
[2023-08-21T23:56:40.508+0000] {processor.py:175} INFO - Processing /home/airflow/.local/lib/python3.7/site-packages/airflow/example_dags/example_sensor_decorator.py took 0.121 seconds
[2023-08-21T23:57:10.695+0000] {processor.py:153} INFO - Started process (PID=1065) to work on /home/airflow/.local/lib/python3.7/site-packages/airflow/example_dags/example_sensor_decorator.py
[2023-08-21T23:57:10.696+0000] {processor.py:743} INFO - Processing file /home/airflow/.local/lib/python3.7/site-packages/airflow/example_dags/example_sensor_decorator.py for tasks to queue
[2023-08-21T23:57:10.697+0000] {logging_mixin.py:137} INFO - [2023-08-21T23:57:10.696+0000] {dagbag.py:538} INFO - Filling up the DagBag from /home/airflow/.local/lib/python3.7/site-packages/airflow/example_dags/example_sensor_decorator.py
[2023-08-21T23:57:10.724+0000] {processor.py:753} INFO - DAG(s) dict_keys(['example_sensor_decorator']) retrieved from /home/airflow/.local/lib/python3.7/site-packages/airflow/example_dags/example_sensor_decorator.py
[2023-08-21T23:57:10.752+0000] {logging_mixin.py:137} INFO - [2023-08-21T23:57:10.752+0000] {dag.py:2690} INFO - Sync 1 DAGs
[2023-08-21T23:57:10.783+0000] {logging_mixin.py:137} INFO - [2023-08-21T23:57:10.782+0000] {dag.py:3441} INFO - Setting next_dagrun for example_sensor_decorator to None, run_after=None
[2023-08-21T23:57:10.832+0000] {processor.py:175} INFO - Processing /home/airflow/.local/lib/python3.7/site-packages/airflow/example_dags/example_sensor_decorator.py took 0.142 seconds
[2023-08-21T23:57:40.941+0000] {processor.py:153} INFO - Started process (PID=1140) to work on /home/airflow/.local/lib/python3.7/site-packages/airflow/example_dags/example_sensor_decorator.py
[2023-08-21T23:57:40.942+0000] {processor.py:743} INFO - Processing file /home/airflow/.local/lib/python3.7/site-packages/airflow/example_dags/example_sensor_decorator.py for tasks to queue
[2023-08-21T23:57:40.943+0000] {logging_mixin.py:137} INFO - [2023-08-21T23:57:40.943+0000] {dagbag.py:538} INFO - Filling up the DagBag from /home/airflow/.local/lib/python3.7/site-packages/airflow/example_dags/example_sensor_decorator.py
[2023-08-21T23:57:40.965+0000] {processor.py:753} INFO - DAG(s) dict_keys(['example_sensor_decorator']) retrieved from /home/airflow/.local/lib/python3.7/site-packages/airflow/example_dags/example_sensor_decorator.py
[2023-08-21T23:57:40.990+0000] {logging_mixin.py:137} INFO - [2023-08-21T23:57:40.990+0000] {dag.py:2690} INFO - Sync 1 DAGs
[2023-08-21T23:57:41.018+0000] {logging_mixin.py:137} INFO - [2023-08-21T23:57:41.018+0000] {dag.py:3441} INFO - Setting next_dagrun for example_sensor_decorator to None, run_after=None
[2023-08-21T23:57:41.062+0000] {processor.py:175} INFO - Processing /home/airflow/.local/lib/python3.7/site-packages/airflow/example_dags/example_sensor_decorator.py took 0.124 seconds
[2023-08-21T23:58:11.468+0000] {processor.py:153} INFO - Started process (PID=1202) to work on /home/airflow/.local/lib/python3.7/site-packages/airflow/example_dags/example_sensor_decorator.py
[2023-08-21T23:58:11.469+0000] {processor.py:743} INFO - Processing file /home/airflow/.local/lib/python3.7/site-packages/airflow/example_dags/example_sensor_decorator.py for tasks to queue
[2023-08-21T23:58:11.470+0000] {logging_mixin.py:137} INFO - [2023-08-21T23:58:11.470+0000] {dagbag.py:538} INFO - Filling up the DagBag from /home/airflow/.local/lib/python3.7/site-packages/airflow/example_dags/example_sensor_decorator.py
[2023-08-21T23:58:11.495+0000] {processor.py:753} INFO - DAG(s) dict_keys(['example_sensor_decorator']) retrieved from /home/airflow/.local/lib/python3.7/site-packages/airflow/example_dags/example_sensor_decorator.py
[2023-08-21T23:58:11.527+0000] {logging_mixin.py:137} INFO - [2023-08-21T23:58:11.527+0000] {dag.py:2690} INFO - Sync 1 DAGs
[2023-08-21T23:58:11.568+0000] {logging_mixin.py:137} INFO - [2023-08-21T23:58:11.568+0000] {dag.py:3441} INFO - Setting next_dagrun for example_sensor_decorator to None, run_after=None
[2023-08-21T23:58:11.639+0000] {processor.py:175} INFO - Processing /home/airflow/.local/lib/python3.7/site-packages/airflow/example_dags/example_sensor_decorator.py took 0.176 seconds
[2023-08-21T23:58:41.730+0000] {processor.py:153} INFO - Started process (PID=1277) to work on /home/airflow/.local/lib/python3.7/site-packages/airflow/example_dags/example_sensor_decorator.py
[2023-08-21T23:58:41.731+0000] {processor.py:743} INFO - Processing file /home/airflow/.local/lib/python3.7/site-packages/airflow/example_dags/example_sensor_decorator.py for tasks to queue
[2023-08-21T23:58:41.732+0000] {logging_mixin.py:137} INFO - [2023-08-21T23:58:41.731+0000] {dagbag.py:538} INFO - Filling up the DagBag from /home/airflow/.local/lib/python3.7/site-packages/airflow/example_dags/example_sensor_decorator.py
[2023-08-21T23:58:41.756+0000] {processor.py:753} INFO - DAG(s) dict_keys(['example_sensor_decorator']) retrieved from /home/airflow/.local/lib/python3.7/site-packages/airflow/example_dags/example_sensor_decorator.py
[2023-08-21T23:58:41.782+0000] {logging_mixin.py:137} INFO - [2023-08-21T23:58:41.781+0000] {dag.py:2690} INFO - Sync 1 DAGs
[2023-08-21T23:58:41.808+0000] {logging_mixin.py:137} INFO - [2023-08-21T23:58:41.808+0000] {dag.py:3441} INFO - Setting next_dagrun for example_sensor_decorator to None, run_after=None
[2023-08-21T23:58:41.856+0000] {processor.py:175} INFO - Processing /home/airflow/.local/lib/python3.7/site-packages/airflow/example_dags/example_sensor_decorator.py took 0.130 seconds
[2023-08-21T23:59:12.008+0000] {processor.py:153} INFO - Started process (PID=1340) to work on /home/airflow/.local/lib/python3.7/site-packages/airflow/example_dags/example_sensor_decorator.py
[2023-08-21T23:59:12.009+0000] {processor.py:743} INFO - Processing file /home/airflow/.local/lib/python3.7/site-packages/airflow/example_dags/example_sensor_decorator.py for tasks to queue
[2023-08-21T23:59:12.009+0000] {logging_mixin.py:137} INFO - [2023-08-21T23:59:12.009+0000] {dagbag.py:538} INFO - Filling up the DagBag from /home/airflow/.local/lib/python3.7/site-packages/airflow/example_dags/example_sensor_decorator.py
[2023-08-21T23:59:12.030+0000] {processor.py:753} INFO - DAG(s) dict_keys(['example_sensor_decorator']) retrieved from /home/airflow/.local/lib/python3.7/site-packages/airflow/example_dags/example_sensor_decorator.py
[2023-08-21T23:59:12.053+0000] {logging_mixin.py:137} INFO - [2023-08-21T23:59:12.053+0000] {dag.py:2690} INFO - Sync 1 DAGs
[2023-08-21T23:59:12.076+0000] {logging_mixin.py:137} INFO - [2023-08-21T23:59:12.076+0000] {dag.py:3441} INFO - Setting next_dagrun for example_sensor_decorator to None, run_after=None
[2023-08-21T23:59:12.120+0000] {processor.py:175} INFO - Processing /home/airflow/.local/lib/python3.7/site-packages/airflow/example_dags/example_sensor_decorator.py took 0.115 seconds
[2023-08-21T23:59:42.689+0000] {processor.py:153} INFO - Started process (PID=1415) to work on /home/airflow/.local/lib/python3.7/site-packages/airflow/example_dags/example_sensor_decorator.py
[2023-08-21T23:59:42.690+0000] {processor.py:743} INFO - Processing file /home/airflow/.local/lib/python3.7/site-packages/airflow/example_dags/example_sensor_decorator.py for tasks to queue
[2023-08-21T23:59:42.691+0000] {logging_mixin.py:137} INFO - [2023-08-21T23:59:42.691+0000] {dagbag.py:538} INFO - Filling up the DagBag from /home/airflow/.local/lib/python3.7/site-packages/airflow/example_dags/example_sensor_decorator.py
[2023-08-21T23:59:42.714+0000] {processor.py:753} INFO - DAG(s) dict_keys(['example_sensor_decorator']) retrieved from /home/airflow/.local/lib/python3.7/site-packages/airflow/example_dags/example_sensor_decorator.py
[2023-08-21T23:59:42.738+0000] {logging_mixin.py:137} INFO - [2023-08-21T23:59:42.738+0000] {dag.py:2690} INFO - Sync 1 DAGs
[2023-08-21T23:59:42.765+0000] {logging_mixin.py:137} INFO - [2023-08-21T23:59:42.765+0000] {dag.py:3441} INFO - Setting next_dagrun for example_sensor_decorator to None, run_after=None
[2023-08-21T23:59:42.807+0000] {processor.py:175} INFO - Processing /home/airflow/.local/lib/python3.7/site-packages/airflow/example_dags/example_sensor_decorator.py took 0.121 seconds
