[2023-08-21T23:49:34.637+0000] {processor.py:153} INFO - Started process (PID=49) to work on /home/airflow/.local/lib/python3.7/site-packages/airflow/example_dags/example_complex.py
[2023-08-21T23:49:34.638+0000] {processor.py:743} INFO - Processing file /home/airflow/.local/lib/python3.7/site-packages/airflow/example_dags/example_complex.py for tasks to queue
[2023-08-21T23:49:34.640+0000] {logging_mixin.py:137} INFO - [2023-08-21T23:49:34.640+0000] {dagbag.py:538} INFO - Filling up the DagBag from /home/airflow/.local/lib/python3.7/site-packages/airflow/example_dags/example_complex.py
[2023-08-21T23:49:34.683+0000] {logging_mixin.py:137} INFO - [2023-08-21T23:49:34.683+0000] {taskmixin.py:205} WARNING - Dependency <Task(BashOperator): create_entry_group>, delete_entry_group already registered for DAG: example_complex
[2023-08-21T23:49:34.683+0000] {logging_mixin.py:137} INFO - [2023-08-21T23:49:34.683+0000] {taskmixin.py:205} WARNING - Dependency <Task(BashOperator): delete_entry_group>, create_entry_group already registered for DAG: example_complex
[2023-08-21T23:49:34.684+0000] {logging_mixin.py:137} INFO - [2023-08-21T23:49:34.684+0000] {taskmixin.py:205} WARNING - Dependency <Task(BashOperator): create_entry_gcs>, delete_entry already registered for DAG: example_complex
[2023-08-21T23:49:34.684+0000] {logging_mixin.py:137} INFO - [2023-08-21T23:49:34.684+0000] {taskmixin.py:205} WARNING - Dependency <Task(BashOperator): delete_entry>, create_entry_gcs already registered for DAG: example_complex
[2023-08-21T23:49:34.684+0000] {logging_mixin.py:137} INFO - [2023-08-21T23:49:34.684+0000] {taskmixin.py:205} WARNING - Dependency <Task(BashOperator): create_tag>, delete_tag already registered for DAG: example_complex
[2023-08-21T23:49:34.685+0000] {logging_mixin.py:137} INFO - [2023-08-21T23:49:34.685+0000] {taskmixin.py:205} WARNING - Dependency <Task(BashOperator): delete_tag>, create_tag already registered for DAG: example_complex
[2023-08-21T23:49:34.699+0000] {processor.py:753} INFO - DAG(s) dict_keys(['example_complex']) retrieved from /home/airflow/.local/lib/python3.7/site-packages/airflow/example_dags/example_complex.py
[2023-08-21T23:49:35.016+0000] {logging_mixin.py:137} INFO - [2023-08-21T23:49:35.016+0000] {manager.py:504} INFO - Created Permission View: can edit on DAG:example_complex
[2023-08-21T23:49:35.052+0000] {logging_mixin.py:137} INFO - [2023-08-21T23:49:35.052+0000] {manager.py:504} INFO - Created Permission View: can read on DAG:example_complex
[2023-08-21T23:49:35.150+0000] {logging_mixin.py:137} INFO - [2023-08-21T23:49:35.149+0000] {manager.py:504} INFO - Created Permission View: can delete on DAG:example_complex
[2023-08-21T23:49:35.150+0000] {logging_mixin.py:137} INFO - [2023-08-21T23:49:35.150+0000] {dag.py:2690} INFO - Sync 1 DAGs
[2023-08-21T23:49:35.169+0000] {logging_mixin.py:137} INFO - [2023-08-21T23:49:35.169+0000] {dag.py:2711} INFO - Creating ORM DAG for example_complex
[2023-08-21T23:49:35.187+0000] {logging_mixin.py:137} INFO - [2023-08-21T23:49:35.187+0000] {dag.py:3441} INFO - Setting next_dagrun for example_complex to None, run_after=None
[2023-08-21T23:49:35.265+0000] {processor.py:175} INFO - Processing /home/airflow/.local/lib/python3.7/site-packages/airflow/example_dags/example_complex.py took 0.633 seconds
[2023-08-21T23:50:05.982+0000] {processor.py:153} INFO - Started process (PID=112) to work on /home/airflow/.local/lib/python3.7/site-packages/airflow/example_dags/example_complex.py
[2023-08-21T23:50:05.983+0000] {processor.py:743} INFO - Processing file /home/airflow/.local/lib/python3.7/site-packages/airflow/example_dags/example_complex.py for tasks to queue
[2023-08-21T23:50:05.984+0000] {logging_mixin.py:137} INFO - [2023-08-21T23:50:05.984+0000] {dagbag.py:538} INFO - Filling up the DagBag from /home/airflow/.local/lib/python3.7/site-packages/airflow/example_dags/example_complex.py
[2023-08-21T23:50:06.003+0000] {logging_mixin.py:137} INFO - [2023-08-21T23:50:06.003+0000] {taskmixin.py:205} WARNING - Dependency <Task(BashOperator): create_entry_group>, delete_entry_group already registered for DAG: example_complex
[2023-08-21T23:50:06.003+0000] {logging_mixin.py:137} INFO - [2023-08-21T23:50:06.003+0000] {taskmixin.py:205} WARNING - Dependency <Task(BashOperator): delete_entry_group>, create_entry_group already registered for DAG: example_complex
[2023-08-21T23:50:06.004+0000] {logging_mixin.py:137} INFO - [2023-08-21T23:50:06.004+0000] {taskmixin.py:205} WARNING - Dependency <Task(BashOperator): create_entry_gcs>, delete_entry already registered for DAG: example_complex
[2023-08-21T23:50:06.004+0000] {logging_mixin.py:137} INFO - [2023-08-21T23:50:06.004+0000] {taskmixin.py:205} WARNING - Dependency <Task(BashOperator): delete_entry>, create_entry_gcs already registered for DAG: example_complex
[2023-08-21T23:50:06.004+0000] {logging_mixin.py:137} INFO - [2023-08-21T23:50:06.004+0000] {taskmixin.py:205} WARNING - Dependency <Task(BashOperator): create_tag>, delete_tag already registered for DAG: example_complex
[2023-08-21T23:50:06.005+0000] {logging_mixin.py:137} INFO - [2023-08-21T23:50:06.004+0000] {taskmixin.py:205} WARNING - Dependency <Task(BashOperator): delete_tag>, create_tag already registered for DAG: example_complex
[2023-08-21T23:50:06.011+0000] {processor.py:753} INFO - DAG(s) dict_keys(['example_complex']) retrieved from /home/airflow/.local/lib/python3.7/site-packages/airflow/example_dags/example_complex.py
[2023-08-21T23:50:06.041+0000] {logging_mixin.py:137} INFO - [2023-08-21T23:50:06.041+0000] {dag.py:2690} INFO - Sync 1 DAGs
[2023-08-21T23:50:06.067+0000] {logging_mixin.py:137} INFO - [2023-08-21T23:50:06.067+0000] {dag.py:3441} INFO - Setting next_dagrun for example_complex to None, run_after=None
[2023-08-21T23:50:06.137+0000] {processor.py:175} INFO - Processing /home/airflow/.local/lib/python3.7/site-packages/airflow/example_dags/example_complex.py took 0.161 seconds
[2023-08-21T23:50:36.416+0000] {processor.py:153} INFO - Started process (PID=185) to work on /home/airflow/.local/lib/python3.7/site-packages/airflow/example_dags/example_complex.py
[2023-08-21T23:50:36.426+0000] {processor.py:743} INFO - Processing file /home/airflow/.local/lib/python3.7/site-packages/airflow/example_dags/example_complex.py for tasks to queue
[2023-08-21T23:50:36.428+0000] {logging_mixin.py:137} INFO - [2023-08-21T23:50:36.428+0000] {dagbag.py:538} INFO - Filling up the DagBag from /home/airflow/.local/lib/python3.7/site-packages/airflow/example_dags/example_complex.py
[2023-08-21T23:50:36.476+0000] {logging_mixin.py:137} INFO - [2023-08-21T23:50:36.476+0000] {taskmixin.py:205} WARNING - Dependency <Task(BashOperator): create_entry_group>, delete_entry_group already registered for DAG: example_complex
[2023-08-21T23:50:36.476+0000] {logging_mixin.py:137} INFO - [2023-08-21T23:50:36.476+0000] {taskmixin.py:205} WARNING - Dependency <Task(BashOperator): delete_entry_group>, create_entry_group already registered for DAG: example_complex
[2023-08-21T23:50:36.477+0000] {logging_mixin.py:137} INFO - [2023-08-21T23:50:36.477+0000] {taskmixin.py:205} WARNING - Dependency <Task(BashOperator): create_entry_gcs>, delete_entry already registered for DAG: example_complex
[2023-08-21T23:50:36.477+0000] {logging_mixin.py:137} INFO - [2023-08-21T23:50:36.477+0000] {taskmixin.py:205} WARNING - Dependency <Task(BashOperator): delete_entry>, create_entry_gcs already registered for DAG: example_complex
[2023-08-21T23:50:36.479+0000] {logging_mixin.py:137} INFO - [2023-08-21T23:50:36.478+0000] {taskmixin.py:205} WARNING - Dependency <Task(BashOperator): create_tag>, delete_tag already registered for DAG: example_complex
[2023-08-21T23:50:36.479+0000] {logging_mixin.py:137} INFO - [2023-08-21T23:50:36.479+0000] {taskmixin.py:205} WARNING - Dependency <Task(BashOperator): delete_tag>, create_tag already registered for DAG: example_complex
[2023-08-21T23:50:36.491+0000] {processor.py:753} INFO - DAG(s) dict_keys(['example_complex']) retrieved from /home/airflow/.local/lib/python3.7/site-packages/airflow/example_dags/example_complex.py
[2023-08-21T23:50:36.533+0000] {logging_mixin.py:137} INFO - [2023-08-21T23:50:36.532+0000] {dag.py:2690} INFO - Sync 1 DAGs
[2023-08-21T23:50:36.566+0000] {logging_mixin.py:137} INFO - [2023-08-21T23:50:36.566+0000] {dag.py:3441} INFO - Setting next_dagrun for example_complex to None, run_after=None
[2023-08-21T23:50:36.617+0000] {processor.py:175} INFO - Processing /home/airflow/.local/lib/python3.7/site-packages/airflow/example_dags/example_complex.py took 0.207 seconds
[2023-08-21T23:51:06.666+0000] {processor.py:153} INFO - Started process (PID=250) to work on /home/airflow/.local/lib/python3.7/site-packages/airflow/example_dags/example_complex.py
[2023-08-21T23:51:06.667+0000] {processor.py:743} INFO - Processing file /home/airflow/.local/lib/python3.7/site-packages/airflow/example_dags/example_complex.py for tasks to queue
[2023-08-21T23:51:06.667+0000] {logging_mixin.py:137} INFO - [2023-08-21T23:51:06.667+0000] {dagbag.py:538} INFO - Filling up the DagBag from /home/airflow/.local/lib/python3.7/site-packages/airflow/example_dags/example_complex.py
[2023-08-21T23:51:06.679+0000] {logging_mixin.py:137} INFO - [2023-08-21T23:51:06.679+0000] {taskmixin.py:205} WARNING - Dependency <Task(BashOperator): create_entry_group>, delete_entry_group already registered for DAG: example_complex
[2023-08-21T23:51:06.679+0000] {logging_mixin.py:137} INFO - [2023-08-21T23:51:06.679+0000] {taskmixin.py:205} WARNING - Dependency <Task(BashOperator): delete_entry_group>, create_entry_group already registered for DAG: example_complex
[2023-08-21T23:51:06.680+0000] {logging_mixin.py:137} INFO - [2023-08-21T23:51:06.679+0000] {taskmixin.py:205} WARNING - Dependency <Task(BashOperator): create_entry_gcs>, delete_entry already registered for DAG: example_complex
[2023-08-21T23:51:06.680+0000] {logging_mixin.py:137} INFO - [2023-08-21T23:51:06.680+0000] {taskmixin.py:205} WARNING - Dependency <Task(BashOperator): delete_entry>, create_entry_gcs already registered for DAG: example_complex
[2023-08-21T23:51:06.680+0000] {logging_mixin.py:137} INFO - [2023-08-21T23:51:06.680+0000] {taskmixin.py:205} WARNING - Dependency <Task(BashOperator): create_tag>, delete_tag already registered for DAG: example_complex
[2023-08-21T23:51:06.680+0000] {logging_mixin.py:137} INFO - [2023-08-21T23:51:06.680+0000] {taskmixin.py:205} WARNING - Dependency <Task(BashOperator): delete_tag>, create_tag already registered for DAG: example_complex
[2023-08-21T23:51:06.687+0000] {processor.py:753} INFO - DAG(s) dict_keys(['example_complex']) retrieved from /home/airflow/.local/lib/python3.7/site-packages/airflow/example_dags/example_complex.py
[2023-08-21T23:51:06.724+0000] {logging_mixin.py:137} INFO - [2023-08-21T23:51:06.724+0000] {dag.py:2690} INFO - Sync 1 DAGs
[2023-08-21T23:51:06.759+0000] {logging_mixin.py:137} INFO - [2023-08-21T23:51:06.759+0000] {dag.py:3441} INFO - Setting next_dagrun for example_complex to None, run_after=None
[2023-08-21T23:51:06.848+0000] {processor.py:175} INFO - Processing /home/airflow/.local/lib/python3.7/site-packages/airflow/example_dags/example_complex.py took 0.186 seconds
[2023-08-21T23:51:37.360+0000] {processor.py:153} INFO - Started process (PID=313) to work on /home/airflow/.local/lib/python3.7/site-packages/airflow/example_dags/example_complex.py
[2023-08-21T23:51:37.361+0000] {processor.py:743} INFO - Processing file /home/airflow/.local/lib/python3.7/site-packages/airflow/example_dags/example_complex.py for tasks to queue
[2023-08-21T23:51:37.362+0000] {logging_mixin.py:137} INFO - [2023-08-21T23:51:37.362+0000] {dagbag.py:538} INFO - Filling up the DagBag from /home/airflow/.local/lib/python3.7/site-packages/airflow/example_dags/example_complex.py
[2023-08-21T23:51:37.384+0000] {logging_mixin.py:137} INFO - [2023-08-21T23:51:37.384+0000] {taskmixin.py:205} WARNING - Dependency <Task(BashOperator): create_entry_group>, delete_entry_group already registered for DAG: example_complex
[2023-08-21T23:51:37.385+0000] {logging_mixin.py:137} INFO - [2023-08-21T23:51:37.384+0000] {taskmixin.py:205} WARNING - Dependency <Task(BashOperator): delete_entry_group>, create_entry_group already registered for DAG: example_complex
[2023-08-21T23:51:37.385+0000] {logging_mixin.py:137} INFO - [2023-08-21T23:51:37.385+0000] {taskmixin.py:205} WARNING - Dependency <Task(BashOperator): create_entry_gcs>, delete_entry already registered for DAG: example_complex
[2023-08-21T23:51:37.385+0000] {logging_mixin.py:137} INFO - [2023-08-21T23:51:37.385+0000] {taskmixin.py:205} WARNING - Dependency <Task(BashOperator): delete_entry>, create_entry_gcs already registered for DAG: example_complex
[2023-08-21T23:51:37.386+0000] {logging_mixin.py:137} INFO - [2023-08-21T23:51:37.386+0000] {taskmixin.py:205} WARNING - Dependency <Task(BashOperator): create_tag>, delete_tag already registered for DAG: example_complex
[2023-08-21T23:51:37.386+0000] {logging_mixin.py:137} INFO - [2023-08-21T23:51:37.386+0000] {taskmixin.py:205} WARNING - Dependency <Task(BashOperator): delete_tag>, create_tag already registered for DAG: example_complex
[2023-08-21T23:51:37.399+0000] {processor.py:753} INFO - DAG(s) dict_keys(['example_complex']) retrieved from /home/airflow/.local/lib/python3.7/site-packages/airflow/example_dags/example_complex.py
[2023-08-21T23:51:37.438+0000] {logging_mixin.py:137} INFO - [2023-08-21T23:51:37.438+0000] {dag.py:2690} INFO - Sync 1 DAGs
[2023-08-21T23:51:37.467+0000] {logging_mixin.py:137} INFO - [2023-08-21T23:51:37.467+0000] {dag.py:3441} INFO - Setting next_dagrun for example_complex to None, run_after=None
[2023-08-21T23:51:37.522+0000] {processor.py:175} INFO - Processing /home/airflow/.local/lib/python3.7/site-packages/airflow/example_dags/example_complex.py took 0.167 seconds
[2023-08-21T23:52:07.569+0000] {processor.py:153} INFO - Started process (PID=387) to work on /home/airflow/.local/lib/python3.7/site-packages/airflow/example_dags/example_complex.py
[2023-08-21T23:52:07.570+0000] {processor.py:743} INFO - Processing file /home/airflow/.local/lib/python3.7/site-packages/airflow/example_dags/example_complex.py for tasks to queue
[2023-08-21T23:52:07.570+0000] {logging_mixin.py:137} INFO - [2023-08-21T23:52:07.570+0000] {dagbag.py:538} INFO - Filling up the DagBag from /home/airflow/.local/lib/python3.7/site-packages/airflow/example_dags/example_complex.py
[2023-08-21T23:52:07.581+0000] {logging_mixin.py:137} INFO - [2023-08-21T23:52:07.581+0000] {taskmixin.py:205} WARNING - Dependency <Task(BashOperator): create_entry_group>, delete_entry_group already registered for DAG: example_complex
[2023-08-21T23:52:07.581+0000] {logging_mixin.py:137} INFO - [2023-08-21T23:52:07.581+0000] {taskmixin.py:205} WARNING - Dependency <Task(BashOperator): delete_entry_group>, create_entry_group already registered for DAG: example_complex
[2023-08-21T23:52:07.582+0000] {logging_mixin.py:137} INFO - [2023-08-21T23:52:07.582+0000] {taskmixin.py:205} WARNING - Dependency <Task(BashOperator): create_entry_gcs>, delete_entry already registered for DAG: example_complex
[2023-08-21T23:52:07.582+0000] {logging_mixin.py:137} INFO - [2023-08-21T23:52:07.582+0000] {taskmixin.py:205} WARNING - Dependency <Task(BashOperator): delete_entry>, create_entry_gcs already registered for DAG: example_complex
[2023-08-21T23:52:07.582+0000] {logging_mixin.py:137} INFO - [2023-08-21T23:52:07.582+0000] {taskmixin.py:205} WARNING - Dependency <Task(BashOperator): create_tag>, delete_tag already registered for DAG: example_complex
[2023-08-21T23:52:07.582+0000] {logging_mixin.py:137} INFO - [2023-08-21T23:52:07.582+0000] {taskmixin.py:205} WARNING - Dependency <Task(BashOperator): delete_tag>, create_tag already registered for DAG: example_complex
[2023-08-21T23:52:07.588+0000] {processor.py:753} INFO - DAG(s) dict_keys(['example_complex']) retrieved from /home/airflow/.local/lib/python3.7/site-packages/airflow/example_dags/example_complex.py
[2023-08-21T23:52:07.616+0000] {logging_mixin.py:137} INFO - [2023-08-21T23:52:07.615+0000] {dag.py:2690} INFO - Sync 1 DAGs
[2023-08-21T23:52:07.638+0000] {logging_mixin.py:137} INFO - [2023-08-21T23:52:07.638+0000] {dag.py:3441} INFO - Setting next_dagrun for example_complex to None, run_after=None
[2023-08-21T23:52:07.717+0000] {processor.py:175} INFO - Processing /home/airflow/.local/lib/python3.7/site-packages/airflow/example_dags/example_complex.py took 0.151 seconds
[2023-08-21T23:52:38.380+0000] {processor.py:153} INFO - Started process (PID=450) to work on /home/airflow/.local/lib/python3.7/site-packages/airflow/example_dags/example_complex.py
[2023-08-21T23:52:38.381+0000] {processor.py:743} INFO - Processing file /home/airflow/.local/lib/python3.7/site-packages/airflow/example_dags/example_complex.py for tasks to queue
[2023-08-21T23:52:38.382+0000] {logging_mixin.py:137} INFO - [2023-08-21T23:52:38.382+0000] {dagbag.py:538} INFO - Filling up the DagBag from /home/airflow/.local/lib/python3.7/site-packages/airflow/example_dags/example_complex.py
[2023-08-21T23:52:38.395+0000] {logging_mixin.py:137} INFO - [2023-08-21T23:52:38.395+0000] {taskmixin.py:205} WARNING - Dependency <Task(BashOperator): create_entry_group>, delete_entry_group already registered for DAG: example_complex
[2023-08-21T23:52:38.395+0000] {logging_mixin.py:137} INFO - [2023-08-21T23:52:38.395+0000] {taskmixin.py:205} WARNING - Dependency <Task(BashOperator): delete_entry_group>, create_entry_group already registered for DAG: example_complex
[2023-08-21T23:52:38.396+0000] {logging_mixin.py:137} INFO - [2023-08-21T23:52:38.396+0000] {taskmixin.py:205} WARNING - Dependency <Task(BashOperator): create_entry_gcs>, delete_entry already registered for DAG: example_complex
[2023-08-21T23:52:38.396+0000] {logging_mixin.py:137} INFO - [2023-08-21T23:52:38.396+0000] {taskmixin.py:205} WARNING - Dependency <Task(BashOperator): delete_entry>, create_entry_gcs already registered for DAG: example_complex
[2023-08-21T23:52:38.396+0000] {logging_mixin.py:137} INFO - [2023-08-21T23:52:38.396+0000] {taskmixin.py:205} WARNING - Dependency <Task(BashOperator): create_tag>, delete_tag already registered for DAG: example_complex
[2023-08-21T23:52:38.396+0000] {logging_mixin.py:137} INFO - [2023-08-21T23:52:38.396+0000] {taskmixin.py:205} WARNING - Dependency <Task(BashOperator): delete_tag>, create_tag already registered for DAG: example_complex
[2023-08-21T23:52:38.405+0000] {processor.py:753} INFO - DAG(s) dict_keys(['example_complex']) retrieved from /home/airflow/.local/lib/python3.7/site-packages/airflow/example_dags/example_complex.py
[2023-08-21T23:52:38.440+0000] {logging_mixin.py:137} INFO - [2023-08-21T23:52:38.440+0000] {dag.py:2690} INFO - Sync 1 DAGs
[2023-08-21T23:52:38.469+0000] {logging_mixin.py:137} INFO - [2023-08-21T23:52:38.469+0000] {dag.py:3441} INFO - Setting next_dagrun for example_complex to None, run_after=None
[2023-08-21T23:52:38.523+0000] {processor.py:175} INFO - Processing /home/airflow/.local/lib/python3.7/site-packages/airflow/example_dags/example_complex.py took 0.147 seconds
[2023-08-21T23:53:08.851+0000] {processor.py:153} INFO - Started process (PID=525) to work on /home/airflow/.local/lib/python3.7/site-packages/airflow/example_dags/example_complex.py
[2023-08-21T23:53:08.851+0000] {processor.py:743} INFO - Processing file /home/airflow/.local/lib/python3.7/site-packages/airflow/example_dags/example_complex.py for tasks to queue
[2023-08-21T23:53:08.852+0000] {logging_mixin.py:137} INFO - [2023-08-21T23:53:08.852+0000] {dagbag.py:538} INFO - Filling up the DagBag from /home/airflow/.local/lib/python3.7/site-packages/airflow/example_dags/example_complex.py
[2023-08-21T23:53:08.862+0000] {logging_mixin.py:137} INFO - [2023-08-21T23:53:08.862+0000] {taskmixin.py:205} WARNING - Dependency <Task(BashOperator): create_entry_group>, delete_entry_group already registered for DAG: example_complex
[2023-08-21T23:53:08.863+0000] {logging_mixin.py:137} INFO - [2023-08-21T23:53:08.863+0000] {taskmixin.py:205} WARNING - Dependency <Task(BashOperator): delete_entry_group>, create_entry_group already registered for DAG: example_complex
[2023-08-21T23:53:08.863+0000] {logging_mixin.py:137} INFO - [2023-08-21T23:53:08.863+0000] {taskmixin.py:205} WARNING - Dependency <Task(BashOperator): create_entry_gcs>, delete_entry already registered for DAG: example_complex
[2023-08-21T23:53:08.863+0000] {logging_mixin.py:137} INFO - [2023-08-21T23:53:08.863+0000] {taskmixin.py:205} WARNING - Dependency <Task(BashOperator): delete_entry>, create_entry_gcs already registered for DAG: example_complex
[2023-08-21T23:53:08.863+0000] {logging_mixin.py:137} INFO - [2023-08-21T23:53:08.863+0000] {taskmixin.py:205} WARNING - Dependency <Task(BashOperator): create_tag>, delete_tag already registered for DAG: example_complex
[2023-08-21T23:53:08.864+0000] {logging_mixin.py:137} INFO - [2023-08-21T23:53:08.864+0000] {taskmixin.py:205} WARNING - Dependency <Task(BashOperator): delete_tag>, create_tag already registered for DAG: example_complex
[2023-08-21T23:53:08.871+0000] {processor.py:753} INFO - DAG(s) dict_keys(['example_complex']) retrieved from /home/airflow/.local/lib/python3.7/site-packages/airflow/example_dags/example_complex.py
[2023-08-21T23:53:08.900+0000] {logging_mixin.py:137} INFO - [2023-08-21T23:53:08.900+0000] {dag.py:2690} INFO - Sync 1 DAGs
[2023-08-21T23:53:08.924+0000] {logging_mixin.py:137} INFO - [2023-08-21T23:53:08.924+0000] {dag.py:3441} INFO - Setting next_dagrun for example_complex to None, run_after=None
[2023-08-21T23:53:09.003+0000] {processor.py:175} INFO - Processing /home/airflow/.local/lib/python3.7/site-packages/airflow/example_dags/example_complex.py took 0.157 seconds
[2023-08-21T23:53:39.128+0000] {processor.py:153} INFO - Started process (PID=588) to work on /home/airflow/.local/lib/python3.7/site-packages/airflow/example_dags/example_complex.py
[2023-08-21T23:53:39.129+0000] {processor.py:743} INFO - Processing file /home/airflow/.local/lib/python3.7/site-packages/airflow/example_dags/example_complex.py for tasks to queue
[2023-08-21T23:53:39.130+0000] {logging_mixin.py:137} INFO - [2023-08-21T23:53:39.130+0000] {dagbag.py:538} INFO - Filling up the DagBag from /home/airflow/.local/lib/python3.7/site-packages/airflow/example_dags/example_complex.py
[2023-08-21T23:53:39.142+0000] {logging_mixin.py:137} INFO - [2023-08-21T23:53:39.142+0000] {taskmixin.py:205} WARNING - Dependency <Task(BashOperator): create_entry_group>, delete_entry_group already registered for DAG: example_complex
[2023-08-21T23:53:39.143+0000] {logging_mixin.py:137} INFO - [2023-08-21T23:53:39.142+0000] {taskmixin.py:205} WARNING - Dependency <Task(BashOperator): delete_entry_group>, create_entry_group already registered for DAG: example_complex
[2023-08-21T23:53:39.143+0000] {logging_mixin.py:137} INFO - [2023-08-21T23:53:39.143+0000] {taskmixin.py:205} WARNING - Dependency <Task(BashOperator): create_entry_gcs>, delete_entry already registered for DAG: example_complex
[2023-08-21T23:53:39.143+0000] {logging_mixin.py:137} INFO - [2023-08-21T23:53:39.143+0000] {taskmixin.py:205} WARNING - Dependency <Task(BashOperator): delete_entry>, create_entry_gcs already registered for DAG: example_complex
[2023-08-21T23:53:39.143+0000] {logging_mixin.py:137} INFO - [2023-08-21T23:53:39.143+0000] {taskmixin.py:205} WARNING - Dependency <Task(BashOperator): create_tag>, delete_tag already registered for DAG: example_complex
[2023-08-21T23:53:39.144+0000] {logging_mixin.py:137} INFO - [2023-08-21T23:53:39.143+0000] {taskmixin.py:205} WARNING - Dependency <Task(BashOperator): delete_tag>, create_tag already registered for DAG: example_complex
[2023-08-21T23:53:39.151+0000] {processor.py:753} INFO - DAG(s) dict_keys(['example_complex']) retrieved from /home/airflow/.local/lib/python3.7/site-packages/airflow/example_dags/example_complex.py
[2023-08-21T23:53:39.182+0000] {logging_mixin.py:137} INFO - [2023-08-21T23:53:39.182+0000] {dag.py:2690} INFO - Sync 1 DAGs
[2023-08-21T23:53:39.211+0000] {logging_mixin.py:137} INFO - [2023-08-21T23:53:39.211+0000] {dag.py:3441} INFO - Setting next_dagrun for example_complex to None, run_after=None
[2023-08-21T23:53:39.292+0000] {processor.py:175} INFO - Processing /home/airflow/.local/lib/python3.7/site-packages/airflow/example_dags/example_complex.py took 0.169 seconds
[2023-08-21T23:54:09.834+0000] {processor.py:153} INFO - Started process (PID=663) to work on /home/airflow/.local/lib/python3.7/site-packages/airflow/example_dags/example_complex.py
[2023-08-21T23:54:09.835+0000] {processor.py:743} INFO - Processing file /home/airflow/.local/lib/python3.7/site-packages/airflow/example_dags/example_complex.py for tasks to queue
[2023-08-21T23:54:09.836+0000] {logging_mixin.py:137} INFO - [2023-08-21T23:54:09.835+0000] {dagbag.py:538} INFO - Filling up the DagBag from /home/airflow/.local/lib/python3.7/site-packages/airflow/example_dags/example_complex.py
[2023-08-21T23:54:09.846+0000] {logging_mixin.py:137} INFO - [2023-08-21T23:54:09.846+0000] {taskmixin.py:205} WARNING - Dependency <Task(BashOperator): create_entry_group>, delete_entry_group already registered for DAG: example_complex
[2023-08-21T23:54:09.847+0000] {logging_mixin.py:137} INFO - [2023-08-21T23:54:09.847+0000] {taskmixin.py:205} WARNING - Dependency <Task(BashOperator): delete_entry_group>, create_entry_group already registered for DAG: example_complex
[2023-08-21T23:54:09.847+0000] {logging_mixin.py:137} INFO - [2023-08-21T23:54:09.847+0000] {taskmixin.py:205} WARNING - Dependency <Task(BashOperator): create_entry_gcs>, delete_entry already registered for DAG: example_complex
[2023-08-21T23:54:09.847+0000] {logging_mixin.py:137} INFO - [2023-08-21T23:54:09.847+0000] {taskmixin.py:205} WARNING - Dependency <Task(BashOperator): delete_entry>, create_entry_gcs already registered for DAG: example_complex
[2023-08-21T23:54:09.847+0000] {logging_mixin.py:137} INFO - [2023-08-21T23:54:09.847+0000] {taskmixin.py:205} WARNING - Dependency <Task(BashOperator): create_tag>, delete_tag already registered for DAG: example_complex
[2023-08-21T23:54:09.848+0000] {logging_mixin.py:137} INFO - [2023-08-21T23:54:09.847+0000] {taskmixin.py:205} WARNING - Dependency <Task(BashOperator): delete_tag>, create_tag already registered for DAG: example_complex
[2023-08-21T23:54:09.854+0000] {processor.py:753} INFO - DAG(s) dict_keys(['example_complex']) retrieved from /home/airflow/.local/lib/python3.7/site-packages/airflow/example_dags/example_complex.py
[2023-08-21T23:54:09.886+0000] {logging_mixin.py:137} INFO - [2023-08-21T23:54:09.886+0000] {dag.py:2690} INFO - Sync 1 DAGs
[2023-08-21T23:54:09.912+0000] {logging_mixin.py:137} INFO - [2023-08-21T23:54:09.912+0000] {dag.py:3441} INFO - Setting next_dagrun for example_complex to None, run_after=None
[2023-08-21T23:54:10.007+0000] {processor.py:175} INFO - Processing /home/airflow/.local/lib/python3.7/site-packages/airflow/example_dags/example_complex.py took 0.177 seconds
[2023-08-21T23:54:40.267+0000] {processor.py:153} INFO - Started process (PID=726) to work on /home/airflow/.local/lib/python3.7/site-packages/airflow/example_dags/example_complex.py
[2023-08-21T23:54:40.268+0000] {processor.py:743} INFO - Processing file /home/airflow/.local/lib/python3.7/site-packages/airflow/example_dags/example_complex.py for tasks to queue
[2023-08-21T23:54:40.269+0000] {logging_mixin.py:137} INFO - [2023-08-21T23:54:40.269+0000] {dagbag.py:538} INFO - Filling up the DagBag from /home/airflow/.local/lib/python3.7/site-packages/airflow/example_dags/example_complex.py
[2023-08-21T23:54:40.281+0000] {logging_mixin.py:137} INFO - [2023-08-21T23:54:40.280+0000] {taskmixin.py:205} WARNING - Dependency <Task(BashOperator): create_entry_group>, delete_entry_group already registered for DAG: example_complex
[2023-08-21T23:54:40.281+0000] {logging_mixin.py:137} INFO - [2023-08-21T23:54:40.281+0000] {taskmixin.py:205} WARNING - Dependency <Task(BashOperator): delete_entry_group>, create_entry_group already registered for DAG: example_complex
[2023-08-21T23:54:40.281+0000] {logging_mixin.py:137} INFO - [2023-08-21T23:54:40.281+0000] {taskmixin.py:205} WARNING - Dependency <Task(BashOperator): create_entry_gcs>, delete_entry already registered for DAG: example_complex
[2023-08-21T23:54:40.281+0000] {logging_mixin.py:137} INFO - [2023-08-21T23:54:40.281+0000] {taskmixin.py:205} WARNING - Dependency <Task(BashOperator): delete_entry>, create_entry_gcs already registered for DAG: example_complex
[2023-08-21T23:54:40.282+0000] {logging_mixin.py:137} INFO - [2023-08-21T23:54:40.282+0000] {taskmixin.py:205} WARNING - Dependency <Task(BashOperator): create_tag>, delete_tag already registered for DAG: example_complex
[2023-08-21T23:54:40.282+0000] {logging_mixin.py:137} INFO - [2023-08-21T23:54:40.282+0000] {taskmixin.py:205} WARNING - Dependency <Task(BashOperator): delete_tag>, create_tag already registered for DAG: example_complex
[2023-08-21T23:54:40.288+0000] {processor.py:753} INFO - DAG(s) dict_keys(['example_complex']) retrieved from /home/airflow/.local/lib/python3.7/site-packages/airflow/example_dags/example_complex.py
[2023-08-21T23:54:40.320+0000] {logging_mixin.py:137} INFO - [2023-08-21T23:54:40.320+0000] {dag.py:2690} INFO - Sync 1 DAGs
[2023-08-21T23:54:40.346+0000] {logging_mixin.py:137} INFO - [2023-08-21T23:54:40.345+0000] {dag.py:3441} INFO - Setting next_dagrun for example_complex to None, run_after=None
[2023-08-21T23:54:40.410+0000] {processor.py:175} INFO - Processing /home/airflow/.local/lib/python3.7/site-packages/airflow/example_dags/example_complex.py took 0.148 seconds
[2023-08-21T23:55:10.526+0000] {processor.py:153} INFO - Started process (PID=802) to work on /home/airflow/.local/lib/python3.7/site-packages/airflow/example_dags/example_complex.py
[2023-08-21T23:55:10.527+0000] {processor.py:743} INFO - Processing file /home/airflow/.local/lib/python3.7/site-packages/airflow/example_dags/example_complex.py for tasks to queue
[2023-08-21T23:55:10.528+0000] {logging_mixin.py:137} INFO - [2023-08-21T23:55:10.528+0000] {dagbag.py:538} INFO - Filling up the DagBag from /home/airflow/.local/lib/python3.7/site-packages/airflow/example_dags/example_complex.py
[2023-08-21T23:55:10.539+0000] {logging_mixin.py:137} INFO - [2023-08-21T23:55:10.539+0000] {taskmixin.py:205} WARNING - Dependency <Task(BashOperator): create_entry_group>, delete_entry_group already registered for DAG: example_complex
[2023-08-21T23:55:10.540+0000] {logging_mixin.py:137} INFO - [2023-08-21T23:55:10.540+0000] {taskmixin.py:205} WARNING - Dependency <Task(BashOperator): delete_entry_group>, create_entry_group already registered for DAG: example_complex
[2023-08-21T23:55:10.540+0000] {logging_mixin.py:137} INFO - [2023-08-21T23:55:10.540+0000] {taskmixin.py:205} WARNING - Dependency <Task(BashOperator): create_entry_gcs>, delete_entry already registered for DAG: example_complex
[2023-08-21T23:55:10.540+0000] {logging_mixin.py:137} INFO - [2023-08-21T23:55:10.540+0000] {taskmixin.py:205} WARNING - Dependency <Task(BashOperator): delete_entry>, create_entry_gcs already registered for DAG: example_complex
[2023-08-21T23:55:10.541+0000] {logging_mixin.py:137} INFO - [2023-08-21T23:55:10.541+0000] {taskmixin.py:205} WARNING - Dependency <Task(BashOperator): create_tag>, delete_tag already registered for DAG: example_complex
[2023-08-21T23:55:10.541+0000] {logging_mixin.py:137} INFO - [2023-08-21T23:55:10.541+0000] {taskmixin.py:205} WARNING - Dependency <Task(BashOperator): delete_tag>, create_tag already registered for DAG: example_complex
[2023-08-21T23:55:10.548+0000] {processor.py:753} INFO - DAG(s) dict_keys(['example_complex']) retrieved from /home/airflow/.local/lib/python3.7/site-packages/airflow/example_dags/example_complex.py
[2023-08-21T23:55:10.582+0000] {logging_mixin.py:137} INFO - [2023-08-21T23:55:10.582+0000] {dag.py:2690} INFO - Sync 1 DAGs
[2023-08-21T23:55:10.612+0000] {logging_mixin.py:137} INFO - [2023-08-21T23:55:10.612+0000] {dag.py:3441} INFO - Setting next_dagrun for example_complex to None, run_after=None
[2023-08-21T23:55:10.745+0000] {processor.py:175} INFO - Processing /home/airflow/.local/lib/python3.7/site-packages/airflow/example_dags/example_complex.py took 0.223 seconds
[2023-08-21T23:55:41.112+0000] {processor.py:153} INFO - Started process (PID=866) to work on /home/airflow/.local/lib/python3.7/site-packages/airflow/example_dags/example_complex.py
[2023-08-21T23:55:41.113+0000] {processor.py:743} INFO - Processing file /home/airflow/.local/lib/python3.7/site-packages/airflow/example_dags/example_complex.py for tasks to queue
[2023-08-21T23:55:41.114+0000] {logging_mixin.py:137} INFO - [2023-08-21T23:55:41.114+0000] {dagbag.py:538} INFO - Filling up the DagBag from /home/airflow/.local/lib/python3.7/site-packages/airflow/example_dags/example_complex.py
[2023-08-21T23:55:41.135+0000] {logging_mixin.py:137} INFO - [2023-08-21T23:55:41.134+0000] {taskmixin.py:205} WARNING - Dependency <Task(BashOperator): create_entry_group>, delete_entry_group already registered for DAG: example_complex
[2023-08-21T23:55:41.135+0000] {logging_mixin.py:137} INFO - [2023-08-21T23:55:41.135+0000] {taskmixin.py:205} WARNING - Dependency <Task(BashOperator): delete_entry_group>, create_entry_group already registered for DAG: example_complex
[2023-08-21T23:55:41.135+0000] {logging_mixin.py:137} INFO - [2023-08-21T23:55:41.135+0000] {taskmixin.py:205} WARNING - Dependency <Task(BashOperator): create_entry_gcs>, delete_entry already registered for DAG: example_complex
[2023-08-21T23:55:41.136+0000] {logging_mixin.py:137} INFO - [2023-08-21T23:55:41.136+0000] {taskmixin.py:205} WARNING - Dependency <Task(BashOperator): delete_entry>, create_entry_gcs already registered for DAG: example_complex
[2023-08-21T23:55:41.136+0000] {logging_mixin.py:137} INFO - [2023-08-21T23:55:41.136+0000] {taskmixin.py:205} WARNING - Dependency <Task(BashOperator): create_tag>, delete_tag already registered for DAG: example_complex
[2023-08-21T23:55:41.137+0000] {logging_mixin.py:137} INFO - [2023-08-21T23:55:41.137+0000] {taskmixin.py:205} WARNING - Dependency <Task(BashOperator): delete_tag>, create_tag already registered for DAG: example_complex
[2023-08-21T23:55:41.148+0000] {processor.py:753} INFO - DAG(s) dict_keys(['example_complex']) retrieved from /home/airflow/.local/lib/python3.7/site-packages/airflow/example_dags/example_complex.py
[2023-08-21T23:55:41.193+0000] {logging_mixin.py:137} INFO - [2023-08-21T23:55:41.193+0000] {dag.py:2690} INFO - Sync 1 DAGs
[2023-08-21T23:55:41.228+0000] {logging_mixin.py:137} INFO - [2023-08-21T23:55:41.228+0000] {dag.py:3441} INFO - Setting next_dagrun for example_complex to None, run_after=None
[2023-08-21T23:55:41.312+0000] {processor.py:175} INFO - Processing /home/airflow/.local/lib/python3.7/site-packages/airflow/example_dags/example_complex.py took 0.205 seconds
[2023-08-21T23:56:11.360+0000] {processor.py:153} INFO - Started process (PID=941) to work on /home/airflow/.local/lib/python3.7/site-packages/airflow/example_dags/example_complex.py
[2023-08-21T23:56:11.362+0000] {processor.py:743} INFO - Processing file /home/airflow/.local/lib/python3.7/site-packages/airflow/example_dags/example_complex.py for tasks to queue
[2023-08-21T23:56:11.363+0000] {logging_mixin.py:137} INFO - [2023-08-21T23:56:11.363+0000] {dagbag.py:538} INFO - Filling up the DagBag from /home/airflow/.local/lib/python3.7/site-packages/airflow/example_dags/example_complex.py
[2023-08-21T23:56:11.386+0000] {logging_mixin.py:137} INFO - [2023-08-21T23:56:11.386+0000] {taskmixin.py:205} WARNING - Dependency <Task(BashOperator): create_entry_group>, delete_entry_group already registered for DAG: example_complex
[2023-08-21T23:56:11.386+0000] {logging_mixin.py:137} INFO - [2023-08-21T23:56:11.386+0000] {taskmixin.py:205} WARNING - Dependency <Task(BashOperator): delete_entry_group>, create_entry_group already registered for DAG: example_complex
[2023-08-21T23:56:11.387+0000] {logging_mixin.py:137} INFO - [2023-08-21T23:56:11.387+0000] {taskmixin.py:205} WARNING - Dependency <Task(BashOperator): create_entry_gcs>, delete_entry already registered for DAG: example_complex
[2023-08-21T23:56:11.387+0000] {logging_mixin.py:137} INFO - [2023-08-21T23:56:11.387+0000] {taskmixin.py:205} WARNING - Dependency <Task(BashOperator): delete_entry>, create_entry_gcs already registered for DAG: example_complex
[2023-08-21T23:56:11.388+0000] {logging_mixin.py:137} INFO - [2023-08-21T23:56:11.388+0000] {taskmixin.py:205} WARNING - Dependency <Task(BashOperator): create_tag>, delete_tag already registered for DAG: example_complex
[2023-08-21T23:56:11.388+0000] {logging_mixin.py:137} INFO - [2023-08-21T23:56:11.388+0000] {taskmixin.py:205} WARNING - Dependency <Task(BashOperator): delete_tag>, create_tag already registered for DAG: example_complex
[2023-08-21T23:56:11.402+0000] {processor.py:753} INFO - DAG(s) dict_keys(['example_complex']) retrieved from /home/airflow/.local/lib/python3.7/site-packages/airflow/example_dags/example_complex.py
[2023-08-21T23:56:11.440+0000] {logging_mixin.py:137} INFO - [2023-08-21T23:56:11.439+0000] {dag.py:2690} INFO - Sync 1 DAGs
[2023-08-21T23:56:11.470+0000] {logging_mixin.py:137} INFO - [2023-08-21T23:56:11.470+0000] {dag.py:3441} INFO - Setting next_dagrun for example_complex to None, run_after=None
[2023-08-21T23:56:11.546+0000] {processor.py:175} INFO - Processing /home/airflow/.local/lib/python3.7/site-packages/airflow/example_dags/example_complex.py took 0.192 seconds
[2023-08-21T23:56:41.697+0000] {processor.py:153} INFO - Started process (PID=1005) to work on /home/airflow/.local/lib/python3.7/site-packages/airflow/example_dags/example_complex.py
[2023-08-21T23:56:41.698+0000] {processor.py:743} INFO - Processing file /home/airflow/.local/lib/python3.7/site-packages/airflow/example_dags/example_complex.py for tasks to queue
[2023-08-21T23:56:41.698+0000] {logging_mixin.py:137} INFO - [2023-08-21T23:56:41.698+0000] {dagbag.py:538} INFO - Filling up the DagBag from /home/airflow/.local/lib/python3.7/site-packages/airflow/example_dags/example_complex.py
[2023-08-21T23:56:41.709+0000] {logging_mixin.py:137} INFO - [2023-08-21T23:56:41.709+0000] {taskmixin.py:205} WARNING - Dependency <Task(BashOperator): create_entry_group>, delete_entry_group already registered for DAG: example_complex
[2023-08-21T23:56:41.709+0000] {logging_mixin.py:137} INFO - [2023-08-21T23:56:41.709+0000] {taskmixin.py:205} WARNING - Dependency <Task(BashOperator): delete_entry_group>, create_entry_group already registered for DAG: example_complex
[2023-08-21T23:56:41.710+0000] {logging_mixin.py:137} INFO - [2023-08-21T23:56:41.709+0000] {taskmixin.py:205} WARNING - Dependency <Task(BashOperator): create_entry_gcs>, delete_entry already registered for DAG: example_complex
[2023-08-21T23:56:41.710+0000] {logging_mixin.py:137} INFO - [2023-08-21T23:56:41.710+0000] {taskmixin.py:205} WARNING - Dependency <Task(BashOperator): delete_entry>, create_entry_gcs already registered for DAG: example_complex
[2023-08-21T23:56:41.710+0000] {logging_mixin.py:137} INFO - [2023-08-21T23:56:41.710+0000] {taskmixin.py:205} WARNING - Dependency <Task(BashOperator): create_tag>, delete_tag already registered for DAG: example_complex
[2023-08-21T23:56:41.710+0000] {logging_mixin.py:137} INFO - [2023-08-21T23:56:41.710+0000] {taskmixin.py:205} WARNING - Dependency <Task(BashOperator): delete_tag>, create_tag already registered for DAG: example_complex
[2023-08-21T23:56:41.717+0000] {processor.py:753} INFO - DAG(s) dict_keys(['example_complex']) retrieved from /home/airflow/.local/lib/python3.7/site-packages/airflow/example_dags/example_complex.py
[2023-08-21T23:56:41.749+0000] {logging_mixin.py:137} INFO - [2023-08-21T23:56:41.748+0000] {dag.py:2690} INFO - Sync 1 DAGs
[2023-08-21T23:56:41.772+0000] {logging_mixin.py:137} INFO - [2023-08-21T23:56:41.772+0000] {dag.py:3441} INFO - Setting next_dagrun for example_complex to None, run_after=None
[2023-08-21T23:56:41.821+0000] {processor.py:175} INFO - Processing /home/airflow/.local/lib/python3.7/site-packages/airflow/example_dags/example_complex.py took 0.128 seconds
[2023-08-21T23:57:11.863+0000] {processor.py:153} INFO - Started process (PID=1076) to work on /home/airflow/.local/lib/python3.7/site-packages/airflow/example_dags/example_complex.py
[2023-08-21T23:57:11.864+0000] {processor.py:743} INFO - Processing file /home/airflow/.local/lib/python3.7/site-packages/airflow/example_dags/example_complex.py for tasks to queue
[2023-08-21T23:57:11.865+0000] {logging_mixin.py:137} INFO - [2023-08-21T23:57:11.865+0000] {dagbag.py:538} INFO - Filling up the DagBag from /home/airflow/.local/lib/python3.7/site-packages/airflow/example_dags/example_complex.py
[2023-08-21T23:57:11.878+0000] {logging_mixin.py:137} INFO - [2023-08-21T23:57:11.878+0000] {taskmixin.py:205} WARNING - Dependency <Task(BashOperator): create_entry_group>, delete_entry_group already registered for DAG: example_complex
[2023-08-21T23:57:11.879+0000] {logging_mixin.py:137} INFO - [2023-08-21T23:57:11.879+0000] {taskmixin.py:205} WARNING - Dependency <Task(BashOperator): delete_entry_group>, create_entry_group already registered for DAG: example_complex
[2023-08-21T23:57:11.879+0000] {logging_mixin.py:137} INFO - [2023-08-21T23:57:11.879+0000] {taskmixin.py:205} WARNING - Dependency <Task(BashOperator): create_entry_gcs>, delete_entry already registered for DAG: example_complex
[2023-08-21T23:57:11.879+0000] {logging_mixin.py:137} INFO - [2023-08-21T23:57:11.879+0000] {taskmixin.py:205} WARNING - Dependency <Task(BashOperator): delete_entry>, create_entry_gcs already registered for DAG: example_complex
[2023-08-21T23:57:11.880+0000] {logging_mixin.py:137} INFO - [2023-08-21T23:57:11.880+0000] {taskmixin.py:205} WARNING - Dependency <Task(BashOperator): create_tag>, delete_tag already registered for DAG: example_complex
[2023-08-21T23:57:11.880+0000] {logging_mixin.py:137} INFO - [2023-08-21T23:57:11.880+0000] {taskmixin.py:205} WARNING - Dependency <Task(BashOperator): delete_tag>, create_tag already registered for DAG: example_complex
[2023-08-21T23:57:11.888+0000] {processor.py:753} INFO - DAG(s) dict_keys(['example_complex']) retrieved from /home/airflow/.local/lib/python3.7/site-packages/airflow/example_dags/example_complex.py
[2023-08-21T23:57:11.923+0000] {logging_mixin.py:137} INFO - [2023-08-21T23:57:11.923+0000] {dag.py:2690} INFO - Sync 1 DAGs
[2023-08-21T23:57:11.952+0000] {logging_mixin.py:137} INFO - [2023-08-21T23:57:11.952+0000] {dag.py:3441} INFO - Setting next_dagrun for example_complex to None, run_after=None
[2023-08-21T23:57:12.016+0000] {processor.py:175} INFO - Processing /home/airflow/.local/lib/python3.7/site-packages/airflow/example_dags/example_complex.py took 0.158 seconds
[2023-08-21T23:57:42.092+0000] {processor.py:153} INFO - Started process (PID=1142) to work on /home/airflow/.local/lib/python3.7/site-packages/airflow/example_dags/example_complex.py
[2023-08-21T23:57:42.094+0000] {processor.py:743} INFO - Processing file /home/airflow/.local/lib/python3.7/site-packages/airflow/example_dags/example_complex.py for tasks to queue
[2023-08-21T23:57:42.095+0000] {logging_mixin.py:137} INFO - [2023-08-21T23:57:42.094+0000] {dagbag.py:538} INFO - Filling up the DagBag from /home/airflow/.local/lib/python3.7/site-packages/airflow/example_dags/example_complex.py
[2023-08-21T23:57:42.106+0000] {logging_mixin.py:137} INFO - [2023-08-21T23:57:42.106+0000] {taskmixin.py:205} WARNING - Dependency <Task(BashOperator): create_entry_group>, delete_entry_group already registered for DAG: example_complex
[2023-08-21T23:57:42.107+0000] {logging_mixin.py:137} INFO - [2023-08-21T23:57:42.107+0000] {taskmixin.py:205} WARNING - Dependency <Task(BashOperator): delete_entry_group>, create_entry_group already registered for DAG: example_complex
[2023-08-21T23:57:42.107+0000] {logging_mixin.py:137} INFO - [2023-08-21T23:57:42.107+0000] {taskmixin.py:205} WARNING - Dependency <Task(BashOperator): create_entry_gcs>, delete_entry already registered for DAG: example_complex
[2023-08-21T23:57:42.107+0000] {logging_mixin.py:137} INFO - [2023-08-21T23:57:42.107+0000] {taskmixin.py:205} WARNING - Dependency <Task(BashOperator): delete_entry>, create_entry_gcs already registered for DAG: example_complex
[2023-08-21T23:57:42.108+0000] {logging_mixin.py:137} INFO - [2023-08-21T23:57:42.107+0000] {taskmixin.py:205} WARNING - Dependency <Task(BashOperator): create_tag>, delete_tag already registered for DAG: example_complex
[2023-08-21T23:57:42.108+0000] {logging_mixin.py:137} INFO - [2023-08-21T23:57:42.108+0000] {taskmixin.py:205} WARNING - Dependency <Task(BashOperator): delete_tag>, create_tag already registered for DAG: example_complex
[2023-08-21T23:57:42.114+0000] {processor.py:753} INFO - DAG(s) dict_keys(['example_complex']) retrieved from /home/airflow/.local/lib/python3.7/site-packages/airflow/example_dags/example_complex.py
[2023-08-21T23:57:42.145+0000] {logging_mixin.py:137} INFO - [2023-08-21T23:57:42.145+0000] {dag.py:2690} INFO - Sync 1 DAGs
[2023-08-21T23:57:42.173+0000] {logging_mixin.py:137} INFO - [2023-08-21T23:57:42.173+0000] {dag.py:3441} INFO - Setting next_dagrun for example_complex to None, run_after=None
[2023-08-21T23:57:42.263+0000] {processor.py:175} INFO - Processing /home/airflow/.local/lib/python3.7/site-packages/airflow/example_dags/example_complex.py took 0.175 seconds
[2023-08-21T23:58:12.672+0000] {processor.py:153} INFO - Started process (PID=1204) to work on /home/airflow/.local/lib/python3.7/site-packages/airflow/example_dags/example_complex.py
[2023-08-21T23:58:12.674+0000] {processor.py:743} INFO - Processing file /home/airflow/.local/lib/python3.7/site-packages/airflow/example_dags/example_complex.py for tasks to queue
[2023-08-21T23:58:12.675+0000] {logging_mixin.py:137} INFO - [2023-08-21T23:58:12.675+0000] {dagbag.py:538} INFO - Filling up the DagBag from /home/airflow/.local/lib/python3.7/site-packages/airflow/example_dags/example_complex.py
[2023-08-21T23:58:12.696+0000] {logging_mixin.py:137} INFO - [2023-08-21T23:58:12.695+0000] {taskmixin.py:205} WARNING - Dependency <Task(BashOperator): create_entry_group>, delete_entry_group already registered for DAG: example_complex
[2023-08-21T23:58:12.696+0000] {logging_mixin.py:137} INFO - [2023-08-21T23:58:12.696+0000] {taskmixin.py:205} WARNING - Dependency <Task(BashOperator): delete_entry_group>, create_entry_group already registered for DAG: example_complex
[2023-08-21T23:58:12.696+0000] {logging_mixin.py:137} INFO - [2023-08-21T23:58:12.696+0000] {taskmixin.py:205} WARNING - Dependency <Task(BashOperator): create_entry_gcs>, delete_entry already registered for DAG: example_complex
[2023-08-21T23:58:12.697+0000] {logging_mixin.py:137} INFO - [2023-08-21T23:58:12.697+0000] {taskmixin.py:205} WARNING - Dependency <Task(BashOperator): delete_entry>, create_entry_gcs already registered for DAG: example_complex
[2023-08-21T23:58:12.697+0000] {logging_mixin.py:137} INFO - [2023-08-21T23:58:12.697+0000] {taskmixin.py:205} WARNING - Dependency <Task(BashOperator): create_tag>, delete_tag already registered for DAG: example_complex
[2023-08-21T23:58:12.697+0000] {logging_mixin.py:137} INFO - [2023-08-21T23:58:12.697+0000] {taskmixin.py:205} WARNING - Dependency <Task(BashOperator): delete_tag>, create_tag already registered for DAG: example_complex
[2023-08-21T23:58:12.706+0000] {processor.py:753} INFO - DAG(s) dict_keys(['example_complex']) retrieved from /home/airflow/.local/lib/python3.7/site-packages/airflow/example_dags/example_complex.py
[2023-08-21T23:58:12.740+0000] {logging_mixin.py:137} INFO - [2023-08-21T23:58:12.740+0000] {dag.py:2690} INFO - Sync 1 DAGs
[2023-08-21T23:58:12.769+0000] {logging_mixin.py:137} INFO - [2023-08-21T23:58:12.769+0000] {dag.py:3441} INFO - Setting next_dagrun for example_complex to None, run_after=None
[2023-08-21T23:58:12.825+0000] {processor.py:175} INFO - Processing /home/airflow/.local/lib/python3.7/site-packages/airflow/example_dags/example_complex.py took 0.159 seconds
[2023-08-21T23:58:42.883+0000] {processor.py:153} INFO - Started process (PID=1279) to work on /home/airflow/.local/lib/python3.7/site-packages/airflow/example_dags/example_complex.py
[2023-08-21T23:58:42.884+0000] {processor.py:743} INFO - Processing file /home/airflow/.local/lib/python3.7/site-packages/airflow/example_dags/example_complex.py for tasks to queue
[2023-08-21T23:58:42.885+0000] {logging_mixin.py:137} INFO - [2023-08-21T23:58:42.884+0000] {dagbag.py:538} INFO - Filling up the DagBag from /home/airflow/.local/lib/python3.7/site-packages/airflow/example_dags/example_complex.py
[2023-08-21T23:58:42.896+0000] {logging_mixin.py:137} INFO - [2023-08-21T23:58:42.895+0000] {taskmixin.py:205} WARNING - Dependency <Task(BashOperator): create_entry_group>, delete_entry_group already registered for DAG: example_complex
[2023-08-21T23:58:42.896+0000] {logging_mixin.py:137} INFO - [2023-08-21T23:58:42.896+0000] {taskmixin.py:205} WARNING - Dependency <Task(BashOperator): delete_entry_group>, create_entry_group already registered for DAG: example_complex
[2023-08-21T23:58:42.896+0000] {logging_mixin.py:137} INFO - [2023-08-21T23:58:42.896+0000] {taskmixin.py:205} WARNING - Dependency <Task(BashOperator): create_entry_gcs>, delete_entry already registered for DAG: example_complex
[2023-08-21T23:58:42.897+0000] {logging_mixin.py:137} INFO - [2023-08-21T23:58:42.896+0000] {taskmixin.py:205} WARNING - Dependency <Task(BashOperator): delete_entry>, create_entry_gcs already registered for DAG: example_complex
[2023-08-21T23:58:42.897+0000] {logging_mixin.py:137} INFO - [2023-08-21T23:58:42.897+0000] {taskmixin.py:205} WARNING - Dependency <Task(BashOperator): create_tag>, delete_tag already registered for DAG: example_complex
[2023-08-21T23:58:42.897+0000] {logging_mixin.py:137} INFO - [2023-08-21T23:58:42.897+0000] {taskmixin.py:205} WARNING - Dependency <Task(BashOperator): delete_tag>, create_tag already registered for DAG: example_complex
[2023-08-21T23:58:42.904+0000] {processor.py:753} INFO - DAG(s) dict_keys(['example_complex']) retrieved from /home/airflow/.local/lib/python3.7/site-packages/airflow/example_dags/example_complex.py
[2023-08-21T23:58:42.936+0000] {logging_mixin.py:137} INFO - [2023-08-21T23:58:42.935+0000] {dag.py:2690} INFO - Sync 1 DAGs
[2023-08-21T23:58:42.960+0000] {logging_mixin.py:137} INFO - [2023-08-21T23:58:42.960+0000] {dag.py:3441} INFO - Setting next_dagrun for example_complex to None, run_after=None
[2023-08-21T23:58:43.021+0000] {processor.py:175} INFO - Processing /home/airflow/.local/lib/python3.7/site-packages/airflow/example_dags/example_complex.py took 0.142 seconds
[2023-08-21T23:59:13.149+0000] {processor.py:153} INFO - Started process (PID=1342) to work on /home/airflow/.local/lib/python3.7/site-packages/airflow/example_dags/example_complex.py
[2023-08-21T23:59:13.150+0000] {processor.py:743} INFO - Processing file /home/airflow/.local/lib/python3.7/site-packages/airflow/example_dags/example_complex.py for tasks to queue
[2023-08-21T23:59:13.150+0000] {logging_mixin.py:137} INFO - [2023-08-21T23:59:13.150+0000] {dagbag.py:538} INFO - Filling up the DagBag from /home/airflow/.local/lib/python3.7/site-packages/airflow/example_dags/example_complex.py
[2023-08-21T23:59:13.163+0000] {logging_mixin.py:137} INFO - [2023-08-21T23:59:13.163+0000] {taskmixin.py:205} WARNING - Dependency <Task(BashOperator): create_entry_group>, delete_entry_group already registered for DAG: example_complex
[2023-08-21T23:59:13.163+0000] {logging_mixin.py:137} INFO - [2023-08-21T23:59:13.163+0000] {taskmixin.py:205} WARNING - Dependency <Task(BashOperator): delete_entry_group>, create_entry_group already registered for DAG: example_complex
[2023-08-21T23:59:13.164+0000] {logging_mixin.py:137} INFO - [2023-08-21T23:59:13.164+0000] {taskmixin.py:205} WARNING - Dependency <Task(BashOperator): create_entry_gcs>, delete_entry already registered for DAG: example_complex
[2023-08-21T23:59:13.164+0000] {logging_mixin.py:137} INFO - [2023-08-21T23:59:13.164+0000] {taskmixin.py:205} WARNING - Dependency <Task(BashOperator): delete_entry>, create_entry_gcs already registered for DAG: example_complex
[2023-08-21T23:59:13.165+0000] {logging_mixin.py:137} INFO - [2023-08-21T23:59:13.164+0000] {taskmixin.py:205} WARNING - Dependency <Task(BashOperator): create_tag>, delete_tag already registered for DAG: example_complex
[2023-08-21T23:59:13.165+0000] {logging_mixin.py:137} INFO - [2023-08-21T23:59:13.165+0000] {taskmixin.py:205} WARNING - Dependency <Task(BashOperator): delete_tag>, create_tag already registered for DAG: example_complex
[2023-08-21T23:59:13.172+0000] {processor.py:753} INFO - DAG(s) dict_keys(['example_complex']) retrieved from /home/airflow/.local/lib/python3.7/site-packages/airflow/example_dags/example_complex.py
[2023-08-21T23:59:13.204+0000] {logging_mixin.py:137} INFO - [2023-08-21T23:59:13.204+0000] {dag.py:2690} INFO - Sync 1 DAGs
[2023-08-21T23:59:13.231+0000] {logging_mixin.py:137} INFO - [2023-08-21T23:59:13.231+0000] {dag.py:3441} INFO - Setting next_dagrun for example_complex to None, run_after=None
[2023-08-21T23:59:13.320+0000] {processor.py:175} INFO - Processing /home/airflow/.local/lib/python3.7/site-packages/airflow/example_dags/example_complex.py took 0.175 seconds
[2023-08-21T23:59:43.834+0000] {processor.py:153} INFO - Started process (PID=1417) to work on /home/airflow/.local/lib/python3.7/site-packages/airflow/example_dags/example_complex.py
[2023-08-21T23:59:43.835+0000] {processor.py:743} INFO - Processing file /home/airflow/.local/lib/python3.7/site-packages/airflow/example_dags/example_complex.py for tasks to queue
[2023-08-21T23:59:43.836+0000] {logging_mixin.py:137} INFO - [2023-08-21T23:59:43.835+0000] {dagbag.py:538} INFO - Filling up the DagBag from /home/airflow/.local/lib/python3.7/site-packages/airflow/example_dags/example_complex.py
[2023-08-21T23:59:43.848+0000] {logging_mixin.py:137} INFO - [2023-08-21T23:59:43.848+0000] {taskmixin.py:205} WARNING - Dependency <Task(BashOperator): create_entry_group>, delete_entry_group already registered for DAG: example_complex
[2023-08-21T23:59:43.848+0000] {logging_mixin.py:137} INFO - [2023-08-21T23:59:43.848+0000] {taskmixin.py:205} WARNING - Dependency <Task(BashOperator): delete_entry_group>, create_entry_group already registered for DAG: example_complex
[2023-08-21T23:59:43.849+0000] {logging_mixin.py:137} INFO - [2023-08-21T23:59:43.849+0000] {taskmixin.py:205} WARNING - Dependency <Task(BashOperator): create_entry_gcs>, delete_entry already registered for DAG: example_complex
[2023-08-21T23:59:43.849+0000] {logging_mixin.py:137} INFO - [2023-08-21T23:59:43.849+0000] {taskmixin.py:205} WARNING - Dependency <Task(BashOperator): delete_entry>, create_entry_gcs already registered for DAG: example_complex
[2023-08-21T23:59:43.849+0000] {logging_mixin.py:137} INFO - [2023-08-21T23:59:43.849+0000] {taskmixin.py:205} WARNING - Dependency <Task(BashOperator): create_tag>, delete_tag already registered for DAG: example_complex
[2023-08-21T23:59:43.850+0000] {logging_mixin.py:137} INFO - [2023-08-21T23:59:43.850+0000] {taskmixin.py:205} WARNING - Dependency <Task(BashOperator): delete_tag>, create_tag already registered for DAG: example_complex
[2023-08-21T23:59:43.856+0000] {processor.py:753} INFO - DAG(s) dict_keys(['example_complex']) retrieved from /home/airflow/.local/lib/python3.7/site-packages/airflow/example_dags/example_complex.py
[2023-08-21T23:59:43.889+0000] {logging_mixin.py:137} INFO - [2023-08-21T23:59:43.889+0000] {dag.py:2690} INFO - Sync 1 DAGs
[2023-08-21T23:59:43.919+0000] {logging_mixin.py:137} INFO - [2023-08-21T23:59:43.919+0000] {dag.py:3441} INFO - Setting next_dagrun for example_complex to None, run_after=None
[2023-08-21T23:59:43.987+0000] {processor.py:175} INFO - Processing /home/airflow/.local/lib/python3.7/site-packages/airflow/example_dags/example_complex.py took 0.157 seconds
