[2023-08-21T23:49:40.626+0000] {processor.py:153} INFO - Started process (PID=65) to work on /home/airflow/.local/lib/python3.7/site-packages/airflow/example_dags/example_skip_dag.py
[2023-08-21T23:49:40.627+0000] {processor.py:743} INFO - Processing file /home/airflow/.local/lib/python3.7/site-packages/airflow/example_dags/example_skip_dag.py for tasks to queue
[2023-08-21T23:49:40.628+0000] {logging_mixin.py:137} INFO - [2023-08-21T23:49:40.628+0000] {dagbag.py:538} INFO - Filling up the DagBag from /home/airflow/.local/lib/python3.7/site-packages/airflow/example_dags/example_skip_dag.py
[2023-08-21T23:49:40.645+0000] {processor.py:753} INFO - DAG(s) dict_keys(['example_skip_dag']) retrieved from /home/airflow/.local/lib/python3.7/site-packages/airflow/example_dags/example_skip_dag.py
[2023-08-21T23:49:41.123+0000] {logging_mixin.py:137} INFO - [2023-08-21T23:49:41.123+0000] {manager.py:504} INFO - Created Permission View: can edit on DAG:example_skip_dag
[2023-08-21T23:49:41.172+0000] {logging_mixin.py:137} INFO - [2023-08-21T23:49:41.172+0000] {manager.py:504} INFO - Created Permission View: can read on DAG:example_skip_dag
[2023-08-21T23:49:41.221+0000] {logging_mixin.py:137} INFO - [2023-08-21T23:49:41.221+0000] {manager.py:504} INFO - Created Permission View: can delete on DAG:example_skip_dag
[2023-08-21T23:49:41.222+0000] {logging_mixin.py:137} INFO - [2023-08-21T23:49:41.222+0000] {dag.py:2690} INFO - Sync 1 DAGs
[2023-08-21T23:49:41.235+0000] {logging_mixin.py:137} INFO - [2023-08-21T23:49:41.234+0000] {dag.py:2711} INFO - Creating ORM DAG for example_skip_dag
[2023-08-21T23:49:41.246+0000] {logging_mixin.py:137} INFO - [2023-08-21T23:49:41.246+0000] {dag.py:3441} INFO - Setting next_dagrun for example_skip_dag to 2023-08-20T23:49:41.246111+00:00, run_after=2023-08-21T23:49:41.246111+00:00
[2023-08-21T23:49:41.291+0000] {processor.py:175} INFO - Processing /home/airflow/.local/lib/python3.7/site-packages/airflow/example_dags/example_skip_dag.py took 0.668 seconds
[2023-08-21T23:50:12.281+0000] {processor.py:153} INFO - Started process (PID=141) to work on /home/airflow/.local/lib/python3.7/site-packages/airflow/example_dags/example_skip_dag.py
[2023-08-21T23:50:12.283+0000] {processor.py:743} INFO - Processing file /home/airflow/.local/lib/python3.7/site-packages/airflow/example_dags/example_skip_dag.py for tasks to queue
[2023-08-21T23:50:12.284+0000] {logging_mixin.py:137} INFO - [2023-08-21T23:50:12.284+0000] {dagbag.py:538} INFO - Filling up the DagBag from /home/airflow/.local/lib/python3.7/site-packages/airflow/example_dags/example_skip_dag.py
[2023-08-21T23:50:12.313+0000] {processor.py:753} INFO - DAG(s) dict_keys(['example_skip_dag']) retrieved from /home/airflow/.local/lib/python3.7/site-packages/airflow/example_dags/example_skip_dag.py
[2023-08-21T23:50:12.361+0000] {logging_mixin.py:137} INFO - [2023-08-21T23:50:12.361+0000] {dag.py:2690} INFO - Sync 1 DAGs
[2023-08-21T23:50:12.402+0000] {logging_mixin.py:137} INFO - [2023-08-21T23:50:12.402+0000] {dag.py:3441} INFO - Setting next_dagrun for example_skip_dag to 2023-08-20T23:50:12.401656+00:00, run_after=2023-08-21T23:50:12.401656+00:00
[2023-08-21T23:50:12.453+0000] {processor.py:175} INFO - Processing /home/airflow/.local/lib/python3.7/site-packages/airflow/example_dags/example_skip_dag.py took 0.186 seconds
[2023-08-21T23:50:42.702+0000] {processor.py:153} INFO - Started process (PID=204) to work on /home/airflow/.local/lib/python3.7/site-packages/airflow/example_dags/example_skip_dag.py
[2023-08-21T23:50:42.703+0000] {processor.py:743} INFO - Processing file /home/airflow/.local/lib/python3.7/site-packages/airflow/example_dags/example_skip_dag.py for tasks to queue
[2023-08-21T23:50:42.704+0000] {logging_mixin.py:137} INFO - [2023-08-21T23:50:42.704+0000] {dagbag.py:538} INFO - Filling up the DagBag from /home/airflow/.local/lib/python3.7/site-packages/airflow/example_dags/example_skip_dag.py
[2023-08-21T23:50:42.718+0000] {processor.py:753} INFO - DAG(s) dict_keys(['example_skip_dag']) retrieved from /home/airflow/.local/lib/python3.7/site-packages/airflow/example_dags/example_skip_dag.py
[2023-08-21T23:50:42.744+0000] {logging_mixin.py:137} INFO - [2023-08-21T23:50:42.744+0000] {dag.py:2690} INFO - Sync 1 DAGs
[2023-08-21T23:50:42.770+0000] {logging_mixin.py:137} INFO - [2023-08-21T23:50:42.769+0000] {dag.py:3441} INFO - Setting next_dagrun for example_skip_dag to 2023-08-20T23:50:42.769709+00:00, run_after=2023-08-21T23:50:42.769709+00:00
[2023-08-21T23:50:42.813+0000] {processor.py:175} INFO - Processing /home/airflow/.local/lib/python3.7/site-packages/airflow/example_dags/example_skip_dag.py took 0.115 seconds
[2023-08-21T23:51:13.118+0000] {processor.py:153} INFO - Started process (PID=266) to work on /home/airflow/.local/lib/python3.7/site-packages/airflow/example_dags/example_skip_dag.py
[2023-08-21T23:51:13.119+0000] {processor.py:743} INFO - Processing file /home/airflow/.local/lib/python3.7/site-packages/airflow/example_dags/example_skip_dag.py for tasks to queue
[2023-08-21T23:51:13.120+0000] {logging_mixin.py:137} INFO - [2023-08-21T23:51:13.120+0000] {dagbag.py:538} INFO - Filling up the DagBag from /home/airflow/.local/lib/python3.7/site-packages/airflow/example_dags/example_skip_dag.py
[2023-08-21T23:51:13.139+0000] {processor.py:753} INFO - DAG(s) dict_keys(['example_skip_dag']) retrieved from /home/airflow/.local/lib/python3.7/site-packages/airflow/example_dags/example_skip_dag.py
[2023-08-21T23:51:13.175+0000] {logging_mixin.py:137} INFO - [2023-08-21T23:51:13.175+0000] {dag.py:2690} INFO - Sync 1 DAGs
[2023-08-21T23:51:13.210+0000] {logging_mixin.py:137} INFO - [2023-08-21T23:51:13.210+0000] {dag.py:3441} INFO - Setting next_dagrun for example_skip_dag to 2023-08-20T23:51:13.210421+00:00, run_after=2023-08-21T23:51:13.210421+00:00
[2023-08-21T23:51:13.286+0000] {processor.py:175} INFO - Processing /home/airflow/.local/lib/python3.7/site-packages/airflow/example_dags/example_skip_dag.py took 0.172 seconds
[2023-08-21T23:51:43.678+0000] {processor.py:153} INFO - Started process (PID=340) to work on /home/airflow/.local/lib/python3.7/site-packages/airflow/example_dags/example_skip_dag.py
[2023-08-21T23:51:43.679+0000] {processor.py:743} INFO - Processing file /home/airflow/.local/lib/python3.7/site-packages/airflow/example_dags/example_skip_dag.py for tasks to queue
[2023-08-21T23:51:43.680+0000] {logging_mixin.py:137} INFO - [2023-08-21T23:51:43.680+0000] {dagbag.py:538} INFO - Filling up the DagBag from /home/airflow/.local/lib/python3.7/site-packages/airflow/example_dags/example_skip_dag.py
[2023-08-21T23:51:43.695+0000] {processor.py:753} INFO - DAG(s) dict_keys(['example_skip_dag']) retrieved from /home/airflow/.local/lib/python3.7/site-packages/airflow/example_dags/example_skip_dag.py
[2023-08-21T23:51:43.717+0000] {logging_mixin.py:137} INFO - [2023-08-21T23:51:43.717+0000] {dag.py:2690} INFO - Sync 1 DAGs
[2023-08-21T23:51:43.741+0000] {logging_mixin.py:137} INFO - [2023-08-21T23:51:43.741+0000] {dag.py:3441} INFO - Setting next_dagrun for example_skip_dag to 2023-08-20T23:51:43.740950+00:00, run_after=2023-08-21T23:51:43.740950+00:00
[2023-08-21T23:51:43.807+0000] {processor.py:175} INFO - Processing /home/airflow/.local/lib/python3.7/site-packages/airflow/example_dags/example_skip_dag.py took 0.131 seconds
[2023-08-21T23:52:13.964+0000] {processor.py:153} INFO - Started process (PID=403) to work on /home/airflow/.local/lib/python3.7/site-packages/airflow/example_dags/example_skip_dag.py
[2023-08-21T23:52:13.974+0000] {processor.py:743} INFO - Processing file /home/airflow/.local/lib/python3.7/site-packages/airflow/example_dags/example_skip_dag.py for tasks to queue
[2023-08-21T23:52:13.978+0000] {logging_mixin.py:137} INFO - [2023-08-21T23:52:13.978+0000] {dagbag.py:538} INFO - Filling up the DagBag from /home/airflow/.local/lib/python3.7/site-packages/airflow/example_dags/example_skip_dag.py
[2023-08-21T23:52:14.008+0000] {processor.py:753} INFO - DAG(s) dict_keys(['example_skip_dag']) retrieved from /home/airflow/.local/lib/python3.7/site-packages/airflow/example_dags/example_skip_dag.py
[2023-08-21T23:52:14.093+0000] {logging_mixin.py:137} INFO - [2023-08-21T23:52:14.093+0000] {dag.py:2690} INFO - Sync 1 DAGs
[2023-08-21T23:52:14.241+0000] {logging_mixin.py:137} INFO - [2023-08-21T23:52:14.241+0000] {dag.py:3441} INFO - Setting next_dagrun for example_skip_dag to 2023-08-20T23:52:14.240674+00:00, run_after=2023-08-21T23:52:14.240674+00:00
[2023-08-21T23:52:14.376+0000] {processor.py:175} INFO - Processing /home/airflow/.local/lib/python3.7/site-packages/airflow/example_dags/example_skip_dag.py took 0.423 seconds
[2023-08-21T23:52:44.843+0000] {processor.py:153} INFO - Started process (PID=477) to work on /home/airflow/.local/lib/python3.7/site-packages/airflow/example_dags/example_skip_dag.py
[2023-08-21T23:52:44.844+0000] {processor.py:743} INFO - Processing file /home/airflow/.local/lib/python3.7/site-packages/airflow/example_dags/example_skip_dag.py for tasks to queue
[2023-08-21T23:52:44.845+0000] {logging_mixin.py:137} INFO - [2023-08-21T23:52:44.845+0000] {dagbag.py:538} INFO - Filling up the DagBag from /home/airflow/.local/lib/python3.7/site-packages/airflow/example_dags/example_skip_dag.py
[2023-08-21T23:52:44.863+0000] {processor.py:753} INFO - DAG(s) dict_keys(['example_skip_dag']) retrieved from /home/airflow/.local/lib/python3.7/site-packages/airflow/example_dags/example_skip_dag.py
[2023-08-21T23:52:44.906+0000] {logging_mixin.py:137} INFO - [2023-08-21T23:52:44.906+0000] {dag.py:2690} INFO - Sync 1 DAGs
[2023-08-21T23:52:44.948+0000] {logging_mixin.py:137} INFO - [2023-08-21T23:52:44.947+0000] {dag.py:3441} INFO - Setting next_dagrun for example_skip_dag to 2023-08-20T23:52:44.947602+00:00, run_after=2023-08-21T23:52:44.947602+00:00
[2023-08-21T23:52:45.040+0000] {processor.py:175} INFO - Processing /home/airflow/.local/lib/python3.7/site-packages/airflow/example_dags/example_skip_dag.py took 0.203 seconds
[2023-08-21T23:53:15.114+0000] {processor.py:153} INFO - Started process (PID=541) to work on /home/airflow/.local/lib/python3.7/site-packages/airflow/example_dags/example_skip_dag.py
[2023-08-21T23:53:15.116+0000] {processor.py:743} INFO - Processing file /home/airflow/.local/lib/python3.7/site-packages/airflow/example_dags/example_skip_dag.py for tasks to queue
[2023-08-21T23:53:15.116+0000] {logging_mixin.py:137} INFO - [2023-08-21T23:53:15.116+0000] {dagbag.py:538} INFO - Filling up the DagBag from /home/airflow/.local/lib/python3.7/site-packages/airflow/example_dags/example_skip_dag.py
[2023-08-21T23:53:15.133+0000] {processor.py:753} INFO - DAG(s) dict_keys(['example_skip_dag']) retrieved from /home/airflow/.local/lib/python3.7/site-packages/airflow/example_dags/example_skip_dag.py
[2023-08-21T23:53:15.175+0000] {logging_mixin.py:137} INFO - [2023-08-21T23:53:15.175+0000] {dag.py:2690} INFO - Sync 1 DAGs
[2023-08-21T23:53:15.223+0000] {logging_mixin.py:137} INFO - [2023-08-21T23:53:15.223+0000] {dag.py:3441} INFO - Setting next_dagrun for example_skip_dag to 2023-08-20T23:53:15.223045+00:00, run_after=2023-08-21T23:53:15.223045+00:00
[2023-08-21T23:53:15.279+0000] {processor.py:175} INFO - Processing /home/airflow/.local/lib/python3.7/site-packages/airflow/example_dags/example_skip_dag.py took 0.169 seconds
[2023-08-21T23:53:45.429+0000] {processor.py:153} INFO - Started process (PID=615) to work on /home/airflow/.local/lib/python3.7/site-packages/airflow/example_dags/example_skip_dag.py
[2023-08-21T23:53:45.430+0000] {processor.py:743} INFO - Processing file /home/airflow/.local/lib/python3.7/site-packages/airflow/example_dags/example_skip_dag.py for tasks to queue
[2023-08-21T23:53:45.431+0000] {logging_mixin.py:137} INFO - [2023-08-21T23:53:45.431+0000] {dagbag.py:538} INFO - Filling up the DagBag from /home/airflow/.local/lib/python3.7/site-packages/airflow/example_dags/example_skip_dag.py
[2023-08-21T23:53:45.453+0000] {processor.py:753} INFO - DAG(s) dict_keys(['example_skip_dag']) retrieved from /home/airflow/.local/lib/python3.7/site-packages/airflow/example_dags/example_skip_dag.py
[2023-08-21T23:53:45.481+0000] {logging_mixin.py:137} INFO - [2023-08-21T23:53:45.480+0000] {dag.py:2690} INFO - Sync 1 DAGs
[2023-08-21T23:53:45.507+0000] {logging_mixin.py:137} INFO - [2023-08-21T23:53:45.507+0000] {dag.py:3441} INFO - Setting next_dagrun for example_skip_dag to 2023-08-20T23:53:45.506699+00:00, run_after=2023-08-21T23:53:45.506699+00:00
[2023-08-21T23:53:45.548+0000] {processor.py:175} INFO - Processing /home/airflow/.local/lib/python3.7/site-packages/airflow/example_dags/example_skip_dag.py took 0.124 seconds
[2023-08-21T23:54:15.969+0000] {processor.py:153} INFO - Started process (PID=679) to work on /home/airflow/.local/lib/python3.7/site-packages/airflow/example_dags/example_skip_dag.py
[2023-08-21T23:54:15.970+0000] {processor.py:743} INFO - Processing file /home/airflow/.local/lib/python3.7/site-packages/airflow/example_dags/example_skip_dag.py for tasks to queue
[2023-08-21T23:54:15.971+0000] {logging_mixin.py:137} INFO - [2023-08-21T23:54:15.971+0000] {dagbag.py:538} INFO - Filling up the DagBag from /home/airflow/.local/lib/python3.7/site-packages/airflow/example_dags/example_skip_dag.py
[2023-08-21T23:54:15.987+0000] {processor.py:753} INFO - DAG(s) dict_keys(['example_skip_dag']) retrieved from /home/airflow/.local/lib/python3.7/site-packages/airflow/example_dags/example_skip_dag.py
[2023-08-21T23:54:16.015+0000] {logging_mixin.py:137} INFO - [2023-08-21T23:54:16.015+0000] {dag.py:2690} INFO - Sync 1 DAGs
[2023-08-21T23:54:16.045+0000] {logging_mixin.py:137} INFO - [2023-08-21T23:54:16.045+0000] {dag.py:3441} INFO - Setting next_dagrun for example_skip_dag to 2023-08-20T23:54:16.044772+00:00, run_after=2023-08-21T23:54:16.044772+00:00
[2023-08-21T23:54:16.107+0000] {processor.py:175} INFO - Processing /home/airflow/.local/lib/python3.7/site-packages/airflow/example_dags/example_skip_dag.py took 0.142 seconds
[2023-08-21T23:54:46.640+0000] {processor.py:153} INFO - Started process (PID=754) to work on /home/airflow/.local/lib/python3.7/site-packages/airflow/example_dags/example_skip_dag.py
[2023-08-21T23:54:46.641+0000] {processor.py:743} INFO - Processing file /home/airflow/.local/lib/python3.7/site-packages/airflow/example_dags/example_skip_dag.py for tasks to queue
[2023-08-21T23:54:46.642+0000] {logging_mixin.py:137} INFO - [2023-08-21T23:54:46.642+0000] {dagbag.py:538} INFO - Filling up the DagBag from /home/airflow/.local/lib/python3.7/site-packages/airflow/example_dags/example_skip_dag.py
[2023-08-21T23:54:46.663+0000] {processor.py:753} INFO - DAG(s) dict_keys(['example_skip_dag']) retrieved from /home/airflow/.local/lib/python3.7/site-packages/airflow/example_dags/example_skip_dag.py
[2023-08-21T23:54:46.689+0000] {logging_mixin.py:137} INFO - [2023-08-21T23:54:46.689+0000] {dag.py:2690} INFO - Sync 1 DAGs
[2023-08-21T23:54:46.715+0000] {logging_mixin.py:137} INFO - [2023-08-21T23:54:46.715+0000] {dag.py:3441} INFO - Setting next_dagrun for example_skip_dag to 2023-08-20T23:54:46.715277+00:00, run_after=2023-08-21T23:54:46.715277+00:00
[2023-08-21T23:54:46.773+0000] {processor.py:175} INFO - Processing /home/airflow/.local/lib/python3.7/site-packages/airflow/example_dags/example_skip_dag.py took 0.137 seconds
[2023-08-21T23:55:16.968+0000] {processor.py:153} INFO - Started process (PID=818) to work on /home/airflow/.local/lib/python3.7/site-packages/airflow/example_dags/example_skip_dag.py
[2023-08-21T23:55:16.969+0000] {processor.py:743} INFO - Processing file /home/airflow/.local/lib/python3.7/site-packages/airflow/example_dags/example_skip_dag.py for tasks to queue
[2023-08-21T23:55:16.970+0000] {logging_mixin.py:137} INFO - [2023-08-21T23:55:16.970+0000] {dagbag.py:538} INFO - Filling up the DagBag from /home/airflow/.local/lib/python3.7/site-packages/airflow/example_dags/example_skip_dag.py
[2023-08-21T23:55:16.984+0000] {processor.py:753} INFO - DAG(s) dict_keys(['example_skip_dag']) retrieved from /home/airflow/.local/lib/python3.7/site-packages/airflow/example_dags/example_skip_dag.py
[2023-08-21T23:55:17.010+0000] {logging_mixin.py:137} INFO - [2023-08-21T23:55:17.010+0000] {dag.py:2690} INFO - Sync 1 DAGs
[2023-08-21T23:55:17.037+0000] {logging_mixin.py:137} INFO - [2023-08-21T23:55:17.036+0000] {dag.py:3441} INFO - Setting next_dagrun for example_skip_dag to 2023-08-20T23:55:17.036607+00:00, run_after=2023-08-21T23:55:17.036607+00:00
[2023-08-21T23:55:17.096+0000] {processor.py:175} INFO - Processing /home/airflow/.local/lib/python3.7/site-packages/airflow/example_dags/example_skip_dag.py took 0.132 seconds
[2023-08-21T23:55:47.461+0000] {processor.py:153} INFO - Started process (PID=894) to work on /home/airflow/.local/lib/python3.7/site-packages/airflow/example_dags/example_skip_dag.py
[2023-08-21T23:55:47.462+0000] {processor.py:743} INFO - Processing file /home/airflow/.local/lib/python3.7/site-packages/airflow/example_dags/example_skip_dag.py for tasks to queue
[2023-08-21T23:55:47.463+0000] {logging_mixin.py:137} INFO - [2023-08-21T23:55:47.463+0000] {dagbag.py:538} INFO - Filling up the DagBag from /home/airflow/.local/lib/python3.7/site-packages/airflow/example_dags/example_skip_dag.py
[2023-08-21T23:55:47.482+0000] {processor.py:753} INFO - DAG(s) dict_keys(['example_skip_dag']) retrieved from /home/airflow/.local/lib/python3.7/site-packages/airflow/example_dags/example_skip_dag.py
[2023-08-21T23:55:47.515+0000] {logging_mixin.py:137} INFO - [2023-08-21T23:55:47.515+0000] {dag.py:2690} INFO - Sync 1 DAGs
[2023-08-21T23:55:47.548+0000] {logging_mixin.py:137} INFO - [2023-08-21T23:55:47.547+0000] {dag.py:3441} INFO - Setting next_dagrun for example_skip_dag to 2023-08-20T23:55:47.547693+00:00, run_after=2023-08-21T23:55:47.547693+00:00
[2023-08-21T23:55:47.632+0000] {processor.py:175} INFO - Processing /home/airflow/.local/lib/python3.7/site-packages/airflow/example_dags/example_skip_dag.py took 0.175 seconds
[2023-08-21T23:56:17.676+0000] {processor.py:153} INFO - Started process (PID=957) to work on /home/airflow/.local/lib/python3.7/site-packages/airflow/example_dags/example_skip_dag.py
[2023-08-21T23:56:17.677+0000] {processor.py:743} INFO - Processing file /home/airflow/.local/lib/python3.7/site-packages/airflow/example_dags/example_skip_dag.py for tasks to queue
[2023-08-21T23:56:17.678+0000] {logging_mixin.py:137} INFO - [2023-08-21T23:56:17.678+0000] {dagbag.py:538} INFO - Filling up the DagBag from /home/airflow/.local/lib/python3.7/site-packages/airflow/example_dags/example_skip_dag.py
[2023-08-21T23:56:17.696+0000] {processor.py:753} INFO - DAG(s) dict_keys(['example_skip_dag']) retrieved from /home/airflow/.local/lib/python3.7/site-packages/airflow/example_dags/example_skip_dag.py
[2023-08-21T23:56:17.725+0000] {logging_mixin.py:137} INFO - [2023-08-21T23:56:17.725+0000] {dag.py:2690} INFO - Sync 1 DAGs
[2023-08-21T23:56:17.756+0000] {logging_mixin.py:137} INFO - [2023-08-21T23:56:17.756+0000] {dag.py:3441} INFO - Setting next_dagrun for example_skip_dag to 2023-08-20T23:56:17.755737+00:00, run_after=2023-08-21T23:56:17.755737+00:00
[2023-08-21T23:56:17.822+0000] {processor.py:175} INFO - Processing /home/airflow/.local/lib/python3.7/site-packages/airflow/example_dags/example_skip_dag.py took 0.149 seconds
[2023-08-21T23:56:47.904+0000] {processor.py:153} INFO - Started process (PID=1032) to work on /home/airflow/.local/lib/python3.7/site-packages/airflow/example_dags/example_skip_dag.py
[2023-08-21T23:56:47.910+0000] {processor.py:743} INFO - Processing file /home/airflow/.local/lib/python3.7/site-packages/airflow/example_dags/example_skip_dag.py for tasks to queue
[2023-08-21T23:56:47.912+0000] {logging_mixin.py:137} INFO - [2023-08-21T23:56:47.912+0000] {dagbag.py:538} INFO - Filling up the DagBag from /home/airflow/.local/lib/python3.7/site-packages/airflow/example_dags/example_skip_dag.py
[2023-08-21T23:56:47.946+0000] {processor.py:753} INFO - DAG(s) dict_keys(['example_skip_dag']) retrieved from /home/airflow/.local/lib/python3.7/site-packages/airflow/example_dags/example_skip_dag.py
[2023-08-21T23:56:47.980+0000] {logging_mixin.py:137} INFO - [2023-08-21T23:56:47.980+0000] {dag.py:2690} INFO - Sync 1 DAGs
[2023-08-21T23:56:48.008+0000] {logging_mixin.py:137} INFO - [2023-08-21T23:56:48.008+0000] {dag.py:3441} INFO - Setting next_dagrun for example_skip_dag to 2023-08-20T23:56:48.008511+00:00, run_after=2023-08-21T23:56:48.008511+00:00
[2023-08-21T23:56:48.056+0000] {processor.py:175} INFO - Processing /home/airflow/.local/lib/python3.7/site-packages/airflow/example_dags/example_skip_dag.py took 0.157 seconds
[2023-08-21T23:57:18.140+0000] {processor.py:153} INFO - Started process (PID=1095) to work on /home/airflow/.local/lib/python3.7/site-packages/airflow/example_dags/example_skip_dag.py
[2023-08-21T23:57:18.141+0000] {processor.py:743} INFO - Processing file /home/airflow/.local/lib/python3.7/site-packages/airflow/example_dags/example_skip_dag.py for tasks to queue
[2023-08-21T23:57:18.142+0000] {logging_mixin.py:137} INFO - [2023-08-21T23:57:18.142+0000] {dagbag.py:538} INFO - Filling up the DagBag from /home/airflow/.local/lib/python3.7/site-packages/airflow/example_dags/example_skip_dag.py
[2023-08-21T23:57:18.158+0000] {processor.py:753} INFO - DAG(s) dict_keys(['example_skip_dag']) retrieved from /home/airflow/.local/lib/python3.7/site-packages/airflow/example_dags/example_skip_dag.py
[2023-08-21T23:57:18.193+0000] {logging_mixin.py:137} INFO - [2023-08-21T23:57:18.193+0000] {dag.py:2690} INFO - Sync 1 DAGs
[2023-08-21T23:57:18.227+0000] {logging_mixin.py:137} INFO - [2023-08-21T23:57:18.227+0000] {dag.py:3441} INFO - Setting next_dagrun for example_skip_dag to 2023-08-20T23:57:18.227146+00:00, run_after=2023-08-21T23:57:18.227146+00:00
[2023-08-21T23:57:18.283+0000] {processor.py:175} INFO - Processing /home/airflow/.local/lib/python3.7/site-packages/airflow/example_dags/example_skip_dag.py took 0.146 seconds
[2023-08-21T23:57:48.482+0000] {processor.py:153} INFO - Started process (PID=1158) to work on /home/airflow/.local/lib/python3.7/site-packages/airflow/example_dags/example_skip_dag.py
[2023-08-21T23:57:48.483+0000] {processor.py:743} INFO - Processing file /home/airflow/.local/lib/python3.7/site-packages/airflow/example_dags/example_skip_dag.py for tasks to queue
[2023-08-21T23:57:48.484+0000] {logging_mixin.py:137} INFO - [2023-08-21T23:57:48.483+0000] {dagbag.py:538} INFO - Filling up the DagBag from /home/airflow/.local/lib/python3.7/site-packages/airflow/example_dags/example_skip_dag.py
[2023-08-21T23:57:48.498+0000] {processor.py:753} INFO - DAG(s) dict_keys(['example_skip_dag']) retrieved from /home/airflow/.local/lib/python3.7/site-packages/airflow/example_dags/example_skip_dag.py
[2023-08-21T23:57:48.526+0000] {logging_mixin.py:137} INFO - [2023-08-21T23:57:48.525+0000] {dag.py:2690} INFO - Sync 1 DAGs
[2023-08-21T23:57:48.563+0000] {logging_mixin.py:137} INFO - [2023-08-21T23:57:48.563+0000] {dag.py:3441} INFO - Setting next_dagrun for example_skip_dag to 2023-08-20T23:57:48.562745+00:00, run_after=2023-08-21T23:57:48.562745+00:00
[2023-08-21T23:57:48.670+0000] {processor.py:175} INFO - Processing /home/airflow/.local/lib/python3.7/site-packages/airflow/example_dags/example_skip_dag.py took 0.191 seconds
[2023-08-21T23:58:18.895+0000] {processor.py:153} INFO - Started process (PID=1232) to work on /home/airflow/.local/lib/python3.7/site-packages/airflow/example_dags/example_skip_dag.py
[2023-08-21T23:58:18.897+0000] {processor.py:743} INFO - Processing file /home/airflow/.local/lib/python3.7/site-packages/airflow/example_dags/example_skip_dag.py for tasks to queue
[2023-08-21T23:58:18.897+0000] {logging_mixin.py:137} INFO - [2023-08-21T23:58:18.897+0000] {dagbag.py:538} INFO - Filling up the DagBag from /home/airflow/.local/lib/python3.7/site-packages/airflow/example_dags/example_skip_dag.py
[2023-08-21T23:58:18.918+0000] {processor.py:753} INFO - DAG(s) dict_keys(['example_skip_dag']) retrieved from /home/airflow/.local/lib/python3.7/site-packages/airflow/example_dags/example_skip_dag.py
[2023-08-21T23:58:18.945+0000] {logging_mixin.py:137} INFO - [2023-08-21T23:58:18.945+0000] {dag.py:2690} INFO - Sync 1 DAGs
[2023-08-21T23:58:18.971+0000] {logging_mixin.py:137} INFO - [2023-08-21T23:58:18.971+0000] {dag.py:3441} INFO - Setting next_dagrun for example_skip_dag to 2023-08-20T23:58:18.971302+00:00, run_after=2023-08-21T23:58:18.971302+00:00
[2023-08-21T23:58:19.019+0000] {processor.py:175} INFO - Processing /home/airflow/.local/lib/python3.7/site-packages/airflow/example_dags/example_skip_dag.py took 0.129 seconds
[2023-08-21T23:58:49.247+0000] {processor.py:153} INFO - Started process (PID=1295) to work on /home/airflow/.local/lib/python3.7/site-packages/airflow/example_dags/example_skip_dag.py
[2023-08-21T23:58:49.248+0000] {processor.py:743} INFO - Processing file /home/airflow/.local/lib/python3.7/site-packages/airflow/example_dags/example_skip_dag.py for tasks to queue
[2023-08-21T23:58:49.249+0000] {logging_mixin.py:137} INFO - [2023-08-21T23:58:49.249+0000] {dagbag.py:538} INFO - Filling up the DagBag from /home/airflow/.local/lib/python3.7/site-packages/airflow/example_dags/example_skip_dag.py
[2023-08-21T23:58:49.263+0000] {processor.py:753} INFO - DAG(s) dict_keys(['example_skip_dag']) retrieved from /home/airflow/.local/lib/python3.7/site-packages/airflow/example_dags/example_skip_dag.py
[2023-08-21T23:58:49.290+0000] {logging_mixin.py:137} INFO - [2023-08-21T23:58:49.290+0000] {dag.py:2690} INFO - Sync 1 DAGs
[2023-08-21T23:58:49.319+0000] {logging_mixin.py:137} INFO - [2023-08-21T23:58:49.319+0000] {dag.py:3441} INFO - Setting next_dagrun for example_skip_dag to 2023-08-20T23:58:49.318750+00:00, run_after=2023-08-21T23:58:49.318750+00:00
[2023-08-21T23:58:49.374+0000] {processor.py:175} INFO - Processing /home/airflow/.local/lib/python3.7/site-packages/airflow/example_dags/example_skip_dag.py took 0.131 seconds
[2023-08-21T23:59:19.762+0000] {processor.py:153} INFO - Started process (PID=1370) to work on /home/airflow/.local/lib/python3.7/site-packages/airflow/example_dags/example_skip_dag.py
[2023-08-21T23:59:19.764+0000] {processor.py:743} INFO - Processing file /home/airflow/.local/lib/python3.7/site-packages/airflow/example_dags/example_skip_dag.py for tasks to queue
[2023-08-21T23:59:19.764+0000] {logging_mixin.py:137} INFO - [2023-08-21T23:59:19.764+0000] {dagbag.py:538} INFO - Filling up the DagBag from /home/airflow/.local/lib/python3.7/site-packages/airflow/example_dags/example_skip_dag.py
[2023-08-21T23:59:19.782+0000] {processor.py:753} INFO - DAG(s) dict_keys(['example_skip_dag']) retrieved from /home/airflow/.local/lib/python3.7/site-packages/airflow/example_dags/example_skip_dag.py
[2023-08-21T23:59:19.820+0000] {logging_mixin.py:137} INFO - [2023-08-21T23:59:19.820+0000] {dag.py:2690} INFO - Sync 1 DAGs
[2023-08-21T23:59:19.862+0000] {logging_mixin.py:137} INFO - [2023-08-21T23:59:19.861+0000] {dag.py:3441} INFO - Setting next_dagrun for example_skip_dag to 2023-08-20T23:59:19.861569+00:00, run_after=2023-08-21T23:59:19.861569+00:00
[2023-08-21T23:59:19.918+0000] {processor.py:175} INFO - Processing /home/airflow/.local/lib/python3.7/site-packages/airflow/example_dags/example_skip_dag.py took 0.161 seconds
[2023-08-21T23:59:50.053+0000] {processor.py:153} INFO - Started process (PID=1433) to work on /home/airflow/.local/lib/python3.7/site-packages/airflow/example_dags/example_skip_dag.py
[2023-08-21T23:59:50.055+0000] {processor.py:743} INFO - Processing file /home/airflow/.local/lib/python3.7/site-packages/airflow/example_dags/example_skip_dag.py for tasks to queue
[2023-08-21T23:59:50.056+0000] {logging_mixin.py:137} INFO - [2023-08-21T23:59:50.056+0000] {dagbag.py:538} INFO - Filling up the DagBag from /home/airflow/.local/lib/python3.7/site-packages/airflow/example_dags/example_skip_dag.py
[2023-08-21T23:59:50.080+0000] {processor.py:753} INFO - DAG(s) dict_keys(['example_skip_dag']) retrieved from /home/airflow/.local/lib/python3.7/site-packages/airflow/example_dags/example_skip_dag.py
[2023-08-21T23:59:50.111+0000] {logging_mixin.py:137} INFO - [2023-08-21T23:59:50.111+0000] {dag.py:2690} INFO - Sync 1 DAGs
[2023-08-21T23:59:50.144+0000] {logging_mixin.py:137} INFO - [2023-08-21T23:59:50.144+0000] {dag.py:3441} INFO - Setting next_dagrun for example_skip_dag to 2023-08-20T23:59:50.144377+00:00, run_after=2023-08-21T23:59:50.144377+00:00
[2023-08-21T23:59:50.210+0000] {processor.py:175} INFO - Processing /home/airflow/.local/lib/python3.7/site-packages/airflow/example_dags/example_skip_dag.py took 0.163 seconds
