[2023-08-21T23:49:37.486+0000] {processor.py:153} INFO - Started process (PID=57) to work on /home/airflow/.local/lib/python3.7/site-packages/airflow/example_dags/example_external_task_marker_dag.py
[2023-08-21T23:49:37.488+0000] {processor.py:743} INFO - Processing file /home/airflow/.local/lib/python3.7/site-packages/airflow/example_dags/example_external_task_marker_dag.py for tasks to queue
[2023-08-21T23:49:37.490+0000] {logging_mixin.py:137} INFO - [2023-08-21T23:49:37.490+0000] {dagbag.py:538} INFO - Filling up the DagBag from /home/airflow/.local/lib/python3.7/site-packages/airflow/example_dags/example_external_task_marker_dag.py
[2023-08-21T23:49:37.520+0000] {processor.py:753} INFO - DAG(s) dict_keys(['example_external_task_marker_parent', 'example_external_task_marker_child']) retrieved from /home/airflow/.local/lib/python3.7/site-packages/airflow/example_dags/example_external_task_marker_dag.py
[2023-08-21T23:49:37.721+0000] {logging_mixin.py:137} INFO - [2023-08-21T23:49:37.721+0000] {manager.py:504} INFO - Created Permission View: can edit on DAG:example_external_task_marker_parent
[2023-08-21T23:49:37.771+0000] {logging_mixin.py:137} INFO - [2023-08-21T23:49:37.770+0000] {manager.py:504} INFO - Created Permission View: can read on DAG:example_external_task_marker_parent
[2023-08-21T23:49:37.820+0000] {logging_mixin.py:137} INFO - [2023-08-21T23:49:37.820+0000] {manager.py:504} INFO - Created Permission View: can delete on DAG:example_external_task_marker_parent
[2023-08-21T23:49:37.918+0000] {logging_mixin.py:137} INFO - [2023-08-21T23:49:37.918+0000] {manager.py:504} INFO - Created Permission View: can edit on DAG:example_external_task_marker_child
[2023-08-21T23:49:37.954+0000] {logging_mixin.py:137} INFO - [2023-08-21T23:49:37.954+0000] {manager.py:504} INFO - Created Permission View: can read on DAG:example_external_task_marker_child
[2023-08-21T23:49:38.003+0000] {logging_mixin.py:137} INFO - [2023-08-21T23:49:38.003+0000] {manager.py:504} INFO - Created Permission View: can delete on DAG:example_external_task_marker_child
[2023-08-21T23:49:38.004+0000] {logging_mixin.py:137} INFO - [2023-08-21T23:49:38.004+0000] {dag.py:2690} INFO - Sync 2 DAGs
[2023-08-21T23:49:38.023+0000] {logging_mixin.py:137} INFO - [2023-08-21T23:49:38.023+0000] {dag.py:2711} INFO - Creating ORM DAG for example_external_task_marker_parent
[2023-08-21T23:49:38.023+0000] {logging_mixin.py:137} INFO - [2023-08-21T23:49:38.023+0000] {dag.py:2711} INFO - Creating ORM DAG for example_external_task_marker_child
[2023-08-21T23:49:38.037+0000] {logging_mixin.py:137} INFO - [2023-08-21T23:49:38.037+0000] {dag.py:3441} INFO - Setting next_dagrun for example_external_task_marker_child to None, run_after=None
[2023-08-21T23:49:38.037+0000] {logging_mixin.py:137} INFO - [2023-08-21T23:49:38.037+0000] {dag.py:3441} INFO - Setting next_dagrun for example_external_task_marker_parent to None, run_after=None
[2023-08-21T23:49:38.085+0000] {processor.py:175} INFO - Processing /home/airflow/.local/lib/python3.7/site-packages/airflow/example_dags/example_external_task_marker_dag.py took 0.605 seconds
[2023-08-21T23:50:08.641+0000] {processor.py:153} INFO - Started process (PID=120) to work on /home/airflow/.local/lib/python3.7/site-packages/airflow/example_dags/example_external_task_marker_dag.py
[2023-08-21T23:50:08.642+0000] {processor.py:743} INFO - Processing file /home/airflow/.local/lib/python3.7/site-packages/airflow/example_dags/example_external_task_marker_dag.py for tasks to queue
[2023-08-21T23:50:08.643+0000] {logging_mixin.py:137} INFO - [2023-08-21T23:50:08.643+0000] {dagbag.py:538} INFO - Filling up the DagBag from /home/airflow/.local/lib/python3.7/site-packages/airflow/example_dags/example_external_task_marker_dag.py
[2023-08-21T23:50:08.664+0000] {processor.py:753} INFO - DAG(s) dict_keys(['example_external_task_marker_parent', 'example_external_task_marker_child']) retrieved from /home/airflow/.local/lib/python3.7/site-packages/airflow/example_dags/example_external_task_marker_dag.py
[2023-08-21T23:50:08.693+0000] {logging_mixin.py:137} INFO - [2023-08-21T23:50:08.693+0000] {dag.py:2690} INFO - Sync 2 DAGs
[2023-08-21T23:50:08.718+0000] {logging_mixin.py:137} INFO - [2023-08-21T23:50:08.718+0000] {dag.py:3441} INFO - Setting next_dagrun for example_external_task_marker_child to None, run_after=None
[2023-08-21T23:50:08.723+0000] {logging_mixin.py:137} INFO - [2023-08-21T23:50:08.723+0000] {dag.py:3441} INFO - Setting next_dagrun for example_external_task_marker_parent to None, run_after=None
[2023-08-21T23:50:08.800+0000] {processor.py:175} INFO - Processing /home/airflow/.local/lib/python3.7/site-packages/airflow/example_dags/example_external_task_marker_dag.py took 0.163 seconds
[2023-08-21T23:50:39.219+0000] {processor.py:153} INFO - Started process (PID=196) to work on /home/airflow/.local/lib/python3.7/site-packages/airflow/example_dags/example_external_task_marker_dag.py
[2023-08-21T23:50:39.219+0000] {processor.py:743} INFO - Processing file /home/airflow/.local/lib/python3.7/site-packages/airflow/example_dags/example_external_task_marker_dag.py for tasks to queue
[2023-08-21T23:50:39.220+0000] {logging_mixin.py:137} INFO - [2023-08-21T23:50:39.220+0000] {dagbag.py:538} INFO - Filling up the DagBag from /home/airflow/.local/lib/python3.7/site-packages/airflow/example_dags/example_external_task_marker_dag.py
[2023-08-21T23:50:39.233+0000] {processor.py:753} INFO - DAG(s) dict_keys(['example_external_task_marker_child', 'example_external_task_marker_parent']) retrieved from /home/airflow/.local/lib/python3.7/site-packages/airflow/example_dags/example_external_task_marker_dag.py
[2023-08-21T23:50:39.260+0000] {logging_mixin.py:137} INFO - [2023-08-21T23:50:39.260+0000] {dag.py:2690} INFO - Sync 2 DAGs
[2023-08-21T23:50:39.286+0000] {logging_mixin.py:137} INFO - [2023-08-21T23:50:39.286+0000] {dag.py:3441} INFO - Setting next_dagrun for example_external_task_marker_child to None, run_after=None
[2023-08-21T23:50:39.289+0000] {logging_mixin.py:137} INFO - [2023-08-21T23:50:39.289+0000] {dag.py:3441} INFO - Setting next_dagrun for example_external_task_marker_parent to None, run_after=None
[2023-08-21T23:50:39.328+0000] {processor.py:175} INFO - Processing /home/airflow/.local/lib/python3.7/site-packages/airflow/example_dags/example_external_task_marker_dag.py took 0.113 seconds
[2023-08-21T23:51:09.496+0000] {processor.py:153} INFO - Started process (PID=258) to work on /home/airflow/.local/lib/python3.7/site-packages/airflow/example_dags/example_external_task_marker_dag.py
[2023-08-21T23:51:09.497+0000] {processor.py:743} INFO - Processing file /home/airflow/.local/lib/python3.7/site-packages/airflow/example_dags/example_external_task_marker_dag.py for tasks to queue
[2023-08-21T23:51:09.497+0000] {logging_mixin.py:137} INFO - [2023-08-21T23:51:09.497+0000] {dagbag.py:538} INFO - Filling up the DagBag from /home/airflow/.local/lib/python3.7/site-packages/airflow/example_dags/example_external_task_marker_dag.py
[2023-08-21T23:51:09.512+0000] {processor.py:753} INFO - DAG(s) dict_keys(['example_external_task_marker_child', 'example_external_task_marker_parent']) retrieved from /home/airflow/.local/lib/python3.7/site-packages/airflow/example_dags/example_external_task_marker_dag.py
[2023-08-21T23:51:09.545+0000] {logging_mixin.py:137} INFO - [2023-08-21T23:51:09.544+0000] {dag.py:2690} INFO - Sync 2 DAGs
[2023-08-21T23:51:09.569+0000] {logging_mixin.py:137} INFO - [2023-08-21T23:51:09.569+0000] {dag.py:3441} INFO - Setting next_dagrun for example_external_task_marker_child to None, run_after=None
[2023-08-21T23:51:09.573+0000] {logging_mixin.py:137} INFO - [2023-08-21T23:51:09.572+0000] {dag.py:3441} INFO - Setting next_dagrun for example_external_task_marker_parent to None, run_after=None
[2023-08-21T23:51:09.649+0000] {processor.py:175} INFO - Processing /home/airflow/.local/lib/python3.7/site-packages/airflow/example_dags/example_external_task_marker_dag.py took 0.158 seconds
[2023-08-21T23:51:40.087+0000] {processor.py:153} INFO - Started process (PID=332) to work on /home/airflow/.local/lib/python3.7/site-packages/airflow/example_dags/example_external_task_marker_dag.py
[2023-08-21T23:51:40.088+0000] {processor.py:743} INFO - Processing file /home/airflow/.local/lib/python3.7/site-packages/airflow/example_dags/example_external_task_marker_dag.py for tasks to queue
[2023-08-21T23:51:40.089+0000] {logging_mixin.py:137} INFO - [2023-08-21T23:51:40.089+0000] {dagbag.py:538} INFO - Filling up the DagBag from /home/airflow/.local/lib/python3.7/site-packages/airflow/example_dags/example_external_task_marker_dag.py
[2023-08-21T23:51:40.101+0000] {processor.py:753} INFO - DAG(s) dict_keys(['example_external_task_marker_parent', 'example_external_task_marker_child']) retrieved from /home/airflow/.local/lib/python3.7/site-packages/airflow/example_dags/example_external_task_marker_dag.py
[2023-08-21T23:51:40.129+0000] {logging_mixin.py:137} INFO - [2023-08-21T23:51:40.129+0000] {dag.py:2690} INFO - Sync 2 DAGs
[2023-08-21T23:51:40.153+0000] {logging_mixin.py:137} INFO - [2023-08-21T23:51:40.153+0000] {dag.py:3441} INFO - Setting next_dagrun for example_external_task_marker_child to None, run_after=None
[2023-08-21T23:51:40.156+0000] {logging_mixin.py:137} INFO - [2023-08-21T23:51:40.156+0000] {dag.py:3441} INFO - Setting next_dagrun for example_external_task_marker_parent to None, run_after=None
[2023-08-21T23:51:40.292+0000] {processor.py:175} INFO - Processing /home/airflow/.local/lib/python3.7/site-packages/airflow/example_dags/example_external_task_marker_dag.py took 0.209 seconds
[2023-08-21T23:52:11.180+0000] {processor.py:153} INFO - Started process (PID=395) to work on /home/airflow/.local/lib/python3.7/site-packages/airflow/example_dags/example_external_task_marker_dag.py
[2023-08-21T23:52:11.181+0000] {processor.py:743} INFO - Processing file /home/airflow/.local/lib/python3.7/site-packages/airflow/example_dags/example_external_task_marker_dag.py for tasks to queue
[2023-08-21T23:52:11.181+0000] {logging_mixin.py:137} INFO - [2023-08-21T23:52:11.181+0000] {dagbag.py:538} INFO - Filling up the DagBag from /home/airflow/.local/lib/python3.7/site-packages/airflow/example_dags/example_external_task_marker_dag.py
[2023-08-21T23:52:11.195+0000] {processor.py:753} INFO - DAG(s) dict_keys(['example_external_task_marker_child', 'example_external_task_marker_parent']) retrieved from /home/airflow/.local/lib/python3.7/site-packages/airflow/example_dags/example_external_task_marker_dag.py
[2023-08-21T23:52:11.224+0000] {logging_mixin.py:137} INFO - [2023-08-21T23:52:11.224+0000] {dag.py:2690} INFO - Sync 2 DAGs
[2023-08-21T23:52:11.249+0000] {logging_mixin.py:137} INFO - [2023-08-21T23:52:11.249+0000] {dag.py:3441} INFO - Setting next_dagrun for example_external_task_marker_child to None, run_after=None
[2023-08-21T23:52:11.253+0000] {logging_mixin.py:137} INFO - [2023-08-21T23:52:11.253+0000] {dag.py:3441} INFO - Setting next_dagrun for example_external_task_marker_parent to None, run_after=None
[2023-08-21T23:52:11.296+0000] {processor.py:175} INFO - Processing /home/airflow/.local/lib/python3.7/site-packages/airflow/example_dags/example_external_task_marker_dag.py took 0.119 seconds
[2023-08-21T23:52:42.217+0000] {processor.py:153} INFO - Started process (PID=469) to work on /home/airflow/.local/lib/python3.7/site-packages/airflow/example_dags/example_external_task_marker_dag.py
[2023-08-21T23:52:42.218+0000] {processor.py:743} INFO - Processing file /home/airflow/.local/lib/python3.7/site-packages/airflow/example_dags/example_external_task_marker_dag.py for tasks to queue
[2023-08-21T23:52:42.219+0000] {logging_mixin.py:137} INFO - [2023-08-21T23:52:42.219+0000] {dagbag.py:538} INFO - Filling up the DagBag from /home/airflow/.local/lib/python3.7/site-packages/airflow/example_dags/example_external_task_marker_dag.py
[2023-08-21T23:52:42.234+0000] {processor.py:753} INFO - DAG(s) dict_keys(['example_external_task_marker_parent', 'example_external_task_marker_child']) retrieved from /home/airflow/.local/lib/python3.7/site-packages/airflow/example_dags/example_external_task_marker_dag.py
[2023-08-21T23:52:42.277+0000] {logging_mixin.py:137} INFO - [2023-08-21T23:52:42.277+0000] {dag.py:2690} INFO - Sync 2 DAGs
[2023-08-21T23:52:42.306+0000] {logging_mixin.py:137} INFO - [2023-08-21T23:52:42.306+0000] {dag.py:3441} INFO - Setting next_dagrun for example_external_task_marker_child to None, run_after=None
[2023-08-21T23:52:42.310+0000] {logging_mixin.py:137} INFO - [2023-08-21T23:52:42.310+0000] {dag.py:3441} INFO - Setting next_dagrun for example_external_task_marker_parent to None, run_after=None
[2023-08-21T23:52:42.358+0000] {processor.py:175} INFO - Processing /home/airflow/.local/lib/python3.7/site-packages/airflow/example_dags/example_external_task_marker_dag.py took 0.145 seconds
[2023-08-21T23:53:12.545+0000] {processor.py:153} INFO - Started process (PID=533) to work on /home/airflow/.local/lib/python3.7/site-packages/airflow/example_dags/example_external_task_marker_dag.py
[2023-08-21T23:53:12.546+0000] {processor.py:743} INFO - Processing file /home/airflow/.local/lib/python3.7/site-packages/airflow/example_dags/example_external_task_marker_dag.py for tasks to queue
[2023-08-21T23:53:12.547+0000] {logging_mixin.py:137} INFO - [2023-08-21T23:53:12.547+0000] {dagbag.py:538} INFO - Filling up the DagBag from /home/airflow/.local/lib/python3.7/site-packages/airflow/example_dags/example_external_task_marker_dag.py
[2023-08-21T23:53:12.563+0000] {processor.py:753} INFO - DAG(s) dict_keys(['example_external_task_marker_parent', 'example_external_task_marker_child']) retrieved from /home/airflow/.local/lib/python3.7/site-packages/airflow/example_dags/example_external_task_marker_dag.py
[2023-08-21T23:53:12.599+0000] {logging_mixin.py:137} INFO - [2023-08-21T23:53:12.599+0000] {dag.py:2690} INFO - Sync 2 DAGs
[2023-08-21T23:53:12.628+0000] {logging_mixin.py:137} INFO - [2023-08-21T23:53:12.628+0000] {dag.py:3441} INFO - Setting next_dagrun for example_external_task_marker_child to None, run_after=None
[2023-08-21T23:53:12.632+0000] {logging_mixin.py:137} INFO - [2023-08-21T23:53:12.632+0000] {dag.py:3441} INFO - Setting next_dagrun for example_external_task_marker_parent to None, run_after=None
[2023-08-21T23:53:12.708+0000] {processor.py:175} INFO - Processing /home/airflow/.local/lib/python3.7/site-packages/airflow/example_dags/example_external_task_marker_dag.py took 0.167 seconds
[2023-08-21T23:53:42.873+0000] {processor.py:153} INFO - Started process (PID=604) to work on /home/airflow/.local/lib/python3.7/site-packages/airflow/example_dags/example_external_task_marker_dag.py
[2023-08-21T23:53:42.874+0000] {processor.py:743} INFO - Processing file /home/airflow/.local/lib/python3.7/site-packages/airflow/example_dags/example_external_task_marker_dag.py for tasks to queue
[2023-08-21T23:53:42.875+0000] {logging_mixin.py:137} INFO - [2023-08-21T23:53:42.875+0000] {dagbag.py:538} INFO - Filling up the DagBag from /home/airflow/.local/lib/python3.7/site-packages/airflow/example_dags/example_external_task_marker_dag.py
[2023-08-21T23:53:42.893+0000] {processor.py:753} INFO - DAG(s) dict_keys(['example_external_task_marker_parent', 'example_external_task_marker_child']) retrieved from /home/airflow/.local/lib/python3.7/site-packages/airflow/example_dags/example_external_task_marker_dag.py
[2023-08-21T23:53:42.929+0000] {logging_mixin.py:137} INFO - [2023-08-21T23:53:42.928+0000] {dag.py:2690} INFO - Sync 2 DAGs
[2023-08-21T23:53:42.961+0000] {logging_mixin.py:137} INFO - [2023-08-21T23:53:42.961+0000] {dag.py:3441} INFO - Setting next_dagrun for example_external_task_marker_child to None, run_after=None
[2023-08-21T23:53:42.966+0000] {logging_mixin.py:137} INFO - [2023-08-21T23:53:42.965+0000] {dag.py:3441} INFO - Setting next_dagrun for example_external_task_marker_parent to None, run_after=None
[2023-08-21T23:53:43.013+0000] {processor.py:175} INFO - Processing /home/airflow/.local/lib/python3.7/site-packages/airflow/example_dags/example_external_task_marker_dag.py took 0.144 seconds
[2023-08-21T23:54:13.377+0000] {processor.py:153} INFO - Started process (PID=671) to work on /home/airflow/.local/lib/python3.7/site-packages/airflow/example_dags/example_external_task_marker_dag.py
[2023-08-21T23:54:13.378+0000] {processor.py:743} INFO - Processing file /home/airflow/.local/lib/python3.7/site-packages/airflow/example_dags/example_external_task_marker_dag.py for tasks to queue
[2023-08-21T23:54:13.379+0000] {logging_mixin.py:137} INFO - [2023-08-21T23:54:13.379+0000] {dagbag.py:538} INFO - Filling up the DagBag from /home/airflow/.local/lib/python3.7/site-packages/airflow/example_dags/example_external_task_marker_dag.py
[2023-08-21T23:54:13.392+0000] {processor.py:753} INFO - DAG(s) dict_keys(['example_external_task_marker_parent', 'example_external_task_marker_child']) retrieved from /home/airflow/.local/lib/python3.7/site-packages/airflow/example_dags/example_external_task_marker_dag.py
[2023-08-21T23:54:13.422+0000] {logging_mixin.py:137} INFO - [2023-08-21T23:54:13.421+0000] {dag.py:2690} INFO - Sync 2 DAGs
[2023-08-21T23:54:13.448+0000] {logging_mixin.py:137} INFO - [2023-08-21T23:54:13.448+0000] {dag.py:3441} INFO - Setting next_dagrun for example_external_task_marker_child to None, run_after=None
[2023-08-21T23:54:13.452+0000] {logging_mixin.py:137} INFO - [2023-08-21T23:54:13.452+0000] {dag.py:3441} INFO - Setting next_dagrun for example_external_task_marker_parent to None, run_after=None
[2023-08-21T23:54:13.515+0000] {processor.py:175} INFO - Processing /home/airflow/.local/lib/python3.7/site-packages/airflow/example_dags/example_external_task_marker_dag.py took 0.143 seconds
[2023-08-21T23:54:44.010+0000] {processor.py:153} INFO - Started process (PID=741) to work on /home/airflow/.local/lib/python3.7/site-packages/airflow/example_dags/example_external_task_marker_dag.py
[2023-08-21T23:54:44.011+0000] {processor.py:743} INFO - Processing file /home/airflow/.local/lib/python3.7/site-packages/airflow/example_dags/example_external_task_marker_dag.py for tasks to queue
[2023-08-21T23:54:44.012+0000] {logging_mixin.py:137} INFO - [2023-08-21T23:54:44.012+0000] {dagbag.py:538} INFO - Filling up the DagBag from /home/airflow/.local/lib/python3.7/site-packages/airflow/example_dags/example_external_task_marker_dag.py
[2023-08-21T23:54:44.035+0000] {processor.py:753} INFO - DAG(s) dict_keys(['example_external_task_marker_child', 'example_external_task_marker_parent']) retrieved from /home/airflow/.local/lib/python3.7/site-packages/airflow/example_dags/example_external_task_marker_dag.py
[2023-08-21T23:54:44.083+0000] {logging_mixin.py:137} INFO - [2023-08-21T23:54:44.083+0000] {dag.py:2690} INFO - Sync 2 DAGs
[2023-08-21T23:54:44.119+0000] {logging_mixin.py:137} INFO - [2023-08-21T23:54:44.119+0000] {dag.py:3441} INFO - Setting next_dagrun for example_external_task_marker_child to None, run_after=None
[2023-08-21T23:54:44.123+0000] {logging_mixin.py:137} INFO - [2023-08-21T23:54:44.123+0000] {dag.py:3441} INFO - Setting next_dagrun for example_external_task_marker_parent to None, run_after=None
[2023-08-21T23:54:44.220+0000] {processor.py:175} INFO - Processing /home/airflow/.local/lib/python3.7/site-packages/airflow/example_dags/example_external_task_marker_dag.py took 0.215 seconds
[2023-08-21T23:55:15.203+0000] {processor.py:153} INFO - Started process (PID=810) to work on /home/airflow/.local/lib/python3.7/site-packages/airflow/example_dags/example_external_task_marker_dag.py
[2023-08-21T23:55:15.204+0000] {processor.py:743} INFO - Processing file /home/airflow/.local/lib/python3.7/site-packages/airflow/example_dags/example_external_task_marker_dag.py for tasks to queue
[2023-08-21T23:55:15.205+0000] {logging_mixin.py:137} INFO - [2023-08-21T23:55:15.205+0000] {dagbag.py:538} INFO - Filling up the DagBag from /home/airflow/.local/lib/python3.7/site-packages/airflow/example_dags/example_external_task_marker_dag.py
[2023-08-21T23:55:15.222+0000] {processor.py:753} INFO - DAG(s) dict_keys(['example_external_task_marker_parent', 'example_external_task_marker_child']) retrieved from /home/airflow/.local/lib/python3.7/site-packages/airflow/example_dags/example_external_task_marker_dag.py
[2023-08-21T23:55:15.254+0000] {logging_mixin.py:137} INFO - [2023-08-21T23:55:15.254+0000] {dag.py:2690} INFO - Sync 2 DAGs
[2023-08-21T23:55:15.284+0000] {logging_mixin.py:137} INFO - [2023-08-21T23:55:15.284+0000] {dag.py:3441} INFO - Setting next_dagrun for example_external_task_marker_child to None, run_after=None
[2023-08-21T23:55:15.288+0000] {logging_mixin.py:137} INFO - [2023-08-21T23:55:15.288+0000] {dag.py:3441} INFO - Setting next_dagrun for example_external_task_marker_parent to None, run_after=None
[2023-08-21T23:55:15.332+0000] {processor.py:175} INFO - Processing /home/airflow/.local/lib/python3.7/site-packages/airflow/example_dags/example_external_task_marker_dag.py took 0.133 seconds
[2023-08-21T23:55:45.792+0000] {processor.py:153} INFO - Started process (PID=883) to work on /home/airflow/.local/lib/python3.7/site-packages/airflow/example_dags/example_external_task_marker_dag.py
[2023-08-21T23:55:45.793+0000] {processor.py:743} INFO - Processing file /home/airflow/.local/lib/python3.7/site-packages/airflow/example_dags/example_external_task_marker_dag.py for tasks to queue
[2023-08-21T23:55:45.794+0000] {logging_mixin.py:137} INFO - [2023-08-21T23:55:45.793+0000] {dagbag.py:538} INFO - Filling up the DagBag from /home/airflow/.local/lib/python3.7/site-packages/airflow/example_dags/example_external_task_marker_dag.py
[2023-08-21T23:55:45.812+0000] {processor.py:753} INFO - DAG(s) dict_keys(['example_external_task_marker_child', 'example_external_task_marker_parent']) retrieved from /home/airflow/.local/lib/python3.7/site-packages/airflow/example_dags/example_external_task_marker_dag.py
[2023-08-21T23:55:45.846+0000] {logging_mixin.py:137} INFO - [2023-08-21T23:55:45.845+0000] {dag.py:2690} INFO - Sync 2 DAGs
[2023-08-21T23:55:45.876+0000] {logging_mixin.py:137} INFO - [2023-08-21T23:55:45.876+0000] {dag.py:3441} INFO - Setting next_dagrun for example_external_task_marker_child to None, run_after=None
[2023-08-21T23:55:45.880+0000] {logging_mixin.py:137} INFO - [2023-08-21T23:55:45.880+0000] {dag.py:3441} INFO - Setting next_dagrun for example_external_task_marker_parent to None, run_after=None
[2023-08-21T23:55:45.964+0000] {processor.py:175} INFO - Processing /home/airflow/.local/lib/python3.7/site-packages/airflow/example_dags/example_external_task_marker_dag.py took 0.176 seconds
[2023-08-21T23:56:16.055+0000] {processor.py:153} INFO - Started process (PID=949) to work on /home/airflow/.local/lib/python3.7/site-packages/airflow/example_dags/example_external_task_marker_dag.py
[2023-08-21T23:56:16.056+0000] {processor.py:743} INFO - Processing file /home/airflow/.local/lib/python3.7/site-packages/airflow/example_dags/example_external_task_marker_dag.py for tasks to queue
[2023-08-21T23:56:16.056+0000] {logging_mixin.py:137} INFO - [2023-08-21T23:56:16.056+0000] {dagbag.py:538} INFO - Filling up the DagBag from /home/airflow/.local/lib/python3.7/site-packages/airflow/example_dags/example_external_task_marker_dag.py
[2023-08-21T23:56:16.072+0000] {processor.py:753} INFO - DAG(s) dict_keys(['example_external_task_marker_child', 'example_external_task_marker_parent']) retrieved from /home/airflow/.local/lib/python3.7/site-packages/airflow/example_dags/example_external_task_marker_dag.py
[2023-08-21T23:56:16.107+0000] {logging_mixin.py:137} INFO - [2023-08-21T23:56:16.106+0000] {dag.py:2690} INFO - Sync 2 DAGs
[2023-08-21T23:56:16.135+0000] {logging_mixin.py:137} INFO - [2023-08-21T23:56:16.135+0000] {dag.py:3441} INFO - Setting next_dagrun for example_external_task_marker_child to None, run_after=None
[2023-08-21T23:56:16.138+0000] {logging_mixin.py:137} INFO - [2023-08-21T23:56:16.138+0000] {dag.py:3441} INFO - Setting next_dagrun for example_external_task_marker_parent to None, run_after=None
[2023-08-21T23:56:16.218+0000] {processor.py:175} INFO - Processing /home/airflow/.local/lib/python3.7/site-packages/airflow/example_dags/example_external_task_marker_dag.py took 0.169 seconds
[2023-08-21T23:56:46.355+0000] {processor.py:153} INFO - Started process (PID=1012) to work on /home/airflow/.local/lib/python3.7/site-packages/airflow/example_dags/example_external_task_marker_dag.py
[2023-08-21T23:56:46.356+0000] {processor.py:743} INFO - Processing file /home/airflow/.local/lib/python3.7/site-packages/airflow/example_dags/example_external_task_marker_dag.py for tasks to queue
[2023-08-21T23:56:46.356+0000] {logging_mixin.py:137} INFO - [2023-08-21T23:56:46.356+0000] {dagbag.py:538} INFO - Filling up the DagBag from /home/airflow/.local/lib/python3.7/site-packages/airflow/example_dags/example_external_task_marker_dag.py
[2023-08-21T23:56:46.371+0000] {processor.py:753} INFO - DAG(s) dict_keys(['example_external_task_marker_child', 'example_external_task_marker_parent']) retrieved from /home/airflow/.local/lib/python3.7/site-packages/airflow/example_dags/example_external_task_marker_dag.py
[2023-08-21T23:56:46.402+0000] {logging_mixin.py:137} INFO - [2023-08-21T23:56:46.401+0000] {dag.py:2690} INFO - Sync 2 DAGs
[2023-08-21T23:56:46.429+0000] {logging_mixin.py:137} INFO - [2023-08-21T23:56:46.429+0000] {dag.py:3441} INFO - Setting next_dagrun for example_external_task_marker_child to None, run_after=None
[2023-08-21T23:56:46.433+0000] {logging_mixin.py:137} INFO - [2023-08-21T23:56:46.433+0000] {dag.py:3441} INFO - Setting next_dagrun for example_external_task_marker_parent to None, run_after=None
[2023-08-21T23:56:46.497+0000] {processor.py:175} INFO - Processing /home/airflow/.local/lib/python3.7/site-packages/airflow/example_dags/example_external_task_marker_dag.py took 0.145 seconds
[2023-08-21T23:57:16.565+0000] {processor.py:153} INFO - Started process (PID=1087) to work on /home/airflow/.local/lib/python3.7/site-packages/airflow/example_dags/example_external_task_marker_dag.py
[2023-08-21T23:57:16.566+0000] {processor.py:743} INFO - Processing file /home/airflow/.local/lib/python3.7/site-packages/airflow/example_dags/example_external_task_marker_dag.py for tasks to queue
[2023-08-21T23:57:16.566+0000] {logging_mixin.py:137} INFO - [2023-08-21T23:57:16.566+0000] {dagbag.py:538} INFO - Filling up the DagBag from /home/airflow/.local/lib/python3.7/site-packages/airflow/example_dags/example_external_task_marker_dag.py
[2023-08-21T23:57:16.581+0000] {processor.py:753} INFO - DAG(s) dict_keys(['example_external_task_marker_parent', 'example_external_task_marker_child']) retrieved from /home/airflow/.local/lib/python3.7/site-packages/airflow/example_dags/example_external_task_marker_dag.py
[2023-08-21T23:57:16.611+0000] {logging_mixin.py:137} INFO - [2023-08-21T23:57:16.611+0000] {dag.py:2690} INFO - Sync 2 DAGs
[2023-08-21T23:57:16.637+0000] {logging_mixin.py:137} INFO - [2023-08-21T23:57:16.637+0000] {dag.py:3441} INFO - Setting next_dagrun for example_external_task_marker_child to None, run_after=None
[2023-08-21T23:57:16.641+0000] {logging_mixin.py:137} INFO - [2023-08-21T23:57:16.641+0000] {dag.py:3441} INFO - Setting next_dagrun for example_external_task_marker_parent to None, run_after=None
[2023-08-21T23:57:16.732+0000] {processor.py:175} INFO - Processing /home/airflow/.local/lib/python3.7/site-packages/airflow/example_dags/example_external_task_marker_dag.py took 0.170 seconds
[2023-08-21T23:57:46.825+0000] {processor.py:153} INFO - Started process (PID=1150) to work on /home/airflow/.local/lib/python3.7/site-packages/airflow/example_dags/example_external_task_marker_dag.py
[2023-08-21T23:57:46.826+0000] {processor.py:743} INFO - Processing file /home/airflow/.local/lib/python3.7/site-packages/airflow/example_dags/example_external_task_marker_dag.py for tasks to queue
[2023-08-21T23:57:46.827+0000] {logging_mixin.py:137} INFO - [2023-08-21T23:57:46.826+0000] {dagbag.py:538} INFO - Filling up the DagBag from /home/airflow/.local/lib/python3.7/site-packages/airflow/example_dags/example_external_task_marker_dag.py
[2023-08-21T23:57:46.842+0000] {processor.py:753} INFO - DAG(s) dict_keys(['example_external_task_marker_child', 'example_external_task_marker_parent']) retrieved from /home/airflow/.local/lib/python3.7/site-packages/airflow/example_dags/example_external_task_marker_dag.py
[2023-08-21T23:57:46.873+0000] {logging_mixin.py:137} INFO - [2023-08-21T23:57:46.872+0000] {dag.py:2690} INFO - Sync 2 DAGs
[2023-08-21T23:57:46.909+0000] {logging_mixin.py:137} INFO - [2023-08-21T23:57:46.909+0000] {dag.py:3441} INFO - Setting next_dagrun for example_external_task_marker_child to None, run_after=None
[2023-08-21T23:57:46.915+0000] {logging_mixin.py:137} INFO - [2023-08-21T23:57:46.915+0000] {dag.py:3441} INFO - Setting next_dagrun for example_external_task_marker_parent to None, run_after=None
[2023-08-21T23:57:46.965+0000] {processor.py:175} INFO - Processing /home/airflow/.local/lib/python3.7/site-packages/airflow/example_dags/example_external_task_marker_dag.py took 0.144 seconds
[2023-08-21T23:58:17.361+0000] {processor.py:153} INFO - Started process (PID=1224) to work on /home/airflow/.local/lib/python3.7/site-packages/airflow/example_dags/example_external_task_marker_dag.py
[2023-08-21T23:58:17.362+0000] {processor.py:743} INFO - Processing file /home/airflow/.local/lib/python3.7/site-packages/airflow/example_dags/example_external_task_marker_dag.py for tasks to queue
[2023-08-21T23:58:17.363+0000] {logging_mixin.py:137} INFO - [2023-08-21T23:58:17.363+0000] {dagbag.py:538} INFO - Filling up the DagBag from /home/airflow/.local/lib/python3.7/site-packages/airflow/example_dags/example_external_task_marker_dag.py
[2023-08-21T23:58:17.376+0000] {processor.py:753} INFO - DAG(s) dict_keys(['example_external_task_marker_parent', 'example_external_task_marker_child']) retrieved from /home/airflow/.local/lib/python3.7/site-packages/airflow/example_dags/example_external_task_marker_dag.py
[2023-08-21T23:58:17.408+0000] {logging_mixin.py:137} INFO - [2023-08-21T23:58:17.408+0000] {dag.py:2690} INFO - Sync 2 DAGs
[2023-08-21T23:58:17.447+0000] {logging_mixin.py:137} INFO - [2023-08-21T23:58:17.446+0000] {dag.py:3441} INFO - Setting next_dagrun for example_external_task_marker_child to None, run_after=None
[2023-08-21T23:58:17.451+0000] {logging_mixin.py:137} INFO - [2023-08-21T23:58:17.451+0000] {dag.py:3441} INFO - Setting next_dagrun for example_external_task_marker_parent to None, run_after=None
[2023-08-21T23:58:17.501+0000] {processor.py:175} INFO - Processing /home/airflow/.local/lib/python3.7/site-packages/airflow/example_dags/example_external_task_marker_dag.py took 0.144 seconds
[2023-08-21T23:58:47.647+0000] {processor.py:153} INFO - Started process (PID=1287) to work on /home/airflow/.local/lib/python3.7/site-packages/airflow/example_dags/example_external_task_marker_dag.py
[2023-08-21T23:58:47.648+0000] {processor.py:743} INFO - Processing file /home/airflow/.local/lib/python3.7/site-packages/airflow/example_dags/example_external_task_marker_dag.py for tasks to queue
[2023-08-21T23:58:47.649+0000] {logging_mixin.py:137} INFO - [2023-08-21T23:58:47.649+0000] {dagbag.py:538} INFO - Filling up the DagBag from /home/airflow/.local/lib/python3.7/site-packages/airflow/example_dags/example_external_task_marker_dag.py
[2023-08-21T23:58:47.662+0000] {processor.py:753} INFO - DAG(s) dict_keys(['example_external_task_marker_child', 'example_external_task_marker_parent']) retrieved from /home/airflow/.local/lib/python3.7/site-packages/airflow/example_dags/example_external_task_marker_dag.py
[2023-08-21T23:58:47.691+0000] {logging_mixin.py:137} INFO - [2023-08-21T23:58:47.691+0000] {dag.py:2690} INFO - Sync 2 DAGs
[2023-08-21T23:58:47.718+0000] {logging_mixin.py:137} INFO - [2023-08-21T23:58:47.718+0000] {dag.py:3441} INFO - Setting next_dagrun for example_external_task_marker_child to None, run_after=None
[2023-08-21T23:58:47.722+0000] {logging_mixin.py:137} INFO - [2023-08-21T23:58:47.722+0000] {dag.py:3441} INFO - Setting next_dagrun for example_external_task_marker_parent to None, run_after=None
[2023-08-21T23:58:47.791+0000] {processor.py:175} INFO - Processing /home/airflow/.local/lib/python3.7/site-packages/airflow/example_dags/example_external_task_marker_dag.py took 0.147 seconds
[2023-08-21T23:59:17.922+0000] {processor.py:153} INFO - Started process (PID=1362) to work on /home/airflow/.local/lib/python3.7/site-packages/airflow/example_dags/example_external_task_marker_dag.py
[2023-08-21T23:59:17.923+0000] {processor.py:743} INFO - Processing file /home/airflow/.local/lib/python3.7/site-packages/airflow/example_dags/example_external_task_marker_dag.py for tasks to queue
[2023-08-21T23:59:17.924+0000] {logging_mixin.py:137} INFO - [2023-08-21T23:59:17.924+0000] {dagbag.py:538} INFO - Filling up the DagBag from /home/airflow/.local/lib/python3.7/site-packages/airflow/example_dags/example_external_task_marker_dag.py
[2023-08-21T23:59:17.940+0000] {processor.py:753} INFO - DAG(s) dict_keys(['example_external_task_marker_parent', 'example_external_task_marker_child']) retrieved from /home/airflow/.local/lib/python3.7/site-packages/airflow/example_dags/example_external_task_marker_dag.py
[2023-08-21T23:59:17.977+0000] {logging_mixin.py:137} INFO - [2023-08-21T23:59:17.976+0000] {dag.py:2690} INFO - Sync 2 DAGs
[2023-08-21T23:59:18.015+0000] {logging_mixin.py:137} INFO - [2023-08-21T23:59:18.015+0000] {dag.py:3441} INFO - Setting next_dagrun for example_external_task_marker_child to None, run_after=None
[2023-08-21T23:59:18.020+0000] {logging_mixin.py:137} INFO - [2023-08-21T23:59:18.019+0000] {dag.py:3441} INFO - Setting next_dagrun for example_external_task_marker_parent to None, run_after=None
[2023-08-21T23:59:18.081+0000] {processor.py:175} INFO - Processing /home/airflow/.local/lib/python3.7/site-packages/airflow/example_dags/example_external_task_marker_dag.py took 0.164 seconds
[2023-08-21T23:59:48.504+0000] {processor.py:153} INFO - Started process (PID=1425) to work on /home/airflow/.local/lib/python3.7/site-packages/airflow/example_dags/example_external_task_marker_dag.py
[2023-08-21T23:59:48.505+0000] {processor.py:743} INFO - Processing file /home/airflow/.local/lib/python3.7/site-packages/airflow/example_dags/example_external_task_marker_dag.py for tasks to queue
[2023-08-21T23:59:48.506+0000] {logging_mixin.py:137} INFO - [2023-08-21T23:59:48.506+0000] {dagbag.py:538} INFO - Filling up the DagBag from /home/airflow/.local/lib/python3.7/site-packages/airflow/example_dags/example_external_task_marker_dag.py
[2023-08-21T23:59:48.526+0000] {processor.py:753} INFO - DAG(s) dict_keys(['example_external_task_marker_child', 'example_external_task_marker_parent']) retrieved from /home/airflow/.local/lib/python3.7/site-packages/airflow/example_dags/example_external_task_marker_dag.py
[2023-08-21T23:59:48.556+0000] {logging_mixin.py:137} INFO - [2023-08-21T23:59:48.556+0000] {dag.py:2690} INFO - Sync 2 DAGs
[2023-08-21T23:59:48.583+0000] {logging_mixin.py:137} INFO - [2023-08-21T23:59:48.582+0000] {dag.py:3441} INFO - Setting next_dagrun for example_external_task_marker_child to None, run_after=None
[2023-08-21T23:59:48.586+0000] {logging_mixin.py:137} INFO - [2023-08-21T23:59:48.586+0000] {dag.py:3441} INFO - Setting next_dagrun for example_external_task_marker_parent to None, run_after=None
[2023-08-21T23:59:48.635+0000] {processor.py:175} INFO - Processing /home/airflow/.local/lib/python3.7/site-packages/airflow/example_dags/example_external_task_marker_dag.py took 0.136 seconds
