[2023-08-21T23:49:35.320+0000] {processor.py:153} INFO - Started process (PID=51) to work on /home/airflow/.local/lib/python3.7/site-packages/airflow/example_dags/example_xcomargs.py
[2023-08-21T23:49:35.322+0000] {processor.py:743} INFO - Processing file /home/airflow/.local/lib/python3.7/site-packages/airflow/example_dags/example_xcomargs.py for tasks to queue
[2023-08-21T23:49:35.323+0000] {logging_mixin.py:137} INFO - [2023-08-21T23:49:35.323+0000] {dagbag.py:538} INFO - Filling up the DagBag from /home/airflow/.local/lib/python3.7/site-packages/airflow/example_dags/example_xcomargs.py
[2023-08-21T23:49:35.378+0000] {processor.py:753} INFO - DAG(s) dict_keys(['example_xcom_args_with_operators', 'example_xcom_args']) retrieved from /home/airflow/.local/lib/python3.7/site-packages/airflow/example_dags/example_xcomargs.py
[2023-08-21T23:49:35.708+0000] {logging_mixin.py:137} INFO - [2023-08-21T23:49:35.708+0000] {manager.py:504} INFO - Created Permission View: can edit on DAG:example_xcom_args_with_operators
[2023-08-21T23:49:35.757+0000] {logging_mixin.py:137} INFO - [2023-08-21T23:49:35.757+0000] {manager.py:504} INFO - Created Permission View: can read on DAG:example_xcom_args_with_operators
[2023-08-21T23:49:35.806+0000] {logging_mixin.py:137} INFO - [2023-08-21T23:49:35.806+0000] {manager.py:504} INFO - Created Permission View: can delete on DAG:example_xcom_args_with_operators
[2023-08-21T23:49:35.905+0000] {logging_mixin.py:137} INFO - [2023-08-21T23:49:35.905+0000] {manager.py:504} INFO - Created Permission View: can edit on DAG:example_xcom_args
[2023-08-21T23:49:35.954+0000] {logging_mixin.py:137} INFO - [2023-08-21T23:49:35.954+0000] {manager.py:504} INFO - Created Permission View: can read on DAG:example_xcom_args
[2023-08-21T23:49:36.003+0000] {logging_mixin.py:137} INFO - [2023-08-21T23:49:36.003+0000] {manager.py:504} INFO - Created Permission View: can delete on DAG:example_xcom_args
[2023-08-21T23:49:36.004+0000] {logging_mixin.py:137} INFO - [2023-08-21T23:49:36.004+0000] {dag.py:2690} INFO - Sync 2 DAGs
[2023-08-21T23:49:36.021+0000] {logging_mixin.py:137} INFO - [2023-08-21T23:49:36.020+0000] {dag.py:2711} INFO - Creating ORM DAG for example_xcom_args_with_operators
[2023-08-21T23:49:36.021+0000] {logging_mixin.py:137} INFO - [2023-08-21T23:49:36.021+0000] {dag.py:2711} INFO - Creating ORM DAG for example_xcom_args
[2023-08-21T23:49:36.035+0000] {logging_mixin.py:137} INFO - [2023-08-21T23:49:36.035+0000] {dag.py:3441} INFO - Setting next_dagrun for example_xcom_args to None, run_after=None
[2023-08-21T23:49:36.036+0000] {logging_mixin.py:137} INFO - [2023-08-21T23:49:36.036+0000] {dag.py:3441} INFO - Setting next_dagrun for example_xcom_args_with_operators to None, run_after=None
[2023-08-21T23:49:36.084+0000] {processor.py:175} INFO - Processing /home/airflow/.local/lib/python3.7/site-packages/airflow/example_dags/example_xcomargs.py took 0.771 seconds
[2023-08-21T23:50:06.135+0000] {processor.py:153} INFO - Started process (PID=114) to work on /home/airflow/.local/lib/python3.7/site-packages/airflow/example_dags/example_xcomargs.py
[2023-08-21T23:50:06.136+0000] {processor.py:743} INFO - Processing file /home/airflow/.local/lib/python3.7/site-packages/airflow/example_dags/example_xcomargs.py for tasks to queue
[2023-08-21T23:50:06.137+0000] {logging_mixin.py:137} INFO - [2023-08-21T23:50:06.137+0000] {dagbag.py:538} INFO - Filling up the DagBag from /home/airflow/.local/lib/python3.7/site-packages/airflow/example_dags/example_xcomargs.py
[2023-08-21T23:50:06.163+0000] {processor.py:753} INFO - DAG(s) dict_keys(['example_xcom_args', 'example_xcom_args_with_operators']) retrieved from /home/airflow/.local/lib/python3.7/site-packages/airflow/example_dags/example_xcomargs.py
[2023-08-21T23:50:06.192+0000] {logging_mixin.py:137} INFO - [2023-08-21T23:50:06.192+0000] {dag.py:2690} INFO - Sync 2 DAGs
[2023-08-21T23:50:06.220+0000] {logging_mixin.py:137} INFO - [2023-08-21T23:50:06.219+0000] {dag.py:3441} INFO - Setting next_dagrun for example_xcom_args to None, run_after=None
[2023-08-21T23:50:06.223+0000] {logging_mixin.py:137} INFO - [2023-08-21T23:50:06.223+0000] {dag.py:3441} INFO - Setting next_dagrun for example_xcom_args_with_operators to None, run_after=None
[2023-08-21T23:50:06.263+0000] {processor.py:175} INFO - Processing /home/airflow/.local/lib/python3.7/site-packages/airflow/example_dags/example_xcomargs.py took 0.132 seconds
[2023-08-21T23:50:36.627+0000] {processor.py:153} INFO - Started process (PID=187) to work on /home/airflow/.local/lib/python3.7/site-packages/airflow/example_dags/example_xcomargs.py
[2023-08-21T23:50:36.629+0000] {processor.py:743} INFO - Processing file /home/airflow/.local/lib/python3.7/site-packages/airflow/example_dags/example_xcomargs.py for tasks to queue
[2023-08-21T23:50:36.630+0000] {logging_mixin.py:137} INFO - [2023-08-21T23:50:36.630+0000] {dagbag.py:538} INFO - Filling up the DagBag from /home/airflow/.local/lib/python3.7/site-packages/airflow/example_dags/example_xcomargs.py
[2023-08-21T23:50:36.674+0000] {processor.py:753} INFO - DAG(s) dict_keys(['example_xcom_args', 'example_xcom_args_with_operators']) retrieved from /home/airflow/.local/lib/python3.7/site-packages/airflow/example_dags/example_xcomargs.py
[2023-08-21T23:50:36.726+0000] {logging_mixin.py:137} INFO - [2023-08-21T23:50:36.725+0000] {dag.py:2690} INFO - Sync 2 DAGs
[2023-08-21T23:50:36.771+0000] {logging_mixin.py:137} INFO - [2023-08-21T23:50:36.771+0000] {dag.py:3441} INFO - Setting next_dagrun for example_xcom_args to None, run_after=None
[2023-08-21T23:50:36.775+0000] {logging_mixin.py:137} INFO - [2023-08-21T23:50:36.775+0000] {dag.py:3441} INFO - Setting next_dagrun for example_xcom_args_with_operators to None, run_after=None
[2023-08-21T23:50:36.827+0000] {processor.py:175} INFO - Processing /home/airflow/.local/lib/python3.7/site-packages/airflow/example_dags/example_xcomargs.py took 0.210 seconds
[2023-08-21T23:51:06.869+0000] {processor.py:153} INFO - Started process (PID=252) to work on /home/airflow/.local/lib/python3.7/site-packages/airflow/example_dags/example_xcomargs.py
[2023-08-21T23:51:06.870+0000] {processor.py:743} INFO - Processing file /home/airflow/.local/lib/python3.7/site-packages/airflow/example_dags/example_xcomargs.py for tasks to queue
[2023-08-21T23:51:06.871+0000] {logging_mixin.py:137} INFO - [2023-08-21T23:51:06.871+0000] {dagbag.py:538} INFO - Filling up the DagBag from /home/airflow/.local/lib/python3.7/site-packages/airflow/example_dags/example_xcomargs.py
[2023-08-21T23:51:06.896+0000] {processor.py:753} INFO - DAG(s) dict_keys(['example_xcom_args_with_operators', 'example_xcom_args']) retrieved from /home/airflow/.local/lib/python3.7/site-packages/airflow/example_dags/example_xcomargs.py
[2023-08-21T23:51:06.923+0000] {logging_mixin.py:137} INFO - [2023-08-21T23:51:06.923+0000] {dag.py:2690} INFO - Sync 2 DAGs
[2023-08-21T23:51:06.950+0000] {logging_mixin.py:137} INFO - [2023-08-21T23:51:06.950+0000] {dag.py:3441} INFO - Setting next_dagrun for example_xcom_args to None, run_after=None
[2023-08-21T23:51:06.953+0000] {logging_mixin.py:137} INFO - [2023-08-21T23:51:06.953+0000] {dag.py:3441} INFO - Setting next_dagrun for example_xcom_args_with_operators to None, run_after=None
[2023-08-21T23:51:07.045+0000] {processor.py:175} INFO - Processing /home/airflow/.local/lib/python3.7/site-packages/airflow/example_dags/example_xcomargs.py took 0.179 seconds
[2023-08-21T23:51:37.527+0000] {processor.py:153} INFO - Started process (PID=315) to work on /home/airflow/.local/lib/python3.7/site-packages/airflow/example_dags/example_xcomargs.py
[2023-08-21T23:51:37.529+0000] {processor.py:743} INFO - Processing file /home/airflow/.local/lib/python3.7/site-packages/airflow/example_dags/example_xcomargs.py for tasks to queue
[2023-08-21T23:51:37.530+0000] {logging_mixin.py:137} INFO - [2023-08-21T23:51:37.529+0000] {dagbag.py:538} INFO - Filling up the DagBag from /home/airflow/.local/lib/python3.7/site-packages/airflow/example_dags/example_xcomargs.py
[2023-08-21T23:51:37.560+0000] {processor.py:753} INFO - DAG(s) dict_keys(['example_xcom_args', 'example_xcom_args_with_operators']) retrieved from /home/airflow/.local/lib/python3.7/site-packages/airflow/example_dags/example_xcomargs.py
[2023-08-21T23:51:37.591+0000] {logging_mixin.py:137} INFO - [2023-08-21T23:51:37.591+0000] {dag.py:2690} INFO - Sync 2 DAGs
[2023-08-21T23:51:37.627+0000] {logging_mixin.py:137} INFO - [2023-08-21T23:51:37.624+0000] {dag.py:3441} INFO - Setting next_dagrun for example_xcom_args to None, run_after=None
[2023-08-21T23:51:37.644+0000] {logging_mixin.py:137} INFO - [2023-08-21T23:51:37.644+0000] {dag.py:3441} INFO - Setting next_dagrun for example_xcom_args_with_operators to None, run_after=None
[2023-08-21T23:51:37.759+0000] {processor.py:175} INFO - Processing /home/airflow/.local/lib/python3.7/site-packages/airflow/example_dags/example_xcomargs.py took 0.237 seconds
[2023-08-21T23:52:08.716+0000] {processor.py:153} INFO - Started process (PID=389) to work on /home/airflow/.local/lib/python3.7/site-packages/airflow/example_dags/example_xcomargs.py
[2023-08-21T23:52:08.717+0000] {processor.py:743} INFO - Processing file /home/airflow/.local/lib/python3.7/site-packages/airflow/example_dags/example_xcomargs.py for tasks to queue
[2023-08-21T23:52:08.717+0000] {logging_mixin.py:137} INFO - [2023-08-21T23:52:08.717+0000] {dagbag.py:538} INFO - Filling up the DagBag from /home/airflow/.local/lib/python3.7/site-packages/airflow/example_dags/example_xcomargs.py
[2023-08-21T23:52:08.740+0000] {processor.py:753} INFO - DAG(s) dict_keys(['example_xcom_args', 'example_xcom_args_with_operators']) retrieved from /home/airflow/.local/lib/python3.7/site-packages/airflow/example_dags/example_xcomargs.py
[2023-08-21T23:52:08.774+0000] {logging_mixin.py:137} INFO - [2023-08-21T23:52:08.774+0000] {dag.py:2690} INFO - Sync 2 DAGs
[2023-08-21T23:52:08.803+0000] {logging_mixin.py:137} INFO - [2023-08-21T23:52:08.803+0000] {dag.py:3441} INFO - Setting next_dagrun for example_xcom_args to None, run_after=None
[2023-08-21T23:52:08.807+0000] {logging_mixin.py:137} INFO - [2023-08-21T23:52:08.807+0000] {dag.py:3441} INFO - Setting next_dagrun for example_xcom_args_with_operators to None, run_after=None
[2023-08-21T23:52:08.874+0000] {processor.py:175} INFO - Processing /home/airflow/.local/lib/python3.7/site-packages/airflow/example_dags/example_xcomargs.py took 0.161 seconds
[2023-08-21T23:52:39.553+0000] {processor.py:153} INFO - Started process (PID=452) to work on /home/airflow/.local/lib/python3.7/site-packages/airflow/example_dags/example_xcomargs.py
[2023-08-21T23:52:39.554+0000] {processor.py:743} INFO - Processing file /home/airflow/.local/lib/python3.7/site-packages/airflow/example_dags/example_xcomargs.py for tasks to queue
[2023-08-21T23:52:39.555+0000] {logging_mixin.py:137} INFO - [2023-08-21T23:52:39.555+0000] {dagbag.py:538} INFO - Filling up the DagBag from /home/airflow/.local/lib/python3.7/site-packages/airflow/example_dags/example_xcomargs.py
[2023-08-21T23:52:39.604+0000] {processor.py:753} INFO - DAG(s) dict_keys(['example_xcom_args_with_operators', 'example_xcom_args']) retrieved from /home/airflow/.local/lib/python3.7/site-packages/airflow/example_dags/example_xcomargs.py
[2023-08-21T23:52:39.644+0000] {logging_mixin.py:137} INFO - [2023-08-21T23:52:39.643+0000] {dag.py:2690} INFO - Sync 2 DAGs
[2023-08-21T23:52:39.675+0000] {logging_mixin.py:137} INFO - [2023-08-21T23:52:39.675+0000] {dag.py:3441} INFO - Setting next_dagrun for example_xcom_args to None, run_after=None
[2023-08-21T23:52:39.679+0000] {logging_mixin.py:137} INFO - [2023-08-21T23:52:39.679+0000] {dag.py:3441} INFO - Setting next_dagrun for example_xcom_args_with_operators to None, run_after=None
[2023-08-21T23:52:39.727+0000] {processor.py:175} INFO - Processing /home/airflow/.local/lib/python3.7/site-packages/airflow/example_dags/example_xcomargs.py took 0.181 seconds
[2023-08-21T23:53:10.003+0000] {processor.py:153} INFO - Started process (PID=527) to work on /home/airflow/.local/lib/python3.7/site-packages/airflow/example_dags/example_xcomargs.py
[2023-08-21T23:53:10.004+0000] {processor.py:743} INFO - Processing file /home/airflow/.local/lib/python3.7/site-packages/airflow/example_dags/example_xcomargs.py for tasks to queue
[2023-08-21T23:53:10.004+0000] {logging_mixin.py:137} INFO - [2023-08-21T23:53:10.004+0000] {dagbag.py:538} INFO - Filling up the DagBag from /home/airflow/.local/lib/python3.7/site-packages/airflow/example_dags/example_xcomargs.py
[2023-08-21T23:53:10.028+0000] {processor.py:753} INFO - DAG(s) dict_keys(['example_xcom_args_with_operators', 'example_xcom_args']) retrieved from /home/airflow/.local/lib/python3.7/site-packages/airflow/example_dags/example_xcomargs.py
[2023-08-21T23:53:10.065+0000] {logging_mixin.py:137} INFO - [2023-08-21T23:53:10.064+0000] {dag.py:2690} INFO - Sync 2 DAGs
[2023-08-21T23:53:10.094+0000] {logging_mixin.py:137} INFO - [2023-08-21T23:53:10.094+0000] {dag.py:3441} INFO - Setting next_dagrun for example_xcom_args to None, run_after=None
[2023-08-21T23:53:10.099+0000] {logging_mixin.py:137} INFO - [2023-08-21T23:53:10.099+0000] {dag.py:3441} INFO - Setting next_dagrun for example_xcom_args_with_operators to None, run_after=None
[2023-08-21T23:53:10.154+0000] {processor.py:175} INFO - Processing /home/airflow/.local/lib/python3.7/site-packages/airflow/example_dags/example_xcomargs.py took 0.155 seconds
[2023-08-21T23:53:40.302+0000] {processor.py:153} INFO - Started process (PID=590) to work on /home/airflow/.local/lib/python3.7/site-packages/airflow/example_dags/example_xcomargs.py
[2023-08-21T23:53:40.303+0000] {processor.py:743} INFO - Processing file /home/airflow/.local/lib/python3.7/site-packages/airflow/example_dags/example_xcomargs.py for tasks to queue
[2023-08-21T23:53:40.304+0000] {logging_mixin.py:137} INFO - [2023-08-21T23:53:40.304+0000] {dagbag.py:538} INFO - Filling up the DagBag from /home/airflow/.local/lib/python3.7/site-packages/airflow/example_dags/example_xcomargs.py
[2023-08-21T23:53:40.331+0000] {processor.py:753} INFO - DAG(s) dict_keys(['example_xcom_args', 'example_xcom_args_with_operators']) retrieved from /home/airflow/.local/lib/python3.7/site-packages/airflow/example_dags/example_xcomargs.py
[2023-08-21T23:53:40.362+0000] {logging_mixin.py:137} INFO - [2023-08-21T23:53:40.362+0000] {dag.py:2690} INFO - Sync 2 DAGs
[2023-08-21T23:53:40.391+0000] {logging_mixin.py:137} INFO - [2023-08-21T23:53:40.390+0000] {dag.py:3441} INFO - Setting next_dagrun for example_xcom_args to None, run_after=None
[2023-08-21T23:53:40.395+0000] {logging_mixin.py:137} INFO - [2023-08-21T23:53:40.394+0000] {dag.py:3441} INFO - Setting next_dagrun for example_xcom_args_with_operators to None, run_after=None
[2023-08-21T23:53:40.539+0000] {processor.py:175} INFO - Processing /home/airflow/.local/lib/python3.7/site-packages/airflow/example_dags/example_xcomargs.py took 0.242 seconds
[2023-08-21T23:54:11.008+0000] {processor.py:153} INFO - Started process (PID=665) to work on /home/airflow/.local/lib/python3.7/site-packages/airflow/example_dags/example_xcomargs.py
[2023-08-21T23:54:11.009+0000] {processor.py:743} INFO - Processing file /home/airflow/.local/lib/python3.7/site-packages/airflow/example_dags/example_xcomargs.py for tasks to queue
[2023-08-21T23:54:11.009+0000] {logging_mixin.py:137} INFO - [2023-08-21T23:54:11.009+0000] {dagbag.py:538} INFO - Filling up the DagBag from /home/airflow/.local/lib/python3.7/site-packages/airflow/example_dags/example_xcomargs.py
[2023-08-21T23:54:11.032+0000] {processor.py:753} INFO - DAG(s) dict_keys(['example_xcom_args_with_operators', 'example_xcom_args']) retrieved from /home/airflow/.local/lib/python3.7/site-packages/airflow/example_dags/example_xcomargs.py
[2023-08-21T23:54:11.062+0000] {logging_mixin.py:137} INFO - [2023-08-21T23:54:11.062+0000] {dag.py:2690} INFO - Sync 2 DAGs
[2023-08-21T23:54:11.090+0000] {logging_mixin.py:137} INFO - [2023-08-21T23:54:11.090+0000] {dag.py:3441} INFO - Setting next_dagrun for example_xcom_args to None, run_after=None
[2023-08-21T23:54:11.094+0000] {logging_mixin.py:137} INFO - [2023-08-21T23:54:11.094+0000] {dag.py:3441} INFO - Setting next_dagrun for example_xcom_args_with_operators to None, run_after=None
[2023-08-21T23:54:11.259+0000] {processor.py:175} INFO - Processing /home/airflow/.local/lib/python3.7/site-packages/airflow/example_dags/example_xcomargs.py took 0.254 seconds
[2023-08-21T23:54:41.414+0000] {processor.py:153} INFO - Started process (PID=728) to work on /home/airflow/.local/lib/python3.7/site-packages/airflow/example_dags/example_xcomargs.py
[2023-08-21T23:54:41.415+0000] {processor.py:743} INFO - Processing file /home/airflow/.local/lib/python3.7/site-packages/airflow/example_dags/example_xcomargs.py for tasks to queue
[2023-08-21T23:54:41.416+0000] {logging_mixin.py:137} INFO - [2023-08-21T23:54:41.415+0000] {dagbag.py:538} INFO - Filling up the DagBag from /home/airflow/.local/lib/python3.7/site-packages/airflow/example_dags/example_xcomargs.py
[2023-08-21T23:54:41.440+0000] {processor.py:753} INFO - DAG(s) dict_keys(['example_xcom_args_with_operators', 'example_xcom_args']) retrieved from /home/airflow/.local/lib/python3.7/site-packages/airflow/example_dags/example_xcomargs.py
[2023-08-21T23:54:41.472+0000] {logging_mixin.py:137} INFO - [2023-08-21T23:54:41.472+0000] {dag.py:2690} INFO - Sync 2 DAGs
[2023-08-21T23:54:41.500+0000] {logging_mixin.py:137} INFO - [2023-08-21T23:54:41.500+0000] {dag.py:3441} INFO - Setting next_dagrun for example_xcom_args to None, run_after=None
[2023-08-21T23:54:41.503+0000] {logging_mixin.py:137} INFO - [2023-08-21T23:54:41.503+0000] {dag.py:3441} INFO - Setting next_dagrun for example_xcom_args_with_operators to None, run_after=None
[2023-08-21T23:54:41.561+0000] {processor.py:175} INFO - Processing /home/airflow/.local/lib/python3.7/site-packages/airflow/example_dags/example_xcomargs.py took 0.152 seconds
[2023-08-21T23:55:11.722+0000] {processor.py:153} INFO - Started process (PID=804) to work on /home/airflow/.local/lib/python3.7/site-packages/airflow/example_dags/example_xcomargs.py
[2023-08-21T23:55:11.723+0000] {processor.py:743} INFO - Processing file /home/airflow/.local/lib/python3.7/site-packages/airflow/example_dags/example_xcomargs.py for tasks to queue
[2023-08-21T23:55:11.724+0000] {logging_mixin.py:137} INFO - [2023-08-21T23:55:11.724+0000] {dagbag.py:538} INFO - Filling up the DagBag from /home/airflow/.local/lib/python3.7/site-packages/airflow/example_dags/example_xcomargs.py
[2023-08-21T23:55:11.748+0000] {processor.py:753} INFO - DAG(s) dict_keys(['example_xcom_args', 'example_xcom_args_with_operators']) retrieved from /home/airflow/.local/lib/python3.7/site-packages/airflow/example_dags/example_xcomargs.py
[2023-08-21T23:55:11.779+0000] {logging_mixin.py:137} INFO - [2023-08-21T23:55:11.779+0000] {dag.py:2690} INFO - Sync 2 DAGs
[2023-08-21T23:55:11.806+0000] {logging_mixin.py:137} INFO - [2023-08-21T23:55:11.806+0000] {dag.py:3441} INFO - Setting next_dagrun for example_xcom_args to None, run_after=None
[2023-08-21T23:55:11.810+0000] {logging_mixin.py:137} INFO - [2023-08-21T23:55:11.810+0000] {dag.py:3441} INFO - Setting next_dagrun for example_xcom_args_with_operators to None, run_after=None
[2023-08-21T23:55:11.895+0000] {processor.py:175} INFO - Processing /home/airflow/.local/lib/python3.7/site-packages/airflow/example_dags/example_xcomargs.py took 0.179 seconds
[2023-08-21T23:55:42.313+0000] {processor.py:153} INFO - Started process (PID=868) to work on /home/airflow/.local/lib/python3.7/site-packages/airflow/example_dags/example_xcomargs.py
[2023-08-21T23:55:42.314+0000] {processor.py:743} INFO - Processing file /home/airflow/.local/lib/python3.7/site-packages/airflow/example_dags/example_xcomargs.py for tasks to queue
[2023-08-21T23:55:42.315+0000] {logging_mixin.py:137} INFO - [2023-08-21T23:55:42.314+0000] {dagbag.py:538} INFO - Filling up the DagBag from /home/airflow/.local/lib/python3.7/site-packages/airflow/example_dags/example_xcomargs.py
[2023-08-21T23:55:42.339+0000] {processor.py:753} INFO - DAG(s) dict_keys(['example_xcom_args_with_operators', 'example_xcom_args']) retrieved from /home/airflow/.local/lib/python3.7/site-packages/airflow/example_dags/example_xcomargs.py
[2023-08-21T23:55:42.368+0000] {logging_mixin.py:137} INFO - [2023-08-21T23:55:42.368+0000] {dag.py:2690} INFO - Sync 2 DAGs
[2023-08-21T23:55:42.397+0000] {logging_mixin.py:137} INFO - [2023-08-21T23:55:42.396+0000] {dag.py:3441} INFO - Setting next_dagrun for example_xcom_args to None, run_after=None
[2023-08-21T23:55:42.402+0000] {logging_mixin.py:137} INFO - [2023-08-21T23:55:42.401+0000] {dag.py:3441} INFO - Setting next_dagrun for example_xcom_args_with_operators to None, run_after=None
[2023-08-21T23:55:42.465+0000] {processor.py:175} INFO - Processing /home/airflow/.local/lib/python3.7/site-packages/airflow/example_dags/example_xcomargs.py took 0.155 seconds
[2023-08-21T23:56:12.550+0000] {processor.py:153} INFO - Started process (PID=943) to work on /home/airflow/.local/lib/python3.7/site-packages/airflow/example_dags/example_xcomargs.py
[2023-08-21T23:56:12.551+0000] {processor.py:743} INFO - Processing file /home/airflow/.local/lib/python3.7/site-packages/airflow/example_dags/example_xcomargs.py for tasks to queue
[2023-08-21T23:56:12.552+0000] {logging_mixin.py:137} INFO - [2023-08-21T23:56:12.552+0000] {dagbag.py:538} INFO - Filling up the DagBag from /home/airflow/.local/lib/python3.7/site-packages/airflow/example_dags/example_xcomargs.py
[2023-08-21T23:56:12.575+0000] {processor.py:753} INFO - DAG(s) dict_keys(['example_xcom_args', 'example_xcom_args_with_operators']) retrieved from /home/airflow/.local/lib/python3.7/site-packages/airflow/example_dags/example_xcomargs.py
[2023-08-21T23:56:12.604+0000] {logging_mixin.py:137} INFO - [2023-08-21T23:56:12.604+0000] {dag.py:2690} INFO - Sync 2 DAGs
[2023-08-21T23:56:12.630+0000] {logging_mixin.py:137} INFO - [2023-08-21T23:56:12.630+0000] {dag.py:3441} INFO - Setting next_dagrun for example_xcom_args to None, run_after=None
[2023-08-21T23:56:12.634+0000] {logging_mixin.py:137} INFO - [2023-08-21T23:56:12.634+0000] {dag.py:3441} INFO - Setting next_dagrun for example_xcom_args_with_operators to None, run_after=None
[2023-08-21T23:56:12.693+0000] {processor.py:175} INFO - Processing /home/airflow/.local/lib/python3.7/site-packages/airflow/example_dags/example_xcomargs.py took 0.147 seconds
[2023-08-21T23:56:42.848+0000] {processor.py:153} INFO - Started process (PID=1006) to work on /home/airflow/.local/lib/python3.7/site-packages/airflow/example_dags/example_xcomargs.py
[2023-08-21T23:56:42.849+0000] {processor.py:743} INFO - Processing file /home/airflow/.local/lib/python3.7/site-packages/airflow/example_dags/example_xcomargs.py for tasks to queue
[2023-08-21T23:56:42.850+0000] {logging_mixin.py:137} INFO - [2023-08-21T23:56:42.850+0000] {dagbag.py:538} INFO - Filling up the DagBag from /home/airflow/.local/lib/python3.7/site-packages/airflow/example_dags/example_xcomargs.py
[2023-08-21T23:56:42.881+0000] {processor.py:753} INFO - DAG(s) dict_keys(['example_xcom_args', 'example_xcom_args_with_operators']) retrieved from /home/airflow/.local/lib/python3.7/site-packages/airflow/example_dags/example_xcomargs.py
[2023-08-21T23:56:42.910+0000] {logging_mixin.py:137} INFO - [2023-08-21T23:56:42.910+0000] {dag.py:2690} INFO - Sync 2 DAGs
[2023-08-21T23:56:42.937+0000] {logging_mixin.py:137} INFO - [2023-08-21T23:56:42.937+0000] {dag.py:3441} INFO - Setting next_dagrun for example_xcom_args to None, run_after=None
[2023-08-21T23:56:42.940+0000] {logging_mixin.py:137} INFO - [2023-08-21T23:56:42.940+0000] {dag.py:3441} INFO - Setting next_dagrun for example_xcom_args_with_operators to None, run_after=None
[2023-08-21T23:56:43.008+0000] {processor.py:175} INFO - Processing /home/airflow/.local/lib/python3.7/site-packages/airflow/example_dags/example_xcomargs.py took 0.166 seconds
[2023-08-21T23:57:13.044+0000] {processor.py:153} INFO - Started process (PID=1081) to work on /home/airflow/.local/lib/python3.7/site-packages/airflow/example_dags/example_xcomargs.py
[2023-08-21T23:57:13.045+0000] {processor.py:743} INFO - Processing file /home/airflow/.local/lib/python3.7/site-packages/airflow/example_dags/example_xcomargs.py for tasks to queue
[2023-08-21T23:57:13.046+0000] {logging_mixin.py:137} INFO - [2023-08-21T23:57:13.046+0000] {dagbag.py:538} INFO - Filling up the DagBag from /home/airflow/.local/lib/python3.7/site-packages/airflow/example_dags/example_xcomargs.py
[2023-08-21T23:57:13.074+0000] {processor.py:753} INFO - DAG(s) dict_keys(['example_xcom_args', 'example_xcom_args_with_operators']) retrieved from /home/airflow/.local/lib/python3.7/site-packages/airflow/example_dags/example_xcomargs.py
[2023-08-21T23:57:13.106+0000] {logging_mixin.py:137} INFO - [2023-08-21T23:57:13.105+0000] {dag.py:2690} INFO - Sync 2 DAGs
[2023-08-21T23:57:13.134+0000] {logging_mixin.py:137} INFO - [2023-08-21T23:57:13.134+0000] {dag.py:3441} INFO - Setting next_dagrun for example_xcom_args to None, run_after=None
[2023-08-21T23:57:13.138+0000] {logging_mixin.py:137} INFO - [2023-08-21T23:57:13.138+0000] {dag.py:3441} INFO - Setting next_dagrun for example_xcom_args_with_operators to None, run_after=None
[2023-08-21T23:57:13.190+0000] {processor.py:175} INFO - Processing /home/airflow/.local/lib/python3.7/site-packages/airflow/example_dags/example_xcomargs.py took 0.150 seconds
[2023-08-21T23:57:43.260+0000] {processor.py:153} INFO - Started process (PID=1144) to work on /home/airflow/.local/lib/python3.7/site-packages/airflow/example_dags/example_xcomargs.py
[2023-08-21T23:57:43.261+0000] {processor.py:743} INFO - Processing file /home/airflow/.local/lib/python3.7/site-packages/airflow/example_dags/example_xcomargs.py for tasks to queue
[2023-08-21T23:57:43.262+0000] {logging_mixin.py:137} INFO - [2023-08-21T23:57:43.262+0000] {dagbag.py:538} INFO - Filling up the DagBag from /home/airflow/.local/lib/python3.7/site-packages/airflow/example_dags/example_xcomargs.py
[2023-08-21T23:57:43.284+0000] {processor.py:753} INFO - DAG(s) dict_keys(['example_xcom_args', 'example_xcom_args_with_operators']) retrieved from /home/airflow/.local/lib/python3.7/site-packages/airflow/example_dags/example_xcomargs.py
[2023-08-21T23:57:43.312+0000] {logging_mixin.py:137} INFO - [2023-08-21T23:57:43.312+0000] {dag.py:2690} INFO - Sync 2 DAGs
[2023-08-21T23:57:43.336+0000] {logging_mixin.py:137} INFO - [2023-08-21T23:57:43.336+0000] {dag.py:3441} INFO - Setting next_dagrun for example_xcom_args to None, run_after=None
[2023-08-21T23:57:43.340+0000] {logging_mixin.py:137} INFO - [2023-08-21T23:57:43.340+0000] {dag.py:3441} INFO - Setting next_dagrun for example_xcom_args_with_operators to None, run_after=None
[2023-08-21T23:57:43.457+0000] {processor.py:175} INFO - Processing /home/airflow/.local/lib/python3.7/site-packages/airflow/example_dags/example_xcomargs.py took 0.200 seconds
[2023-08-21T23:58:13.829+0000] {processor.py:153} INFO - Started process (PID=1215) to work on /home/airflow/.local/lib/python3.7/site-packages/airflow/example_dags/example_xcomargs.py
[2023-08-21T23:58:13.830+0000] {processor.py:743} INFO - Processing file /home/airflow/.local/lib/python3.7/site-packages/airflow/example_dags/example_xcomargs.py for tasks to queue
[2023-08-21T23:58:13.830+0000] {logging_mixin.py:137} INFO - [2023-08-21T23:58:13.830+0000] {dagbag.py:538} INFO - Filling up the DagBag from /home/airflow/.local/lib/python3.7/site-packages/airflow/example_dags/example_xcomargs.py
[2023-08-21T23:58:13.858+0000] {processor.py:753} INFO - DAG(s) dict_keys(['example_xcom_args_with_operators', 'example_xcom_args']) retrieved from /home/airflow/.local/lib/python3.7/site-packages/airflow/example_dags/example_xcomargs.py
[2023-08-21T23:58:13.893+0000] {logging_mixin.py:137} INFO - [2023-08-21T23:58:13.893+0000] {dag.py:2690} INFO - Sync 2 DAGs
[2023-08-21T23:58:13.922+0000] {logging_mixin.py:137} INFO - [2023-08-21T23:58:13.921+0000] {dag.py:3441} INFO - Setting next_dagrun for example_xcom_args to None, run_after=None
[2023-08-21T23:58:13.925+0000] {logging_mixin.py:137} INFO - [2023-08-21T23:58:13.925+0000] {dag.py:3441} INFO - Setting next_dagrun for example_xcom_args_with_operators to None, run_after=None
[2023-08-21T23:58:14.009+0000] {processor.py:175} INFO - Processing /home/airflow/.local/lib/python3.7/site-packages/airflow/example_dags/example_xcomargs.py took 0.184 seconds
[2023-08-21T23:58:44.050+0000] {processor.py:153} INFO - Started process (PID=1282) to work on /home/airflow/.local/lib/python3.7/site-packages/airflow/example_dags/example_xcomargs.py
[2023-08-21T23:58:44.051+0000] {processor.py:743} INFO - Processing file /home/airflow/.local/lib/python3.7/site-packages/airflow/example_dags/example_xcomargs.py for tasks to queue
[2023-08-21T23:58:44.052+0000] {logging_mixin.py:137} INFO - [2023-08-21T23:58:44.052+0000] {dagbag.py:538} INFO - Filling up the DagBag from /home/airflow/.local/lib/python3.7/site-packages/airflow/example_dags/example_xcomargs.py
[2023-08-21T23:58:44.076+0000] {processor.py:753} INFO - DAG(s) dict_keys(['example_xcom_args_with_operators', 'example_xcom_args']) retrieved from /home/airflow/.local/lib/python3.7/site-packages/airflow/example_dags/example_xcomargs.py
[2023-08-21T23:58:44.107+0000] {logging_mixin.py:137} INFO - [2023-08-21T23:58:44.107+0000] {dag.py:2690} INFO - Sync 2 DAGs
[2023-08-21T23:58:44.131+0000] {logging_mixin.py:137} INFO - [2023-08-21T23:58:44.131+0000] {dag.py:3441} INFO - Setting next_dagrun for example_xcom_args to None, run_after=None
[2023-08-21T23:58:44.135+0000] {logging_mixin.py:137} INFO - [2023-08-21T23:58:44.135+0000] {dag.py:3441} INFO - Setting next_dagrun for example_xcom_args_with_operators to None, run_after=None
[2023-08-21T23:58:44.183+0000] {processor.py:175} INFO - Processing /home/airflow/.local/lib/python3.7/site-packages/airflow/example_dags/example_xcomargs.py took 0.138 seconds
[2023-08-21T23:59:14.323+0000] {processor.py:153} INFO - Started process (PID=1344) to work on /home/airflow/.local/lib/python3.7/site-packages/airflow/example_dags/example_xcomargs.py
[2023-08-21T23:59:14.324+0000] {processor.py:743} INFO - Processing file /home/airflow/.local/lib/python3.7/site-packages/airflow/example_dags/example_xcomargs.py for tasks to queue
[2023-08-21T23:59:14.325+0000] {logging_mixin.py:137} INFO - [2023-08-21T23:59:14.324+0000] {dagbag.py:538} INFO - Filling up the DagBag from /home/airflow/.local/lib/python3.7/site-packages/airflow/example_dags/example_xcomargs.py
[2023-08-21T23:59:14.351+0000] {processor.py:753} INFO - DAG(s) dict_keys(['example_xcom_args_with_operators', 'example_xcom_args']) retrieved from /home/airflow/.local/lib/python3.7/site-packages/airflow/example_dags/example_xcomargs.py
[2023-08-21T23:59:14.383+0000] {logging_mixin.py:137} INFO - [2023-08-21T23:59:14.383+0000] {dag.py:2690} INFO - Sync 2 DAGs
[2023-08-21T23:59:14.410+0000] {logging_mixin.py:137} INFO - [2023-08-21T23:59:14.410+0000] {dag.py:3441} INFO - Setting next_dagrun for example_xcom_args to None, run_after=None
[2023-08-21T23:59:14.418+0000] {logging_mixin.py:137} INFO - [2023-08-21T23:59:14.417+0000] {dag.py:3441} INFO - Setting next_dagrun for example_xcom_args_with_operators to None, run_after=None
[2023-08-21T23:59:14.482+0000] {processor.py:175} INFO - Processing /home/airflow/.local/lib/python3.7/site-packages/airflow/example_dags/example_xcomargs.py took 0.163 seconds
[2023-08-21T23:59:44.988+0000] {processor.py:153} INFO - Started process (PID=1419) to work on /home/airflow/.local/lib/python3.7/site-packages/airflow/example_dags/example_xcomargs.py
[2023-08-21T23:59:44.989+0000] {processor.py:743} INFO - Processing file /home/airflow/.local/lib/python3.7/site-packages/airflow/example_dags/example_xcomargs.py for tasks to queue
[2023-08-21T23:59:44.989+0000] {logging_mixin.py:137} INFO - [2023-08-21T23:59:44.989+0000] {dagbag.py:538} INFO - Filling up the DagBag from /home/airflow/.local/lib/python3.7/site-packages/airflow/example_dags/example_xcomargs.py
[2023-08-21T23:59:45.014+0000] {processor.py:753} INFO - DAG(s) dict_keys(['example_xcom_args_with_operators', 'example_xcom_args']) retrieved from /home/airflow/.local/lib/python3.7/site-packages/airflow/example_dags/example_xcomargs.py
[2023-08-21T23:59:45.042+0000] {logging_mixin.py:137} INFO - [2023-08-21T23:59:45.042+0000] {dag.py:2690} INFO - Sync 2 DAGs
[2023-08-21T23:59:45.068+0000] {logging_mixin.py:137} INFO - [2023-08-21T23:59:45.068+0000] {dag.py:3441} INFO - Setting next_dagrun for example_xcom_args to None, run_after=None
[2023-08-21T23:59:45.072+0000] {logging_mixin.py:137} INFO - [2023-08-21T23:59:45.072+0000] {dag.py:3441} INFO - Setting next_dagrun for example_xcom_args_with_operators to None, run_after=None
[2023-08-21T23:59:45.144+0000] {processor.py:175} INFO - Processing /home/airflow/.local/lib/python3.7/site-packages/airflow/example_dags/example_xcomargs.py took 0.160 seconds
