[2023-08-21T23:49:44.290+0000] {processor.py:153} INFO - Started process (PID=74) to work on /home/airflow/.local/lib/python3.7/site-packages/airflow/example_dags/example_time_delta_sensor_async.py
[2023-08-21T23:49:44.291+0000] {processor.py:743} INFO - Processing file /home/airflow/.local/lib/python3.7/site-packages/airflow/example_dags/example_time_delta_sensor_async.py for tasks to queue
[2023-08-21T23:49:44.291+0000] {logging_mixin.py:137} INFO - [2023-08-21T23:49:44.291+0000] {dagbag.py:538} INFO - Filling up the DagBag from /home/airflow/.local/lib/python3.7/site-packages/airflow/example_dags/example_time_delta_sensor_async.py
[2023-08-21T23:49:44.309+0000] {processor.py:753} INFO - DAG(s) dict_keys(['example_time_delta_sensor_async']) retrieved from /home/airflow/.local/lib/python3.7/site-packages/airflow/example_dags/example_time_delta_sensor_async.py
[2023-08-21T23:49:44.514+0000] {logging_mixin.py:137} INFO - [2023-08-21T23:49:44.514+0000] {manager.py:504} INFO - Created Permission View: can edit on DAG:example_time_delta_sensor_async
[2023-08-21T23:49:44.563+0000] {logging_mixin.py:137} INFO - [2023-08-21T23:49:44.563+0000] {manager.py:504} INFO - Created Permission View: can read on DAG:example_time_delta_sensor_async
[2023-08-21T23:49:44.612+0000] {logging_mixin.py:137} INFO - [2023-08-21T23:49:44.612+0000] {manager.py:504} INFO - Created Permission View: can delete on DAG:example_time_delta_sensor_async
[2023-08-21T23:49:44.613+0000] {logging_mixin.py:137} INFO - [2023-08-21T23:49:44.613+0000] {dag.py:2690} INFO - Sync 1 DAGs
[2023-08-21T23:49:44.629+0000] {logging_mixin.py:137} INFO - [2023-08-21T23:49:44.629+0000] {dag.py:2711} INFO - Creating ORM DAG for example_time_delta_sensor_async
[2023-08-21T23:49:44.641+0000] {logging_mixin.py:137} INFO - [2023-08-21T23:49:44.641+0000] {dag.py:3441} INFO - Setting next_dagrun for example_time_delta_sensor_async to None, run_after=None
[2023-08-21T23:49:44.707+0000] {processor.py:175} INFO - Processing /home/airflow/.local/lib/python3.7/site-packages/airflow/example_dags/example_time_delta_sensor_async.py took 0.421 seconds
[2023-08-21T23:50:15.225+0000] {processor.py:153} INFO - Started process (PID=150) to work on /home/airflow/.local/lib/python3.7/site-packages/airflow/example_dags/example_time_delta_sensor_async.py
[2023-08-21T23:50:15.226+0000] {processor.py:743} INFO - Processing file /home/airflow/.local/lib/python3.7/site-packages/airflow/example_dags/example_time_delta_sensor_async.py for tasks to queue
[2023-08-21T23:50:15.227+0000] {logging_mixin.py:137} INFO - [2023-08-21T23:50:15.227+0000] {dagbag.py:538} INFO - Filling up the DagBag from /home/airflow/.local/lib/python3.7/site-packages/airflow/example_dags/example_time_delta_sensor_async.py
[2023-08-21T23:50:15.240+0000] {processor.py:753} INFO - DAG(s) dict_keys(['example_time_delta_sensor_async']) retrieved from /home/airflow/.local/lib/python3.7/site-packages/airflow/example_dags/example_time_delta_sensor_async.py
[2023-08-21T23:50:15.265+0000] {logging_mixin.py:137} INFO - [2023-08-21T23:50:15.265+0000] {dag.py:2690} INFO - Sync 1 DAGs
[2023-08-21T23:50:15.296+0000] {logging_mixin.py:137} INFO - [2023-08-21T23:50:15.296+0000] {dag.py:3441} INFO - Setting next_dagrun for example_time_delta_sensor_async to None, run_after=None
[2023-08-21T23:50:15.345+0000] {processor.py:175} INFO - Processing /home/airflow/.local/lib/python3.7/site-packages/airflow/example_dags/example_time_delta_sensor_async.py took 0.123 seconds
[2023-08-21T23:50:45.534+0000] {processor.py:153} INFO - Started process (PID=213) to work on /home/airflow/.local/lib/python3.7/site-packages/airflow/example_dags/example_time_delta_sensor_async.py
[2023-08-21T23:50:45.535+0000] {processor.py:743} INFO - Processing file /home/airflow/.local/lib/python3.7/site-packages/airflow/example_dags/example_time_delta_sensor_async.py for tasks to queue
[2023-08-21T23:50:45.535+0000] {logging_mixin.py:137} INFO - [2023-08-21T23:50:45.535+0000] {dagbag.py:538} INFO - Filling up the DagBag from /home/airflow/.local/lib/python3.7/site-packages/airflow/example_dags/example_time_delta_sensor_async.py
[2023-08-21T23:50:45.548+0000] {processor.py:753} INFO - DAG(s) dict_keys(['example_time_delta_sensor_async']) retrieved from /home/airflow/.local/lib/python3.7/site-packages/airflow/example_dags/example_time_delta_sensor_async.py
[2023-08-21T23:50:45.574+0000] {logging_mixin.py:137} INFO - [2023-08-21T23:50:45.574+0000] {dag.py:2690} INFO - Sync 1 DAGs
[2023-08-21T23:50:45.598+0000] {logging_mixin.py:137} INFO - [2023-08-21T23:50:45.598+0000] {dag.py:3441} INFO - Setting next_dagrun for example_time_delta_sensor_async to None, run_after=None
[2023-08-21T23:50:45.643+0000] {processor.py:175} INFO - Processing /home/airflow/.local/lib/python3.7/site-packages/airflow/example_dags/example_time_delta_sensor_async.py took 0.113 seconds
[2023-08-21T23:51:16.267+0000] {processor.py:153} INFO - Started process (PID=287) to work on /home/airflow/.local/lib/python3.7/site-packages/airflow/example_dags/example_time_delta_sensor_async.py
[2023-08-21T23:51:16.267+0000] {processor.py:743} INFO - Processing file /home/airflow/.local/lib/python3.7/site-packages/airflow/example_dags/example_time_delta_sensor_async.py for tasks to queue
[2023-08-21T23:51:16.268+0000] {logging_mixin.py:137} INFO - [2023-08-21T23:51:16.268+0000] {dagbag.py:538} INFO - Filling up the DagBag from /home/airflow/.local/lib/python3.7/site-packages/airflow/example_dags/example_time_delta_sensor_async.py
[2023-08-21T23:51:16.279+0000] {processor.py:753} INFO - DAG(s) dict_keys(['example_time_delta_sensor_async']) retrieved from /home/airflow/.local/lib/python3.7/site-packages/airflow/example_dags/example_time_delta_sensor_async.py
[2023-08-21T23:51:16.306+0000] {logging_mixin.py:137} INFO - [2023-08-21T23:51:16.306+0000] {dag.py:2690} INFO - Sync 1 DAGs
[2023-08-21T23:51:16.333+0000] {logging_mixin.py:137} INFO - [2023-08-21T23:51:16.333+0000] {dag.py:3441} INFO - Setting next_dagrun for example_time_delta_sensor_async to None, run_after=None
[2023-08-21T23:51:16.395+0000] {processor.py:175} INFO - Processing /home/airflow/.local/lib/python3.7/site-packages/airflow/example_dags/example_time_delta_sensor_async.py took 0.132 seconds
[2023-08-21T23:51:46.490+0000] {processor.py:153} INFO - Started process (PID=349) to work on /home/airflow/.local/lib/python3.7/site-packages/airflow/example_dags/example_time_delta_sensor_async.py
[2023-08-21T23:51:46.491+0000] {processor.py:743} INFO - Processing file /home/airflow/.local/lib/python3.7/site-packages/airflow/example_dags/example_time_delta_sensor_async.py for tasks to queue
[2023-08-21T23:51:46.491+0000] {logging_mixin.py:137} INFO - [2023-08-21T23:51:46.491+0000] {dagbag.py:538} INFO - Filling up the DagBag from /home/airflow/.local/lib/python3.7/site-packages/airflow/example_dags/example_time_delta_sensor_async.py
[2023-08-21T23:51:46.504+0000] {processor.py:753} INFO - DAG(s) dict_keys(['example_time_delta_sensor_async']) retrieved from /home/airflow/.local/lib/python3.7/site-packages/airflow/example_dags/example_time_delta_sensor_async.py
[2023-08-21T23:51:46.528+0000] {logging_mixin.py:137} INFO - [2023-08-21T23:51:46.528+0000] {dag.py:2690} INFO - Sync 1 DAGs
[2023-08-21T23:51:46.556+0000] {logging_mixin.py:137} INFO - [2023-08-21T23:51:46.555+0000] {dag.py:3441} INFO - Setting next_dagrun for example_time_delta_sensor_async to None, run_after=None
[2023-08-21T23:51:46.598+0000] {processor.py:175} INFO - Processing /home/airflow/.local/lib/python3.7/site-packages/airflow/example_dags/example_time_delta_sensor_async.py took 0.112 seconds
[2023-08-21T23:52:17.367+0000] {processor.py:153} INFO - Started process (PID=424) to work on /home/airflow/.local/lib/python3.7/site-packages/airflow/example_dags/example_time_delta_sensor_async.py
[2023-08-21T23:52:17.368+0000] {processor.py:743} INFO - Processing file /home/airflow/.local/lib/python3.7/site-packages/airflow/example_dags/example_time_delta_sensor_async.py for tasks to queue
[2023-08-21T23:52:17.369+0000] {logging_mixin.py:137} INFO - [2023-08-21T23:52:17.369+0000] {dagbag.py:538} INFO - Filling up the DagBag from /home/airflow/.local/lib/python3.7/site-packages/airflow/example_dags/example_time_delta_sensor_async.py
[2023-08-21T23:52:17.385+0000] {processor.py:753} INFO - DAG(s) dict_keys(['example_time_delta_sensor_async']) retrieved from /home/airflow/.local/lib/python3.7/site-packages/airflow/example_dags/example_time_delta_sensor_async.py
[2023-08-21T23:52:17.417+0000] {logging_mixin.py:137} INFO - [2023-08-21T23:52:17.417+0000] {dag.py:2690} INFO - Sync 1 DAGs
[2023-08-21T23:52:17.447+0000] {logging_mixin.py:137} INFO - [2023-08-21T23:52:17.447+0000] {dag.py:3441} INFO - Setting next_dagrun for example_time_delta_sensor_async to None, run_after=None
[2023-08-21T23:52:17.491+0000] {processor.py:175} INFO - Processing /home/airflow/.local/lib/python3.7/site-packages/airflow/example_dags/example_time_delta_sensor_async.py took 0.129 seconds
[2023-08-21T23:52:47.782+0000] {processor.py:153} INFO - Started process (PID=486) to work on /home/airflow/.local/lib/python3.7/site-packages/airflow/example_dags/example_time_delta_sensor_async.py
[2023-08-21T23:52:47.783+0000] {processor.py:743} INFO - Processing file /home/airflow/.local/lib/python3.7/site-packages/airflow/example_dags/example_time_delta_sensor_async.py for tasks to queue
[2023-08-21T23:52:47.783+0000] {logging_mixin.py:137} INFO - [2023-08-21T23:52:47.783+0000] {dagbag.py:538} INFO - Filling up the DagBag from /home/airflow/.local/lib/python3.7/site-packages/airflow/example_dags/example_time_delta_sensor_async.py
[2023-08-21T23:52:47.799+0000] {processor.py:753} INFO - DAG(s) dict_keys(['example_time_delta_sensor_async']) retrieved from /home/airflow/.local/lib/python3.7/site-packages/airflow/example_dags/example_time_delta_sensor_async.py
[2023-08-21T23:52:47.827+0000] {logging_mixin.py:137} INFO - [2023-08-21T23:52:47.827+0000] {dag.py:2690} INFO - Sync 1 DAGs
[2023-08-21T23:52:47.855+0000] {logging_mixin.py:137} INFO - [2023-08-21T23:52:47.855+0000] {dag.py:3441} INFO - Setting next_dagrun for example_time_delta_sensor_async to None, run_after=None
[2023-08-21T23:52:47.902+0000] {processor.py:175} INFO - Processing /home/airflow/.local/lib/python3.7/site-packages/airflow/example_dags/example_time_delta_sensor_async.py took 0.124 seconds
[2023-08-21T23:53:18.118+0000] {processor.py:153} INFO - Started process (PID=562) to work on /home/airflow/.local/lib/python3.7/site-packages/airflow/example_dags/example_time_delta_sensor_async.py
[2023-08-21T23:53:18.125+0000] {processor.py:743} INFO - Processing file /home/airflow/.local/lib/python3.7/site-packages/airflow/example_dags/example_time_delta_sensor_async.py for tasks to queue
[2023-08-21T23:53:18.127+0000] {logging_mixin.py:137} INFO - [2023-08-21T23:53:18.126+0000] {dagbag.py:538} INFO - Filling up the DagBag from /home/airflow/.local/lib/python3.7/site-packages/airflow/example_dags/example_time_delta_sensor_async.py
[2023-08-21T23:53:18.157+0000] {processor.py:753} INFO - DAG(s) dict_keys(['example_time_delta_sensor_async']) retrieved from /home/airflow/.local/lib/python3.7/site-packages/airflow/example_dags/example_time_delta_sensor_async.py
[2023-08-21T23:53:18.187+0000] {logging_mixin.py:137} INFO - [2023-08-21T23:53:18.187+0000] {dag.py:2690} INFO - Sync 1 DAGs
[2023-08-21T23:53:18.215+0000] {logging_mixin.py:137} INFO - [2023-08-21T23:53:18.215+0000] {dag.py:3441} INFO - Setting next_dagrun for example_time_delta_sensor_async to None, run_after=None
[2023-08-21T23:53:18.265+0000] {processor.py:175} INFO - Processing /home/airflow/.local/lib/python3.7/site-packages/airflow/example_dags/example_time_delta_sensor_async.py took 0.152 seconds
[2023-08-21T23:53:48.345+0000] {processor.py:153} INFO - Started process (PID=624) to work on /home/airflow/.local/lib/python3.7/site-packages/airflow/example_dags/example_time_delta_sensor_async.py
[2023-08-21T23:53:48.346+0000] {processor.py:743} INFO - Processing file /home/airflow/.local/lib/python3.7/site-packages/airflow/example_dags/example_time_delta_sensor_async.py for tasks to queue
[2023-08-21T23:53:48.347+0000] {logging_mixin.py:137} INFO - [2023-08-21T23:53:48.347+0000] {dagbag.py:538} INFO - Filling up the DagBag from /home/airflow/.local/lib/python3.7/site-packages/airflow/example_dags/example_time_delta_sensor_async.py
[2023-08-21T23:53:48.360+0000] {processor.py:753} INFO - DAG(s) dict_keys(['example_time_delta_sensor_async']) retrieved from /home/airflow/.local/lib/python3.7/site-packages/airflow/example_dags/example_time_delta_sensor_async.py
[2023-08-21T23:53:48.385+0000] {logging_mixin.py:137} INFO - [2023-08-21T23:53:48.384+0000] {dag.py:2690} INFO - Sync 1 DAGs
[2023-08-21T23:53:48.411+0000] {logging_mixin.py:137} INFO - [2023-08-21T23:53:48.411+0000] {dag.py:3441} INFO - Setting next_dagrun for example_time_delta_sensor_async to None, run_after=None
[2023-08-21T23:53:48.463+0000] {processor.py:175} INFO - Processing /home/airflow/.local/lib/python3.7/site-packages/airflow/example_dags/example_time_delta_sensor_async.py took 0.121 seconds
[2023-08-21T23:54:18.843+0000] {processor.py:153} INFO - Started process (PID=688) to work on /home/airflow/.local/lib/python3.7/site-packages/airflow/example_dags/example_time_delta_sensor_async.py
[2023-08-21T23:54:18.844+0000] {processor.py:743} INFO - Processing file /home/airflow/.local/lib/python3.7/site-packages/airflow/example_dags/example_time_delta_sensor_async.py for tasks to queue
[2023-08-21T23:54:18.844+0000] {logging_mixin.py:137} INFO - [2023-08-21T23:54:18.844+0000] {dagbag.py:538} INFO - Filling up the DagBag from /home/airflow/.local/lib/python3.7/site-packages/airflow/example_dags/example_time_delta_sensor_async.py
[2023-08-21T23:54:18.860+0000] {processor.py:753} INFO - DAG(s) dict_keys(['example_time_delta_sensor_async']) retrieved from /home/airflow/.local/lib/python3.7/site-packages/airflow/example_dags/example_time_delta_sensor_async.py
[2023-08-21T23:54:18.889+0000] {logging_mixin.py:137} INFO - [2023-08-21T23:54:18.889+0000] {dag.py:2690} INFO - Sync 1 DAGs
[2023-08-21T23:54:18.927+0000] {logging_mixin.py:137} INFO - [2023-08-21T23:54:18.927+0000] {dag.py:3441} INFO - Setting next_dagrun for example_time_delta_sensor_async to None, run_after=None
[2023-08-21T23:54:18.979+0000] {processor.py:175} INFO - Processing /home/airflow/.local/lib/python3.7/site-packages/airflow/example_dags/example_time_delta_sensor_async.py took 0.140 seconds
[2023-08-21T23:54:49.471+0000] {processor.py:153} INFO - Started process (PID=763) to work on /home/airflow/.local/lib/python3.7/site-packages/airflow/example_dags/example_time_delta_sensor_async.py
[2023-08-21T23:54:49.472+0000] {processor.py:743} INFO - Processing file /home/airflow/.local/lib/python3.7/site-packages/airflow/example_dags/example_time_delta_sensor_async.py for tasks to queue
[2023-08-21T23:54:49.472+0000] {logging_mixin.py:137} INFO - [2023-08-21T23:54:49.472+0000] {dagbag.py:538} INFO - Filling up the DagBag from /home/airflow/.local/lib/python3.7/site-packages/airflow/example_dags/example_time_delta_sensor_async.py
[2023-08-21T23:54:49.484+0000] {processor.py:753} INFO - DAG(s) dict_keys(['example_time_delta_sensor_async']) retrieved from /home/airflow/.local/lib/python3.7/site-packages/airflow/example_dags/example_time_delta_sensor_async.py
[2023-08-21T23:54:49.512+0000] {logging_mixin.py:137} INFO - [2023-08-21T23:54:49.512+0000] {dag.py:2690} INFO - Sync 1 DAGs
[2023-08-21T23:54:49.539+0000] {logging_mixin.py:137} INFO - [2023-08-21T23:54:49.539+0000] {dag.py:3441} INFO - Setting next_dagrun for example_time_delta_sensor_async to None, run_after=None
[2023-08-21T23:54:49.687+0000] {processor.py:175} INFO - Processing /home/airflow/.local/lib/python3.7/site-packages/airflow/example_dags/example_time_delta_sensor_async.py took 0.219 seconds
[2023-08-21T23:55:19.820+0000] {processor.py:153} INFO - Started process (PID=827) to work on /home/airflow/.local/lib/python3.7/site-packages/airflow/example_dags/example_time_delta_sensor_async.py
[2023-08-21T23:55:19.821+0000] {processor.py:743} INFO - Processing file /home/airflow/.local/lib/python3.7/site-packages/airflow/example_dags/example_time_delta_sensor_async.py for tasks to queue
[2023-08-21T23:55:19.822+0000] {logging_mixin.py:137} INFO - [2023-08-21T23:55:19.822+0000] {dagbag.py:538} INFO - Filling up the DagBag from /home/airflow/.local/lib/python3.7/site-packages/airflow/example_dags/example_time_delta_sensor_async.py
[2023-08-21T23:55:19.835+0000] {processor.py:753} INFO - DAG(s) dict_keys(['example_time_delta_sensor_async']) retrieved from /home/airflow/.local/lib/python3.7/site-packages/airflow/example_dags/example_time_delta_sensor_async.py
[2023-08-21T23:55:19.869+0000] {logging_mixin.py:137} INFO - [2023-08-21T23:55:19.869+0000] {dag.py:2690} INFO - Sync 1 DAGs
[2023-08-21T23:55:19.899+0000] {logging_mixin.py:137} INFO - [2023-08-21T23:55:19.899+0000] {dag.py:3441} INFO - Setting next_dagrun for example_time_delta_sensor_async to None, run_after=None
[2023-08-21T23:55:19.976+0000] {processor.py:175} INFO - Processing /home/airflow/.local/lib/python3.7/site-packages/airflow/example_dags/example_time_delta_sensor_async.py took 0.161 seconds
[2023-08-21T23:55:50.330+0000] {processor.py:153} INFO - Started process (PID=903) to work on /home/airflow/.local/lib/python3.7/site-packages/airflow/example_dags/example_time_delta_sensor_async.py
[2023-08-21T23:55:50.331+0000] {processor.py:743} INFO - Processing file /home/airflow/.local/lib/python3.7/site-packages/airflow/example_dags/example_time_delta_sensor_async.py for tasks to queue
[2023-08-21T23:55:50.332+0000] {logging_mixin.py:137} INFO - [2023-08-21T23:55:50.332+0000] {dagbag.py:538} INFO - Filling up the DagBag from /home/airflow/.local/lib/python3.7/site-packages/airflow/example_dags/example_time_delta_sensor_async.py
[2023-08-21T23:55:50.346+0000] {processor.py:753} INFO - DAG(s) dict_keys(['example_time_delta_sensor_async']) retrieved from /home/airflow/.local/lib/python3.7/site-packages/airflow/example_dags/example_time_delta_sensor_async.py
[2023-08-21T23:55:50.372+0000] {logging_mixin.py:137} INFO - [2023-08-21T23:55:50.372+0000] {dag.py:2690} INFO - Sync 1 DAGs
[2023-08-21T23:55:50.401+0000] {logging_mixin.py:137} INFO - [2023-08-21T23:55:50.401+0000] {dag.py:3441} INFO - Setting next_dagrun for example_time_delta_sensor_async to None, run_after=None
[2023-08-21T23:55:50.447+0000] {processor.py:175} INFO - Processing /home/airflow/.local/lib/python3.7/site-packages/airflow/example_dags/example_time_delta_sensor_async.py took 0.121 seconds
[2023-08-21T23:56:20.518+0000] {processor.py:153} INFO - Started process (PID=966) to work on /home/airflow/.local/lib/python3.7/site-packages/airflow/example_dags/example_time_delta_sensor_async.py
[2023-08-21T23:56:20.518+0000] {processor.py:743} INFO - Processing file /home/airflow/.local/lib/python3.7/site-packages/airflow/example_dags/example_time_delta_sensor_async.py for tasks to queue
[2023-08-21T23:56:20.519+0000] {logging_mixin.py:137} INFO - [2023-08-21T23:56:20.519+0000] {dagbag.py:538} INFO - Filling up the DagBag from /home/airflow/.local/lib/python3.7/site-packages/airflow/example_dags/example_time_delta_sensor_async.py
[2023-08-21T23:56:20.533+0000] {processor.py:753} INFO - DAG(s) dict_keys(['example_time_delta_sensor_async']) retrieved from /home/airflow/.local/lib/python3.7/site-packages/airflow/example_dags/example_time_delta_sensor_async.py
[2023-08-21T23:56:20.558+0000] {logging_mixin.py:137} INFO - [2023-08-21T23:56:20.558+0000] {dag.py:2690} INFO - Sync 1 DAGs
[2023-08-21T23:56:20.591+0000] {logging_mixin.py:137} INFO - [2023-08-21T23:56:20.591+0000] {dag.py:3441} INFO - Setting next_dagrun for example_time_delta_sensor_async to None, run_after=None
[2023-08-21T23:56:20.650+0000] {processor.py:175} INFO - Processing /home/airflow/.local/lib/python3.7/site-packages/airflow/example_dags/example_time_delta_sensor_async.py took 0.136 seconds
[2023-08-21T23:56:50.778+0000] {processor.py:153} INFO - Started process (PID=1041) to work on /home/airflow/.local/lib/python3.7/site-packages/airflow/example_dags/example_time_delta_sensor_async.py
[2023-08-21T23:56:50.779+0000] {processor.py:743} INFO - Processing file /home/airflow/.local/lib/python3.7/site-packages/airflow/example_dags/example_time_delta_sensor_async.py for tasks to queue
[2023-08-21T23:56:50.780+0000] {logging_mixin.py:137} INFO - [2023-08-21T23:56:50.780+0000] {dagbag.py:538} INFO - Filling up the DagBag from /home/airflow/.local/lib/python3.7/site-packages/airflow/example_dags/example_time_delta_sensor_async.py
[2023-08-21T23:56:50.799+0000] {processor.py:753} INFO - DAG(s) dict_keys(['example_time_delta_sensor_async']) retrieved from /home/airflow/.local/lib/python3.7/site-packages/airflow/example_dags/example_time_delta_sensor_async.py
[2023-08-21T23:56:50.828+0000] {logging_mixin.py:137} INFO - [2023-08-21T23:56:50.828+0000] {dag.py:2690} INFO - Sync 1 DAGs
[2023-08-21T23:56:50.857+0000] {logging_mixin.py:137} INFO - [2023-08-21T23:56:50.857+0000] {dag.py:3441} INFO - Setting next_dagrun for example_time_delta_sensor_async to None, run_after=None
[2023-08-21T23:56:50.904+0000] {processor.py:175} INFO - Processing /home/airflow/.local/lib/python3.7/site-packages/airflow/example_dags/example_time_delta_sensor_async.py took 0.132 seconds
[2023-08-21T23:57:21.017+0000] {processor.py:153} INFO - Started process (PID=1104) to work on /home/airflow/.local/lib/python3.7/site-packages/airflow/example_dags/example_time_delta_sensor_async.py
[2023-08-21T23:57:21.018+0000] {processor.py:743} INFO - Processing file /home/airflow/.local/lib/python3.7/site-packages/airflow/example_dags/example_time_delta_sensor_async.py for tasks to queue
[2023-08-21T23:57:21.019+0000] {logging_mixin.py:137} INFO - [2023-08-21T23:57:21.019+0000] {dagbag.py:538} INFO - Filling up the DagBag from /home/airflow/.local/lib/python3.7/site-packages/airflow/example_dags/example_time_delta_sensor_async.py
[2023-08-21T23:57:21.032+0000] {processor.py:753} INFO - DAG(s) dict_keys(['example_time_delta_sensor_async']) retrieved from /home/airflow/.local/lib/python3.7/site-packages/airflow/example_dags/example_time_delta_sensor_async.py
[2023-08-21T23:57:21.057+0000] {logging_mixin.py:137} INFO - [2023-08-21T23:57:21.057+0000] {dag.py:2690} INFO - Sync 1 DAGs
[2023-08-21T23:57:21.082+0000] {logging_mixin.py:137} INFO - [2023-08-21T23:57:21.082+0000] {dag.py:3441} INFO - Setting next_dagrun for example_time_delta_sensor_async to None, run_after=None
[2023-08-21T23:57:21.124+0000] {processor.py:175} INFO - Processing /home/airflow/.local/lib/python3.7/site-packages/airflow/example_dags/example_time_delta_sensor_async.py took 0.110 seconds
[2023-08-21T23:57:51.500+0000] {processor.py:153} INFO - Started process (PID=1178) to work on /home/airflow/.local/lib/python3.7/site-packages/airflow/example_dags/example_time_delta_sensor_async.py
[2023-08-21T23:57:51.501+0000] {processor.py:743} INFO - Processing file /home/airflow/.local/lib/python3.7/site-packages/airflow/example_dags/example_time_delta_sensor_async.py for tasks to queue
[2023-08-21T23:57:51.502+0000] {logging_mixin.py:137} INFO - [2023-08-21T23:57:51.502+0000] {dagbag.py:538} INFO - Filling up the DagBag from /home/airflow/.local/lib/python3.7/site-packages/airflow/example_dags/example_time_delta_sensor_async.py
[2023-08-21T23:57:51.520+0000] {processor.py:753} INFO - DAG(s) dict_keys(['example_time_delta_sensor_async']) retrieved from /home/airflow/.local/lib/python3.7/site-packages/airflow/example_dags/example_time_delta_sensor_async.py
[2023-08-21T23:57:51.550+0000] {logging_mixin.py:137} INFO - [2023-08-21T23:57:51.550+0000] {dag.py:2690} INFO - Sync 1 DAGs
[2023-08-21T23:57:51.582+0000] {logging_mixin.py:137} INFO - [2023-08-21T23:57:51.582+0000] {dag.py:3441} INFO - Setting next_dagrun for example_time_delta_sensor_async to None, run_after=None
[2023-08-21T23:57:51.641+0000] {processor.py:175} INFO - Processing /home/airflow/.local/lib/python3.7/site-packages/airflow/example_dags/example_time_delta_sensor_async.py took 0.145 seconds
[2023-08-21T23:58:21.706+0000] {processor.py:153} INFO - Started process (PID=1241) to work on /home/airflow/.local/lib/python3.7/site-packages/airflow/example_dags/example_time_delta_sensor_async.py
[2023-08-21T23:58:21.707+0000] {processor.py:743} INFO - Processing file /home/airflow/.local/lib/python3.7/site-packages/airflow/example_dags/example_time_delta_sensor_async.py for tasks to queue
[2023-08-21T23:58:21.708+0000] {logging_mixin.py:137} INFO - [2023-08-21T23:58:21.708+0000] {dagbag.py:538} INFO - Filling up the DagBag from /home/airflow/.local/lib/python3.7/site-packages/airflow/example_dags/example_time_delta_sensor_async.py
[2023-08-21T23:58:21.724+0000] {processor.py:753} INFO - DAG(s) dict_keys(['example_time_delta_sensor_async']) retrieved from /home/airflow/.local/lib/python3.7/site-packages/airflow/example_dags/example_time_delta_sensor_async.py
[2023-08-21T23:58:21.750+0000] {logging_mixin.py:137} INFO - [2023-08-21T23:58:21.750+0000] {dag.py:2690} INFO - Sync 1 DAGs
[2023-08-21T23:58:21.774+0000] {logging_mixin.py:137} INFO - [2023-08-21T23:58:21.774+0000] {dag.py:3441} INFO - Setting next_dagrun for example_time_delta_sensor_async to None, run_after=None
[2023-08-21T23:58:21.814+0000] {processor.py:175} INFO - Processing /home/airflow/.local/lib/python3.7/site-packages/airflow/example_dags/example_time_delta_sensor_async.py took 0.112 seconds
[2023-08-21T23:58:52.120+0000] {processor.py:153} INFO - Started process (PID=1316) to work on /home/airflow/.local/lib/python3.7/site-packages/airflow/example_dags/example_time_delta_sensor_async.py
[2023-08-21T23:58:52.122+0000] {processor.py:743} INFO - Processing file /home/airflow/.local/lib/python3.7/site-packages/airflow/example_dags/example_time_delta_sensor_async.py for tasks to queue
[2023-08-21T23:58:52.122+0000] {logging_mixin.py:137} INFO - [2023-08-21T23:58:52.122+0000] {dagbag.py:538} INFO - Filling up the DagBag from /home/airflow/.local/lib/python3.7/site-packages/airflow/example_dags/example_time_delta_sensor_async.py
[2023-08-21T23:58:52.139+0000] {processor.py:753} INFO - DAG(s) dict_keys(['example_time_delta_sensor_async']) retrieved from /home/airflow/.local/lib/python3.7/site-packages/airflow/example_dags/example_time_delta_sensor_async.py
[2023-08-21T23:58:52.170+0000] {logging_mixin.py:137} INFO - [2023-08-21T23:58:52.170+0000] {dag.py:2690} INFO - Sync 1 DAGs
[2023-08-21T23:58:52.200+0000] {logging_mixin.py:137} INFO - [2023-08-21T23:58:52.200+0000] {dag.py:3441} INFO - Setting next_dagrun for example_time_delta_sensor_async to None, run_after=None
[2023-08-21T23:58:52.256+0000] {processor.py:175} INFO - Processing /home/airflow/.local/lib/python3.7/site-packages/airflow/example_dags/example_time_delta_sensor_async.py took 0.143 seconds
[2023-08-21T23:59:22.717+0000] {processor.py:153} INFO - Started process (PID=1379) to work on /home/airflow/.local/lib/python3.7/site-packages/airflow/example_dags/example_time_delta_sensor_async.py
[2023-08-21T23:59:22.718+0000] {processor.py:743} INFO - Processing file /home/airflow/.local/lib/python3.7/site-packages/airflow/example_dags/example_time_delta_sensor_async.py for tasks to queue
[2023-08-21T23:59:22.719+0000] {logging_mixin.py:137} INFO - [2023-08-21T23:59:22.719+0000] {dagbag.py:538} INFO - Filling up the DagBag from /home/airflow/.local/lib/python3.7/site-packages/airflow/example_dags/example_time_delta_sensor_async.py
[2023-08-21T23:59:22.733+0000] {processor.py:753} INFO - DAG(s) dict_keys(['example_time_delta_sensor_async']) retrieved from /home/airflow/.local/lib/python3.7/site-packages/airflow/example_dags/example_time_delta_sensor_async.py
[2023-08-21T23:59:22.759+0000] {logging_mixin.py:137} INFO - [2023-08-21T23:59:22.758+0000] {dag.py:2690} INFO - Sync 1 DAGs
[2023-08-21T23:59:22.786+0000] {logging_mixin.py:137} INFO - [2023-08-21T23:59:22.785+0000] {dag.py:3441} INFO - Setting next_dagrun for example_time_delta_sensor_async to None, run_after=None
[2023-08-21T23:59:22.835+0000] {processor.py:175} INFO - Processing /home/airflow/.local/lib/python3.7/site-packages/airflow/example_dags/example_time_delta_sensor_async.py took 0.122 seconds
[2023-08-21T23:59:53.021+0000] {processor.py:153} INFO - Started process (PID=1451) to work on /home/airflow/.local/lib/python3.7/site-packages/airflow/example_dags/example_time_delta_sensor_async.py
[2023-08-21T23:59:53.022+0000] {processor.py:743} INFO - Processing file /home/airflow/.local/lib/python3.7/site-packages/airflow/example_dags/example_time_delta_sensor_async.py for tasks to queue
[2023-08-21T23:59:53.024+0000] {logging_mixin.py:137} INFO - [2023-08-21T23:59:53.023+0000] {dagbag.py:538} INFO - Filling up the DagBag from /home/airflow/.local/lib/python3.7/site-packages/airflow/example_dags/example_time_delta_sensor_async.py
[2023-08-21T23:59:53.045+0000] {processor.py:753} INFO - DAG(s) dict_keys(['example_time_delta_sensor_async']) retrieved from /home/airflow/.local/lib/python3.7/site-packages/airflow/example_dags/example_time_delta_sensor_async.py
[2023-08-21T23:59:53.076+0000] {logging_mixin.py:137} INFO - [2023-08-21T23:59:53.076+0000] {dag.py:2690} INFO - Sync 1 DAGs
[2023-08-21T23:59:53.110+0000] {logging_mixin.py:137} INFO - [2023-08-21T23:59:53.109+0000] {dag.py:3441} INFO - Setting next_dagrun for example_time_delta_sensor_async to None, run_after=None
[2023-08-21T23:59:53.161+0000] {processor.py:175} INFO - Processing /home/airflow/.local/lib/python3.7/site-packages/airflow/example_dags/example_time_delta_sensor_async.py took 0.146 seconds
