[2023-08-21T23:49:45.100+0000] {processor.py:153} INFO - Started process (PID=77) to work on /home/airflow/.local/lib/python3.7/site-packages/airflow/example_dags/example_short_circuit_operator.py
[2023-08-21T23:49:45.101+0000] {processor.py:743} INFO - Processing file /home/airflow/.local/lib/python3.7/site-packages/airflow/example_dags/example_short_circuit_operator.py for tasks to queue
[2023-08-21T23:49:45.102+0000] {logging_mixin.py:137} INFO - [2023-08-21T23:49:45.102+0000] {dagbag.py:538} INFO - Filling up the DagBag from /home/airflow/.local/lib/python3.7/site-packages/airflow/example_dags/example_short_circuit_operator.py
[2023-08-21T23:49:45.125+0000] {processor.py:753} INFO - DAG(s) dict_keys(['example_short_circuit_operator']) retrieved from /home/airflow/.local/lib/python3.7/site-packages/airflow/example_dags/example_short_circuit_operator.py
[2023-08-21T23:49:45.371+0000] {logging_mixin.py:137} INFO - [2023-08-21T23:49:45.371+0000] {manager.py:504} INFO - Created Permission View: can edit on DAG:example_short_circuit_operator
[2023-08-21T23:49:45.407+0000] {logging_mixin.py:137} INFO - [2023-08-21T23:49:45.407+0000] {manager.py:504} INFO - Created Permission View: can read on DAG:example_short_circuit_operator
[2023-08-21T23:49:45.443+0000] {logging_mixin.py:137} INFO - [2023-08-21T23:49:45.443+0000] {manager.py:504} INFO - Created Permission View: can delete on DAG:example_short_circuit_operator
[2023-08-21T23:49:45.443+0000] {logging_mixin.py:137} INFO - [2023-08-21T23:49:45.443+0000] {dag.py:2690} INFO - Sync 1 DAGs
[2023-08-21T23:49:45.473+0000] {logging_mixin.py:137} INFO - [2023-08-21T23:49:45.472+0000] {dag.py:2711} INFO - Creating ORM DAG for example_short_circuit_operator
[2023-08-21T23:49:45.490+0000] {logging_mixin.py:137} INFO - [2023-08-21T23:49:45.490+0000] {dag.py:3441} INFO - Setting next_dagrun for example_short_circuit_operator to 2023-08-20T23:49:45.489812+00:00, run_after=2023-08-21T23:49:45.489812+00:00
[2023-08-21T23:49:45.546+0000] {processor.py:175} INFO - Processing /home/airflow/.local/lib/python3.7/site-packages/airflow/example_dags/example_short_circuit_operator.py took 0.451 seconds
[2023-08-21T23:50:16.430+0000] {processor.py:153} INFO - Started process (PID=153) to work on /home/airflow/.local/lib/python3.7/site-packages/airflow/example_dags/example_short_circuit_operator.py
[2023-08-21T23:50:16.431+0000] {processor.py:743} INFO - Processing file /home/airflow/.local/lib/python3.7/site-packages/airflow/example_dags/example_short_circuit_operator.py for tasks to queue
[2023-08-21T23:50:16.432+0000] {logging_mixin.py:137} INFO - [2023-08-21T23:50:16.432+0000] {dagbag.py:538} INFO - Filling up the DagBag from /home/airflow/.local/lib/python3.7/site-packages/airflow/example_dags/example_short_circuit_operator.py
[2023-08-21T23:50:16.451+0000] {processor.py:753} INFO - DAG(s) dict_keys(['example_short_circuit_operator']) retrieved from /home/airflow/.local/lib/python3.7/site-packages/airflow/example_dags/example_short_circuit_operator.py
[2023-08-21T23:50:16.478+0000] {logging_mixin.py:137} INFO - [2023-08-21T23:50:16.478+0000] {dag.py:2690} INFO - Sync 1 DAGs
[2023-08-21T23:50:16.508+0000] {logging_mixin.py:137} INFO - [2023-08-21T23:50:16.508+0000] {dag.py:3441} INFO - Setting next_dagrun for example_short_circuit_operator to 2023-08-20T23:50:16.508371+00:00, run_after=2023-08-21T23:50:16.508371+00:00
[2023-08-21T23:50:16.624+0000] {processor.py:175} INFO - Processing /home/airflow/.local/lib/python3.7/site-packages/airflow/example_dags/example_short_circuit_operator.py took 0.198 seconds
[2023-08-21T23:50:46.766+0000] {processor.py:153} INFO - Started process (PID=216) to work on /home/airflow/.local/lib/python3.7/site-packages/airflow/example_dags/example_short_circuit_operator.py
[2023-08-21T23:50:46.767+0000] {processor.py:743} INFO - Processing file /home/airflow/.local/lib/python3.7/site-packages/airflow/example_dags/example_short_circuit_operator.py for tasks to queue
[2023-08-21T23:50:46.767+0000] {logging_mixin.py:137} INFO - [2023-08-21T23:50:46.767+0000] {dagbag.py:538} INFO - Filling up the DagBag from /home/airflow/.local/lib/python3.7/site-packages/airflow/example_dags/example_short_circuit_operator.py
[2023-08-21T23:50:46.786+0000] {processor.py:753} INFO - DAG(s) dict_keys(['example_short_circuit_operator']) retrieved from /home/airflow/.local/lib/python3.7/site-packages/airflow/example_dags/example_short_circuit_operator.py
[2023-08-21T23:50:46.815+0000] {logging_mixin.py:137} INFO - [2023-08-21T23:50:46.815+0000] {dag.py:2690} INFO - Sync 1 DAGs
[2023-08-21T23:50:46.843+0000] {logging_mixin.py:137} INFO - [2023-08-21T23:50:46.843+0000] {dag.py:3441} INFO - Setting next_dagrun for example_short_circuit_operator to 2023-08-20T23:50:46.843367+00:00, run_after=2023-08-21T23:50:46.843367+00:00
[2023-08-21T23:50:46.892+0000] {processor.py:175} INFO - Processing /home/airflow/.local/lib/python3.7/site-packages/airflow/example_dags/example_short_circuit_operator.py took 0.131 seconds
[2023-08-21T23:51:17.494+0000] {processor.py:153} INFO - Started process (PID=290) to work on /home/airflow/.local/lib/python3.7/site-packages/airflow/example_dags/example_short_circuit_operator.py
[2023-08-21T23:51:17.495+0000] {processor.py:743} INFO - Processing file /home/airflow/.local/lib/python3.7/site-packages/airflow/example_dags/example_short_circuit_operator.py for tasks to queue
[2023-08-21T23:51:17.496+0000] {logging_mixin.py:137} INFO - [2023-08-21T23:51:17.496+0000] {dagbag.py:538} INFO - Filling up the DagBag from /home/airflow/.local/lib/python3.7/site-packages/airflow/example_dags/example_short_circuit_operator.py
[2023-08-21T23:51:17.511+0000] {processor.py:753} INFO - DAG(s) dict_keys(['example_short_circuit_operator']) retrieved from /home/airflow/.local/lib/python3.7/site-packages/airflow/example_dags/example_short_circuit_operator.py
[2023-08-21T23:51:17.536+0000] {logging_mixin.py:137} INFO - [2023-08-21T23:51:17.536+0000] {dag.py:2690} INFO - Sync 1 DAGs
[2023-08-21T23:51:17.560+0000] {logging_mixin.py:137} INFO - [2023-08-21T23:51:17.560+0000] {dag.py:3441} INFO - Setting next_dagrun for example_short_circuit_operator to 2023-08-20T23:51:17.560546+00:00, run_after=2023-08-21T23:51:17.560546+00:00
[2023-08-21T23:51:17.632+0000] {processor.py:175} INFO - Processing /home/airflow/.local/lib/python3.7/site-packages/airflow/example_dags/example_short_circuit_operator.py took 0.142 seconds
[2023-08-21T23:51:47.674+0000] {processor.py:153} INFO - Started process (PID=352) to work on /home/airflow/.local/lib/python3.7/site-packages/airflow/example_dags/example_short_circuit_operator.py
[2023-08-21T23:51:47.675+0000] {processor.py:743} INFO - Processing file /home/airflow/.local/lib/python3.7/site-packages/airflow/example_dags/example_short_circuit_operator.py for tasks to queue
[2023-08-21T23:51:47.676+0000] {logging_mixin.py:137} INFO - [2023-08-21T23:51:47.676+0000] {dagbag.py:538} INFO - Filling up the DagBag from /home/airflow/.local/lib/python3.7/site-packages/airflow/example_dags/example_short_circuit_operator.py
[2023-08-21T23:51:47.691+0000] {processor.py:753} INFO - DAG(s) dict_keys(['example_short_circuit_operator']) retrieved from /home/airflow/.local/lib/python3.7/site-packages/airflow/example_dags/example_short_circuit_operator.py
[2023-08-21T23:51:47.714+0000] {logging_mixin.py:137} INFO - [2023-08-21T23:51:47.714+0000] {dag.py:2690} INFO - Sync 1 DAGs
[2023-08-21T23:51:47.737+0000] {logging_mixin.py:137} INFO - [2023-08-21T23:51:47.737+0000] {dag.py:3441} INFO - Setting next_dagrun for example_short_circuit_operator to 2023-08-20T23:51:47.736771+00:00, run_after=2023-08-21T23:51:47.736771+00:00
[2023-08-21T23:51:47.805+0000] {processor.py:175} INFO - Processing /home/airflow/.local/lib/python3.7/site-packages/airflow/example_dags/example_short_circuit_operator.py took 0.135 seconds
[2023-08-21T23:52:18.592+0000] {processor.py:153} INFO - Started process (PID=427) to work on /home/airflow/.local/lib/python3.7/site-packages/airflow/example_dags/example_short_circuit_operator.py
[2023-08-21T23:52:18.593+0000] {processor.py:743} INFO - Processing file /home/airflow/.local/lib/python3.7/site-packages/airflow/example_dags/example_short_circuit_operator.py for tasks to queue
[2023-08-21T23:52:18.594+0000] {logging_mixin.py:137} INFO - [2023-08-21T23:52:18.594+0000] {dagbag.py:538} INFO - Filling up the DagBag from /home/airflow/.local/lib/python3.7/site-packages/airflow/example_dags/example_short_circuit_operator.py
[2023-08-21T23:52:18.612+0000] {processor.py:753} INFO - DAG(s) dict_keys(['example_short_circuit_operator']) retrieved from /home/airflow/.local/lib/python3.7/site-packages/airflow/example_dags/example_short_circuit_operator.py
[2023-08-21T23:52:18.640+0000] {logging_mixin.py:137} INFO - [2023-08-21T23:52:18.640+0000] {dag.py:2690} INFO - Sync 1 DAGs
[2023-08-21T23:52:18.667+0000] {logging_mixin.py:137} INFO - [2023-08-21T23:52:18.667+0000] {dag.py:3441} INFO - Setting next_dagrun for example_short_circuit_operator to 2023-08-20T23:52:18.666837+00:00, run_after=2023-08-21T23:52:18.666837+00:00
[2023-08-21T23:52:18.711+0000] {processor.py:175} INFO - Processing /home/airflow/.local/lib/python3.7/site-packages/airflow/example_dags/example_short_circuit_operator.py took 0.122 seconds
[2023-08-21T23:52:48.989+0000] {processor.py:153} INFO - Started process (PID=489) to work on /home/airflow/.local/lib/python3.7/site-packages/airflow/example_dags/example_short_circuit_operator.py
[2023-08-21T23:52:48.990+0000] {processor.py:743} INFO - Processing file /home/airflow/.local/lib/python3.7/site-packages/airflow/example_dags/example_short_circuit_operator.py for tasks to queue
[2023-08-21T23:52:48.991+0000] {logging_mixin.py:137} INFO - [2023-08-21T23:52:48.991+0000] {dagbag.py:538} INFO - Filling up the DagBag from /home/airflow/.local/lib/python3.7/site-packages/airflow/example_dags/example_short_circuit_operator.py
[2023-08-21T23:52:49.019+0000] {processor.py:753} INFO - DAG(s) dict_keys(['example_short_circuit_operator']) retrieved from /home/airflow/.local/lib/python3.7/site-packages/airflow/example_dags/example_short_circuit_operator.py
[2023-08-21T23:52:49.054+0000] {logging_mixin.py:137} INFO - [2023-08-21T23:52:49.053+0000] {dag.py:2690} INFO - Sync 1 DAGs
[2023-08-21T23:52:49.081+0000] {logging_mixin.py:137} INFO - [2023-08-21T23:52:49.081+0000] {dag.py:3441} INFO - Setting next_dagrun for example_short_circuit_operator to 2023-08-20T23:52:49.080869+00:00, run_after=2023-08-21T23:52:49.080869+00:00
[2023-08-21T23:52:49.130+0000] {processor.py:175} INFO - Processing /home/airflow/.local/lib/python3.7/site-packages/airflow/example_dags/example_short_circuit_operator.py took 0.146 seconds
[2023-08-21T23:53:19.338+0000] {processor.py:153} INFO - Started process (PID=565) to work on /home/airflow/.local/lib/python3.7/site-packages/airflow/example_dags/example_short_circuit_operator.py
[2023-08-21T23:53:19.339+0000] {processor.py:743} INFO - Processing file /home/airflow/.local/lib/python3.7/site-packages/airflow/example_dags/example_short_circuit_operator.py for tasks to queue
[2023-08-21T23:53:19.339+0000] {logging_mixin.py:137} INFO - [2023-08-21T23:53:19.339+0000] {dagbag.py:538} INFO - Filling up the DagBag from /home/airflow/.local/lib/python3.7/site-packages/airflow/example_dags/example_short_circuit_operator.py
[2023-08-21T23:53:19.356+0000] {processor.py:753} INFO - DAG(s) dict_keys(['example_short_circuit_operator']) retrieved from /home/airflow/.local/lib/python3.7/site-packages/airflow/example_dags/example_short_circuit_operator.py
[2023-08-21T23:53:19.385+0000] {logging_mixin.py:137} INFO - [2023-08-21T23:53:19.385+0000] {dag.py:2690} INFO - Sync 1 DAGs
[2023-08-21T23:53:19.413+0000] {logging_mixin.py:137} INFO - [2023-08-21T23:53:19.413+0000] {dag.py:3441} INFO - Setting next_dagrun for example_short_circuit_operator to 2023-08-20T23:53:19.413183+00:00, run_after=2023-08-21T23:53:19.413183+00:00
[2023-08-21T23:53:19.462+0000] {processor.py:175} INFO - Processing /home/airflow/.local/lib/python3.7/site-packages/airflow/example_dags/example_short_circuit_operator.py took 0.128 seconds
[2023-08-21T23:53:49.553+0000] {processor.py:153} INFO - Started process (PID=627) to work on /home/airflow/.local/lib/python3.7/site-packages/airflow/example_dags/example_short_circuit_operator.py
[2023-08-21T23:53:49.554+0000] {processor.py:743} INFO - Processing file /home/airflow/.local/lib/python3.7/site-packages/airflow/example_dags/example_short_circuit_operator.py for tasks to queue
[2023-08-21T23:53:49.555+0000] {logging_mixin.py:137} INFO - [2023-08-21T23:53:49.554+0000] {dagbag.py:538} INFO - Filling up the DagBag from /home/airflow/.local/lib/python3.7/site-packages/airflow/example_dags/example_short_circuit_operator.py
[2023-08-21T23:53:49.573+0000] {processor.py:753} INFO - DAG(s) dict_keys(['example_short_circuit_operator']) retrieved from /home/airflow/.local/lib/python3.7/site-packages/airflow/example_dags/example_short_circuit_operator.py
[2023-08-21T23:53:49.601+0000] {logging_mixin.py:137} INFO - [2023-08-21T23:53:49.600+0000] {dag.py:2690} INFO - Sync 1 DAGs
[2023-08-21T23:53:49.626+0000] {logging_mixin.py:137} INFO - [2023-08-21T23:53:49.626+0000] {dag.py:3441} INFO - Setting next_dagrun for example_short_circuit_operator to 2023-08-20T23:53:49.625955+00:00, run_after=2023-08-21T23:53:49.625955+00:00
[2023-08-21T23:53:50.043+0000] {processor.py:175} INFO - Processing /home/airflow/.local/lib/python3.7/site-packages/airflow/example_dags/example_short_circuit_operator.py took 0.495 seconds
[2023-08-21T23:54:20.191+0000] {processor.py:153} INFO - Started process (PID=700) to work on /home/airflow/.local/lib/python3.7/site-packages/airflow/example_dags/example_short_circuit_operator.py
[2023-08-21T23:54:20.193+0000] {processor.py:743} INFO - Processing file /home/airflow/.local/lib/python3.7/site-packages/airflow/example_dags/example_short_circuit_operator.py for tasks to queue
[2023-08-21T23:54:20.194+0000] {logging_mixin.py:137} INFO - [2023-08-21T23:54:20.194+0000] {dagbag.py:538} INFO - Filling up the DagBag from /home/airflow/.local/lib/python3.7/site-packages/airflow/example_dags/example_short_circuit_operator.py
[2023-08-21T23:54:20.243+0000] {processor.py:753} INFO - DAG(s) dict_keys(['example_short_circuit_operator']) retrieved from /home/airflow/.local/lib/python3.7/site-packages/airflow/example_dags/example_short_circuit_operator.py
[2023-08-21T23:54:20.307+0000] {logging_mixin.py:137} INFO - [2023-08-21T23:54:20.307+0000] {dag.py:2690} INFO - Sync 1 DAGs
[2023-08-21T23:54:20.340+0000] {logging_mixin.py:137} INFO - [2023-08-21T23:54:20.340+0000] {dag.py:3441} INFO - Setting next_dagrun for example_short_circuit_operator to 2023-08-20T23:54:20.340158+00:00, run_after=2023-08-21T23:54:20.340158+00:00
[2023-08-21T23:54:20.395+0000] {processor.py:175} INFO - Processing /home/airflow/.local/lib/python3.7/site-packages/airflow/example_dags/example_short_circuit_operator.py took 0.210 seconds
[2023-08-21T23:54:50.762+0000] {processor.py:153} INFO - Started process (PID=766) to work on /home/airflow/.local/lib/python3.7/site-packages/airflow/example_dags/example_short_circuit_operator.py
[2023-08-21T23:54:50.763+0000] {processor.py:743} INFO - Processing file /home/airflow/.local/lib/python3.7/site-packages/airflow/example_dags/example_short_circuit_operator.py for tasks to queue
[2023-08-21T23:54:50.763+0000] {logging_mixin.py:137} INFO - [2023-08-21T23:54:50.763+0000] {dagbag.py:538} INFO - Filling up the DagBag from /home/airflow/.local/lib/python3.7/site-packages/airflow/example_dags/example_short_circuit_operator.py
[2023-08-21T23:54:50.781+0000] {processor.py:753} INFO - DAG(s) dict_keys(['example_short_circuit_operator']) retrieved from /home/airflow/.local/lib/python3.7/site-packages/airflow/example_dags/example_short_circuit_operator.py
[2023-08-21T23:54:50.810+0000] {logging_mixin.py:137} INFO - [2023-08-21T23:54:50.810+0000] {dag.py:2690} INFO - Sync 1 DAGs
[2023-08-21T23:54:50.843+0000] {logging_mixin.py:137} INFO - [2023-08-21T23:54:50.843+0000] {dag.py:3441} INFO - Setting next_dagrun for example_short_circuit_operator to 2023-08-20T23:54:50.843527+00:00, run_after=2023-08-21T23:54:50.843527+00:00
[2023-08-21T23:54:50.884+0000] {processor.py:175} INFO - Processing /home/airflow/.local/lib/python3.7/site-packages/airflow/example_dags/example_short_circuit_operator.py took 0.127 seconds
[2023-08-21T23:55:21.050+0000] {processor.py:153} INFO - Started process (PID=837) to work on /home/airflow/.local/lib/python3.7/site-packages/airflow/example_dags/example_short_circuit_operator.py
[2023-08-21T23:55:21.053+0000] {processor.py:743} INFO - Processing file /home/airflow/.local/lib/python3.7/site-packages/airflow/example_dags/example_short_circuit_operator.py for tasks to queue
[2023-08-21T23:55:21.056+0000] {logging_mixin.py:137} INFO - [2023-08-21T23:55:21.055+0000] {dagbag.py:538} INFO - Filling up the DagBag from /home/airflow/.local/lib/python3.7/site-packages/airflow/example_dags/example_short_circuit_operator.py
[2023-08-21T23:55:21.083+0000] {processor.py:753} INFO - DAG(s) dict_keys(['example_short_circuit_operator']) retrieved from /home/airflow/.local/lib/python3.7/site-packages/airflow/example_dags/example_short_circuit_operator.py
[2023-08-21T23:55:21.114+0000] {logging_mixin.py:137} INFO - [2023-08-21T23:55:21.114+0000] {dag.py:2690} INFO - Sync 1 DAGs
[2023-08-21T23:55:21.146+0000] {logging_mixin.py:137} INFO - [2023-08-21T23:55:21.145+0000] {dag.py:3441} INFO - Setting next_dagrun for example_short_circuit_operator to 2023-08-20T23:55:21.145577+00:00, run_after=2023-08-21T23:55:21.145577+00:00
[2023-08-21T23:55:21.235+0000] {processor.py:175} INFO - Processing /home/airflow/.local/lib/python3.7/site-packages/airflow/example_dags/example_short_circuit_operator.py took 0.190 seconds
[2023-08-21T23:55:51.540+0000] {processor.py:153} INFO - Started process (PID=906) to work on /home/airflow/.local/lib/python3.7/site-packages/airflow/example_dags/example_short_circuit_operator.py
[2023-08-21T23:55:51.541+0000] {processor.py:743} INFO - Processing file /home/airflow/.local/lib/python3.7/site-packages/airflow/example_dags/example_short_circuit_operator.py for tasks to queue
[2023-08-21T23:55:51.542+0000] {logging_mixin.py:137} INFO - [2023-08-21T23:55:51.542+0000] {dagbag.py:538} INFO - Filling up the DagBag from /home/airflow/.local/lib/python3.7/site-packages/airflow/example_dags/example_short_circuit_operator.py
[2023-08-21T23:55:51.569+0000] {processor.py:753} INFO - DAG(s) dict_keys(['example_short_circuit_operator']) retrieved from /home/airflow/.local/lib/python3.7/site-packages/airflow/example_dags/example_short_circuit_operator.py
[2023-08-21T23:55:51.597+0000] {logging_mixin.py:137} INFO - [2023-08-21T23:55:51.597+0000] {dag.py:2690} INFO - Sync 1 DAGs
[2023-08-21T23:55:51.628+0000] {logging_mixin.py:137} INFO - [2023-08-21T23:55:51.627+0000] {dag.py:3441} INFO - Setting next_dagrun for example_short_circuit_operator to 2023-08-20T23:55:51.627655+00:00, run_after=2023-08-21T23:55:51.627655+00:00
[2023-08-21T23:55:51.690+0000] {processor.py:175} INFO - Processing /home/airflow/.local/lib/python3.7/site-packages/airflow/example_dags/example_short_circuit_operator.py took 0.156 seconds
[2023-08-21T23:56:21.739+0000] {processor.py:153} INFO - Started process (PID=969) to work on /home/airflow/.local/lib/python3.7/site-packages/airflow/example_dags/example_short_circuit_operator.py
[2023-08-21T23:56:21.740+0000] {processor.py:743} INFO - Processing file /home/airflow/.local/lib/python3.7/site-packages/airflow/example_dags/example_short_circuit_operator.py for tasks to queue
[2023-08-21T23:56:21.741+0000] {logging_mixin.py:137} INFO - [2023-08-21T23:56:21.741+0000] {dagbag.py:538} INFO - Filling up the DagBag from /home/airflow/.local/lib/python3.7/site-packages/airflow/example_dags/example_short_circuit_operator.py
[2023-08-21T23:56:21.767+0000] {processor.py:753} INFO - DAG(s) dict_keys(['example_short_circuit_operator']) retrieved from /home/airflow/.local/lib/python3.7/site-packages/airflow/example_dags/example_short_circuit_operator.py
[2023-08-21T23:56:21.798+0000] {logging_mixin.py:137} INFO - [2023-08-21T23:56:21.798+0000] {dag.py:2690} INFO - Sync 1 DAGs
[2023-08-21T23:56:21.828+0000] {logging_mixin.py:137} INFO - [2023-08-21T23:56:21.828+0000] {dag.py:3441} INFO - Setting next_dagrun for example_short_circuit_operator to 2023-08-20T23:56:21.827850+00:00, run_after=2023-08-21T23:56:21.827850+00:00
[2023-08-21T23:56:21.877+0000] {processor.py:175} INFO - Processing /home/airflow/.local/lib/python3.7/site-packages/airflow/example_dags/example_short_circuit_operator.py took 0.144 seconds
[2023-08-21T23:56:51.989+0000] {processor.py:153} INFO - Started process (PID=1044) to work on /home/airflow/.local/lib/python3.7/site-packages/airflow/example_dags/example_short_circuit_operator.py
[2023-08-21T23:56:51.990+0000] {processor.py:743} INFO - Processing file /home/airflow/.local/lib/python3.7/site-packages/airflow/example_dags/example_short_circuit_operator.py for tasks to queue
[2023-08-21T23:56:51.990+0000] {logging_mixin.py:137} INFO - [2023-08-21T23:56:51.990+0000] {dagbag.py:538} INFO - Filling up the DagBag from /home/airflow/.local/lib/python3.7/site-packages/airflow/example_dags/example_short_circuit_operator.py
[2023-08-21T23:56:52.008+0000] {processor.py:753} INFO - DAG(s) dict_keys(['example_short_circuit_operator']) retrieved from /home/airflow/.local/lib/python3.7/site-packages/airflow/example_dags/example_short_circuit_operator.py
[2023-08-21T23:56:52.037+0000] {logging_mixin.py:137} INFO - [2023-08-21T23:56:52.037+0000] {dag.py:2690} INFO - Sync 1 DAGs
[2023-08-21T23:56:52.066+0000] {logging_mixin.py:137} INFO - [2023-08-21T23:56:52.066+0000] {dag.py:3441} INFO - Setting next_dagrun for example_short_circuit_operator to 2023-08-20T23:56:52.066032+00:00, run_after=2023-08-21T23:56:52.066032+00:00
[2023-08-21T23:56:52.164+0000] {processor.py:175} INFO - Processing /home/airflow/.local/lib/python3.7/site-packages/airflow/example_dags/example_short_circuit_operator.py took 0.179 seconds
[2023-08-21T23:57:22.200+0000] {processor.py:153} INFO - Started process (PID=1107) to work on /home/airflow/.local/lib/python3.7/site-packages/airflow/example_dags/example_short_circuit_operator.py
[2023-08-21T23:57:22.201+0000] {processor.py:743} INFO - Processing file /home/airflow/.local/lib/python3.7/site-packages/airflow/example_dags/example_short_circuit_operator.py for tasks to queue
[2023-08-21T23:57:22.202+0000] {logging_mixin.py:137} INFO - [2023-08-21T23:57:22.202+0000] {dagbag.py:538} INFO - Filling up the DagBag from /home/airflow/.local/lib/python3.7/site-packages/airflow/example_dags/example_short_circuit_operator.py
[2023-08-21T23:57:22.220+0000] {processor.py:753} INFO - DAG(s) dict_keys(['example_short_circuit_operator']) retrieved from /home/airflow/.local/lib/python3.7/site-packages/airflow/example_dags/example_short_circuit_operator.py
[2023-08-21T23:57:22.248+0000] {logging_mixin.py:137} INFO - [2023-08-21T23:57:22.248+0000] {dag.py:2690} INFO - Sync 1 DAGs
[2023-08-21T23:57:22.276+0000] {logging_mixin.py:137} INFO - [2023-08-21T23:57:22.276+0000] {dag.py:3441} INFO - Setting next_dagrun for example_short_circuit_operator to 2023-08-20T23:57:22.275835+00:00, run_after=2023-08-21T23:57:22.275835+00:00
[2023-08-21T23:57:22.349+0000] {processor.py:175} INFO - Processing /home/airflow/.local/lib/python3.7/site-packages/airflow/example_dags/example_short_circuit_operator.py took 0.153 seconds
[2023-08-21T23:57:52.767+0000] {processor.py:153} INFO - Started process (PID=1181) to work on /home/airflow/.local/lib/python3.7/site-packages/airflow/example_dags/example_short_circuit_operator.py
[2023-08-21T23:57:52.768+0000] {processor.py:743} INFO - Processing file /home/airflow/.local/lib/python3.7/site-packages/airflow/example_dags/example_short_circuit_operator.py for tasks to queue
[2023-08-21T23:57:52.768+0000] {logging_mixin.py:137} INFO - [2023-08-21T23:57:52.768+0000] {dagbag.py:538} INFO - Filling up the DagBag from /home/airflow/.local/lib/python3.7/site-packages/airflow/example_dags/example_short_circuit_operator.py
[2023-08-21T23:57:52.785+0000] {processor.py:753} INFO - DAG(s) dict_keys(['example_short_circuit_operator']) retrieved from /home/airflow/.local/lib/python3.7/site-packages/airflow/example_dags/example_short_circuit_operator.py
[2023-08-21T23:57:52.819+0000] {logging_mixin.py:137} INFO - [2023-08-21T23:57:52.818+0000] {dag.py:2690} INFO - Sync 1 DAGs
[2023-08-21T23:57:52.847+0000] {logging_mixin.py:137} INFO - [2023-08-21T23:57:52.846+0000] {dag.py:3441} INFO - Setting next_dagrun for example_short_circuit_operator to 2023-08-20T23:57:52.846724+00:00, run_after=2023-08-21T23:57:52.846724+00:00
[2023-08-21T23:57:52.898+0000] {processor.py:175} INFO - Processing /home/airflow/.local/lib/python3.7/site-packages/airflow/example_dags/example_short_circuit_operator.py took 0.136 seconds
[2023-08-21T23:58:22.985+0000] {processor.py:153} INFO - Started process (PID=1244) to work on /home/airflow/.local/lib/python3.7/site-packages/airflow/example_dags/example_short_circuit_operator.py
[2023-08-21T23:58:22.986+0000] {processor.py:743} INFO - Processing file /home/airflow/.local/lib/python3.7/site-packages/airflow/example_dags/example_short_circuit_operator.py for tasks to queue
[2023-08-21T23:58:22.986+0000] {logging_mixin.py:137} INFO - [2023-08-21T23:58:22.986+0000] {dagbag.py:538} INFO - Filling up the DagBag from /home/airflow/.local/lib/python3.7/site-packages/airflow/example_dags/example_short_circuit_operator.py
[2023-08-21T23:58:23.003+0000] {processor.py:753} INFO - DAG(s) dict_keys(['example_short_circuit_operator']) retrieved from /home/airflow/.local/lib/python3.7/site-packages/airflow/example_dags/example_short_circuit_operator.py
[2023-08-21T23:58:23.029+0000] {logging_mixin.py:137} INFO - [2023-08-21T23:58:23.029+0000] {dag.py:2690} INFO - Sync 1 DAGs
[2023-08-21T23:58:23.056+0000] {logging_mixin.py:137} INFO - [2023-08-21T23:58:23.055+0000] {dag.py:3441} INFO - Setting next_dagrun for example_short_circuit_operator to 2023-08-20T23:58:23.055621+00:00, run_after=2023-08-21T23:58:23.055621+00:00
[2023-08-21T23:58:23.129+0000] {processor.py:175} INFO - Processing /home/airflow/.local/lib/python3.7/site-packages/airflow/example_dags/example_short_circuit_operator.py took 0.149 seconds
[2023-08-21T23:58:53.362+0000] {processor.py:153} INFO - Started process (PID=1319) to work on /home/airflow/.local/lib/python3.7/site-packages/airflow/example_dags/example_short_circuit_operator.py
[2023-08-21T23:58:53.363+0000] {processor.py:743} INFO - Processing file /home/airflow/.local/lib/python3.7/site-packages/airflow/example_dags/example_short_circuit_operator.py for tasks to queue
[2023-08-21T23:58:53.363+0000] {logging_mixin.py:137} INFO - [2023-08-21T23:58:53.363+0000] {dagbag.py:538} INFO - Filling up the DagBag from /home/airflow/.local/lib/python3.7/site-packages/airflow/example_dags/example_short_circuit_operator.py
[2023-08-21T23:58:53.382+0000] {processor.py:753} INFO - DAG(s) dict_keys(['example_short_circuit_operator']) retrieved from /home/airflow/.local/lib/python3.7/site-packages/airflow/example_dags/example_short_circuit_operator.py
[2023-08-21T23:58:53.409+0000] {logging_mixin.py:137} INFO - [2023-08-21T23:58:53.409+0000] {dag.py:2690} INFO - Sync 1 DAGs
[2023-08-21T23:58:53.437+0000] {logging_mixin.py:137} INFO - [2023-08-21T23:58:53.437+0000] {dag.py:3441} INFO - Setting next_dagrun for example_short_circuit_operator to 2023-08-20T23:58:53.437350+00:00, run_after=2023-08-21T23:58:53.437350+00:00
[2023-08-21T23:58:53.482+0000] {processor.py:175} INFO - Processing /home/airflow/.local/lib/python3.7/site-packages/airflow/example_dags/example_short_circuit_operator.py took 0.124 seconds
[2023-08-21T23:59:23.910+0000] {processor.py:153} INFO - Started process (PID=1382) to work on /home/airflow/.local/lib/python3.7/site-packages/airflow/example_dags/example_short_circuit_operator.py
[2023-08-21T23:59:23.911+0000] {processor.py:743} INFO - Processing file /home/airflow/.local/lib/python3.7/site-packages/airflow/example_dags/example_short_circuit_operator.py for tasks to queue
[2023-08-21T23:59:23.912+0000] {logging_mixin.py:137} INFO - [2023-08-21T23:59:23.912+0000] {dagbag.py:538} INFO - Filling up the DagBag from /home/airflow/.local/lib/python3.7/site-packages/airflow/example_dags/example_short_circuit_operator.py
[2023-08-21T23:59:23.930+0000] {processor.py:753} INFO - DAG(s) dict_keys(['example_short_circuit_operator']) retrieved from /home/airflow/.local/lib/python3.7/site-packages/airflow/example_dags/example_short_circuit_operator.py
[2023-08-21T23:59:23.957+0000] {logging_mixin.py:137} INFO - [2023-08-21T23:59:23.957+0000] {dag.py:2690} INFO - Sync 1 DAGs
[2023-08-21T23:59:23.985+0000] {logging_mixin.py:137} INFO - [2023-08-21T23:59:23.985+0000] {dag.py:3441} INFO - Setting next_dagrun for example_short_circuit_operator to 2023-08-20T23:59:23.984695+00:00, run_after=2023-08-21T23:59:23.984695+00:00
[2023-08-21T23:59:24.111+0000] {processor.py:175} INFO - Processing /home/airflow/.local/lib/python3.7/site-packages/airflow/example_dags/example_short_circuit_operator.py took 0.204 seconds
[2023-08-21T23:59:54.298+0000] {processor.py:153} INFO - Started process (PID=1457) to work on /home/airflow/.local/lib/python3.7/site-packages/airflow/example_dags/example_short_circuit_operator.py
[2023-08-21T23:59:54.299+0000] {processor.py:743} INFO - Processing file /home/airflow/.local/lib/python3.7/site-packages/airflow/example_dags/example_short_circuit_operator.py for tasks to queue
[2023-08-21T23:59:54.300+0000] {logging_mixin.py:137} INFO - [2023-08-21T23:59:54.300+0000] {dagbag.py:538} INFO - Filling up the DagBag from /home/airflow/.local/lib/python3.7/site-packages/airflow/example_dags/example_short_circuit_operator.py
[2023-08-21T23:59:54.322+0000] {processor.py:753} INFO - DAG(s) dict_keys(['example_short_circuit_operator']) retrieved from /home/airflow/.local/lib/python3.7/site-packages/airflow/example_dags/example_short_circuit_operator.py
[2023-08-21T23:59:54.362+0000] {logging_mixin.py:137} INFO - [2023-08-21T23:59:54.362+0000] {dag.py:2690} INFO - Sync 1 DAGs
[2023-08-21T23:59:54.396+0000] {logging_mixin.py:137} INFO - [2023-08-21T23:59:54.396+0000] {dag.py:3441} INFO - Setting next_dagrun for example_short_circuit_operator to 2023-08-20T23:59:54.396166+00:00, run_after=2023-08-21T23:59:54.396166+00:00
[2023-08-21T23:59:54.467+0000] {processor.py:175} INFO - Processing /home/airflow/.local/lib/python3.7/site-packages/airflow/example_dags/example_short_circuit_operator.py took 0.174 seconds
