[2023-08-21T23:49:38.653+0000] {processor.py:153} INFO - Started process (PID=61) to work on /home/airflow/.local/lib/python3.7/site-packages/airflow/example_dags/example_latest_only.py
[2023-08-21T23:49:38.654+0000] {processor.py:743} INFO - Processing file /home/airflow/.local/lib/python3.7/site-packages/airflow/example_dags/example_latest_only.py for tasks to queue
[2023-08-21T23:49:38.655+0000] {logging_mixin.py:137} INFO - [2023-08-21T23:49:38.655+0000] {dagbag.py:538} INFO - Filling up the DagBag from /home/airflow/.local/lib/python3.7/site-packages/airflow/example_dags/example_latest_only.py
[2023-08-21T23:49:38.673+0000] {processor.py:753} INFO - DAG(s) dict_keys(['latest_only']) retrieved from /home/airflow/.local/lib/python3.7/site-packages/airflow/example_dags/example_latest_only.py
[2023-08-21T23:49:38.874+0000] {logging_mixin.py:137} INFO - [2023-08-21T23:49:38.874+0000] {manager.py:504} INFO - Created Permission View: can edit on DAG:latest_only
[2023-08-21T23:49:38.924+0000] {logging_mixin.py:137} INFO - [2023-08-21T23:49:38.923+0000] {manager.py:504} INFO - Created Permission View: can read on DAG:latest_only
[2023-08-21T23:49:38.973+0000] {logging_mixin.py:137} INFO - [2023-08-21T23:49:38.973+0000] {manager.py:504} INFO - Created Permission View: can delete on DAG:latest_only
[2023-08-21T23:49:38.973+0000] {logging_mixin.py:137} INFO - [2023-08-21T23:49:38.973+0000] {dag.py:2690} INFO - Sync 1 DAGs
[2023-08-21T23:49:38.990+0000] {logging_mixin.py:137} INFO - [2023-08-21T23:49:38.990+0000] {dag.py:2711} INFO - Creating ORM DAG for latest_only
[2023-08-21T23:49:39.004+0000] {logging_mixin.py:137} INFO - [2023-08-21T23:49:39.004+0000] {dag.py:3441} INFO - Setting next_dagrun for latest_only to 2023-08-21T19:49:39.003974+00:00, run_after=2023-08-21T23:49:39.003974+00:00
[2023-08-21T23:49:39.057+0000] {processor.py:175} INFO - Processing /home/airflow/.local/lib/python3.7/site-packages/airflow/example_dags/example_latest_only.py took 0.409 seconds
[2023-08-21T23:50:09.838+0000] {processor.py:153} INFO - Started process (PID=124) to work on /home/airflow/.local/lib/python3.7/site-packages/airflow/example_dags/example_latest_only.py
[2023-08-21T23:50:09.839+0000] {processor.py:743} INFO - Processing file /home/airflow/.local/lib/python3.7/site-packages/airflow/example_dags/example_latest_only.py for tasks to queue
[2023-08-21T23:50:09.840+0000] {logging_mixin.py:137} INFO - [2023-08-21T23:50:09.840+0000] {dagbag.py:538} INFO - Filling up the DagBag from /home/airflow/.local/lib/python3.7/site-packages/airflow/example_dags/example_latest_only.py
[2023-08-21T23:50:09.856+0000] {processor.py:753} INFO - DAG(s) dict_keys(['latest_only']) retrieved from /home/airflow/.local/lib/python3.7/site-packages/airflow/example_dags/example_latest_only.py
[2023-08-21T23:50:09.885+0000] {logging_mixin.py:137} INFO - [2023-08-21T23:50:09.885+0000] {dag.py:2690} INFO - Sync 1 DAGs
[2023-08-21T23:50:09.922+0000] {logging_mixin.py:137} INFO - [2023-08-21T23:50:09.921+0000] {dag.py:3441} INFO - Setting next_dagrun for latest_only to 2023-08-21T19:50:09.921486+00:00, run_after=2023-08-21T23:50:09.921486+00:00
[2023-08-21T23:50:09.972+0000] {processor.py:175} INFO - Processing /home/airflow/.local/lib/python3.7/site-packages/airflow/example_dags/example_latest_only.py took 0.138 seconds
[2023-08-21T23:50:40.384+0000] {processor.py:153} INFO - Started process (PID=200) to work on /home/airflow/.local/lib/python3.7/site-packages/airflow/example_dags/example_latest_only.py
[2023-08-21T23:50:40.385+0000] {processor.py:743} INFO - Processing file /home/airflow/.local/lib/python3.7/site-packages/airflow/example_dags/example_latest_only.py for tasks to queue
[2023-08-21T23:50:40.386+0000] {logging_mixin.py:137} INFO - [2023-08-21T23:50:40.386+0000] {dagbag.py:538} INFO - Filling up the DagBag from /home/airflow/.local/lib/python3.7/site-packages/airflow/example_dags/example_latest_only.py
[2023-08-21T23:50:40.398+0000] {processor.py:753} INFO - DAG(s) dict_keys(['latest_only']) retrieved from /home/airflow/.local/lib/python3.7/site-packages/airflow/example_dags/example_latest_only.py
[2023-08-21T23:50:40.422+0000] {logging_mixin.py:137} INFO - [2023-08-21T23:50:40.422+0000] {dag.py:2690} INFO - Sync 1 DAGs
[2023-08-21T23:50:40.453+0000] {logging_mixin.py:137} INFO - [2023-08-21T23:50:40.453+0000] {dag.py:3441} INFO - Setting next_dagrun for latest_only to 2023-08-21T19:50:40.453207+00:00, run_after=2023-08-21T23:50:40.453207+00:00
[2023-08-21T23:50:40.524+0000] {processor.py:175} INFO - Processing /home/airflow/.local/lib/python3.7/site-packages/airflow/example_dags/example_latest_only.py took 0.143 seconds
[2023-08-21T23:51:10.733+0000] {processor.py:153} INFO - Started process (PID=262) to work on /home/airflow/.local/lib/python3.7/site-packages/airflow/example_dags/example_latest_only.py
[2023-08-21T23:51:10.733+0000] {processor.py:743} INFO - Processing file /home/airflow/.local/lib/python3.7/site-packages/airflow/example_dags/example_latest_only.py for tasks to queue
[2023-08-21T23:51:10.734+0000] {logging_mixin.py:137} INFO - [2023-08-21T23:51:10.734+0000] {dagbag.py:538} INFO - Filling up the DagBag from /home/airflow/.local/lib/python3.7/site-packages/airflow/example_dags/example_latest_only.py
[2023-08-21T23:51:10.746+0000] {processor.py:753} INFO - DAG(s) dict_keys(['latest_only']) retrieved from /home/airflow/.local/lib/python3.7/site-packages/airflow/example_dags/example_latest_only.py
[2023-08-21T23:51:10.770+0000] {logging_mixin.py:137} INFO - [2023-08-21T23:51:10.770+0000] {dag.py:2690} INFO - Sync 1 DAGs
[2023-08-21T23:51:10.795+0000] {logging_mixin.py:137} INFO - [2023-08-21T23:51:10.795+0000] {dag.py:3441} INFO - Setting next_dagrun for latest_only to 2023-08-21T19:51:10.795447+00:00, run_after=2023-08-21T23:51:10.795447+00:00
[2023-08-21T23:51:10.905+0000] {processor.py:175} INFO - Processing /home/airflow/.local/lib/python3.7/site-packages/airflow/example_dags/example_latest_only.py took 0.176 seconds
[2023-08-21T23:51:41.348+0000] {processor.py:153} INFO - Started process (PID=336) to work on /home/airflow/.local/lib/python3.7/site-packages/airflow/example_dags/example_latest_only.py
[2023-08-21T23:51:41.349+0000] {processor.py:743} INFO - Processing file /home/airflow/.local/lib/python3.7/site-packages/airflow/example_dags/example_latest_only.py for tasks to queue
[2023-08-21T23:51:41.350+0000] {logging_mixin.py:137} INFO - [2023-08-21T23:51:41.350+0000] {dagbag.py:538} INFO - Filling up the DagBag from /home/airflow/.local/lib/python3.7/site-packages/airflow/example_dags/example_latest_only.py
[2023-08-21T23:51:41.362+0000] {processor.py:753} INFO - DAG(s) dict_keys(['latest_only']) retrieved from /home/airflow/.local/lib/python3.7/site-packages/airflow/example_dags/example_latest_only.py
[2023-08-21T23:51:41.385+0000] {logging_mixin.py:137} INFO - [2023-08-21T23:51:41.385+0000] {dag.py:2690} INFO - Sync 1 DAGs
[2023-08-21T23:51:41.409+0000] {logging_mixin.py:137} INFO - [2023-08-21T23:51:41.408+0000] {dag.py:3441} INFO - Setting next_dagrun for latest_only to 2023-08-21T19:51:41.408673+00:00, run_after=2023-08-21T23:51:41.408673+00:00
[2023-08-21T23:51:41.472+0000] {processor.py:175} INFO - Processing /home/airflow/.local/lib/python3.7/site-packages/airflow/example_dags/example_latest_only.py took 0.127 seconds
[2023-08-21T23:52:12.380+0000] {processor.py:153} INFO - Started process (PID=399) to work on /home/airflow/.local/lib/python3.7/site-packages/airflow/example_dags/example_latest_only.py
[2023-08-21T23:52:12.381+0000] {processor.py:743} INFO - Processing file /home/airflow/.local/lib/python3.7/site-packages/airflow/example_dags/example_latest_only.py for tasks to queue
[2023-08-21T23:52:12.382+0000] {logging_mixin.py:137} INFO - [2023-08-21T23:52:12.382+0000] {dagbag.py:538} INFO - Filling up the DagBag from /home/airflow/.local/lib/python3.7/site-packages/airflow/example_dags/example_latest_only.py
[2023-08-21T23:52:12.400+0000] {processor.py:753} INFO - DAG(s) dict_keys(['latest_only']) retrieved from /home/airflow/.local/lib/python3.7/site-packages/airflow/example_dags/example_latest_only.py
[2023-08-21T23:52:12.423+0000] {logging_mixin.py:137} INFO - [2023-08-21T23:52:12.423+0000] {dag.py:2690} INFO - Sync 1 DAGs
[2023-08-21T23:52:12.448+0000] {logging_mixin.py:137} INFO - [2023-08-21T23:52:12.448+0000] {dag.py:3441} INFO - Setting next_dagrun for latest_only to 2023-08-21T19:52:12.448503+00:00, run_after=2023-08-21T23:52:12.448503+00:00
[2023-08-21T23:52:12.579+0000] {processor.py:175} INFO - Processing /home/airflow/.local/lib/python3.7/site-packages/airflow/example_dags/example_latest_only.py took 0.204 seconds
[2023-08-21T23:52:43.446+0000] {processor.py:153} INFO - Started process (PID=473) to work on /home/airflow/.local/lib/python3.7/site-packages/airflow/example_dags/example_latest_only.py
[2023-08-21T23:52:43.447+0000] {processor.py:743} INFO - Processing file /home/airflow/.local/lib/python3.7/site-packages/airflow/example_dags/example_latest_only.py for tasks to queue
[2023-08-21T23:52:43.448+0000] {logging_mixin.py:137} INFO - [2023-08-21T23:52:43.448+0000] {dagbag.py:538} INFO - Filling up the DagBag from /home/airflow/.local/lib/python3.7/site-packages/airflow/example_dags/example_latest_only.py
[2023-08-21T23:52:43.474+0000] {processor.py:753} INFO - DAG(s) dict_keys(['latest_only']) retrieved from /home/airflow/.local/lib/python3.7/site-packages/airflow/example_dags/example_latest_only.py
[2023-08-21T23:52:43.512+0000] {logging_mixin.py:137} INFO - [2023-08-21T23:52:43.511+0000] {dag.py:2690} INFO - Sync 1 DAGs
[2023-08-21T23:52:43.545+0000] {logging_mixin.py:137} INFO - [2023-08-21T23:52:43.545+0000] {dag.py:3441} INFO - Setting next_dagrun for latest_only to 2023-08-21T19:52:43.544804+00:00, run_after=2023-08-21T23:52:43.544804+00:00
[2023-08-21T23:52:43.593+0000] {processor.py:175} INFO - Processing /home/airflow/.local/lib/python3.7/site-packages/airflow/example_dags/example_latest_only.py took 0.153 seconds
[2023-08-21T23:53:13.744+0000] {processor.py:153} INFO - Started process (PID=537) to work on /home/airflow/.local/lib/python3.7/site-packages/airflow/example_dags/example_latest_only.py
[2023-08-21T23:53:13.745+0000] {processor.py:743} INFO - Processing file /home/airflow/.local/lib/python3.7/site-packages/airflow/example_dags/example_latest_only.py for tasks to queue
[2023-08-21T23:53:13.745+0000] {logging_mixin.py:137} INFO - [2023-08-21T23:53:13.745+0000] {dagbag.py:538} INFO - Filling up the DagBag from /home/airflow/.local/lib/python3.7/site-packages/airflow/example_dags/example_latest_only.py
[2023-08-21T23:53:13.766+0000] {processor.py:753} INFO - DAG(s) dict_keys(['latest_only']) retrieved from /home/airflow/.local/lib/python3.7/site-packages/airflow/example_dags/example_latest_only.py
[2023-08-21T23:53:13.793+0000] {logging_mixin.py:137} INFO - [2023-08-21T23:53:13.792+0000] {dag.py:2690} INFO - Sync 1 DAGs
[2023-08-21T23:53:13.822+0000] {logging_mixin.py:137} INFO - [2023-08-21T23:53:13.822+0000] {dag.py:3441} INFO - Setting next_dagrun for latest_only to 2023-08-21T19:53:13.821945+00:00, run_after=2023-08-21T23:53:13.821945+00:00
[2023-08-21T23:53:13.890+0000] {processor.py:175} INFO - Processing /home/airflow/.local/lib/python3.7/site-packages/airflow/example_dags/example_latest_only.py took 0.150 seconds
[2023-08-21T23:53:44.117+0000] {processor.py:153} INFO - Started process (PID=611) to work on /home/airflow/.local/lib/python3.7/site-packages/airflow/example_dags/example_latest_only.py
[2023-08-21T23:53:44.118+0000] {processor.py:743} INFO - Processing file /home/airflow/.local/lib/python3.7/site-packages/airflow/example_dags/example_latest_only.py for tasks to queue
[2023-08-21T23:53:44.119+0000] {logging_mixin.py:137} INFO - [2023-08-21T23:53:44.118+0000] {dagbag.py:538} INFO - Filling up the DagBag from /home/airflow/.local/lib/python3.7/site-packages/airflow/example_dags/example_latest_only.py
[2023-08-21T23:53:44.134+0000] {processor.py:753} INFO - DAG(s) dict_keys(['latest_only']) retrieved from /home/airflow/.local/lib/python3.7/site-packages/airflow/example_dags/example_latest_only.py
[2023-08-21T23:53:44.159+0000] {logging_mixin.py:137} INFO - [2023-08-21T23:53:44.159+0000] {dag.py:2690} INFO - Sync 1 DAGs
[2023-08-21T23:53:44.186+0000] {logging_mixin.py:137} INFO - [2023-08-21T23:53:44.186+0000] {dag.py:3441} INFO - Setting next_dagrun for latest_only to 2023-08-21T19:53:44.186268+00:00, run_after=2023-08-21T23:53:44.186268+00:00
[2023-08-21T23:53:44.244+0000] {processor.py:175} INFO - Processing /home/airflow/.local/lib/python3.7/site-packages/airflow/example_dags/example_latest_only.py took 0.131 seconds
[2023-08-21T23:54:14.578+0000] {processor.py:153} INFO - Started process (PID=675) to work on /home/airflow/.local/lib/python3.7/site-packages/airflow/example_dags/example_latest_only.py
[2023-08-21T23:54:14.579+0000] {processor.py:743} INFO - Processing file /home/airflow/.local/lib/python3.7/site-packages/airflow/example_dags/example_latest_only.py for tasks to queue
[2023-08-21T23:54:14.580+0000] {logging_mixin.py:137} INFO - [2023-08-21T23:54:14.580+0000] {dagbag.py:538} INFO - Filling up the DagBag from /home/airflow/.local/lib/python3.7/site-packages/airflow/example_dags/example_latest_only.py
[2023-08-21T23:54:14.602+0000] {processor.py:753} INFO - DAG(s) dict_keys(['latest_only']) retrieved from /home/airflow/.local/lib/python3.7/site-packages/airflow/example_dags/example_latest_only.py
[2023-08-21T23:54:14.636+0000] {logging_mixin.py:137} INFO - [2023-08-21T23:54:14.636+0000] {dag.py:2690} INFO - Sync 1 DAGs
[2023-08-21T23:54:14.666+0000] {logging_mixin.py:137} INFO - [2023-08-21T23:54:14.666+0000] {dag.py:3441} INFO - Setting next_dagrun for latest_only to 2023-08-21T19:54:14.666269+00:00, run_after=2023-08-21T23:54:14.666269+00:00
[2023-08-21T23:54:14.736+0000] {processor.py:175} INFO - Processing /home/airflow/.local/lib/python3.7/site-packages/airflow/example_dags/example_latest_only.py took 0.163 seconds
[2023-08-21T23:54:45.284+0000] {processor.py:153} INFO - Started process (PID=750) to work on /home/airflow/.local/lib/python3.7/site-packages/airflow/example_dags/example_latest_only.py
[2023-08-21T23:54:45.285+0000] {processor.py:743} INFO - Processing file /home/airflow/.local/lib/python3.7/site-packages/airflow/example_dags/example_latest_only.py for tasks to queue
[2023-08-21T23:54:45.286+0000] {logging_mixin.py:137} INFO - [2023-08-21T23:54:45.286+0000] {dagbag.py:538} INFO - Filling up the DagBag from /home/airflow/.local/lib/python3.7/site-packages/airflow/example_dags/example_latest_only.py
[2023-08-21T23:54:45.302+0000] {processor.py:753} INFO - DAG(s) dict_keys(['latest_only']) retrieved from /home/airflow/.local/lib/python3.7/site-packages/airflow/example_dags/example_latest_only.py
[2023-08-21T23:54:45.331+0000] {logging_mixin.py:137} INFO - [2023-08-21T23:54:45.331+0000] {dag.py:2690} INFO - Sync 1 DAGs
[2023-08-21T23:54:45.363+0000] {logging_mixin.py:137} INFO - [2023-08-21T23:54:45.363+0000] {dag.py:3441} INFO - Setting next_dagrun for latest_only to 2023-08-21T19:54:45.362761+00:00, run_after=2023-08-21T23:54:45.362761+00:00
[2023-08-21T23:54:45.435+0000] {processor.py:175} INFO - Processing /home/airflow/.local/lib/python3.7/site-packages/airflow/example_dags/example_latest_only.py took 0.155 seconds
[2023-08-21T23:55:15.567+0000] {processor.py:153} INFO - Started process (PID=814) to work on /home/airflow/.local/lib/python3.7/site-packages/airflow/example_dags/example_latest_only.py
[2023-08-21T23:55:15.568+0000] {processor.py:743} INFO - Processing file /home/airflow/.local/lib/python3.7/site-packages/airflow/example_dags/example_latest_only.py for tasks to queue
[2023-08-21T23:55:15.569+0000] {logging_mixin.py:137} INFO - [2023-08-21T23:55:15.569+0000] {dagbag.py:538} INFO - Filling up the DagBag from /home/airflow/.local/lib/python3.7/site-packages/airflow/example_dags/example_latest_only.py
[2023-08-21T23:55:15.585+0000] {processor.py:753} INFO - DAG(s) dict_keys(['latest_only']) retrieved from /home/airflow/.local/lib/python3.7/site-packages/airflow/example_dags/example_latest_only.py
[2023-08-21T23:55:15.623+0000] {logging_mixin.py:137} INFO - [2023-08-21T23:55:15.622+0000] {dag.py:2690} INFO - Sync 1 DAGs
[2023-08-21T23:55:15.665+0000] {logging_mixin.py:137} INFO - [2023-08-21T23:55:15.665+0000] {dag.py:3441} INFO - Setting next_dagrun for latest_only to 2023-08-21T19:55:15.665013+00:00, run_after=2023-08-21T23:55:15.665013+00:00
[2023-08-21T23:55:15.722+0000] {processor.py:175} INFO - Processing /home/airflow/.local/lib/python3.7/site-packages/airflow/example_dags/example_latest_only.py took 0.159 seconds
[2023-08-21T23:55:46.015+0000] {processor.py:153} INFO - Started process (PID=886) to work on /home/airflow/.local/lib/python3.7/site-packages/airflow/example_dags/example_latest_only.py
[2023-08-21T23:55:46.016+0000] {processor.py:743} INFO - Processing file /home/airflow/.local/lib/python3.7/site-packages/airflow/example_dags/example_latest_only.py for tasks to queue
[2023-08-21T23:55:46.017+0000] {logging_mixin.py:137} INFO - [2023-08-21T23:55:46.017+0000] {dagbag.py:538} INFO - Filling up the DagBag from /home/airflow/.local/lib/python3.7/site-packages/airflow/example_dags/example_latest_only.py
[2023-08-21T23:55:46.035+0000] {processor.py:753} INFO - DAG(s) dict_keys(['latest_only']) retrieved from /home/airflow/.local/lib/python3.7/site-packages/airflow/example_dags/example_latest_only.py
[2023-08-21T23:55:46.065+0000] {logging_mixin.py:137} INFO - [2023-08-21T23:55:46.065+0000] {dag.py:2690} INFO - Sync 1 DAGs
[2023-08-21T23:55:46.104+0000] {logging_mixin.py:137} INFO - [2023-08-21T23:55:46.104+0000] {dag.py:3441} INFO - Setting next_dagrun for latest_only to 2023-08-21T19:55:46.103652+00:00, run_after=2023-08-21T23:55:46.103652+00:00
[2023-08-21T23:55:46.157+0000] {processor.py:175} INFO - Processing /home/airflow/.local/lib/python3.7/site-packages/airflow/example_dags/example_latest_only.py took 0.148 seconds
[2023-08-21T23:56:16.294+0000] {processor.py:153} INFO - Started process (PID=952) to work on /home/airflow/.local/lib/python3.7/site-packages/airflow/example_dags/example_latest_only.py
[2023-08-21T23:56:16.295+0000] {processor.py:743} INFO - Processing file /home/airflow/.local/lib/python3.7/site-packages/airflow/example_dags/example_latest_only.py for tasks to queue
[2023-08-21T23:56:16.295+0000] {logging_mixin.py:137} INFO - [2023-08-21T23:56:16.295+0000] {dagbag.py:538} INFO - Filling up the DagBag from /home/airflow/.local/lib/python3.7/site-packages/airflow/example_dags/example_latest_only.py
[2023-08-21T23:56:16.310+0000] {processor.py:753} INFO - DAG(s) dict_keys(['latest_only']) retrieved from /home/airflow/.local/lib/python3.7/site-packages/airflow/example_dags/example_latest_only.py
[2023-08-21T23:56:16.338+0000] {logging_mixin.py:137} INFO - [2023-08-21T23:56:16.338+0000] {dag.py:2690} INFO - Sync 1 DAGs
[2023-08-21T23:56:16.362+0000] {logging_mixin.py:137} INFO - [2023-08-21T23:56:16.362+0000] {dag.py:3441} INFO - Setting next_dagrun for latest_only to 2023-08-21T19:56:16.362258+00:00, run_after=2023-08-21T23:56:16.362258+00:00
[2023-08-21T23:56:16.438+0000] {processor.py:175} INFO - Processing /home/airflow/.local/lib/python3.7/site-packages/airflow/example_dags/example_latest_only.py took 0.148 seconds
[2023-08-21T23:56:46.547+0000] {processor.py:153} INFO - Started process (PID=1015) to work on /home/airflow/.local/lib/python3.7/site-packages/airflow/example_dags/example_latest_only.py
[2023-08-21T23:56:46.548+0000] {processor.py:743} INFO - Processing file /home/airflow/.local/lib/python3.7/site-packages/airflow/example_dags/example_latest_only.py for tasks to queue
[2023-08-21T23:56:46.548+0000] {logging_mixin.py:137} INFO - [2023-08-21T23:56:46.548+0000] {dagbag.py:538} INFO - Filling up the DagBag from /home/airflow/.local/lib/python3.7/site-packages/airflow/example_dags/example_latest_only.py
[2023-08-21T23:56:46.563+0000] {processor.py:753} INFO - DAG(s) dict_keys(['latest_only']) retrieved from /home/airflow/.local/lib/python3.7/site-packages/airflow/example_dags/example_latest_only.py
[2023-08-21T23:56:46.591+0000] {logging_mixin.py:137} INFO - [2023-08-21T23:56:46.591+0000] {dag.py:2690} INFO - Sync 1 DAGs
[2023-08-21T23:56:46.618+0000] {logging_mixin.py:137} INFO - [2023-08-21T23:56:46.618+0000] {dag.py:3441} INFO - Setting next_dagrun for latest_only to 2023-08-21T19:56:46.618523+00:00, run_after=2023-08-21T23:56:46.618523+00:00
[2023-08-21T23:56:46.670+0000] {processor.py:175} INFO - Processing /home/airflow/.local/lib/python3.7/site-packages/airflow/example_dags/example_latest_only.py took 0.128 seconds
[2023-08-21T23:57:16.784+0000] {processor.py:153} INFO - Started process (PID=1090) to work on /home/airflow/.local/lib/python3.7/site-packages/airflow/example_dags/example_latest_only.py
[2023-08-21T23:57:16.785+0000] {processor.py:743} INFO - Processing file /home/airflow/.local/lib/python3.7/site-packages/airflow/example_dags/example_latest_only.py for tasks to queue
[2023-08-21T23:57:16.786+0000] {logging_mixin.py:137} INFO - [2023-08-21T23:57:16.786+0000] {dagbag.py:538} INFO - Filling up the DagBag from /home/airflow/.local/lib/python3.7/site-packages/airflow/example_dags/example_latest_only.py
[2023-08-21T23:57:16.800+0000] {processor.py:753} INFO - DAG(s) dict_keys(['latest_only']) retrieved from /home/airflow/.local/lib/python3.7/site-packages/airflow/example_dags/example_latest_only.py
[2023-08-21T23:57:16.835+0000] {logging_mixin.py:137} INFO - [2023-08-21T23:57:16.834+0000] {dag.py:2690} INFO - Sync 1 DAGs
[2023-08-21T23:57:16.865+0000] {logging_mixin.py:137} INFO - [2023-08-21T23:57:16.865+0000] {dag.py:3441} INFO - Setting next_dagrun for latest_only to 2023-08-21T19:57:16.865584+00:00, run_after=2023-08-21T23:57:16.865584+00:00
[2023-08-21T23:57:16.920+0000] {processor.py:175} INFO - Processing /home/airflow/.local/lib/python3.7/site-packages/airflow/example_dags/example_latest_only.py took 0.139 seconds
[2023-08-21T23:57:47.022+0000] {processor.py:153} INFO - Started process (PID=1153) to work on /home/airflow/.local/lib/python3.7/site-packages/airflow/example_dags/example_latest_only.py
[2023-08-21T23:57:47.023+0000] {processor.py:743} INFO - Processing file /home/airflow/.local/lib/python3.7/site-packages/airflow/example_dags/example_latest_only.py for tasks to queue
[2023-08-21T23:57:47.024+0000] {logging_mixin.py:137} INFO - [2023-08-21T23:57:47.024+0000] {dagbag.py:538} INFO - Filling up the DagBag from /home/airflow/.local/lib/python3.7/site-packages/airflow/example_dags/example_latest_only.py
[2023-08-21T23:57:47.048+0000] {processor.py:753} INFO - DAG(s) dict_keys(['latest_only']) retrieved from /home/airflow/.local/lib/python3.7/site-packages/airflow/example_dags/example_latest_only.py
[2023-08-21T23:57:47.078+0000] {logging_mixin.py:137} INFO - [2023-08-21T23:57:47.078+0000] {dag.py:2690} INFO - Sync 1 DAGs
[2023-08-21T23:57:47.117+0000] {logging_mixin.py:137} INFO - [2023-08-21T23:57:47.117+0000] {dag.py:3441} INFO - Setting next_dagrun for latest_only to 2023-08-21T19:57:47.117244+00:00, run_after=2023-08-21T23:57:47.117244+00:00
[2023-08-21T23:57:47.179+0000] {processor.py:175} INFO - Processing /home/airflow/.local/lib/python3.7/site-packages/airflow/example_dags/example_latest_only.py took 0.164 seconds
[2023-08-21T23:58:17.551+0000] {processor.py:153} INFO - Started process (PID=1227) to work on /home/airflow/.local/lib/python3.7/site-packages/airflow/example_dags/example_latest_only.py
[2023-08-21T23:58:17.552+0000] {processor.py:743} INFO - Processing file /home/airflow/.local/lib/python3.7/site-packages/airflow/example_dags/example_latest_only.py for tasks to queue
[2023-08-21T23:58:17.553+0000] {logging_mixin.py:137} INFO - [2023-08-21T23:58:17.553+0000] {dagbag.py:538} INFO - Filling up the DagBag from /home/airflow/.local/lib/python3.7/site-packages/airflow/example_dags/example_latest_only.py
[2023-08-21T23:58:17.569+0000] {processor.py:753} INFO - DAG(s) dict_keys(['latest_only']) retrieved from /home/airflow/.local/lib/python3.7/site-packages/airflow/example_dags/example_latest_only.py
[2023-08-21T23:58:17.595+0000] {logging_mixin.py:137} INFO - [2023-08-21T23:58:17.595+0000] {dag.py:2690} INFO - Sync 1 DAGs
[2023-08-21T23:58:17.625+0000] {logging_mixin.py:137} INFO - [2023-08-21T23:58:17.625+0000] {dag.py:3441} INFO - Setting next_dagrun for latest_only to 2023-08-21T19:58:17.625369+00:00, run_after=2023-08-21T23:58:17.625369+00:00
[2023-08-21T23:58:17.679+0000] {processor.py:175} INFO - Processing /home/airflow/.local/lib/python3.7/site-packages/airflow/example_dags/example_latest_only.py took 0.132 seconds
[2023-08-21T23:58:47.849+0000] {processor.py:153} INFO - Started process (PID=1290) to work on /home/airflow/.local/lib/python3.7/site-packages/airflow/example_dags/example_latest_only.py
[2023-08-21T23:58:47.850+0000] {processor.py:743} INFO - Processing file /home/airflow/.local/lib/python3.7/site-packages/airflow/example_dags/example_latest_only.py for tasks to queue
[2023-08-21T23:58:47.851+0000] {logging_mixin.py:137} INFO - [2023-08-21T23:58:47.851+0000] {dagbag.py:538} INFO - Filling up the DagBag from /home/airflow/.local/lib/python3.7/site-packages/airflow/example_dags/example_latest_only.py
[2023-08-21T23:58:47.878+0000] {processor.py:753} INFO - DAG(s) dict_keys(['latest_only']) retrieved from /home/airflow/.local/lib/python3.7/site-packages/airflow/example_dags/example_latest_only.py
[2023-08-21T23:58:47.911+0000] {logging_mixin.py:137} INFO - [2023-08-21T23:58:47.911+0000] {dag.py:2690} INFO - Sync 1 DAGs
[2023-08-21T23:58:47.958+0000] {logging_mixin.py:137} INFO - [2023-08-21T23:58:47.958+0000] {dag.py:3441} INFO - Setting next_dagrun for latest_only to 2023-08-21T19:58:47.958255+00:00, run_after=2023-08-21T23:58:47.958255+00:00
[2023-08-21T23:58:48.008+0000] {processor.py:175} INFO - Processing /home/airflow/.local/lib/python3.7/site-packages/airflow/example_dags/example_latest_only.py took 0.165 seconds
[2023-08-21T23:59:18.419+0000] {processor.py:153} INFO - Started process (PID=1365) to work on /home/airflow/.local/lib/python3.7/site-packages/airflow/example_dags/example_latest_only.py
[2023-08-21T23:59:18.420+0000] {processor.py:743} INFO - Processing file /home/airflow/.local/lib/python3.7/site-packages/airflow/example_dags/example_latest_only.py for tasks to queue
[2023-08-21T23:59:18.421+0000] {logging_mixin.py:137} INFO - [2023-08-21T23:59:18.420+0000] {dagbag.py:538} INFO - Filling up the DagBag from /home/airflow/.local/lib/python3.7/site-packages/airflow/example_dags/example_latest_only.py
[2023-08-21T23:59:18.434+0000] {processor.py:753} INFO - DAG(s) dict_keys(['latest_only']) retrieved from /home/airflow/.local/lib/python3.7/site-packages/airflow/example_dags/example_latest_only.py
[2023-08-21T23:59:18.463+0000] {logging_mixin.py:137} INFO - [2023-08-21T23:59:18.463+0000] {dag.py:2690} INFO - Sync 1 DAGs
[2023-08-21T23:59:18.490+0000] {logging_mixin.py:137} INFO - [2023-08-21T23:59:18.490+0000] {dag.py:3441} INFO - Setting next_dagrun for latest_only to 2023-08-21T19:59:18.490156+00:00, run_after=2023-08-21T23:59:18.490156+00:00
[2023-08-21T23:59:18.530+0000] {processor.py:175} INFO - Processing /home/airflow/.local/lib/python3.7/site-packages/airflow/example_dags/example_latest_only.py took 0.115 seconds
[2023-08-21T23:59:48.684+0000] {processor.py:153} INFO - Started process (PID=1428) to work on /home/airflow/.local/lib/python3.7/site-packages/airflow/example_dags/example_latest_only.py
[2023-08-21T23:59:48.685+0000] {processor.py:743} INFO - Processing file /home/airflow/.local/lib/python3.7/site-packages/airflow/example_dags/example_latest_only.py for tasks to queue
[2023-08-21T23:59:48.686+0000] {logging_mixin.py:137} INFO - [2023-08-21T23:59:48.686+0000] {dagbag.py:538} INFO - Filling up the DagBag from /home/airflow/.local/lib/python3.7/site-packages/airflow/example_dags/example_latest_only.py
[2023-08-21T23:59:48.701+0000] {processor.py:753} INFO - DAG(s) dict_keys(['latest_only']) retrieved from /home/airflow/.local/lib/python3.7/site-packages/airflow/example_dags/example_latest_only.py
[2023-08-21T23:59:48.735+0000] {logging_mixin.py:137} INFO - [2023-08-21T23:59:48.735+0000] {dag.py:2690} INFO - Sync 1 DAGs
[2023-08-21T23:59:48.773+0000] {logging_mixin.py:137} INFO - [2023-08-21T23:59:48.773+0000] {dag.py:3441} INFO - Setting next_dagrun for latest_only to 2023-08-21T19:59:48.772940+00:00, run_after=2023-08-21T23:59:48.772940+00:00
[2023-08-21T23:59:48.822+0000] {processor.py:175} INFO - Processing /home/airflow/.local/lib/python3.7/site-packages/airflow/example_dags/example_latest_only.py took 0.142 seconds
