[2023-08-21T23:49:45.769+0000] {processor.py:153} INFO - Started process (PID=89) to work on /home/airflow/.local/lib/python3.7/site-packages/airflow/example_dags/example_python_operator.py
[2023-08-21T23:49:45.771+0000] {processor.py:743} INFO - Processing file /home/airflow/.local/lib/python3.7/site-packages/airflow/example_dags/example_python_operator.py for tasks to queue
[2023-08-21T23:49:45.772+0000] {logging_mixin.py:137} INFO - [2023-08-21T23:49:45.772+0000] {dagbag.py:538} INFO - Filling up the DagBag from /home/airflow/.local/lib/python3.7/site-packages/airflow/example_dags/example_python_operator.py
[2023-08-21T23:49:45.813+0000] {logging_mixin.py:137} INFO - [2023-08-21T23:49:45.812+0000] {taskmixin.py:205} WARNING - Dependency <Task(_PythonDecoratedOperator): print_the_context>, log_sql_query already registered for DAG: example_python_operator
[2023-08-21T23:49:45.813+0000] {logging_mixin.py:137} INFO - [2023-08-21T23:49:45.813+0000] {taskmixin.py:205} WARNING - Dependency <Task(_PythonDecoratedOperator): log_sql_query>, print_the_context already registered for DAG: example_python_operator
[2023-08-21T23:49:45.815+0000] {logging_mixin.py:137} INFO - [2023-08-21T23:49:45.814+0000] {taskmixin.py:205} WARNING - Dependency <Task(_PythonDecoratedOperator): print_the_context>, log_sql_query already registered for DAG: example_python_operator
[2023-08-21T23:49:45.815+0000] {logging_mixin.py:137} INFO - [2023-08-21T23:49:45.815+0000] {taskmixin.py:205} WARNING - Dependency <Task(_PythonDecoratedOperator): log_sql_query>, print_the_context already registered for DAG: example_python_operator
[2023-08-21T23:49:45.817+0000] {logging_mixin.py:137} INFO - [2023-08-21T23:49:45.817+0000] {taskmixin.py:205} WARNING - Dependency <Task(_PythonDecoratedOperator): print_the_context>, log_sql_query already registered for DAG: example_python_operator
[2023-08-21T23:49:45.817+0000] {logging_mixin.py:137} INFO - [2023-08-21T23:49:45.817+0000] {taskmixin.py:205} WARNING - Dependency <Task(_PythonDecoratedOperator): log_sql_query>, print_the_context already registered for DAG: example_python_operator
[2023-08-21T23:49:45.819+0000] {logging_mixin.py:137} INFO - [2023-08-21T23:49:45.819+0000] {taskmixin.py:205} WARNING - Dependency <Task(_PythonDecoratedOperator): print_the_context>, log_sql_query already registered for DAG: example_python_operator
[2023-08-21T23:49:45.819+0000] {logging_mixin.py:137} INFO - [2023-08-21T23:49:45.819+0000] {taskmixin.py:205} WARNING - Dependency <Task(_PythonDecoratedOperator): log_sql_query>, print_the_context already registered for DAG: example_python_operator
[2023-08-21T23:49:45.832+0000] {processor.py:753} INFO - DAG(s) dict_keys(['example_python_operator']) retrieved from /home/airflow/.local/lib/python3.7/site-packages/airflow/example_dags/example_python_operator.py
[2023-08-21T23:49:46.123+0000] {logging_mixin.py:137} INFO - [2023-08-21T23:49:46.123+0000] {manager.py:504} INFO - Created Permission View: can edit on DAG:example_python_operator
[2023-08-21T23:49:46.170+0000] {logging_mixin.py:137} INFO - [2023-08-21T23:49:46.170+0000] {manager.py:504} INFO - Created Permission View: can read on DAG:example_python_operator
[2023-08-21T23:49:46.206+0000] {logging_mixin.py:137} INFO - [2023-08-21T23:49:46.206+0000] {manager.py:504} INFO - Created Permission View: can delete on DAG:example_python_operator
[2023-08-21T23:49:46.206+0000] {logging_mixin.py:137} INFO - [2023-08-21T23:49:46.206+0000] {dag.py:2690} INFO - Sync 1 DAGs
[2023-08-21T23:49:46.240+0000] {logging_mixin.py:137} INFO - [2023-08-21T23:49:46.240+0000] {dag.py:2711} INFO - Creating ORM DAG for example_python_operator
[2023-08-21T23:49:46.278+0000] {logging_mixin.py:137} INFO - [2023-08-21T23:49:46.278+0000] {dag.py:3441} INFO - Setting next_dagrun for example_python_operator to None, run_after=None
[2023-08-21T23:49:46.343+0000] {processor.py:175} INFO - Processing /home/airflow/.local/lib/python3.7/site-packages/airflow/example_dags/example_python_operator.py took 0.581 seconds
[2023-08-21T23:50:16.673+0000] {processor.py:153} INFO - Started process (PID=156) to work on /home/airflow/.local/lib/python3.7/site-packages/airflow/example_dags/example_python_operator.py
[2023-08-21T23:50:16.674+0000] {processor.py:743} INFO - Processing file /home/airflow/.local/lib/python3.7/site-packages/airflow/example_dags/example_python_operator.py for tasks to queue
[2023-08-21T23:50:16.675+0000] {logging_mixin.py:137} INFO - [2023-08-21T23:50:16.675+0000] {dagbag.py:538} INFO - Filling up the DagBag from /home/airflow/.local/lib/python3.7/site-packages/airflow/example_dags/example_python_operator.py
[2023-08-21T23:50:16.695+0000] {logging_mixin.py:137} INFO - [2023-08-21T23:50:16.695+0000] {taskmixin.py:205} WARNING - Dependency <Task(_PythonDecoratedOperator): print_the_context>, log_sql_query already registered for DAG: example_python_operator
[2023-08-21T23:50:16.695+0000] {logging_mixin.py:137} INFO - [2023-08-21T23:50:16.695+0000] {taskmixin.py:205} WARNING - Dependency <Task(_PythonDecoratedOperator): log_sql_query>, print_the_context already registered for DAG: example_python_operator
[2023-08-21T23:50:16.696+0000] {logging_mixin.py:137} INFO - [2023-08-21T23:50:16.696+0000] {taskmixin.py:205} WARNING - Dependency <Task(_PythonDecoratedOperator): print_the_context>, log_sql_query already registered for DAG: example_python_operator
[2023-08-21T23:50:16.696+0000] {logging_mixin.py:137} INFO - [2023-08-21T23:50:16.696+0000] {taskmixin.py:205} WARNING - Dependency <Task(_PythonDecoratedOperator): log_sql_query>, print_the_context already registered for DAG: example_python_operator
[2023-08-21T23:50:16.697+0000] {logging_mixin.py:137} INFO - [2023-08-21T23:50:16.697+0000] {taskmixin.py:205} WARNING - Dependency <Task(_PythonDecoratedOperator): print_the_context>, log_sql_query already registered for DAG: example_python_operator
[2023-08-21T23:50:16.698+0000] {logging_mixin.py:137} INFO - [2023-08-21T23:50:16.698+0000] {taskmixin.py:205} WARNING - Dependency <Task(_PythonDecoratedOperator): log_sql_query>, print_the_context already registered for DAG: example_python_operator
[2023-08-21T23:50:16.699+0000] {logging_mixin.py:137} INFO - [2023-08-21T23:50:16.699+0000] {taskmixin.py:205} WARNING - Dependency <Task(_PythonDecoratedOperator): print_the_context>, log_sql_query already registered for DAG: example_python_operator
[2023-08-21T23:50:16.699+0000] {logging_mixin.py:137} INFO - [2023-08-21T23:50:16.699+0000] {taskmixin.py:205} WARNING - Dependency <Task(_PythonDecoratedOperator): log_sql_query>, print_the_context already registered for DAG: example_python_operator
[2023-08-21T23:50:16.708+0000] {processor.py:753} INFO - DAG(s) dict_keys(['example_python_operator']) retrieved from /home/airflow/.local/lib/python3.7/site-packages/airflow/example_dags/example_python_operator.py
[2023-08-21T23:50:16.740+0000] {logging_mixin.py:137} INFO - [2023-08-21T23:50:16.739+0000] {dag.py:2690} INFO - Sync 1 DAGs
[2023-08-21T23:50:16.778+0000] {logging_mixin.py:137} INFO - [2023-08-21T23:50:16.777+0000] {dag.py:3441} INFO - Setting next_dagrun for example_python_operator to None, run_after=None
[2023-08-21T23:50:16.831+0000] {processor.py:175} INFO - Processing /home/airflow/.local/lib/python3.7/site-packages/airflow/example_dags/example_python_operator.py took 0.162 seconds
[2023-08-21T23:50:46.951+0000] {processor.py:153} INFO - Started process (PID=219) to work on /home/airflow/.local/lib/python3.7/site-packages/airflow/example_dags/example_python_operator.py
[2023-08-21T23:50:46.952+0000] {processor.py:743} INFO - Processing file /home/airflow/.local/lib/python3.7/site-packages/airflow/example_dags/example_python_operator.py for tasks to queue
[2023-08-21T23:50:46.953+0000] {logging_mixin.py:137} INFO - [2023-08-21T23:50:46.953+0000] {dagbag.py:538} INFO - Filling up the DagBag from /home/airflow/.local/lib/python3.7/site-packages/airflow/example_dags/example_python_operator.py
[2023-08-21T23:50:46.976+0000] {logging_mixin.py:137} INFO - [2023-08-21T23:50:46.976+0000] {taskmixin.py:205} WARNING - Dependency <Task(_PythonDecoratedOperator): print_the_context>, log_sql_query already registered for DAG: example_python_operator
[2023-08-21T23:50:46.976+0000] {logging_mixin.py:137} INFO - [2023-08-21T23:50:46.976+0000] {taskmixin.py:205} WARNING - Dependency <Task(_PythonDecoratedOperator): log_sql_query>, print_the_context already registered for DAG: example_python_operator
[2023-08-21T23:50:46.977+0000] {logging_mixin.py:137} INFO - [2023-08-21T23:50:46.977+0000] {taskmixin.py:205} WARNING - Dependency <Task(_PythonDecoratedOperator): print_the_context>, log_sql_query already registered for DAG: example_python_operator
[2023-08-21T23:50:46.977+0000] {logging_mixin.py:137} INFO - [2023-08-21T23:50:46.977+0000] {taskmixin.py:205} WARNING - Dependency <Task(_PythonDecoratedOperator): log_sql_query>, print_the_context already registered for DAG: example_python_operator
[2023-08-21T23:50:46.978+0000] {logging_mixin.py:137} INFO - [2023-08-21T23:50:46.978+0000] {taskmixin.py:205} WARNING - Dependency <Task(_PythonDecoratedOperator): print_the_context>, log_sql_query already registered for DAG: example_python_operator
[2023-08-21T23:50:46.978+0000] {logging_mixin.py:137} INFO - [2023-08-21T23:50:46.978+0000] {taskmixin.py:205} WARNING - Dependency <Task(_PythonDecoratedOperator): log_sql_query>, print_the_context already registered for DAG: example_python_operator
[2023-08-21T23:50:46.979+0000] {logging_mixin.py:137} INFO - [2023-08-21T23:50:46.979+0000] {taskmixin.py:205} WARNING - Dependency <Task(_PythonDecoratedOperator): print_the_context>, log_sql_query already registered for DAG: example_python_operator
[2023-08-21T23:50:46.979+0000] {logging_mixin.py:137} INFO - [2023-08-21T23:50:46.979+0000] {taskmixin.py:205} WARNING - Dependency <Task(_PythonDecoratedOperator): log_sql_query>, print_the_context already registered for DAG: example_python_operator
[2023-08-21T23:50:46.986+0000] {processor.py:753} INFO - DAG(s) dict_keys(['example_python_operator']) retrieved from /home/airflow/.local/lib/python3.7/site-packages/airflow/example_dags/example_python_operator.py
[2023-08-21T23:50:47.017+0000] {logging_mixin.py:137} INFO - [2023-08-21T23:50:47.017+0000] {dag.py:2690} INFO - Sync 1 DAGs
[2023-08-21T23:50:47.044+0000] {logging_mixin.py:137} INFO - [2023-08-21T23:50:47.044+0000] {dag.py:3441} INFO - Setting next_dagrun for example_python_operator to None, run_after=None
[2023-08-21T23:50:47.099+0000] {processor.py:175} INFO - Processing /home/airflow/.local/lib/python3.7/site-packages/airflow/example_dags/example_python_operator.py took 0.154 seconds
[2023-08-21T23:51:17.790+0000] {processor.py:153} INFO - Started process (PID=293) to work on /home/airflow/.local/lib/python3.7/site-packages/airflow/example_dags/example_python_operator.py
[2023-08-21T23:51:17.791+0000] {processor.py:743} INFO - Processing file /home/airflow/.local/lib/python3.7/site-packages/airflow/example_dags/example_python_operator.py for tasks to queue
[2023-08-21T23:51:17.791+0000] {logging_mixin.py:137} INFO - [2023-08-21T23:51:17.791+0000] {dagbag.py:538} INFO - Filling up the DagBag from /home/airflow/.local/lib/python3.7/site-packages/airflow/example_dags/example_python_operator.py
[2023-08-21T23:51:17.808+0000] {logging_mixin.py:137} INFO - [2023-08-21T23:51:17.808+0000] {taskmixin.py:205} WARNING - Dependency <Task(_PythonDecoratedOperator): print_the_context>, log_sql_query already registered for DAG: example_python_operator
[2023-08-21T23:51:17.808+0000] {logging_mixin.py:137} INFO - [2023-08-21T23:51:17.808+0000] {taskmixin.py:205} WARNING - Dependency <Task(_PythonDecoratedOperator): log_sql_query>, print_the_context already registered for DAG: example_python_operator
[2023-08-21T23:51:17.809+0000] {logging_mixin.py:137} INFO - [2023-08-21T23:51:17.809+0000] {taskmixin.py:205} WARNING - Dependency <Task(_PythonDecoratedOperator): print_the_context>, log_sql_query already registered for DAG: example_python_operator
[2023-08-21T23:51:17.809+0000] {logging_mixin.py:137} INFO - [2023-08-21T23:51:17.809+0000] {taskmixin.py:205} WARNING - Dependency <Task(_PythonDecoratedOperator): log_sql_query>, print_the_context already registered for DAG: example_python_operator
[2023-08-21T23:51:17.810+0000] {logging_mixin.py:137} INFO - [2023-08-21T23:51:17.810+0000] {taskmixin.py:205} WARNING - Dependency <Task(_PythonDecoratedOperator): print_the_context>, log_sql_query already registered for DAG: example_python_operator
[2023-08-21T23:51:17.810+0000] {logging_mixin.py:137} INFO - [2023-08-21T23:51:17.810+0000] {taskmixin.py:205} WARNING - Dependency <Task(_PythonDecoratedOperator): log_sql_query>, print_the_context already registered for DAG: example_python_operator
[2023-08-21T23:51:17.811+0000] {logging_mixin.py:137} INFO - [2023-08-21T23:51:17.810+0000] {taskmixin.py:205} WARNING - Dependency <Task(_PythonDecoratedOperator): print_the_context>, log_sql_query already registered for DAG: example_python_operator
[2023-08-21T23:51:17.811+0000] {logging_mixin.py:137} INFO - [2023-08-21T23:51:17.811+0000] {taskmixin.py:205} WARNING - Dependency <Task(_PythonDecoratedOperator): log_sql_query>, print_the_context already registered for DAG: example_python_operator
[2023-08-21T23:51:17.817+0000] {processor.py:753} INFO - DAG(s) dict_keys(['example_python_operator']) retrieved from /home/airflow/.local/lib/python3.7/site-packages/airflow/example_dags/example_python_operator.py
[2023-08-21T23:51:17.843+0000] {logging_mixin.py:137} INFO - [2023-08-21T23:51:17.843+0000] {dag.py:2690} INFO - Sync 1 DAGs
[2023-08-21T23:51:17.866+0000] {logging_mixin.py:137} INFO - [2023-08-21T23:51:17.866+0000] {dag.py:3441} INFO - Setting next_dagrun for example_python_operator to None, run_after=None
[2023-08-21T23:51:17.910+0000] {processor.py:175} INFO - Processing /home/airflow/.local/lib/python3.7/site-packages/airflow/example_dags/example_python_operator.py took 0.124 seconds
[2023-08-21T23:51:47.972+0000] {processor.py:153} INFO - Started process (PID=355) to work on /home/airflow/.local/lib/python3.7/site-packages/airflow/example_dags/example_python_operator.py
[2023-08-21T23:51:47.973+0000] {processor.py:743} INFO - Processing file /home/airflow/.local/lib/python3.7/site-packages/airflow/example_dags/example_python_operator.py for tasks to queue
[2023-08-21T23:51:47.974+0000] {logging_mixin.py:137} INFO - [2023-08-21T23:51:47.974+0000] {dagbag.py:538} INFO - Filling up the DagBag from /home/airflow/.local/lib/python3.7/site-packages/airflow/example_dags/example_python_operator.py
[2023-08-21T23:51:48.000+0000] {logging_mixin.py:137} INFO - [2023-08-21T23:51:48.000+0000] {taskmixin.py:205} WARNING - Dependency <Task(_PythonDecoratedOperator): print_the_context>, log_sql_query already registered for DAG: example_python_operator
[2023-08-21T23:51:48.001+0000] {logging_mixin.py:137} INFO - [2023-08-21T23:51:48.000+0000] {taskmixin.py:205} WARNING - Dependency <Task(_PythonDecoratedOperator): log_sql_query>, print_the_context already registered for DAG: example_python_operator
[2023-08-21T23:51:48.002+0000] {logging_mixin.py:137} INFO - [2023-08-21T23:51:48.001+0000] {taskmixin.py:205} WARNING - Dependency <Task(_PythonDecoratedOperator): print_the_context>, log_sql_query already registered for DAG: example_python_operator
[2023-08-21T23:51:48.002+0000] {logging_mixin.py:137} INFO - [2023-08-21T23:51:48.002+0000] {taskmixin.py:205} WARNING - Dependency <Task(_PythonDecoratedOperator): log_sql_query>, print_the_context already registered for DAG: example_python_operator
[2023-08-21T23:51:48.003+0000] {logging_mixin.py:137} INFO - [2023-08-21T23:51:48.003+0000] {taskmixin.py:205} WARNING - Dependency <Task(_PythonDecoratedOperator): print_the_context>, log_sql_query already registered for DAG: example_python_operator
[2023-08-21T23:51:48.003+0000] {logging_mixin.py:137} INFO - [2023-08-21T23:51:48.003+0000] {taskmixin.py:205} WARNING - Dependency <Task(_PythonDecoratedOperator): log_sql_query>, print_the_context already registered for DAG: example_python_operator
[2023-08-21T23:51:48.004+0000] {logging_mixin.py:137} INFO - [2023-08-21T23:51:48.004+0000] {taskmixin.py:205} WARNING - Dependency <Task(_PythonDecoratedOperator): print_the_context>, log_sql_query already registered for DAG: example_python_operator
[2023-08-21T23:51:48.005+0000] {logging_mixin.py:137} INFO - [2023-08-21T23:51:48.005+0000] {taskmixin.py:205} WARNING - Dependency <Task(_PythonDecoratedOperator): log_sql_query>, print_the_context already registered for DAG: example_python_operator
[2023-08-21T23:51:48.016+0000] {processor.py:753} INFO - DAG(s) dict_keys(['example_python_operator']) retrieved from /home/airflow/.local/lib/python3.7/site-packages/airflow/example_dags/example_python_operator.py
[2023-08-21T23:51:48.052+0000] {logging_mixin.py:137} INFO - [2023-08-21T23:51:48.052+0000] {dag.py:2690} INFO - Sync 1 DAGs
[2023-08-21T23:51:48.084+0000] {logging_mixin.py:137} INFO - [2023-08-21T23:51:48.084+0000] {dag.py:3441} INFO - Setting next_dagrun for example_python_operator to None, run_after=None
[2023-08-21T23:51:48.155+0000] {processor.py:175} INFO - Processing /home/airflow/.local/lib/python3.7/site-packages/airflow/example_dags/example_python_operator.py took 0.188 seconds
[2023-08-21T23:52:18.762+0000] {processor.py:153} INFO - Started process (PID=430) to work on /home/airflow/.local/lib/python3.7/site-packages/airflow/example_dags/example_python_operator.py
[2023-08-21T23:52:18.763+0000] {processor.py:743} INFO - Processing file /home/airflow/.local/lib/python3.7/site-packages/airflow/example_dags/example_python_operator.py for tasks to queue
[2023-08-21T23:52:18.763+0000] {logging_mixin.py:137} INFO - [2023-08-21T23:52:18.763+0000] {dagbag.py:538} INFO - Filling up the DagBag from /home/airflow/.local/lib/python3.7/site-packages/airflow/example_dags/example_python_operator.py
[2023-08-21T23:52:18.784+0000] {logging_mixin.py:137} INFO - [2023-08-21T23:52:18.784+0000] {taskmixin.py:205} WARNING - Dependency <Task(_PythonDecoratedOperator): print_the_context>, log_sql_query already registered for DAG: example_python_operator
[2023-08-21T23:52:18.784+0000] {logging_mixin.py:137} INFO - [2023-08-21T23:52:18.784+0000] {taskmixin.py:205} WARNING - Dependency <Task(_PythonDecoratedOperator): log_sql_query>, print_the_context already registered for DAG: example_python_operator
[2023-08-21T23:52:18.785+0000] {logging_mixin.py:137} INFO - [2023-08-21T23:52:18.785+0000] {taskmixin.py:205} WARNING - Dependency <Task(_PythonDecoratedOperator): print_the_context>, log_sql_query already registered for DAG: example_python_operator
[2023-08-21T23:52:18.785+0000] {logging_mixin.py:137} INFO - [2023-08-21T23:52:18.785+0000] {taskmixin.py:205} WARNING - Dependency <Task(_PythonDecoratedOperator): log_sql_query>, print_the_context already registered for DAG: example_python_operator
[2023-08-21T23:52:18.786+0000] {logging_mixin.py:137} INFO - [2023-08-21T23:52:18.786+0000] {taskmixin.py:205} WARNING - Dependency <Task(_PythonDecoratedOperator): print_the_context>, log_sql_query already registered for DAG: example_python_operator
[2023-08-21T23:52:18.786+0000] {logging_mixin.py:137} INFO - [2023-08-21T23:52:18.786+0000] {taskmixin.py:205} WARNING - Dependency <Task(_PythonDecoratedOperator): log_sql_query>, print_the_context already registered for DAG: example_python_operator
[2023-08-21T23:52:18.787+0000] {logging_mixin.py:137} INFO - [2023-08-21T23:52:18.787+0000] {taskmixin.py:205} WARNING - Dependency <Task(_PythonDecoratedOperator): print_the_context>, log_sql_query already registered for DAG: example_python_operator
[2023-08-21T23:52:18.787+0000] {logging_mixin.py:137} INFO - [2023-08-21T23:52:18.787+0000] {taskmixin.py:205} WARNING - Dependency <Task(_PythonDecoratedOperator): log_sql_query>, print_the_context already registered for DAG: example_python_operator
[2023-08-21T23:52:18.794+0000] {processor.py:753} INFO - DAG(s) dict_keys(['example_python_operator']) retrieved from /home/airflow/.local/lib/python3.7/site-packages/airflow/example_dags/example_python_operator.py
[2023-08-21T23:52:18.831+0000] {logging_mixin.py:137} INFO - [2023-08-21T23:52:18.831+0000] {dag.py:2690} INFO - Sync 1 DAGs
[2023-08-21T23:52:18.859+0000] {logging_mixin.py:137} INFO - [2023-08-21T23:52:18.859+0000] {dag.py:3441} INFO - Setting next_dagrun for example_python_operator to None, run_after=None
[2023-08-21T23:52:18.907+0000] {processor.py:175} INFO - Processing /home/airflow/.local/lib/python3.7/site-packages/airflow/example_dags/example_python_operator.py took 0.150 seconds
[2023-08-21T23:52:49.187+0000] {processor.py:153} INFO - Started process (PID=492) to work on /home/airflow/.local/lib/python3.7/site-packages/airflow/example_dags/example_python_operator.py
[2023-08-21T23:52:49.188+0000] {processor.py:743} INFO - Processing file /home/airflow/.local/lib/python3.7/site-packages/airflow/example_dags/example_python_operator.py for tasks to queue
[2023-08-21T23:52:49.189+0000] {logging_mixin.py:137} INFO - [2023-08-21T23:52:49.189+0000] {dagbag.py:538} INFO - Filling up the DagBag from /home/airflow/.local/lib/python3.7/site-packages/airflow/example_dags/example_python_operator.py
[2023-08-21T23:52:49.214+0000] {logging_mixin.py:137} INFO - [2023-08-21T23:52:49.214+0000] {taskmixin.py:205} WARNING - Dependency <Task(_PythonDecoratedOperator): print_the_context>, log_sql_query already registered for DAG: example_python_operator
[2023-08-21T23:52:49.215+0000] {logging_mixin.py:137} INFO - [2023-08-21T23:52:49.215+0000] {taskmixin.py:205} WARNING - Dependency <Task(_PythonDecoratedOperator): log_sql_query>, print_the_context already registered for DAG: example_python_operator
[2023-08-21T23:52:49.215+0000] {logging_mixin.py:137} INFO - [2023-08-21T23:52:49.215+0000] {taskmixin.py:205} WARNING - Dependency <Task(_PythonDecoratedOperator): print_the_context>, log_sql_query already registered for DAG: example_python_operator
[2023-08-21T23:52:49.216+0000] {logging_mixin.py:137} INFO - [2023-08-21T23:52:49.216+0000] {taskmixin.py:205} WARNING - Dependency <Task(_PythonDecoratedOperator): log_sql_query>, print_the_context already registered for DAG: example_python_operator
[2023-08-21T23:52:49.216+0000] {logging_mixin.py:137} INFO - [2023-08-21T23:52:49.216+0000] {taskmixin.py:205} WARNING - Dependency <Task(_PythonDecoratedOperator): print_the_context>, log_sql_query already registered for DAG: example_python_operator
[2023-08-21T23:52:49.217+0000] {logging_mixin.py:137} INFO - [2023-08-21T23:52:49.217+0000] {taskmixin.py:205} WARNING - Dependency <Task(_PythonDecoratedOperator): log_sql_query>, print_the_context already registered for DAG: example_python_operator
[2023-08-21T23:52:49.217+0000] {logging_mixin.py:137} INFO - [2023-08-21T23:52:49.217+0000] {taskmixin.py:205} WARNING - Dependency <Task(_PythonDecoratedOperator): print_the_context>, log_sql_query already registered for DAG: example_python_operator
[2023-08-21T23:52:49.218+0000] {logging_mixin.py:137} INFO - [2023-08-21T23:52:49.218+0000] {taskmixin.py:205} WARNING - Dependency <Task(_PythonDecoratedOperator): log_sql_query>, print_the_context already registered for DAG: example_python_operator
[2023-08-21T23:52:49.226+0000] {processor.py:753} INFO - DAG(s) dict_keys(['example_python_operator']) retrieved from /home/airflow/.local/lib/python3.7/site-packages/airflow/example_dags/example_python_operator.py
[2023-08-21T23:52:49.257+0000] {logging_mixin.py:137} INFO - [2023-08-21T23:52:49.257+0000] {dag.py:2690} INFO - Sync 1 DAGs
[2023-08-21T23:52:49.284+0000] {logging_mixin.py:137} INFO - [2023-08-21T23:52:49.284+0000] {dag.py:3441} INFO - Setting next_dagrun for example_python_operator to None, run_after=None
[2023-08-21T23:52:49.342+0000] {processor.py:175} INFO - Processing /home/airflow/.local/lib/python3.7/site-packages/airflow/example_dags/example_python_operator.py took 0.160 seconds
[2023-08-21T23:53:19.515+0000] {processor.py:153} INFO - Started process (PID=568) to work on /home/airflow/.local/lib/python3.7/site-packages/airflow/example_dags/example_python_operator.py
[2023-08-21T23:53:19.516+0000] {processor.py:743} INFO - Processing file /home/airflow/.local/lib/python3.7/site-packages/airflow/example_dags/example_python_operator.py for tasks to queue
[2023-08-21T23:53:19.517+0000] {logging_mixin.py:137} INFO - [2023-08-21T23:53:19.516+0000] {dagbag.py:538} INFO - Filling up the DagBag from /home/airflow/.local/lib/python3.7/site-packages/airflow/example_dags/example_python_operator.py
[2023-08-21T23:53:19.536+0000] {logging_mixin.py:137} INFO - [2023-08-21T23:53:19.536+0000] {taskmixin.py:205} WARNING - Dependency <Task(_PythonDecoratedOperator): print_the_context>, log_sql_query already registered for DAG: example_python_operator
[2023-08-21T23:53:19.536+0000] {logging_mixin.py:137} INFO - [2023-08-21T23:53:19.536+0000] {taskmixin.py:205} WARNING - Dependency <Task(_PythonDecoratedOperator): log_sql_query>, print_the_context already registered for DAG: example_python_operator
[2023-08-21T23:53:19.537+0000] {logging_mixin.py:137} INFO - [2023-08-21T23:53:19.537+0000] {taskmixin.py:205} WARNING - Dependency <Task(_PythonDecoratedOperator): print_the_context>, log_sql_query already registered for DAG: example_python_operator
[2023-08-21T23:53:19.537+0000] {logging_mixin.py:137} INFO - [2023-08-21T23:53:19.537+0000] {taskmixin.py:205} WARNING - Dependency <Task(_PythonDecoratedOperator): log_sql_query>, print_the_context already registered for DAG: example_python_operator
[2023-08-21T23:53:19.538+0000] {logging_mixin.py:137} INFO - [2023-08-21T23:53:19.538+0000] {taskmixin.py:205} WARNING - Dependency <Task(_PythonDecoratedOperator): print_the_context>, log_sql_query already registered for DAG: example_python_operator
[2023-08-21T23:53:19.538+0000] {logging_mixin.py:137} INFO - [2023-08-21T23:53:19.538+0000] {taskmixin.py:205} WARNING - Dependency <Task(_PythonDecoratedOperator): log_sql_query>, print_the_context already registered for DAG: example_python_operator
[2023-08-21T23:53:19.539+0000] {logging_mixin.py:137} INFO - [2023-08-21T23:53:19.539+0000] {taskmixin.py:205} WARNING - Dependency <Task(_PythonDecoratedOperator): print_the_context>, log_sql_query already registered for DAG: example_python_operator
[2023-08-21T23:53:19.539+0000] {logging_mixin.py:137} INFO - [2023-08-21T23:53:19.539+0000] {taskmixin.py:205} WARNING - Dependency <Task(_PythonDecoratedOperator): log_sql_query>, print_the_context already registered for DAG: example_python_operator
[2023-08-21T23:53:19.546+0000] {processor.py:753} INFO - DAG(s) dict_keys(['example_python_operator']) retrieved from /home/airflow/.local/lib/python3.7/site-packages/airflow/example_dags/example_python_operator.py
[2023-08-21T23:53:19.576+0000] {logging_mixin.py:137} INFO - [2023-08-21T23:53:19.576+0000] {dag.py:2690} INFO - Sync 1 DAGs
[2023-08-21T23:53:19.604+0000] {logging_mixin.py:137} INFO - [2023-08-21T23:53:19.604+0000] {dag.py:3441} INFO - Setting next_dagrun for example_python_operator to None, run_after=None
[2023-08-21T23:53:19.663+0000] {processor.py:175} INFO - Processing /home/airflow/.local/lib/python3.7/site-packages/airflow/example_dags/example_python_operator.py took 0.152 seconds
[2023-08-21T23:53:50.111+0000] {processor.py:153} INFO - Started process (PID=630) to work on /home/airflow/.local/lib/python3.7/site-packages/airflow/example_dags/example_python_operator.py
[2023-08-21T23:53:50.112+0000] {processor.py:743} INFO - Processing file /home/airflow/.local/lib/python3.7/site-packages/airflow/example_dags/example_python_operator.py for tasks to queue
[2023-08-21T23:53:50.112+0000] {logging_mixin.py:137} INFO - [2023-08-21T23:53:50.112+0000] {dagbag.py:538} INFO - Filling up the DagBag from /home/airflow/.local/lib/python3.7/site-packages/airflow/example_dags/example_python_operator.py
[2023-08-21T23:53:50.132+0000] {logging_mixin.py:137} INFO - [2023-08-21T23:53:50.132+0000] {taskmixin.py:205} WARNING - Dependency <Task(_PythonDecoratedOperator): print_the_context>, log_sql_query already registered for DAG: example_python_operator
[2023-08-21T23:53:50.132+0000] {logging_mixin.py:137} INFO - [2023-08-21T23:53:50.132+0000] {taskmixin.py:205} WARNING - Dependency <Task(_PythonDecoratedOperator): log_sql_query>, print_the_context already registered for DAG: example_python_operator
[2023-08-21T23:53:50.133+0000] {logging_mixin.py:137} INFO - [2023-08-21T23:53:50.133+0000] {taskmixin.py:205} WARNING - Dependency <Task(_PythonDecoratedOperator): print_the_context>, log_sql_query already registered for DAG: example_python_operator
[2023-08-21T23:53:50.133+0000] {logging_mixin.py:137} INFO - [2023-08-21T23:53:50.133+0000] {taskmixin.py:205} WARNING - Dependency <Task(_PythonDecoratedOperator): log_sql_query>, print_the_context already registered for DAG: example_python_operator
[2023-08-21T23:53:50.134+0000] {logging_mixin.py:137} INFO - [2023-08-21T23:53:50.134+0000] {taskmixin.py:205} WARNING - Dependency <Task(_PythonDecoratedOperator): print_the_context>, log_sql_query already registered for DAG: example_python_operator
[2023-08-21T23:53:50.134+0000] {logging_mixin.py:137} INFO - [2023-08-21T23:53:50.134+0000] {taskmixin.py:205} WARNING - Dependency <Task(_PythonDecoratedOperator): log_sql_query>, print_the_context already registered for DAG: example_python_operator
[2023-08-21T23:53:50.135+0000] {logging_mixin.py:137} INFO - [2023-08-21T23:53:50.135+0000] {taskmixin.py:205} WARNING - Dependency <Task(_PythonDecoratedOperator): print_the_context>, log_sql_query already registered for DAG: example_python_operator
[2023-08-21T23:53:50.135+0000] {logging_mixin.py:137} INFO - [2023-08-21T23:53:50.135+0000] {taskmixin.py:205} WARNING - Dependency <Task(_PythonDecoratedOperator): log_sql_query>, print_the_context already registered for DAG: example_python_operator
[2023-08-21T23:53:50.143+0000] {processor.py:753} INFO - DAG(s) dict_keys(['example_python_operator']) retrieved from /home/airflow/.local/lib/python3.7/site-packages/airflow/example_dags/example_python_operator.py
[2023-08-21T23:53:50.176+0000] {logging_mixin.py:137} INFO - [2023-08-21T23:53:50.176+0000] {dag.py:2690} INFO - Sync 1 DAGs
[2023-08-21T23:53:50.207+0000] {logging_mixin.py:137} INFO - [2023-08-21T23:53:50.206+0000] {dag.py:3441} INFO - Setting next_dagrun for example_python_operator to None, run_after=None
[2023-08-21T23:53:50.256+0000] {processor.py:175} INFO - Processing /home/airflow/.local/lib/python3.7/site-packages/airflow/example_dags/example_python_operator.py took 0.149 seconds
[2023-08-21T23:54:20.455+0000] {processor.py:153} INFO - Started process (PID=706) to work on /home/airflow/.local/lib/python3.7/site-packages/airflow/example_dags/example_python_operator.py
[2023-08-21T23:54:20.456+0000] {processor.py:743} INFO - Processing file /home/airflow/.local/lib/python3.7/site-packages/airflow/example_dags/example_python_operator.py for tasks to queue
[2023-08-21T23:54:20.458+0000] {logging_mixin.py:137} INFO - [2023-08-21T23:54:20.457+0000] {dagbag.py:538} INFO - Filling up the DagBag from /home/airflow/.local/lib/python3.7/site-packages/airflow/example_dags/example_python_operator.py
[2023-08-21T23:54:20.486+0000] {logging_mixin.py:137} INFO - [2023-08-21T23:54:20.486+0000] {taskmixin.py:205} WARNING - Dependency <Task(_PythonDecoratedOperator): print_the_context>, log_sql_query already registered for DAG: example_python_operator
[2023-08-21T23:54:20.486+0000] {logging_mixin.py:137} INFO - [2023-08-21T23:54:20.486+0000] {taskmixin.py:205} WARNING - Dependency <Task(_PythonDecoratedOperator): log_sql_query>, print_the_context already registered for DAG: example_python_operator
[2023-08-21T23:54:20.488+0000] {logging_mixin.py:137} INFO - [2023-08-21T23:54:20.487+0000] {taskmixin.py:205} WARNING - Dependency <Task(_PythonDecoratedOperator): print_the_context>, log_sql_query already registered for DAG: example_python_operator
[2023-08-21T23:54:20.488+0000] {logging_mixin.py:137} INFO - [2023-08-21T23:54:20.488+0000] {taskmixin.py:205} WARNING - Dependency <Task(_PythonDecoratedOperator): log_sql_query>, print_the_context already registered for DAG: example_python_operator
[2023-08-21T23:54:20.489+0000] {logging_mixin.py:137} INFO - [2023-08-21T23:54:20.489+0000] {taskmixin.py:205} WARNING - Dependency <Task(_PythonDecoratedOperator): print_the_context>, log_sql_query already registered for DAG: example_python_operator
[2023-08-21T23:54:20.489+0000] {logging_mixin.py:137} INFO - [2023-08-21T23:54:20.489+0000] {taskmixin.py:205} WARNING - Dependency <Task(_PythonDecoratedOperator): log_sql_query>, print_the_context already registered for DAG: example_python_operator
[2023-08-21T23:54:20.490+0000] {logging_mixin.py:137} INFO - [2023-08-21T23:54:20.490+0000] {taskmixin.py:205} WARNING - Dependency <Task(_PythonDecoratedOperator): print_the_context>, log_sql_query already registered for DAG: example_python_operator
[2023-08-21T23:54:20.491+0000] {logging_mixin.py:137} INFO - [2023-08-21T23:54:20.491+0000] {taskmixin.py:205} WARNING - Dependency <Task(_PythonDecoratedOperator): log_sql_query>, print_the_context already registered for DAG: example_python_operator
[2023-08-21T23:54:20.500+0000] {processor.py:753} INFO - DAG(s) dict_keys(['example_python_operator']) retrieved from /home/airflow/.local/lib/python3.7/site-packages/airflow/example_dags/example_python_operator.py
[2023-08-21T23:54:20.532+0000] {logging_mixin.py:137} INFO - [2023-08-21T23:54:20.532+0000] {dag.py:2690} INFO - Sync 1 DAGs
[2023-08-21T23:54:20.562+0000] {logging_mixin.py:137} INFO - [2023-08-21T23:54:20.562+0000] {dag.py:3441} INFO - Setting next_dagrun for example_python_operator to None, run_after=None
[2023-08-21T23:54:20.616+0000] {processor.py:175} INFO - Processing /home/airflow/.local/lib/python3.7/site-packages/airflow/example_dags/example_python_operator.py took 0.167 seconds
[2023-08-21T23:54:50.935+0000] {processor.py:153} INFO - Started process (PID=769) to work on /home/airflow/.local/lib/python3.7/site-packages/airflow/example_dags/example_python_operator.py
[2023-08-21T23:54:50.936+0000] {processor.py:743} INFO - Processing file /home/airflow/.local/lib/python3.7/site-packages/airflow/example_dags/example_python_operator.py for tasks to queue
[2023-08-21T23:54:50.937+0000] {logging_mixin.py:137} INFO - [2023-08-21T23:54:50.937+0000] {dagbag.py:538} INFO - Filling up the DagBag from /home/airflow/.local/lib/python3.7/site-packages/airflow/example_dags/example_python_operator.py
[2023-08-21T23:54:50.956+0000] {logging_mixin.py:137} INFO - [2023-08-21T23:54:50.956+0000] {taskmixin.py:205} WARNING - Dependency <Task(_PythonDecoratedOperator): print_the_context>, log_sql_query already registered for DAG: example_python_operator
[2023-08-21T23:54:50.956+0000] {logging_mixin.py:137} INFO - [2023-08-21T23:54:50.956+0000] {taskmixin.py:205} WARNING - Dependency <Task(_PythonDecoratedOperator): log_sql_query>, print_the_context already registered for DAG: example_python_operator
[2023-08-21T23:54:50.957+0000] {logging_mixin.py:137} INFO - [2023-08-21T23:54:50.957+0000] {taskmixin.py:205} WARNING - Dependency <Task(_PythonDecoratedOperator): print_the_context>, log_sql_query already registered for DAG: example_python_operator
[2023-08-21T23:54:50.957+0000] {logging_mixin.py:137} INFO - [2023-08-21T23:54:50.957+0000] {taskmixin.py:205} WARNING - Dependency <Task(_PythonDecoratedOperator): log_sql_query>, print_the_context already registered for DAG: example_python_operator
[2023-08-21T23:54:50.958+0000] {logging_mixin.py:137} INFO - [2023-08-21T23:54:50.958+0000] {taskmixin.py:205} WARNING - Dependency <Task(_PythonDecoratedOperator): print_the_context>, log_sql_query already registered for DAG: example_python_operator
[2023-08-21T23:54:50.959+0000] {logging_mixin.py:137} INFO - [2023-08-21T23:54:50.958+0000] {taskmixin.py:205} WARNING - Dependency <Task(_PythonDecoratedOperator): log_sql_query>, print_the_context already registered for DAG: example_python_operator
[2023-08-21T23:54:50.959+0000] {logging_mixin.py:137} INFO - [2023-08-21T23:54:50.959+0000] {taskmixin.py:205} WARNING - Dependency <Task(_PythonDecoratedOperator): print_the_context>, log_sql_query already registered for DAG: example_python_operator
[2023-08-21T23:54:50.960+0000] {logging_mixin.py:137} INFO - [2023-08-21T23:54:50.959+0000] {taskmixin.py:205} WARNING - Dependency <Task(_PythonDecoratedOperator): log_sql_query>, print_the_context already registered for DAG: example_python_operator
[2023-08-21T23:54:50.968+0000] {processor.py:753} INFO - DAG(s) dict_keys(['example_python_operator']) retrieved from /home/airflow/.local/lib/python3.7/site-packages/airflow/example_dags/example_python_operator.py
[2023-08-21T23:54:50.998+0000] {logging_mixin.py:137} INFO - [2023-08-21T23:54:50.998+0000] {dag.py:2690} INFO - Sync 1 DAGs
[2023-08-21T23:54:51.031+0000] {logging_mixin.py:137} INFO - [2023-08-21T23:54:51.031+0000] {dag.py:3441} INFO - Setting next_dagrun for example_python_operator to None, run_after=None
[2023-08-21T23:54:51.086+0000] {processor.py:175} INFO - Processing /home/airflow/.local/lib/python3.7/site-packages/airflow/example_dags/example_python_operator.py took 0.154 seconds
[2023-08-21T23:55:21.529+0000] {processor.py:153} INFO - Started process (PID=842) to work on /home/airflow/.local/lib/python3.7/site-packages/airflow/example_dags/example_python_operator.py
[2023-08-21T23:55:21.530+0000] {processor.py:743} INFO - Processing file /home/airflow/.local/lib/python3.7/site-packages/airflow/example_dags/example_python_operator.py for tasks to queue
[2023-08-21T23:55:21.531+0000] {logging_mixin.py:137} INFO - [2023-08-21T23:55:21.531+0000] {dagbag.py:538} INFO - Filling up the DagBag from /home/airflow/.local/lib/python3.7/site-packages/airflow/example_dags/example_python_operator.py
[2023-08-21T23:55:21.554+0000] {logging_mixin.py:137} INFO - [2023-08-21T23:55:21.553+0000] {taskmixin.py:205} WARNING - Dependency <Task(_PythonDecoratedOperator): print_the_context>, log_sql_query already registered for DAG: example_python_operator
[2023-08-21T23:55:21.554+0000] {logging_mixin.py:137} INFO - [2023-08-21T23:55:21.554+0000] {taskmixin.py:205} WARNING - Dependency <Task(_PythonDecoratedOperator): log_sql_query>, print_the_context already registered for DAG: example_python_operator
[2023-08-21T23:55:21.555+0000] {logging_mixin.py:137} INFO - [2023-08-21T23:55:21.555+0000] {taskmixin.py:205} WARNING - Dependency <Task(_PythonDecoratedOperator): print_the_context>, log_sql_query already registered for DAG: example_python_operator
[2023-08-21T23:55:21.556+0000] {logging_mixin.py:137} INFO - [2023-08-21T23:55:21.555+0000] {taskmixin.py:205} WARNING - Dependency <Task(_PythonDecoratedOperator): log_sql_query>, print_the_context already registered for DAG: example_python_operator
[2023-08-21T23:55:21.556+0000] {logging_mixin.py:137} INFO - [2023-08-21T23:55:21.556+0000] {taskmixin.py:205} WARNING - Dependency <Task(_PythonDecoratedOperator): print_the_context>, log_sql_query already registered for DAG: example_python_operator
[2023-08-21T23:55:21.557+0000] {logging_mixin.py:137} INFO - [2023-08-21T23:55:21.556+0000] {taskmixin.py:205} WARNING - Dependency <Task(_PythonDecoratedOperator): log_sql_query>, print_the_context already registered for DAG: example_python_operator
[2023-08-21T23:55:21.557+0000] {logging_mixin.py:137} INFO - [2023-08-21T23:55:21.557+0000] {taskmixin.py:205} WARNING - Dependency <Task(_PythonDecoratedOperator): print_the_context>, log_sql_query already registered for DAG: example_python_operator
[2023-08-21T23:55:21.558+0000] {logging_mixin.py:137} INFO - [2023-08-21T23:55:21.557+0000] {taskmixin.py:205} WARNING - Dependency <Task(_PythonDecoratedOperator): log_sql_query>, print_the_context already registered for DAG: example_python_operator
[2023-08-21T23:55:21.565+0000] {processor.py:753} INFO - DAG(s) dict_keys(['example_python_operator']) retrieved from /home/airflow/.local/lib/python3.7/site-packages/airflow/example_dags/example_python_operator.py
[2023-08-21T23:55:21.602+0000] {logging_mixin.py:137} INFO - [2023-08-21T23:55:21.602+0000] {dag.py:2690} INFO - Sync 1 DAGs
[2023-08-21T23:55:21.634+0000] {logging_mixin.py:137} INFO - [2023-08-21T23:55:21.634+0000] {dag.py:3441} INFO - Setting next_dagrun for example_python_operator to None, run_after=None
[2023-08-21T23:55:21.684+0000] {processor.py:175} INFO - Processing /home/airflow/.local/lib/python3.7/site-packages/airflow/example_dags/example_python_operator.py took 0.159 seconds
[2023-08-21T23:55:51.716+0000] {processor.py:153} INFO - Started process (PID=909) to work on /home/airflow/.local/lib/python3.7/site-packages/airflow/example_dags/example_python_operator.py
[2023-08-21T23:55:51.717+0000] {processor.py:743} INFO - Processing file /home/airflow/.local/lib/python3.7/site-packages/airflow/example_dags/example_python_operator.py for tasks to queue
[2023-08-21T23:55:51.718+0000] {logging_mixin.py:137} INFO - [2023-08-21T23:55:51.718+0000] {dagbag.py:538} INFO - Filling up the DagBag from /home/airflow/.local/lib/python3.7/site-packages/airflow/example_dags/example_python_operator.py
[2023-08-21T23:55:51.737+0000] {logging_mixin.py:137} INFO - [2023-08-21T23:55:51.737+0000] {taskmixin.py:205} WARNING - Dependency <Task(_PythonDecoratedOperator): print_the_context>, log_sql_query already registered for DAG: example_python_operator
[2023-08-21T23:55:51.737+0000] {logging_mixin.py:137} INFO - [2023-08-21T23:55:51.737+0000] {taskmixin.py:205} WARNING - Dependency <Task(_PythonDecoratedOperator): log_sql_query>, print_the_context already registered for DAG: example_python_operator
[2023-08-21T23:55:51.738+0000] {logging_mixin.py:137} INFO - [2023-08-21T23:55:51.738+0000] {taskmixin.py:205} WARNING - Dependency <Task(_PythonDecoratedOperator): print_the_context>, log_sql_query already registered for DAG: example_python_operator
[2023-08-21T23:55:51.738+0000] {logging_mixin.py:137} INFO - [2023-08-21T23:55:51.738+0000] {taskmixin.py:205} WARNING - Dependency <Task(_PythonDecoratedOperator): log_sql_query>, print_the_context already registered for DAG: example_python_operator
[2023-08-21T23:55:51.739+0000] {logging_mixin.py:137} INFO - [2023-08-21T23:55:51.738+0000] {taskmixin.py:205} WARNING - Dependency <Task(_PythonDecoratedOperator): print_the_context>, log_sql_query already registered for DAG: example_python_operator
[2023-08-21T23:55:51.739+0000] {logging_mixin.py:137} INFO - [2023-08-21T23:55:51.739+0000] {taskmixin.py:205} WARNING - Dependency <Task(_PythonDecoratedOperator): log_sql_query>, print_the_context already registered for DAG: example_python_operator
[2023-08-21T23:55:51.739+0000] {logging_mixin.py:137} INFO - [2023-08-21T23:55:51.739+0000] {taskmixin.py:205} WARNING - Dependency <Task(_PythonDecoratedOperator): print_the_context>, log_sql_query already registered for DAG: example_python_operator
[2023-08-21T23:55:51.740+0000] {logging_mixin.py:137} INFO - [2023-08-21T23:55:51.740+0000] {taskmixin.py:205} WARNING - Dependency <Task(_PythonDecoratedOperator): log_sql_query>, print_the_context already registered for DAG: example_python_operator
[2023-08-21T23:55:51.747+0000] {processor.py:753} INFO - DAG(s) dict_keys(['example_python_operator']) retrieved from /home/airflow/.local/lib/python3.7/site-packages/airflow/example_dags/example_python_operator.py
[2023-08-21T23:55:51.778+0000] {logging_mixin.py:137} INFO - [2023-08-21T23:55:51.778+0000] {dag.py:2690} INFO - Sync 1 DAGs
[2023-08-21T23:55:51.809+0000] {logging_mixin.py:137} INFO - [2023-08-21T23:55:51.809+0000] {dag.py:3441} INFO - Setting next_dagrun for example_python_operator to None, run_after=None
[2023-08-21T23:55:51.866+0000] {processor.py:175} INFO - Processing /home/airflow/.local/lib/python3.7/site-packages/airflow/example_dags/example_python_operator.py took 0.154 seconds
[2023-08-21T23:56:21.933+0000] {processor.py:153} INFO - Started process (PID=972) to work on /home/airflow/.local/lib/python3.7/site-packages/airflow/example_dags/example_python_operator.py
[2023-08-21T23:56:21.934+0000] {processor.py:743} INFO - Processing file /home/airflow/.local/lib/python3.7/site-packages/airflow/example_dags/example_python_operator.py for tasks to queue
[2023-08-21T23:56:21.934+0000] {logging_mixin.py:137} INFO - [2023-08-21T23:56:21.934+0000] {dagbag.py:538} INFO - Filling up the DagBag from /home/airflow/.local/lib/python3.7/site-packages/airflow/example_dags/example_python_operator.py
[2023-08-21T23:56:21.954+0000] {logging_mixin.py:137} INFO - [2023-08-21T23:56:21.954+0000] {taskmixin.py:205} WARNING - Dependency <Task(_PythonDecoratedOperator): print_the_context>, log_sql_query already registered for DAG: example_python_operator
[2023-08-21T23:56:21.954+0000] {logging_mixin.py:137} INFO - [2023-08-21T23:56:21.954+0000] {taskmixin.py:205} WARNING - Dependency <Task(_PythonDecoratedOperator): log_sql_query>, print_the_context already registered for DAG: example_python_operator
[2023-08-21T23:56:21.955+0000] {logging_mixin.py:137} INFO - [2023-08-21T23:56:21.955+0000] {taskmixin.py:205} WARNING - Dependency <Task(_PythonDecoratedOperator): print_the_context>, log_sql_query already registered for DAG: example_python_operator
[2023-08-21T23:56:21.955+0000] {logging_mixin.py:137} INFO - [2023-08-21T23:56:21.955+0000] {taskmixin.py:205} WARNING - Dependency <Task(_PythonDecoratedOperator): log_sql_query>, print_the_context already registered for DAG: example_python_operator
[2023-08-21T23:56:21.956+0000] {logging_mixin.py:137} INFO - [2023-08-21T23:56:21.956+0000] {taskmixin.py:205} WARNING - Dependency <Task(_PythonDecoratedOperator): print_the_context>, log_sql_query already registered for DAG: example_python_operator
[2023-08-21T23:56:21.956+0000] {logging_mixin.py:137} INFO - [2023-08-21T23:56:21.956+0000] {taskmixin.py:205} WARNING - Dependency <Task(_PythonDecoratedOperator): log_sql_query>, print_the_context already registered for DAG: example_python_operator
[2023-08-21T23:56:21.957+0000] {logging_mixin.py:137} INFO - [2023-08-21T23:56:21.957+0000] {taskmixin.py:205} WARNING - Dependency <Task(_PythonDecoratedOperator): print_the_context>, log_sql_query already registered for DAG: example_python_operator
[2023-08-21T23:56:21.957+0000] {logging_mixin.py:137} INFO - [2023-08-21T23:56:21.957+0000] {taskmixin.py:205} WARNING - Dependency <Task(_PythonDecoratedOperator): log_sql_query>, print_the_context already registered for DAG: example_python_operator
[2023-08-21T23:56:21.964+0000] {processor.py:753} INFO - DAG(s) dict_keys(['example_python_operator']) retrieved from /home/airflow/.local/lib/python3.7/site-packages/airflow/example_dags/example_python_operator.py
[2023-08-21T23:56:21.999+0000] {logging_mixin.py:137} INFO - [2023-08-21T23:56:21.999+0000] {dag.py:2690} INFO - Sync 1 DAGs
[2023-08-21T23:56:22.027+0000] {logging_mixin.py:137} INFO - [2023-08-21T23:56:22.027+0000] {dag.py:3441} INFO - Setting next_dagrun for example_python_operator to None, run_after=None
[2023-08-21T23:56:22.076+0000] {processor.py:175} INFO - Processing /home/airflow/.local/lib/python3.7/site-packages/airflow/example_dags/example_python_operator.py took 0.149 seconds
[2023-08-21T23:56:52.191+0000] {processor.py:153} INFO - Started process (PID=1047) to work on /home/airflow/.local/lib/python3.7/site-packages/airflow/example_dags/example_python_operator.py
[2023-08-21T23:56:52.192+0000] {processor.py:743} INFO - Processing file /home/airflow/.local/lib/python3.7/site-packages/airflow/example_dags/example_python_operator.py for tasks to queue
[2023-08-21T23:56:52.193+0000] {logging_mixin.py:137} INFO - [2023-08-21T23:56:52.193+0000] {dagbag.py:538} INFO - Filling up the DagBag from /home/airflow/.local/lib/python3.7/site-packages/airflow/example_dags/example_python_operator.py
[2023-08-21T23:56:52.214+0000] {logging_mixin.py:137} INFO - [2023-08-21T23:56:52.213+0000] {taskmixin.py:205} WARNING - Dependency <Task(_PythonDecoratedOperator): print_the_context>, log_sql_query already registered for DAG: example_python_operator
[2023-08-21T23:56:52.214+0000] {logging_mixin.py:137} INFO - [2023-08-21T23:56:52.214+0000] {taskmixin.py:205} WARNING - Dependency <Task(_PythonDecoratedOperator): log_sql_query>, print_the_context already registered for DAG: example_python_operator
[2023-08-21T23:56:52.215+0000] {logging_mixin.py:137} INFO - [2023-08-21T23:56:52.215+0000] {taskmixin.py:205} WARNING - Dependency <Task(_PythonDecoratedOperator): print_the_context>, log_sql_query already registered for DAG: example_python_operator
[2023-08-21T23:56:52.215+0000] {logging_mixin.py:137} INFO - [2023-08-21T23:56:52.215+0000] {taskmixin.py:205} WARNING - Dependency <Task(_PythonDecoratedOperator): log_sql_query>, print_the_context already registered for DAG: example_python_operator
[2023-08-21T23:56:52.216+0000] {logging_mixin.py:137} INFO - [2023-08-21T23:56:52.216+0000] {taskmixin.py:205} WARNING - Dependency <Task(_PythonDecoratedOperator): print_the_context>, log_sql_query already registered for DAG: example_python_operator
[2023-08-21T23:56:52.216+0000] {logging_mixin.py:137} INFO - [2023-08-21T23:56:52.216+0000] {taskmixin.py:205} WARNING - Dependency <Task(_PythonDecoratedOperator): log_sql_query>, print_the_context already registered for DAG: example_python_operator
[2023-08-21T23:56:52.217+0000] {logging_mixin.py:137} INFO - [2023-08-21T23:56:52.217+0000] {taskmixin.py:205} WARNING - Dependency <Task(_PythonDecoratedOperator): print_the_context>, log_sql_query already registered for DAG: example_python_operator
[2023-08-21T23:56:52.217+0000] {logging_mixin.py:137} INFO - [2023-08-21T23:56:52.217+0000] {taskmixin.py:205} WARNING - Dependency <Task(_PythonDecoratedOperator): log_sql_query>, print_the_context already registered for DAG: example_python_operator
[2023-08-21T23:56:52.225+0000] {processor.py:753} INFO - DAG(s) dict_keys(['example_python_operator']) retrieved from /home/airflow/.local/lib/python3.7/site-packages/airflow/example_dags/example_python_operator.py
[2023-08-21T23:56:52.260+0000] {logging_mixin.py:137} INFO - [2023-08-21T23:56:52.260+0000] {dag.py:2690} INFO - Sync 1 DAGs
[2023-08-21T23:56:52.287+0000] {logging_mixin.py:137} INFO - [2023-08-21T23:56:52.287+0000] {dag.py:3441} INFO - Setting next_dagrun for example_python_operator to None, run_after=None
[2023-08-21T23:56:52.336+0000] {processor.py:175} INFO - Processing /home/airflow/.local/lib/python3.7/site-packages/airflow/example_dags/example_python_operator.py took 0.148 seconds
[2023-08-21T23:57:22.399+0000] {processor.py:153} INFO - Started process (PID=1110) to work on /home/airflow/.local/lib/python3.7/site-packages/airflow/example_dags/example_python_operator.py
[2023-08-21T23:57:22.400+0000] {processor.py:743} INFO - Processing file /home/airflow/.local/lib/python3.7/site-packages/airflow/example_dags/example_python_operator.py for tasks to queue
[2023-08-21T23:57:22.401+0000] {logging_mixin.py:137} INFO - [2023-08-21T23:57:22.401+0000] {dagbag.py:538} INFO - Filling up the DagBag from /home/airflow/.local/lib/python3.7/site-packages/airflow/example_dags/example_python_operator.py
[2023-08-21T23:57:22.428+0000] {logging_mixin.py:137} INFO - [2023-08-21T23:57:22.428+0000] {taskmixin.py:205} WARNING - Dependency <Task(_PythonDecoratedOperator): print_the_context>, log_sql_query already registered for DAG: example_python_operator
[2023-08-21T23:57:22.428+0000] {logging_mixin.py:137} INFO - [2023-08-21T23:57:22.428+0000] {taskmixin.py:205} WARNING - Dependency <Task(_PythonDecoratedOperator): log_sql_query>, print_the_context already registered for DAG: example_python_operator
[2023-08-21T23:57:22.429+0000] {logging_mixin.py:137} INFO - [2023-08-21T23:57:22.429+0000] {taskmixin.py:205} WARNING - Dependency <Task(_PythonDecoratedOperator): print_the_context>, log_sql_query already registered for DAG: example_python_operator
[2023-08-21T23:57:22.430+0000] {logging_mixin.py:137} INFO - [2023-08-21T23:57:22.430+0000] {taskmixin.py:205} WARNING - Dependency <Task(_PythonDecoratedOperator): log_sql_query>, print_the_context already registered for DAG: example_python_operator
[2023-08-21T23:57:22.431+0000] {logging_mixin.py:137} INFO - [2023-08-21T23:57:22.431+0000] {taskmixin.py:205} WARNING - Dependency <Task(_PythonDecoratedOperator): print_the_context>, log_sql_query already registered for DAG: example_python_operator
[2023-08-21T23:57:22.431+0000] {logging_mixin.py:137} INFO - [2023-08-21T23:57:22.431+0000] {taskmixin.py:205} WARNING - Dependency <Task(_PythonDecoratedOperator): log_sql_query>, print_the_context already registered for DAG: example_python_operator
[2023-08-21T23:57:22.432+0000] {logging_mixin.py:137} INFO - [2023-08-21T23:57:22.432+0000] {taskmixin.py:205} WARNING - Dependency <Task(_PythonDecoratedOperator): print_the_context>, log_sql_query already registered for DAG: example_python_operator
[2023-08-21T23:57:22.433+0000] {logging_mixin.py:137} INFO - [2023-08-21T23:57:22.432+0000] {taskmixin.py:205} WARNING - Dependency <Task(_PythonDecoratedOperator): log_sql_query>, print_the_context already registered for DAG: example_python_operator
[2023-08-21T23:57:22.444+0000] {processor.py:753} INFO - DAG(s) dict_keys(['example_python_operator']) retrieved from /home/airflow/.local/lib/python3.7/site-packages/airflow/example_dags/example_python_operator.py
[2023-08-21T23:57:22.474+0000] {logging_mixin.py:137} INFO - [2023-08-21T23:57:22.474+0000] {dag.py:2690} INFO - Sync 1 DAGs
[2023-08-21T23:57:22.501+0000] {logging_mixin.py:137} INFO - [2023-08-21T23:57:22.501+0000] {dag.py:3441} INFO - Setting next_dagrun for example_python_operator to None, run_after=None
[2023-08-21T23:57:22.544+0000] {processor.py:175} INFO - Processing /home/airflow/.local/lib/python3.7/site-packages/airflow/example_dags/example_python_operator.py took 0.149 seconds
[2023-08-21T23:57:52.948+0000] {processor.py:153} INFO - Started process (PID=1184) to work on /home/airflow/.local/lib/python3.7/site-packages/airflow/example_dags/example_python_operator.py
[2023-08-21T23:57:52.949+0000] {processor.py:743} INFO - Processing file /home/airflow/.local/lib/python3.7/site-packages/airflow/example_dags/example_python_operator.py for tasks to queue
[2023-08-21T23:57:52.950+0000] {logging_mixin.py:137} INFO - [2023-08-21T23:57:52.950+0000] {dagbag.py:538} INFO - Filling up the DagBag from /home/airflow/.local/lib/python3.7/site-packages/airflow/example_dags/example_python_operator.py
[2023-08-21T23:57:52.970+0000] {logging_mixin.py:137} INFO - [2023-08-21T23:57:52.969+0000] {taskmixin.py:205} WARNING - Dependency <Task(_PythonDecoratedOperator): print_the_context>, log_sql_query already registered for DAG: example_python_operator
[2023-08-21T23:57:52.970+0000] {logging_mixin.py:137} INFO - [2023-08-21T23:57:52.970+0000] {taskmixin.py:205} WARNING - Dependency <Task(_PythonDecoratedOperator): log_sql_query>, print_the_context already registered for DAG: example_python_operator
[2023-08-21T23:57:52.971+0000] {logging_mixin.py:137} INFO - [2023-08-21T23:57:52.970+0000] {taskmixin.py:205} WARNING - Dependency <Task(_PythonDecoratedOperator): print_the_context>, log_sql_query already registered for DAG: example_python_operator
[2023-08-21T23:57:52.971+0000] {logging_mixin.py:137} INFO - [2023-08-21T23:57:52.971+0000] {taskmixin.py:205} WARNING - Dependency <Task(_PythonDecoratedOperator): log_sql_query>, print_the_context already registered for DAG: example_python_operator
[2023-08-21T23:57:52.971+0000] {logging_mixin.py:137} INFO - [2023-08-21T23:57:52.971+0000] {taskmixin.py:205} WARNING - Dependency <Task(_PythonDecoratedOperator): print_the_context>, log_sql_query already registered for DAG: example_python_operator
[2023-08-21T23:57:52.972+0000] {logging_mixin.py:137} INFO - [2023-08-21T23:57:52.972+0000] {taskmixin.py:205} WARNING - Dependency <Task(_PythonDecoratedOperator): log_sql_query>, print_the_context already registered for DAG: example_python_operator
[2023-08-21T23:57:52.972+0000] {logging_mixin.py:137} INFO - [2023-08-21T23:57:52.972+0000] {taskmixin.py:205} WARNING - Dependency <Task(_PythonDecoratedOperator): print_the_context>, log_sql_query already registered for DAG: example_python_operator
[2023-08-21T23:57:52.973+0000] {logging_mixin.py:137} INFO - [2023-08-21T23:57:52.973+0000] {taskmixin.py:205} WARNING - Dependency <Task(_PythonDecoratedOperator): log_sql_query>, print_the_context already registered for DAG: example_python_operator
[2023-08-21T23:57:52.980+0000] {processor.py:753} INFO - DAG(s) dict_keys(['example_python_operator']) retrieved from /home/airflow/.local/lib/python3.7/site-packages/airflow/example_dags/example_python_operator.py
[2023-08-21T23:57:53.009+0000] {logging_mixin.py:137} INFO - [2023-08-21T23:57:53.009+0000] {dag.py:2690} INFO - Sync 1 DAGs
[2023-08-21T23:57:53.037+0000] {logging_mixin.py:137} INFO - [2023-08-21T23:57:53.037+0000] {dag.py:3441} INFO - Setting next_dagrun for example_python_operator to None, run_after=None
[2023-08-21T23:57:53.088+0000] {processor.py:175} INFO - Processing /home/airflow/.local/lib/python3.7/site-packages/airflow/example_dags/example_python_operator.py took 0.144 seconds
[2023-08-21T23:58:23.180+0000] {processor.py:153} INFO - Started process (PID=1247) to work on /home/airflow/.local/lib/python3.7/site-packages/airflow/example_dags/example_python_operator.py
[2023-08-21T23:58:23.181+0000] {processor.py:743} INFO - Processing file /home/airflow/.local/lib/python3.7/site-packages/airflow/example_dags/example_python_operator.py for tasks to queue
[2023-08-21T23:58:23.182+0000] {logging_mixin.py:137} INFO - [2023-08-21T23:58:23.182+0000] {dagbag.py:538} INFO - Filling up the DagBag from /home/airflow/.local/lib/python3.7/site-packages/airflow/example_dags/example_python_operator.py
[2023-08-21T23:58:23.200+0000] {logging_mixin.py:137} INFO - [2023-08-21T23:58:23.200+0000] {taskmixin.py:205} WARNING - Dependency <Task(_PythonDecoratedOperator): print_the_context>, log_sql_query already registered for DAG: example_python_operator
[2023-08-21T23:58:23.201+0000] {logging_mixin.py:137} INFO - [2023-08-21T23:58:23.201+0000] {taskmixin.py:205} WARNING - Dependency <Task(_PythonDecoratedOperator): log_sql_query>, print_the_context already registered for DAG: example_python_operator
[2023-08-21T23:58:23.201+0000] {logging_mixin.py:137} INFO - [2023-08-21T23:58:23.201+0000] {taskmixin.py:205} WARNING - Dependency <Task(_PythonDecoratedOperator): print_the_context>, log_sql_query already registered for DAG: example_python_operator
[2023-08-21T23:58:23.202+0000] {logging_mixin.py:137} INFO - [2023-08-21T23:58:23.202+0000] {taskmixin.py:205} WARNING - Dependency <Task(_PythonDecoratedOperator): log_sql_query>, print_the_context already registered for DAG: example_python_operator
[2023-08-21T23:58:23.202+0000] {logging_mixin.py:137} INFO - [2023-08-21T23:58:23.202+0000] {taskmixin.py:205} WARNING - Dependency <Task(_PythonDecoratedOperator): print_the_context>, log_sql_query already registered for DAG: example_python_operator
[2023-08-21T23:58:23.203+0000] {logging_mixin.py:137} INFO - [2023-08-21T23:58:23.203+0000] {taskmixin.py:205} WARNING - Dependency <Task(_PythonDecoratedOperator): log_sql_query>, print_the_context already registered for DAG: example_python_operator
[2023-08-21T23:58:23.203+0000] {logging_mixin.py:137} INFO - [2023-08-21T23:58:23.203+0000] {taskmixin.py:205} WARNING - Dependency <Task(_PythonDecoratedOperator): print_the_context>, log_sql_query already registered for DAG: example_python_operator
[2023-08-21T23:58:23.204+0000] {logging_mixin.py:137} INFO - [2023-08-21T23:58:23.204+0000] {taskmixin.py:205} WARNING - Dependency <Task(_PythonDecoratedOperator): log_sql_query>, print_the_context already registered for DAG: example_python_operator
[2023-08-21T23:58:23.210+0000] {processor.py:753} INFO - DAG(s) dict_keys(['example_python_operator']) retrieved from /home/airflow/.local/lib/python3.7/site-packages/airflow/example_dags/example_python_operator.py
[2023-08-21T23:58:23.241+0000] {logging_mixin.py:137} INFO - [2023-08-21T23:58:23.241+0000] {dag.py:2690} INFO - Sync 1 DAGs
[2023-08-21T23:58:23.264+0000] {logging_mixin.py:137} INFO - [2023-08-21T23:58:23.264+0000] {dag.py:3441} INFO - Setting next_dagrun for example_python_operator to None, run_after=None
[2023-08-21T23:58:23.306+0000] {processor.py:175} INFO - Processing /home/airflow/.local/lib/python3.7/site-packages/airflow/example_dags/example_python_operator.py took 0.129 seconds
[2023-08-21T23:58:53.532+0000] {processor.py:153} INFO - Started process (PID=1322) to work on /home/airflow/.local/lib/python3.7/site-packages/airflow/example_dags/example_python_operator.py
[2023-08-21T23:58:53.540+0000] {processor.py:743} INFO - Processing file /home/airflow/.local/lib/python3.7/site-packages/airflow/example_dags/example_python_operator.py for tasks to queue
[2023-08-21T23:58:53.541+0000] {logging_mixin.py:137} INFO - [2023-08-21T23:58:53.541+0000] {dagbag.py:538} INFO - Filling up the DagBag from /home/airflow/.local/lib/python3.7/site-packages/airflow/example_dags/example_python_operator.py
[2023-08-21T23:58:53.563+0000] {logging_mixin.py:137} INFO - [2023-08-21T23:58:53.563+0000] {taskmixin.py:205} WARNING - Dependency <Task(_PythonDecoratedOperator): print_the_context>, log_sql_query already registered for DAG: example_python_operator
[2023-08-21T23:58:53.564+0000] {logging_mixin.py:137} INFO - [2023-08-21T23:58:53.564+0000] {taskmixin.py:205} WARNING - Dependency <Task(_PythonDecoratedOperator): log_sql_query>, print_the_context already registered for DAG: example_python_operator
[2023-08-21T23:58:53.564+0000] {logging_mixin.py:137} INFO - [2023-08-21T23:58:53.564+0000] {taskmixin.py:205} WARNING - Dependency <Task(_PythonDecoratedOperator): print_the_context>, log_sql_query already registered for DAG: example_python_operator
[2023-08-21T23:58:53.565+0000] {logging_mixin.py:137} INFO - [2023-08-21T23:58:53.565+0000] {taskmixin.py:205} WARNING - Dependency <Task(_PythonDecoratedOperator): log_sql_query>, print_the_context already registered for DAG: example_python_operator
[2023-08-21T23:58:53.566+0000] {logging_mixin.py:137} INFO - [2023-08-21T23:58:53.566+0000] {taskmixin.py:205} WARNING - Dependency <Task(_PythonDecoratedOperator): print_the_context>, log_sql_query already registered for DAG: example_python_operator
[2023-08-21T23:58:53.566+0000] {logging_mixin.py:137} INFO - [2023-08-21T23:58:53.566+0000] {taskmixin.py:205} WARNING - Dependency <Task(_PythonDecoratedOperator): log_sql_query>, print_the_context already registered for DAG: example_python_operator
[2023-08-21T23:58:53.567+0000] {logging_mixin.py:137} INFO - [2023-08-21T23:58:53.567+0000] {taskmixin.py:205} WARNING - Dependency <Task(_PythonDecoratedOperator): print_the_context>, log_sql_query already registered for DAG: example_python_operator
[2023-08-21T23:58:53.567+0000] {logging_mixin.py:137} INFO - [2023-08-21T23:58:53.567+0000] {taskmixin.py:205} WARNING - Dependency <Task(_PythonDecoratedOperator): log_sql_query>, print_the_context already registered for DAG: example_python_operator
[2023-08-21T23:58:53.573+0000] {processor.py:753} INFO - DAG(s) dict_keys(['example_python_operator']) retrieved from /home/airflow/.local/lib/python3.7/site-packages/airflow/example_dags/example_python_operator.py
[2023-08-21T23:58:53.602+0000] {logging_mixin.py:137} INFO - [2023-08-21T23:58:53.602+0000] {dag.py:2690} INFO - Sync 1 DAGs
[2023-08-21T23:58:53.627+0000] {logging_mixin.py:137} INFO - [2023-08-21T23:58:53.627+0000] {dag.py:3441} INFO - Setting next_dagrun for example_python_operator to None, run_after=None
[2023-08-21T23:58:53.681+0000] {processor.py:175} INFO - Processing /home/airflow/.local/lib/python3.7/site-packages/airflow/example_dags/example_python_operator.py took 0.154 seconds
[2023-08-21T23:59:24.277+0000] {processor.py:153} INFO - Started process (PID=1385) to work on /home/airflow/.local/lib/python3.7/site-packages/airflow/example_dags/example_python_operator.py
[2023-08-21T23:59:24.278+0000] {processor.py:743} INFO - Processing file /home/airflow/.local/lib/python3.7/site-packages/airflow/example_dags/example_python_operator.py for tasks to queue
[2023-08-21T23:59:24.279+0000] {logging_mixin.py:137} INFO - [2023-08-21T23:59:24.279+0000] {dagbag.py:538} INFO - Filling up the DagBag from /home/airflow/.local/lib/python3.7/site-packages/airflow/example_dags/example_python_operator.py
[2023-08-21T23:59:24.300+0000] {logging_mixin.py:137} INFO - [2023-08-21T23:59:24.300+0000] {taskmixin.py:205} WARNING - Dependency <Task(_PythonDecoratedOperator): print_the_context>, log_sql_query already registered for DAG: example_python_operator
[2023-08-21T23:59:24.301+0000] {logging_mixin.py:137} INFO - [2023-08-21T23:59:24.300+0000] {taskmixin.py:205} WARNING - Dependency <Task(_PythonDecoratedOperator): log_sql_query>, print_the_context already registered for DAG: example_python_operator
[2023-08-21T23:59:24.301+0000] {logging_mixin.py:137} INFO - [2023-08-21T23:59:24.301+0000] {taskmixin.py:205} WARNING - Dependency <Task(_PythonDecoratedOperator): print_the_context>, log_sql_query already registered for DAG: example_python_operator
[2023-08-21T23:59:24.302+0000] {logging_mixin.py:137} INFO - [2023-08-21T23:59:24.302+0000] {taskmixin.py:205} WARNING - Dependency <Task(_PythonDecoratedOperator): log_sql_query>, print_the_context already registered for DAG: example_python_operator
[2023-08-21T23:59:24.303+0000] {logging_mixin.py:137} INFO - [2023-08-21T23:59:24.302+0000] {taskmixin.py:205} WARNING - Dependency <Task(_PythonDecoratedOperator): print_the_context>, log_sql_query already registered for DAG: example_python_operator
[2023-08-21T23:59:24.303+0000] {logging_mixin.py:137} INFO - [2023-08-21T23:59:24.303+0000] {taskmixin.py:205} WARNING - Dependency <Task(_PythonDecoratedOperator): log_sql_query>, print_the_context already registered for DAG: example_python_operator
[2023-08-21T23:59:24.304+0000] {logging_mixin.py:137} INFO - [2023-08-21T23:59:24.304+0000] {taskmixin.py:205} WARNING - Dependency <Task(_PythonDecoratedOperator): print_the_context>, log_sql_query already registered for DAG: example_python_operator
[2023-08-21T23:59:24.304+0000] {logging_mixin.py:137} INFO - [2023-08-21T23:59:24.304+0000] {taskmixin.py:205} WARNING - Dependency <Task(_PythonDecoratedOperator): log_sql_query>, print_the_context already registered for DAG: example_python_operator
[2023-08-21T23:59:24.313+0000] {processor.py:753} INFO - DAG(s) dict_keys(['example_python_operator']) retrieved from /home/airflow/.local/lib/python3.7/site-packages/airflow/example_dags/example_python_operator.py
[2023-08-21T23:59:24.342+0000] {logging_mixin.py:137} INFO - [2023-08-21T23:59:24.341+0000] {dag.py:2690} INFO - Sync 1 DAGs
[2023-08-21T23:59:24.373+0000] {logging_mixin.py:137} INFO - [2023-08-21T23:59:24.373+0000] {dag.py:3441} INFO - Setting next_dagrun for example_python_operator to None, run_after=None
[2023-08-21T23:59:24.422+0000] {processor.py:175} INFO - Processing /home/airflow/.local/lib/python3.7/site-packages/airflow/example_dags/example_python_operator.py took 0.150 seconds
[2023-08-21T23:59:54.561+0000] {processor.py:153} INFO - Started process (PID=1460) to work on /home/airflow/.local/lib/python3.7/site-packages/airflow/example_dags/example_python_operator.py
[2023-08-21T23:59:54.563+0000] {processor.py:743} INFO - Processing file /home/airflow/.local/lib/python3.7/site-packages/airflow/example_dags/example_python_operator.py for tasks to queue
[2023-08-21T23:59:54.564+0000] {logging_mixin.py:137} INFO - [2023-08-21T23:59:54.564+0000] {dagbag.py:538} INFO - Filling up the DagBag from /home/airflow/.local/lib/python3.7/site-packages/airflow/example_dags/example_python_operator.py
[2023-08-21T23:59:54.599+0000] {logging_mixin.py:137} INFO - [2023-08-21T23:59:54.599+0000] {taskmixin.py:205} WARNING - Dependency <Task(_PythonDecoratedOperator): print_the_context>, log_sql_query already registered for DAG: example_python_operator
[2023-08-21T23:59:54.600+0000] {logging_mixin.py:137} INFO - [2023-08-21T23:59:54.599+0000] {taskmixin.py:205} WARNING - Dependency <Task(_PythonDecoratedOperator): log_sql_query>, print_the_context already registered for DAG: example_python_operator
[2023-08-21T23:59:54.601+0000] {logging_mixin.py:137} INFO - [2023-08-21T23:59:54.601+0000] {taskmixin.py:205} WARNING - Dependency <Task(_PythonDecoratedOperator): print_the_context>, log_sql_query already registered for DAG: example_python_operator
[2023-08-21T23:59:54.601+0000] {logging_mixin.py:137} INFO - [2023-08-21T23:59:54.601+0000] {taskmixin.py:205} WARNING - Dependency <Task(_PythonDecoratedOperator): log_sql_query>, print_the_context already registered for DAG: example_python_operator
[2023-08-21T23:59:54.602+0000] {logging_mixin.py:137} INFO - [2023-08-21T23:59:54.602+0000] {taskmixin.py:205} WARNING - Dependency <Task(_PythonDecoratedOperator): print_the_context>, log_sql_query already registered for DAG: example_python_operator
[2023-08-21T23:59:54.602+0000] {logging_mixin.py:137} INFO - [2023-08-21T23:59:54.602+0000] {taskmixin.py:205} WARNING - Dependency <Task(_PythonDecoratedOperator): log_sql_query>, print_the_context already registered for DAG: example_python_operator
[2023-08-21T23:59:54.604+0000] {logging_mixin.py:137} INFO - [2023-08-21T23:59:54.603+0000] {taskmixin.py:205} WARNING - Dependency <Task(_PythonDecoratedOperator): print_the_context>, log_sql_query already registered for DAG: example_python_operator
[2023-08-21T23:59:54.604+0000] {logging_mixin.py:137} INFO - [2023-08-21T23:59:54.604+0000] {taskmixin.py:205} WARNING - Dependency <Task(_PythonDecoratedOperator): log_sql_query>, print_the_context already registered for DAG: example_python_operator
[2023-08-21T23:59:54.617+0000] {processor.py:753} INFO - DAG(s) dict_keys(['example_python_operator']) retrieved from /home/airflow/.local/lib/python3.7/site-packages/airflow/example_dags/example_python_operator.py
[2023-08-21T23:59:54.670+0000] {logging_mixin.py:137} INFO - [2023-08-21T23:59:54.669+0000] {dag.py:2690} INFO - Sync 1 DAGs
[2023-08-21T23:59:54.701+0000] {logging_mixin.py:137} INFO - [2023-08-21T23:59:54.701+0000] {dag.py:3441} INFO - Setting next_dagrun for example_python_operator to None, run_after=None
[2023-08-21T23:59:54.753+0000] {processor.py:175} INFO - Processing /home/airflow/.local/lib/python3.7/site-packages/airflow/example_dags/example_python_operator.py took 0.198 seconds
