[2023-08-21T23:49:44.748+0000] {processor.py:153} INFO - Started process (PID=76) to work on /home/airflow/.local/lib/python3.7/site-packages/airflow/example_dags/example_subdag_operator.py
[2023-08-21T23:49:44.750+0000] {processor.py:743} INFO - Processing file /home/airflow/.local/lib/python3.7/site-packages/airflow/example_dags/example_subdag_operator.py for tasks to queue
[2023-08-21T23:49:44.751+0000] {logging_mixin.py:137} INFO - [2023-08-21T23:49:44.751+0000] {dagbag.py:538} INFO - Filling up the DagBag from /home/airflow/.local/lib/python3.7/site-packages/airflow/example_dags/example_subdag_operator.py
[2023-08-21T23:49:44.790+0000] {processor.py:753} INFO - DAG(s) dict_keys(['example_subdag_operator.section-1', 'example_subdag_operator.section-2', 'example_subdag_operator']) retrieved from /home/airflow/.local/lib/python3.7/site-packages/airflow/example_dags/example_subdag_operator.py
[2023-08-21T23:49:44.999+0000] {logging_mixin.py:137} INFO - [2023-08-21T23:49:44.999+0000] {manager.py:504} INFO - Created Permission View: can edit on DAG:example_subdag_operator
[2023-08-21T23:49:45.035+0000] {logging_mixin.py:137} INFO - [2023-08-21T23:49:45.035+0000] {manager.py:504} INFO - Created Permission View: can read on DAG:example_subdag_operator
[2023-08-21T23:49:45.084+0000] {logging_mixin.py:137} INFO - [2023-08-21T23:49:45.084+0000] {manager.py:504} INFO - Created Permission View: can delete on DAG:example_subdag_operator
[2023-08-21T23:49:45.084+0000] {logging_mixin.py:137} INFO - [2023-08-21T23:49:45.084+0000] {dag.py:2690} INFO - Sync 3 DAGs
[2023-08-21T23:49:45.101+0000] {logging_mixin.py:137} INFO - [2023-08-21T23:49:45.101+0000] {dag.py:2711} INFO - Creating ORM DAG for example_subdag_operator.section-1
[2023-08-21T23:49:45.102+0000] {logging_mixin.py:137} INFO - [2023-08-21T23:49:45.102+0000] {dag.py:2711} INFO - Creating ORM DAG for example_subdag_operator
[2023-08-21T23:49:45.102+0000] {logging_mixin.py:137} INFO - [2023-08-21T23:49:45.102+0000] {dag.py:2711} INFO - Creating ORM DAG for example_subdag_operator.section-2
[2023-08-21T23:49:45.116+0000] {logging_mixin.py:137} INFO - [2023-08-21T23:49:45.116+0000] {dag.py:3441} INFO - Setting next_dagrun for example_subdag_operator to 2022-01-01T00:00:00+00:00, run_after=2022-01-01T00:00:00+00:00
[2023-08-21T23:49:45.117+0000] {logging_mixin.py:137} INFO - [2023-08-21T23:49:45.117+0000] {dag.py:3441} INFO - Setting next_dagrun for example_subdag_operator.section-1 to None, run_after=None
[2023-08-21T23:49:45.117+0000] {logging_mixin.py:137} INFO - [2023-08-21T23:49:45.117+0000] {dag.py:3441} INFO - Setting next_dagrun for example_subdag_operator.section-2 to None, run_after=None
[2023-08-21T23:49:45.129+0000] {logging_mixin.py:137} INFO - [2023-08-21T23:49:45.128+0000] {dag.py:2690} INFO - Sync 2 DAGs
[2023-08-21T23:49:45.137+0000] {logging_mixin.py:137} INFO - [2023-08-21T23:49:45.137+0000] {dag.py:3441} INFO - Setting next_dagrun for example_subdag_operator.section-1 to None, run_after=None
[2023-08-21T23:49:45.140+0000] {logging_mixin.py:137} INFO - [2023-08-21T23:49:45.140+0000] {dag.py:3441} INFO - Setting next_dagrun for example_subdag_operator.section-2 to None, run_after=None
[2023-08-21T23:49:45.187+0000] {processor.py:175} INFO - Processing /home/airflow/.local/lib/python3.7/site-packages/airflow/example_dags/example_subdag_operator.py took 0.444 seconds
[2023-08-21T23:50:15.374+0000] {processor.py:153} INFO - Started process (PID=152) to work on /home/airflow/.local/lib/python3.7/site-packages/airflow/example_dags/example_subdag_operator.py
[2023-08-21T23:50:15.375+0000] {processor.py:743} INFO - Processing file /home/airflow/.local/lib/python3.7/site-packages/airflow/example_dags/example_subdag_operator.py for tasks to queue
[2023-08-21T23:50:15.376+0000] {logging_mixin.py:137} INFO - [2023-08-21T23:50:15.375+0000] {dagbag.py:538} INFO - Filling up the DagBag from /home/airflow/.local/lib/python3.7/site-packages/airflow/example_dags/example_subdag_operator.py
[2023-08-21T23:50:15.416+0000] {processor.py:753} INFO - DAG(s) dict_keys(['example_subdag_operator.section-1', 'example_subdag_operator.section-2', 'example_subdag_operator']) retrieved from /home/airflow/.local/lib/python3.7/site-packages/airflow/example_dags/example_subdag_operator.py
[2023-08-21T23:50:15.436+0000] {logging_mixin.py:137} INFO - [2023-08-21T23:50:15.436+0000] {dag.py:2690} INFO - Sync 3 DAGs
[2023-08-21T23:50:15.468+0000] {logging_mixin.py:137} INFO - [2023-08-21T23:50:15.468+0000] {dag.py:3441} INFO - Setting next_dagrun for example_subdag_operator to 2022-01-01T00:00:00+00:00, run_after=2022-01-01T00:00:00+00:00
[2023-08-21T23:50:15.472+0000] {logging_mixin.py:137} INFO - [2023-08-21T23:50:15.472+0000] {dag.py:3441} INFO - Setting next_dagrun for example_subdag_operator.section-1 to None, run_after=None
[2023-08-21T23:50:15.474+0000] {logging_mixin.py:137} INFO - [2023-08-21T23:50:15.474+0000] {dag.py:3441} INFO - Setting next_dagrun for example_subdag_operator.section-2 to None, run_after=None
[2023-08-21T23:50:15.483+0000] {logging_mixin.py:137} INFO - [2023-08-21T23:50:15.483+0000] {dag.py:2690} INFO - Sync 2 DAGs
[2023-08-21T23:50:15.490+0000] {logging_mixin.py:137} INFO - [2023-08-21T23:50:15.490+0000] {dag.py:3441} INFO - Setting next_dagrun for example_subdag_operator.section-1 to None, run_after=None
[2023-08-21T23:50:15.491+0000] {logging_mixin.py:137} INFO - [2023-08-21T23:50:15.490+0000] {dag.py:3441} INFO - Setting next_dagrun for example_subdag_operator.section-2 to None, run_after=None
[2023-08-21T23:50:15.526+0000] {processor.py:175} INFO - Processing /home/airflow/.local/lib/python3.7/site-packages/airflow/example_dags/example_subdag_operator.py took 0.156 seconds
[2023-08-21T23:50:45.666+0000] {processor.py:153} INFO - Started process (PID=215) to work on /home/airflow/.local/lib/python3.7/site-packages/airflow/example_dags/example_subdag_operator.py
[2023-08-21T23:50:45.667+0000] {processor.py:743} INFO - Processing file /home/airflow/.local/lib/python3.7/site-packages/airflow/example_dags/example_subdag_operator.py for tasks to queue
[2023-08-21T23:50:45.668+0000] {logging_mixin.py:137} INFO - [2023-08-21T23:50:45.668+0000] {dagbag.py:538} INFO - Filling up the DagBag from /home/airflow/.local/lib/python3.7/site-packages/airflow/example_dags/example_subdag_operator.py
[2023-08-21T23:50:45.700+0000] {processor.py:753} INFO - DAG(s) dict_keys(['example_subdag_operator.section-1', 'example_subdag_operator.section-2', 'example_subdag_operator']) retrieved from /home/airflow/.local/lib/python3.7/site-packages/airflow/example_dags/example_subdag_operator.py
[2023-08-21T23:50:45.719+0000] {logging_mixin.py:137} INFO - [2023-08-21T23:50:45.719+0000] {dag.py:2690} INFO - Sync 3 DAGs
[2023-08-21T23:50:45.745+0000] {logging_mixin.py:137} INFO - [2023-08-21T23:50:45.745+0000] {dag.py:3441} INFO - Setting next_dagrun for example_subdag_operator to 2022-01-01T00:00:00+00:00, run_after=2022-01-01T00:00:00+00:00
[2023-08-21T23:50:45.749+0000] {logging_mixin.py:137} INFO - [2023-08-21T23:50:45.749+0000] {dag.py:3441} INFO - Setting next_dagrun for example_subdag_operator.section-1 to None, run_after=None
[2023-08-21T23:50:45.750+0000] {logging_mixin.py:137} INFO - [2023-08-21T23:50:45.750+0000] {dag.py:3441} INFO - Setting next_dagrun for example_subdag_operator.section-2 to None, run_after=None
[2023-08-21T23:50:45.757+0000] {logging_mixin.py:137} INFO - [2023-08-21T23:50:45.757+0000] {dag.py:2690} INFO - Sync 2 DAGs
[2023-08-21T23:50:45.762+0000] {logging_mixin.py:137} INFO - [2023-08-21T23:50:45.762+0000] {dag.py:3441} INFO - Setting next_dagrun for example_subdag_operator.section-1 to None, run_after=None
[2023-08-21T23:50:45.763+0000] {logging_mixin.py:137} INFO - [2023-08-21T23:50:45.763+0000] {dag.py:3441} INFO - Setting next_dagrun for example_subdag_operator.section-2 to None, run_after=None
[2023-08-21T23:50:45.809+0000] {processor.py:175} INFO - Processing /home/airflow/.local/lib/python3.7/site-packages/airflow/example_dags/example_subdag_operator.py took 0.147 seconds
[2023-08-21T23:51:16.423+0000] {processor.py:153} INFO - Started process (PID=289) to work on /home/airflow/.local/lib/python3.7/site-packages/airflow/example_dags/example_subdag_operator.py
[2023-08-21T23:51:16.424+0000] {processor.py:743} INFO - Processing file /home/airflow/.local/lib/python3.7/site-packages/airflow/example_dags/example_subdag_operator.py for tasks to queue
[2023-08-21T23:51:16.425+0000] {logging_mixin.py:137} INFO - [2023-08-21T23:51:16.425+0000] {dagbag.py:538} INFO - Filling up the DagBag from /home/airflow/.local/lib/python3.7/site-packages/airflow/example_dags/example_subdag_operator.py
[2023-08-21T23:51:16.457+0000] {processor.py:753} INFO - DAG(s) dict_keys(['example_subdag_operator.section-1', 'example_subdag_operator.section-2', 'example_subdag_operator']) retrieved from /home/airflow/.local/lib/python3.7/site-packages/airflow/example_dags/example_subdag_operator.py
[2023-08-21T23:51:16.478+0000] {logging_mixin.py:137} INFO - [2023-08-21T23:51:16.478+0000] {dag.py:2690} INFO - Sync 3 DAGs
[2023-08-21T23:51:16.504+0000] {logging_mixin.py:137} INFO - [2023-08-21T23:51:16.504+0000] {dag.py:3441} INFO - Setting next_dagrun for example_subdag_operator to 2022-01-01T00:00:00+00:00, run_after=2022-01-01T00:00:00+00:00
[2023-08-21T23:51:16.507+0000] {logging_mixin.py:137} INFO - [2023-08-21T23:51:16.507+0000] {dag.py:3441} INFO - Setting next_dagrun for example_subdag_operator.section-1 to None, run_after=None
[2023-08-21T23:51:16.508+0000] {logging_mixin.py:137} INFO - [2023-08-21T23:51:16.508+0000] {dag.py:3441} INFO - Setting next_dagrun for example_subdag_operator.section-2 to None, run_after=None
[2023-08-21T23:51:16.515+0000] {logging_mixin.py:137} INFO - [2023-08-21T23:51:16.515+0000] {dag.py:2690} INFO - Sync 2 DAGs
[2023-08-21T23:51:16.520+0000] {logging_mixin.py:137} INFO - [2023-08-21T23:51:16.520+0000] {dag.py:3441} INFO - Setting next_dagrun for example_subdag_operator.section-1 to None, run_after=None
[2023-08-21T23:51:16.521+0000] {logging_mixin.py:137} INFO - [2023-08-21T23:51:16.521+0000] {dag.py:3441} INFO - Setting next_dagrun for example_subdag_operator.section-2 to None, run_after=None
[2023-08-21T23:51:16.590+0000] {processor.py:175} INFO - Processing /home/airflow/.local/lib/python3.7/site-packages/airflow/example_dags/example_subdag_operator.py took 0.172 seconds
[2023-08-21T23:51:46.621+0000] {processor.py:153} INFO - Started process (PID=351) to work on /home/airflow/.local/lib/python3.7/site-packages/airflow/example_dags/example_subdag_operator.py
[2023-08-21T23:51:46.622+0000] {processor.py:743} INFO - Processing file /home/airflow/.local/lib/python3.7/site-packages/airflow/example_dags/example_subdag_operator.py for tasks to queue
[2023-08-21T23:51:46.623+0000] {logging_mixin.py:137} INFO - [2023-08-21T23:51:46.623+0000] {dagbag.py:538} INFO - Filling up the DagBag from /home/airflow/.local/lib/python3.7/site-packages/airflow/example_dags/example_subdag_operator.py
[2023-08-21T23:51:46.661+0000] {processor.py:753} INFO - DAG(s) dict_keys(['example_subdag_operator.section-1', 'example_subdag_operator.section-2', 'example_subdag_operator']) retrieved from /home/airflow/.local/lib/python3.7/site-packages/airflow/example_dags/example_subdag_operator.py
[2023-08-21T23:51:46.679+0000] {logging_mixin.py:137} INFO - [2023-08-21T23:51:46.678+0000] {dag.py:2690} INFO - Sync 3 DAGs
[2023-08-21T23:51:46.702+0000] {logging_mixin.py:137} INFO - [2023-08-21T23:51:46.702+0000] {dag.py:3441} INFO - Setting next_dagrun for example_subdag_operator to 2022-01-01T00:00:00+00:00, run_after=2022-01-01T00:00:00+00:00
[2023-08-21T23:51:46.705+0000] {logging_mixin.py:137} INFO - [2023-08-21T23:51:46.705+0000] {dag.py:3441} INFO - Setting next_dagrun for example_subdag_operator.section-1 to None, run_after=None
[2023-08-21T23:51:46.706+0000] {logging_mixin.py:137} INFO - [2023-08-21T23:51:46.706+0000] {dag.py:3441} INFO - Setting next_dagrun for example_subdag_operator.section-2 to None, run_after=None
[2023-08-21T23:51:46.713+0000] {logging_mixin.py:137} INFO - [2023-08-21T23:51:46.713+0000] {dag.py:2690} INFO - Sync 2 DAGs
[2023-08-21T23:51:46.718+0000] {logging_mixin.py:137} INFO - [2023-08-21T23:51:46.718+0000] {dag.py:3441} INFO - Setting next_dagrun for example_subdag_operator.section-1 to None, run_after=None
[2023-08-21T23:51:46.718+0000] {logging_mixin.py:137} INFO - [2023-08-21T23:51:46.718+0000] {dag.py:3441} INFO - Setting next_dagrun for example_subdag_operator.section-2 to None, run_after=None
[2023-08-21T23:51:46.757+0000] {processor.py:175} INFO - Processing /home/airflow/.local/lib/python3.7/site-packages/airflow/example_dags/example_subdag_operator.py took 0.139 seconds
[2023-08-21T23:52:17.516+0000] {processor.py:153} INFO - Started process (PID=426) to work on /home/airflow/.local/lib/python3.7/site-packages/airflow/example_dags/example_subdag_operator.py
[2023-08-21T23:52:17.517+0000] {processor.py:743} INFO - Processing file /home/airflow/.local/lib/python3.7/site-packages/airflow/example_dags/example_subdag_operator.py for tasks to queue
[2023-08-21T23:52:17.518+0000] {logging_mixin.py:137} INFO - [2023-08-21T23:52:17.518+0000] {dagbag.py:538} INFO - Filling up the DagBag from /home/airflow/.local/lib/python3.7/site-packages/airflow/example_dags/example_subdag_operator.py
[2023-08-21T23:52:17.554+0000] {processor.py:753} INFO - DAG(s) dict_keys(['example_subdag_operator.section-1', 'example_subdag_operator.section-2', 'example_subdag_operator']) retrieved from /home/airflow/.local/lib/python3.7/site-packages/airflow/example_dags/example_subdag_operator.py
[2023-08-21T23:52:17.578+0000] {logging_mixin.py:137} INFO - [2023-08-21T23:52:17.578+0000] {dag.py:2690} INFO - Sync 3 DAGs
[2023-08-21T23:52:17.610+0000] {logging_mixin.py:137} INFO - [2023-08-21T23:52:17.610+0000] {dag.py:3441} INFO - Setting next_dagrun for example_subdag_operator to 2022-01-01T00:00:00+00:00, run_after=2022-01-01T00:00:00+00:00
[2023-08-21T23:52:17.614+0000] {logging_mixin.py:137} INFO - [2023-08-21T23:52:17.614+0000] {dag.py:3441} INFO - Setting next_dagrun for example_subdag_operator.section-1 to None, run_after=None
[2023-08-21T23:52:17.616+0000] {logging_mixin.py:137} INFO - [2023-08-21T23:52:17.616+0000] {dag.py:3441} INFO - Setting next_dagrun for example_subdag_operator.section-2 to None, run_after=None
[2023-08-21T23:52:17.625+0000] {logging_mixin.py:137} INFO - [2023-08-21T23:52:17.625+0000] {dag.py:2690} INFO - Sync 2 DAGs
[2023-08-21T23:52:17.632+0000] {logging_mixin.py:137} INFO - [2023-08-21T23:52:17.632+0000] {dag.py:3441} INFO - Setting next_dagrun for example_subdag_operator.section-1 to None, run_after=None
[2023-08-21T23:52:17.632+0000] {logging_mixin.py:137} INFO - [2023-08-21T23:52:17.632+0000] {dag.py:3441} INFO - Setting next_dagrun for example_subdag_operator.section-2 to None, run_after=None
[2023-08-21T23:52:17.672+0000] {processor.py:175} INFO - Processing /home/airflow/.local/lib/python3.7/site-packages/airflow/example_dags/example_subdag_operator.py took 0.160 seconds
[2023-08-21T23:52:47.931+0000] {processor.py:153} INFO - Started process (PID=488) to work on /home/airflow/.local/lib/python3.7/site-packages/airflow/example_dags/example_subdag_operator.py
[2023-08-21T23:52:47.932+0000] {processor.py:743} INFO - Processing file /home/airflow/.local/lib/python3.7/site-packages/airflow/example_dags/example_subdag_operator.py for tasks to queue
[2023-08-21T23:52:47.932+0000] {logging_mixin.py:137} INFO - [2023-08-21T23:52:47.932+0000] {dagbag.py:538} INFO - Filling up the DagBag from /home/airflow/.local/lib/python3.7/site-packages/airflow/example_dags/example_subdag_operator.py
[2023-08-21T23:52:47.969+0000] {processor.py:753} INFO - DAG(s) dict_keys(['example_subdag_operator.section-1', 'example_subdag_operator.section-2', 'example_subdag_operator']) retrieved from /home/airflow/.local/lib/python3.7/site-packages/airflow/example_dags/example_subdag_operator.py
[2023-08-21T23:52:47.987+0000] {logging_mixin.py:137} INFO - [2023-08-21T23:52:47.987+0000] {dag.py:2690} INFO - Sync 3 DAGs
[2023-08-21T23:52:48.012+0000] {logging_mixin.py:137} INFO - [2023-08-21T23:52:48.012+0000] {dag.py:3441} INFO - Setting next_dagrun for example_subdag_operator to 2022-01-01T00:00:00+00:00, run_after=2022-01-01T00:00:00+00:00
[2023-08-21T23:52:48.016+0000] {logging_mixin.py:137} INFO - [2023-08-21T23:52:48.015+0000] {dag.py:3441} INFO - Setting next_dagrun for example_subdag_operator.section-1 to None, run_after=None
[2023-08-21T23:52:48.017+0000] {logging_mixin.py:137} INFO - [2023-08-21T23:52:48.017+0000] {dag.py:3441} INFO - Setting next_dagrun for example_subdag_operator.section-2 to None, run_after=None
[2023-08-21T23:52:48.027+0000] {logging_mixin.py:137} INFO - [2023-08-21T23:52:48.027+0000] {dag.py:2690} INFO - Sync 2 DAGs
[2023-08-21T23:52:48.033+0000] {logging_mixin.py:137} INFO - [2023-08-21T23:52:48.033+0000] {dag.py:3441} INFO - Setting next_dagrun for example_subdag_operator.section-1 to None, run_after=None
[2023-08-21T23:52:48.034+0000] {logging_mixin.py:137} INFO - [2023-08-21T23:52:48.034+0000] {dag.py:3441} INFO - Setting next_dagrun for example_subdag_operator.section-2 to None, run_after=None
[2023-08-21T23:52:48.070+0000] {processor.py:175} INFO - Processing /home/airflow/.local/lib/python3.7/site-packages/airflow/example_dags/example_subdag_operator.py took 0.144 seconds
[2023-08-21T23:53:18.289+0000] {processor.py:153} INFO - Started process (PID=564) to work on /home/airflow/.local/lib/python3.7/site-packages/airflow/example_dags/example_subdag_operator.py
[2023-08-21T23:53:18.290+0000] {processor.py:743} INFO - Processing file /home/airflow/.local/lib/python3.7/site-packages/airflow/example_dags/example_subdag_operator.py for tasks to queue
[2023-08-21T23:53:18.291+0000] {logging_mixin.py:137} INFO - [2023-08-21T23:53:18.291+0000] {dagbag.py:538} INFO - Filling up the DagBag from /home/airflow/.local/lib/python3.7/site-packages/airflow/example_dags/example_subdag_operator.py
[2023-08-21T23:53:18.328+0000] {processor.py:753} INFO - DAG(s) dict_keys(['example_subdag_operator.section-1', 'example_subdag_operator.section-2', 'example_subdag_operator']) retrieved from /home/airflow/.local/lib/python3.7/site-packages/airflow/example_dags/example_subdag_operator.py
[2023-08-21T23:53:18.348+0000] {logging_mixin.py:137} INFO - [2023-08-21T23:53:18.348+0000] {dag.py:2690} INFO - Sync 3 DAGs
[2023-08-21T23:53:18.377+0000] {logging_mixin.py:137} INFO - [2023-08-21T23:53:18.377+0000] {dag.py:3441} INFO - Setting next_dagrun for example_subdag_operator to 2022-01-01T00:00:00+00:00, run_after=2022-01-01T00:00:00+00:00
[2023-08-21T23:53:18.381+0000] {logging_mixin.py:137} INFO - [2023-08-21T23:53:18.381+0000] {dag.py:3441} INFO - Setting next_dagrun for example_subdag_operator.section-1 to None, run_after=None
[2023-08-21T23:53:18.382+0000] {logging_mixin.py:137} INFO - [2023-08-21T23:53:18.382+0000] {dag.py:3441} INFO - Setting next_dagrun for example_subdag_operator.section-2 to None, run_after=None
[2023-08-21T23:53:18.390+0000] {logging_mixin.py:137} INFO - [2023-08-21T23:53:18.390+0000] {dag.py:2690} INFO - Sync 2 DAGs
[2023-08-21T23:53:18.395+0000] {logging_mixin.py:137} INFO - [2023-08-21T23:53:18.395+0000] {dag.py:3441} INFO - Setting next_dagrun for example_subdag_operator.section-1 to None, run_after=None
[2023-08-21T23:53:18.396+0000] {logging_mixin.py:137} INFO - [2023-08-21T23:53:18.396+0000] {dag.py:3441} INFO - Setting next_dagrun for example_subdag_operator.section-2 to None, run_after=None
[2023-08-21T23:53:18.435+0000] {processor.py:175} INFO - Processing /home/airflow/.local/lib/python3.7/site-packages/airflow/example_dags/example_subdag_operator.py took 0.149 seconds
[2023-08-21T23:53:48.489+0000] {processor.py:153} INFO - Started process (PID=626) to work on /home/airflow/.local/lib/python3.7/site-packages/airflow/example_dags/example_subdag_operator.py
[2023-08-21T23:53:48.490+0000] {processor.py:743} INFO - Processing file /home/airflow/.local/lib/python3.7/site-packages/airflow/example_dags/example_subdag_operator.py for tasks to queue
[2023-08-21T23:53:48.491+0000] {logging_mixin.py:137} INFO - [2023-08-21T23:53:48.491+0000] {dagbag.py:538} INFO - Filling up the DagBag from /home/airflow/.local/lib/python3.7/site-packages/airflow/example_dags/example_subdag_operator.py
[2023-08-21T23:53:48.525+0000] {processor.py:753} INFO - DAG(s) dict_keys(['example_subdag_operator.section-1', 'example_subdag_operator.section-2', 'example_subdag_operator']) retrieved from /home/airflow/.local/lib/python3.7/site-packages/airflow/example_dags/example_subdag_operator.py
[2023-08-21T23:53:48.545+0000] {logging_mixin.py:137} INFO - [2023-08-21T23:53:48.545+0000] {dag.py:2690} INFO - Sync 3 DAGs
[2023-08-21T23:53:48.573+0000] {logging_mixin.py:137} INFO - [2023-08-21T23:53:48.573+0000] {dag.py:3441} INFO - Setting next_dagrun for example_subdag_operator to 2022-01-01T00:00:00+00:00, run_after=2022-01-01T00:00:00+00:00
[2023-08-21T23:53:48.577+0000] {logging_mixin.py:137} INFO - [2023-08-21T23:53:48.577+0000] {dag.py:3441} INFO - Setting next_dagrun for example_subdag_operator.section-1 to None, run_after=None
[2023-08-21T23:53:48.578+0000] {logging_mixin.py:137} INFO - [2023-08-21T23:53:48.578+0000] {dag.py:3441} INFO - Setting next_dagrun for example_subdag_operator.section-2 to None, run_after=None
[2023-08-21T23:53:48.585+0000] {logging_mixin.py:137} INFO - [2023-08-21T23:53:48.585+0000] {dag.py:2690} INFO - Sync 2 DAGs
[2023-08-21T23:53:48.593+0000] {logging_mixin.py:137} INFO - [2023-08-21T23:53:48.592+0000] {dag.py:3441} INFO - Setting next_dagrun for example_subdag_operator.section-1 to None, run_after=None
[2023-08-21T23:53:48.593+0000] {logging_mixin.py:137} INFO - [2023-08-21T23:53:48.593+0000] {dag.py:3441} INFO - Setting next_dagrun for example_subdag_operator.section-2 to None, run_after=None
[2023-08-21T23:53:48.635+0000] {processor.py:175} INFO - Processing /home/airflow/.local/lib/python3.7/site-packages/airflow/example_dags/example_subdag_operator.py took 0.149 seconds
[2023-08-21T23:54:19.006+0000] {processor.py:153} INFO - Started process (PID=690) to work on /home/airflow/.local/lib/python3.7/site-packages/airflow/example_dags/example_subdag_operator.py
[2023-08-21T23:54:19.007+0000] {processor.py:743} INFO - Processing file /home/airflow/.local/lib/python3.7/site-packages/airflow/example_dags/example_subdag_operator.py for tasks to queue
[2023-08-21T23:54:19.008+0000] {logging_mixin.py:137} INFO - [2023-08-21T23:54:19.008+0000] {dagbag.py:538} INFO - Filling up the DagBag from /home/airflow/.local/lib/python3.7/site-packages/airflow/example_dags/example_subdag_operator.py
[2023-08-21T23:54:19.048+0000] {processor.py:753} INFO - DAG(s) dict_keys(['example_subdag_operator.section-1', 'example_subdag_operator.section-2', 'example_subdag_operator']) retrieved from /home/airflow/.local/lib/python3.7/site-packages/airflow/example_dags/example_subdag_operator.py
[2023-08-21T23:54:19.069+0000] {logging_mixin.py:137} INFO - [2023-08-21T23:54:19.068+0000] {dag.py:2690} INFO - Sync 3 DAGs
[2023-08-21T23:54:19.098+0000] {logging_mixin.py:137} INFO - [2023-08-21T23:54:19.098+0000] {dag.py:3441} INFO - Setting next_dagrun for example_subdag_operator to 2022-01-01T00:00:00+00:00, run_after=2022-01-01T00:00:00+00:00
[2023-08-21T23:54:19.103+0000] {logging_mixin.py:137} INFO - [2023-08-21T23:54:19.102+0000] {dag.py:3441} INFO - Setting next_dagrun for example_subdag_operator.section-1 to None, run_after=None
[2023-08-21T23:54:19.104+0000] {logging_mixin.py:137} INFO - [2023-08-21T23:54:19.104+0000] {dag.py:3441} INFO - Setting next_dagrun for example_subdag_operator.section-2 to None, run_after=None
[2023-08-21T23:54:19.112+0000] {logging_mixin.py:137} INFO - [2023-08-21T23:54:19.112+0000] {dag.py:2690} INFO - Sync 2 DAGs
[2023-08-21T23:54:19.119+0000] {logging_mixin.py:137} INFO - [2023-08-21T23:54:19.119+0000] {dag.py:3441} INFO - Setting next_dagrun for example_subdag_operator.section-1 to None, run_after=None
[2023-08-21T23:54:19.120+0000] {logging_mixin.py:137} INFO - [2023-08-21T23:54:19.120+0000] {dag.py:3441} INFO - Setting next_dagrun for example_subdag_operator.section-2 to None, run_after=None
[2023-08-21T23:54:19.163+0000] {processor.py:175} INFO - Processing /home/airflow/.local/lib/python3.7/site-packages/airflow/example_dags/example_subdag_operator.py took 0.161 seconds
[2023-08-21T23:54:49.710+0000] {processor.py:153} INFO - Started process (PID=765) to work on /home/airflow/.local/lib/python3.7/site-packages/airflow/example_dags/example_subdag_operator.py
[2023-08-21T23:54:49.711+0000] {processor.py:743} INFO - Processing file /home/airflow/.local/lib/python3.7/site-packages/airflow/example_dags/example_subdag_operator.py for tasks to queue
[2023-08-21T23:54:49.712+0000] {logging_mixin.py:137} INFO - [2023-08-21T23:54:49.712+0000] {dagbag.py:538} INFO - Filling up the DagBag from /home/airflow/.local/lib/python3.7/site-packages/airflow/example_dags/example_subdag_operator.py
[2023-08-21T23:54:49.751+0000] {processor.py:753} INFO - DAG(s) dict_keys(['example_subdag_operator.section-1', 'example_subdag_operator.section-2', 'example_subdag_operator']) retrieved from /home/airflow/.local/lib/python3.7/site-packages/airflow/example_dags/example_subdag_operator.py
[2023-08-21T23:54:49.775+0000] {logging_mixin.py:137} INFO - [2023-08-21T23:54:49.775+0000] {dag.py:2690} INFO - Sync 3 DAGs
[2023-08-21T23:54:49.808+0000] {logging_mixin.py:137} INFO - [2023-08-21T23:54:49.808+0000] {dag.py:3441} INFO - Setting next_dagrun for example_subdag_operator to 2022-01-01T00:00:00+00:00, run_after=2022-01-01T00:00:00+00:00
[2023-08-21T23:54:49.814+0000] {logging_mixin.py:137} INFO - [2023-08-21T23:54:49.814+0000] {dag.py:3441} INFO - Setting next_dagrun for example_subdag_operator.section-1 to None, run_after=None
[2023-08-21T23:54:49.816+0000] {logging_mixin.py:137} INFO - [2023-08-21T23:54:49.816+0000] {dag.py:3441} INFO - Setting next_dagrun for example_subdag_operator.section-2 to None, run_after=None
[2023-08-21T23:54:49.825+0000] {logging_mixin.py:137} INFO - [2023-08-21T23:54:49.825+0000] {dag.py:2690} INFO - Sync 2 DAGs
[2023-08-21T23:54:49.831+0000] {logging_mixin.py:137} INFO - [2023-08-21T23:54:49.830+0000] {dag.py:3441} INFO - Setting next_dagrun for example_subdag_operator.section-1 to None, run_after=None
[2023-08-21T23:54:49.831+0000] {logging_mixin.py:137} INFO - [2023-08-21T23:54:49.831+0000] {dag.py:3441} INFO - Setting next_dagrun for example_subdag_operator.section-2 to None, run_after=None
[2023-08-21T23:54:49.921+0000] {processor.py:175} INFO - Processing /home/airflow/.local/lib/python3.7/site-packages/airflow/example_dags/example_subdag_operator.py took 0.215 seconds
[2023-08-21T23:55:20.007+0000] {processor.py:153} INFO - Started process (PID=829) to work on /home/airflow/.local/lib/python3.7/site-packages/airflow/example_dags/example_subdag_operator.py
[2023-08-21T23:55:20.008+0000] {processor.py:743} INFO - Processing file /home/airflow/.local/lib/python3.7/site-packages/airflow/example_dags/example_subdag_operator.py for tasks to queue
[2023-08-21T23:55:20.009+0000] {logging_mixin.py:137} INFO - [2023-08-21T23:55:20.009+0000] {dagbag.py:538} INFO - Filling up the DagBag from /home/airflow/.local/lib/python3.7/site-packages/airflow/example_dags/example_subdag_operator.py
[2023-08-21T23:55:20.051+0000] {processor.py:753} INFO - DAG(s) dict_keys(['example_subdag_operator.section-1', 'example_subdag_operator.section-2', 'example_subdag_operator']) retrieved from /home/airflow/.local/lib/python3.7/site-packages/airflow/example_dags/example_subdag_operator.py
[2023-08-21T23:55:20.075+0000] {logging_mixin.py:137} INFO - [2023-08-21T23:55:20.075+0000] {dag.py:2690} INFO - Sync 3 DAGs
[2023-08-21T23:55:20.104+0000] {logging_mixin.py:137} INFO - [2023-08-21T23:55:20.103+0000] {dag.py:3441} INFO - Setting next_dagrun for example_subdag_operator to 2022-01-01T00:00:00+00:00, run_after=2022-01-01T00:00:00+00:00
[2023-08-21T23:55:20.108+0000] {logging_mixin.py:137} INFO - [2023-08-21T23:55:20.108+0000] {dag.py:3441} INFO - Setting next_dagrun for example_subdag_operator.section-1 to None, run_after=None
[2023-08-21T23:55:20.109+0000] {logging_mixin.py:137} INFO - [2023-08-21T23:55:20.109+0000] {dag.py:3441} INFO - Setting next_dagrun for example_subdag_operator.section-2 to None, run_after=None
[2023-08-21T23:55:20.118+0000] {logging_mixin.py:137} INFO - [2023-08-21T23:55:20.117+0000] {dag.py:2690} INFO - Sync 2 DAGs
[2023-08-21T23:55:20.124+0000] {logging_mixin.py:137} INFO - [2023-08-21T23:55:20.124+0000] {dag.py:3441} INFO - Setting next_dagrun for example_subdag_operator.section-1 to None, run_after=None
[2023-08-21T23:55:20.124+0000] {logging_mixin.py:137} INFO - [2023-08-21T23:55:20.124+0000] {dag.py:3441} INFO - Setting next_dagrun for example_subdag_operator.section-2 to None, run_after=None
[2023-08-21T23:55:20.158+0000] {processor.py:175} INFO - Processing /home/airflow/.local/lib/python3.7/site-packages/airflow/example_dags/example_subdag_operator.py took 0.156 seconds
[2023-08-21T23:55:50.473+0000] {processor.py:153} INFO - Started process (PID=905) to work on /home/airflow/.local/lib/python3.7/site-packages/airflow/example_dags/example_subdag_operator.py
[2023-08-21T23:55:50.474+0000] {processor.py:743} INFO - Processing file /home/airflow/.local/lib/python3.7/site-packages/airflow/example_dags/example_subdag_operator.py for tasks to queue
[2023-08-21T23:55:50.475+0000] {logging_mixin.py:137} INFO - [2023-08-21T23:55:50.475+0000] {dagbag.py:538} INFO - Filling up the DagBag from /home/airflow/.local/lib/python3.7/site-packages/airflow/example_dags/example_subdag_operator.py
[2023-08-21T23:55:50.513+0000] {processor.py:753} INFO - DAG(s) dict_keys(['example_subdag_operator.section-1', 'example_subdag_operator.section-2', 'example_subdag_operator']) retrieved from /home/airflow/.local/lib/python3.7/site-packages/airflow/example_dags/example_subdag_operator.py
[2023-08-21T23:55:50.533+0000] {logging_mixin.py:137} INFO - [2023-08-21T23:55:50.533+0000] {dag.py:2690} INFO - Sync 3 DAGs
[2023-08-21T23:55:50.564+0000] {logging_mixin.py:137} INFO - [2023-08-21T23:55:50.564+0000] {dag.py:3441} INFO - Setting next_dagrun for example_subdag_operator to 2022-01-01T00:00:00+00:00, run_after=2022-01-01T00:00:00+00:00
[2023-08-21T23:55:50.570+0000] {logging_mixin.py:137} INFO - [2023-08-21T23:55:50.569+0000] {dag.py:3441} INFO - Setting next_dagrun for example_subdag_operator.section-1 to None, run_after=None
[2023-08-21T23:55:50.571+0000] {logging_mixin.py:137} INFO - [2023-08-21T23:55:50.571+0000] {dag.py:3441} INFO - Setting next_dagrun for example_subdag_operator.section-2 to None, run_after=None
[2023-08-21T23:55:50.582+0000] {logging_mixin.py:137} INFO - [2023-08-21T23:55:50.582+0000] {dag.py:2690} INFO - Sync 2 DAGs
[2023-08-21T23:55:50.589+0000] {logging_mixin.py:137} INFO - [2023-08-21T23:55:50.589+0000] {dag.py:3441} INFO - Setting next_dagrun for example_subdag_operator.section-1 to None, run_after=None
[2023-08-21T23:55:50.589+0000] {logging_mixin.py:137} INFO - [2023-08-21T23:55:50.589+0000] {dag.py:3441} INFO - Setting next_dagrun for example_subdag_operator.section-2 to None, run_after=None
[2023-08-21T23:55:50.627+0000] {processor.py:175} INFO - Processing /home/airflow/.local/lib/python3.7/site-packages/airflow/example_dags/example_subdag_operator.py took 0.158 seconds
[2023-08-21T23:56:20.681+0000] {processor.py:153} INFO - Started process (PID=968) to work on /home/airflow/.local/lib/python3.7/site-packages/airflow/example_dags/example_subdag_operator.py
[2023-08-21T23:56:20.683+0000] {processor.py:743} INFO - Processing file /home/airflow/.local/lib/python3.7/site-packages/airflow/example_dags/example_subdag_operator.py for tasks to queue
[2023-08-21T23:56:20.683+0000] {logging_mixin.py:137} INFO - [2023-08-21T23:56:20.683+0000] {dagbag.py:538} INFO - Filling up the DagBag from /home/airflow/.local/lib/python3.7/site-packages/airflow/example_dags/example_subdag_operator.py
[2023-08-21T23:56:20.723+0000] {processor.py:753} INFO - DAG(s) dict_keys(['example_subdag_operator.section-1', 'example_subdag_operator.section-2', 'example_subdag_operator']) retrieved from /home/airflow/.local/lib/python3.7/site-packages/airflow/example_dags/example_subdag_operator.py
[2023-08-21T23:56:20.748+0000] {logging_mixin.py:137} INFO - [2023-08-21T23:56:20.748+0000] {dag.py:2690} INFO - Sync 3 DAGs
[2023-08-21T23:56:20.775+0000] {logging_mixin.py:137} INFO - [2023-08-21T23:56:20.775+0000] {dag.py:3441} INFO - Setting next_dagrun for example_subdag_operator to 2022-01-01T00:00:00+00:00, run_after=2022-01-01T00:00:00+00:00
[2023-08-21T23:56:20.779+0000] {logging_mixin.py:137} INFO - [2023-08-21T23:56:20.778+0000] {dag.py:3441} INFO - Setting next_dagrun for example_subdag_operator.section-1 to None, run_after=None
[2023-08-21T23:56:20.780+0000] {logging_mixin.py:137} INFO - [2023-08-21T23:56:20.780+0000] {dag.py:3441} INFO - Setting next_dagrun for example_subdag_operator.section-2 to None, run_after=None
[2023-08-21T23:56:20.787+0000] {logging_mixin.py:137} INFO - [2023-08-21T23:56:20.787+0000] {dag.py:2690} INFO - Sync 2 DAGs
[2023-08-21T23:56:20.793+0000] {logging_mixin.py:137} INFO - [2023-08-21T23:56:20.793+0000] {dag.py:3441} INFO - Setting next_dagrun for example_subdag_operator.section-1 to None, run_after=None
[2023-08-21T23:56:20.793+0000] {logging_mixin.py:137} INFO - [2023-08-21T23:56:20.793+0000] {dag.py:3441} INFO - Setting next_dagrun for example_subdag_operator.section-2 to None, run_after=None
[2023-08-21T23:56:20.831+0000] {processor.py:175} INFO - Processing /home/airflow/.local/lib/python3.7/site-packages/airflow/example_dags/example_subdag_operator.py took 0.154 seconds
[2023-08-21T23:56:50.930+0000] {processor.py:153} INFO - Started process (PID=1043) to work on /home/airflow/.local/lib/python3.7/site-packages/airflow/example_dags/example_subdag_operator.py
[2023-08-21T23:56:50.931+0000] {processor.py:743} INFO - Processing file /home/airflow/.local/lib/python3.7/site-packages/airflow/example_dags/example_subdag_operator.py for tasks to queue
[2023-08-21T23:56:50.932+0000] {logging_mixin.py:137} INFO - [2023-08-21T23:56:50.932+0000] {dagbag.py:538} INFO - Filling up the DagBag from /home/airflow/.local/lib/python3.7/site-packages/airflow/example_dags/example_subdag_operator.py
[2023-08-21T23:56:50.967+0000] {processor.py:753} INFO - DAG(s) dict_keys(['example_subdag_operator.section-1', 'example_subdag_operator.section-2', 'example_subdag_operator']) retrieved from /home/airflow/.local/lib/python3.7/site-packages/airflow/example_dags/example_subdag_operator.py
[2023-08-21T23:56:50.987+0000] {logging_mixin.py:137} INFO - [2023-08-21T23:56:50.987+0000] {dag.py:2690} INFO - Sync 3 DAGs
[2023-08-21T23:56:51.014+0000] {logging_mixin.py:137} INFO - [2023-08-21T23:56:51.014+0000] {dag.py:3441} INFO - Setting next_dagrun for example_subdag_operator to 2022-01-01T00:00:00+00:00, run_after=2022-01-01T00:00:00+00:00
[2023-08-21T23:56:51.019+0000] {logging_mixin.py:137} INFO - [2023-08-21T23:56:51.019+0000] {dag.py:3441} INFO - Setting next_dagrun for example_subdag_operator.section-1 to None, run_after=None
[2023-08-21T23:56:51.020+0000] {logging_mixin.py:137} INFO - [2023-08-21T23:56:51.020+0000] {dag.py:3441} INFO - Setting next_dagrun for example_subdag_operator.section-2 to None, run_after=None
[2023-08-21T23:56:51.028+0000] {logging_mixin.py:137} INFO - [2023-08-21T23:56:51.028+0000] {dag.py:2690} INFO - Sync 2 DAGs
[2023-08-21T23:56:51.034+0000] {logging_mixin.py:137} INFO - [2023-08-21T23:56:51.034+0000] {dag.py:3441} INFO - Setting next_dagrun for example_subdag_operator.section-1 to None, run_after=None
[2023-08-21T23:56:51.034+0000] {logging_mixin.py:137} INFO - [2023-08-21T23:56:51.034+0000] {dag.py:3441} INFO - Setting next_dagrun for example_subdag_operator.section-2 to None, run_after=None
[2023-08-21T23:56:51.098+0000] {processor.py:175} INFO - Processing /home/airflow/.local/lib/python3.7/site-packages/airflow/example_dags/example_subdag_operator.py took 0.172 seconds
[2023-08-21T23:57:21.148+0000] {processor.py:153} INFO - Started process (PID=1106) to work on /home/airflow/.local/lib/python3.7/site-packages/airflow/example_dags/example_subdag_operator.py
[2023-08-21T23:57:21.149+0000] {processor.py:743} INFO - Processing file /home/airflow/.local/lib/python3.7/site-packages/airflow/example_dags/example_subdag_operator.py for tasks to queue
[2023-08-21T23:57:21.149+0000] {logging_mixin.py:137} INFO - [2023-08-21T23:57:21.149+0000] {dagbag.py:538} INFO - Filling up the DagBag from /home/airflow/.local/lib/python3.7/site-packages/airflow/example_dags/example_subdag_operator.py
[2023-08-21T23:57:21.184+0000] {processor.py:753} INFO - DAG(s) dict_keys(['example_subdag_operator.section-1', 'example_subdag_operator.section-2', 'example_subdag_operator']) retrieved from /home/airflow/.local/lib/python3.7/site-packages/airflow/example_dags/example_subdag_operator.py
[2023-08-21T23:57:21.202+0000] {logging_mixin.py:137} INFO - [2023-08-21T23:57:21.202+0000] {dag.py:2690} INFO - Sync 3 DAGs
[2023-08-21T23:57:21.227+0000] {logging_mixin.py:137} INFO - [2023-08-21T23:57:21.226+0000] {dag.py:3441} INFO - Setting next_dagrun for example_subdag_operator to 2022-01-01T00:00:00+00:00, run_after=2022-01-01T00:00:00+00:00
[2023-08-21T23:57:21.230+0000] {logging_mixin.py:137} INFO - [2023-08-21T23:57:21.229+0000] {dag.py:3441} INFO - Setting next_dagrun for example_subdag_operator.section-1 to None, run_after=None
[2023-08-21T23:57:21.231+0000] {logging_mixin.py:137} INFO - [2023-08-21T23:57:21.231+0000] {dag.py:3441} INFO - Setting next_dagrun for example_subdag_operator.section-2 to None, run_after=None
[2023-08-21T23:57:21.237+0000] {logging_mixin.py:137} INFO - [2023-08-21T23:57:21.237+0000] {dag.py:2690} INFO - Sync 2 DAGs
[2023-08-21T23:57:21.243+0000] {logging_mixin.py:137} INFO - [2023-08-21T23:57:21.243+0000] {dag.py:3441} INFO - Setting next_dagrun for example_subdag_operator.section-1 to None, run_after=None
[2023-08-21T23:57:21.243+0000] {logging_mixin.py:137} INFO - [2023-08-21T23:57:21.243+0000] {dag.py:3441} INFO - Setting next_dagrun for example_subdag_operator.section-2 to None, run_after=None
[2023-08-21T23:57:21.296+0000] {processor.py:175} INFO - Processing /home/airflow/.local/lib/python3.7/site-packages/airflow/example_dags/example_subdag_operator.py took 0.152 seconds
[2023-08-21T23:57:51.676+0000] {processor.py:153} INFO - Started process (PID=1180) to work on /home/airflow/.local/lib/python3.7/site-packages/airflow/example_dags/example_subdag_operator.py
[2023-08-21T23:57:51.677+0000] {processor.py:743} INFO - Processing file /home/airflow/.local/lib/python3.7/site-packages/airflow/example_dags/example_subdag_operator.py for tasks to queue
[2023-08-21T23:57:51.678+0000] {logging_mixin.py:137} INFO - [2023-08-21T23:57:51.678+0000] {dagbag.py:538} INFO - Filling up the DagBag from /home/airflow/.local/lib/python3.7/site-packages/airflow/example_dags/example_subdag_operator.py
[2023-08-21T23:57:51.727+0000] {processor.py:753} INFO - DAG(s) dict_keys(['example_subdag_operator.section-1', 'example_subdag_operator.section-2', 'example_subdag_operator']) retrieved from /home/airflow/.local/lib/python3.7/site-packages/airflow/example_dags/example_subdag_operator.py
[2023-08-21T23:57:51.763+0000] {logging_mixin.py:137} INFO - [2023-08-21T23:57:51.762+0000] {dag.py:2690} INFO - Sync 3 DAGs
[2023-08-21T23:57:51.814+0000] {logging_mixin.py:137} INFO - [2023-08-21T23:57:51.814+0000] {dag.py:3441} INFO - Setting next_dagrun for example_subdag_operator to 2022-01-01T00:00:00+00:00, run_after=2022-01-01T00:00:00+00:00
[2023-08-21T23:57:51.820+0000] {logging_mixin.py:137} INFO - [2023-08-21T23:57:51.820+0000] {dag.py:3441} INFO - Setting next_dagrun for example_subdag_operator.section-1 to None, run_after=None
[2023-08-21T23:57:51.822+0000] {logging_mixin.py:137} INFO - [2023-08-21T23:57:51.822+0000] {dag.py:3441} INFO - Setting next_dagrun for example_subdag_operator.section-2 to None, run_after=None
[2023-08-21T23:57:51.835+0000] {logging_mixin.py:137} INFO - [2023-08-21T23:57:51.835+0000] {dag.py:2690} INFO - Sync 2 DAGs
[2023-08-21T23:57:51.844+0000] {logging_mixin.py:137} INFO - [2023-08-21T23:57:51.844+0000] {dag.py:3441} INFO - Setting next_dagrun for example_subdag_operator.section-1 to None, run_after=None
[2023-08-21T23:57:51.845+0000] {logging_mixin.py:137} INFO - [2023-08-21T23:57:51.844+0000] {dag.py:3441} INFO - Setting next_dagrun for example_subdag_operator.section-2 to None, run_after=None
[2023-08-21T23:57:51.887+0000] {processor.py:175} INFO - Processing /home/airflow/.local/lib/python3.7/site-packages/airflow/example_dags/example_subdag_operator.py took 0.215 seconds
[2023-08-21T23:58:21.986+0000] {processor.py:153} INFO - Started process (PID=1243) to work on /home/airflow/.local/lib/python3.7/site-packages/airflow/example_dags/example_subdag_operator.py
[2023-08-21T23:58:21.987+0000] {processor.py:743} INFO - Processing file /home/airflow/.local/lib/python3.7/site-packages/airflow/example_dags/example_subdag_operator.py for tasks to queue
[2023-08-21T23:58:21.987+0000] {logging_mixin.py:137} INFO - [2023-08-21T23:58:21.987+0000] {dagbag.py:538} INFO - Filling up the DagBag from /home/airflow/.local/lib/python3.7/site-packages/airflow/example_dags/example_subdag_operator.py
[2023-08-21T23:58:22.028+0000] {processor.py:753} INFO - DAG(s) dict_keys(['example_subdag_operator.section-1', 'example_subdag_operator.section-2', 'example_subdag_operator']) retrieved from /home/airflow/.local/lib/python3.7/site-packages/airflow/example_dags/example_subdag_operator.py
[2023-08-21T23:58:22.051+0000] {logging_mixin.py:137} INFO - [2023-08-21T23:58:22.051+0000] {dag.py:2690} INFO - Sync 3 DAGs
[2023-08-21T23:58:22.078+0000] {logging_mixin.py:137} INFO - [2023-08-21T23:58:22.078+0000] {dag.py:3441} INFO - Setting next_dagrun for example_subdag_operator to 2022-01-01T00:00:00+00:00, run_after=2022-01-01T00:00:00+00:00
[2023-08-21T23:58:22.082+0000] {logging_mixin.py:137} INFO - [2023-08-21T23:58:22.082+0000] {dag.py:3441} INFO - Setting next_dagrun for example_subdag_operator.section-1 to None, run_after=None
[2023-08-21T23:58:22.083+0000] {logging_mixin.py:137} INFO - [2023-08-21T23:58:22.083+0000] {dag.py:3441} INFO - Setting next_dagrun for example_subdag_operator.section-2 to None, run_after=None
[2023-08-21T23:58:22.091+0000] {logging_mixin.py:137} INFO - [2023-08-21T23:58:22.090+0000] {dag.py:2690} INFO - Sync 2 DAGs
[2023-08-21T23:58:22.096+0000] {logging_mixin.py:137} INFO - [2023-08-21T23:58:22.096+0000] {dag.py:3441} INFO - Setting next_dagrun for example_subdag_operator.section-1 to None, run_after=None
[2023-08-21T23:58:22.097+0000] {logging_mixin.py:137} INFO - [2023-08-21T23:58:22.097+0000] {dag.py:3441} INFO - Setting next_dagrun for example_subdag_operator.section-2 to None, run_after=None
[2023-08-21T23:58:22.164+0000] {processor.py:175} INFO - Processing /home/airflow/.local/lib/python3.7/site-packages/airflow/example_dags/example_subdag_operator.py took 0.182 seconds
[2023-08-21T23:58:52.302+0000] {processor.py:153} INFO - Started process (PID=1318) to work on /home/airflow/.local/lib/python3.7/site-packages/airflow/example_dags/example_subdag_operator.py
[2023-08-21T23:58:52.304+0000] {processor.py:743} INFO - Processing file /home/airflow/.local/lib/python3.7/site-packages/airflow/example_dags/example_subdag_operator.py for tasks to queue
[2023-08-21T23:58:52.306+0000] {logging_mixin.py:137} INFO - [2023-08-21T23:58:52.305+0000] {dagbag.py:538} INFO - Filling up the DagBag from /home/airflow/.local/lib/python3.7/site-packages/airflow/example_dags/example_subdag_operator.py
[2023-08-21T23:58:52.368+0000] {processor.py:753} INFO - DAG(s) dict_keys(['example_subdag_operator.section-1', 'example_subdag_operator.section-2', 'example_subdag_operator']) retrieved from /home/airflow/.local/lib/python3.7/site-packages/airflow/example_dags/example_subdag_operator.py
[2023-08-21T23:58:52.404+0000] {logging_mixin.py:137} INFO - [2023-08-21T23:58:52.404+0000] {dag.py:2690} INFO - Sync 3 DAGs
[2023-08-21T23:58:52.438+0000] {logging_mixin.py:137} INFO - [2023-08-21T23:58:52.438+0000] {dag.py:3441} INFO - Setting next_dagrun for example_subdag_operator to 2022-01-01T00:00:00+00:00, run_after=2022-01-01T00:00:00+00:00
[2023-08-21T23:58:52.442+0000] {logging_mixin.py:137} INFO - [2023-08-21T23:58:52.442+0000] {dag.py:3441} INFO - Setting next_dagrun for example_subdag_operator.section-1 to None, run_after=None
[2023-08-21T23:58:52.443+0000] {logging_mixin.py:137} INFO - [2023-08-21T23:58:52.443+0000] {dag.py:3441} INFO - Setting next_dagrun for example_subdag_operator.section-2 to None, run_after=None
[2023-08-21T23:58:52.452+0000] {logging_mixin.py:137} INFO - [2023-08-21T23:58:52.452+0000] {dag.py:2690} INFO - Sync 2 DAGs
[2023-08-21T23:58:52.458+0000] {logging_mixin.py:137} INFO - [2023-08-21T23:58:52.458+0000] {dag.py:3441} INFO - Setting next_dagrun for example_subdag_operator.section-1 to None, run_after=None
[2023-08-21T23:58:52.458+0000] {logging_mixin.py:137} INFO - [2023-08-21T23:58:52.458+0000] {dag.py:3441} INFO - Setting next_dagrun for example_subdag_operator.section-2 to None, run_after=None
[2023-08-21T23:58:52.519+0000] {processor.py:175} INFO - Processing /home/airflow/.local/lib/python3.7/site-packages/airflow/example_dags/example_subdag_operator.py took 0.226 seconds
[2023-08-21T23:59:22.860+0000] {processor.py:153} INFO - Started process (PID=1381) to work on /home/airflow/.local/lib/python3.7/site-packages/airflow/example_dags/example_subdag_operator.py
[2023-08-21T23:59:22.861+0000] {processor.py:743} INFO - Processing file /home/airflow/.local/lib/python3.7/site-packages/airflow/example_dags/example_subdag_operator.py for tasks to queue
[2023-08-21T23:59:22.862+0000] {logging_mixin.py:137} INFO - [2023-08-21T23:59:22.862+0000] {dagbag.py:538} INFO - Filling up the DagBag from /home/airflow/.local/lib/python3.7/site-packages/airflow/example_dags/example_subdag_operator.py
[2023-08-21T23:59:22.897+0000] {processor.py:753} INFO - DAG(s) dict_keys(['example_subdag_operator.section-1', 'example_subdag_operator.section-2', 'example_subdag_operator']) retrieved from /home/airflow/.local/lib/python3.7/site-packages/airflow/example_dags/example_subdag_operator.py
[2023-08-21T23:59:22.915+0000] {logging_mixin.py:137} INFO - [2023-08-21T23:59:22.915+0000] {dag.py:2690} INFO - Sync 3 DAGs
[2023-08-21T23:59:22.940+0000] {logging_mixin.py:137} INFO - [2023-08-21T23:59:22.940+0000] {dag.py:3441} INFO - Setting next_dagrun for example_subdag_operator to 2022-01-01T00:00:00+00:00, run_after=2022-01-01T00:00:00+00:00
[2023-08-21T23:59:22.944+0000] {logging_mixin.py:137} INFO - [2023-08-21T23:59:22.943+0000] {dag.py:3441} INFO - Setting next_dagrun for example_subdag_operator.section-1 to None, run_after=None
[2023-08-21T23:59:22.945+0000] {logging_mixin.py:137} INFO - [2023-08-21T23:59:22.945+0000] {dag.py:3441} INFO - Setting next_dagrun for example_subdag_operator.section-2 to None, run_after=None
[2023-08-21T23:59:22.953+0000] {logging_mixin.py:137} INFO - [2023-08-21T23:59:22.953+0000] {dag.py:2690} INFO - Sync 2 DAGs
[2023-08-21T23:59:22.958+0000] {logging_mixin.py:137} INFO - [2023-08-21T23:59:22.958+0000] {dag.py:3441} INFO - Setting next_dagrun for example_subdag_operator.section-1 to None, run_after=None
[2023-08-21T23:59:22.959+0000] {logging_mixin.py:137} INFO - [2023-08-21T23:59:22.959+0000] {dag.py:3441} INFO - Setting next_dagrun for example_subdag_operator.section-2 to None, run_after=None
[2023-08-21T23:59:22.999+0000] {processor.py:175} INFO - Processing /home/airflow/.local/lib/python3.7/site-packages/airflow/example_dags/example_subdag_operator.py took 0.142 seconds
[2023-08-21T23:59:53.202+0000] {processor.py:153} INFO - Started process (PID=1453) to work on /home/airflow/.local/lib/python3.7/site-packages/airflow/example_dags/example_subdag_operator.py
[2023-08-21T23:59:53.204+0000] {processor.py:743} INFO - Processing file /home/airflow/.local/lib/python3.7/site-packages/airflow/example_dags/example_subdag_operator.py for tasks to queue
[2023-08-21T23:59:53.206+0000] {logging_mixin.py:137} INFO - [2023-08-21T23:59:53.205+0000] {dagbag.py:538} INFO - Filling up the DagBag from /home/airflow/.local/lib/python3.7/site-packages/airflow/example_dags/example_subdag_operator.py
[2023-08-21T23:59:53.257+0000] {processor.py:753} INFO - DAG(s) dict_keys(['example_subdag_operator.section-1', 'example_subdag_operator.section-2', 'example_subdag_operator']) retrieved from /home/airflow/.local/lib/python3.7/site-packages/airflow/example_dags/example_subdag_operator.py
[2023-08-21T23:59:53.282+0000] {logging_mixin.py:137} INFO - [2023-08-21T23:59:53.282+0000] {dag.py:2690} INFO - Sync 3 DAGs
[2023-08-21T23:59:53.320+0000] {logging_mixin.py:137} INFO - [2023-08-21T23:59:53.320+0000] {dag.py:3441} INFO - Setting next_dagrun for example_subdag_operator to 2022-01-01T00:00:00+00:00, run_after=2022-01-01T00:00:00+00:00
[2023-08-21T23:59:53.327+0000] {logging_mixin.py:137} INFO - [2023-08-21T23:59:53.327+0000] {dag.py:3441} INFO - Setting next_dagrun for example_subdag_operator.section-1 to None, run_after=None
[2023-08-21T23:59:53.329+0000] {logging_mixin.py:137} INFO - [2023-08-21T23:59:53.329+0000] {dag.py:3441} INFO - Setting next_dagrun for example_subdag_operator.section-2 to None, run_after=None
[2023-08-21T23:59:53.342+0000] {logging_mixin.py:137} INFO - [2023-08-21T23:59:53.342+0000] {dag.py:2690} INFO - Sync 2 DAGs
[2023-08-21T23:59:53.351+0000] {logging_mixin.py:137} INFO - [2023-08-21T23:59:53.351+0000] {dag.py:3441} INFO - Setting next_dagrun for example_subdag_operator.section-1 to None, run_after=None
[2023-08-21T23:59:53.352+0000] {logging_mixin.py:137} INFO - [2023-08-21T23:59:53.352+0000] {dag.py:3441} INFO - Setting next_dagrun for example_subdag_operator.section-2 to None, run_after=None
[2023-08-21T23:59:53.399+0000] {processor.py:175} INFO - Processing /home/airflow/.local/lib/python3.7/site-packages/airflow/example_dags/example_subdag_operator.py took 0.204 seconds
