[2023-08-21T23:49:41.753+0000] {processor.py:153} INFO - Started process (PID=69) to work on /home/airflow/.local/lib/python3.7/site-packages/airflow/example_dags/example_bash_operator.py
[2023-08-21T23:49:41.754+0000] {processor.py:743} INFO - Processing file /home/airflow/.local/lib/python3.7/site-packages/airflow/example_dags/example_bash_operator.py for tasks to queue
[2023-08-21T23:49:41.755+0000] {logging_mixin.py:137} INFO - [2023-08-21T23:49:41.755+0000] {dagbag.py:538} INFO - Filling up the DagBag from /home/airflow/.local/lib/python3.7/site-packages/airflow/example_dags/example_bash_operator.py
[2023-08-21T23:49:41.782+0000] {processor.py:753} INFO - DAG(s) dict_keys(['example_bash_operator']) retrieved from /home/airflow/.local/lib/python3.7/site-packages/airflow/example_dags/example_bash_operator.py
[2023-08-21T23:49:42.012+0000] {logging_mixin.py:137} INFO - [2023-08-21T23:49:42.011+0000] {manager.py:504} INFO - Created Permission View: can edit on DAG:example_bash_operator
[2023-08-21T23:49:43.150+0000] {logging_mixin.py:137} INFO - [2023-08-21T23:49:43.150+0000] {manager.py:504} INFO - Created Permission View: can read on DAG:example_bash_operator
[2023-08-21T23:49:43.346+0000] {logging_mixin.py:137} INFO - [2023-08-21T23:49:43.346+0000] {manager.py:504} INFO - Created Permission View: can delete on DAG:example_bash_operator
[2023-08-21T23:49:43.347+0000] {logging_mixin.py:137} INFO - [2023-08-21T23:49:43.347+0000] {dag.py:2690} INFO - Sync 1 DAGs
[2023-08-21T23:49:43.361+0000] {logging_mixin.py:137} INFO - [2023-08-21T23:49:43.360+0000] {dag.py:2711} INFO - Creating ORM DAG for example_bash_operator
[2023-08-21T23:49:43.374+0000] {logging_mixin.py:137} INFO - [2023-08-21T23:49:43.374+0000] {dag.py:3441} INFO - Setting next_dagrun for example_bash_operator to 2023-08-20T00:00:00+00:00, run_after=2023-08-21T00:00:00+00:00
[2023-08-21T23:49:43.453+0000] {processor.py:175} INFO - Processing /home/airflow/.local/lib/python3.7/site-packages/airflow/example_dags/example_bash_operator.py took 1.705 seconds
[2023-08-21T23:50:13.670+0000] {processor.py:153} INFO - Started process (PID=145) to work on /home/airflow/.local/lib/python3.7/site-packages/airflow/example_dags/example_bash_operator.py
[2023-08-21T23:50:13.672+0000] {processor.py:743} INFO - Processing file /home/airflow/.local/lib/python3.7/site-packages/airflow/example_dags/example_bash_operator.py for tasks to queue
[2023-08-21T23:50:13.672+0000] {logging_mixin.py:137} INFO - [2023-08-21T23:50:13.672+0000] {dagbag.py:538} INFO - Filling up the DagBag from /home/airflow/.local/lib/python3.7/site-packages/airflow/example_dags/example_bash_operator.py
[2023-08-21T23:50:13.701+0000] {processor.py:753} INFO - DAG(s) dict_keys(['example_bash_operator']) retrieved from /home/airflow/.local/lib/python3.7/site-packages/airflow/example_dags/example_bash_operator.py
[2023-08-21T23:50:13.740+0000] {logging_mixin.py:137} INFO - [2023-08-21T23:50:13.740+0000] {dag.py:2690} INFO - Sync 1 DAGs
[2023-08-21T23:50:13.769+0000] {logging_mixin.py:137} INFO - [2023-08-21T23:50:13.769+0000] {dag.py:3441} INFO - Setting next_dagrun for example_bash_operator to 2023-08-20T00:00:00+00:00, run_after=2023-08-21T00:00:00+00:00
[2023-08-21T23:50:13.841+0000] {processor.py:175} INFO - Processing /home/airflow/.local/lib/python3.7/site-packages/airflow/example_dags/example_bash_operator.py took 0.175 seconds
[2023-08-21T23:50:43.991+0000] {processor.py:153} INFO - Started process (PID=208) to work on /home/airflow/.local/lib/python3.7/site-packages/airflow/example_dags/example_bash_operator.py
[2023-08-21T23:50:43.992+0000] {processor.py:743} INFO - Processing file /home/airflow/.local/lib/python3.7/site-packages/airflow/example_dags/example_bash_operator.py for tasks to queue
[2023-08-21T23:50:43.993+0000] {logging_mixin.py:137} INFO - [2023-08-21T23:50:43.993+0000] {dagbag.py:538} INFO - Filling up the DagBag from /home/airflow/.local/lib/python3.7/site-packages/airflow/example_dags/example_bash_operator.py
[2023-08-21T23:50:44.020+0000] {processor.py:753} INFO - DAG(s) dict_keys(['example_bash_operator']) retrieved from /home/airflow/.local/lib/python3.7/site-packages/airflow/example_dags/example_bash_operator.py
[2023-08-21T23:50:44.068+0000] {logging_mixin.py:137} INFO - [2023-08-21T23:50:44.068+0000] {dag.py:2690} INFO - Sync 1 DAGs
[2023-08-21T23:50:44.101+0000] {logging_mixin.py:137} INFO - [2023-08-21T23:50:44.101+0000] {dag.py:3441} INFO - Setting next_dagrun for example_bash_operator to 2023-08-20T00:00:00+00:00, run_after=2023-08-21T00:00:00+00:00
[2023-08-21T23:50:44.216+0000] {processor.py:175} INFO - Processing /home/airflow/.local/lib/python3.7/site-packages/airflow/example_dags/example_bash_operator.py took 0.231 seconds
[2023-08-21T23:51:14.590+0000] {processor.py:153} INFO - Started process (PID=282) to work on /home/airflow/.local/lib/python3.7/site-packages/airflow/example_dags/example_bash_operator.py
[2023-08-21T23:51:14.591+0000] {processor.py:743} INFO - Processing file /home/airflow/.local/lib/python3.7/site-packages/airflow/example_dags/example_bash_operator.py for tasks to queue
[2023-08-21T23:51:14.591+0000] {logging_mixin.py:137} INFO - [2023-08-21T23:51:14.591+0000] {dagbag.py:538} INFO - Filling up the DagBag from /home/airflow/.local/lib/python3.7/site-packages/airflow/example_dags/example_bash_operator.py
[2023-08-21T23:51:14.614+0000] {processor.py:753} INFO - DAG(s) dict_keys(['example_bash_operator']) retrieved from /home/airflow/.local/lib/python3.7/site-packages/airflow/example_dags/example_bash_operator.py
[2023-08-21T23:51:14.650+0000] {logging_mixin.py:137} INFO - [2023-08-21T23:51:14.650+0000] {dag.py:2690} INFO - Sync 1 DAGs
[2023-08-21T23:51:14.678+0000] {logging_mixin.py:137} INFO - [2023-08-21T23:51:14.678+0000] {dag.py:3441} INFO - Setting next_dagrun for example_bash_operator to 2023-08-20T00:00:00+00:00, run_after=2023-08-21T00:00:00+00:00
[2023-08-21T23:51:14.823+0000] {processor.py:175} INFO - Processing /home/airflow/.local/lib/python3.7/site-packages/airflow/example_dags/example_bash_operator.py took 0.237 seconds
[2023-08-21T23:51:44.968+0000] {processor.py:153} INFO - Started process (PID=344) to work on /home/airflow/.local/lib/python3.7/site-packages/airflow/example_dags/example_bash_operator.py
[2023-08-21T23:51:44.969+0000] {processor.py:743} INFO - Processing file /home/airflow/.local/lib/python3.7/site-packages/airflow/example_dags/example_bash_operator.py for tasks to queue
[2023-08-21T23:51:44.970+0000] {logging_mixin.py:137} INFO - [2023-08-21T23:51:44.970+0000] {dagbag.py:538} INFO - Filling up the DagBag from /home/airflow/.local/lib/python3.7/site-packages/airflow/example_dags/example_bash_operator.py
[2023-08-21T23:51:44.992+0000] {processor.py:753} INFO - DAG(s) dict_keys(['example_bash_operator']) retrieved from /home/airflow/.local/lib/python3.7/site-packages/airflow/example_dags/example_bash_operator.py
[2023-08-21T23:51:45.029+0000] {logging_mixin.py:137} INFO - [2023-08-21T23:51:45.029+0000] {dag.py:2690} INFO - Sync 1 DAGs
[2023-08-21T23:51:45.054+0000] {logging_mixin.py:137} INFO - [2023-08-21T23:51:45.054+0000] {dag.py:3441} INFO - Setting next_dagrun for example_bash_operator to 2023-08-20T00:00:00+00:00, run_after=2023-08-21T00:00:00+00:00
[2023-08-21T23:51:45.162+0000] {processor.py:175} INFO - Processing /home/airflow/.local/lib/python3.7/site-packages/airflow/example_dags/example_bash_operator.py took 0.197 seconds
[2023-08-21T23:52:15.757+0000] {processor.py:153} INFO - Started process (PID=419) to work on /home/airflow/.local/lib/python3.7/site-packages/airflow/example_dags/example_bash_operator.py
[2023-08-21T23:52:15.760+0000] {processor.py:743} INFO - Processing file /home/airflow/.local/lib/python3.7/site-packages/airflow/example_dags/example_bash_operator.py for tasks to queue
[2023-08-21T23:52:15.762+0000] {logging_mixin.py:137} INFO - [2023-08-21T23:52:15.761+0000] {dagbag.py:538} INFO - Filling up the DagBag from /home/airflow/.local/lib/python3.7/site-packages/airflow/example_dags/example_bash_operator.py
[2023-08-21T23:52:15.792+0000] {processor.py:753} INFO - DAG(s) dict_keys(['example_bash_operator']) retrieved from /home/airflow/.local/lib/python3.7/site-packages/airflow/example_dags/example_bash_operator.py
[2023-08-21T23:52:15.844+0000] {logging_mixin.py:137} INFO - [2023-08-21T23:52:15.844+0000] {dag.py:2690} INFO - Sync 1 DAGs
[2023-08-21T23:52:15.880+0000] {logging_mixin.py:137} INFO - [2023-08-21T23:52:15.880+0000] {dag.py:3441} INFO - Setting next_dagrun for example_bash_operator to 2023-08-20T00:00:00+00:00, run_after=2023-08-21T00:00:00+00:00
[2023-08-21T23:52:15.934+0000] {processor.py:175} INFO - Processing /home/airflow/.local/lib/python3.7/site-packages/airflow/example_dags/example_bash_operator.py took 0.189 seconds
[2023-08-21T23:52:46.224+0000] {processor.py:153} INFO - Started process (PID=481) to work on /home/airflow/.local/lib/python3.7/site-packages/airflow/example_dags/example_bash_operator.py
[2023-08-21T23:52:46.225+0000] {processor.py:743} INFO - Processing file /home/airflow/.local/lib/python3.7/site-packages/airflow/example_dags/example_bash_operator.py for tasks to queue
[2023-08-21T23:52:46.226+0000] {logging_mixin.py:137} INFO - [2023-08-21T23:52:46.226+0000] {dagbag.py:538} INFO - Filling up the DagBag from /home/airflow/.local/lib/python3.7/site-packages/airflow/example_dags/example_bash_operator.py
[2023-08-21T23:52:46.252+0000] {processor.py:753} INFO - DAG(s) dict_keys(['example_bash_operator']) retrieved from /home/airflow/.local/lib/python3.7/site-packages/airflow/example_dags/example_bash_operator.py
[2023-08-21T23:52:46.296+0000] {logging_mixin.py:137} INFO - [2023-08-21T23:52:46.295+0000] {dag.py:2690} INFO - Sync 1 DAGs
[2023-08-21T23:52:46.334+0000] {logging_mixin.py:137} INFO - [2023-08-21T23:52:46.334+0000] {dag.py:3441} INFO - Setting next_dagrun for example_bash_operator to 2023-08-20T00:00:00+00:00, run_after=2023-08-21T00:00:00+00:00
[2023-08-21T23:52:46.402+0000] {processor.py:175} INFO - Processing /home/airflow/.local/lib/python3.7/site-packages/airflow/example_dags/example_bash_operator.py took 0.184 seconds
[2023-08-21T23:53:16.478+0000] {processor.py:153} INFO - Started process (PID=545) to work on /home/airflow/.local/lib/python3.7/site-packages/airflow/example_dags/example_bash_operator.py
[2023-08-21T23:53:16.479+0000] {processor.py:743} INFO - Processing file /home/airflow/.local/lib/python3.7/site-packages/airflow/example_dags/example_bash_operator.py for tasks to queue
[2023-08-21T23:53:16.480+0000] {logging_mixin.py:137} INFO - [2023-08-21T23:53:16.479+0000] {dagbag.py:538} INFO - Filling up the DagBag from /home/airflow/.local/lib/python3.7/site-packages/airflow/example_dags/example_bash_operator.py
[2023-08-21T23:53:16.522+0000] {processor.py:753} INFO - DAG(s) dict_keys(['example_bash_operator']) retrieved from /home/airflow/.local/lib/python3.7/site-packages/airflow/example_dags/example_bash_operator.py
[2023-08-21T23:53:16.585+0000] {logging_mixin.py:137} INFO - [2023-08-21T23:53:16.585+0000] {dag.py:2690} INFO - Sync 1 DAGs
[2023-08-21T23:53:16.619+0000] {logging_mixin.py:137} INFO - [2023-08-21T23:53:16.619+0000] {dag.py:3441} INFO - Setting next_dagrun for example_bash_operator to 2023-08-20T00:00:00+00:00, run_after=2023-08-21T00:00:00+00:00
[2023-08-21T23:53:16.715+0000] {processor.py:175} INFO - Processing /home/airflow/.local/lib/python3.7/site-packages/airflow/example_dags/example_bash_operator.py took 0.241 seconds
[2023-08-21T23:53:46.890+0000] {processor.py:153} INFO - Started process (PID=619) to work on /home/airflow/.local/lib/python3.7/site-packages/airflow/example_dags/example_bash_operator.py
[2023-08-21T23:53:46.891+0000] {processor.py:743} INFO - Processing file /home/airflow/.local/lib/python3.7/site-packages/airflow/example_dags/example_bash_operator.py for tasks to queue
[2023-08-21T23:53:46.892+0000] {logging_mixin.py:137} INFO - [2023-08-21T23:53:46.892+0000] {dagbag.py:538} INFO - Filling up the DagBag from /home/airflow/.local/lib/python3.7/site-packages/airflow/example_dags/example_bash_operator.py
[2023-08-21T23:53:46.912+0000] {processor.py:753} INFO - DAG(s) dict_keys(['example_bash_operator']) retrieved from /home/airflow/.local/lib/python3.7/site-packages/airflow/example_dags/example_bash_operator.py
[2023-08-21T23:53:46.947+0000] {logging_mixin.py:137} INFO - [2023-08-21T23:53:46.947+0000] {dag.py:2690} INFO - Sync 1 DAGs
[2023-08-21T23:53:46.973+0000] {logging_mixin.py:137} INFO - [2023-08-21T23:53:46.972+0000] {dag.py:3441} INFO - Setting next_dagrun for example_bash_operator to 2023-08-20T00:00:00+00:00, run_after=2023-08-21T00:00:00+00:00
[2023-08-21T23:53:47.015+0000] {processor.py:175} INFO - Processing /home/airflow/.local/lib/python3.7/site-packages/airflow/example_dags/example_bash_operator.py took 0.128 seconds
[2023-08-21T23:54:17.294+0000] {processor.py:153} INFO - Started process (PID=683) to work on /home/airflow/.local/lib/python3.7/site-packages/airflow/example_dags/example_bash_operator.py
[2023-08-21T23:54:17.295+0000] {processor.py:743} INFO - Processing file /home/airflow/.local/lib/python3.7/site-packages/airflow/example_dags/example_bash_operator.py for tasks to queue
[2023-08-21T23:54:17.295+0000] {logging_mixin.py:137} INFO - [2023-08-21T23:54:17.295+0000] {dagbag.py:538} INFO - Filling up the DagBag from /home/airflow/.local/lib/python3.7/site-packages/airflow/example_dags/example_bash_operator.py
[2023-08-21T23:54:17.327+0000] {processor.py:753} INFO - DAG(s) dict_keys(['example_bash_operator']) retrieved from /home/airflow/.local/lib/python3.7/site-packages/airflow/example_dags/example_bash_operator.py
[2023-08-21T23:54:17.370+0000] {logging_mixin.py:137} INFO - [2023-08-21T23:54:17.370+0000] {dag.py:2690} INFO - Sync 1 DAGs
[2023-08-21T23:54:17.404+0000] {logging_mixin.py:137} INFO - [2023-08-21T23:54:17.404+0000] {dag.py:3441} INFO - Setting next_dagrun for example_bash_operator to 2023-08-20T00:00:00+00:00, run_after=2023-08-21T00:00:00+00:00
[2023-08-21T23:54:17.465+0000] {processor.py:175} INFO - Processing /home/airflow/.local/lib/python3.7/site-packages/airflow/example_dags/example_bash_operator.py took 0.175 seconds
[2023-08-21T23:54:47.947+0000] {processor.py:153} INFO - Started process (PID=758) to work on /home/airflow/.local/lib/python3.7/site-packages/airflow/example_dags/example_bash_operator.py
[2023-08-21T23:54:47.948+0000] {processor.py:743} INFO - Processing file /home/airflow/.local/lib/python3.7/site-packages/airflow/example_dags/example_bash_operator.py for tasks to queue
[2023-08-21T23:54:47.948+0000] {logging_mixin.py:137} INFO - [2023-08-21T23:54:47.948+0000] {dagbag.py:538} INFO - Filling up the DagBag from /home/airflow/.local/lib/python3.7/site-packages/airflow/example_dags/example_bash_operator.py
[2023-08-21T23:54:47.970+0000] {processor.py:753} INFO - DAG(s) dict_keys(['example_bash_operator']) retrieved from /home/airflow/.local/lib/python3.7/site-packages/airflow/example_dags/example_bash_operator.py
[2023-08-21T23:54:48.007+0000] {logging_mixin.py:137} INFO - [2023-08-21T23:54:48.007+0000] {dag.py:2690} INFO - Sync 1 DAGs
[2023-08-21T23:54:48.036+0000] {logging_mixin.py:137} INFO - [2023-08-21T23:54:48.035+0000] {dag.py:3441} INFO - Setting next_dagrun for example_bash_operator to 2023-08-20T00:00:00+00:00, run_after=2023-08-21T00:00:00+00:00
[2023-08-21T23:54:48.124+0000] {processor.py:175} INFO - Processing /home/airflow/.local/lib/python3.7/site-packages/airflow/example_dags/example_bash_operator.py took 0.181 seconds
[2023-08-21T23:55:18.269+0000] {processor.py:153} INFO - Started process (PID=822) to work on /home/airflow/.local/lib/python3.7/site-packages/airflow/example_dags/example_bash_operator.py
[2023-08-21T23:55:18.270+0000] {processor.py:743} INFO - Processing file /home/airflow/.local/lib/python3.7/site-packages/airflow/example_dags/example_bash_operator.py for tasks to queue
[2023-08-21T23:55:18.271+0000] {logging_mixin.py:137} INFO - [2023-08-21T23:55:18.271+0000] {dagbag.py:538} INFO - Filling up the DagBag from /home/airflow/.local/lib/python3.7/site-packages/airflow/example_dags/example_bash_operator.py
[2023-08-21T23:55:18.293+0000] {processor.py:753} INFO - DAG(s) dict_keys(['example_bash_operator']) retrieved from /home/airflow/.local/lib/python3.7/site-packages/airflow/example_dags/example_bash_operator.py
[2023-08-21T23:55:18.341+0000] {logging_mixin.py:137} INFO - [2023-08-21T23:55:18.341+0000] {dag.py:2690} INFO - Sync 1 DAGs
[2023-08-21T23:55:18.367+0000] {logging_mixin.py:137} INFO - [2023-08-21T23:55:18.367+0000] {dag.py:3441} INFO - Setting next_dagrun for example_bash_operator to 2023-08-20T00:00:00+00:00, run_after=2023-08-21T00:00:00+00:00
[2023-08-21T23:55:18.430+0000] {processor.py:175} INFO - Processing /home/airflow/.local/lib/python3.7/site-packages/airflow/example_dags/example_bash_operator.py took 0.164 seconds
[2023-08-21T23:55:48.783+0000] {processor.py:153} INFO - Started process (PID=898) to work on /home/airflow/.local/lib/python3.7/site-packages/airflow/example_dags/example_bash_operator.py
[2023-08-21T23:55:48.784+0000] {processor.py:743} INFO - Processing file /home/airflow/.local/lib/python3.7/site-packages/airflow/example_dags/example_bash_operator.py for tasks to queue
[2023-08-21T23:55:48.785+0000] {logging_mixin.py:137} INFO - [2023-08-21T23:55:48.785+0000] {dagbag.py:538} INFO - Filling up the DagBag from /home/airflow/.local/lib/python3.7/site-packages/airflow/example_dags/example_bash_operator.py
[2023-08-21T23:55:48.807+0000] {processor.py:753} INFO - DAG(s) dict_keys(['example_bash_operator']) retrieved from /home/airflow/.local/lib/python3.7/site-packages/airflow/example_dags/example_bash_operator.py
[2023-08-21T23:55:48.845+0000] {logging_mixin.py:137} INFO - [2023-08-21T23:55:48.845+0000] {dag.py:2690} INFO - Sync 1 DAGs
[2023-08-21T23:55:48.874+0000] {logging_mixin.py:137} INFO - [2023-08-21T23:55:48.874+0000] {dag.py:3441} INFO - Setting next_dagrun for example_bash_operator to 2023-08-20T00:00:00+00:00, run_after=2023-08-21T00:00:00+00:00
[2023-08-21T23:55:48.986+0000] {processor.py:175} INFO - Processing /home/airflow/.local/lib/python3.7/site-packages/airflow/example_dags/example_bash_operator.py took 0.206 seconds
[2023-08-21T23:56:19.019+0000] {processor.py:153} INFO - Started process (PID=961) to work on /home/airflow/.local/lib/python3.7/site-packages/airflow/example_dags/example_bash_operator.py
[2023-08-21T23:56:19.020+0000] {processor.py:743} INFO - Processing file /home/airflow/.local/lib/python3.7/site-packages/airflow/example_dags/example_bash_operator.py for tasks to queue
[2023-08-21T23:56:19.020+0000] {logging_mixin.py:137} INFO - [2023-08-21T23:56:19.020+0000] {dagbag.py:538} INFO - Filling up the DagBag from /home/airflow/.local/lib/python3.7/site-packages/airflow/example_dags/example_bash_operator.py
[2023-08-21T23:56:19.042+0000] {processor.py:753} INFO - DAG(s) dict_keys(['example_bash_operator']) retrieved from /home/airflow/.local/lib/python3.7/site-packages/airflow/example_dags/example_bash_operator.py
[2023-08-21T23:56:19.090+0000] {logging_mixin.py:137} INFO - [2023-08-21T23:56:19.090+0000] {dag.py:2690} INFO - Sync 1 DAGs
[2023-08-21T23:56:19.125+0000] {logging_mixin.py:137} INFO - [2023-08-21T23:56:19.125+0000] {dag.py:3441} INFO - Setting next_dagrun for example_bash_operator to 2023-08-20T00:00:00+00:00, run_after=2023-08-21T00:00:00+00:00
[2023-08-21T23:56:19.222+0000] {processor.py:175} INFO - Processing /home/airflow/.local/lib/python3.7/site-packages/airflow/example_dags/example_bash_operator.py took 0.206 seconds
[2023-08-21T23:56:49.276+0000] {processor.py:153} INFO - Started process (PID=1036) to work on /home/airflow/.local/lib/python3.7/site-packages/airflow/example_dags/example_bash_operator.py
[2023-08-21T23:56:49.277+0000] {processor.py:743} INFO - Processing file /home/airflow/.local/lib/python3.7/site-packages/airflow/example_dags/example_bash_operator.py for tasks to queue
[2023-08-21T23:56:49.277+0000] {logging_mixin.py:137} INFO - [2023-08-21T23:56:49.277+0000] {dagbag.py:538} INFO - Filling up the DagBag from /home/airflow/.local/lib/python3.7/site-packages/airflow/example_dags/example_bash_operator.py
[2023-08-21T23:56:49.303+0000] {processor.py:753} INFO - DAG(s) dict_keys(['example_bash_operator']) retrieved from /home/airflow/.local/lib/python3.7/site-packages/airflow/example_dags/example_bash_operator.py
[2023-08-21T23:56:49.340+0000] {logging_mixin.py:137} INFO - [2023-08-21T23:56:49.340+0000] {dag.py:2690} INFO - Sync 1 DAGs
[2023-08-21T23:56:49.367+0000] {logging_mixin.py:137} INFO - [2023-08-21T23:56:49.367+0000] {dag.py:3441} INFO - Setting next_dagrun for example_bash_operator to 2023-08-20T00:00:00+00:00, run_after=2023-08-21T00:00:00+00:00
[2023-08-21T23:56:49.428+0000] {processor.py:175} INFO - Processing /home/airflow/.local/lib/python3.7/site-packages/airflow/example_dags/example_bash_operator.py took 0.156 seconds
[2023-08-21T23:57:19.463+0000] {processor.py:153} INFO - Started process (PID=1099) to work on /home/airflow/.local/lib/python3.7/site-packages/airflow/example_dags/example_bash_operator.py
[2023-08-21T23:57:19.464+0000] {processor.py:743} INFO - Processing file /home/airflow/.local/lib/python3.7/site-packages/airflow/example_dags/example_bash_operator.py for tasks to queue
[2023-08-21T23:57:19.465+0000] {logging_mixin.py:137} INFO - [2023-08-21T23:57:19.465+0000] {dagbag.py:538} INFO - Filling up the DagBag from /home/airflow/.local/lib/python3.7/site-packages/airflow/example_dags/example_bash_operator.py
[2023-08-21T23:57:19.486+0000] {processor.py:753} INFO - DAG(s) dict_keys(['example_bash_operator']) retrieved from /home/airflow/.local/lib/python3.7/site-packages/airflow/example_dags/example_bash_operator.py
[2023-08-21T23:57:19.525+0000] {logging_mixin.py:137} INFO - [2023-08-21T23:57:19.524+0000] {dag.py:2690} INFO - Sync 1 DAGs
[2023-08-21T23:57:19.553+0000] {logging_mixin.py:137} INFO - [2023-08-21T23:57:19.553+0000] {dag.py:3441} INFO - Setting next_dagrun for example_bash_operator to 2023-08-20T00:00:00+00:00, run_after=2023-08-21T00:00:00+00:00
[2023-08-21T23:57:19.642+0000] {processor.py:175} INFO - Processing /home/airflow/.local/lib/python3.7/site-packages/airflow/example_dags/example_bash_operator.py took 0.182 seconds
[2023-08-21T23:57:49.871+0000] {processor.py:153} INFO - Started process (PID=1173) to work on /home/airflow/.local/lib/python3.7/site-packages/airflow/example_dags/example_bash_operator.py
[2023-08-21T23:57:49.873+0000] {processor.py:743} INFO - Processing file /home/airflow/.local/lib/python3.7/site-packages/airflow/example_dags/example_bash_operator.py for tasks to queue
[2023-08-21T23:57:49.873+0000] {logging_mixin.py:137} INFO - [2023-08-21T23:57:49.873+0000] {dagbag.py:538} INFO - Filling up the DagBag from /home/airflow/.local/lib/python3.7/site-packages/airflow/example_dags/example_bash_operator.py
[2023-08-21T23:57:49.900+0000] {processor.py:753} INFO - DAG(s) dict_keys(['example_bash_operator']) retrieved from /home/airflow/.local/lib/python3.7/site-packages/airflow/example_dags/example_bash_operator.py
[2023-08-21T23:57:49.945+0000] {logging_mixin.py:137} INFO - [2023-08-21T23:57:49.945+0000] {dag.py:2690} INFO - Sync 1 DAGs
[2023-08-21T23:57:49.981+0000] {logging_mixin.py:137} INFO - [2023-08-21T23:57:49.981+0000] {dag.py:3441} INFO - Setting next_dagrun for example_bash_operator to 2023-08-20T00:00:00+00:00, run_after=2023-08-21T00:00:00+00:00
[2023-08-21T23:57:50.121+0000] {processor.py:175} INFO - Processing /home/airflow/.local/lib/python3.7/site-packages/airflow/example_dags/example_bash_operator.py took 0.254 seconds
[2023-08-21T23:58:20.194+0000] {processor.py:153} INFO - Started process (PID=1236) to work on /home/airflow/.local/lib/python3.7/site-packages/airflow/example_dags/example_bash_operator.py
[2023-08-21T23:58:20.195+0000] {processor.py:743} INFO - Processing file /home/airflow/.local/lib/python3.7/site-packages/airflow/example_dags/example_bash_operator.py for tasks to queue
[2023-08-21T23:58:20.195+0000] {logging_mixin.py:137} INFO - [2023-08-21T23:58:20.195+0000] {dagbag.py:538} INFO - Filling up the DagBag from /home/airflow/.local/lib/python3.7/site-packages/airflow/example_dags/example_bash_operator.py
[2023-08-21T23:58:20.218+0000] {processor.py:753} INFO - DAG(s) dict_keys(['example_bash_operator']) retrieved from /home/airflow/.local/lib/python3.7/site-packages/airflow/example_dags/example_bash_operator.py
[2023-08-21T23:58:20.265+0000] {logging_mixin.py:137} INFO - [2023-08-21T23:58:20.265+0000] {dag.py:2690} INFO - Sync 1 DAGs
[2023-08-21T23:58:20.291+0000] {logging_mixin.py:137} INFO - [2023-08-21T23:58:20.291+0000] {dag.py:3441} INFO - Setting next_dagrun for example_bash_operator to 2023-08-20T00:00:00+00:00, run_after=2023-08-21T00:00:00+00:00
[2023-08-21T23:58:20.370+0000] {processor.py:175} INFO - Processing /home/airflow/.local/lib/python3.7/site-packages/airflow/example_dags/example_bash_operator.py took 0.180 seconds
[2023-08-21T23:58:50.562+0000] {processor.py:153} INFO - Started process (PID=1308) to work on /home/airflow/.local/lib/python3.7/site-packages/airflow/example_dags/example_bash_operator.py
[2023-08-21T23:58:50.563+0000] {processor.py:743} INFO - Processing file /home/airflow/.local/lib/python3.7/site-packages/airflow/example_dags/example_bash_operator.py for tasks to queue
[2023-08-21T23:58:50.564+0000] {logging_mixin.py:137} INFO - [2023-08-21T23:58:50.564+0000] {dagbag.py:538} INFO - Filling up the DagBag from /home/airflow/.local/lib/python3.7/site-packages/airflow/example_dags/example_bash_operator.py
[2023-08-21T23:58:50.593+0000] {processor.py:753} INFO - DAG(s) dict_keys(['example_bash_operator']) retrieved from /home/airflow/.local/lib/python3.7/site-packages/airflow/example_dags/example_bash_operator.py
[2023-08-21T23:58:50.634+0000] {logging_mixin.py:137} INFO - [2023-08-21T23:58:50.634+0000] {dag.py:2690} INFO - Sync 1 DAGs
[2023-08-21T23:58:50.665+0000] {logging_mixin.py:137} INFO - [2023-08-21T23:58:50.665+0000] {dag.py:3441} INFO - Setting next_dagrun for example_bash_operator to 2023-08-20T00:00:00+00:00, run_after=2023-08-21T00:00:00+00:00
[2023-08-21T23:58:50.729+0000] {processor.py:175} INFO - Processing /home/airflow/.local/lib/python3.7/site-packages/airflow/example_dags/example_bash_operator.py took 0.173 seconds
[2023-08-21T23:59:21.110+0000] {processor.py:153} INFO - Started process (PID=1374) to work on /home/airflow/.local/lib/python3.7/site-packages/airflow/example_dags/example_bash_operator.py
[2023-08-21T23:59:21.111+0000] {processor.py:743} INFO - Processing file /home/airflow/.local/lib/python3.7/site-packages/airflow/example_dags/example_bash_operator.py for tasks to queue
[2023-08-21T23:59:21.112+0000] {logging_mixin.py:137} INFO - [2023-08-21T23:59:21.112+0000] {dagbag.py:538} INFO - Filling up the DagBag from /home/airflow/.local/lib/python3.7/site-packages/airflow/example_dags/example_bash_operator.py
[2023-08-21T23:59:21.135+0000] {processor.py:753} INFO - DAG(s) dict_keys(['example_bash_operator']) retrieved from /home/airflow/.local/lib/python3.7/site-packages/airflow/example_dags/example_bash_operator.py
[2023-08-21T23:59:21.173+0000] {logging_mixin.py:137} INFO - [2023-08-21T23:59:21.173+0000] {dag.py:2690} INFO - Sync 1 DAGs
[2023-08-21T23:59:21.206+0000] {logging_mixin.py:137} INFO - [2023-08-21T23:59:21.206+0000] {dag.py:3441} INFO - Setting next_dagrun for example_bash_operator to 2023-08-20T00:00:00+00:00, run_after=2023-08-21T00:00:00+00:00
[2023-08-21T23:59:21.321+0000] {processor.py:175} INFO - Processing /home/airflow/.local/lib/python3.7/site-packages/airflow/example_dags/example_bash_operator.py took 0.215 seconds
[2023-08-21T23:59:51.465+0000] {processor.py:153} INFO - Started process (PID=1437) to work on /home/airflow/.local/lib/python3.7/site-packages/airflow/example_dags/example_bash_operator.py
[2023-08-21T23:59:51.466+0000] {processor.py:743} INFO - Processing file /home/airflow/.local/lib/python3.7/site-packages/airflow/example_dags/example_bash_operator.py for tasks to queue
[2023-08-21T23:59:51.466+0000] {logging_mixin.py:137} INFO - [2023-08-21T23:59:51.466+0000] {dagbag.py:538} INFO - Filling up the DagBag from /home/airflow/.local/lib/python3.7/site-packages/airflow/example_dags/example_bash_operator.py
[2023-08-21T23:59:51.489+0000] {processor.py:753} INFO - DAG(s) dict_keys(['example_bash_operator']) retrieved from /home/airflow/.local/lib/python3.7/site-packages/airflow/example_dags/example_bash_operator.py
[2023-08-21T23:59:51.528+0000] {logging_mixin.py:137} INFO - [2023-08-21T23:59:51.528+0000] {dag.py:2690} INFO - Sync 1 DAGs
[2023-08-21T23:59:51.558+0000] {logging_mixin.py:137} INFO - [2023-08-21T23:59:51.558+0000] {dag.py:3441} INFO - Setting next_dagrun for example_bash_operator to 2023-08-20T00:00:00+00:00, run_after=2023-08-21T00:00:00+00:00
[2023-08-21T23:59:51.638+0000] {processor.py:175} INFO - Processing /home/airflow/.local/lib/python3.7/site-packages/airflow/example_dags/example_bash_operator.py took 0.177 seconds
