[2023-08-21T23:49:36.130+0000] {processor.py:153} INFO - Started process (PID=53) to work on /home/airflow/.local/lib/python3.7/site-packages/airflow/example_dags/example_task_group_decorator.py
[2023-08-21T23:49:36.133+0000] {processor.py:743} INFO - Processing file /home/airflow/.local/lib/python3.7/site-packages/airflow/example_dags/example_task_group_decorator.py for tasks to queue
[2023-08-21T23:49:36.134+0000] {logging_mixin.py:137} INFO - [2023-08-21T23:49:36.134+0000] {dagbag.py:538} INFO - Filling up the DagBag from /home/airflow/.local/lib/python3.7/site-packages/airflow/example_dags/example_task_group_decorator.py
[2023-08-21T23:49:36.185+0000] {processor.py:753} INFO - DAG(s) dict_keys(['example_task_group_decorator']) retrieved from /home/airflow/.local/lib/python3.7/site-packages/airflow/example_dags/example_task_group_decorator.py
[2023-08-21T23:49:36.601+0000] {logging_mixin.py:137} INFO - [2023-08-21T23:49:36.601+0000] {manager.py:504} INFO - Created Permission View: can edit on DAG:example_task_group_decorator
[2023-08-21T23:49:36.668+0000] {logging_mixin.py:137} INFO - [2023-08-21T23:49:36.668+0000] {manager.py:504} INFO - Created Permission View: can read on DAG:example_task_group_decorator
[2023-08-21T23:49:36.717+0000] {logging_mixin.py:137} INFO - [2023-08-21T23:49:36.717+0000] {manager.py:504} INFO - Created Permission View: can delete on DAG:example_task_group_decorator
[2023-08-21T23:49:36.718+0000] {logging_mixin.py:137} INFO - [2023-08-21T23:49:36.718+0000] {dag.py:2690} INFO - Sync 1 DAGs
[2023-08-21T23:49:36.736+0000] {logging_mixin.py:137} INFO - [2023-08-21T23:49:36.736+0000] {dag.py:2711} INFO - Creating ORM DAG for example_task_group_decorator
[2023-08-21T23:49:36.750+0000] {logging_mixin.py:137} INFO - [2023-08-21T23:49:36.749+0000] {dag.py:3441} INFO - Setting next_dagrun for example_task_group_decorator to 2023-08-20T23:49:36.749494+00:00, run_after=2023-08-21T23:49:36.749494+00:00
[2023-08-21T23:49:36.799+0000] {processor.py:175} INFO - Processing /home/airflow/.local/lib/python3.7/site-packages/airflow/example_dags/example_task_group_decorator.py took 0.674 seconds
[2023-08-21T23:50:07.291+0000] {processor.py:153} INFO - Started process (PID=116) to work on /home/airflow/.local/lib/python3.7/site-packages/airflow/example_dags/example_task_group_decorator.py
[2023-08-21T23:50:07.292+0000] {processor.py:743} INFO - Processing file /home/airflow/.local/lib/python3.7/site-packages/airflow/example_dags/example_task_group_decorator.py for tasks to queue
[2023-08-21T23:50:07.292+0000] {logging_mixin.py:137} INFO - [2023-08-21T23:50:07.292+0000] {dagbag.py:538} INFO - Filling up the DagBag from /home/airflow/.local/lib/python3.7/site-packages/airflow/example_dags/example_task_group_decorator.py
[2023-08-21T23:50:07.328+0000] {processor.py:753} INFO - DAG(s) dict_keys(['example_task_group_decorator']) retrieved from /home/airflow/.local/lib/python3.7/site-packages/airflow/example_dags/example_task_group_decorator.py
[2023-08-21T23:50:07.356+0000] {logging_mixin.py:137} INFO - [2023-08-21T23:50:07.356+0000] {dag.py:2690} INFO - Sync 1 DAGs
[2023-08-21T23:50:07.383+0000] {logging_mixin.py:137} INFO - [2023-08-21T23:50:07.383+0000] {dag.py:3441} INFO - Setting next_dagrun for example_task_group_decorator to 2023-08-20T23:50:07.383529+00:00, run_after=2023-08-21T23:50:07.383529+00:00
[2023-08-21T23:50:07.468+0000] {processor.py:175} INFO - Processing /home/airflow/.local/lib/python3.7/site-packages/airflow/example_dags/example_task_group_decorator.py took 0.181 seconds
[2023-08-21T23:50:37.859+0000] {processor.py:153} INFO - Started process (PID=192) to work on /home/airflow/.local/lib/python3.7/site-packages/airflow/example_dags/example_task_group_decorator.py
[2023-08-21T23:50:37.860+0000] {processor.py:743} INFO - Processing file /home/airflow/.local/lib/python3.7/site-packages/airflow/example_dags/example_task_group_decorator.py for tasks to queue
[2023-08-21T23:50:37.861+0000] {logging_mixin.py:137} INFO - [2023-08-21T23:50:37.861+0000] {dagbag.py:538} INFO - Filling up the DagBag from /home/airflow/.local/lib/python3.7/site-packages/airflow/example_dags/example_task_group_decorator.py
[2023-08-21T23:50:37.894+0000] {processor.py:753} INFO - DAG(s) dict_keys(['example_task_group_decorator']) retrieved from /home/airflow/.local/lib/python3.7/site-packages/airflow/example_dags/example_task_group_decorator.py
[2023-08-21T23:50:37.928+0000] {logging_mixin.py:137} INFO - [2023-08-21T23:50:37.928+0000] {dag.py:2690} INFO - Sync 1 DAGs
[2023-08-21T23:50:37.959+0000] {logging_mixin.py:137} INFO - [2023-08-21T23:50:37.959+0000] {dag.py:3441} INFO - Setting next_dagrun for example_task_group_decorator to 2023-08-20T23:50:37.958772+00:00, run_after=2023-08-21T23:50:37.958772+00:00
[2023-08-21T23:50:38.026+0000] {processor.py:175} INFO - Processing /home/airflow/.local/lib/python3.7/site-packages/airflow/example_dags/example_task_group_decorator.py took 0.171 seconds
[2023-08-21T23:51:08.076+0000] {processor.py:153} INFO - Started process (PID=254) to work on /home/airflow/.local/lib/python3.7/site-packages/airflow/example_dags/example_task_group_decorator.py
[2023-08-21T23:51:08.076+0000] {processor.py:743} INFO - Processing file /home/airflow/.local/lib/python3.7/site-packages/airflow/example_dags/example_task_group_decorator.py for tasks to queue
[2023-08-21T23:51:08.077+0000] {logging_mixin.py:137} INFO - [2023-08-21T23:51:08.077+0000] {dagbag.py:538} INFO - Filling up the DagBag from /home/airflow/.local/lib/python3.7/site-packages/airflow/example_dags/example_task_group_decorator.py
[2023-08-21T23:51:08.110+0000] {processor.py:753} INFO - DAG(s) dict_keys(['example_task_group_decorator']) retrieved from /home/airflow/.local/lib/python3.7/site-packages/airflow/example_dags/example_task_group_decorator.py
[2023-08-21T23:51:08.139+0000] {logging_mixin.py:137} INFO - [2023-08-21T23:51:08.139+0000] {dag.py:2690} INFO - Sync 1 DAGs
[2023-08-21T23:51:08.167+0000] {logging_mixin.py:137} INFO - [2023-08-21T23:51:08.167+0000] {dag.py:3441} INFO - Setting next_dagrun for example_task_group_decorator to 2023-08-20T23:51:08.167203+00:00, run_after=2023-08-21T23:51:08.167203+00:00
[2023-08-21T23:51:08.291+0000] {processor.py:175} INFO - Processing /home/airflow/.local/lib/python3.7/site-packages/airflow/example_dags/example_task_group_decorator.py took 0.220 seconds
[2023-08-21T23:51:38.765+0000] {processor.py:153} INFO - Started process (PID=328) to work on /home/airflow/.local/lib/python3.7/site-packages/airflow/example_dags/example_task_group_decorator.py
[2023-08-21T23:51:38.766+0000] {processor.py:743} INFO - Processing file /home/airflow/.local/lib/python3.7/site-packages/airflow/example_dags/example_task_group_decorator.py for tasks to queue
[2023-08-21T23:51:38.767+0000] {logging_mixin.py:137} INFO - [2023-08-21T23:51:38.767+0000] {dagbag.py:538} INFO - Filling up the DagBag from /home/airflow/.local/lib/python3.7/site-packages/airflow/example_dags/example_task_group_decorator.py
[2023-08-21T23:51:38.796+0000] {processor.py:753} INFO - DAG(s) dict_keys(['example_task_group_decorator']) retrieved from /home/airflow/.local/lib/python3.7/site-packages/airflow/example_dags/example_task_group_decorator.py
[2023-08-21T23:51:38.822+0000] {logging_mixin.py:137} INFO - [2023-08-21T23:51:38.821+0000] {dag.py:2690} INFO - Sync 1 DAGs
[2023-08-21T23:51:38.847+0000] {logging_mixin.py:137} INFO - [2023-08-21T23:51:38.847+0000] {dag.py:3441} INFO - Setting next_dagrun for example_task_group_decorator to 2023-08-20T23:51:38.847115+00:00, run_after=2023-08-21T23:51:38.847115+00:00
[2023-08-21T23:51:38.935+0000] {processor.py:175} INFO - Processing /home/airflow/.local/lib/python3.7/site-packages/airflow/example_dags/example_task_group_decorator.py took 0.174 seconds
[2023-08-21T23:52:09.877+0000] {processor.py:153} INFO - Started process (PID=391) to work on /home/airflow/.local/lib/python3.7/site-packages/airflow/example_dags/example_task_group_decorator.py
[2023-08-21T23:52:09.878+0000] {processor.py:743} INFO - Processing file /home/airflow/.local/lib/python3.7/site-packages/airflow/example_dags/example_task_group_decorator.py for tasks to queue
[2023-08-21T23:52:09.879+0000] {logging_mixin.py:137} INFO - [2023-08-21T23:52:09.879+0000] {dagbag.py:538} INFO - Filling up the DagBag from /home/airflow/.local/lib/python3.7/site-packages/airflow/example_dags/example_task_group_decorator.py
[2023-08-21T23:52:09.907+0000] {processor.py:753} INFO - DAG(s) dict_keys(['example_task_group_decorator']) retrieved from /home/airflow/.local/lib/python3.7/site-packages/airflow/example_dags/example_task_group_decorator.py
[2023-08-21T23:52:09.932+0000] {logging_mixin.py:137} INFO - [2023-08-21T23:52:09.932+0000] {dag.py:2690} INFO - Sync 1 DAGs
[2023-08-21T23:52:09.959+0000] {logging_mixin.py:137} INFO - [2023-08-21T23:52:09.959+0000] {dag.py:3441} INFO - Setting next_dagrun for example_task_group_decorator to 2023-08-20T23:52:09.958783+00:00, run_after=2023-08-21T23:52:09.958783+00:00
[2023-08-21T23:52:10.017+0000] {processor.py:175} INFO - Processing /home/airflow/.local/lib/python3.7/site-packages/airflow/example_dags/example_task_group_decorator.py took 0.144 seconds
[2023-08-21T23:52:40.767+0000] {processor.py:153} INFO - Started process (PID=465) to work on /home/airflow/.local/lib/python3.7/site-packages/airflow/example_dags/example_task_group_decorator.py
[2023-08-21T23:52:40.773+0000] {processor.py:743} INFO - Processing file /home/airflow/.local/lib/python3.7/site-packages/airflow/example_dags/example_task_group_decorator.py for tasks to queue
[2023-08-21T23:52:40.774+0000] {logging_mixin.py:137} INFO - [2023-08-21T23:52:40.774+0000] {dagbag.py:538} INFO - Filling up the DagBag from /home/airflow/.local/lib/python3.7/site-packages/airflow/example_dags/example_task_group_decorator.py
[2023-08-21T23:52:40.841+0000] {processor.py:753} INFO - DAG(s) dict_keys(['example_task_group_decorator']) retrieved from /home/airflow/.local/lib/python3.7/site-packages/airflow/example_dags/example_task_group_decorator.py
[2023-08-21T23:52:40.873+0000] {logging_mixin.py:137} INFO - [2023-08-21T23:52:40.873+0000] {dag.py:2690} INFO - Sync 1 DAGs
[2023-08-21T23:52:40.904+0000] {logging_mixin.py:137} INFO - [2023-08-21T23:52:40.904+0000] {dag.py:3441} INFO - Setting next_dagrun for example_task_group_decorator to 2023-08-20T23:52:40.904052+00:00, run_after=2023-08-21T23:52:40.904052+00:00
[2023-08-21T23:52:41.022+0000] {processor.py:175} INFO - Processing /home/airflow/.local/lib/python3.7/site-packages/airflow/example_dags/example_task_group_decorator.py took 0.259 seconds
[2023-08-21T23:53:11.181+0000] {processor.py:153} INFO - Started process (PID=529) to work on /home/airflow/.local/lib/python3.7/site-packages/airflow/example_dags/example_task_group_decorator.py
[2023-08-21T23:53:11.182+0000] {processor.py:743} INFO - Processing file /home/airflow/.local/lib/python3.7/site-packages/airflow/example_dags/example_task_group_decorator.py for tasks to queue
[2023-08-21T23:53:11.183+0000] {logging_mixin.py:137} INFO - [2023-08-21T23:53:11.183+0000] {dagbag.py:538} INFO - Filling up the DagBag from /home/airflow/.local/lib/python3.7/site-packages/airflow/example_dags/example_task_group_decorator.py
[2023-08-21T23:53:11.216+0000] {processor.py:753} INFO - DAG(s) dict_keys(['example_task_group_decorator']) retrieved from /home/airflow/.local/lib/python3.7/site-packages/airflow/example_dags/example_task_group_decorator.py
[2023-08-21T23:53:11.242+0000] {logging_mixin.py:137} INFO - [2023-08-21T23:53:11.242+0000] {dag.py:2690} INFO - Sync 1 DAGs
[2023-08-21T23:53:11.272+0000] {logging_mixin.py:137} INFO - [2023-08-21T23:53:11.271+0000] {dag.py:3441} INFO - Setting next_dagrun for example_task_group_decorator to 2023-08-20T23:53:11.271645+00:00, run_after=2023-08-21T23:53:11.271645+00:00
[2023-08-21T23:53:11.377+0000] {processor.py:175} INFO - Processing /home/airflow/.local/lib/python3.7/site-packages/airflow/example_dags/example_task_group_decorator.py took 0.200 seconds
[2023-08-21T23:53:41.534+0000] {processor.py:153} INFO - Started process (PID=592) to work on /home/airflow/.local/lib/python3.7/site-packages/airflow/example_dags/example_task_group_decorator.py
[2023-08-21T23:53:41.535+0000] {processor.py:743} INFO - Processing file /home/airflow/.local/lib/python3.7/site-packages/airflow/example_dags/example_task_group_decorator.py for tasks to queue
[2023-08-21T23:53:41.536+0000] {logging_mixin.py:137} INFO - [2023-08-21T23:53:41.536+0000] {dagbag.py:538} INFO - Filling up the DagBag from /home/airflow/.local/lib/python3.7/site-packages/airflow/example_dags/example_task_group_decorator.py
[2023-08-21T23:53:41.581+0000] {processor.py:753} INFO - DAG(s) dict_keys(['example_task_group_decorator']) retrieved from /home/airflow/.local/lib/python3.7/site-packages/airflow/example_dags/example_task_group_decorator.py
[2023-08-21T23:53:41.608+0000] {logging_mixin.py:137} INFO - [2023-08-21T23:53:41.608+0000] {dag.py:2690} INFO - Sync 1 DAGs
[2023-08-21T23:53:41.636+0000] {logging_mixin.py:137} INFO - [2023-08-21T23:53:41.636+0000] {dag.py:3441} INFO - Setting next_dagrun for example_task_group_decorator to 2023-08-20T23:53:41.636454+00:00, run_after=2023-08-21T23:53:41.636454+00:00
[2023-08-21T23:53:41.690+0000] {processor.py:175} INFO - Processing /home/airflow/.local/lib/python3.7/site-packages/airflow/example_dags/example_task_group_decorator.py took 0.161 seconds
[2023-08-21T23:54:12.039+0000] {processor.py:153} INFO - Started process (PID=667) to work on /home/airflow/.local/lib/python3.7/site-packages/airflow/example_dags/example_task_group_decorator.py
[2023-08-21T23:54:12.040+0000] {processor.py:743} INFO - Processing file /home/airflow/.local/lib/python3.7/site-packages/airflow/example_dags/example_task_group_decorator.py for tasks to queue
[2023-08-21T23:54:12.041+0000] {logging_mixin.py:137} INFO - [2023-08-21T23:54:12.040+0000] {dagbag.py:538} INFO - Filling up the DagBag from /home/airflow/.local/lib/python3.7/site-packages/airflow/example_dags/example_task_group_decorator.py
[2023-08-21T23:54:12.083+0000] {processor.py:753} INFO - DAG(s) dict_keys(['example_task_group_decorator']) retrieved from /home/airflow/.local/lib/python3.7/site-packages/airflow/example_dags/example_task_group_decorator.py
[2023-08-21T23:54:12.111+0000] {logging_mixin.py:137} INFO - [2023-08-21T23:54:12.111+0000] {dag.py:2690} INFO - Sync 1 DAGs
[2023-08-21T23:54:12.137+0000] {logging_mixin.py:137} INFO - [2023-08-21T23:54:12.137+0000] {dag.py:3441} INFO - Setting next_dagrun for example_task_group_decorator to 2023-08-20T23:54:12.137497+00:00, run_after=2023-08-21T23:54:12.137497+00:00
[2023-08-21T23:54:12.224+0000] {processor.py:175} INFO - Processing /home/airflow/.local/lib/python3.7/site-packages/airflow/example_dags/example_task_group_decorator.py took 0.190 seconds
[2023-08-21T23:54:42.588+0000] {processor.py:153} INFO - Started process (PID=730) to work on /home/airflow/.local/lib/python3.7/site-packages/airflow/example_dags/example_task_group_decorator.py
[2023-08-21T23:54:42.589+0000] {processor.py:743} INFO - Processing file /home/airflow/.local/lib/python3.7/site-packages/airflow/example_dags/example_task_group_decorator.py for tasks to queue
[2023-08-21T23:54:42.590+0000] {logging_mixin.py:137} INFO - [2023-08-21T23:54:42.589+0000] {dagbag.py:538} INFO - Filling up the DagBag from /home/airflow/.local/lib/python3.7/site-packages/airflow/example_dags/example_task_group_decorator.py
[2023-08-21T23:54:42.622+0000] {processor.py:753} INFO - DAG(s) dict_keys(['example_task_group_decorator']) retrieved from /home/airflow/.local/lib/python3.7/site-packages/airflow/example_dags/example_task_group_decorator.py
[2023-08-21T23:54:42.654+0000] {logging_mixin.py:137} INFO - [2023-08-21T23:54:42.654+0000] {dag.py:2690} INFO - Sync 1 DAGs
[2023-08-21T23:54:42.685+0000] {logging_mixin.py:137} INFO - [2023-08-21T23:54:42.685+0000] {dag.py:3441} INFO - Setting next_dagrun for example_task_group_decorator to 2023-08-20T23:54:42.684945+00:00, run_after=2023-08-21T23:54:42.684945+00:00
[2023-08-21T23:54:42.846+0000] {processor.py:175} INFO - Processing /home/airflow/.local/lib/python3.7/site-packages/airflow/example_dags/example_task_group_decorator.py took 0.263 seconds
[2023-08-21T23:55:12.896+0000] {processor.py:153} INFO - Started process (PID=806) to work on /home/airflow/.local/lib/python3.7/site-packages/airflow/example_dags/example_task_group_decorator.py
[2023-08-21T23:55:12.897+0000] {processor.py:743} INFO - Processing file /home/airflow/.local/lib/python3.7/site-packages/airflow/example_dags/example_task_group_decorator.py for tasks to queue
[2023-08-21T23:55:12.898+0000] {logging_mixin.py:137} INFO - [2023-08-21T23:55:12.897+0000] {dagbag.py:538} INFO - Filling up the DagBag from /home/airflow/.local/lib/python3.7/site-packages/airflow/example_dags/example_task_group_decorator.py
[2023-08-21T23:55:12.928+0000] {processor.py:753} INFO - DAG(s) dict_keys(['example_task_group_decorator']) retrieved from /home/airflow/.local/lib/python3.7/site-packages/airflow/example_dags/example_task_group_decorator.py
[2023-08-21T23:55:12.954+0000] {logging_mixin.py:137} INFO - [2023-08-21T23:55:12.954+0000] {dag.py:2690} INFO - Sync 1 DAGs
[2023-08-21T23:55:12.981+0000] {logging_mixin.py:137} INFO - [2023-08-21T23:55:12.981+0000] {dag.py:3441} INFO - Setting next_dagrun for example_task_group_decorator to 2023-08-20T23:55:12.980918+00:00, run_after=2023-08-21T23:55:12.980918+00:00
[2023-08-21T23:55:13.045+0000] {processor.py:175} INFO - Processing /home/airflow/.local/lib/python3.7/site-packages/airflow/example_dags/example_task_group_decorator.py took 0.152 seconds
[2023-08-21T23:55:43.492+0000] {processor.py:153} INFO - Started process (PID=870) to work on /home/airflow/.local/lib/python3.7/site-packages/airflow/example_dags/example_task_group_decorator.py
[2023-08-21T23:55:43.492+0000] {processor.py:743} INFO - Processing file /home/airflow/.local/lib/python3.7/site-packages/airflow/example_dags/example_task_group_decorator.py for tasks to queue
[2023-08-21T23:55:43.493+0000] {logging_mixin.py:137} INFO - [2023-08-21T23:55:43.493+0000] {dagbag.py:538} INFO - Filling up the DagBag from /home/airflow/.local/lib/python3.7/site-packages/airflow/example_dags/example_task_group_decorator.py
[2023-08-21T23:55:43.526+0000] {processor.py:753} INFO - DAG(s) dict_keys(['example_task_group_decorator']) retrieved from /home/airflow/.local/lib/python3.7/site-packages/airflow/example_dags/example_task_group_decorator.py
[2023-08-21T23:55:43.552+0000] {logging_mixin.py:137} INFO - [2023-08-21T23:55:43.552+0000] {dag.py:2690} INFO - Sync 1 DAGs
[2023-08-21T23:55:43.580+0000] {logging_mixin.py:137} INFO - [2023-08-21T23:55:43.580+0000] {dag.py:3441} INFO - Setting next_dagrun for example_task_group_decorator to 2023-08-20T23:55:43.580487+00:00, run_after=2023-08-21T23:55:43.580487+00:00
[2023-08-21T23:55:43.639+0000] {processor.py:175} INFO - Processing /home/airflow/.local/lib/python3.7/site-packages/airflow/example_dags/example_task_group_decorator.py took 0.151 seconds
[2023-08-21T23:56:13.720+0000] {processor.py:153} INFO - Started process (PID=945) to work on /home/airflow/.local/lib/python3.7/site-packages/airflow/example_dags/example_task_group_decorator.py
[2023-08-21T23:56:13.721+0000] {processor.py:743} INFO - Processing file /home/airflow/.local/lib/python3.7/site-packages/airflow/example_dags/example_task_group_decorator.py for tasks to queue
[2023-08-21T23:56:13.721+0000] {logging_mixin.py:137} INFO - [2023-08-21T23:56:13.721+0000] {dagbag.py:538} INFO - Filling up the DagBag from /home/airflow/.local/lib/python3.7/site-packages/airflow/example_dags/example_task_group_decorator.py
[2023-08-21T23:56:13.750+0000] {processor.py:753} INFO - DAG(s) dict_keys(['example_task_group_decorator']) retrieved from /home/airflow/.local/lib/python3.7/site-packages/airflow/example_dags/example_task_group_decorator.py
[2023-08-21T23:56:13.778+0000] {logging_mixin.py:137} INFO - [2023-08-21T23:56:13.778+0000] {dag.py:2690} INFO - Sync 1 DAGs
[2023-08-21T23:56:13.803+0000] {logging_mixin.py:137} INFO - [2023-08-21T23:56:13.803+0000] {dag.py:3441} INFO - Setting next_dagrun for example_task_group_decorator to 2023-08-20T23:56:13.803053+00:00, run_after=2023-08-21T23:56:13.803053+00:00
[2023-08-21T23:56:13.868+0000] {processor.py:175} INFO - Processing /home/airflow/.local/lib/python3.7/site-packages/airflow/example_dags/example_task_group_decorator.py took 0.152 seconds
[2023-08-21T23:56:44.037+0000] {processor.py:153} INFO - Started process (PID=1008) to work on /home/airflow/.local/lib/python3.7/site-packages/airflow/example_dags/example_task_group_decorator.py
[2023-08-21T23:56:44.038+0000] {processor.py:743} INFO - Processing file /home/airflow/.local/lib/python3.7/site-packages/airflow/example_dags/example_task_group_decorator.py for tasks to queue
[2023-08-21T23:56:44.038+0000] {logging_mixin.py:137} INFO - [2023-08-21T23:56:44.038+0000] {dagbag.py:538} INFO - Filling up the DagBag from /home/airflow/.local/lib/python3.7/site-packages/airflow/example_dags/example_task_group_decorator.py
[2023-08-21T23:56:44.070+0000] {processor.py:753} INFO - DAG(s) dict_keys(['example_task_group_decorator']) retrieved from /home/airflow/.local/lib/python3.7/site-packages/airflow/example_dags/example_task_group_decorator.py
[2023-08-21T23:56:44.098+0000] {logging_mixin.py:137} INFO - [2023-08-21T23:56:44.098+0000] {dag.py:2690} INFO - Sync 1 DAGs
[2023-08-21T23:56:44.125+0000] {logging_mixin.py:137} INFO - [2023-08-21T23:56:44.125+0000] {dag.py:3441} INFO - Setting next_dagrun for example_task_group_decorator to 2023-08-20T23:56:44.125005+00:00, run_after=2023-08-21T23:56:44.125005+00:00
[2023-08-21T23:56:44.198+0000] {processor.py:175} INFO - Processing /home/airflow/.local/lib/python3.7/site-packages/airflow/example_dags/example_task_group_decorator.py took 0.165 seconds
[2023-08-21T23:57:14.223+0000] {processor.py:153} INFO - Started process (PID=1083) to work on /home/airflow/.local/lib/python3.7/site-packages/airflow/example_dags/example_task_group_decorator.py
[2023-08-21T23:57:14.224+0000] {processor.py:743} INFO - Processing file /home/airflow/.local/lib/python3.7/site-packages/airflow/example_dags/example_task_group_decorator.py for tasks to queue
[2023-08-21T23:57:14.225+0000] {logging_mixin.py:137} INFO - [2023-08-21T23:57:14.225+0000] {dagbag.py:538} INFO - Filling up the DagBag from /home/airflow/.local/lib/python3.7/site-packages/airflow/example_dags/example_task_group_decorator.py
[2023-08-21T23:57:14.255+0000] {processor.py:753} INFO - DAG(s) dict_keys(['example_task_group_decorator']) retrieved from /home/airflow/.local/lib/python3.7/site-packages/airflow/example_dags/example_task_group_decorator.py
[2023-08-21T23:57:14.284+0000] {logging_mixin.py:137} INFO - [2023-08-21T23:57:14.284+0000] {dag.py:2690} INFO - Sync 1 DAGs
[2023-08-21T23:57:14.314+0000] {logging_mixin.py:137} INFO - [2023-08-21T23:57:14.314+0000] {dag.py:3441} INFO - Setting next_dagrun for example_task_group_decorator to 2023-08-20T23:57:14.313761+00:00, run_after=2023-08-21T23:57:14.313761+00:00
[2023-08-21T23:57:14.380+0000] {processor.py:175} INFO - Processing /home/airflow/.local/lib/python3.7/site-packages/airflow/example_dags/example_task_group_decorator.py took 0.162 seconds
[2023-08-21T23:57:44.486+0000] {processor.py:153} INFO - Started process (PID=1146) to work on /home/airflow/.local/lib/python3.7/site-packages/airflow/example_dags/example_task_group_decorator.py
[2023-08-21T23:57:44.487+0000] {processor.py:743} INFO - Processing file /home/airflow/.local/lib/python3.7/site-packages/airflow/example_dags/example_task_group_decorator.py for tasks to queue
[2023-08-21T23:57:44.488+0000] {logging_mixin.py:137} INFO - [2023-08-21T23:57:44.488+0000] {dagbag.py:538} INFO - Filling up the DagBag from /home/airflow/.local/lib/python3.7/site-packages/airflow/example_dags/example_task_group_decorator.py
[2023-08-21T23:57:44.519+0000] {processor.py:753} INFO - DAG(s) dict_keys(['example_task_group_decorator']) retrieved from /home/airflow/.local/lib/python3.7/site-packages/airflow/example_dags/example_task_group_decorator.py
[2023-08-21T23:57:44.547+0000] {logging_mixin.py:137} INFO - [2023-08-21T23:57:44.547+0000] {dag.py:2690} INFO - Sync 1 DAGs
[2023-08-21T23:57:44.575+0000] {logging_mixin.py:137} INFO - [2023-08-21T23:57:44.575+0000] {dag.py:3441} INFO - Setting next_dagrun for example_task_group_decorator to 2023-08-20T23:57:44.575502+00:00, run_after=2023-08-21T23:57:44.575502+00:00
[2023-08-21T23:57:44.635+0000] {processor.py:175} INFO - Processing /home/airflow/.local/lib/python3.7/site-packages/airflow/example_dags/example_task_group_decorator.py took 0.153 seconds
[2023-08-21T23:58:15.011+0000] {processor.py:153} INFO - Started process (PID=1220) to work on /home/airflow/.local/lib/python3.7/site-packages/airflow/example_dags/example_task_group_decorator.py
[2023-08-21T23:58:15.012+0000] {processor.py:743} INFO - Processing file /home/airflow/.local/lib/python3.7/site-packages/airflow/example_dags/example_task_group_decorator.py for tasks to queue
[2023-08-21T23:58:15.013+0000] {logging_mixin.py:137} INFO - [2023-08-21T23:58:15.013+0000] {dagbag.py:538} INFO - Filling up the DagBag from /home/airflow/.local/lib/python3.7/site-packages/airflow/example_dags/example_task_group_decorator.py
[2023-08-21T23:58:15.045+0000] {processor.py:753} INFO - DAG(s) dict_keys(['example_task_group_decorator']) retrieved from /home/airflow/.local/lib/python3.7/site-packages/airflow/example_dags/example_task_group_decorator.py
[2023-08-21T23:58:15.076+0000] {logging_mixin.py:137} INFO - [2023-08-21T23:58:15.076+0000] {dag.py:2690} INFO - Sync 1 DAGs
[2023-08-21T23:58:15.106+0000] {logging_mixin.py:137} INFO - [2023-08-21T23:58:15.105+0000] {dag.py:3441} INFO - Setting next_dagrun for example_task_group_decorator to 2023-08-20T23:58:15.105583+00:00, run_after=2023-08-21T23:58:15.105583+00:00
[2023-08-21T23:58:15.182+0000] {processor.py:175} INFO - Processing /home/airflow/.local/lib/python3.7/site-packages/airflow/example_dags/example_task_group_decorator.py took 0.175 seconds
[2023-08-21T23:58:45.216+0000] {processor.py:153} INFO - Started process (PID=1284) to work on /home/airflow/.local/lib/python3.7/site-packages/airflow/example_dags/example_task_group_decorator.py
[2023-08-21T23:58:45.217+0000] {processor.py:743} INFO - Processing file /home/airflow/.local/lib/python3.7/site-packages/airflow/example_dags/example_task_group_decorator.py for tasks to queue
[2023-08-21T23:58:45.218+0000] {logging_mixin.py:137} INFO - [2023-08-21T23:58:45.218+0000] {dagbag.py:538} INFO - Filling up the DagBag from /home/airflow/.local/lib/python3.7/site-packages/airflow/example_dags/example_task_group_decorator.py
[2023-08-21T23:58:45.248+0000] {processor.py:753} INFO - DAG(s) dict_keys(['example_task_group_decorator']) retrieved from /home/airflow/.local/lib/python3.7/site-packages/airflow/example_dags/example_task_group_decorator.py
[2023-08-21T23:58:45.277+0000] {logging_mixin.py:137} INFO - [2023-08-21T23:58:45.277+0000] {dag.py:2690} INFO - Sync 1 DAGs
[2023-08-21T23:58:45.303+0000] {logging_mixin.py:137} INFO - [2023-08-21T23:58:45.303+0000] {dag.py:3441} INFO - Setting next_dagrun for example_task_group_decorator to 2023-08-20T23:58:45.303234+00:00, run_after=2023-08-21T23:58:45.303234+00:00
[2023-08-21T23:58:45.359+0000] {processor.py:175} INFO - Processing /home/airflow/.local/lib/python3.7/site-packages/airflow/example_dags/example_task_group_decorator.py took 0.148 seconds
[2023-08-21T23:59:15.511+0000] {processor.py:153} INFO - Started process (PID=1355) to work on /home/airflow/.local/lib/python3.7/site-packages/airflow/example_dags/example_task_group_decorator.py
[2023-08-21T23:59:15.512+0000] {processor.py:743} INFO - Processing file /home/airflow/.local/lib/python3.7/site-packages/airflow/example_dags/example_task_group_decorator.py for tasks to queue
[2023-08-21T23:59:15.513+0000] {logging_mixin.py:137} INFO - [2023-08-21T23:59:15.513+0000] {dagbag.py:538} INFO - Filling up the DagBag from /home/airflow/.local/lib/python3.7/site-packages/airflow/example_dags/example_task_group_decorator.py
[2023-08-21T23:59:15.551+0000] {processor.py:753} INFO - DAG(s) dict_keys(['example_task_group_decorator']) retrieved from /home/airflow/.local/lib/python3.7/site-packages/airflow/example_dags/example_task_group_decorator.py
[2023-08-21T23:59:15.584+0000] {logging_mixin.py:137} INFO - [2023-08-21T23:59:15.583+0000] {dag.py:2690} INFO - Sync 1 DAGs
[2023-08-21T23:59:15.616+0000] {logging_mixin.py:137} INFO - [2023-08-21T23:59:15.616+0000] {dag.py:3441} INFO - Setting next_dagrun for example_task_group_decorator to 2023-08-20T23:59:15.616336+00:00, run_after=2023-08-21T23:59:15.616336+00:00
[2023-08-21T23:59:15.699+0000] {processor.py:175} INFO - Processing /home/airflow/.local/lib/python3.7/site-packages/airflow/example_dags/example_task_group_decorator.py took 0.192 seconds
[2023-08-21T23:59:46.171+0000] {processor.py:153} INFO - Started process (PID=1421) to work on /home/airflow/.local/lib/python3.7/site-packages/airflow/example_dags/example_task_group_decorator.py
[2023-08-21T23:59:46.172+0000] {processor.py:743} INFO - Processing file /home/airflow/.local/lib/python3.7/site-packages/airflow/example_dags/example_task_group_decorator.py for tasks to queue
[2023-08-21T23:59:46.172+0000] {logging_mixin.py:137} INFO - [2023-08-21T23:59:46.172+0000] {dagbag.py:538} INFO - Filling up the DagBag from /home/airflow/.local/lib/python3.7/site-packages/airflow/example_dags/example_task_group_decorator.py
[2023-08-21T23:59:46.203+0000] {processor.py:753} INFO - DAG(s) dict_keys(['example_task_group_decorator']) retrieved from /home/airflow/.local/lib/python3.7/site-packages/airflow/example_dags/example_task_group_decorator.py
[2023-08-21T23:59:46.229+0000] {logging_mixin.py:137} INFO - [2023-08-21T23:59:46.229+0000] {dag.py:2690} INFO - Sync 1 DAGs
[2023-08-21T23:59:46.256+0000] {logging_mixin.py:137} INFO - [2023-08-21T23:59:46.255+0000] {dag.py:3441} INFO - Setting next_dagrun for example_task_group_decorator to 2023-08-20T23:59:46.255637+00:00, run_after=2023-08-21T23:59:46.255637+00:00
[2023-08-21T23:59:46.334+0000] {processor.py:175} INFO - Processing /home/airflow/.local/lib/python3.7/site-packages/airflow/example_dags/example_task_group_decorator.py took 0.167 seconds
