[2023-08-21T23:49:43.399+0000] {processor.py:153} INFO - Started process (PID=70) to work on /home/airflow/.local/lib/python3.7/site-packages/airflow/example_dags/example_dag_decorator.py
[2023-08-21T23:49:43.400+0000] {processor.py:743} INFO - Processing file /home/airflow/.local/lib/python3.7/site-packages/airflow/example_dags/example_dag_decorator.py for tasks to queue
[2023-08-21T23:49:43.401+0000] {logging_mixin.py:137} INFO - [2023-08-21T23:49:43.401+0000] {dagbag.py:538} INFO - Filling up the DagBag from /home/airflow/.local/lib/python3.7/site-packages/airflow/example_dags/example_dag_decorator.py
[2023-08-21T23:49:43.423+0000] {logging_mixin.py:137} INFO - [2023-08-21T23:49:43.423+0000] {taskmixin.py:205} WARNING - Dependency <Task(_PythonDecoratedOperator): prepare_email>, send_email already registered for DAG: example_dag_decorator
[2023-08-21T23:49:43.423+0000] {logging_mixin.py:137} INFO - [2023-08-21T23:49:43.423+0000] {taskmixin.py:205} WARNING - Dependency <Task(EmailOperator): send_email>, prepare_email already registered for DAG: example_dag_decorator
[2023-08-21T23:49:43.440+0000] {processor.py:753} INFO - DAG(s) dict_keys(['example_dag_decorator']) retrieved from /home/airflow/.local/lib/python3.7/site-packages/airflow/example_dags/example_dag_decorator.py
[2023-08-21T23:49:43.618+0000] {logging_mixin.py:137} INFO - [2023-08-21T23:49:43.618+0000] {manager.py:504} INFO - Created Permission View: can edit on DAG:example_dag_decorator
[2023-08-21T23:49:43.667+0000] {logging_mixin.py:137} INFO - [2023-08-21T23:49:43.667+0000] {manager.py:504} INFO - Created Permission View: can read on DAG:example_dag_decorator
[2023-08-21T23:49:43.717+0000] {logging_mixin.py:137} INFO - [2023-08-21T23:49:43.716+0000] {manager.py:504} INFO - Created Permission View: can delete on DAG:example_dag_decorator
[2023-08-21T23:49:43.717+0000] {logging_mixin.py:137} INFO - [2023-08-21T23:49:43.717+0000] {dag.py:2690} INFO - Sync 1 DAGs
[2023-08-21T23:49:43.728+0000] {logging_mixin.py:137} INFO - [2023-08-21T23:49:43.728+0000] {dag.py:2711} INFO - Creating ORM DAG for example_dag_decorator
[2023-08-21T23:49:43.739+0000] {logging_mixin.py:137} INFO - [2023-08-21T23:49:43.739+0000] {dag.py:3441} INFO - Setting next_dagrun for example_dag_decorator to None, run_after=None
[2023-08-21T23:49:43.810+0000] {processor.py:175} INFO - Processing /home/airflow/.local/lib/python3.7/site-packages/airflow/example_dags/example_dag_decorator.py took 0.416 seconds
[2023-08-21T23:50:13.843+0000] {processor.py:153} INFO - Started process (PID=146) to work on /home/airflow/.local/lib/python3.7/site-packages/airflow/example_dags/example_dag_decorator.py
[2023-08-21T23:50:13.844+0000] {processor.py:743} INFO - Processing file /home/airflow/.local/lib/python3.7/site-packages/airflow/example_dags/example_dag_decorator.py for tasks to queue
[2023-08-21T23:50:13.845+0000] {logging_mixin.py:137} INFO - [2023-08-21T23:50:13.845+0000] {dagbag.py:538} INFO - Filling up the DagBag from /home/airflow/.local/lib/python3.7/site-packages/airflow/example_dags/example_dag_decorator.py
[2023-08-21T23:50:13.864+0000] {logging_mixin.py:137} INFO - [2023-08-21T23:50:13.864+0000] {taskmixin.py:205} WARNING - Dependency <Task(_PythonDecoratedOperator): prepare_email>, send_email already registered for DAG: example_dag_decorator
[2023-08-21T23:50:13.864+0000] {logging_mixin.py:137} INFO - [2023-08-21T23:50:13.864+0000] {taskmixin.py:205} WARNING - Dependency <Task(EmailOperator): send_email>, prepare_email already registered for DAG: example_dag_decorator
[2023-08-21T23:50:13.877+0000] {processor.py:753} INFO - DAG(s) dict_keys(['example_dag_decorator']) retrieved from /home/airflow/.local/lib/python3.7/site-packages/airflow/example_dags/example_dag_decorator.py
[2023-08-21T23:50:13.946+0000] {logging_mixin.py:137} INFO - [2023-08-21T23:50:13.946+0000] {dag.py:2690} INFO - Sync 1 DAGs
[2023-08-21T23:50:13.975+0000] {logging_mixin.py:137} INFO - [2023-08-21T23:50:13.975+0000] {dag.py:3441} INFO - Setting next_dagrun for example_dag_decorator to None, run_after=None
[2023-08-21T23:50:14.025+0000] {processor.py:175} INFO - Processing /home/airflow/.local/lib/python3.7/site-packages/airflow/example_dags/example_dag_decorator.py took 0.186 seconds
[2023-08-21T23:50:44.213+0000] {processor.py:153} INFO - Started process (PID=209) to work on /home/airflow/.local/lib/python3.7/site-packages/airflow/example_dags/example_dag_decorator.py
[2023-08-21T23:50:44.214+0000] {processor.py:743} INFO - Processing file /home/airflow/.local/lib/python3.7/site-packages/airflow/example_dags/example_dag_decorator.py for tasks to queue
[2023-08-21T23:50:44.214+0000] {logging_mixin.py:137} INFO - [2023-08-21T23:50:44.214+0000] {dagbag.py:538} INFO - Filling up the DagBag from /home/airflow/.local/lib/python3.7/site-packages/airflow/example_dags/example_dag_decorator.py
[2023-08-21T23:50:44.232+0000] {logging_mixin.py:137} INFO - [2023-08-21T23:50:44.232+0000] {taskmixin.py:205} WARNING - Dependency <Task(_PythonDecoratedOperator): prepare_email>, send_email already registered for DAG: example_dag_decorator
[2023-08-21T23:50:44.232+0000] {logging_mixin.py:137} INFO - [2023-08-21T23:50:44.232+0000] {taskmixin.py:205} WARNING - Dependency <Task(EmailOperator): send_email>, prepare_email already registered for DAG: example_dag_decorator
[2023-08-21T23:50:44.244+0000] {processor.py:753} INFO - DAG(s) dict_keys(['example_dag_decorator']) retrieved from /home/airflow/.local/lib/python3.7/site-packages/airflow/example_dags/example_dag_decorator.py
[2023-08-21T23:50:44.272+0000] {logging_mixin.py:137} INFO - [2023-08-21T23:50:44.272+0000] {dag.py:2690} INFO - Sync 1 DAGs
[2023-08-21T23:50:44.296+0000] {logging_mixin.py:137} INFO - [2023-08-21T23:50:44.296+0000] {dag.py:3441} INFO - Setting next_dagrun for example_dag_decorator to None, run_after=None
[2023-08-21T23:50:44.342+0000] {processor.py:175} INFO - Processing /home/airflow/.local/lib/python3.7/site-packages/airflow/example_dags/example_dag_decorator.py took 0.134 seconds
[2023-08-21T23:51:14.830+0000] {processor.py:153} INFO - Started process (PID=283) to work on /home/airflow/.local/lib/python3.7/site-packages/airflow/example_dags/example_dag_decorator.py
[2023-08-21T23:51:14.831+0000] {processor.py:743} INFO - Processing file /home/airflow/.local/lib/python3.7/site-packages/airflow/example_dags/example_dag_decorator.py for tasks to queue
[2023-08-21T23:51:14.831+0000] {logging_mixin.py:137} INFO - [2023-08-21T23:51:14.831+0000] {dagbag.py:538} INFO - Filling up the DagBag from /home/airflow/.local/lib/python3.7/site-packages/airflow/example_dags/example_dag_decorator.py
[2023-08-21T23:51:14.850+0000] {logging_mixin.py:137} INFO - [2023-08-21T23:51:14.850+0000] {taskmixin.py:205} WARNING - Dependency <Task(_PythonDecoratedOperator): prepare_email>, send_email already registered for DAG: example_dag_decorator
[2023-08-21T23:51:14.850+0000] {logging_mixin.py:137} INFO - [2023-08-21T23:51:14.850+0000] {taskmixin.py:205} WARNING - Dependency <Task(EmailOperator): send_email>, prepare_email already registered for DAG: example_dag_decorator
[2023-08-21T23:51:14.863+0000] {processor.py:753} INFO - DAG(s) dict_keys(['example_dag_decorator']) retrieved from /home/airflow/.local/lib/python3.7/site-packages/airflow/example_dags/example_dag_decorator.py
[2023-08-21T23:51:14.931+0000] {logging_mixin.py:137} INFO - [2023-08-21T23:51:14.930+0000] {dag.py:2690} INFO - Sync 1 DAGs
[2023-08-21T23:51:14.954+0000] {logging_mixin.py:137} INFO - [2023-08-21T23:51:14.954+0000] {dag.py:3441} INFO - Setting next_dagrun for example_dag_decorator to None, run_after=None
[2023-08-21T23:51:15.006+0000] {processor.py:175} INFO - Processing /home/airflow/.local/lib/python3.7/site-packages/airflow/example_dags/example_dag_decorator.py took 0.181 seconds
[2023-08-21T23:51:45.158+0000] {processor.py:153} INFO - Started process (PID=345) to work on /home/airflow/.local/lib/python3.7/site-packages/airflow/example_dags/example_dag_decorator.py
[2023-08-21T23:51:45.159+0000] {processor.py:743} INFO - Processing file /home/airflow/.local/lib/python3.7/site-packages/airflow/example_dags/example_dag_decorator.py for tasks to queue
[2023-08-21T23:51:45.160+0000] {logging_mixin.py:137} INFO - [2023-08-21T23:51:45.160+0000] {dagbag.py:538} INFO - Filling up the DagBag from /home/airflow/.local/lib/python3.7/site-packages/airflow/example_dags/example_dag_decorator.py
[2023-08-21T23:51:45.177+0000] {logging_mixin.py:137} INFO - [2023-08-21T23:51:45.177+0000] {taskmixin.py:205} WARNING - Dependency <Task(_PythonDecoratedOperator): prepare_email>, send_email already registered for DAG: example_dag_decorator
[2023-08-21T23:51:45.178+0000] {logging_mixin.py:137} INFO - [2023-08-21T23:51:45.178+0000] {taskmixin.py:205} WARNING - Dependency <Task(EmailOperator): send_email>, prepare_email already registered for DAG: example_dag_decorator
[2023-08-21T23:51:45.189+0000] {processor.py:753} INFO - DAG(s) dict_keys(['example_dag_decorator']) retrieved from /home/airflow/.local/lib/python3.7/site-packages/airflow/example_dags/example_dag_decorator.py
[2023-08-21T23:51:45.254+0000] {logging_mixin.py:137} INFO - [2023-08-21T23:51:45.254+0000] {dag.py:2690} INFO - Sync 1 DAGs
[2023-08-21T23:51:45.275+0000] {logging_mixin.py:137} INFO - [2023-08-21T23:51:45.274+0000] {dag.py:3441} INFO - Setting next_dagrun for example_dag_decorator to None, run_after=None
[2023-08-21T23:51:45.324+0000] {processor.py:175} INFO - Processing /home/airflow/.local/lib/python3.7/site-packages/airflow/example_dags/example_dag_decorator.py took 0.169 seconds
[2023-08-21T23:52:15.964+0000] {processor.py:153} INFO - Started process (PID=420) to work on /home/airflow/.local/lib/python3.7/site-packages/airflow/example_dags/example_dag_decorator.py
[2023-08-21T23:52:15.967+0000] {processor.py:743} INFO - Processing file /home/airflow/.local/lib/python3.7/site-packages/airflow/example_dags/example_dag_decorator.py for tasks to queue
[2023-08-21T23:52:15.969+0000] {logging_mixin.py:137} INFO - [2023-08-21T23:52:15.969+0000] {dagbag.py:538} INFO - Filling up the DagBag from /home/airflow/.local/lib/python3.7/site-packages/airflow/example_dags/example_dag_decorator.py
[2023-08-21T23:52:15.996+0000] {logging_mixin.py:137} INFO - [2023-08-21T23:52:15.995+0000] {taskmixin.py:205} WARNING - Dependency <Task(_PythonDecoratedOperator): prepare_email>, send_email already registered for DAG: example_dag_decorator
[2023-08-21T23:52:15.996+0000] {logging_mixin.py:137} INFO - [2023-08-21T23:52:15.996+0000] {taskmixin.py:205} WARNING - Dependency <Task(EmailOperator): send_email>, prepare_email already registered for DAG: example_dag_decorator
[2023-08-21T23:52:16.013+0000] {processor.py:753} INFO - DAG(s) dict_keys(['example_dag_decorator']) retrieved from /home/airflow/.local/lib/python3.7/site-packages/airflow/example_dags/example_dag_decorator.py
[2023-08-21T23:52:16.126+0000] {logging_mixin.py:137} INFO - [2023-08-21T23:52:16.126+0000] {dag.py:2690} INFO - Sync 1 DAGs
[2023-08-21T23:52:16.166+0000] {logging_mixin.py:137} INFO - [2023-08-21T23:52:16.166+0000] {dag.py:3441} INFO - Setting next_dagrun for example_dag_decorator to None, run_after=None
[2023-08-21T23:52:16.220+0000] {processor.py:175} INFO - Processing /home/airflow/.local/lib/python3.7/site-packages/airflow/example_dags/example_dag_decorator.py took 0.262 seconds
[2023-08-21T23:52:46.432+0000] {processor.py:153} INFO - Started process (PID=483) to work on /home/airflow/.local/lib/python3.7/site-packages/airflow/example_dags/example_dag_decorator.py
[2023-08-21T23:52:46.433+0000] {processor.py:743} INFO - Processing file /home/airflow/.local/lib/python3.7/site-packages/airflow/example_dags/example_dag_decorator.py for tasks to queue
[2023-08-21T23:52:46.433+0000] {logging_mixin.py:137} INFO - [2023-08-21T23:52:46.433+0000] {dagbag.py:538} INFO - Filling up the DagBag from /home/airflow/.local/lib/python3.7/site-packages/airflow/example_dags/example_dag_decorator.py
[2023-08-21T23:52:46.452+0000] {logging_mixin.py:137} INFO - [2023-08-21T23:52:46.452+0000] {taskmixin.py:205} WARNING - Dependency <Task(_PythonDecoratedOperator): prepare_email>, send_email already registered for DAG: example_dag_decorator
[2023-08-21T23:52:46.452+0000] {logging_mixin.py:137} INFO - [2023-08-21T23:52:46.452+0000] {taskmixin.py:205} WARNING - Dependency <Task(EmailOperator): send_email>, prepare_email already registered for DAG: example_dag_decorator
[2023-08-21T23:52:46.465+0000] {processor.py:753} INFO - DAG(s) dict_keys(['example_dag_decorator']) retrieved from /home/airflow/.local/lib/python3.7/site-packages/airflow/example_dags/example_dag_decorator.py
[2023-08-21T23:52:46.539+0000] {logging_mixin.py:137} INFO - [2023-08-21T23:52:46.539+0000] {dag.py:2690} INFO - Sync 1 DAGs
[2023-08-21T23:52:46.570+0000] {logging_mixin.py:137} INFO - [2023-08-21T23:52:46.570+0000] {dag.py:3441} INFO - Setting next_dagrun for example_dag_decorator to None, run_after=None
[2023-08-21T23:52:46.627+0000] {processor.py:175} INFO - Processing /home/airflow/.local/lib/python3.7/site-packages/airflow/example_dags/example_dag_decorator.py took 0.199 seconds
[2023-08-21T23:53:16.712+0000] {processor.py:153} INFO - Started process (PID=546) to work on /home/airflow/.local/lib/python3.7/site-packages/airflow/example_dags/example_dag_decorator.py
[2023-08-21T23:53:16.713+0000] {processor.py:743} INFO - Processing file /home/airflow/.local/lib/python3.7/site-packages/airflow/example_dags/example_dag_decorator.py for tasks to queue
[2023-08-21T23:53:16.714+0000] {logging_mixin.py:137} INFO - [2023-08-21T23:53:16.714+0000] {dagbag.py:538} INFO - Filling up the DagBag from /home/airflow/.local/lib/python3.7/site-packages/airflow/example_dags/example_dag_decorator.py
[2023-08-21T23:53:16.738+0000] {logging_mixin.py:137} INFO - [2023-08-21T23:53:16.738+0000] {taskmixin.py:205} WARNING - Dependency <Task(_PythonDecoratedOperator): prepare_email>, send_email already registered for DAG: example_dag_decorator
[2023-08-21T23:53:16.738+0000] {logging_mixin.py:137} INFO - [2023-08-21T23:53:16.738+0000] {taskmixin.py:205} WARNING - Dependency <Task(EmailOperator): send_email>, prepare_email already registered for DAG: example_dag_decorator
[2023-08-21T23:53:16.757+0000] {processor.py:753} INFO - DAG(s) dict_keys(['example_dag_decorator']) retrieved from /home/airflow/.local/lib/python3.7/site-packages/airflow/example_dags/example_dag_decorator.py
[2023-08-21T23:53:16.870+0000] {logging_mixin.py:137} INFO - [2023-08-21T23:53:16.870+0000] {dag.py:2690} INFO - Sync 1 DAGs
[2023-08-21T23:53:16.903+0000] {logging_mixin.py:137} INFO - [2023-08-21T23:53:16.903+0000] {dag.py:3441} INFO - Setting next_dagrun for example_dag_decorator to None, run_after=None
[2023-08-21T23:53:16.956+0000] {processor.py:175} INFO - Processing /home/airflow/.local/lib/python3.7/site-packages/airflow/example_dags/example_dag_decorator.py took 0.249 seconds
[2023-08-21T23:53:47.037+0000] {processor.py:153} INFO - Started process (PID=620) to work on /home/airflow/.local/lib/python3.7/site-packages/airflow/example_dags/example_dag_decorator.py
[2023-08-21T23:53:47.038+0000] {processor.py:743} INFO - Processing file /home/airflow/.local/lib/python3.7/site-packages/airflow/example_dags/example_dag_decorator.py for tasks to queue
[2023-08-21T23:53:47.039+0000] {logging_mixin.py:137} INFO - [2023-08-21T23:53:47.039+0000] {dagbag.py:538} INFO - Filling up the DagBag from /home/airflow/.local/lib/python3.7/site-packages/airflow/example_dags/example_dag_decorator.py
[2023-08-21T23:53:47.064+0000] {logging_mixin.py:137} INFO - [2023-08-21T23:53:47.064+0000] {taskmixin.py:205} WARNING - Dependency <Task(_PythonDecoratedOperator): prepare_email>, send_email already registered for DAG: example_dag_decorator
[2023-08-21T23:53:47.064+0000] {logging_mixin.py:137} INFO - [2023-08-21T23:53:47.064+0000] {taskmixin.py:205} WARNING - Dependency <Task(EmailOperator): send_email>, prepare_email already registered for DAG: example_dag_decorator
[2023-08-21T23:53:47.077+0000] {processor.py:753} INFO - DAG(s) dict_keys(['example_dag_decorator']) retrieved from /home/airflow/.local/lib/python3.7/site-packages/airflow/example_dags/example_dag_decorator.py
[2023-08-21T23:53:47.152+0000] {logging_mixin.py:137} INFO - [2023-08-21T23:53:47.152+0000] {dag.py:2690} INFO - Sync 1 DAGs
[2023-08-21T23:53:47.185+0000] {logging_mixin.py:137} INFO - [2023-08-21T23:53:47.185+0000] {dag.py:3441} INFO - Setting next_dagrun for example_dag_decorator to None, run_after=None
[2023-08-21T23:53:47.234+0000] {processor.py:175} INFO - Processing /home/airflow/.local/lib/python3.7/site-packages/airflow/example_dags/example_dag_decorator.py took 0.202 seconds
[2023-08-21T23:54:17.489+0000] {processor.py:153} INFO - Started process (PID=684) to work on /home/airflow/.local/lib/python3.7/site-packages/airflow/example_dags/example_dag_decorator.py
[2023-08-21T23:54:17.491+0000] {processor.py:743} INFO - Processing file /home/airflow/.local/lib/python3.7/site-packages/airflow/example_dags/example_dag_decorator.py for tasks to queue
[2023-08-21T23:54:17.493+0000] {logging_mixin.py:137} INFO - [2023-08-21T23:54:17.493+0000] {dagbag.py:538} INFO - Filling up the DagBag from /home/airflow/.local/lib/python3.7/site-packages/airflow/example_dags/example_dag_decorator.py
[2023-08-21T23:54:17.514+0000] {logging_mixin.py:137} INFO - [2023-08-21T23:54:17.514+0000] {taskmixin.py:205} WARNING - Dependency <Task(_PythonDecoratedOperator): prepare_email>, send_email already registered for DAG: example_dag_decorator
[2023-08-21T23:54:17.514+0000] {logging_mixin.py:137} INFO - [2023-08-21T23:54:17.514+0000] {taskmixin.py:205} WARNING - Dependency <Task(EmailOperator): send_email>, prepare_email already registered for DAG: example_dag_decorator
[2023-08-21T23:54:17.529+0000] {processor.py:753} INFO - DAG(s) dict_keys(['example_dag_decorator']) retrieved from /home/airflow/.local/lib/python3.7/site-packages/airflow/example_dags/example_dag_decorator.py
[2023-08-21T23:54:17.606+0000] {logging_mixin.py:137} INFO - [2023-08-21T23:54:17.606+0000] {dag.py:2690} INFO - Sync 1 DAGs
[2023-08-21T23:54:17.632+0000] {logging_mixin.py:137} INFO - [2023-08-21T23:54:17.632+0000] {dag.py:3441} INFO - Setting next_dagrun for example_dag_decorator to None, run_after=None
[2023-08-21T23:54:17.679+0000] {processor.py:175} INFO - Processing /home/airflow/.local/lib/python3.7/site-packages/airflow/example_dags/example_dag_decorator.py took 0.194 seconds
[2023-08-21T23:54:48.120+0000] {processor.py:153} INFO - Started process (PID=759) to work on /home/airflow/.local/lib/python3.7/site-packages/airflow/example_dags/example_dag_decorator.py
[2023-08-21T23:54:48.121+0000] {processor.py:743} INFO - Processing file /home/airflow/.local/lib/python3.7/site-packages/airflow/example_dags/example_dag_decorator.py for tasks to queue
[2023-08-21T23:54:48.122+0000] {logging_mixin.py:137} INFO - [2023-08-21T23:54:48.122+0000] {dagbag.py:538} INFO - Filling up the DagBag from /home/airflow/.local/lib/python3.7/site-packages/airflow/example_dags/example_dag_decorator.py
[2023-08-21T23:54:48.141+0000] {logging_mixin.py:137} INFO - [2023-08-21T23:54:48.141+0000] {taskmixin.py:205} WARNING - Dependency <Task(_PythonDecoratedOperator): prepare_email>, send_email already registered for DAG: example_dag_decorator
[2023-08-21T23:54:48.141+0000] {logging_mixin.py:137} INFO - [2023-08-21T23:54:48.141+0000] {taskmixin.py:205} WARNING - Dependency <Task(EmailOperator): send_email>, prepare_email already registered for DAG: example_dag_decorator
[2023-08-21T23:54:48.154+0000] {processor.py:753} INFO - DAG(s) dict_keys(['example_dag_decorator']) retrieved from /home/airflow/.local/lib/python3.7/site-packages/airflow/example_dags/example_dag_decorator.py
[2023-08-21T23:54:48.220+0000] {logging_mixin.py:137} INFO - [2023-08-21T23:54:48.220+0000] {dag.py:2690} INFO - Sync 1 DAGs
[2023-08-21T23:54:48.243+0000] {logging_mixin.py:137} INFO - [2023-08-21T23:54:48.243+0000] {dag.py:3441} INFO - Setting next_dagrun for example_dag_decorator to None, run_after=None
[2023-08-21T23:54:48.284+0000] {processor.py:175} INFO - Processing /home/airflow/.local/lib/python3.7/site-packages/airflow/example_dags/example_dag_decorator.py took 0.167 seconds
[2023-08-21T23:55:18.425+0000] {processor.py:153} INFO - Started process (PID=823) to work on /home/airflow/.local/lib/python3.7/site-packages/airflow/example_dags/example_dag_decorator.py
[2023-08-21T23:55:18.427+0000] {processor.py:743} INFO - Processing file /home/airflow/.local/lib/python3.7/site-packages/airflow/example_dags/example_dag_decorator.py for tasks to queue
[2023-08-21T23:55:18.428+0000] {logging_mixin.py:137} INFO - [2023-08-21T23:55:18.427+0000] {dagbag.py:538} INFO - Filling up the DagBag from /home/airflow/.local/lib/python3.7/site-packages/airflow/example_dags/example_dag_decorator.py
[2023-08-21T23:55:18.449+0000] {logging_mixin.py:137} INFO - [2023-08-21T23:55:18.448+0000] {taskmixin.py:205} WARNING - Dependency <Task(_PythonDecoratedOperator): prepare_email>, send_email already registered for DAG: example_dag_decorator
[2023-08-21T23:55:18.449+0000] {logging_mixin.py:137} INFO - [2023-08-21T23:55:18.449+0000] {taskmixin.py:205} WARNING - Dependency <Task(EmailOperator): send_email>, prepare_email already registered for DAG: example_dag_decorator
[2023-08-21T23:55:18.465+0000] {processor.py:753} INFO - DAG(s) dict_keys(['example_dag_decorator']) retrieved from /home/airflow/.local/lib/python3.7/site-packages/airflow/example_dags/example_dag_decorator.py
[2023-08-21T23:55:18.499+0000] {logging_mixin.py:137} INFO - [2023-08-21T23:55:18.498+0000] {dag.py:2690} INFO - Sync 1 DAGs
[2023-08-21T23:55:18.525+0000] {logging_mixin.py:137} INFO - [2023-08-21T23:55:18.525+0000] {dag.py:3441} INFO - Setting next_dagrun for example_dag_decorator to None, run_after=None
[2023-08-21T23:55:18.566+0000] {processor.py:175} INFO - Processing /home/airflow/.local/lib/python3.7/site-packages/airflow/example_dags/example_dag_decorator.py took 0.145 seconds
[2023-08-21T23:55:49.007+0000] {processor.py:153} INFO - Started process (PID=899) to work on /home/airflow/.local/lib/python3.7/site-packages/airflow/example_dags/example_dag_decorator.py
[2023-08-21T23:55:49.008+0000] {processor.py:743} INFO - Processing file /home/airflow/.local/lib/python3.7/site-packages/airflow/example_dags/example_dag_decorator.py for tasks to queue
[2023-08-21T23:55:49.009+0000] {logging_mixin.py:137} INFO - [2023-08-21T23:55:49.009+0000] {dagbag.py:538} INFO - Filling up the DagBag from /home/airflow/.local/lib/python3.7/site-packages/airflow/example_dags/example_dag_decorator.py
[2023-08-21T23:55:49.028+0000] {logging_mixin.py:137} INFO - [2023-08-21T23:55:49.027+0000] {taskmixin.py:205} WARNING - Dependency <Task(_PythonDecoratedOperator): prepare_email>, send_email already registered for DAG: example_dag_decorator
[2023-08-21T23:55:49.028+0000] {logging_mixin.py:137} INFO - [2023-08-21T23:55:49.028+0000] {taskmixin.py:205} WARNING - Dependency <Task(EmailOperator): send_email>, prepare_email already registered for DAG: example_dag_decorator
[2023-08-21T23:55:49.041+0000] {processor.py:753} INFO - DAG(s) dict_keys(['example_dag_decorator']) retrieved from /home/airflow/.local/lib/python3.7/site-packages/airflow/example_dags/example_dag_decorator.py
[2023-08-21T23:55:49.071+0000] {logging_mixin.py:137} INFO - [2023-08-21T23:55:49.071+0000] {dag.py:2690} INFO - Sync 1 DAGs
[2023-08-21T23:55:49.100+0000] {logging_mixin.py:137} INFO - [2023-08-21T23:55:49.100+0000] {dag.py:3441} INFO - Setting next_dagrun for example_dag_decorator to None, run_after=None
[2023-08-21T23:55:49.146+0000] {processor.py:175} INFO - Processing /home/airflow/.local/lib/python3.7/site-packages/airflow/example_dags/example_dag_decorator.py took 0.142 seconds
[2023-08-21T23:56:19.195+0000] {processor.py:153} INFO - Started process (PID=962) to work on /home/airflow/.local/lib/python3.7/site-packages/airflow/example_dags/example_dag_decorator.py
[2023-08-21T23:56:19.196+0000] {processor.py:743} INFO - Processing file /home/airflow/.local/lib/python3.7/site-packages/airflow/example_dags/example_dag_decorator.py for tasks to queue
[2023-08-21T23:56:19.197+0000] {logging_mixin.py:137} INFO - [2023-08-21T23:56:19.197+0000] {dagbag.py:538} INFO - Filling up the DagBag from /home/airflow/.local/lib/python3.7/site-packages/airflow/example_dags/example_dag_decorator.py
[2023-08-21T23:56:19.213+0000] {logging_mixin.py:137} INFO - [2023-08-21T23:56:19.213+0000] {taskmixin.py:205} WARNING - Dependency <Task(_PythonDecoratedOperator): prepare_email>, send_email already registered for DAG: example_dag_decorator
[2023-08-21T23:56:19.214+0000] {logging_mixin.py:137} INFO - [2023-08-21T23:56:19.214+0000] {taskmixin.py:205} WARNING - Dependency <Task(EmailOperator): send_email>, prepare_email already registered for DAG: example_dag_decorator
[2023-08-21T23:56:19.229+0000] {processor.py:753} INFO - DAG(s) dict_keys(['example_dag_decorator']) retrieved from /home/airflow/.local/lib/python3.7/site-packages/airflow/example_dags/example_dag_decorator.py
[2023-08-21T23:56:19.268+0000] {logging_mixin.py:137} INFO - [2023-08-21T23:56:19.268+0000] {dag.py:2690} INFO - Sync 1 DAGs
[2023-08-21T23:56:19.298+0000] {logging_mixin.py:137} INFO - [2023-08-21T23:56:19.298+0000] {dag.py:3441} INFO - Setting next_dagrun for example_dag_decorator to None, run_after=None
[2023-08-21T23:56:19.344+0000] {processor.py:175} INFO - Processing /home/airflow/.local/lib/python3.7/site-packages/airflow/example_dags/example_dag_decorator.py took 0.152 seconds
[2023-08-21T23:56:49.427+0000] {processor.py:153} INFO - Started process (PID=1037) to work on /home/airflow/.local/lib/python3.7/site-packages/airflow/example_dags/example_dag_decorator.py
[2023-08-21T23:56:49.428+0000] {processor.py:743} INFO - Processing file /home/airflow/.local/lib/python3.7/site-packages/airflow/example_dags/example_dag_decorator.py for tasks to queue
[2023-08-21T23:56:49.429+0000] {logging_mixin.py:137} INFO - [2023-08-21T23:56:49.428+0000] {dagbag.py:538} INFO - Filling up the DagBag from /home/airflow/.local/lib/python3.7/site-packages/airflow/example_dags/example_dag_decorator.py
[2023-08-21T23:56:49.451+0000] {logging_mixin.py:137} INFO - [2023-08-21T23:56:49.451+0000] {taskmixin.py:205} WARNING - Dependency <Task(_PythonDecoratedOperator): prepare_email>, send_email already registered for DAG: example_dag_decorator
[2023-08-21T23:56:49.451+0000] {logging_mixin.py:137} INFO - [2023-08-21T23:56:49.451+0000] {taskmixin.py:205} WARNING - Dependency <Task(EmailOperator): send_email>, prepare_email already registered for DAG: example_dag_decorator
[2023-08-21T23:56:49.466+0000] {processor.py:753} INFO - DAG(s) dict_keys(['example_dag_decorator']) retrieved from /home/airflow/.local/lib/python3.7/site-packages/airflow/example_dags/example_dag_decorator.py
[2023-08-21T23:56:49.497+0000] {logging_mixin.py:137} INFO - [2023-08-21T23:56:49.497+0000] {dag.py:2690} INFO - Sync 1 DAGs
[2023-08-21T23:56:49.524+0000] {logging_mixin.py:137} INFO - [2023-08-21T23:56:49.524+0000] {dag.py:3441} INFO - Setting next_dagrun for example_dag_decorator to None, run_after=None
[2023-08-21T23:56:49.565+0000] {processor.py:175} INFO - Processing /home/airflow/.local/lib/python3.7/site-packages/airflow/example_dags/example_dag_decorator.py took 0.144 seconds
[2023-08-21T23:57:19.638+0000] {processor.py:153} INFO - Started process (PID=1100) to work on /home/airflow/.local/lib/python3.7/site-packages/airflow/example_dags/example_dag_decorator.py
[2023-08-21T23:57:19.640+0000] {processor.py:743} INFO - Processing file /home/airflow/.local/lib/python3.7/site-packages/airflow/example_dags/example_dag_decorator.py for tasks to queue
[2023-08-21T23:57:19.640+0000] {logging_mixin.py:137} INFO - [2023-08-21T23:57:19.640+0000] {dagbag.py:538} INFO - Filling up the DagBag from /home/airflow/.local/lib/python3.7/site-packages/airflow/example_dags/example_dag_decorator.py
[2023-08-21T23:57:19.660+0000] {logging_mixin.py:137} INFO - [2023-08-21T23:57:19.660+0000] {taskmixin.py:205} WARNING - Dependency <Task(_PythonDecoratedOperator): prepare_email>, send_email already registered for DAG: example_dag_decorator
[2023-08-21T23:57:19.661+0000] {logging_mixin.py:137} INFO - [2023-08-21T23:57:19.661+0000] {taskmixin.py:205} WARNING - Dependency <Task(EmailOperator): send_email>, prepare_email already registered for DAG: example_dag_decorator
[2023-08-21T23:57:19.674+0000] {processor.py:753} INFO - DAG(s) dict_keys(['example_dag_decorator']) retrieved from /home/airflow/.local/lib/python3.7/site-packages/airflow/example_dags/example_dag_decorator.py
[2023-08-21T23:57:19.714+0000] {logging_mixin.py:137} INFO - [2023-08-21T23:57:19.714+0000] {dag.py:2690} INFO - Sync 1 DAGs
[2023-08-21T23:57:19.759+0000] {logging_mixin.py:137} INFO - [2023-08-21T23:57:19.759+0000] {dag.py:3441} INFO - Setting next_dagrun for example_dag_decorator to None, run_after=None
[2023-08-21T23:57:19.813+0000] {processor.py:175} INFO - Processing /home/airflow/.local/lib/python3.7/site-packages/airflow/example_dags/example_dag_decorator.py took 0.179 seconds
[2023-08-21T23:57:50.121+0000] {processor.py:153} INFO - Started process (PID=1174) to work on /home/airflow/.local/lib/python3.7/site-packages/airflow/example_dags/example_dag_decorator.py
[2023-08-21T23:57:50.122+0000] {processor.py:743} INFO - Processing file /home/airflow/.local/lib/python3.7/site-packages/airflow/example_dags/example_dag_decorator.py for tasks to queue
[2023-08-21T23:57:50.123+0000] {logging_mixin.py:137} INFO - [2023-08-21T23:57:50.123+0000] {dagbag.py:538} INFO - Filling up the DagBag from /home/airflow/.local/lib/python3.7/site-packages/airflow/example_dags/example_dag_decorator.py
[2023-08-21T23:57:50.144+0000] {logging_mixin.py:137} INFO - [2023-08-21T23:57:50.144+0000] {taskmixin.py:205} WARNING - Dependency <Task(_PythonDecoratedOperator): prepare_email>, send_email already registered for DAG: example_dag_decorator
[2023-08-21T23:57:50.145+0000] {logging_mixin.py:137} INFO - [2023-08-21T23:57:50.145+0000] {taskmixin.py:205} WARNING - Dependency <Task(EmailOperator): send_email>, prepare_email already registered for DAG: example_dag_decorator
[2023-08-21T23:57:50.160+0000] {processor.py:753} INFO - DAG(s) dict_keys(['example_dag_decorator']) retrieved from /home/airflow/.local/lib/python3.7/site-packages/airflow/example_dags/example_dag_decorator.py
[2023-08-21T23:57:50.238+0000] {logging_mixin.py:137} INFO - [2023-08-21T23:57:50.238+0000] {dag.py:2690} INFO - Sync 1 DAGs
[2023-08-21T23:57:50.266+0000] {logging_mixin.py:137} INFO - [2023-08-21T23:57:50.266+0000] {dag.py:3441} INFO - Setting next_dagrun for example_dag_decorator to None, run_after=None
[2023-08-21T23:57:50.318+0000] {processor.py:175} INFO - Processing /home/airflow/.local/lib/python3.7/site-packages/airflow/example_dags/example_dag_decorator.py took 0.202 seconds
[2023-08-21T23:58:20.367+0000] {processor.py:153} INFO - Started process (PID=1237) to work on /home/airflow/.local/lib/python3.7/site-packages/airflow/example_dags/example_dag_decorator.py
[2023-08-21T23:58:20.368+0000] {processor.py:743} INFO - Processing file /home/airflow/.local/lib/python3.7/site-packages/airflow/example_dags/example_dag_decorator.py for tasks to queue
[2023-08-21T23:58:20.368+0000] {logging_mixin.py:137} INFO - [2023-08-21T23:58:20.368+0000] {dagbag.py:538} INFO - Filling up the DagBag from /home/airflow/.local/lib/python3.7/site-packages/airflow/example_dags/example_dag_decorator.py
[2023-08-21T23:58:20.387+0000] {logging_mixin.py:137} INFO - [2023-08-21T23:58:20.387+0000] {taskmixin.py:205} WARNING - Dependency <Task(_PythonDecoratedOperator): prepare_email>, send_email already registered for DAG: example_dag_decorator
[2023-08-21T23:58:20.387+0000] {logging_mixin.py:137} INFO - [2023-08-21T23:58:20.387+0000] {taskmixin.py:205} WARNING - Dependency <Task(EmailOperator): send_email>, prepare_email already registered for DAG: example_dag_decorator
[2023-08-21T23:58:20.400+0000] {processor.py:753} INFO - DAG(s) dict_keys(['example_dag_decorator']) retrieved from /home/airflow/.local/lib/python3.7/site-packages/airflow/example_dags/example_dag_decorator.py
[2023-08-21T23:58:20.466+0000] {logging_mixin.py:137} INFO - [2023-08-21T23:58:20.466+0000] {dag.py:2690} INFO - Sync 1 DAGs
[2023-08-21T23:58:20.488+0000] {logging_mixin.py:137} INFO - [2023-08-21T23:58:20.488+0000] {dag.py:3441} INFO - Setting next_dagrun for example_dag_decorator to None, run_after=None
[2023-08-21T23:58:20.533+0000] {processor.py:175} INFO - Processing /home/airflow/.local/lib/python3.7/site-packages/airflow/example_dags/example_dag_decorator.py took 0.170 seconds
[2023-08-21T23:58:50.729+0000] {processor.py:153} INFO - Started process (PID=1309) to work on /home/airflow/.local/lib/python3.7/site-packages/airflow/example_dags/example_dag_decorator.py
[2023-08-21T23:58:50.730+0000] {processor.py:743} INFO - Processing file /home/airflow/.local/lib/python3.7/site-packages/airflow/example_dags/example_dag_decorator.py for tasks to queue
[2023-08-21T23:58:50.731+0000] {logging_mixin.py:137} INFO - [2023-08-21T23:58:50.731+0000] {dagbag.py:538} INFO - Filling up the DagBag from /home/airflow/.local/lib/python3.7/site-packages/airflow/example_dags/example_dag_decorator.py
[2023-08-21T23:58:50.756+0000] {logging_mixin.py:137} INFO - [2023-08-21T23:58:50.755+0000] {taskmixin.py:205} WARNING - Dependency <Task(_PythonDecoratedOperator): prepare_email>, send_email already registered for DAG: example_dag_decorator
[2023-08-21T23:58:50.756+0000] {logging_mixin.py:137} INFO - [2023-08-21T23:58:50.756+0000] {taskmixin.py:205} WARNING - Dependency <Task(EmailOperator): send_email>, prepare_email already registered for DAG: example_dag_decorator
[2023-08-21T23:58:50.771+0000] {processor.py:753} INFO - DAG(s) dict_keys(['example_dag_decorator']) retrieved from /home/airflow/.local/lib/python3.7/site-packages/airflow/example_dags/example_dag_decorator.py
[2023-08-21T23:58:50.846+0000] {logging_mixin.py:137} INFO - [2023-08-21T23:58:50.846+0000] {dag.py:2690} INFO - Sync 1 DAGs
[2023-08-21T23:58:50.873+0000] {logging_mixin.py:137} INFO - [2023-08-21T23:58:50.873+0000] {dag.py:3441} INFO - Setting next_dagrun for example_dag_decorator to None, run_after=None
[2023-08-21T23:58:50.925+0000] {processor.py:175} INFO - Processing /home/airflow/.local/lib/python3.7/site-packages/airflow/example_dags/example_dag_decorator.py took 0.202 seconds
[2023-08-21T23:59:21.294+0000] {processor.py:153} INFO - Started process (PID=1375) to work on /home/airflow/.local/lib/python3.7/site-packages/airflow/example_dags/example_dag_decorator.py
[2023-08-21T23:59:21.294+0000] {processor.py:743} INFO - Processing file /home/airflow/.local/lib/python3.7/site-packages/airflow/example_dags/example_dag_decorator.py for tasks to queue
[2023-08-21T23:59:21.295+0000] {logging_mixin.py:137} INFO - [2023-08-21T23:59:21.295+0000] {dagbag.py:538} INFO - Filling up the DagBag from /home/airflow/.local/lib/python3.7/site-packages/airflow/example_dags/example_dag_decorator.py
[2023-08-21T23:59:21.314+0000] {logging_mixin.py:137} INFO - [2023-08-21T23:59:21.314+0000] {taskmixin.py:205} WARNING - Dependency <Task(_PythonDecoratedOperator): prepare_email>, send_email already registered for DAG: example_dag_decorator
[2023-08-21T23:59:21.314+0000] {logging_mixin.py:137} INFO - [2023-08-21T23:59:21.314+0000] {taskmixin.py:205} WARNING - Dependency <Task(EmailOperator): send_email>, prepare_email already registered for DAG: example_dag_decorator
[2023-08-21T23:59:21.332+0000] {processor.py:753} INFO - DAG(s) dict_keys(['example_dag_decorator']) retrieved from /home/airflow/.local/lib/python3.7/site-packages/airflow/example_dags/example_dag_decorator.py
[2023-08-21T23:59:21.400+0000] {logging_mixin.py:137} INFO - [2023-08-21T23:59:21.400+0000] {dag.py:2690} INFO - Sync 1 DAGs
[2023-08-21T23:59:21.424+0000] {logging_mixin.py:137} INFO - [2023-08-21T23:59:21.424+0000] {dag.py:3441} INFO - Setting next_dagrun for example_dag_decorator to None, run_after=None
[2023-08-21T23:59:21.566+0000] {processor.py:175} INFO - Processing /home/airflow/.local/lib/python3.7/site-packages/airflow/example_dags/example_dag_decorator.py took 0.275 seconds
[2023-08-21T23:59:51.637+0000] {processor.py:153} INFO - Started process (PID=1438) to work on /home/airflow/.local/lib/python3.7/site-packages/airflow/example_dags/example_dag_decorator.py
[2023-08-21T23:59:51.638+0000] {processor.py:743} INFO - Processing file /home/airflow/.local/lib/python3.7/site-packages/airflow/example_dags/example_dag_decorator.py for tasks to queue
[2023-08-21T23:59:51.639+0000] {logging_mixin.py:137} INFO - [2023-08-21T23:59:51.639+0000] {dagbag.py:538} INFO - Filling up the DagBag from /home/airflow/.local/lib/python3.7/site-packages/airflow/example_dags/example_dag_decorator.py
[2023-08-21T23:59:51.659+0000] {logging_mixin.py:137} INFO - [2023-08-21T23:59:51.659+0000] {taskmixin.py:205} WARNING - Dependency <Task(_PythonDecoratedOperator): prepare_email>, send_email already registered for DAG: example_dag_decorator
[2023-08-21T23:59:51.659+0000] {logging_mixin.py:137} INFO - [2023-08-21T23:59:51.659+0000] {taskmixin.py:205} WARNING - Dependency <Task(EmailOperator): send_email>, prepare_email already registered for DAG: example_dag_decorator
[2023-08-21T23:59:51.673+0000] {processor.py:753} INFO - DAG(s) dict_keys(['example_dag_decorator']) retrieved from /home/airflow/.local/lib/python3.7/site-packages/airflow/example_dags/example_dag_decorator.py
[2023-08-21T23:59:51.746+0000] {logging_mixin.py:137} INFO - [2023-08-21T23:59:51.746+0000] {dag.py:2690} INFO - Sync 1 DAGs
[2023-08-21T23:59:51.771+0000] {logging_mixin.py:137} INFO - [2023-08-21T23:59:51.770+0000] {dag.py:3441} INFO - Setting next_dagrun for example_dag_decorator to None, run_after=None
[2023-08-21T23:59:51.820+0000] {processor.py:175} INFO - Processing /home/airflow/.local/lib/python3.7/site-packages/airflow/example_dags/example_dag_decorator.py took 0.187 seconds
