[2023-08-21T23:49:45.228+0000] {processor.py:153} INFO - Started process (PID=78) to work on /home/airflow/.local/lib/python3.7/site-packages/airflow/example_dags/example_branch_labels.py
[2023-08-21T23:49:45.234+0000] {processor.py:743} INFO - Processing file /home/airflow/.local/lib/python3.7/site-packages/airflow/example_dags/example_branch_labels.py for tasks to queue
[2023-08-21T23:49:45.237+0000] {logging_mixin.py:137} INFO - [2023-08-21T23:49:45.237+0000] {dagbag.py:538} INFO - Filling up the DagBag from /home/airflow/.local/lib/python3.7/site-packages/airflow/example_dags/example_branch_labels.py
[2023-08-21T23:49:45.273+0000] {processor.py:753} INFO - DAG(s) dict_keys(['example_branch_labels']) retrieved from /home/airflow/.local/lib/python3.7/site-packages/airflow/example_dags/example_branch_labels.py
[2023-08-21T23:49:45.529+0000] {logging_mixin.py:137} INFO - [2023-08-21T23:49:45.529+0000] {manager.py:504} INFO - Created Permission View: can edit on DAG:example_branch_labels
[2023-08-21T23:49:45.577+0000] {logging_mixin.py:137} INFO - [2023-08-21T23:49:45.577+0000] {manager.py:504} INFO - Created Permission View: can read on DAG:example_branch_labels
[2023-08-21T23:49:45.627+0000] {logging_mixin.py:137} INFO - [2023-08-21T23:49:45.626+0000] {manager.py:504} INFO - Created Permission View: can delete on DAG:example_branch_labels
[2023-08-21T23:49:45.627+0000] {logging_mixin.py:137} INFO - [2023-08-21T23:49:45.627+0000] {dag.py:2690} INFO - Sync 1 DAGs
[2023-08-21T23:49:45.645+0000] {logging_mixin.py:137} INFO - [2023-08-21T23:49:45.644+0000] {dag.py:2711} INFO - Creating ORM DAG for example_branch_labels
[2023-08-21T23:49:45.670+0000] {logging_mixin.py:137} INFO - [2023-08-21T23:49:45.669+0000] {dag.py:3441} INFO - Setting next_dagrun for example_branch_labels to 2023-08-20T00:00:00+00:00, run_after=2023-08-21T00:00:00+00:00
[2023-08-21T23:49:45.721+0000] {processor.py:175} INFO - Processing /home/airflow/.local/lib/python3.7/site-packages/airflow/example_dags/example_branch_labels.py took 0.497 seconds
[2023-08-21T23:50:16.435+0000] {processor.py:153} INFO - Started process (PID=154) to work on /home/airflow/.local/lib/python3.7/site-packages/airflow/example_dags/example_branch_labels.py
[2023-08-21T23:50:16.436+0000] {processor.py:743} INFO - Processing file /home/airflow/.local/lib/python3.7/site-packages/airflow/example_dags/example_branch_labels.py for tasks to queue
[2023-08-21T23:50:16.437+0000] {logging_mixin.py:137} INFO - [2023-08-21T23:50:16.437+0000] {dagbag.py:538} INFO - Filling up the DagBag from /home/airflow/.local/lib/python3.7/site-packages/airflow/example_dags/example_branch_labels.py
[2023-08-21T23:50:16.454+0000] {processor.py:753} INFO - DAG(s) dict_keys(['example_branch_labels']) retrieved from /home/airflow/.local/lib/python3.7/site-packages/airflow/example_dags/example_branch_labels.py
[2023-08-21T23:50:16.480+0000] {logging_mixin.py:137} INFO - [2023-08-21T23:50:16.480+0000] {dag.py:2690} INFO - Sync 1 DAGs
[2023-08-21T23:50:16.510+0000] {logging_mixin.py:137} INFO - [2023-08-21T23:50:16.510+0000] {dag.py:3441} INFO - Setting next_dagrun for example_branch_labels to 2023-08-20T00:00:00+00:00, run_after=2023-08-21T00:00:00+00:00
[2023-08-21T23:50:16.647+0000] {processor.py:175} INFO - Processing /home/airflow/.local/lib/python3.7/site-packages/airflow/example_dags/example_branch_labels.py took 0.216 seconds
[2023-08-21T23:50:46.770+0000] {processor.py:153} INFO - Started process (PID=217) to work on /home/airflow/.local/lib/python3.7/site-packages/airflow/example_dags/example_branch_labels.py
[2023-08-21T23:50:46.771+0000] {processor.py:743} INFO - Processing file /home/airflow/.local/lib/python3.7/site-packages/airflow/example_dags/example_branch_labels.py for tasks to queue
[2023-08-21T23:50:46.772+0000] {logging_mixin.py:137} INFO - [2023-08-21T23:50:46.772+0000] {dagbag.py:538} INFO - Filling up the DagBag from /home/airflow/.local/lib/python3.7/site-packages/airflow/example_dags/example_branch_labels.py
[2023-08-21T23:50:46.788+0000] {processor.py:753} INFO - DAG(s) dict_keys(['example_branch_labels']) retrieved from /home/airflow/.local/lib/python3.7/site-packages/airflow/example_dags/example_branch_labels.py
[2023-08-21T23:50:46.816+0000] {logging_mixin.py:137} INFO - [2023-08-21T23:50:46.816+0000] {dag.py:2690} INFO - Sync 1 DAGs
[2023-08-21T23:50:46.849+0000] {logging_mixin.py:137} INFO - [2023-08-21T23:50:46.848+0000] {dag.py:3441} INFO - Setting next_dagrun for example_branch_labels to 2023-08-20T00:00:00+00:00, run_after=2023-08-21T00:00:00+00:00
[2023-08-21T23:50:46.919+0000] {processor.py:175} INFO - Processing /home/airflow/.local/lib/python3.7/site-packages/airflow/example_dags/example_branch_labels.py took 0.153 seconds
[2023-08-21T23:51:17.499+0000] {processor.py:153} INFO - Started process (PID=291) to work on /home/airflow/.local/lib/python3.7/site-packages/airflow/example_dags/example_branch_labels.py
[2023-08-21T23:51:17.500+0000] {processor.py:743} INFO - Processing file /home/airflow/.local/lib/python3.7/site-packages/airflow/example_dags/example_branch_labels.py for tasks to queue
[2023-08-21T23:51:17.500+0000] {logging_mixin.py:137} INFO - [2023-08-21T23:51:17.500+0000] {dagbag.py:538} INFO - Filling up the DagBag from /home/airflow/.local/lib/python3.7/site-packages/airflow/example_dags/example_branch_labels.py
[2023-08-21T23:51:17.513+0000] {processor.py:753} INFO - DAG(s) dict_keys(['example_branch_labels']) retrieved from /home/airflow/.local/lib/python3.7/site-packages/airflow/example_dags/example_branch_labels.py
[2023-08-21T23:51:17.537+0000] {logging_mixin.py:137} INFO - [2023-08-21T23:51:17.537+0000] {dag.py:2690} INFO - Sync 1 DAGs
[2023-08-21T23:51:17.562+0000] {logging_mixin.py:137} INFO - [2023-08-21T23:51:17.562+0000] {dag.py:3441} INFO - Setting next_dagrun for example_branch_labels to 2023-08-20T00:00:00+00:00, run_after=2023-08-21T00:00:00+00:00
[2023-08-21T23:51:17.632+0000] {processor.py:175} INFO - Processing /home/airflow/.local/lib/python3.7/site-packages/airflow/example_dags/example_branch_labels.py took 0.137 seconds
[2023-08-21T23:51:47.679+0000] {processor.py:153} INFO - Started process (PID=353) to work on /home/airflow/.local/lib/python3.7/site-packages/airflow/example_dags/example_branch_labels.py
[2023-08-21T23:51:47.680+0000] {processor.py:743} INFO - Processing file /home/airflow/.local/lib/python3.7/site-packages/airflow/example_dags/example_branch_labels.py for tasks to queue
[2023-08-21T23:51:47.680+0000] {logging_mixin.py:137} INFO - [2023-08-21T23:51:47.680+0000] {dagbag.py:538} INFO - Filling up the DagBag from /home/airflow/.local/lib/python3.7/site-packages/airflow/example_dags/example_branch_labels.py
[2023-08-21T23:51:47.694+0000] {processor.py:753} INFO - DAG(s) dict_keys(['example_branch_labels']) retrieved from /home/airflow/.local/lib/python3.7/site-packages/airflow/example_dags/example_branch_labels.py
[2023-08-21T23:51:47.718+0000] {logging_mixin.py:137} INFO - [2023-08-21T23:51:47.717+0000] {dag.py:2690} INFO - Sync 1 DAGs
[2023-08-21T23:51:47.741+0000] {logging_mixin.py:137} INFO - [2023-08-21T23:51:47.741+0000] {dag.py:3441} INFO - Setting next_dagrun for example_branch_labels to 2023-08-20T00:00:00+00:00, run_after=2023-08-21T00:00:00+00:00
[2023-08-21T23:51:47.833+0000] {processor.py:175} INFO - Processing /home/airflow/.local/lib/python3.7/site-packages/airflow/example_dags/example_branch_labels.py took 0.158 seconds
[2023-08-21T23:52:18.597+0000] {processor.py:153} INFO - Started process (PID=428) to work on /home/airflow/.local/lib/python3.7/site-packages/airflow/example_dags/example_branch_labels.py
[2023-08-21T23:52:18.598+0000] {processor.py:743} INFO - Processing file /home/airflow/.local/lib/python3.7/site-packages/airflow/example_dags/example_branch_labels.py for tasks to queue
[2023-08-21T23:52:18.598+0000] {logging_mixin.py:137} INFO - [2023-08-21T23:52:18.598+0000] {dagbag.py:538} INFO - Filling up the DagBag from /home/airflow/.local/lib/python3.7/site-packages/airflow/example_dags/example_branch_labels.py
[2023-08-21T23:52:18.613+0000] {processor.py:753} INFO - DAG(s) dict_keys(['example_branch_labels']) retrieved from /home/airflow/.local/lib/python3.7/site-packages/airflow/example_dags/example_branch_labels.py
[2023-08-21T23:52:18.640+0000] {logging_mixin.py:137} INFO - [2023-08-21T23:52:18.640+0000] {dag.py:2690} INFO - Sync 1 DAGs
[2023-08-21T23:52:18.668+0000] {logging_mixin.py:137} INFO - [2023-08-21T23:52:18.668+0000] {dag.py:3441} INFO - Setting next_dagrun for example_branch_labels to 2023-08-20T00:00:00+00:00, run_after=2023-08-21T00:00:00+00:00
[2023-08-21T23:52:18.734+0000] {processor.py:175} INFO - Processing /home/airflow/.local/lib/python3.7/site-packages/airflow/example_dags/example_branch_labels.py took 0.141 seconds
[2023-08-21T23:52:48.996+0000] {processor.py:153} INFO - Started process (PID=490) to work on /home/airflow/.local/lib/python3.7/site-packages/airflow/example_dags/example_branch_labels.py
[2023-08-21T23:52:48.997+0000] {processor.py:743} INFO - Processing file /home/airflow/.local/lib/python3.7/site-packages/airflow/example_dags/example_branch_labels.py for tasks to queue
[2023-08-21T23:52:48.998+0000] {logging_mixin.py:137} INFO - [2023-08-21T23:52:48.998+0000] {dagbag.py:538} INFO - Filling up the DagBag from /home/airflow/.local/lib/python3.7/site-packages/airflow/example_dags/example_branch_labels.py
[2023-08-21T23:52:49.023+0000] {processor.py:753} INFO - DAG(s) dict_keys(['example_branch_labels']) retrieved from /home/airflow/.local/lib/python3.7/site-packages/airflow/example_dags/example_branch_labels.py
[2023-08-21T23:52:49.056+0000] {logging_mixin.py:137} INFO - [2023-08-21T23:52:49.056+0000] {dag.py:2690} INFO - Sync 1 DAGs
[2023-08-21T23:52:49.085+0000] {logging_mixin.py:137} INFO - [2023-08-21T23:52:49.084+0000] {dag.py:3441} INFO - Setting next_dagrun for example_branch_labels to 2023-08-20T00:00:00+00:00, run_after=2023-08-21T00:00:00+00:00
[2023-08-21T23:52:49.157+0000] {processor.py:175} INFO - Processing /home/airflow/.local/lib/python3.7/site-packages/airflow/example_dags/example_branch_labels.py took 0.166 seconds
[2023-08-21T23:53:19.343+0000] {processor.py:153} INFO - Started process (PID=566) to work on /home/airflow/.local/lib/python3.7/site-packages/airflow/example_dags/example_branch_labels.py
[2023-08-21T23:53:19.343+0000] {processor.py:743} INFO - Processing file /home/airflow/.local/lib/python3.7/site-packages/airflow/example_dags/example_branch_labels.py for tasks to queue
[2023-08-21T23:53:19.344+0000] {logging_mixin.py:137} INFO - [2023-08-21T23:53:19.344+0000] {dagbag.py:538} INFO - Filling up the DagBag from /home/airflow/.local/lib/python3.7/site-packages/airflow/example_dags/example_branch_labels.py
[2023-08-21T23:53:19.360+0000] {processor.py:753} INFO - DAG(s) dict_keys(['example_branch_labels']) retrieved from /home/airflow/.local/lib/python3.7/site-packages/airflow/example_dags/example_branch_labels.py
[2023-08-21T23:53:19.388+0000] {logging_mixin.py:137} INFO - [2023-08-21T23:53:19.388+0000] {dag.py:2690} INFO - Sync 1 DAGs
[2023-08-21T23:53:19.418+0000] {logging_mixin.py:137} INFO - [2023-08-21T23:53:19.418+0000] {dag.py:3441} INFO - Setting next_dagrun for example_branch_labels to 2023-08-20T00:00:00+00:00, run_after=2023-08-21T00:00:00+00:00
[2023-08-21T23:53:19.489+0000] {processor.py:175} INFO - Processing /home/airflow/.local/lib/python3.7/site-packages/airflow/example_dags/example_branch_labels.py took 0.149 seconds
[2023-08-21T23:53:49.558+0000] {processor.py:153} INFO - Started process (PID=628) to work on /home/airflow/.local/lib/python3.7/site-packages/airflow/example_dags/example_branch_labels.py
[2023-08-21T23:53:49.559+0000] {processor.py:743} INFO - Processing file /home/airflow/.local/lib/python3.7/site-packages/airflow/example_dags/example_branch_labels.py for tasks to queue
[2023-08-21T23:53:49.560+0000] {logging_mixin.py:137} INFO - [2023-08-21T23:53:49.560+0000] {dagbag.py:538} INFO - Filling up the DagBag from /home/airflow/.local/lib/python3.7/site-packages/airflow/example_dags/example_branch_labels.py
[2023-08-21T23:53:49.575+0000] {processor.py:753} INFO - DAG(s) dict_keys(['example_branch_labels']) retrieved from /home/airflow/.local/lib/python3.7/site-packages/airflow/example_dags/example_branch_labels.py
[2023-08-21T23:53:49.601+0000] {logging_mixin.py:137} INFO - [2023-08-21T23:53:49.601+0000] {dag.py:2690} INFO - Sync 1 DAGs
[2023-08-21T23:53:49.629+0000] {logging_mixin.py:137} INFO - [2023-08-21T23:53:49.629+0000] {dag.py:3441} INFO - Setting next_dagrun for example_branch_labels to 2023-08-20T00:00:00+00:00, run_after=2023-08-21T00:00:00+00:00
[2023-08-21T23:53:50.083+0000] {processor.py:175} INFO - Processing /home/airflow/.local/lib/python3.7/site-packages/airflow/example_dags/example_branch_labels.py took 0.530 seconds
[2023-08-21T23:54:20.199+0000] {processor.py:153} INFO - Started process (PID=701) to work on /home/airflow/.local/lib/python3.7/site-packages/airflow/example_dags/example_branch_labels.py
[2023-08-21T23:54:20.200+0000] {processor.py:743} INFO - Processing file /home/airflow/.local/lib/python3.7/site-packages/airflow/example_dags/example_branch_labels.py for tasks to queue
[2023-08-21T23:54:20.201+0000] {logging_mixin.py:137} INFO - [2023-08-21T23:54:20.201+0000] {dagbag.py:538} INFO - Filling up the DagBag from /home/airflow/.local/lib/python3.7/site-packages/airflow/example_dags/example_branch_labels.py
[2023-08-21T23:54:20.246+0000] {processor.py:753} INFO - DAG(s) dict_keys(['example_branch_labels']) retrieved from /home/airflow/.local/lib/python3.7/site-packages/airflow/example_dags/example_branch_labels.py
[2023-08-21T23:54:20.314+0000] {logging_mixin.py:137} INFO - [2023-08-21T23:54:20.313+0000] {dag.py:2690} INFO - Sync 1 DAGs
[2023-08-21T23:54:20.348+0000] {logging_mixin.py:137} INFO - [2023-08-21T23:54:20.348+0000] {dag.py:3441} INFO - Setting next_dagrun for example_branch_labels to 2023-08-20T00:00:00+00:00, run_after=2023-08-21T00:00:00+00:00
[2023-08-21T23:54:20.422+0000] {processor.py:175} INFO - Processing /home/airflow/.local/lib/python3.7/site-packages/airflow/example_dags/example_branch_labels.py took 0.229 seconds
[2023-08-21T23:54:50.766+0000] {processor.py:153} INFO - Started process (PID=767) to work on /home/airflow/.local/lib/python3.7/site-packages/airflow/example_dags/example_branch_labels.py
[2023-08-21T23:54:50.767+0000] {processor.py:743} INFO - Processing file /home/airflow/.local/lib/python3.7/site-packages/airflow/example_dags/example_branch_labels.py for tasks to queue
[2023-08-21T23:54:50.768+0000] {logging_mixin.py:137} INFO - [2023-08-21T23:54:50.768+0000] {dagbag.py:538} INFO - Filling up the DagBag from /home/airflow/.local/lib/python3.7/site-packages/airflow/example_dags/example_branch_labels.py
[2023-08-21T23:54:50.784+0000] {processor.py:753} INFO - DAG(s) dict_keys(['example_branch_labels']) retrieved from /home/airflow/.local/lib/python3.7/site-packages/airflow/example_dags/example_branch_labels.py
[2023-08-21T23:54:50.815+0000] {logging_mixin.py:137} INFO - [2023-08-21T23:54:50.815+0000] {dag.py:2690} INFO - Sync 1 DAGs
[2023-08-21T23:54:50.852+0000] {logging_mixin.py:137} INFO - [2023-08-21T23:54:50.852+0000] {dag.py:3441} INFO - Setting next_dagrun for example_branch_labels to 2023-08-20T00:00:00+00:00, run_after=2023-08-21T00:00:00+00:00
[2023-08-21T23:54:50.910+0000] {processor.py:175} INFO - Processing /home/airflow/.local/lib/python3.7/site-packages/airflow/example_dags/example_branch_labels.py took 0.148 seconds
[2023-08-21T23:55:21.047+0000] {processor.py:153} INFO - Started process (PID=838) to work on /home/airflow/.local/lib/python3.7/site-packages/airflow/example_dags/example_branch_labels.py
[2023-08-21T23:55:21.048+0000] {processor.py:743} INFO - Processing file /home/airflow/.local/lib/python3.7/site-packages/airflow/example_dags/example_branch_labels.py for tasks to queue
[2023-08-21T23:55:21.049+0000] {logging_mixin.py:137} INFO - [2023-08-21T23:55:21.049+0000] {dagbag.py:538} INFO - Filling up the DagBag from /home/airflow/.local/lib/python3.7/site-packages/airflow/example_dags/example_branch_labels.py
[2023-08-21T23:55:21.070+0000] {processor.py:753} INFO - DAG(s) dict_keys(['example_branch_labels']) retrieved from /home/airflow/.local/lib/python3.7/site-packages/airflow/example_dags/example_branch_labels.py
[2023-08-21T23:55:21.103+0000] {logging_mixin.py:137} INFO - [2023-08-21T23:55:21.103+0000] {dag.py:2690} INFO - Sync 1 DAGs
[2023-08-21T23:55:21.135+0000] {logging_mixin.py:137} INFO - [2023-08-21T23:55:21.135+0000] {dag.py:3441} INFO - Setting next_dagrun for example_branch_labels to 2023-08-20T00:00:00+00:00, run_after=2023-08-21T00:00:00+00:00
[2023-08-21T23:55:21.235+0000] {processor.py:175} INFO - Processing /home/airflow/.local/lib/python3.7/site-packages/airflow/example_dags/example_branch_labels.py took 0.193 seconds
[2023-08-21T23:55:51.541+0000] {processor.py:153} INFO - Started process (PID=907) to work on /home/airflow/.local/lib/python3.7/site-packages/airflow/example_dags/example_branch_labels.py
[2023-08-21T23:55:51.542+0000] {processor.py:743} INFO - Processing file /home/airflow/.local/lib/python3.7/site-packages/airflow/example_dags/example_branch_labels.py for tasks to queue
[2023-08-21T23:55:51.543+0000] {logging_mixin.py:137} INFO - [2023-08-21T23:55:51.542+0000] {dagbag.py:538} INFO - Filling up the DagBag from /home/airflow/.local/lib/python3.7/site-packages/airflow/example_dags/example_branch_labels.py
[2023-08-21T23:55:51.559+0000] {processor.py:753} INFO - DAG(s) dict_keys(['example_branch_labels']) retrieved from /home/airflow/.local/lib/python3.7/site-packages/airflow/example_dags/example_branch_labels.py
[2023-08-21T23:55:51.588+0000] {logging_mixin.py:137} INFO - [2023-08-21T23:55:51.588+0000] {dag.py:2690} INFO - Sync 1 DAGs
[2023-08-21T23:55:51.617+0000] {logging_mixin.py:137} INFO - [2023-08-21T23:55:51.617+0000] {dag.py:3441} INFO - Setting next_dagrun for example_branch_labels to 2023-08-20T00:00:00+00:00, run_after=2023-08-21T00:00:00+00:00
[2023-08-21T23:55:51.664+0000] {processor.py:175} INFO - Processing /home/airflow/.local/lib/python3.7/site-packages/airflow/example_dags/example_branch_labels.py took 0.127 seconds
[2023-08-21T23:56:21.745+0000] {processor.py:153} INFO - Started process (PID=970) to work on /home/airflow/.local/lib/python3.7/site-packages/airflow/example_dags/example_branch_labels.py
[2023-08-21T23:56:21.746+0000] {processor.py:743} INFO - Processing file /home/airflow/.local/lib/python3.7/site-packages/airflow/example_dags/example_branch_labels.py for tasks to queue
[2023-08-21T23:56:21.747+0000] {logging_mixin.py:137} INFO - [2023-08-21T23:56:21.747+0000] {dagbag.py:538} INFO - Filling up the DagBag from /home/airflow/.local/lib/python3.7/site-packages/airflow/example_dags/example_branch_labels.py
[2023-08-21T23:56:21.770+0000] {processor.py:753} INFO - DAG(s) dict_keys(['example_branch_labels']) retrieved from /home/airflow/.local/lib/python3.7/site-packages/airflow/example_dags/example_branch_labels.py
[2023-08-21T23:56:21.801+0000] {logging_mixin.py:137} INFO - [2023-08-21T23:56:21.801+0000] {dag.py:2690} INFO - Sync 1 DAGs
[2023-08-21T23:56:21.832+0000] {logging_mixin.py:137} INFO - [2023-08-21T23:56:21.832+0000] {dag.py:3441} INFO - Setting next_dagrun for example_branch_labels to 2023-08-20T00:00:00+00:00, run_after=2023-08-21T00:00:00+00:00
[2023-08-21T23:56:21.902+0000] {processor.py:175} INFO - Processing /home/airflow/.local/lib/python3.7/site-packages/airflow/example_dags/example_branch_labels.py took 0.163 seconds
[2023-08-21T23:56:51.993+0000] {processor.py:153} INFO - Started process (PID=1045) to work on /home/airflow/.local/lib/python3.7/site-packages/airflow/example_dags/example_branch_labels.py
[2023-08-21T23:56:51.995+0000] {processor.py:743} INFO - Processing file /home/airflow/.local/lib/python3.7/site-packages/airflow/example_dags/example_branch_labels.py for tasks to queue
[2023-08-21T23:56:51.995+0000] {logging_mixin.py:137} INFO - [2023-08-21T23:56:51.995+0000] {dagbag.py:538} INFO - Filling up the DagBag from /home/airflow/.local/lib/python3.7/site-packages/airflow/example_dags/example_branch_labels.py
[2023-08-21T23:56:52.011+0000] {processor.py:753} INFO - DAG(s) dict_keys(['example_branch_labels']) retrieved from /home/airflow/.local/lib/python3.7/site-packages/airflow/example_dags/example_branch_labels.py
[2023-08-21T23:56:52.038+0000] {logging_mixin.py:137} INFO - [2023-08-21T23:56:52.038+0000] {dag.py:2690} INFO - Sync 1 DAGs
[2023-08-21T23:56:52.068+0000] {logging_mixin.py:137} INFO - [2023-08-21T23:56:52.068+0000] {dag.py:3441} INFO - Setting next_dagrun for example_branch_labels to 2023-08-20T00:00:00+00:00, run_after=2023-08-21T00:00:00+00:00
[2023-08-21T23:56:52.139+0000] {processor.py:175} INFO - Processing /home/airflow/.local/lib/python3.7/site-packages/airflow/example_dags/example_branch_labels.py took 0.149 seconds
[2023-08-21T23:57:22.205+0000] {processor.py:153} INFO - Started process (PID=1108) to work on /home/airflow/.local/lib/python3.7/site-packages/airflow/example_dags/example_branch_labels.py
[2023-08-21T23:57:22.206+0000] {processor.py:743} INFO - Processing file /home/airflow/.local/lib/python3.7/site-packages/airflow/example_dags/example_branch_labels.py for tasks to queue
[2023-08-21T23:57:22.207+0000] {logging_mixin.py:137} INFO - [2023-08-21T23:57:22.207+0000] {dagbag.py:538} INFO - Filling up the DagBag from /home/airflow/.local/lib/python3.7/site-packages/airflow/example_dags/example_branch_labels.py
[2023-08-21T23:57:22.223+0000] {processor.py:753} INFO - DAG(s) dict_keys(['example_branch_labels']) retrieved from /home/airflow/.local/lib/python3.7/site-packages/airflow/example_dags/example_branch_labels.py
[2023-08-21T23:57:22.250+0000] {logging_mixin.py:137} INFO - [2023-08-21T23:57:22.250+0000] {dag.py:2690} INFO - Sync 1 DAGs
[2023-08-21T23:57:22.277+0000] {logging_mixin.py:137} INFO - [2023-08-21T23:57:22.277+0000] {dag.py:3441} INFO - Setting next_dagrun for example_branch_labels to 2023-08-20T00:00:00+00:00, run_after=2023-08-21T00:00:00+00:00
[2023-08-21T23:57:22.373+0000] {processor.py:175} INFO - Processing /home/airflow/.local/lib/python3.7/site-packages/airflow/example_dags/example_branch_labels.py took 0.172 seconds
[2023-08-21T23:57:52.771+0000] {processor.py:153} INFO - Started process (PID=1182) to work on /home/airflow/.local/lib/python3.7/site-packages/airflow/example_dags/example_branch_labels.py
[2023-08-21T23:57:52.772+0000] {processor.py:743} INFO - Processing file /home/airflow/.local/lib/python3.7/site-packages/airflow/example_dags/example_branch_labels.py for tasks to queue
[2023-08-21T23:57:52.773+0000] {logging_mixin.py:137} INFO - [2023-08-21T23:57:52.773+0000] {dagbag.py:538} INFO - Filling up the DagBag from /home/airflow/.local/lib/python3.7/site-packages/airflow/example_dags/example_branch_labels.py
[2023-08-21T23:57:52.788+0000] {processor.py:753} INFO - DAG(s) dict_keys(['example_branch_labels']) retrieved from /home/airflow/.local/lib/python3.7/site-packages/airflow/example_dags/example_branch_labels.py
[2023-08-21T23:57:52.821+0000] {logging_mixin.py:137} INFO - [2023-08-21T23:57:52.821+0000] {dag.py:2690} INFO - Sync 1 DAGs
[2023-08-21T23:57:52.848+0000] {logging_mixin.py:137} INFO - [2023-08-21T23:57:52.848+0000] {dag.py:3441} INFO - Setting next_dagrun for example_branch_labels to 2023-08-20T00:00:00+00:00, run_after=2023-08-21T00:00:00+00:00
[2023-08-21T23:57:52.921+0000] {processor.py:175} INFO - Processing /home/airflow/.local/lib/python3.7/site-packages/airflow/example_dags/example_branch_labels.py took 0.154 seconds
[2023-08-21T23:58:22.988+0000] {processor.py:153} INFO - Started process (PID=1245) to work on /home/airflow/.local/lib/python3.7/site-packages/airflow/example_dags/example_branch_labels.py
[2023-08-21T23:58:22.989+0000] {processor.py:743} INFO - Processing file /home/airflow/.local/lib/python3.7/site-packages/airflow/example_dags/example_branch_labels.py for tasks to queue
[2023-08-21T23:58:22.990+0000] {logging_mixin.py:137} INFO - [2023-08-21T23:58:22.990+0000] {dagbag.py:538} INFO - Filling up the DagBag from /home/airflow/.local/lib/python3.7/site-packages/airflow/example_dags/example_branch_labels.py
[2023-08-21T23:58:23.004+0000] {processor.py:753} INFO - DAG(s) dict_keys(['example_branch_labels']) retrieved from /home/airflow/.local/lib/python3.7/site-packages/airflow/example_dags/example_branch_labels.py
[2023-08-21T23:58:23.029+0000] {logging_mixin.py:137} INFO - [2023-08-21T23:58:23.029+0000] {dag.py:2690} INFO - Sync 1 DAGs
[2023-08-21T23:58:23.057+0000] {logging_mixin.py:137} INFO - [2023-08-21T23:58:23.057+0000] {dag.py:3441} INFO - Setting next_dagrun for example_branch_labels to 2023-08-20T00:00:00+00:00, run_after=2023-08-21T00:00:00+00:00
[2023-08-21T23:58:23.155+0000] {processor.py:175} INFO - Processing /home/airflow/.local/lib/python3.7/site-packages/airflow/example_dags/example_branch_labels.py took 0.170 seconds
[2023-08-21T23:58:53.367+0000] {processor.py:153} INFO - Started process (PID=1320) to work on /home/airflow/.local/lib/python3.7/site-packages/airflow/example_dags/example_branch_labels.py
[2023-08-21T23:58:53.368+0000] {processor.py:743} INFO - Processing file /home/airflow/.local/lib/python3.7/site-packages/airflow/example_dags/example_branch_labels.py for tasks to queue
[2023-08-21T23:58:53.368+0000] {logging_mixin.py:137} INFO - [2023-08-21T23:58:53.368+0000] {dagbag.py:538} INFO - Filling up the DagBag from /home/airflow/.local/lib/python3.7/site-packages/airflow/example_dags/example_branch_labels.py
[2023-08-21T23:58:53.385+0000] {processor.py:753} INFO - DAG(s) dict_keys(['example_branch_labels']) retrieved from /home/airflow/.local/lib/python3.7/site-packages/airflow/example_dags/example_branch_labels.py
[2023-08-21T23:58:53.415+0000] {logging_mixin.py:137} INFO - [2023-08-21T23:58:53.414+0000] {dag.py:2690} INFO - Sync 1 DAGs
[2023-08-21T23:58:53.443+0000] {logging_mixin.py:137} INFO - [2023-08-21T23:58:53.443+0000] {dag.py:3441} INFO - Setting next_dagrun for example_branch_labels to 2023-08-20T00:00:00+00:00, run_after=2023-08-21T00:00:00+00:00
[2023-08-21T23:58:53.506+0000] {processor.py:175} INFO - Processing /home/airflow/.local/lib/python3.7/site-packages/airflow/example_dags/example_branch_labels.py took 0.144 seconds
[2023-08-21T23:59:23.916+0000] {processor.py:153} INFO - Started process (PID=1383) to work on /home/airflow/.local/lib/python3.7/site-packages/airflow/example_dags/example_branch_labels.py
[2023-08-21T23:59:23.916+0000] {processor.py:743} INFO - Processing file /home/airflow/.local/lib/python3.7/site-packages/airflow/example_dags/example_branch_labels.py for tasks to queue
[2023-08-21T23:59:23.917+0000] {logging_mixin.py:137} INFO - [2023-08-21T23:59:23.917+0000] {dagbag.py:538} INFO - Filling up the DagBag from /home/airflow/.local/lib/python3.7/site-packages/airflow/example_dags/example_branch_labels.py
[2023-08-21T23:59:23.933+0000] {processor.py:753} INFO - DAG(s) dict_keys(['example_branch_labels']) retrieved from /home/airflow/.local/lib/python3.7/site-packages/airflow/example_dags/example_branch_labels.py
[2023-08-21T23:59:23.960+0000] {logging_mixin.py:137} INFO - [2023-08-21T23:59:23.960+0000] {dag.py:2690} INFO - Sync 1 DAGs
[2023-08-21T23:59:23.990+0000] {logging_mixin.py:137} INFO - [2023-08-21T23:59:23.990+0000] {dag.py:3441} INFO - Setting next_dagrun for example_branch_labels to 2023-08-20T00:00:00+00:00, run_after=2023-08-21T00:00:00+00:00
[2023-08-21T23:59:24.112+0000] {processor.py:175} INFO - Processing /home/airflow/.local/lib/python3.7/site-packages/airflow/example_dags/example_branch_labels.py took 0.200 seconds
[2023-08-21T23:59:54.305+0000] {processor.py:153} INFO - Started process (PID=1458) to work on /home/airflow/.local/lib/python3.7/site-packages/airflow/example_dags/example_branch_labels.py
[2023-08-21T23:59:54.306+0000] {processor.py:743} INFO - Processing file /home/airflow/.local/lib/python3.7/site-packages/airflow/example_dags/example_branch_labels.py for tasks to queue
[2023-08-21T23:59:54.307+0000] {logging_mixin.py:137} INFO - [2023-08-21T23:59:54.307+0000] {dagbag.py:538} INFO - Filling up the DagBag from /home/airflow/.local/lib/python3.7/site-packages/airflow/example_dags/example_branch_labels.py
[2023-08-21T23:59:54.328+0000] {processor.py:753} INFO - DAG(s) dict_keys(['example_branch_labels']) retrieved from /home/airflow/.local/lib/python3.7/site-packages/airflow/example_dags/example_branch_labels.py
[2023-08-21T23:59:54.369+0000] {logging_mixin.py:137} INFO - [2023-08-21T23:59:54.369+0000] {dag.py:2690} INFO - Sync 1 DAGs
[2023-08-21T23:59:54.404+0000] {logging_mixin.py:137} INFO - [2023-08-21T23:59:54.404+0000] {dag.py:3441} INFO - Setting next_dagrun for example_branch_labels to 2023-08-20T00:00:00+00:00, run_after=2023-08-21T00:00:00+00:00
[2023-08-21T23:59:54.523+0000] {processor.py:175} INFO - Processing /home/airflow/.local/lib/python3.7/site-packages/airflow/example_dags/example_branch_labels.py took 0.222 seconds
