[2023-08-21T23:49:36.163+0000] {processor.py:153} INFO - Started process (PID=54) to work on /home/airflow/.local/lib/python3.7/site-packages/airflow/example_dags/tutorial.py
[2023-08-21T23:49:36.165+0000] {processor.py:743} INFO - Processing file /home/airflow/.local/lib/python3.7/site-packages/airflow/example_dags/tutorial.py for tasks to queue
[2023-08-21T23:49:36.167+0000] {logging_mixin.py:137} INFO - [2023-08-21T23:49:36.166+0000] {dagbag.py:538} INFO - Filling up the DagBag from /home/airflow/.local/lib/python3.7/site-packages/airflow/example_dags/tutorial.py
[2023-08-21T23:49:36.202+0000] {processor.py:753} INFO - DAG(s) dict_keys(['tutorial']) retrieved from /home/airflow/.local/lib/python3.7/site-packages/airflow/example_dags/tutorial.py
[2023-08-21T23:49:36.525+0000] {logging_mixin.py:137} INFO - [2023-08-21T23:49:36.525+0000] {manager.py:504} INFO - Created Permission View: can edit on DAG:tutorial
[2023-08-21T23:49:36.643+0000] {logging_mixin.py:137} INFO - [2023-08-21T23:49:36.643+0000] {manager.py:504} INFO - Created Permission View: can read on DAG:tutorial
[2023-08-21T23:49:36.693+0000] {logging_mixin.py:137} INFO - [2023-08-21T23:49:36.692+0000] {manager.py:504} INFO - Created Permission View: can delete on DAG:tutorial
[2023-08-21T23:49:36.693+0000] {logging_mixin.py:137} INFO - [2023-08-21T23:49:36.693+0000] {dag.py:2690} INFO - Sync 1 DAGs
[2023-08-21T23:49:36.708+0000] {logging_mixin.py:137} INFO - [2023-08-21T23:49:36.708+0000] {dag.py:2711} INFO - Creating ORM DAG for tutorial
[2023-08-21T23:49:36.722+0000] {logging_mixin.py:137} INFO - [2023-08-21T23:49:36.722+0000] {dag.py:3441} INFO - Setting next_dagrun for tutorial to 2023-08-20T23:49:36.722249+00:00, run_after=2023-08-21T23:49:36.722249+00:00
[2023-08-21T23:49:36.775+0000] {processor.py:175} INFO - Processing /home/airflow/.local/lib/python3.7/site-packages/airflow/example_dags/tutorial.py took 0.620 seconds
[2023-08-21T23:50:07.295+0000] {processor.py:153} INFO - Started process (PID=117) to work on /home/airflow/.local/lib/python3.7/site-packages/airflow/example_dags/tutorial.py
[2023-08-21T23:50:07.296+0000] {processor.py:743} INFO - Processing file /home/airflow/.local/lib/python3.7/site-packages/airflow/example_dags/tutorial.py for tasks to queue
[2023-08-21T23:50:07.297+0000] {logging_mixin.py:137} INFO - [2023-08-21T23:50:07.296+0000] {dagbag.py:538} INFO - Filling up the DagBag from /home/airflow/.local/lib/python3.7/site-packages/airflow/example_dags/tutorial.py
[2023-08-21T23:50:07.313+0000] {processor.py:753} INFO - DAG(s) dict_keys(['tutorial']) retrieved from /home/airflow/.local/lib/python3.7/site-packages/airflow/example_dags/tutorial.py
[2023-08-21T23:50:07.343+0000] {logging_mixin.py:137} INFO - [2023-08-21T23:50:07.343+0000] {dag.py:2690} INFO - Sync 1 DAGs
[2023-08-21T23:50:07.369+0000] {logging_mixin.py:137} INFO - [2023-08-21T23:50:07.369+0000] {dag.py:3441} INFO - Setting next_dagrun for tutorial to 2023-08-20T23:50:07.368905+00:00, run_after=2023-08-21T23:50:07.368905+00:00
[2023-08-21T23:50:07.420+0000] {processor.py:175} INFO - Processing /home/airflow/.local/lib/python3.7/site-packages/airflow/example_dags/tutorial.py took 0.129 seconds
[2023-08-21T23:50:37.864+0000] {processor.py:153} INFO - Started process (PID=193) to work on /home/airflow/.local/lib/python3.7/site-packages/airflow/example_dags/tutorial.py
[2023-08-21T23:50:37.865+0000] {processor.py:743} INFO - Processing file /home/airflow/.local/lib/python3.7/site-packages/airflow/example_dags/tutorial.py for tasks to queue
[2023-08-21T23:50:37.866+0000] {logging_mixin.py:137} INFO - [2023-08-21T23:50:37.866+0000] {dagbag.py:538} INFO - Filling up the DagBag from /home/airflow/.local/lib/python3.7/site-packages/airflow/example_dags/tutorial.py
[2023-08-21T23:50:37.883+0000] {processor.py:753} INFO - DAG(s) dict_keys(['tutorial']) retrieved from /home/airflow/.local/lib/python3.7/site-packages/airflow/example_dags/tutorial.py
[2023-08-21T23:50:37.915+0000] {logging_mixin.py:137} INFO - [2023-08-21T23:50:37.915+0000] {dag.py:2690} INFO - Sync 1 DAGs
[2023-08-21T23:50:37.948+0000] {logging_mixin.py:137} INFO - [2023-08-21T23:50:37.948+0000] {dag.py:3441} INFO - Setting next_dagrun for tutorial to 2023-08-20T23:50:37.947764+00:00, run_after=2023-08-21T23:50:37.947764+00:00
[2023-08-21T23:50:38.000+0000] {processor.py:175} INFO - Processing /home/airflow/.local/lib/python3.7/site-packages/airflow/example_dags/tutorial.py took 0.140 seconds
[2023-08-21T23:51:08.080+0000] {processor.py:153} INFO - Started process (PID=255) to work on /home/airflow/.local/lib/python3.7/site-packages/airflow/example_dags/tutorial.py
[2023-08-21T23:51:08.080+0000] {processor.py:743} INFO - Processing file /home/airflow/.local/lib/python3.7/site-packages/airflow/example_dags/tutorial.py for tasks to queue
[2023-08-21T23:51:08.081+0000] {logging_mixin.py:137} INFO - [2023-08-21T23:51:08.081+0000] {dagbag.py:538} INFO - Filling up the DagBag from /home/airflow/.local/lib/python3.7/site-packages/airflow/example_dags/tutorial.py
[2023-08-21T23:51:08.098+0000] {processor.py:753} INFO - DAG(s) dict_keys(['tutorial']) retrieved from /home/airflow/.local/lib/python3.7/site-packages/airflow/example_dags/tutorial.py
[2023-08-21T23:51:08.125+0000] {logging_mixin.py:137} INFO - [2023-08-21T23:51:08.124+0000] {dag.py:2690} INFO - Sync 1 DAGs
[2023-08-21T23:51:08.151+0000] {logging_mixin.py:137} INFO - [2023-08-21T23:51:08.151+0000] {dag.py:3441} INFO - Setting next_dagrun for tutorial to 2023-08-20T23:51:08.151346+00:00, run_after=2023-08-21T23:51:08.151346+00:00
[2023-08-21T23:51:08.290+0000] {processor.py:175} INFO - Processing /home/airflow/.local/lib/python3.7/site-packages/airflow/example_dags/tutorial.py took 0.214 seconds
[2023-08-21T23:51:38.770+0000] {processor.py:153} INFO - Started process (PID=329) to work on /home/airflow/.local/lib/python3.7/site-packages/airflow/example_dags/tutorial.py
[2023-08-21T23:51:38.771+0000] {processor.py:743} INFO - Processing file /home/airflow/.local/lib/python3.7/site-packages/airflow/example_dags/tutorial.py for tasks to queue
[2023-08-21T23:51:38.772+0000] {logging_mixin.py:137} INFO - [2023-08-21T23:51:38.772+0000] {dagbag.py:538} INFO - Filling up the DagBag from /home/airflow/.local/lib/python3.7/site-packages/airflow/example_dags/tutorial.py
[2023-08-21T23:51:38.786+0000] {processor.py:753} INFO - DAG(s) dict_keys(['tutorial']) retrieved from /home/airflow/.local/lib/python3.7/site-packages/airflow/example_dags/tutorial.py
[2023-08-21T23:51:38.812+0000] {logging_mixin.py:137} INFO - [2023-08-21T23:51:38.812+0000] {dag.py:2690} INFO - Sync 1 DAGs
[2023-08-21T23:51:38.838+0000] {logging_mixin.py:137} INFO - [2023-08-21T23:51:38.838+0000] {dag.py:3441} INFO - Setting next_dagrun for tutorial to 2023-08-20T23:51:38.837856+00:00, run_after=2023-08-21T23:51:38.837856+00:00
[2023-08-21T23:51:38.905+0000] {processor.py:175} INFO - Processing /home/airflow/.local/lib/python3.7/site-packages/airflow/example_dags/tutorial.py took 0.138 seconds
[2023-08-21T23:52:09.882+0000] {processor.py:153} INFO - Started process (PID=392) to work on /home/airflow/.local/lib/python3.7/site-packages/airflow/example_dags/tutorial.py
[2023-08-21T23:52:09.883+0000] {processor.py:743} INFO - Processing file /home/airflow/.local/lib/python3.7/site-packages/airflow/example_dags/tutorial.py for tasks to queue
[2023-08-21T23:52:09.883+0000] {logging_mixin.py:137} INFO - [2023-08-21T23:52:09.883+0000] {dagbag.py:538} INFO - Filling up the DagBag from /home/airflow/.local/lib/python3.7/site-packages/airflow/example_dags/tutorial.py
[2023-08-21T23:52:09.897+0000] {processor.py:753} INFO - DAG(s) dict_keys(['tutorial']) retrieved from /home/airflow/.local/lib/python3.7/site-packages/airflow/example_dags/tutorial.py
[2023-08-21T23:52:09.923+0000] {logging_mixin.py:137} INFO - [2023-08-21T23:52:09.923+0000] {dag.py:2690} INFO - Sync 1 DAGs
[2023-08-21T23:52:09.948+0000] {logging_mixin.py:137} INFO - [2023-08-21T23:52:09.948+0000] {dag.py:3441} INFO - Setting next_dagrun for tutorial to 2023-08-20T23:52:09.948432+00:00, run_after=2023-08-21T23:52:09.948432+00:00
[2023-08-21T23:52:09.993+0000] {processor.py:175} INFO - Processing /home/airflow/.local/lib/python3.7/site-packages/airflow/example_dags/tutorial.py took 0.115 seconds
[2023-08-21T23:52:40.766+0000] {processor.py:153} INFO - Started process (PID=466) to work on /home/airflow/.local/lib/python3.7/site-packages/airflow/example_dags/tutorial.py
[2023-08-21T23:52:40.772+0000] {processor.py:743} INFO - Processing file /home/airflow/.local/lib/python3.7/site-packages/airflow/example_dags/tutorial.py for tasks to queue
[2023-08-21T23:52:40.773+0000] {logging_mixin.py:137} INFO - [2023-08-21T23:52:40.773+0000] {dagbag.py:538} INFO - Filling up the DagBag from /home/airflow/.local/lib/python3.7/site-packages/airflow/example_dags/tutorial.py
[2023-08-21T23:52:40.810+0000] {processor.py:753} INFO - DAG(s) dict_keys(['tutorial']) retrieved from /home/airflow/.local/lib/python3.7/site-packages/airflow/example_dags/tutorial.py
[2023-08-21T23:52:40.848+0000] {logging_mixin.py:137} INFO - [2023-08-21T23:52:40.847+0000] {dag.py:2690} INFO - Sync 1 DAGs
[2023-08-21T23:52:40.879+0000] {logging_mixin.py:137} INFO - [2023-08-21T23:52:40.878+0000] {dag.py:3441} INFO - Setting next_dagrun for tutorial to 2023-08-20T23:52:40.878495+00:00, run_after=2023-08-21T23:52:40.878495+00:00
[2023-08-21T23:52:40.999+0000] {processor.py:175} INFO - Processing /home/airflow/.local/lib/python3.7/site-packages/airflow/example_dags/tutorial.py took 0.237 seconds
[2023-08-21T23:53:11.186+0000] {processor.py:153} INFO - Started process (PID=530) to work on /home/airflow/.local/lib/python3.7/site-packages/airflow/example_dags/tutorial.py
[2023-08-21T23:53:11.187+0000] {processor.py:743} INFO - Processing file /home/airflow/.local/lib/python3.7/site-packages/airflow/example_dags/tutorial.py for tasks to queue
[2023-08-21T23:53:11.188+0000] {logging_mixin.py:137} INFO - [2023-08-21T23:53:11.187+0000] {dagbag.py:538} INFO - Filling up the DagBag from /home/airflow/.local/lib/python3.7/site-packages/airflow/example_dags/tutorial.py
[2023-08-21T23:53:11.203+0000] {processor.py:753} INFO - DAG(s) dict_keys(['tutorial']) retrieved from /home/airflow/.local/lib/python3.7/site-packages/airflow/example_dags/tutorial.py
[2023-08-21T23:53:11.230+0000] {logging_mixin.py:137} INFO - [2023-08-21T23:53:11.230+0000] {dag.py:2690} INFO - Sync 1 DAGs
[2023-08-21T23:53:11.257+0000] {logging_mixin.py:137} INFO - [2023-08-21T23:53:11.257+0000] {dag.py:3441} INFO - Setting next_dagrun for tutorial to 2023-08-20T23:53:11.256970+00:00, run_after=2023-08-21T23:53:11.256970+00:00
[2023-08-21T23:53:11.353+0000] {processor.py:175} INFO - Processing /home/airflow/.local/lib/python3.7/site-packages/airflow/example_dags/tutorial.py took 0.170 seconds
[2023-08-21T23:53:41.539+0000] {processor.py:153} INFO - Started process (PID=593) to work on /home/airflow/.local/lib/python3.7/site-packages/airflow/example_dags/tutorial.py
[2023-08-21T23:53:41.540+0000] {processor.py:743} INFO - Processing file /home/airflow/.local/lib/python3.7/site-packages/airflow/example_dags/tutorial.py for tasks to queue
[2023-08-21T23:53:41.541+0000] {logging_mixin.py:137} INFO - [2023-08-21T23:53:41.541+0000] {dagbag.py:538} INFO - Filling up the DagBag from /home/airflow/.local/lib/python3.7/site-packages/airflow/example_dags/tutorial.py
[2023-08-21T23:53:41.556+0000] {processor.py:753} INFO - DAG(s) dict_keys(['tutorial']) retrieved from /home/airflow/.local/lib/python3.7/site-packages/airflow/example_dags/tutorial.py
[2023-08-21T23:53:41.582+0000] {logging_mixin.py:137} INFO - [2023-08-21T23:53:41.582+0000] {dag.py:2690} INFO - Sync 1 DAGs
[2023-08-21T23:53:41.609+0000] {logging_mixin.py:137} INFO - [2023-08-21T23:53:41.609+0000] {dag.py:3441} INFO - Setting next_dagrun for tutorial to 2023-08-20T23:53:41.608910+00:00, run_after=2023-08-21T23:53:41.608910+00:00
[2023-08-21T23:53:41.652+0000] {processor.py:175} INFO - Processing /home/airflow/.local/lib/python3.7/site-packages/airflow/example_dags/tutorial.py took 0.117 seconds
[2023-08-21T23:54:12.044+0000] {processor.py:153} INFO - Started process (PID=668) to work on /home/airflow/.local/lib/python3.7/site-packages/airflow/example_dags/tutorial.py
[2023-08-21T23:54:12.046+0000] {processor.py:743} INFO - Processing file /home/airflow/.local/lib/python3.7/site-packages/airflow/example_dags/tutorial.py for tasks to queue
[2023-08-21T23:54:12.046+0000] {logging_mixin.py:137} INFO - [2023-08-21T23:54:12.046+0000] {dagbag.py:538} INFO - Filling up the DagBag from /home/airflow/.local/lib/python3.7/site-packages/airflow/example_dags/tutorial.py
[2023-08-21T23:54:12.068+0000] {processor.py:753} INFO - DAG(s) dict_keys(['tutorial']) retrieved from /home/airflow/.local/lib/python3.7/site-packages/airflow/example_dags/tutorial.py
[2023-08-21T23:54:12.097+0000] {logging_mixin.py:137} INFO - [2023-08-21T23:54:12.097+0000] {dag.py:2690} INFO - Sync 1 DAGs
[2023-08-21T23:54:12.124+0000] {logging_mixin.py:137} INFO - [2023-08-21T23:54:12.124+0000] {dag.py:3441} INFO - Setting next_dagrun for tutorial to 2023-08-20T23:54:12.124059+00:00, run_after=2023-08-21T23:54:12.124059+00:00
[2023-08-21T23:54:12.199+0000] {processor.py:175} INFO - Processing /home/airflow/.local/lib/python3.7/site-packages/airflow/example_dags/tutorial.py took 0.159 seconds
[2023-08-21T23:54:42.594+0000] {processor.py:153} INFO - Started process (PID=731) to work on /home/airflow/.local/lib/python3.7/site-packages/airflow/example_dags/tutorial.py
[2023-08-21T23:54:42.596+0000] {processor.py:743} INFO - Processing file /home/airflow/.local/lib/python3.7/site-packages/airflow/example_dags/tutorial.py for tasks to queue
[2023-08-21T23:54:42.596+0000] {logging_mixin.py:137} INFO - [2023-08-21T23:54:42.596+0000] {dagbag.py:538} INFO - Filling up the DagBag from /home/airflow/.local/lib/python3.7/site-packages/airflow/example_dags/tutorial.py
[2023-08-21T23:54:42.613+0000] {processor.py:753} INFO - DAG(s) dict_keys(['tutorial']) retrieved from /home/airflow/.local/lib/python3.7/site-packages/airflow/example_dags/tutorial.py
[2023-08-21T23:54:42.645+0000] {logging_mixin.py:137} INFO - [2023-08-21T23:54:42.645+0000] {dag.py:2690} INFO - Sync 1 DAGs
[2023-08-21T23:54:42.674+0000] {logging_mixin.py:137} INFO - [2023-08-21T23:54:42.674+0000] {dag.py:3441} INFO - Setting next_dagrun for tutorial to 2023-08-20T23:54:42.674429+00:00, run_after=2023-08-21T23:54:42.674429+00:00
[2023-08-21T23:54:42.798+0000] {processor.py:175} INFO - Processing /home/airflow/.local/lib/python3.7/site-packages/airflow/example_dags/tutorial.py took 0.209 seconds
[2023-08-21T23:55:12.901+0000] {processor.py:153} INFO - Started process (PID=807) to work on /home/airflow/.local/lib/python3.7/site-packages/airflow/example_dags/tutorial.py
[2023-08-21T23:55:12.901+0000] {processor.py:743} INFO - Processing file /home/airflow/.local/lib/python3.7/site-packages/airflow/example_dags/tutorial.py for tasks to queue
[2023-08-21T23:55:12.902+0000] {logging_mixin.py:137} INFO - [2023-08-21T23:55:12.902+0000] {dagbag.py:538} INFO - Filling up the DagBag from /home/airflow/.local/lib/python3.7/site-packages/airflow/example_dags/tutorial.py
[2023-08-21T23:55:12.917+0000] {processor.py:753} INFO - DAG(s) dict_keys(['tutorial']) retrieved from /home/airflow/.local/lib/python3.7/site-packages/airflow/example_dags/tutorial.py
[2023-08-21T23:55:12.945+0000] {logging_mixin.py:137} INFO - [2023-08-21T23:55:12.945+0000] {dag.py:2690} INFO - Sync 1 DAGs
[2023-08-21T23:55:12.971+0000] {logging_mixin.py:137} INFO - [2023-08-21T23:55:12.971+0000] {dag.py:3441} INFO - Setting next_dagrun for tutorial to 2023-08-20T23:55:12.971112+00:00, run_after=2023-08-21T23:55:12.971112+00:00
[2023-08-21T23:55:13.019+0000] {processor.py:175} INFO - Processing /home/airflow/.local/lib/python3.7/site-packages/airflow/example_dags/tutorial.py took 0.121 seconds
[2023-08-21T23:55:43.496+0000] {processor.py:153} INFO - Started process (PID=871) to work on /home/airflow/.local/lib/python3.7/site-packages/airflow/example_dags/tutorial.py
[2023-08-21T23:55:43.496+0000] {processor.py:743} INFO - Processing file /home/airflow/.local/lib/python3.7/site-packages/airflow/example_dags/tutorial.py for tasks to queue
[2023-08-21T23:55:43.497+0000] {logging_mixin.py:137} INFO - [2023-08-21T23:55:43.497+0000] {dagbag.py:538} INFO - Filling up the DagBag from /home/airflow/.local/lib/python3.7/site-packages/airflow/example_dags/tutorial.py
[2023-08-21T23:55:43.512+0000] {processor.py:753} INFO - DAG(s) dict_keys(['tutorial']) retrieved from /home/airflow/.local/lib/python3.7/site-packages/airflow/example_dags/tutorial.py
[2023-08-21T23:55:43.539+0000] {logging_mixin.py:137} INFO - [2023-08-21T23:55:43.539+0000] {dag.py:2690} INFO - Sync 1 DAGs
[2023-08-21T23:55:43.564+0000] {logging_mixin.py:137} INFO - [2023-08-21T23:55:43.564+0000] {dag.py:3441} INFO - Setting next_dagrun for tutorial to 2023-08-20T23:55:43.563769+00:00, run_after=2023-08-21T23:55:43.563769+00:00
[2023-08-21T23:55:43.615+0000] {processor.py:175} INFO - Processing /home/airflow/.local/lib/python3.7/site-packages/airflow/example_dags/tutorial.py took 0.123 seconds
[2023-08-21T23:56:13.724+0000] {processor.py:153} INFO - Started process (PID=946) to work on /home/airflow/.local/lib/python3.7/site-packages/airflow/example_dags/tutorial.py
[2023-08-21T23:56:13.725+0000] {processor.py:743} INFO - Processing file /home/airflow/.local/lib/python3.7/site-packages/airflow/example_dags/tutorial.py for tasks to queue
[2023-08-21T23:56:13.726+0000] {logging_mixin.py:137} INFO - [2023-08-21T23:56:13.726+0000] {dagbag.py:538} INFO - Filling up the DagBag from /home/airflow/.local/lib/python3.7/site-packages/airflow/example_dags/tutorial.py
[2023-08-21T23:56:13.740+0000] {processor.py:753} INFO - DAG(s) dict_keys(['tutorial']) retrieved from /home/airflow/.local/lib/python3.7/site-packages/airflow/example_dags/tutorial.py
[2023-08-21T23:56:13.769+0000] {logging_mixin.py:137} INFO - [2023-08-21T23:56:13.769+0000] {dag.py:2690} INFO - Sync 1 DAGs
[2023-08-21T23:56:13.794+0000] {logging_mixin.py:137} INFO - [2023-08-21T23:56:13.794+0000] {dag.py:3441} INFO - Setting next_dagrun for tutorial to 2023-08-20T23:56:13.793909+00:00, run_after=2023-08-21T23:56:13.793909+00:00
[2023-08-21T23:56:13.841+0000] {processor.py:175} INFO - Processing /home/airflow/.local/lib/python3.7/site-packages/airflow/example_dags/tutorial.py took 0.120 seconds
[2023-08-21T23:56:44.041+0000] {processor.py:153} INFO - Started process (PID=1009) to work on /home/airflow/.local/lib/python3.7/site-packages/airflow/example_dags/tutorial.py
[2023-08-21T23:56:44.042+0000] {processor.py:743} INFO - Processing file /home/airflow/.local/lib/python3.7/site-packages/airflow/example_dags/tutorial.py for tasks to queue
[2023-08-21T23:56:44.042+0000] {logging_mixin.py:137} INFO - [2023-08-21T23:56:44.042+0000] {dagbag.py:538} INFO - Filling up the DagBag from /home/airflow/.local/lib/python3.7/site-packages/airflow/example_dags/tutorial.py
[2023-08-21T23:56:44.057+0000] {processor.py:753} INFO - DAG(s) dict_keys(['tutorial']) retrieved from /home/airflow/.local/lib/python3.7/site-packages/airflow/example_dags/tutorial.py
[2023-08-21T23:56:44.087+0000] {logging_mixin.py:137} INFO - [2023-08-21T23:56:44.087+0000] {dag.py:2690} INFO - Sync 1 DAGs
[2023-08-21T23:56:44.113+0000] {logging_mixin.py:137} INFO - [2023-08-21T23:56:44.113+0000] {dag.py:3441} INFO - Setting next_dagrun for tutorial to 2023-08-20T23:56:44.112974+00:00, run_after=2023-08-21T23:56:44.112974+00:00
[2023-08-21T23:56:44.173+0000] {processor.py:175} INFO - Processing /home/airflow/.local/lib/python3.7/site-packages/airflow/example_dags/tutorial.py took 0.135 seconds
[2023-08-21T23:57:14.228+0000] {processor.py:153} INFO - Started process (PID=1084) to work on /home/airflow/.local/lib/python3.7/site-packages/airflow/example_dags/tutorial.py
[2023-08-21T23:57:14.228+0000] {processor.py:743} INFO - Processing file /home/airflow/.local/lib/python3.7/site-packages/airflow/example_dags/tutorial.py for tasks to queue
[2023-08-21T23:57:14.229+0000] {logging_mixin.py:137} INFO - [2023-08-21T23:57:14.229+0000] {dagbag.py:538} INFO - Filling up the DagBag from /home/airflow/.local/lib/python3.7/site-packages/airflow/example_dags/tutorial.py
[2023-08-21T23:57:14.243+0000] {processor.py:753} INFO - DAG(s) dict_keys(['tutorial']) retrieved from /home/airflow/.local/lib/python3.7/site-packages/airflow/example_dags/tutorial.py
[2023-08-21T23:57:14.271+0000] {logging_mixin.py:137} INFO - [2023-08-21T23:57:14.271+0000] {dag.py:2690} INFO - Sync 1 DAGs
[2023-08-21T23:57:14.298+0000] {logging_mixin.py:137} INFO - [2023-08-21T23:57:14.298+0000] {dag.py:3441} INFO - Setting next_dagrun for tutorial to 2023-08-20T23:57:14.297943+00:00, run_after=2023-08-21T23:57:14.297943+00:00
[2023-08-21T23:57:14.355+0000] {processor.py:175} INFO - Processing /home/airflow/.local/lib/python3.7/site-packages/airflow/example_dags/tutorial.py took 0.131 seconds
[2023-08-21T23:57:44.491+0000] {processor.py:153} INFO - Started process (PID=1147) to work on /home/airflow/.local/lib/python3.7/site-packages/airflow/example_dags/tutorial.py
[2023-08-21T23:57:44.492+0000] {processor.py:743} INFO - Processing file /home/airflow/.local/lib/python3.7/site-packages/airflow/example_dags/tutorial.py for tasks to queue
[2023-08-21T23:57:44.493+0000] {logging_mixin.py:137} INFO - [2023-08-21T23:57:44.493+0000] {dagbag.py:538} INFO - Filling up the DagBag from /home/airflow/.local/lib/python3.7/site-packages/airflow/example_dags/tutorial.py
[2023-08-21T23:57:44.509+0000] {processor.py:753} INFO - DAG(s) dict_keys(['tutorial']) retrieved from /home/airflow/.local/lib/python3.7/site-packages/airflow/example_dags/tutorial.py
[2023-08-21T23:57:44.536+0000] {logging_mixin.py:137} INFO - [2023-08-21T23:57:44.536+0000] {dag.py:2690} INFO - Sync 1 DAGs
[2023-08-21T23:57:44.564+0000] {logging_mixin.py:137} INFO - [2023-08-21T23:57:44.564+0000] {dag.py:3441} INFO - Setting next_dagrun for tutorial to 2023-08-20T23:57:44.564223+00:00, run_after=2023-08-21T23:57:44.564223+00:00
[2023-08-21T23:57:44.635+0000] {processor.py:175} INFO - Processing /home/airflow/.local/lib/python3.7/site-packages/airflow/example_dags/tutorial.py took 0.148 seconds
[2023-08-21T23:58:15.017+0000] {processor.py:153} INFO - Started process (PID=1221) to work on /home/airflow/.local/lib/python3.7/site-packages/airflow/example_dags/tutorial.py
[2023-08-21T23:58:15.018+0000] {processor.py:743} INFO - Processing file /home/airflow/.local/lib/python3.7/site-packages/airflow/example_dags/tutorial.py for tasks to queue
[2023-08-21T23:58:15.019+0000] {logging_mixin.py:137} INFO - [2023-08-21T23:58:15.019+0000] {dagbag.py:538} INFO - Filling up the DagBag from /home/airflow/.local/lib/python3.7/site-packages/airflow/example_dags/tutorial.py
[2023-08-21T23:58:15.040+0000] {processor.py:753} INFO - DAG(s) dict_keys(['tutorial']) retrieved from /home/airflow/.local/lib/python3.7/site-packages/airflow/example_dags/tutorial.py
[2023-08-21T23:58:15.068+0000] {logging_mixin.py:137} INFO - [2023-08-21T23:58:15.068+0000] {dag.py:2690} INFO - Sync 1 DAGs
[2023-08-21T23:58:15.097+0000] {logging_mixin.py:137} INFO - [2023-08-21T23:58:15.097+0000] {dag.py:3441} INFO - Setting next_dagrun for tutorial to 2023-08-20T23:58:15.097300+00:00, run_after=2023-08-21T23:58:15.097300+00:00
[2023-08-21T23:58:15.157+0000] {processor.py:175} INFO - Processing /home/airflow/.local/lib/python3.7/site-packages/airflow/example_dags/tutorial.py took 0.144 seconds
[2023-08-21T23:58:45.188+0000] {processor.py:153} INFO - Started process (PID=1283) to work on /home/airflow/.local/lib/python3.7/site-packages/airflow/example_dags/tutorial.py
[2023-08-21T23:58:45.189+0000] {processor.py:743} INFO - Processing file /home/airflow/.local/lib/python3.7/site-packages/airflow/example_dags/tutorial.py for tasks to queue
[2023-08-21T23:58:45.190+0000] {logging_mixin.py:137} INFO - [2023-08-21T23:58:45.190+0000] {dagbag.py:538} INFO - Filling up the DagBag from /home/airflow/.local/lib/python3.7/site-packages/airflow/example_dags/tutorial.py
[2023-08-21T23:58:45.207+0000] {processor.py:753} INFO - DAG(s) dict_keys(['tutorial']) retrieved from /home/airflow/.local/lib/python3.7/site-packages/airflow/example_dags/tutorial.py
[2023-08-21T23:58:45.236+0000] {logging_mixin.py:137} INFO - [2023-08-21T23:58:45.236+0000] {dag.py:2690} INFO - Sync 1 DAGs
[2023-08-21T23:58:45.262+0000] {logging_mixin.py:137} INFO - [2023-08-21T23:58:45.262+0000] {dag.py:3441} INFO - Setting next_dagrun for tutorial to 2023-08-20T23:58:45.262136+00:00, run_after=2023-08-21T23:58:45.262136+00:00
[2023-08-21T23:58:45.334+0000] {processor.py:175} INFO - Processing /home/airflow/.local/lib/python3.7/site-packages/airflow/example_dags/tutorial.py took 0.149 seconds
[2023-08-21T23:59:15.519+0000] {processor.py:153} INFO - Started process (PID=1356) to work on /home/airflow/.local/lib/python3.7/site-packages/airflow/example_dags/tutorial.py
[2023-08-21T23:59:15.520+0000] {processor.py:743} INFO - Processing file /home/airflow/.local/lib/python3.7/site-packages/airflow/example_dags/tutorial.py for tasks to queue
[2023-08-21T23:59:15.521+0000] {logging_mixin.py:137} INFO - [2023-08-21T23:59:15.521+0000] {dagbag.py:538} INFO - Filling up the DagBag from /home/airflow/.local/lib/python3.7/site-packages/airflow/example_dags/tutorial.py
[2023-08-21T23:59:15.544+0000] {processor.py:753} INFO - DAG(s) dict_keys(['tutorial']) retrieved from /home/airflow/.local/lib/python3.7/site-packages/airflow/example_dags/tutorial.py
[2023-08-21T23:59:15.576+0000] {logging_mixin.py:137} INFO - [2023-08-21T23:59:15.575+0000] {dag.py:2690} INFO - Sync 1 DAGs
[2023-08-21T23:59:15.607+0000] {logging_mixin.py:137} INFO - [2023-08-21T23:59:15.607+0000] {dag.py:3441} INFO - Setting next_dagrun for tutorial to 2023-08-20T23:59:15.607135+00:00, run_after=2023-08-21T23:59:15.607135+00:00
[2023-08-21T23:59:15.674+0000] {processor.py:175} INFO - Processing /home/airflow/.local/lib/python3.7/site-packages/airflow/example_dags/tutorial.py took 0.160 seconds
[2023-08-21T23:59:46.176+0000] {processor.py:153} INFO - Started process (PID=1422) to work on /home/airflow/.local/lib/python3.7/site-packages/airflow/example_dags/tutorial.py
[2023-08-21T23:59:46.177+0000] {processor.py:743} INFO - Processing file /home/airflow/.local/lib/python3.7/site-packages/airflow/example_dags/tutorial.py for tasks to queue
[2023-08-21T23:59:46.178+0000] {logging_mixin.py:137} INFO - [2023-08-21T23:59:46.178+0000] {dagbag.py:538} INFO - Filling up the DagBag from /home/airflow/.local/lib/python3.7/site-packages/airflow/example_dags/tutorial.py
[2023-08-21T23:59:46.195+0000] {processor.py:753} INFO - DAG(s) dict_keys(['tutorial']) retrieved from /home/airflow/.local/lib/python3.7/site-packages/airflow/example_dags/tutorial.py
[2023-08-21T23:59:46.222+0000] {logging_mixin.py:137} INFO - [2023-08-21T23:59:46.221+0000] {dag.py:2690} INFO - Sync 1 DAGs
[2023-08-21T23:59:46.248+0000] {logging_mixin.py:137} INFO - [2023-08-21T23:59:46.248+0000] {dag.py:3441} INFO - Setting next_dagrun for tutorial to 2023-08-20T23:59:46.248462+00:00, run_after=2023-08-21T23:59:46.248462+00:00
[2023-08-21T23:59:46.307+0000] {processor.py:175} INFO - Processing /home/airflow/.local/lib/python3.7/site-packages/airflow/example_dags/tutorial.py took 0.135 seconds
