[2023-08-21T23:49:45.586+0000] {processor.py:153} INFO - Started process (PID=86) to work on /home/airflow/.local/lib/python3.7/site-packages/airflow/example_dags/tutorial_taskflow_api.py
[2023-08-21T23:49:45.588+0000] {processor.py:743} INFO - Processing file /home/airflow/.local/lib/python3.7/site-packages/airflow/example_dags/tutorial_taskflow_api.py for tasks to queue
[2023-08-21T23:49:45.589+0000] {logging_mixin.py:137} INFO - [2023-08-21T23:49:45.589+0000] {dagbag.py:538} INFO - Filling up the DagBag from /home/airflow/.local/lib/python3.7/site-packages/airflow/example_dags/tutorial_taskflow_api.py
[2023-08-21T23:49:45.636+0000] {processor.py:753} INFO - DAG(s) dict_keys(['tutorial_taskflow_api']) retrieved from /home/airflow/.local/lib/python3.7/site-packages/airflow/example_dags/tutorial_taskflow_api.py
[2023-08-21T23:49:45.846+0000] {logging_mixin.py:137} INFO - [2023-08-21T23:49:45.846+0000] {manager.py:504} INFO - Created Permission View: can edit on DAG:tutorial_taskflow_api
[2023-08-21T23:49:45.891+0000] {logging_mixin.py:137} INFO - [2023-08-21T23:49:45.891+0000] {manager.py:504} INFO - Created Permission View: can read on DAG:tutorial_taskflow_api
[2023-08-21T23:49:45.927+0000] {logging_mixin.py:137} INFO - [2023-08-21T23:49:45.927+0000] {manager.py:504} INFO - Created Permission View: can delete on DAG:tutorial_taskflow_api
[2023-08-21T23:49:45.928+0000] {logging_mixin.py:137} INFO - [2023-08-21T23:49:45.928+0000] {dag.py:2690} INFO - Sync 1 DAGs
[2023-08-21T23:49:45.975+0000] {logging_mixin.py:137} INFO - [2023-08-21T23:49:45.975+0000] {dag.py:2711} INFO - Creating ORM DAG for tutorial_taskflow_api
[2023-08-21T23:49:46.002+0000] {logging_mixin.py:137} INFO - [2023-08-21T23:49:46.002+0000] {dag.py:3441} INFO - Setting next_dagrun for tutorial_taskflow_api to None, run_after=None
[2023-08-21T23:49:46.074+0000] {processor.py:175} INFO - Processing /home/airflow/.local/lib/python3.7/site-packages/airflow/example_dags/tutorial_taskflow_api.py took 0.495 seconds
[2023-08-21T23:50:16.646+0000] {processor.py:153} INFO - Started process (PID=155) to work on /home/airflow/.local/lib/python3.7/site-packages/airflow/example_dags/tutorial_taskflow_api.py
[2023-08-21T23:50:16.647+0000] {processor.py:743} INFO - Processing file /home/airflow/.local/lib/python3.7/site-packages/airflow/example_dags/tutorial_taskflow_api.py for tasks to queue
[2023-08-21T23:50:16.648+0000] {logging_mixin.py:137} INFO - [2023-08-21T23:50:16.648+0000] {dagbag.py:538} INFO - Filling up the DagBag from /home/airflow/.local/lib/python3.7/site-packages/airflow/example_dags/tutorial_taskflow_api.py
[2023-08-21T23:50:16.673+0000] {processor.py:753} INFO - DAG(s) dict_keys(['tutorial_taskflow_api']) retrieved from /home/airflow/.local/lib/python3.7/site-packages/airflow/example_dags/tutorial_taskflow_api.py
[2023-08-21T23:50:16.699+0000] {logging_mixin.py:137} INFO - [2023-08-21T23:50:16.698+0000] {dag.py:2690} INFO - Sync 1 DAGs
[2023-08-21T23:50:16.730+0000] {logging_mixin.py:137} INFO - [2023-08-21T23:50:16.730+0000] {dag.py:3441} INFO - Setting next_dagrun for tutorial_taskflow_api to None, run_after=None
[2023-08-21T23:50:16.788+0000] {processor.py:175} INFO - Processing /home/airflow/.local/lib/python3.7/site-packages/airflow/example_dags/tutorial_taskflow_api.py took 0.146 seconds
[2023-08-21T23:50:46.918+0000] {processor.py:153} INFO - Started process (PID=218) to work on /home/airflow/.local/lib/python3.7/site-packages/airflow/example_dags/tutorial_taskflow_api.py
[2023-08-21T23:50:46.920+0000] {processor.py:743} INFO - Processing file /home/airflow/.local/lib/python3.7/site-packages/airflow/example_dags/tutorial_taskflow_api.py for tasks to queue
[2023-08-21T23:50:46.921+0000] {logging_mixin.py:137} INFO - [2023-08-21T23:50:46.921+0000] {dagbag.py:538} INFO - Filling up the DagBag from /home/airflow/.local/lib/python3.7/site-packages/airflow/example_dags/tutorial_taskflow_api.py
[2023-08-21T23:50:46.952+0000] {processor.py:753} INFO - DAG(s) dict_keys(['tutorial_taskflow_api']) retrieved from /home/airflow/.local/lib/python3.7/site-packages/airflow/example_dags/tutorial_taskflow_api.py
[2023-08-21T23:50:46.981+0000] {logging_mixin.py:137} INFO - [2023-08-21T23:50:46.981+0000] {dag.py:2690} INFO - Sync 1 DAGs
[2023-08-21T23:50:47.008+0000] {logging_mixin.py:137} INFO - [2023-08-21T23:50:47.008+0000] {dag.py:3441} INFO - Setting next_dagrun for tutorial_taskflow_api to None, run_after=None
[2023-08-21T23:50:47.052+0000] {processor.py:175} INFO - Processing /home/airflow/.local/lib/python3.7/site-packages/airflow/example_dags/tutorial_taskflow_api.py took 0.139 seconds
[2023-08-21T23:51:17.653+0000] {processor.py:153} INFO - Started process (PID=292) to work on /home/airflow/.local/lib/python3.7/site-packages/airflow/example_dags/tutorial_taskflow_api.py
[2023-08-21T23:51:17.654+0000] {processor.py:743} INFO - Processing file /home/airflow/.local/lib/python3.7/site-packages/airflow/example_dags/tutorial_taskflow_api.py for tasks to queue
[2023-08-21T23:51:17.654+0000] {logging_mixin.py:137} INFO - [2023-08-21T23:51:17.654+0000] {dagbag.py:538} INFO - Filling up the DagBag from /home/airflow/.local/lib/python3.7/site-packages/airflow/example_dags/tutorial_taskflow_api.py
[2023-08-21T23:51:17.682+0000] {processor.py:753} INFO - DAG(s) dict_keys(['tutorial_taskflow_api']) retrieved from /home/airflow/.local/lib/python3.7/site-packages/airflow/example_dags/tutorial_taskflow_api.py
[2023-08-21T23:51:17.705+0000] {logging_mixin.py:137} INFO - [2023-08-21T23:51:17.705+0000] {dag.py:2690} INFO - Sync 1 DAGs
[2023-08-21T23:51:17.727+0000] {logging_mixin.py:137} INFO - [2023-08-21T23:51:17.727+0000] {dag.py:3441} INFO - Setting next_dagrun for tutorial_taskflow_api to None, run_after=None
[2023-08-21T23:51:17.770+0000] {processor.py:175} INFO - Processing /home/airflow/.local/lib/python3.7/site-packages/airflow/example_dags/tutorial_taskflow_api.py took 0.120 seconds
[2023-08-21T23:51:47.830+0000] {processor.py:153} INFO - Started process (PID=354) to work on /home/airflow/.local/lib/python3.7/site-packages/airflow/example_dags/tutorial_taskflow_api.py
[2023-08-21T23:51:47.831+0000] {processor.py:743} INFO - Processing file /home/airflow/.local/lib/python3.7/site-packages/airflow/example_dags/tutorial_taskflow_api.py for tasks to queue
[2023-08-21T23:51:47.833+0000] {logging_mixin.py:137} INFO - [2023-08-21T23:51:47.832+0000] {dagbag.py:538} INFO - Filling up the DagBag from /home/airflow/.local/lib/python3.7/site-packages/airflow/example_dags/tutorial_taskflow_api.py
[2023-08-21T23:51:47.855+0000] {processor.py:753} INFO - DAG(s) dict_keys(['tutorial_taskflow_api']) retrieved from /home/airflow/.local/lib/python3.7/site-packages/airflow/example_dags/tutorial_taskflow_api.py
[2023-08-21T23:51:47.879+0000] {logging_mixin.py:137} INFO - [2023-08-21T23:51:47.878+0000] {dag.py:2690} INFO - Sync 1 DAGs
[2023-08-21T23:51:47.905+0000] {logging_mixin.py:137} INFO - [2023-08-21T23:51:47.905+0000] {dag.py:3441} INFO - Setting next_dagrun for tutorial_taskflow_api to None, run_after=None
[2023-08-21T23:51:47.951+0000] {processor.py:175} INFO - Processing /home/airflow/.local/lib/python3.7/site-packages/airflow/example_dags/tutorial_taskflow_api.py took 0.125 seconds
[2023-08-21T23:52:18.734+0000] {processor.py:153} INFO - Started process (PID=429) to work on /home/airflow/.local/lib/python3.7/site-packages/airflow/example_dags/tutorial_taskflow_api.py
[2023-08-21T23:52:18.735+0000] {processor.py:743} INFO - Processing file /home/airflow/.local/lib/python3.7/site-packages/airflow/example_dags/tutorial_taskflow_api.py for tasks to queue
[2023-08-21T23:52:18.736+0000] {logging_mixin.py:137} INFO - [2023-08-21T23:52:18.736+0000] {dagbag.py:538} INFO - Filling up the DagBag from /home/airflow/.local/lib/python3.7/site-packages/airflow/example_dags/tutorial_taskflow_api.py
[2023-08-21T23:52:18.763+0000] {processor.py:753} INFO - DAG(s) dict_keys(['tutorial_taskflow_api']) retrieved from /home/airflow/.local/lib/python3.7/site-packages/airflow/example_dags/tutorial_taskflow_api.py
[2023-08-21T23:52:18.789+0000] {logging_mixin.py:137} INFO - [2023-08-21T23:52:18.789+0000] {dag.py:2690} INFO - Sync 1 DAGs
[2023-08-21T23:52:18.822+0000] {logging_mixin.py:137} INFO - [2023-08-21T23:52:18.822+0000] {dag.py:3441} INFO - Setting next_dagrun for tutorial_taskflow_api to None, run_after=None
[2023-08-21T23:52:18.873+0000] {processor.py:175} INFO - Processing /home/airflow/.local/lib/python3.7/site-packages/airflow/example_dags/tutorial_taskflow_api.py took 0.142 seconds
[2023-08-21T23:52:49.152+0000] {processor.py:153} INFO - Started process (PID=491) to work on /home/airflow/.local/lib/python3.7/site-packages/airflow/example_dags/tutorial_taskflow_api.py
[2023-08-21T23:52:49.153+0000] {processor.py:743} INFO - Processing file /home/airflow/.local/lib/python3.7/site-packages/airflow/example_dags/tutorial_taskflow_api.py for tasks to queue
[2023-08-21T23:52:49.154+0000] {logging_mixin.py:137} INFO - [2023-08-21T23:52:49.154+0000] {dagbag.py:538} INFO - Filling up the DagBag from /home/airflow/.local/lib/python3.7/site-packages/airflow/example_dags/tutorial_taskflow_api.py
[2023-08-21T23:52:49.183+0000] {processor.py:753} INFO - DAG(s) dict_keys(['tutorial_taskflow_api']) retrieved from /home/airflow/.local/lib/python3.7/site-packages/airflow/example_dags/tutorial_taskflow_api.py
[2023-08-21T23:52:49.214+0000] {logging_mixin.py:137} INFO - [2023-08-21T23:52:49.214+0000] {dag.py:2690} INFO - Sync 1 DAGs
[2023-08-21T23:52:49.242+0000] {logging_mixin.py:137} INFO - [2023-08-21T23:52:49.241+0000] {dag.py:3441} INFO - Setting next_dagrun for tutorial_taskflow_api to None, run_after=None
[2023-08-21T23:52:49.317+0000] {processor.py:175} INFO - Processing /home/airflow/.local/lib/python3.7/site-packages/airflow/example_dags/tutorial_taskflow_api.py took 0.169 seconds
[2023-08-21T23:53:19.484+0000] {processor.py:153} INFO - Started process (PID=567) to work on /home/airflow/.local/lib/python3.7/site-packages/airflow/example_dags/tutorial_taskflow_api.py
[2023-08-21T23:53:19.485+0000] {processor.py:743} INFO - Processing file /home/airflow/.local/lib/python3.7/site-packages/airflow/example_dags/tutorial_taskflow_api.py for tasks to queue
[2023-08-21T23:53:19.486+0000] {logging_mixin.py:137} INFO - [2023-08-21T23:53:19.485+0000] {dagbag.py:538} INFO - Filling up the DagBag from /home/airflow/.local/lib/python3.7/site-packages/airflow/example_dags/tutorial_taskflow_api.py
[2023-08-21T23:53:19.509+0000] {processor.py:753} INFO - DAG(s) dict_keys(['tutorial_taskflow_api']) retrieved from /home/airflow/.local/lib/python3.7/site-packages/airflow/example_dags/tutorial_taskflow_api.py
[2023-08-21T23:53:19.536+0000] {logging_mixin.py:137} INFO - [2023-08-21T23:53:19.536+0000] {dag.py:2690} INFO - Sync 1 DAGs
[2023-08-21T23:53:19.562+0000] {logging_mixin.py:137} INFO - [2023-08-21T23:53:19.562+0000] {dag.py:3441} INFO - Setting next_dagrun for tutorial_taskflow_api to None, run_after=None
[2023-08-21T23:53:19.612+0000] {processor.py:175} INFO - Processing /home/airflow/.local/lib/python3.7/site-packages/airflow/example_dags/tutorial_taskflow_api.py took 0.132 seconds
[2023-08-21T23:53:50.065+0000] {processor.py:153} INFO - Started process (PID=629) to work on /home/airflow/.local/lib/python3.7/site-packages/airflow/example_dags/tutorial_taskflow_api.py
[2023-08-21T23:53:50.066+0000] {processor.py:743} INFO - Processing file /home/airflow/.local/lib/python3.7/site-packages/airflow/example_dags/tutorial_taskflow_api.py for tasks to queue
[2023-08-21T23:53:50.067+0000] {logging_mixin.py:137} INFO - [2023-08-21T23:53:50.067+0000] {dagbag.py:538} INFO - Filling up the DagBag from /home/airflow/.local/lib/python3.7/site-packages/airflow/example_dags/tutorial_taskflow_api.py
[2023-08-21T23:53:50.089+0000] {processor.py:753} INFO - DAG(s) dict_keys(['tutorial_taskflow_api']) retrieved from /home/airflow/.local/lib/python3.7/site-packages/airflow/example_dags/tutorial_taskflow_api.py
[2023-08-21T23:53:50.117+0000] {logging_mixin.py:137} INFO - [2023-08-21T23:53:50.116+0000] {dag.py:2690} INFO - Sync 1 DAGs
[2023-08-21T23:53:50.146+0000] {logging_mixin.py:137} INFO - [2023-08-21T23:53:50.146+0000] {dag.py:3441} INFO - Setting next_dagrun for tutorial_taskflow_api to None, run_after=None
[2023-08-21T23:53:50.197+0000] {processor.py:175} INFO - Processing /home/airflow/.local/lib/python3.7/site-packages/airflow/example_dags/tutorial_taskflow_api.py took 0.137 seconds
[2023-08-21T23:54:20.425+0000] {processor.py:153} INFO - Started process (PID=705) to work on /home/airflow/.local/lib/python3.7/site-packages/airflow/example_dags/tutorial_taskflow_api.py
[2023-08-21T23:54:20.426+0000] {processor.py:743} INFO - Processing file /home/airflow/.local/lib/python3.7/site-packages/airflow/example_dags/tutorial_taskflow_api.py for tasks to queue
[2023-08-21T23:54:20.427+0000] {logging_mixin.py:137} INFO - [2023-08-21T23:54:20.427+0000] {dagbag.py:538} INFO - Filling up the DagBag from /home/airflow/.local/lib/python3.7/site-packages/airflow/example_dags/tutorial_taskflow_api.py
[2023-08-21T23:54:20.458+0000] {processor.py:753} INFO - DAG(s) dict_keys(['tutorial_taskflow_api']) retrieved from /home/airflow/.local/lib/python3.7/site-packages/airflow/example_dags/tutorial_taskflow_api.py
[2023-08-21T23:54:20.496+0000] {logging_mixin.py:137} INFO - [2023-08-21T23:54:20.496+0000] {dag.py:2690} INFO - Sync 1 DAGs
[2023-08-21T23:54:20.525+0000] {logging_mixin.py:137} INFO - [2023-08-21T23:54:20.525+0000] {dag.py:3441} INFO - Setting next_dagrun for tutorial_taskflow_api to None, run_after=None
[2023-08-21T23:54:20.570+0000] {processor.py:175} INFO - Processing /home/airflow/.local/lib/python3.7/site-packages/airflow/example_dags/tutorial_taskflow_api.py took 0.151 seconds
[2023-08-21T23:54:50.907+0000] {processor.py:153} INFO - Started process (PID=768) to work on /home/airflow/.local/lib/python3.7/site-packages/airflow/example_dags/tutorial_taskflow_api.py
[2023-08-21T23:54:50.907+0000] {processor.py:743} INFO - Processing file /home/airflow/.local/lib/python3.7/site-packages/airflow/example_dags/tutorial_taskflow_api.py for tasks to queue
[2023-08-21T23:54:50.908+0000] {logging_mixin.py:137} INFO - [2023-08-21T23:54:50.908+0000] {dagbag.py:538} INFO - Filling up the DagBag from /home/airflow/.local/lib/python3.7/site-packages/airflow/example_dags/tutorial_taskflow_api.py
[2023-08-21T23:54:50.932+0000] {processor.py:753} INFO - DAG(s) dict_keys(['tutorial_taskflow_api']) retrieved from /home/airflow/.local/lib/python3.7/site-packages/airflow/example_dags/tutorial_taskflow_api.py
[2023-08-21T23:54:50.958+0000] {logging_mixin.py:137} INFO - [2023-08-21T23:54:50.957+0000] {dag.py:2690} INFO - Sync 1 DAGs
[2023-08-21T23:54:50.988+0000] {logging_mixin.py:137} INFO - [2023-08-21T23:54:50.988+0000] {dag.py:3441} INFO - Setting next_dagrun for tutorial_taskflow_api to None, run_after=None
[2023-08-21T23:54:51.037+0000] {processor.py:175} INFO - Processing /home/airflow/.local/lib/python3.7/site-packages/airflow/example_dags/tutorial_taskflow_api.py took 0.134 seconds
[2023-08-21T23:55:21.261+0000] {processor.py:153} INFO - Started process (PID=841) to work on /home/airflow/.local/lib/python3.7/site-packages/airflow/example_dags/tutorial_taskflow_api.py
[2023-08-21T23:55:21.262+0000] {processor.py:743} INFO - Processing file /home/airflow/.local/lib/python3.7/site-packages/airflow/example_dags/tutorial_taskflow_api.py for tasks to queue
[2023-08-21T23:55:21.263+0000] {logging_mixin.py:137} INFO - [2023-08-21T23:55:21.262+0000] {dagbag.py:538} INFO - Filling up the DagBag from /home/airflow/.local/lib/python3.7/site-packages/airflow/example_dags/tutorial_taskflow_api.py
[2023-08-21T23:55:21.287+0000] {processor.py:753} INFO - DAG(s) dict_keys(['tutorial_taskflow_api']) retrieved from /home/airflow/.local/lib/python3.7/site-packages/airflow/example_dags/tutorial_taskflow_api.py
[2023-08-21T23:55:21.315+0000] {logging_mixin.py:137} INFO - [2023-08-21T23:55:21.315+0000] {dag.py:2690} INFO - Sync 1 DAGs
[2023-08-21T23:55:21.344+0000] {logging_mixin.py:137} INFO - [2023-08-21T23:55:21.344+0000] {dag.py:3441} INFO - Setting next_dagrun for tutorial_taskflow_api to None, run_after=None
[2023-08-21T23:55:21.506+0000] {processor.py:175} INFO - Processing /home/airflow/.local/lib/python3.7/site-packages/airflow/example_dags/tutorial_taskflow_api.py took 0.249 seconds
[2023-08-21T23:55:51.686+0000] {processor.py:153} INFO - Started process (PID=908) to work on /home/airflow/.local/lib/python3.7/site-packages/airflow/example_dags/tutorial_taskflow_api.py
[2023-08-21T23:55:51.687+0000] {processor.py:743} INFO - Processing file /home/airflow/.local/lib/python3.7/site-packages/airflow/example_dags/tutorial_taskflow_api.py for tasks to queue
[2023-08-21T23:55:51.688+0000] {logging_mixin.py:137} INFO - [2023-08-21T23:55:51.688+0000] {dagbag.py:538} INFO - Filling up the DagBag from /home/airflow/.local/lib/python3.7/site-packages/airflow/example_dags/tutorial_taskflow_api.py
[2023-08-21T23:55:51.711+0000] {processor.py:753} INFO - DAG(s) dict_keys(['tutorial_taskflow_api']) retrieved from /home/airflow/.local/lib/python3.7/site-packages/airflow/example_dags/tutorial_taskflow_api.py
[2023-08-21T23:55:51.736+0000] {logging_mixin.py:137} INFO - [2023-08-21T23:55:51.736+0000] {dag.py:2690} INFO - Sync 1 DAGs
[2023-08-21T23:55:51.766+0000] {logging_mixin.py:137} INFO - [2023-08-21T23:55:51.765+0000] {dag.py:3441} INFO - Setting next_dagrun for tutorial_taskflow_api to None, run_after=None
[2023-08-21T23:55:51.820+0000] {processor.py:175} INFO - Processing /home/airflow/.local/lib/python3.7/site-packages/airflow/example_dags/tutorial_taskflow_api.py took 0.138 seconds
[2023-08-21T23:56:21.899+0000] {processor.py:153} INFO - Started process (PID=971) to work on /home/airflow/.local/lib/python3.7/site-packages/airflow/example_dags/tutorial_taskflow_api.py
[2023-08-21T23:56:21.900+0000] {processor.py:743} INFO - Processing file /home/airflow/.local/lib/python3.7/site-packages/airflow/example_dags/tutorial_taskflow_api.py for tasks to queue
[2023-08-21T23:56:21.901+0000] {logging_mixin.py:137} INFO - [2023-08-21T23:56:21.900+0000] {dagbag.py:538} INFO - Filling up the DagBag from /home/airflow/.local/lib/python3.7/site-packages/airflow/example_dags/tutorial_taskflow_api.py
[2023-08-21T23:56:21.931+0000] {processor.py:753} INFO - DAG(s) dict_keys(['tutorial_taskflow_api']) retrieved from /home/airflow/.local/lib/python3.7/site-packages/airflow/example_dags/tutorial_taskflow_api.py
[2023-08-21T23:56:21.959+0000] {logging_mixin.py:137} INFO - [2023-08-21T23:56:21.959+0000] {dag.py:2690} INFO - Sync 1 DAGs
[2023-08-21T23:56:21.990+0000] {logging_mixin.py:137} INFO - [2023-08-21T23:56:21.990+0000] {dag.py:3441} INFO - Setting next_dagrun for tutorial_taskflow_api to None, run_after=None
[2023-08-21T23:56:22.039+0000] {processor.py:175} INFO - Processing /home/airflow/.local/lib/python3.7/site-packages/airflow/example_dags/tutorial_taskflow_api.py took 0.145 seconds
[2023-08-21T23:56:52.161+0000] {processor.py:153} INFO - Started process (PID=1046) to work on /home/airflow/.local/lib/python3.7/site-packages/airflow/example_dags/tutorial_taskflow_api.py
[2023-08-21T23:56:52.162+0000] {processor.py:743} INFO - Processing file /home/airflow/.local/lib/python3.7/site-packages/airflow/example_dags/tutorial_taskflow_api.py for tasks to queue
[2023-08-21T23:56:52.163+0000] {logging_mixin.py:137} INFO - [2023-08-21T23:56:52.163+0000] {dagbag.py:538} INFO - Filling up the DagBag from /home/airflow/.local/lib/python3.7/site-packages/airflow/example_dags/tutorial_taskflow_api.py
[2023-08-21T23:56:52.188+0000] {processor.py:753} INFO - DAG(s) dict_keys(['tutorial_taskflow_api']) retrieved from /home/airflow/.local/lib/python3.7/site-packages/airflow/example_dags/tutorial_taskflow_api.py
[2023-08-21T23:56:52.215+0000] {logging_mixin.py:137} INFO - [2023-08-21T23:56:52.215+0000] {dag.py:2690} INFO - Sync 1 DAGs
[2023-08-21T23:56:52.249+0000] {logging_mixin.py:137} INFO - [2023-08-21T23:56:52.248+0000] {dag.py:3441} INFO - Setting next_dagrun for tutorial_taskflow_api to None, run_after=None
[2023-08-21T23:56:52.312+0000] {processor.py:175} INFO - Processing /home/airflow/.local/lib/python3.7/site-packages/airflow/example_dags/tutorial_taskflow_api.py took 0.155 seconds
[2023-08-21T23:57:22.376+0000] {processor.py:153} INFO - Started process (PID=1109) to work on /home/airflow/.local/lib/python3.7/site-packages/airflow/example_dags/tutorial_taskflow_api.py
[2023-08-21T23:57:22.377+0000] {processor.py:743} INFO - Processing file /home/airflow/.local/lib/python3.7/site-packages/airflow/example_dags/tutorial_taskflow_api.py for tasks to queue
[2023-08-21T23:57:22.377+0000] {logging_mixin.py:137} INFO - [2023-08-21T23:57:22.377+0000] {dagbag.py:538} INFO - Filling up the DagBag from /home/airflow/.local/lib/python3.7/site-packages/airflow/example_dags/tutorial_taskflow_api.py
[2023-08-21T23:57:22.401+0000] {processor.py:753} INFO - DAG(s) dict_keys(['tutorial_taskflow_api']) retrieved from /home/airflow/.local/lib/python3.7/site-packages/airflow/example_dags/tutorial_taskflow_api.py
[2023-08-21T23:57:22.438+0000] {logging_mixin.py:137} INFO - [2023-08-21T23:57:22.438+0000] {dag.py:2690} INFO - Sync 1 DAGs
[2023-08-21T23:57:22.468+0000] {logging_mixin.py:137} INFO - [2023-08-21T23:57:22.468+0000] {dag.py:3441} INFO - Setting next_dagrun for tutorial_taskflow_api to None, run_after=None
[2023-08-21T23:57:22.520+0000] {processor.py:175} INFO - Processing /home/airflow/.local/lib/python3.7/site-packages/airflow/example_dags/tutorial_taskflow_api.py took 0.148 seconds
[2023-08-21T23:57:52.921+0000] {processor.py:153} INFO - Started process (PID=1183) to work on /home/airflow/.local/lib/python3.7/site-packages/airflow/example_dags/tutorial_taskflow_api.py
[2023-08-21T23:57:52.922+0000] {processor.py:743} INFO - Processing file /home/airflow/.local/lib/python3.7/site-packages/airflow/example_dags/tutorial_taskflow_api.py for tasks to queue
[2023-08-21T23:57:52.923+0000] {logging_mixin.py:137} INFO - [2023-08-21T23:57:52.923+0000] {dagbag.py:538} INFO - Filling up the DagBag from /home/airflow/.local/lib/python3.7/site-packages/airflow/example_dags/tutorial_taskflow_api.py
[2023-08-21T23:57:52.947+0000] {processor.py:753} INFO - DAG(s) dict_keys(['tutorial_taskflow_api']) retrieved from /home/airflow/.local/lib/python3.7/site-packages/airflow/example_dags/tutorial_taskflow_api.py
[2023-08-21T23:57:52.977+0000] {logging_mixin.py:137} INFO - [2023-08-21T23:57:52.977+0000] {dag.py:2690} INFO - Sync 1 DAGs
[2023-08-21T23:57:53.004+0000] {logging_mixin.py:137} INFO - [2023-08-21T23:57:53.004+0000] {dag.py:3441} INFO - Setting next_dagrun for tutorial_taskflow_api to None, run_after=None
[2023-08-21T23:57:53.052+0000] {processor.py:175} INFO - Processing /home/airflow/.local/lib/python3.7/site-packages/airflow/example_dags/tutorial_taskflow_api.py took 0.134 seconds
[2023-08-21T23:58:23.152+0000] {processor.py:153} INFO - Started process (PID=1246) to work on /home/airflow/.local/lib/python3.7/site-packages/airflow/example_dags/tutorial_taskflow_api.py
[2023-08-21T23:58:23.153+0000] {processor.py:743} INFO - Processing file /home/airflow/.local/lib/python3.7/site-packages/airflow/example_dags/tutorial_taskflow_api.py for tasks to queue
[2023-08-21T23:58:23.153+0000] {logging_mixin.py:137} INFO - [2023-08-21T23:58:23.153+0000] {dagbag.py:538} INFO - Filling up the DagBag from /home/airflow/.local/lib/python3.7/site-packages/airflow/example_dags/tutorial_taskflow_api.py
[2023-08-21T23:58:23.176+0000] {processor.py:753} INFO - DAG(s) dict_keys(['tutorial_taskflow_api']) retrieved from /home/airflow/.local/lib/python3.7/site-packages/airflow/example_dags/tutorial_taskflow_api.py
[2023-08-21T23:58:23.203+0000] {logging_mixin.py:137} INFO - [2023-08-21T23:58:23.203+0000] {dag.py:2690} INFO - Sync 1 DAGs
[2023-08-21T23:58:23.230+0000] {logging_mixin.py:137} INFO - [2023-08-21T23:58:23.230+0000] {dag.py:3441} INFO - Setting next_dagrun for tutorial_taskflow_api to None, run_after=None
[2023-08-21T23:58:23.278+0000] {processor.py:175} INFO - Processing /home/airflow/.local/lib/python3.7/site-packages/airflow/example_dags/tutorial_taskflow_api.py took 0.130 seconds
[2023-08-21T23:58:53.504+0000] {processor.py:153} INFO - Started process (PID=1321) to work on /home/airflow/.local/lib/python3.7/site-packages/airflow/example_dags/tutorial_taskflow_api.py
[2023-08-21T23:58:53.505+0000] {processor.py:743} INFO - Processing file /home/airflow/.local/lib/python3.7/site-packages/airflow/example_dags/tutorial_taskflow_api.py for tasks to queue
[2023-08-21T23:58:53.506+0000] {logging_mixin.py:137} INFO - [2023-08-21T23:58:53.505+0000] {dagbag.py:538} INFO - Filling up the DagBag from /home/airflow/.local/lib/python3.7/site-packages/airflow/example_dags/tutorial_taskflow_api.py
[2023-08-21T23:58:53.528+0000] {processor.py:753} INFO - DAG(s) dict_keys(['tutorial_taskflow_api']) retrieved from /home/airflow/.local/lib/python3.7/site-packages/airflow/example_dags/tutorial_taskflow_api.py
[2023-08-21T23:58:53.565+0000] {logging_mixin.py:137} INFO - [2023-08-21T23:58:53.565+0000] {dag.py:2690} INFO - Sync 1 DAGs
[2023-08-21T23:58:53.591+0000] {logging_mixin.py:137} INFO - [2023-08-21T23:58:53.591+0000] {dag.py:3441} INFO - Setting next_dagrun for tutorial_taskflow_api to None, run_after=None
[2023-08-21T23:58:53.643+0000] {processor.py:175} INFO - Processing /home/airflow/.local/lib/python3.7/site-packages/airflow/example_dags/tutorial_taskflow_api.py took 0.143 seconds
[2023-08-21T23:59:24.133+0000] {processor.py:153} INFO - Started process (PID=1384) to work on /home/airflow/.local/lib/python3.7/site-packages/airflow/example_dags/tutorial_taskflow_api.py
[2023-08-21T23:59:24.134+0000] {processor.py:743} INFO - Processing file /home/airflow/.local/lib/python3.7/site-packages/airflow/example_dags/tutorial_taskflow_api.py for tasks to queue
[2023-08-21T23:59:24.134+0000] {logging_mixin.py:137} INFO - [2023-08-21T23:59:24.134+0000] {dagbag.py:538} INFO - Filling up the DagBag from /home/airflow/.local/lib/python3.7/site-packages/airflow/example_dags/tutorial_taskflow_api.py
[2023-08-21T23:59:24.156+0000] {processor.py:753} INFO - DAG(s) dict_keys(['tutorial_taskflow_api']) retrieved from /home/airflow/.local/lib/python3.7/site-packages/airflow/example_dags/tutorial_taskflow_api.py
[2023-08-21T23:59:24.182+0000] {logging_mixin.py:137} INFO - [2023-08-21T23:59:24.182+0000] {dag.py:2690} INFO - Sync 1 DAGs
[2023-08-21T23:59:24.207+0000] {logging_mixin.py:137} INFO - [2023-08-21T23:59:24.207+0000] {dag.py:3441} INFO - Setting next_dagrun for tutorial_taskflow_api to None, run_after=None
[2023-08-21T23:59:24.253+0000] {processor.py:175} INFO - Processing /home/airflow/.local/lib/python3.7/site-packages/airflow/example_dags/tutorial_taskflow_api.py took 0.123 seconds
[2023-08-21T23:59:54.490+0000] {processor.py:153} INFO - Started process (PID=1459) to work on /home/airflow/.local/lib/python3.7/site-packages/airflow/example_dags/tutorial_taskflow_api.py
[2023-08-21T23:59:54.491+0000] {processor.py:743} INFO - Processing file /home/airflow/.local/lib/python3.7/site-packages/airflow/example_dags/tutorial_taskflow_api.py for tasks to queue
[2023-08-21T23:59:54.492+0000] {logging_mixin.py:137} INFO - [2023-08-21T23:59:54.492+0000] {dagbag.py:538} INFO - Filling up the DagBag from /home/airflow/.local/lib/python3.7/site-packages/airflow/example_dags/tutorial_taskflow_api.py
[2023-08-21T23:59:54.517+0000] {processor.py:753} INFO - DAG(s) dict_keys(['tutorial_taskflow_api']) retrieved from /home/airflow/.local/lib/python3.7/site-packages/airflow/example_dags/tutorial_taskflow_api.py
[2023-08-21T23:59:54.561+0000] {logging_mixin.py:137} INFO - [2023-08-21T23:59:54.560+0000] {dag.py:2690} INFO - Sync 1 DAGs
[2023-08-21T23:59:54.610+0000] {logging_mixin.py:137} INFO - [2023-08-21T23:59:54.610+0000] {dag.py:3441} INFO - Setting next_dagrun for tutorial_taskflow_api to None, run_after=None
[2023-08-21T23:59:54.682+0000] {processor.py:175} INFO - Processing /home/airflow/.local/lib/python3.7/site-packages/airflow/example_dags/tutorial_taskflow_api.py took 0.196 seconds
