[2023-08-28T20:41:50.338+0000] {taskinstance.py:1083} INFO - Dependencies all met for <TaskInstance: taskcomplexa1.tsk2 manual__2023-08-28T20:41:43.373381+00:00 [queued]>
[2023-08-28T20:41:50.349+0000] {taskinstance.py:1083} INFO - Dependencies all met for <TaskInstance: taskcomplexa1.tsk2 manual__2023-08-28T20:41:43.373381+00:00 [queued]>
[2023-08-28T20:41:50.349+0000] {taskinstance.py:1279} INFO - 
--------------------------------------------------------------------------------
[2023-08-28T20:41:50.349+0000] {taskinstance.py:1280} INFO - Starting attempt 1 of 1
[2023-08-28T20:41:50.349+0000] {taskinstance.py:1281} INFO - 
--------------------------------------------------------------------------------
[2023-08-28T20:41:50.365+0000] {taskinstance.py:1300} INFO - Executing <Task(BashOperator): tsk2> on 2023-08-28 20:41:43.373381+00:00
[2023-08-28T20:41:50.370+0000] {standard_task_runner.py:55} INFO - Started process 6728 to run task
[2023-08-28T20:41:50.374+0000] {standard_task_runner.py:82} INFO - Running: ['***', 'tasks', 'run', 'taskcomplexa1', 'tsk2', 'manual__2023-08-28T20:41:43.373381+00:00', '--job-id', '22', '--raw', '--subdir', 'DAGS_FOLDER/taskcomplexa1.py', '--cfg-path', '/tmp/tmp95_thl2d']
[2023-08-28T20:41:50.375+0000] {standard_task_runner.py:83} INFO - Job 22: Subtask tsk2
[2023-08-28T20:41:50.436+0000] {task_command.py:388} INFO - Running <TaskInstance: taskcomplexa1.tsk2 manual__2023-08-28T20:41:43.373381+00:00 [running]> on host c709185060f0
[2023-08-28T20:41:50.505+0000] {taskinstance.py:1509} INFO - Exporting the following env vars:
AIRFLOW_CTX_DAG_OWNER=***
AIRFLOW_CTX_DAG_ID=taskcomplexa1
AIRFLOW_CTX_TASK_ID=tsk2
AIRFLOW_CTX_EXECUTION_DATE=2023-08-28T20:41:43.373381+00:00
AIRFLOW_CTX_TRY_NUMBER=1
AIRFLOW_CTX_DAG_RUN_ID=manual__2023-08-28T20:41:43.373381+00:00
[2023-08-28T20:41:50.506+0000] {subprocess.py:63} INFO - Tmp dir root location: 
 /tmp
[2023-08-28T20:41:50.507+0000] {subprocess.py:75} INFO - Running command: ['/bin/bash', '-c', 'sleep 5']
[2023-08-28T20:41:50.520+0000] {subprocess.py:86} INFO - Output:
[2023-08-28T20:41:55.523+0000] {subprocess.py:97} INFO - Command exited with return code 0
[2023-08-28T20:41:55.573+0000] {taskinstance.py:1323} INFO - Marking task as SUCCESS. dag_id=taskcomplexa1, task_id=tsk2, execution_date=20230828T204143, start_date=20230828T204150, end_date=20230828T204155
[2023-08-28T20:41:55.609+0000] {local_task_job.py:208} INFO - Task exited with return code 0
[2023-08-28T20:41:55.635+0000] {taskinstance.py:2578} INFO - 1 downstream tasks scheduled from follow-on schedule check
