[2023-09-27T17:33:30.365+0000] {taskinstance.py:1083} INFO - Dependencies all met for <TaskInstance: pool.tsk2 manual__2023-09-27T17:33:28.554272+00:00 [queued]>
[2023-09-27T17:33:30.380+0000] {taskinstance.py:1083} INFO - Dependencies all met for <TaskInstance: pool.tsk2 manual__2023-09-27T17:33:28.554272+00:00 [queued]>
[2023-09-27T17:33:30.381+0000] {taskinstance.py:1279} INFO - 
--------------------------------------------------------------------------------
[2023-09-27T17:33:30.381+0000] {taskinstance.py:1280} INFO - Starting attempt 1 of 1
[2023-09-27T17:33:30.381+0000] {taskinstance.py:1281} INFO - 
--------------------------------------------------------------------------------
[2023-09-27T17:33:30.441+0000] {taskinstance.py:1300} INFO - Executing <Task(BashOperator): tsk2> on 2023-09-27 17:33:28.554272+00:00
[2023-09-27T17:33:30.447+0000] {standard_task_runner.py:55} INFO - Started process 2066 to run task
[2023-09-27T17:33:30.450+0000] {standard_task_runner.py:82} INFO - Running: ['***', 'tasks', 'run', 'pool', 'tsk2', 'manual__2023-09-27T17:33:28.554272+00:00', '--job-id', '20', '--raw', '--subdir', 'DAGS_FOLDER/pools.py', '--cfg-path', '/tmp/tmpxom8w8v9']
[2023-09-27T17:33:30.451+0000] {standard_task_runner.py:83} INFO - Job 20: Subtask tsk2
[2023-09-27T17:33:30.565+0000] {task_command.py:388} INFO - Running <TaskInstance: pool.tsk2 manual__2023-09-27T17:33:28.554272+00:00 [running]> on host 0eb481da037f
[2023-09-27T17:33:30.750+0000] {taskinstance.py:1509} INFO - Exporting the following env vars:
AIRFLOW_CTX_DAG_OWNER=***
AIRFLOW_CTX_DAG_ID=pool
AIRFLOW_CTX_TASK_ID=tsk2
AIRFLOW_CTX_EXECUTION_DATE=2023-09-27T17:33:28.554272+00:00
AIRFLOW_CTX_TRY_NUMBER=1
AIRFLOW_CTX_DAG_RUN_ID=manual__2023-09-27T17:33:28.554272+00:00
[2023-09-27T17:33:30.751+0000] {subprocess.py:63} INFO - Tmp dir root location: 
 /tmp
[2023-09-27T17:33:30.752+0000] {subprocess.py:75} INFO - Running command: ['/bin/bash', '-c', 'sleep 5']
[2023-09-27T17:33:30.769+0000] {subprocess.py:86} INFO - Output:
[2023-09-27T17:33:35.773+0000] {subprocess.py:97} INFO - Command exited with return code 0
[2023-09-27T17:33:35.845+0000] {taskinstance.py:1323} INFO - Marking task as SUCCESS. dag_id=pool, task_id=tsk2, execution_date=20230927T173328, start_date=20230927T173330, end_date=20230927T173335
[2023-09-27T17:33:35.969+0000] {local_task_job.py:208} INFO - Task exited with return code 0
[2023-09-27T17:33:36.058+0000] {taskinstance.py:2578} INFO - 0 downstream tasks scheduled from follow-on schedule check
