[2023-08-29T01:07:52.703+0000] {taskinstance.py:1083} INFO - Dependencies all met for <TaskInstance: dagrundag1.tsk2 manual__2023-08-29T01:07:46.236799+00:00 [queued]>
[2023-08-29T01:07:52.713+0000] {taskinstance.py:1083} INFO - Dependencies all met for <TaskInstance: dagrundag1.tsk2 manual__2023-08-29T01:07:46.236799+00:00 [queued]>
[2023-08-29T01:07:52.713+0000] {taskinstance.py:1279} INFO - 
--------------------------------------------------------------------------------
[2023-08-29T01:07:52.714+0000] {taskinstance.py:1280} INFO - Starting attempt 1 of 1
[2023-08-29T01:07:52.714+0000] {taskinstance.py:1281} INFO - 
--------------------------------------------------------------------------------
[2023-08-29T01:07:52.731+0000] {taskinstance.py:1300} INFO - Executing <Task(TriggerDagRunOperator): tsk2> on 2023-08-29 01:07:46.236799+00:00
[2023-08-29T01:07:52.738+0000] {standard_task_runner.py:55} INFO - Started process 12046 to run task
[2023-08-29T01:07:52.752+0000] {standard_task_runner.py:82} INFO - Running: ['***', 'tasks', 'run', 'dagrundag1', 'tsk2', 'manual__2023-08-29T01:07:46.236799+00:00', '--job-id', '36', '--raw', '--subdir', 'DAGS_FOLDER/dagrundag1.py', '--cfg-path', '/tmp/tmpnwx9w41j']
[2023-08-29T01:07:52.754+0000] {standard_task_runner.py:83} INFO - Job 36: Subtask tsk2
[2023-08-29T01:07:52.844+0000] {task_command.py:388} INFO - Running <TaskInstance: dagrundag1.tsk2 manual__2023-08-29T01:07:46.236799+00:00 [running]> on host c709185060f0
[2023-08-29T01:07:52.915+0000] {taskinstance.py:1509} INFO - Exporting the following env vars:
AIRFLOW_CTX_DAG_OWNER=***
AIRFLOW_CTX_DAG_ID=dagrundag1
AIRFLOW_CTX_TASK_ID=tsk2
AIRFLOW_CTX_EXECUTION_DATE=2023-08-29T01:07:46.236799+00:00
AIRFLOW_CTX_TRY_NUMBER=1
AIRFLOW_CTX_DAG_RUN_ID=manual__2023-08-29T01:07:46.236799+00:00
[2023-08-29T01:07:53.004+0000] {taskinstance.py:1323} INFO - Marking task as SUCCESS. dag_id=dagrundag1, task_id=tsk2, execution_date=20230829T010746, start_date=20230829T010752, end_date=20230829T010753
[2023-08-29T01:07:53.040+0000] {local_task_job.py:208} INFO - Task exited with return code 0
[2023-08-29T01:07:53.058+0000] {taskinstance.py:2578} INFO - 0 downstream tasks scheduled from follow-on schedule check
