[2023-09-27T17:09:52.071+0000] {taskinstance.py:1083} INFO - Dependencies all met for <TaskInstance: dummy.tsk2 manual__2023-09-27T17:09:50.026593+00:00 [queued]>
[2023-09-27T17:09:52.085+0000] {taskinstance.py:1083} INFO - Dependencies all met for <TaskInstance: dummy.tsk2 manual__2023-09-27T17:09:50.026593+00:00 [queued]>
[2023-09-27T17:09:52.086+0000] {taskinstance.py:1279} INFO - 
--------------------------------------------------------------------------------
[2023-09-27T17:09:52.086+0000] {taskinstance.py:1280} INFO - Starting attempt 1 of 1
[2023-09-27T17:09:52.086+0000] {taskinstance.py:1281} INFO - 
--------------------------------------------------------------------------------
[2023-09-27T17:09:52.138+0000] {taskinstance.py:1300} INFO - Executing <Task(BashOperator): tsk2> on 2023-09-27 17:09:50.026593+00:00
[2023-09-27T17:09:52.144+0000] {standard_task_runner.py:55} INFO - Started process 187 to run task
[2023-09-27T17:09:52.146+0000] {standard_task_runner.py:82} INFO - Running: ['***', 'tasks', 'run', 'dummy', 'tsk2', 'manual__2023-09-27T17:09:50.026593+00:00', '--job-id', '10', '--raw', '--subdir', 'DAGS_FOLDER/dummy.py', '--cfg-path', '/tmp/tmpopss_yvj']
[2023-09-27T17:09:52.146+0000] {standard_task_runner.py:83} INFO - Job 10: Subtask tsk2
[2023-09-27T17:09:52.233+0000] {task_command.py:388} INFO - Running <TaskInstance: dummy.tsk2 manual__2023-09-27T17:09:50.026593+00:00 [running]> on host 0eb481da037f
[2023-09-27T17:09:52.379+0000] {taskinstance.py:1509} INFO - Exporting the following env vars:
AIRFLOW_CTX_DAG_OWNER=***
AIRFLOW_CTX_DAG_ID=dummy
AIRFLOW_CTX_TASK_ID=tsk2
AIRFLOW_CTX_EXECUTION_DATE=2023-09-27T17:09:50.026593+00:00
AIRFLOW_CTX_TRY_NUMBER=1
AIRFLOW_CTX_DAG_RUN_ID=manual__2023-09-27T17:09:50.026593+00:00
[2023-09-27T17:09:52.381+0000] {subprocess.py:63} INFO - Tmp dir root location: 
 /tmp
[2023-09-27T17:09:52.381+0000] {subprocess.py:75} INFO - Running command: ['/bin/bash', '-c', 'sleep 1']
[2023-09-27T17:09:52.395+0000] {subprocess.py:86} INFO - Output:
[2023-09-27T17:09:53.399+0000] {subprocess.py:97} INFO - Command exited with return code 0
[2023-09-27T17:09:53.453+0000] {taskinstance.py:1323} INFO - Marking task as SUCCESS. dag_id=dummy, task_id=tsk2, execution_date=20230927T170950, start_date=20230927T170952, end_date=20230927T170953
[2023-09-27T17:09:53.521+0000] {local_task_job.py:208} INFO - Task exited with return code 0
[2023-09-27T17:09:53.586+0000] {taskinstance.py:2578} INFO - 0 downstream tasks scheduled from follow-on schedule check
