[2023-09-02T20:55:56.912+0000] {taskinstance.py:1083} INFO - Dependencies all met for <TaskInstance: defaultargs.tsk3 scheduled__2023-03-05T12:00:00+00:00 [queued]>
[2023-09-02T20:55:56.947+0000] {taskinstance.py:1083} INFO - Dependencies all met for <TaskInstance: defaultargs.tsk3 scheduled__2023-03-05T12:00:00+00:00 [queued]>
[2023-09-02T20:55:56.949+0000] {taskinstance.py:1279} INFO - 
--------------------------------------------------------------------------------
[2023-09-02T20:55:56.950+0000] {taskinstance.py:1280} INFO - Starting attempt 1 of 2
[2023-09-02T20:55:56.958+0000] {taskinstance.py:1281} INFO - 
--------------------------------------------------------------------------------
[2023-09-02T20:55:57.027+0000] {taskinstance.py:1300} INFO - Executing <Task(BashOperator): tsk3> on 2023-03-05 12:00:00+00:00
[2023-09-02T20:55:57.045+0000] {standard_task_runner.py:55} INFO - Started process 1337 to run task
[2023-09-02T20:55:57.086+0000] {standard_task_runner.py:82} INFO - Running: ['***', 'tasks', 'run', 'defaultargs', 'tsk3', 'scheduled__2023-03-05T12:00:00+00:00', '--job-id', '86', '--raw', '--subdir', 'DAGS_FOLDER/defaultargs.py', '--cfg-path', '/tmp/tmpbzkjyqi0']
[2023-09-02T20:55:57.087+0000] {standard_task_runner.py:83} INFO - Job 86: Subtask tsk3
[2023-09-02T20:55:57.481+0000] {task_command.py:388} INFO - Running <TaskInstance: defaultargs.tsk3 scheduled__2023-03-05T12:00:00+00:00 [running]> on host 3c3753b2e609
[2023-09-02T20:55:57.799+0000] {taskinstance.py:1509} INFO - Exporting the following env vars:
AIRFLOW_CTX_DAG_EMAIL=tiagolinhares051@gmail.com
AIRFLOW_CTX_DAG_OWNER=***
AIRFLOW_CTX_DAG_ID=defaultargs
AIRFLOW_CTX_TASK_ID=tsk3
AIRFLOW_CTX_EXECUTION_DATE=2023-03-05T12:00:00+00:00
AIRFLOW_CTX_TRY_NUMBER=1
AIRFLOW_CTX_DAG_RUN_ID=scheduled__2023-03-05T12:00:00+00:00
[2023-09-02T20:55:57.803+0000] {subprocess.py:63} INFO - Tmp dir root location: 
 /tmp
[2023-09-02T20:55:57.804+0000] {subprocess.py:75} INFO - Running command: ['/bin/bash', '-c', 'sleep 5']
[2023-09-02T20:55:57.849+0000] {subprocess.py:86} INFO - Output:
[2023-09-02T20:56:02.861+0000] {subprocess.py:97} INFO - Command exited with return code 0
[2023-09-02T20:56:02.943+0000] {taskinstance.py:1323} INFO - Marking task as SUCCESS. dag_id=defaultargs, task_id=tsk3, execution_date=20230305T120000, start_date=20230902T205556, end_date=20230902T205602
[2023-09-02T20:56:03.030+0000] {local_task_job.py:208} INFO - Task exited with return code 0
[2023-09-02T20:56:03.116+0000] {taskinstance.py:2578} INFO - 0 downstream tasks scheduled from follow-on schedule check
