[2023-08-27T01:32:41.496+0000] {taskinstance.py:1083} INFO - Dependencies all met for <TaskInstance: primeiradag.tsk2 manual__2023-08-27T01:32:34.284667+00:00 [queued]>
[2023-08-27T01:32:41.505+0000] {taskinstance.py:1083} INFO - Dependencies all met for <TaskInstance: primeiradag.tsk2 manual__2023-08-27T01:32:34.284667+00:00 [queued]>
[2023-08-27T01:32:41.505+0000] {taskinstance.py:1279} INFO - 
--------------------------------------------------------------------------------
[2023-08-27T01:32:41.505+0000] {taskinstance.py:1280} INFO - Starting attempt 1 of 1
[2023-08-27T01:32:41.506+0000] {taskinstance.py:1281} INFO - 
--------------------------------------------------------------------------------
[2023-08-27T01:32:41.518+0000] {taskinstance.py:1300} INFO - Executing <Task(BashOperator): tsk2> on 2023-08-27 01:32:34.284667+00:00
[2023-08-27T01:32:41.522+0000] {standard_task_runner.py:55} INFO - Started process 91 to run task
[2023-08-27T01:32:41.526+0000] {standard_task_runner.py:82} INFO - Running: ['***', 'tasks', 'run', 'primeiradag', 'tsk2', 'manual__2023-08-27T01:32:34.284667+00:00', '--job-id', '4', '--raw', '--subdir', 'DAGS_FOLDER/primeiradag.py', '--cfg-path', '/tmp/tmp0atpt9_q']
[2023-08-27T01:32:41.526+0000] {standard_task_runner.py:83} INFO - Job 4: Subtask tsk2
[2023-08-27T01:32:41.580+0000] {task_command.py:388} INFO - Running <TaskInstance: primeiradag.tsk2 manual__2023-08-27T01:32:34.284667+00:00 [running]> on host b321398b7d8a
[2023-08-27T01:32:41.640+0000] {taskinstance.py:1509} INFO - Exporting the following env vars:
AIRFLOW_CTX_DAG_OWNER=***
AIRFLOW_CTX_DAG_ID=primeiradag
AIRFLOW_CTX_TASK_ID=tsk2
AIRFLOW_CTX_EXECUTION_DATE=2023-08-27T01:32:34.284667+00:00
AIRFLOW_CTX_TRY_NUMBER=1
AIRFLOW_CTX_DAG_RUN_ID=manual__2023-08-27T01:32:34.284667+00:00
[2023-08-27T01:32:41.642+0000] {subprocess.py:63} INFO - Tmp dir root location: 
 /tmp
[2023-08-27T01:32:41.642+0000] {subprocess.py:75} INFO - Running command: ['/bin/bash', '-c', 'sleep 5']
[2023-08-27T01:32:41.652+0000] {subprocess.py:86} INFO - Output:
[2023-08-27T01:32:46.656+0000] {subprocess.py:97} INFO - Command exited with return code 0
[2023-08-27T01:32:46.682+0000] {taskinstance.py:1323} INFO - Marking task as SUCCESS. dag_id=primeiradag, task_id=tsk2, execution_date=20230827T013234, start_date=20230827T013241, end_date=20230827T013246
[2023-08-27T01:32:46.716+0000] {local_task_job.py:208} INFO - Task exited with return code 0
[2023-08-27T01:32:46.735+0000] {taskinstance.py:2578} INFO - 1 downstream tasks scheduled from follow-on schedule check
