[2023-08-25T00:24:56.560+0000] {processor.py:153} INFO - Started process (PID=2308) to work on /opt/airflow/dags/quartadag.py
[2023-08-25T00:24:56.560+0000] {processor.py:743} INFO - Processing file /opt/airflow/dags/quartadag.py for tasks to queue
[2023-08-25T00:24:56.561+0000] {logging_mixin.py:137} INFO - [2023-08-25T00:24:56.561+0000] {dagbag.py:538} INFO - Filling up the DagBag from /opt/airflow/dags/quartadag.py
[2023-08-25T00:24:56.583+0000] {processor.py:753} INFO - DAG(s) dict_keys(['quartadag']) retrieved from /opt/airflow/dags/quartadag.py
[2023-08-25T00:24:56.841+0000] {logging_mixin.py:137} INFO - [2023-08-25T00:24:56.840+0000] {manager.py:504} INFO - Created Permission View: can read on DAG:quartadag
[2023-08-25T00:24:56.888+0000] {logging_mixin.py:137} INFO - [2023-08-25T00:24:56.888+0000] {manager.py:504} INFO - Created Permission View: can delete on DAG:quartadag
[2023-08-25T00:24:56.924+0000] {logging_mixin.py:137} INFO - [2023-08-25T00:24:56.924+0000] {manager.py:504} INFO - Created Permission View: can edit on DAG:quartadag
[2023-08-25T00:24:56.924+0000] {logging_mixin.py:137} INFO - [2023-08-25T00:24:56.924+0000] {dag.py:2690} INFO - Sync 1 DAGs
[2023-08-25T00:24:56.943+0000] {logging_mixin.py:137} INFO - [2023-08-25T00:24:56.943+0000] {dag.py:2711} INFO - Creating ORM DAG for quartadag
[2023-08-25T00:24:56.956+0000] {logging_mixin.py:137} INFO - [2023-08-25T00:24:56.956+0000] {dag.py:3441} INFO - Setting next_dagrun for quartadag to None, run_after=None
[2023-08-25T00:24:57.017+0000] {processor.py:175} INFO - Processing /opt/airflow/dags/quartadag.py took 0.464 seconds
[2023-08-25T00:25:02.919+0000] {processor.py:153} INFO - Started process (PID=2313) to work on /opt/airflow/dags/quartadag.py
[2023-08-25T00:25:02.919+0000] {processor.py:743} INFO - Processing file /opt/airflow/dags/quartadag.py for tasks to queue
[2023-08-25T00:25:02.920+0000] {logging_mixin.py:137} INFO - [2023-08-25T00:25:02.920+0000] {dagbag.py:538} INFO - Filling up the DagBag from /opt/airflow/dags/quartadag.py
[2023-08-25T00:25:02.931+0000] {processor.py:753} INFO - DAG(s) dict_keys(['quartadag']) retrieved from /opt/airflow/dags/quartadag.py
[2023-08-25T00:25:02.942+0000] {logging_mixin.py:137} INFO - [2023-08-25T00:25:02.942+0000] {dag.py:2690} INFO - Sync 1 DAGs
[2023-08-25T00:25:02.980+0000] {logging_mixin.py:137} INFO - [2023-08-25T00:25:02.980+0000] {dag.py:3441} INFO - Setting next_dagrun for quartadag to None, run_after=None
[2023-08-25T00:25:03.031+0000] {processor.py:175} INFO - Processing /opt/airflow/dags/quartadag.py took 0.115 seconds
[2023-08-25T00:25:08.193+0000] {processor.py:153} INFO - Started process (PID=2333) to work on /opt/airflow/dags/quartadag.py
[2023-08-25T00:25:08.193+0000] {processor.py:743} INFO - Processing file /opt/airflow/dags/quartadag.py for tasks to queue
[2023-08-25T00:25:08.194+0000] {logging_mixin.py:137} INFO - [2023-08-25T00:25:08.194+0000] {dagbag.py:538} INFO - Filling up the DagBag from /opt/airflow/dags/quartadag.py
[2023-08-25T00:25:08.205+0000] {processor.py:753} INFO - DAG(s) dict_keys(['quartadag']) retrieved from /opt/airflow/dags/quartadag.py
[2023-08-25T00:25:08.215+0000] {logging_mixin.py:137} INFO - [2023-08-25T00:25:08.215+0000] {dag.py:2690} INFO - Sync 1 DAGs
[2023-08-25T00:25:08.241+0000] {logging_mixin.py:137} INFO - [2023-08-25T00:25:08.240+0000] {dag.py:3441} INFO - Setting next_dagrun for quartadag to None, run_after=None
[2023-08-25T00:25:08.280+0000] {processor.py:175} INFO - Processing /opt/airflow/dags/quartadag.py took 0.089 seconds
[2023-08-25T00:25:13.411+0000] {processor.py:153} INFO - Started process (PID=2337) to work on /opt/airflow/dags/quartadag.py
[2023-08-25T00:25:13.411+0000] {processor.py:743} INFO - Processing file /opt/airflow/dags/quartadag.py for tasks to queue
[2023-08-25T00:25:13.411+0000] {logging_mixin.py:137} INFO - [2023-08-25T00:25:13.411+0000] {dagbag.py:538} INFO - Filling up the DagBag from /opt/airflow/dags/quartadag.py
[2023-08-25T00:25:13.421+0000] {processor.py:753} INFO - DAG(s) dict_keys(['quartadag']) retrieved from /opt/airflow/dags/quartadag.py
[2023-08-25T00:25:13.429+0000] {logging_mixin.py:137} INFO - [2023-08-25T00:25:13.429+0000] {dag.py:2690} INFO - Sync 1 DAGs
[2023-08-25T00:25:13.451+0000] {logging_mixin.py:137} INFO - [2023-08-25T00:25:13.451+0000] {dag.py:3441} INFO - Setting next_dagrun for quartadag to None, run_after=None
[2023-08-25T00:25:13.493+0000] {processor.py:175} INFO - Processing /opt/airflow/dags/quartadag.py took 0.084 seconds
[2023-08-25T00:25:18.596+0000] {processor.py:153} INFO - Started process (PID=2357) to work on /opt/airflow/dags/quartadag.py
[2023-08-25T00:25:18.596+0000] {processor.py:743} INFO - Processing file /opt/airflow/dags/quartadag.py for tasks to queue
[2023-08-25T00:25:18.597+0000] {logging_mixin.py:137} INFO - [2023-08-25T00:25:18.597+0000] {dagbag.py:538} INFO - Filling up the DagBag from /opt/airflow/dags/quartadag.py
[2023-08-25T00:25:18.608+0000] {processor.py:753} INFO - DAG(s) dict_keys(['quartadag']) retrieved from /opt/airflow/dags/quartadag.py
[2023-08-25T00:25:18.619+0000] {logging_mixin.py:137} INFO - [2023-08-25T00:25:18.618+0000] {dag.py:2690} INFO - Sync 1 DAGs
[2023-08-25T00:25:18.643+0000] {logging_mixin.py:137} INFO - [2023-08-25T00:25:18.643+0000] {dag.py:3441} INFO - Setting next_dagrun for quartadag to None, run_after=None
[2023-08-25T00:25:18.689+0000] {processor.py:175} INFO - Processing /opt/airflow/dags/quartadag.py took 0.095 seconds
[2023-08-25T00:25:23.771+0000] {processor.py:153} INFO - Started process (PID=2361) to work on /opt/airflow/dags/quartadag.py
[2023-08-25T00:25:23.771+0000] {processor.py:743} INFO - Processing file /opt/airflow/dags/quartadag.py for tasks to queue
[2023-08-25T00:25:23.772+0000] {logging_mixin.py:137} INFO - [2023-08-25T00:25:23.772+0000] {dagbag.py:538} INFO - Filling up the DagBag from /opt/airflow/dags/quartadag.py
[2023-08-25T00:25:23.782+0000] {processor.py:753} INFO - DAG(s) dict_keys(['quartadag']) retrieved from /opt/airflow/dags/quartadag.py
[2023-08-25T00:25:23.791+0000] {logging_mixin.py:137} INFO - [2023-08-25T00:25:23.791+0000] {dag.py:2690} INFO - Sync 1 DAGs
[2023-08-25T00:25:23.815+0000] {logging_mixin.py:137} INFO - [2023-08-25T00:25:23.814+0000] {dag.py:3441} INFO - Setting next_dagrun for quartadag to None, run_after=None
[2023-08-25T00:25:23.933+0000] {processor.py:175} INFO - Processing /opt/airflow/dags/quartadag.py took 0.164 seconds
[2023-08-25T00:25:29.071+0000] {processor.py:153} INFO - Started process (PID=2374) to work on /opt/airflow/dags/quartadag.py
[2023-08-25T00:25:29.072+0000] {processor.py:743} INFO - Processing file /opt/airflow/dags/quartadag.py for tasks to queue
[2023-08-25T00:25:29.072+0000] {logging_mixin.py:137} INFO - [2023-08-25T00:25:29.072+0000] {dagbag.py:538} INFO - Filling up the DagBag from /opt/airflow/dags/quartadag.py
[2023-08-25T00:25:29.086+0000] {processor.py:753} INFO - DAG(s) dict_keys(['quartadag']) retrieved from /opt/airflow/dags/quartadag.py
[2023-08-25T00:25:29.119+0000] {logging_mixin.py:137} INFO - [2023-08-25T00:25:29.118+0000] {dag.py:2690} INFO - Sync 1 DAGs
[2023-08-25T00:25:29.144+0000] {logging_mixin.py:137} INFO - [2023-08-25T00:25:29.144+0000] {dag.py:3441} INFO - Setting next_dagrun for quartadag to None, run_after=None
[2023-08-25T00:25:29.227+0000] {processor.py:175} INFO - Processing /opt/airflow/dags/quartadag.py took 0.159 seconds
[2023-08-25T00:25:34.351+0000] {processor.py:153} INFO - Started process (PID=2385) to work on /opt/airflow/dags/quartadag.py
[2023-08-25T00:25:34.352+0000] {processor.py:743} INFO - Processing file /opt/airflow/dags/quartadag.py for tasks to queue
[2023-08-25T00:25:34.353+0000] {logging_mixin.py:137} INFO - [2023-08-25T00:25:34.353+0000] {dagbag.py:538} INFO - Filling up the DagBag from /opt/airflow/dags/quartadag.py
[2023-08-25T00:25:34.371+0000] {processor.py:753} INFO - DAG(s) dict_keys(['quartadag']) retrieved from /opt/airflow/dags/quartadag.py
[2023-08-25T00:25:34.403+0000] {logging_mixin.py:137} INFO - [2023-08-25T00:25:34.403+0000] {dag.py:2690} INFO - Sync 1 DAGs
[2023-08-25T00:25:34.446+0000] {logging_mixin.py:137} INFO - [2023-08-25T00:25:34.446+0000] {dag.py:3441} INFO - Setting next_dagrun for quartadag to None, run_after=None
[2023-08-25T00:25:34.501+0000] {processor.py:175} INFO - Processing /opt/airflow/dags/quartadag.py took 0.153 seconds
[2023-08-25T00:25:39.664+0000] {processor.py:153} INFO - Started process (PID=2389) to work on /opt/airflow/dags/quartadag.py
[2023-08-25T00:25:39.664+0000] {processor.py:743} INFO - Processing file /opt/airflow/dags/quartadag.py for tasks to queue
[2023-08-25T00:25:39.664+0000] {logging_mixin.py:137} INFO - [2023-08-25T00:25:39.664+0000] {dagbag.py:538} INFO - Filling up the DagBag from /opt/airflow/dags/quartadag.py
[2023-08-25T00:25:39.674+0000] {processor.py:753} INFO - DAG(s) dict_keys(['quartadag']) retrieved from /opt/airflow/dags/quartadag.py
[2023-08-25T00:25:39.690+0000] {logging_mixin.py:137} INFO - [2023-08-25T00:25:39.690+0000] {dag.py:2690} INFO - Sync 1 DAGs
[2023-08-25T00:25:39.709+0000] {logging_mixin.py:137} INFO - [2023-08-25T00:25:39.709+0000] {dag.py:3441} INFO - Setting next_dagrun for quartadag to None, run_after=None
[2023-08-25T00:25:39.754+0000] {processor.py:175} INFO - Processing /opt/airflow/dags/quartadag.py took 0.092 seconds
[2023-08-25T00:25:44.804+0000] {processor.py:153} INFO - Started process (PID=2408) to work on /opt/airflow/dags/quartadag.py
[2023-08-25T00:25:44.804+0000] {processor.py:743} INFO - Processing file /opt/airflow/dags/quartadag.py for tasks to queue
[2023-08-25T00:25:44.805+0000] {logging_mixin.py:137} INFO - [2023-08-25T00:25:44.805+0000] {dagbag.py:538} INFO - Filling up the DagBag from /opt/airflow/dags/quartadag.py
[2023-08-25T00:25:44.819+0000] {processor.py:753} INFO - DAG(s) dict_keys(['quartadag']) retrieved from /opt/airflow/dags/quartadag.py
[2023-08-25T00:25:44.850+0000] {logging_mixin.py:137} INFO - [2023-08-25T00:25:44.849+0000] {dag.py:2690} INFO - Sync 1 DAGs
[2023-08-25T00:25:44.888+0000] {logging_mixin.py:137} INFO - [2023-08-25T00:25:44.888+0000] {dag.py:3441} INFO - Setting next_dagrun for quartadag to None, run_after=None
[2023-08-25T00:25:44.947+0000] {processor.py:175} INFO - Processing /opt/airflow/dags/quartadag.py took 0.146 seconds
[2023-08-25T00:25:50.142+0000] {processor.py:153} INFO - Started process (PID=2412) to work on /opt/airflow/dags/quartadag.py
[2023-08-25T00:25:50.142+0000] {processor.py:743} INFO - Processing file /opt/airflow/dags/quartadag.py for tasks to queue
[2023-08-25T00:25:50.143+0000] {logging_mixin.py:137} INFO - [2023-08-25T00:25:50.142+0000] {dagbag.py:538} INFO - Filling up the DagBag from /opt/airflow/dags/quartadag.py
[2023-08-25T00:25:50.153+0000] {processor.py:753} INFO - DAG(s) dict_keys(['quartadag']) retrieved from /opt/airflow/dags/quartadag.py
[2023-08-25T00:25:50.171+0000] {logging_mixin.py:137} INFO - [2023-08-25T00:25:50.171+0000] {dag.py:2690} INFO - Sync 1 DAGs
[2023-08-25T00:25:50.196+0000] {logging_mixin.py:137} INFO - [2023-08-25T00:25:50.196+0000] {dag.py:3441} INFO - Setting next_dagrun for quartadag to None, run_after=None
[2023-08-25T00:25:50.264+0000] {processor.py:175} INFO - Processing /opt/airflow/dags/quartadag.py took 0.125 seconds
[2023-08-25T00:25:55.297+0000] {processor.py:153} INFO - Started process (PID=2431) to work on /opt/airflow/dags/quartadag.py
[2023-08-25T00:25:55.298+0000] {processor.py:743} INFO - Processing file /opt/airflow/dags/quartadag.py for tasks to queue
[2023-08-25T00:25:55.298+0000] {logging_mixin.py:137} INFO - [2023-08-25T00:25:55.298+0000] {dagbag.py:538} INFO - Filling up the DagBag from /opt/airflow/dags/quartadag.py
[2023-08-25T00:25:55.310+0000] {processor.py:753} INFO - DAG(s) dict_keys(['quartadag']) retrieved from /opt/airflow/dags/quartadag.py
[2023-08-25T00:25:55.337+0000] {logging_mixin.py:137} INFO - [2023-08-25T00:25:55.337+0000] {dag.py:2690} INFO - Sync 1 DAGs
[2023-08-25T00:25:55.374+0000] {logging_mixin.py:137} INFO - [2023-08-25T00:25:55.374+0000] {dag.py:3441} INFO - Setting next_dagrun for quartadag to None, run_after=None
[2023-08-25T00:25:55.440+0000] {processor.py:175} INFO - Processing /opt/airflow/dags/quartadag.py took 0.144 seconds
[2023-08-25T00:26:00.596+0000] {processor.py:153} INFO - Started process (PID=2435) to work on /opt/airflow/dags/quartadag.py
[2023-08-25T00:26:00.596+0000] {processor.py:743} INFO - Processing file /opt/airflow/dags/quartadag.py for tasks to queue
[2023-08-25T00:26:00.597+0000] {logging_mixin.py:137} INFO - [2023-08-25T00:26:00.597+0000] {dagbag.py:538} INFO - Filling up the DagBag from /opt/airflow/dags/quartadag.py
[2023-08-25T00:26:00.614+0000] {processor.py:753} INFO - DAG(s) dict_keys(['quartadag']) retrieved from /opt/airflow/dags/quartadag.py
[2023-08-25T00:26:00.652+0000] {logging_mixin.py:137} INFO - [2023-08-25T00:26:00.651+0000] {dag.py:2690} INFO - Sync 1 DAGs
[2023-08-25T00:26:00.679+0000] {logging_mixin.py:137} INFO - [2023-08-25T00:26:00.679+0000] {dag.py:3441} INFO - Setting next_dagrun for quartadag to None, run_after=None
[2023-08-25T00:26:00.726+0000] {processor.py:175} INFO - Processing /opt/airflow/dags/quartadag.py took 0.134 seconds
[2023-08-25T00:26:05.750+0000] {processor.py:153} INFO - Started process (PID=2439) to work on /opt/airflow/dags/quartadag.py
[2023-08-25T00:26:05.764+0000] {processor.py:743} INFO - Processing file /opt/airflow/dags/quartadag.py for tasks to queue
[2023-08-25T00:26:05.764+0000] {logging_mixin.py:137} INFO - [2023-08-25T00:26:05.764+0000] {dagbag.py:538} INFO - Filling up the DagBag from /opt/airflow/dags/quartadag.py
[2023-08-25T00:26:05.776+0000] {processor.py:753} INFO - DAG(s) dict_keys(['quartadag']) retrieved from /opt/airflow/dags/quartadag.py
[2023-08-25T00:26:05.796+0000] {logging_mixin.py:137} INFO - [2023-08-25T00:26:05.796+0000] {dag.py:2690} INFO - Sync 1 DAGs
[2023-08-25T00:26:05.819+0000] {logging_mixin.py:137} INFO - [2023-08-25T00:26:05.819+0000] {dag.py:3441} INFO - Setting next_dagrun for quartadag to None, run_after=None
[2023-08-25T00:26:05.877+0000] {processor.py:175} INFO - Processing /opt/airflow/dags/quartadag.py took 0.130 seconds
[2023-08-25T00:26:10.911+0000] {processor.py:153} INFO - Started process (PID=2459) to work on /opt/airflow/dags/quartadag.py
[2023-08-25T00:26:10.911+0000] {processor.py:743} INFO - Processing file /opt/airflow/dags/quartadag.py for tasks to queue
[2023-08-25T00:26:10.912+0000] {logging_mixin.py:137} INFO - [2023-08-25T00:26:10.912+0000] {dagbag.py:538} INFO - Filling up the DagBag from /opt/airflow/dags/quartadag.py
[2023-08-25T00:26:10.924+0000] {processor.py:753} INFO - DAG(s) dict_keys(['quartadag']) retrieved from /opt/airflow/dags/quartadag.py
[2023-08-25T00:26:10.950+0000] {logging_mixin.py:137} INFO - [2023-08-25T00:26:10.950+0000] {dag.py:2690} INFO - Sync 1 DAGs
[2023-08-25T00:26:10.988+0000] {logging_mixin.py:137} INFO - [2023-08-25T00:26:10.988+0000] {dag.py:3441} INFO - Setting next_dagrun for quartadag to None, run_after=None
[2023-08-25T00:26:11.042+0000] {processor.py:175} INFO - Processing /opt/airflow/dags/quartadag.py took 0.133 seconds
[2023-08-25T00:26:16.193+0000] {processor.py:153} INFO - Started process (PID=2463) to work on /opt/airflow/dags/quartadag.py
[2023-08-25T00:26:16.193+0000] {processor.py:743} INFO - Processing file /opt/airflow/dags/quartadag.py for tasks to queue
[2023-08-25T00:26:16.194+0000] {logging_mixin.py:137} INFO - [2023-08-25T00:26:16.194+0000] {dagbag.py:538} INFO - Filling up the DagBag from /opt/airflow/dags/quartadag.py
[2023-08-25T00:26:16.204+0000] {processor.py:753} INFO - DAG(s) dict_keys(['quartadag']) retrieved from /opt/airflow/dags/quartadag.py
[2023-08-25T00:26:16.223+0000] {logging_mixin.py:137} INFO - [2023-08-25T00:26:16.223+0000] {dag.py:2690} INFO - Sync 1 DAGs
[2023-08-25T00:26:16.245+0000] {logging_mixin.py:137} INFO - [2023-08-25T00:26:16.244+0000] {dag.py:3441} INFO - Setting next_dagrun for quartadag to None, run_after=None
[2023-08-25T00:26:16.313+0000] {processor.py:175} INFO - Processing /opt/airflow/dags/quartadag.py took 0.121 seconds
[2023-08-25T00:26:21.490+0000] {processor.py:153} INFO - Started process (PID=2484) to work on /opt/airflow/dags/quartadag.py
[2023-08-25T00:26:21.491+0000] {processor.py:743} INFO - Processing file /opt/airflow/dags/quartadag.py for tasks to queue
[2023-08-25T00:26:21.492+0000] {logging_mixin.py:137} INFO - [2023-08-25T00:26:21.491+0000] {dagbag.py:538} INFO - Filling up the DagBag from /opt/airflow/dags/quartadag.py
[2023-08-25T00:26:21.503+0000] {processor.py:753} INFO - DAG(s) dict_keys(['quartadag']) retrieved from /opt/airflow/dags/quartadag.py
[2023-08-25T00:26:21.525+0000] {logging_mixin.py:137} INFO - [2023-08-25T00:26:21.525+0000] {dag.py:2690} INFO - Sync 1 DAGs
[2023-08-25T00:26:21.549+0000] {logging_mixin.py:137} INFO - [2023-08-25T00:26:21.549+0000] {dag.py:3441} INFO - Setting next_dagrun for quartadag to None, run_after=None
[2023-08-25T00:26:21.590+0000] {processor.py:175} INFO - Processing /opt/airflow/dags/quartadag.py took 0.102 seconds
[2023-08-25T00:26:26.736+0000] {processor.py:153} INFO - Started process (PID=2488) to work on /opt/airflow/dags/quartadag.py
[2023-08-25T00:26:26.736+0000] {processor.py:743} INFO - Processing file /opt/airflow/dags/quartadag.py for tasks to queue
[2023-08-25T00:26:26.737+0000] {logging_mixin.py:137} INFO - [2023-08-25T00:26:26.737+0000] {dagbag.py:538} INFO - Filling up the DagBag from /opt/airflow/dags/quartadag.py
[2023-08-25T00:26:26.747+0000] {processor.py:753} INFO - DAG(s) dict_keys(['quartadag']) retrieved from /opt/airflow/dags/quartadag.py
[2023-08-25T00:26:26.768+0000] {logging_mixin.py:137} INFO - [2023-08-25T00:26:26.768+0000] {dag.py:2690} INFO - Sync 1 DAGs
[2023-08-25T00:26:26.793+0000] {logging_mixin.py:137} INFO - [2023-08-25T00:26:26.793+0000] {dag.py:3441} INFO - Setting next_dagrun for quartadag to None, run_after=None
[2023-08-25T00:26:26.862+0000] {processor.py:175} INFO - Processing /opt/airflow/dags/quartadag.py took 0.129 seconds
[2023-08-25T00:26:31.891+0000] {processor.py:153} INFO - Started process (PID=2500) to work on /opt/airflow/dags/quartadag.py
[2023-08-25T00:26:31.892+0000] {processor.py:743} INFO - Processing file /opt/airflow/dags/quartadag.py for tasks to queue
[2023-08-25T00:26:31.892+0000] {logging_mixin.py:137} INFO - [2023-08-25T00:26:31.892+0000] {dagbag.py:538} INFO - Filling up the DagBag from /opt/airflow/dags/quartadag.py
[2023-08-25T00:26:31.903+0000] {processor.py:753} INFO - DAG(s) dict_keys(['quartadag']) retrieved from /opt/airflow/dags/quartadag.py
[2023-08-25T00:26:31.926+0000] {logging_mixin.py:137} INFO - [2023-08-25T00:26:31.926+0000] {dag.py:2690} INFO - Sync 1 DAGs
[2023-08-25T00:26:31.953+0000] {logging_mixin.py:137} INFO - [2023-08-25T00:26:31.952+0000] {dag.py:3441} INFO - Setting next_dagrun for quartadag to None, run_after=None
[2023-08-25T00:26:32.022+0000] {processor.py:175} INFO - Processing /opt/airflow/dags/quartadag.py took 0.133 seconds
[2023-08-25T00:26:37.150+0000] {processor.py:153} INFO - Started process (PID=2511) to work on /opt/airflow/dags/quartadag.py
[2023-08-25T00:26:37.150+0000] {processor.py:743} INFO - Processing file /opt/airflow/dags/quartadag.py for tasks to queue
[2023-08-25T00:26:37.151+0000] {logging_mixin.py:137} INFO - [2023-08-25T00:26:37.151+0000] {dagbag.py:538} INFO - Filling up the DagBag from /opt/airflow/dags/quartadag.py
[2023-08-25T00:26:37.163+0000] {processor.py:753} INFO - DAG(s) dict_keys(['quartadag']) retrieved from /opt/airflow/dags/quartadag.py
[2023-08-25T00:26:37.183+0000] {logging_mixin.py:137} INFO - [2023-08-25T00:26:37.182+0000] {dag.py:2690} INFO - Sync 1 DAGs
[2023-08-25T00:26:37.210+0000] {logging_mixin.py:137} INFO - [2023-08-25T00:26:37.209+0000] {dag.py:3441} INFO - Setting next_dagrun for quartadag to None, run_after=None
[2023-08-25T00:26:37.256+0000] {processor.py:175} INFO - Processing /opt/airflow/dags/quartadag.py took 0.109 seconds
[2023-08-25T00:26:42.403+0000] {processor.py:153} INFO - Started process (PID=2515) to work on /opt/airflow/dags/quartadag.py
[2023-08-25T00:26:42.404+0000] {processor.py:743} INFO - Processing file /opt/airflow/dags/quartadag.py for tasks to queue
[2023-08-25T00:26:42.404+0000] {logging_mixin.py:137} INFO - [2023-08-25T00:26:42.404+0000] {dagbag.py:538} INFO - Filling up the DagBag from /opt/airflow/dags/quartadag.py
[2023-08-25T00:26:42.415+0000] {processor.py:753} INFO - DAG(s) dict_keys(['quartadag']) retrieved from /opt/airflow/dags/quartadag.py
[2023-08-25T00:26:42.438+0000] {logging_mixin.py:137} INFO - [2023-08-25T00:26:42.438+0000] {dag.py:2690} INFO - Sync 1 DAGs
[2023-08-25T00:26:42.474+0000] {logging_mixin.py:137} INFO - [2023-08-25T00:26:42.474+0000] {dag.py:3441} INFO - Setting next_dagrun for quartadag to None, run_after=None
[2023-08-25T00:26:42.516+0000] {processor.py:175} INFO - Processing /opt/airflow/dags/quartadag.py took 0.114 seconds
[2023-08-25T00:26:47.658+0000] {processor.py:153} INFO - Started process (PID=2535) to work on /opt/airflow/dags/quartadag.py
[2023-08-25T00:26:47.658+0000] {processor.py:743} INFO - Processing file /opt/airflow/dags/quartadag.py for tasks to queue
[2023-08-25T00:26:47.659+0000] {logging_mixin.py:137} INFO - [2023-08-25T00:26:47.659+0000] {dagbag.py:538} INFO - Filling up the DagBag from /opt/airflow/dags/quartadag.py
[2023-08-25T00:26:47.671+0000] {processor.py:753} INFO - DAG(s) dict_keys(['quartadag']) retrieved from /opt/airflow/dags/quartadag.py
[2023-08-25T00:26:47.692+0000] {logging_mixin.py:137} INFO - [2023-08-25T00:26:47.692+0000] {dag.py:2690} INFO - Sync 1 DAGs
[2023-08-25T00:26:47.720+0000] {logging_mixin.py:137} INFO - [2023-08-25T00:26:47.720+0000] {dag.py:3441} INFO - Setting next_dagrun for quartadag to None, run_after=None
[2023-08-25T00:26:47.771+0000] {processor.py:175} INFO - Processing /opt/airflow/dags/quartadag.py took 0.115 seconds
[2023-08-25T00:26:52.938+0000] {processor.py:153} INFO - Started process (PID=2539) to work on /opt/airflow/dags/quartadag.py
[2023-08-25T00:26:52.939+0000] {processor.py:743} INFO - Processing file /opt/airflow/dags/quartadag.py for tasks to queue
[2023-08-25T00:26:52.939+0000] {logging_mixin.py:137} INFO - [2023-08-25T00:26:52.939+0000] {dagbag.py:538} INFO - Filling up the DagBag from /opt/airflow/dags/quartadag.py
[2023-08-25T00:26:52.949+0000] {processor.py:753} INFO - DAG(s) dict_keys(['quartadag']) retrieved from /opt/airflow/dags/quartadag.py
[2023-08-25T00:26:52.967+0000] {logging_mixin.py:137} INFO - [2023-08-25T00:26:52.967+0000] {dag.py:2690} INFO - Sync 1 DAGs
[2023-08-25T00:26:52.990+0000] {logging_mixin.py:137} INFO - [2023-08-25T00:26:52.990+0000] {dag.py:3441} INFO - Setting next_dagrun for quartadag to None, run_after=None
[2023-08-25T00:26:53.032+0000] {processor.py:175} INFO - Processing /opt/airflow/dags/quartadag.py took 0.096 seconds
[2023-08-25T00:26:58.225+0000] {processor.py:153} INFO - Started process (PID=2559) to work on /opt/airflow/dags/quartadag.py
[2023-08-25T00:26:58.226+0000] {processor.py:743} INFO - Processing file /opt/airflow/dags/quartadag.py for tasks to queue
[2023-08-25T00:26:58.226+0000] {logging_mixin.py:137} INFO - [2023-08-25T00:26:58.226+0000] {dagbag.py:538} INFO - Filling up the DagBag from /opt/airflow/dags/quartadag.py
[2023-08-25T00:26:58.236+0000] {processor.py:753} INFO - DAG(s) dict_keys(['quartadag']) retrieved from /opt/airflow/dags/quartadag.py
[2023-08-25T00:26:58.257+0000] {logging_mixin.py:137} INFO - [2023-08-25T00:26:58.256+0000] {dag.py:2690} INFO - Sync 1 DAGs
[2023-08-25T00:26:58.284+0000] {logging_mixin.py:137} INFO - [2023-08-25T00:26:58.284+0000] {dag.py:3441} INFO - Setting next_dagrun for quartadag to None, run_after=None
[2023-08-25T00:26:58.380+0000] {processor.py:175} INFO - Processing /opt/airflow/dags/quartadag.py took 0.157 seconds
[2023-08-25T00:27:03.502+0000] {processor.py:153} INFO - Started process (PID=2563) to work on /opt/airflow/dags/quartadag.py
[2023-08-25T00:27:03.503+0000] {processor.py:743} INFO - Processing file /opt/airflow/dags/quartadag.py for tasks to queue
[2023-08-25T00:27:03.503+0000] {logging_mixin.py:137} INFO - [2023-08-25T00:27:03.503+0000] {dagbag.py:538} INFO - Filling up the DagBag from /opt/airflow/dags/quartadag.py
[2023-08-25T00:27:03.521+0000] {processor.py:753} INFO - DAG(s) dict_keys(['quartadag']) retrieved from /opt/airflow/dags/quartadag.py
[2023-08-25T00:27:03.548+0000] {logging_mixin.py:137} INFO - [2023-08-25T00:27:03.548+0000] {dag.py:2690} INFO - Sync 1 DAGs
[2023-08-25T00:27:03.589+0000] {logging_mixin.py:137} INFO - [2023-08-25T00:27:03.589+0000] {dag.py:3441} INFO - Setting next_dagrun for quartadag to None, run_after=None
[2023-08-25T00:27:03.640+0000] {processor.py:175} INFO - Processing /opt/airflow/dags/quartadag.py took 0.142 seconds
[2023-08-25T00:27:08.752+0000] {processor.py:153} INFO - Started process (PID=2574) to work on /opt/airflow/dags/quartadag.py
[2023-08-25T00:27:08.753+0000] {processor.py:743} INFO - Processing file /opt/airflow/dags/quartadag.py for tasks to queue
[2023-08-25T00:27:08.753+0000] {logging_mixin.py:137} INFO - [2023-08-25T00:27:08.753+0000] {dagbag.py:538} INFO - Filling up the DagBag from /opt/airflow/dags/quartadag.py
[2023-08-25T00:27:08.765+0000] {processor.py:753} INFO - DAG(s) dict_keys(['quartadag']) retrieved from /opt/airflow/dags/quartadag.py
[2023-08-25T00:27:08.786+0000] {logging_mixin.py:137} INFO - [2023-08-25T00:27:08.786+0000] {dag.py:2690} INFO - Sync 1 DAGs
[2023-08-25T00:27:08.812+0000] {logging_mixin.py:137} INFO - [2023-08-25T00:27:08.812+0000] {dag.py:3441} INFO - Setting next_dagrun for quartadag to None, run_after=None
[2023-08-25T00:27:08.860+0000] {processor.py:175} INFO - Processing /opt/airflow/dags/quartadag.py took 0.111 seconds
[2023-08-25T00:27:14.010+0000] {processor.py:153} INFO - Started process (PID=2587) to work on /opt/airflow/dags/quartadag.py
[2023-08-25T00:27:14.010+0000] {processor.py:743} INFO - Processing file /opt/airflow/dags/quartadag.py for tasks to queue
[2023-08-25T00:27:14.011+0000] {logging_mixin.py:137} INFO - [2023-08-25T00:27:14.011+0000] {dagbag.py:538} INFO - Filling up the DagBag from /opt/airflow/dags/quartadag.py
[2023-08-25T00:27:14.023+0000] {processor.py:753} INFO - DAG(s) dict_keys(['quartadag']) retrieved from /opt/airflow/dags/quartadag.py
[2023-08-25T00:27:14.049+0000] {logging_mixin.py:137} INFO - [2023-08-25T00:27:14.049+0000] {dag.py:2690} INFO - Sync 1 DAGs
[2023-08-25T00:27:14.089+0000] {logging_mixin.py:137} INFO - [2023-08-25T00:27:14.089+0000] {dag.py:3441} INFO - Setting next_dagrun for quartadag to None, run_after=None
[2023-08-25T00:27:14.155+0000] {processor.py:175} INFO - Processing /opt/airflow/dags/quartadag.py took 0.148 seconds
[2023-08-25T00:27:19.276+0000] {processor.py:153} INFO - Started process (PID=2591) to work on /opt/airflow/dags/quartadag.py
[2023-08-25T00:27:19.276+0000] {processor.py:743} INFO - Processing file /opt/airflow/dags/quartadag.py for tasks to queue
[2023-08-25T00:27:19.277+0000] {logging_mixin.py:137} INFO - [2023-08-25T00:27:19.277+0000] {dagbag.py:538} INFO - Filling up the DagBag from /opt/airflow/dags/quartadag.py
[2023-08-25T00:27:19.287+0000] {processor.py:753} INFO - DAG(s) dict_keys(['quartadag']) retrieved from /opt/airflow/dags/quartadag.py
[2023-08-25T00:27:19.305+0000] {logging_mixin.py:137} INFO - [2023-08-25T00:27:19.305+0000] {dag.py:2690} INFO - Sync 1 DAGs
[2023-08-25T00:27:19.328+0000] {logging_mixin.py:137} INFO - [2023-08-25T00:27:19.328+0000] {dag.py:3441} INFO - Setting next_dagrun for quartadag to None, run_after=None
[2023-08-25T00:27:19.393+0000] {processor.py:175} INFO - Processing /opt/airflow/dags/quartadag.py took 0.119 seconds
[2023-08-25T00:27:24.555+0000] {processor.py:153} INFO - Started process (PID=2610) to work on /opt/airflow/dags/quartadag.py
[2023-08-25T00:27:24.555+0000] {processor.py:743} INFO - Processing file /opt/airflow/dags/quartadag.py for tasks to queue
[2023-08-25T00:27:24.556+0000] {logging_mixin.py:137} INFO - [2023-08-25T00:27:24.556+0000] {dagbag.py:538} INFO - Filling up the DagBag from /opt/airflow/dags/quartadag.py
[2023-08-25T00:27:24.567+0000] {processor.py:753} INFO - DAG(s) dict_keys(['quartadag']) retrieved from /opt/airflow/dags/quartadag.py
[2023-08-25T00:27:24.589+0000] {logging_mixin.py:137} INFO - [2023-08-25T00:27:24.589+0000] {dag.py:2690} INFO - Sync 1 DAGs
[2023-08-25T00:27:24.614+0000] {logging_mixin.py:137} INFO - [2023-08-25T00:27:24.614+0000] {dag.py:3441} INFO - Setting next_dagrun for quartadag to None, run_after=None
[2023-08-25T00:27:24.663+0000] {processor.py:175} INFO - Processing /opt/airflow/dags/quartadag.py took 0.111 seconds
[2023-08-25T00:27:29.831+0000] {processor.py:153} INFO - Started process (PID=2614) to work on /opt/airflow/dags/quartadag.py
[2023-08-25T00:27:29.832+0000] {processor.py:743} INFO - Processing file /opt/airflow/dags/quartadag.py for tasks to queue
[2023-08-25T00:27:29.832+0000] {logging_mixin.py:137} INFO - [2023-08-25T00:27:29.832+0000] {dagbag.py:538} INFO - Filling up the DagBag from /opt/airflow/dags/quartadag.py
[2023-08-25T00:27:29.843+0000] {processor.py:753} INFO - DAG(s) dict_keys(['quartadag']) retrieved from /opt/airflow/dags/quartadag.py
[2023-08-25T00:27:29.862+0000] {logging_mixin.py:137} INFO - [2023-08-25T00:27:29.862+0000] {dag.py:2690} INFO - Sync 1 DAGs
[2023-08-25T00:27:29.885+0000] {logging_mixin.py:137} INFO - [2023-08-25T00:27:29.885+0000] {dag.py:3441} INFO - Setting next_dagrun for quartadag to None, run_after=None
[2023-08-25T00:27:29.942+0000] {processor.py:175} INFO - Processing /opt/airflow/dags/quartadag.py took 0.113 seconds
[2023-08-25T00:27:34.975+0000] {processor.py:153} INFO - Started process (PID=2634) to work on /opt/airflow/dags/quartadag.py
[2023-08-25T00:27:34.975+0000] {processor.py:743} INFO - Processing file /opt/airflow/dags/quartadag.py for tasks to queue
[2023-08-25T00:27:34.976+0000] {logging_mixin.py:137} INFO - [2023-08-25T00:27:34.976+0000] {dagbag.py:538} INFO - Filling up the DagBag from /opt/airflow/dags/quartadag.py
[2023-08-25T00:27:34.992+0000] {processor.py:753} INFO - DAG(s) dict_keys(['quartadag']) retrieved from /opt/airflow/dags/quartadag.py
[2023-08-25T00:27:35.021+0000] {logging_mixin.py:137} INFO - [2023-08-25T00:27:35.020+0000] {dag.py:2690} INFO - Sync 1 DAGs
[2023-08-25T00:27:35.059+0000] {logging_mixin.py:137} INFO - [2023-08-25T00:27:35.059+0000] {dag.py:3441} INFO - Setting next_dagrun for quartadag to None, run_after=None
[2023-08-25T00:27:35.103+0000] {processor.py:175} INFO - Processing /opt/airflow/dags/quartadag.py took 0.131 seconds
[2023-08-25T00:27:40.271+0000] {processor.py:153} INFO - Started process (PID=2638) to work on /opt/airflow/dags/quartadag.py
[2023-08-25T00:27:40.272+0000] {processor.py:743} INFO - Processing file /opt/airflow/dags/quartadag.py for tasks to queue
[2023-08-25T00:27:40.273+0000] {logging_mixin.py:137} INFO - [2023-08-25T00:27:40.272+0000] {dagbag.py:538} INFO - Filling up the DagBag from /opt/airflow/dags/quartadag.py
[2023-08-25T00:27:40.285+0000] {processor.py:753} INFO - DAG(s) dict_keys(['quartadag']) retrieved from /opt/airflow/dags/quartadag.py
[2023-08-25T00:27:40.306+0000] {logging_mixin.py:137} INFO - [2023-08-25T00:27:40.306+0000] {dag.py:2690} INFO - Sync 1 DAGs
[2023-08-25T00:27:40.331+0000] {logging_mixin.py:137} INFO - [2023-08-25T00:27:40.331+0000] {dag.py:3441} INFO - Setting next_dagrun for quartadag to None, run_after=None
[2023-08-25T00:27:40.386+0000] {processor.py:175} INFO - Processing /opt/airflow/dags/quartadag.py took 0.117 seconds
[2023-08-25T00:27:45.519+0000] {processor.py:153} INFO - Started process (PID=2642) to work on /opt/airflow/dags/quartadag.py
[2023-08-25T00:27:45.520+0000] {processor.py:743} INFO - Processing file /opt/airflow/dags/quartadag.py for tasks to queue
[2023-08-25T00:27:45.520+0000] {logging_mixin.py:137} INFO - [2023-08-25T00:27:45.520+0000] {dagbag.py:538} INFO - Filling up the DagBag from /opt/airflow/dags/quartadag.py
[2023-08-25T00:27:45.530+0000] {processor.py:753} INFO - DAG(s) dict_keys(['quartadag']) retrieved from /opt/airflow/dags/quartadag.py
[2023-08-25T00:27:45.549+0000] {logging_mixin.py:137} INFO - [2023-08-25T00:27:45.549+0000] {dag.py:2690} INFO - Sync 1 DAGs
[2023-08-25T00:27:45.570+0000] {logging_mixin.py:137} INFO - [2023-08-25T00:27:45.570+0000] {dag.py:3441} INFO - Setting next_dagrun for quartadag to None, run_after=None
[2023-08-25T00:27:45.610+0000] {processor.py:175} INFO - Processing /opt/airflow/dags/quartadag.py took 0.093 seconds
[2023-08-25T00:27:50.792+0000] {processor.py:153} INFO - Started process (PID=2662) to work on /opt/airflow/dags/quartadag.py
[2023-08-25T00:27:50.792+0000] {processor.py:743} INFO - Processing file /opt/airflow/dags/quartadag.py for tasks to queue
[2023-08-25T00:27:50.793+0000] {logging_mixin.py:137} INFO - [2023-08-25T00:27:50.793+0000] {dagbag.py:538} INFO - Filling up the DagBag from /opt/airflow/dags/quartadag.py
[2023-08-25T00:27:50.805+0000] {processor.py:753} INFO - DAG(s) dict_keys(['quartadag']) retrieved from /opt/airflow/dags/quartadag.py
[2023-08-25T00:27:50.833+0000] {logging_mixin.py:137} INFO - [2023-08-25T00:27:50.833+0000] {dag.py:2690} INFO - Sync 1 DAGs
[2023-08-25T00:27:50.869+0000] {logging_mixin.py:137} INFO - [2023-08-25T00:27:50.869+0000] {dag.py:3441} INFO - Setting next_dagrun for quartadag to None, run_after=None
[2023-08-25T00:27:50.924+0000] {processor.py:175} INFO - Processing /opt/airflow/dags/quartadag.py took 0.135 seconds
[2023-08-25T00:27:56.071+0000] {processor.py:153} INFO - Started process (PID=2666) to work on /opt/airflow/dags/quartadag.py
[2023-08-25T00:27:56.076+0000] {processor.py:743} INFO - Processing file /opt/airflow/dags/quartadag.py for tasks to queue
[2023-08-25T00:27:56.077+0000] {logging_mixin.py:137} INFO - [2023-08-25T00:27:56.077+0000] {dagbag.py:538} INFO - Filling up the DagBag from /opt/airflow/dags/quartadag.py
[2023-08-25T00:27:56.087+0000] {processor.py:753} INFO - DAG(s) dict_keys(['quartadag']) retrieved from /opt/airflow/dags/quartadag.py
[2023-08-25T00:27:56.105+0000] {logging_mixin.py:137} INFO - [2023-08-25T00:27:56.105+0000] {dag.py:2690} INFO - Sync 1 DAGs
[2023-08-25T00:27:56.127+0000] {logging_mixin.py:137} INFO - [2023-08-25T00:27:56.127+0000] {dag.py:3441} INFO - Setting next_dagrun for quartadag to None, run_after=None
[2023-08-25T00:27:56.187+0000] {processor.py:175} INFO - Processing /opt/airflow/dags/quartadag.py took 0.118 seconds
[2023-08-25T00:28:01.325+0000] {processor.py:153} INFO - Started process (PID=2685) to work on /opt/airflow/dags/quartadag.py
[2023-08-25T00:28:01.325+0000] {processor.py:743} INFO - Processing file /opt/airflow/dags/quartadag.py for tasks to queue
[2023-08-25T00:28:01.326+0000] {logging_mixin.py:137} INFO - [2023-08-25T00:28:01.326+0000] {dagbag.py:538} INFO - Filling up the DagBag from /opt/airflow/dags/quartadag.py
[2023-08-25T00:28:01.339+0000] {processor.py:753} INFO - DAG(s) dict_keys(['quartadag']) retrieved from /opt/airflow/dags/quartadag.py
[2023-08-25T00:28:01.364+0000] {logging_mixin.py:137} INFO - [2023-08-25T00:28:01.364+0000] {dag.py:2690} INFO - Sync 1 DAGs
[2023-08-25T00:28:01.404+0000] {logging_mixin.py:137} INFO - [2023-08-25T00:28:01.403+0000] {dag.py:3441} INFO - Setting next_dagrun for quartadag to None, run_after=None
[2023-08-25T00:28:01.466+0000] {processor.py:175} INFO - Processing /opt/airflow/dags/quartadag.py took 0.144 seconds
[2023-08-25T00:28:06.603+0000] {processor.py:153} INFO - Started process (PID=2689) to work on /opt/airflow/dags/quartadag.py
[2023-08-25T00:28:06.604+0000] {processor.py:743} INFO - Processing file /opt/airflow/dags/quartadag.py for tasks to queue
[2023-08-25T00:28:06.604+0000] {logging_mixin.py:137} INFO - [2023-08-25T00:28:06.604+0000] {dagbag.py:538} INFO - Filling up the DagBag from /opt/airflow/dags/quartadag.py
[2023-08-25T00:28:06.615+0000] {processor.py:753} INFO - DAG(s) dict_keys(['quartadag']) retrieved from /opt/airflow/dags/quartadag.py
[2023-08-25T00:28:06.638+0000] {logging_mixin.py:137} INFO - [2023-08-25T00:28:06.637+0000] {dag.py:2690} INFO - Sync 1 DAGs
[2023-08-25T00:28:06.669+0000] {logging_mixin.py:137} INFO - [2023-08-25T00:28:06.668+0000] {dag.py:3441} INFO - Setting next_dagrun for quartadag to None, run_after=None
[2023-08-25T00:28:06.712+0000] {processor.py:175} INFO - Processing /opt/airflow/dags/quartadag.py took 0.111 seconds
[2023-08-25T00:28:11.772+0000] {processor.py:153} INFO - Started process (PID=2703) to work on /opt/airflow/dags/quartadag.py
[2023-08-25T00:28:11.772+0000] {processor.py:743} INFO - Processing file /opt/airflow/dags/quartadag.py for tasks to queue
[2023-08-25T00:28:11.773+0000] {logging_mixin.py:137} INFO - [2023-08-25T00:28:11.772+0000] {dagbag.py:538} INFO - Filling up the DagBag from /opt/airflow/dags/quartadag.py
[2023-08-25T00:28:11.785+0000] {processor.py:753} INFO - DAG(s) dict_keys(['quartadag']) retrieved from /opt/airflow/dags/quartadag.py
[2023-08-25T00:28:11.809+0000] {logging_mixin.py:137} INFO - [2023-08-25T00:28:11.809+0000] {dag.py:2690} INFO - Sync 1 DAGs
[2023-08-25T00:28:11.837+0000] {logging_mixin.py:137} INFO - [2023-08-25T00:28:11.837+0000] {dag.py:3441} INFO - Setting next_dagrun for quartadag to None, run_after=None
[2023-08-25T00:28:11.901+0000] {processor.py:175} INFO - Processing /opt/airflow/dags/quartadag.py took 0.131 seconds
[2023-08-25T00:28:17.149+0000] {processor.py:153} INFO - Started process (PID=2714) to work on /opt/airflow/dags/quartadag.py
[2023-08-25T00:28:17.150+0000] {processor.py:743} INFO - Processing file /opt/airflow/dags/quartadag.py for tasks to queue
[2023-08-25T00:28:17.150+0000] {logging_mixin.py:137} INFO - [2023-08-25T00:28:17.150+0000] {dagbag.py:538} INFO - Filling up the DagBag from /opt/airflow/dags/quartadag.py
[2023-08-25T00:28:17.168+0000] {processor.py:753} INFO - DAG(s) dict_keys(['quartadag']) retrieved from /opt/airflow/dags/quartadag.py
[2023-08-25T00:28:17.200+0000] {logging_mixin.py:137} INFO - [2023-08-25T00:28:17.200+0000] {dag.py:2690} INFO - Sync 1 DAGs
[2023-08-25T00:28:17.242+0000] {logging_mixin.py:137} INFO - [2023-08-25T00:28:17.242+0000] {dag.py:3441} INFO - Setting next_dagrun for quartadag to None, run_after=None
[2023-08-25T00:28:17.312+0000] {processor.py:175} INFO - Processing /opt/airflow/dags/quartadag.py took 0.166 seconds
[2023-08-25T00:28:22.442+0000] {processor.py:153} INFO - Started process (PID=2718) to work on /opt/airflow/dags/quartadag.py
[2023-08-25T00:28:22.442+0000] {processor.py:743} INFO - Processing file /opt/airflow/dags/quartadag.py for tasks to queue
[2023-08-25T00:28:22.442+0000] {logging_mixin.py:137} INFO - [2023-08-25T00:28:22.442+0000] {dagbag.py:538} INFO - Filling up the DagBag from /opt/airflow/dags/quartadag.py
[2023-08-25T00:28:22.453+0000] {processor.py:753} INFO - DAG(s) dict_keys(['quartadag']) retrieved from /opt/airflow/dags/quartadag.py
[2023-08-25T00:28:22.471+0000] {logging_mixin.py:137} INFO - [2023-08-25T00:28:22.471+0000] {dag.py:2690} INFO - Sync 1 DAGs
[2023-08-25T00:28:22.493+0000] {logging_mixin.py:137} INFO - [2023-08-25T00:28:22.493+0000] {dag.py:3441} INFO - Setting next_dagrun for quartadag to None, run_after=None
[2023-08-25T00:28:22.533+0000] {processor.py:175} INFO - Processing /opt/airflow/dags/quartadag.py took 0.094 seconds
[2023-08-25T00:28:27.722+0000] {processor.py:153} INFO - Started process (PID=2738) to work on /opt/airflow/dags/quartadag.py
[2023-08-25T00:28:27.726+0000] {processor.py:743} INFO - Processing file /opt/airflow/dags/quartadag.py for tasks to queue
[2023-08-25T00:28:27.727+0000] {logging_mixin.py:137} INFO - [2023-08-25T00:28:27.727+0000] {dagbag.py:538} INFO - Filling up the DagBag from /opt/airflow/dags/quartadag.py
[2023-08-25T00:28:27.744+0000] {processor.py:753} INFO - DAG(s) dict_keys(['quartadag']) retrieved from /opt/airflow/dags/quartadag.py
[2023-08-25T00:28:27.774+0000] {logging_mixin.py:137} INFO - [2023-08-25T00:28:27.773+0000] {dag.py:2690} INFO - Sync 1 DAGs
[2023-08-25T00:28:27.817+0000] {logging_mixin.py:137} INFO - [2023-08-25T00:28:27.817+0000] {dag.py:3441} INFO - Setting next_dagrun for quartadag to None, run_after=None
[2023-08-25T00:28:27.874+0000] {processor.py:175} INFO - Processing /opt/airflow/dags/quartadag.py took 0.156 seconds
[2023-08-25T00:28:33.084+0000] {processor.py:153} INFO - Started process (PID=2742) to work on /opt/airflow/dags/quartadag.py
[2023-08-25T00:28:33.085+0000] {processor.py:743} INFO - Processing file /opt/airflow/dags/quartadag.py for tasks to queue
[2023-08-25T00:28:33.086+0000] {logging_mixin.py:137} INFO - [2023-08-25T00:28:33.085+0000] {dagbag.py:538} INFO - Filling up the DagBag from /opt/airflow/dags/quartadag.py
[2023-08-25T00:28:33.095+0000] {processor.py:753} INFO - DAG(s) dict_keys(['quartadag']) retrieved from /opt/airflow/dags/quartadag.py
[2023-08-25T00:28:33.112+0000] {logging_mixin.py:137} INFO - [2023-08-25T00:28:33.112+0000] {dag.py:2690} INFO - Sync 1 DAGs
[2023-08-25T00:28:33.135+0000] {logging_mixin.py:137} INFO - [2023-08-25T00:28:33.135+0000] {dag.py:3441} INFO - Setting next_dagrun for quartadag to None, run_after=None
[2023-08-25T00:28:33.177+0000] {processor.py:175} INFO - Processing /opt/airflow/dags/quartadag.py took 0.095 seconds
[2023-08-25T00:28:38.238+0000] {processor.py:153} INFO - Started process (PID=2762) to work on /opt/airflow/dags/quartadag.py
[2023-08-25T00:28:38.238+0000] {processor.py:743} INFO - Processing file /opt/airflow/dags/quartadag.py for tasks to queue
[2023-08-25T00:28:38.239+0000] {logging_mixin.py:137} INFO - [2023-08-25T00:28:38.239+0000] {dagbag.py:538} INFO - Filling up the DagBag from /opt/airflow/dags/quartadag.py
[2023-08-25T00:28:38.253+0000] {processor.py:753} INFO - DAG(s) dict_keys(['quartadag']) retrieved from /opt/airflow/dags/quartadag.py
[2023-08-25T00:28:38.278+0000] {logging_mixin.py:137} INFO - [2023-08-25T00:28:38.278+0000] {dag.py:2690} INFO - Sync 1 DAGs
[2023-08-25T00:28:38.310+0000] {logging_mixin.py:137} INFO - [2023-08-25T00:28:38.309+0000] {dag.py:3441} INFO - Setting next_dagrun for quartadag to None, run_after=None
[2023-08-25T00:28:38.358+0000] {processor.py:175} INFO - Processing /opt/airflow/dags/quartadag.py took 0.123 seconds
[2023-08-25T00:28:43.546+0000] {processor.py:153} INFO - Started process (PID=2766) to work on /opt/airflow/dags/quartadag.py
[2023-08-25T00:28:43.546+0000] {processor.py:743} INFO - Processing file /opt/airflow/dags/quartadag.py for tasks to queue
[2023-08-25T00:28:43.547+0000] {logging_mixin.py:137} INFO - [2023-08-25T00:28:43.547+0000] {dagbag.py:538} INFO - Filling up the DagBag from /opt/airflow/dags/quartadag.py
[2023-08-25T00:28:43.559+0000] {processor.py:753} INFO - DAG(s) dict_keys(['quartadag']) retrieved from /opt/airflow/dags/quartadag.py
[2023-08-25T00:28:43.586+0000] {logging_mixin.py:137} INFO - [2023-08-25T00:28:43.585+0000] {dag.py:2690} INFO - Sync 1 DAGs
[2023-08-25T00:28:43.620+0000] {logging_mixin.py:137} INFO - [2023-08-25T00:28:43.619+0000] {dag.py:3441} INFO - Setting next_dagrun for quartadag to None, run_after=None
[2023-08-25T00:28:43.667+0000] {processor.py:175} INFO - Processing /opt/airflow/dags/quartadag.py took 0.124 seconds
[2023-08-25T00:28:48.818+0000] {processor.py:153} INFO - Started process (PID=2776) to work on /opt/airflow/dags/quartadag.py
[2023-08-25T00:28:48.819+0000] {processor.py:743} INFO - Processing file /opt/airflow/dags/quartadag.py for tasks to queue
[2023-08-25T00:28:48.819+0000] {logging_mixin.py:137} INFO - [2023-08-25T00:28:48.819+0000] {dagbag.py:538} INFO - Filling up the DagBag from /opt/airflow/dags/quartadag.py
[2023-08-25T00:28:48.830+0000] {processor.py:753} INFO - DAG(s) dict_keys(['quartadag']) retrieved from /opt/airflow/dags/quartadag.py
[2023-08-25T00:28:48.851+0000] {logging_mixin.py:137} INFO - [2023-08-25T00:28:48.851+0000] {dag.py:2690} INFO - Sync 1 DAGs
[2023-08-25T00:28:48.876+0000] {logging_mixin.py:137} INFO - [2023-08-25T00:28:48.876+0000] {dag.py:3441} INFO - Setting next_dagrun for quartadag to None, run_after=None
[2023-08-25T00:28:48.936+0000] {processor.py:175} INFO - Processing /opt/airflow/dags/quartadag.py took 0.121 seconds
[2023-08-25T00:28:54.108+0000] {processor.py:153} INFO - Started process (PID=2790) to work on /opt/airflow/dags/quartadag.py
[2023-08-25T00:28:54.109+0000] {processor.py:743} INFO - Processing file /opt/airflow/dags/quartadag.py for tasks to queue
[2023-08-25T00:28:54.109+0000] {logging_mixin.py:137} INFO - [2023-08-25T00:28:54.109+0000] {dagbag.py:538} INFO - Filling up the DagBag from /opt/airflow/dags/quartadag.py
[2023-08-25T00:28:54.119+0000] {processor.py:753} INFO - DAG(s) dict_keys(['quartadag']) retrieved from /opt/airflow/dags/quartadag.py
[2023-08-25T00:28:54.139+0000] {logging_mixin.py:137} INFO - [2023-08-25T00:28:54.139+0000] {dag.py:2690} INFO - Sync 1 DAGs
[2023-08-25T00:28:54.166+0000] {logging_mixin.py:137} INFO - [2023-08-25T00:28:54.165+0000] {dag.py:3441} INFO - Setting next_dagrun for quartadag to None, run_after=None
[2023-08-25T00:28:54.206+0000] {processor.py:175} INFO - Processing /opt/airflow/dags/quartadag.py took 0.100 seconds
[2023-08-25T00:28:59.341+0000] {processor.py:153} INFO - Started process (PID=2794) to work on /opt/airflow/dags/quartadag.py
[2023-08-25T00:28:59.375+0000] {processor.py:743} INFO - Processing file /opt/airflow/dags/quartadag.py for tasks to queue
[2023-08-25T00:28:59.375+0000] {logging_mixin.py:137} INFO - [2023-08-25T00:28:59.375+0000] {dagbag.py:538} INFO - Filling up the DagBag from /opt/airflow/dags/quartadag.py
[2023-08-25T00:28:59.385+0000] {processor.py:753} INFO - DAG(s) dict_keys(['quartadag']) retrieved from /opt/airflow/dags/quartadag.py
[2023-08-25T00:28:59.400+0000] {logging_mixin.py:137} INFO - [2023-08-25T00:28:59.400+0000] {dag.py:2690} INFO - Sync 1 DAGs
[2023-08-25T00:28:59.421+0000] {logging_mixin.py:137} INFO - [2023-08-25T00:28:59.421+0000] {dag.py:3441} INFO - Setting next_dagrun for quartadag to None, run_after=None
[2023-08-25T00:28:59.481+0000] {processor.py:175} INFO - Processing /opt/airflow/dags/quartadag.py took 0.143 seconds
[2023-08-25T00:29:04.589+0000] {processor.py:153} INFO - Started process (PID=2814) to work on /opt/airflow/dags/quartadag.py
[2023-08-25T00:29:04.590+0000] {processor.py:743} INFO - Processing file /opt/airflow/dags/quartadag.py for tasks to queue
[2023-08-25T00:29:04.591+0000] {logging_mixin.py:137} INFO - [2023-08-25T00:29:04.591+0000] {dagbag.py:538} INFO - Filling up the DagBag from /opt/airflow/dags/quartadag.py
[2023-08-25T00:29:04.608+0000] {processor.py:753} INFO - DAG(s) dict_keys(['quartadag']) retrieved from /opt/airflow/dags/quartadag.py
[2023-08-25T00:29:04.638+0000] {logging_mixin.py:137} INFO - [2023-08-25T00:29:04.638+0000] {dag.py:2690} INFO - Sync 1 DAGs
[2023-08-25T00:29:04.679+0000] {logging_mixin.py:137} INFO - [2023-08-25T00:29:04.679+0000] {dag.py:3441} INFO - Setting next_dagrun for quartadag to None, run_after=None
[2023-08-25T00:29:04.730+0000] {processor.py:175} INFO - Processing /opt/airflow/dags/quartadag.py took 0.144 seconds
[2023-08-25T00:29:09.866+0000] {processor.py:153} INFO - Started process (PID=2818) to work on /opt/airflow/dags/quartadag.py
[2023-08-25T00:29:09.866+0000] {processor.py:743} INFO - Processing file /opt/airflow/dags/quartadag.py for tasks to queue
[2023-08-25T00:29:09.867+0000] {logging_mixin.py:137} INFO - [2023-08-25T00:29:09.867+0000] {dagbag.py:538} INFO - Filling up the DagBag from /opt/airflow/dags/quartadag.py
[2023-08-25T00:29:09.876+0000] {processor.py:753} INFO - DAG(s) dict_keys(['quartadag']) retrieved from /opt/airflow/dags/quartadag.py
[2023-08-25T00:29:09.893+0000] {logging_mixin.py:137} INFO - [2023-08-25T00:29:09.892+0000] {dag.py:2690} INFO - Sync 1 DAGs
[2023-08-25T00:29:09.914+0000] {logging_mixin.py:137} INFO - [2023-08-25T00:29:09.914+0000] {dag.py:3441} INFO - Setting next_dagrun for quartadag to None, run_after=None
[2023-08-25T00:29:09.949+0000] {processor.py:175} INFO - Processing /opt/airflow/dags/quartadag.py took 0.085 seconds
[2023-08-25T00:29:15.090+0000] {processor.py:153} INFO - Started process (PID=2838) to work on /opt/airflow/dags/quartadag.py
[2023-08-25T00:29:15.090+0000] {processor.py:743} INFO - Processing file /opt/airflow/dags/quartadag.py for tasks to queue
[2023-08-25T00:29:15.091+0000] {logging_mixin.py:137} INFO - [2023-08-25T00:29:15.091+0000] {dagbag.py:538} INFO - Filling up the DagBag from /opt/airflow/dags/quartadag.py
[2023-08-25T00:29:15.100+0000] {processor.py:753} INFO - DAG(s) dict_keys(['quartadag']) retrieved from /opt/airflow/dags/quartadag.py
[2023-08-25T00:29:15.117+0000] {logging_mixin.py:137} INFO - [2023-08-25T00:29:15.117+0000] {dag.py:2690} INFO - Sync 1 DAGs
[2023-08-25T00:29:15.139+0000] {logging_mixin.py:137} INFO - [2023-08-25T00:29:15.139+0000] {dag.py:3441} INFO - Setting next_dagrun for quartadag to None, run_after=None
[2023-08-25T00:29:15.204+0000] {processor.py:175} INFO - Processing /opt/airflow/dags/quartadag.py took 0.116 seconds
[2023-08-25T00:29:20.364+0000] {processor.py:153} INFO - Started process (PID=2842) to work on /opt/airflow/dags/quartadag.py
[2023-08-25T00:29:20.365+0000] {processor.py:743} INFO - Processing file /opt/airflow/dags/quartadag.py for tasks to queue
[2023-08-25T00:29:20.366+0000] {logging_mixin.py:137} INFO - [2023-08-25T00:29:20.366+0000] {dagbag.py:538} INFO - Filling up the DagBag from /opt/airflow/dags/quartadag.py
[2023-08-25T00:29:20.385+0000] {processor.py:753} INFO - DAG(s) dict_keys(['quartadag']) retrieved from /opt/airflow/dags/quartadag.py
[2023-08-25T00:29:20.420+0000] {logging_mixin.py:137} INFO - [2023-08-25T00:29:20.420+0000] {dag.py:2690} INFO - Sync 1 DAGs
[2023-08-25T00:29:20.474+0000] {logging_mixin.py:137} INFO - [2023-08-25T00:29:20.474+0000] {dag.py:3441} INFO - Setting next_dagrun for quartadag to None, run_after=None
[2023-08-25T00:29:20.537+0000] {processor.py:175} INFO - Processing /opt/airflow/dags/quartadag.py took 0.177 seconds
[2023-08-25T00:29:25.656+0000] {processor.py:153} INFO - Started process (PID=2855) to work on /opt/airflow/dags/quartadag.py
[2023-08-25T00:29:25.657+0000] {processor.py:743} INFO - Processing file /opt/airflow/dags/quartadag.py for tasks to queue
[2023-08-25T00:29:25.657+0000] {logging_mixin.py:137} INFO - [2023-08-25T00:29:25.657+0000] {dagbag.py:538} INFO - Filling up the DagBag from /opt/airflow/dags/quartadag.py
[2023-08-25T00:29:25.671+0000] {processor.py:753} INFO - DAG(s) dict_keys(['quartadag']) retrieved from /opt/airflow/dags/quartadag.py
[2023-08-25T00:29:25.691+0000] {logging_mixin.py:137} INFO - [2023-08-25T00:29:25.691+0000] {dag.py:2690} INFO - Sync 1 DAGs
[2023-08-25T00:29:25.715+0000] {logging_mixin.py:137} INFO - [2023-08-25T00:29:25.714+0000] {dag.py:3441} INFO - Setting next_dagrun for quartadag to None, run_after=None
[2023-08-25T00:29:25.786+0000] {processor.py:175} INFO - Processing /opt/airflow/dags/quartadag.py took 0.133 seconds
[2023-08-25T00:29:30.831+0000] {processor.py:153} INFO - Started process (PID=2866) to work on /opt/airflow/dags/quartadag.py
[2023-08-25T00:29:30.832+0000] {processor.py:743} INFO - Processing file /opt/airflow/dags/quartadag.py for tasks to queue
[2023-08-25T00:29:30.832+0000] {logging_mixin.py:137} INFO - [2023-08-25T00:29:30.832+0000] {dagbag.py:538} INFO - Filling up the DagBag from /opt/airflow/dags/quartadag.py
[2023-08-25T00:29:30.844+0000] {processor.py:753} INFO - DAG(s) dict_keys(['quartadag']) retrieved from /opt/airflow/dags/quartadag.py
[2023-08-25T00:29:30.869+0000] {logging_mixin.py:137} INFO - [2023-08-25T00:29:30.869+0000] {dag.py:2690} INFO - Sync 1 DAGs
[2023-08-25T00:29:30.908+0000] {logging_mixin.py:137} INFO - [2023-08-25T00:29:30.908+0000] {dag.py:3441} INFO - Setting next_dagrun for quartadag to None, run_after=None
[2023-08-25T00:29:30.995+0000] {processor.py:175} INFO - Processing /opt/airflow/dags/quartadag.py took 0.166 seconds
[2023-08-25T00:29:36.101+0000] {processor.py:153} INFO - Started process (PID=2870) to work on /opt/airflow/dags/quartadag.py
[2023-08-25T00:29:36.107+0000] {processor.py:743} INFO - Processing file /opt/airflow/dags/quartadag.py for tasks to queue
[2023-08-25T00:29:36.108+0000] {logging_mixin.py:137} INFO - [2023-08-25T00:29:36.108+0000] {dagbag.py:538} INFO - Filling up the DagBag from /opt/airflow/dags/quartadag.py
[2023-08-25T00:29:36.118+0000] {processor.py:753} INFO - DAG(s) dict_keys(['quartadag']) retrieved from /opt/airflow/dags/quartadag.py
[2023-08-25T00:29:36.138+0000] {logging_mixin.py:137} INFO - [2023-08-25T00:29:36.138+0000] {dag.py:2690} INFO - Sync 1 DAGs
[2023-08-25T00:29:36.161+0000] {logging_mixin.py:137} INFO - [2023-08-25T00:29:36.161+0000] {dag.py:3441} INFO - Setting next_dagrun for quartadag to None, run_after=None
[2023-08-25T00:29:36.234+0000] {processor.py:175} INFO - Processing /opt/airflow/dags/quartadag.py took 0.135 seconds
[2023-08-25T00:29:41.357+0000] {processor.py:153} INFO - Started process (PID=2890) to work on /opt/airflow/dags/quartadag.py
[2023-08-25T00:29:41.357+0000] {processor.py:743} INFO - Processing file /opt/airflow/dags/quartadag.py for tasks to queue
[2023-08-25T00:29:41.358+0000] {logging_mixin.py:137} INFO - [2023-08-25T00:29:41.358+0000] {dagbag.py:538} INFO - Filling up the DagBag from /opt/airflow/dags/quartadag.py
[2023-08-25T00:29:41.375+0000] {processor.py:753} INFO - DAG(s) dict_keys(['quartadag']) retrieved from /opt/airflow/dags/quartadag.py
[2023-08-25T00:29:41.403+0000] {logging_mixin.py:137} INFO - [2023-08-25T00:29:41.403+0000] {dag.py:2690} INFO - Sync 1 DAGs
[2023-08-25T00:29:41.444+0000] {logging_mixin.py:137} INFO - [2023-08-25T00:29:41.444+0000] {dag.py:3441} INFO - Setting next_dagrun for quartadag to None, run_after=None
[2023-08-25T00:29:41.512+0000] {processor.py:175} INFO - Processing /opt/airflow/dags/quartadag.py took 0.158 seconds
[2023-08-25T00:29:46.663+0000] {processor.py:153} INFO - Started process (PID=2894) to work on /opt/airflow/dags/quartadag.py
[2023-08-25T00:29:46.663+0000] {processor.py:743} INFO - Processing file /opt/airflow/dags/quartadag.py for tasks to queue
[2023-08-25T00:29:46.664+0000] {logging_mixin.py:137} INFO - [2023-08-25T00:29:46.664+0000] {dagbag.py:538} INFO - Filling up the DagBag from /opt/airflow/dags/quartadag.py
[2023-08-25T00:29:46.673+0000] {processor.py:753} INFO - DAG(s) dict_keys(['quartadag']) retrieved from /opt/airflow/dags/quartadag.py
[2023-08-25T00:29:46.690+0000] {logging_mixin.py:137} INFO - [2023-08-25T00:29:46.690+0000] {dag.py:2690} INFO - Sync 1 DAGs
[2023-08-25T00:29:46.712+0000] {logging_mixin.py:137} INFO - [2023-08-25T00:29:46.712+0000] {dag.py:3441} INFO - Setting next_dagrun for quartadag to None, run_after=None
[2023-08-25T00:29:46.768+0000] {processor.py:175} INFO - Processing /opt/airflow/dags/quartadag.py took 0.108 seconds
[2023-08-25T00:29:51.946+0000] {processor.py:153} INFO - Started process (PID=2914) to work on /opt/airflow/dags/quartadag.py
[2023-08-25T00:29:51.947+0000] {processor.py:743} INFO - Processing file /opt/airflow/dags/quartadag.py for tasks to queue
[2023-08-25T00:29:51.947+0000] {logging_mixin.py:137} INFO - [2023-08-25T00:29:51.947+0000] {dagbag.py:538} INFO - Filling up the DagBag from /opt/airflow/dags/quartadag.py
[2023-08-25T00:29:51.956+0000] {processor.py:753} INFO - DAG(s) dict_keys(['quartadag']) retrieved from /opt/airflow/dags/quartadag.py
[2023-08-25T00:29:51.981+0000] {logging_mixin.py:137} INFO - [2023-08-25T00:29:51.980+0000] {dag.py:2690} INFO - Sync 1 DAGs
[2023-08-25T00:29:52.014+0000] {logging_mixin.py:137} INFO - [2023-08-25T00:29:52.014+0000] {dag.py:3441} INFO - Setting next_dagrun for quartadag to None, run_after=None
[2023-08-25T00:29:52.058+0000] {processor.py:175} INFO - Processing /opt/airflow/dags/quartadag.py took 0.114 seconds
[2023-08-25T00:29:57.205+0000] {processor.py:153} INFO - Started process (PID=2918) to work on /opt/airflow/dags/quartadag.py
[2023-08-25T00:29:57.206+0000] {processor.py:743} INFO - Processing file /opt/airflow/dags/quartadag.py for tasks to queue
[2023-08-25T00:29:57.206+0000] {logging_mixin.py:137} INFO - [2023-08-25T00:29:57.206+0000] {dagbag.py:538} INFO - Filling up the DagBag from /opt/airflow/dags/quartadag.py
[2023-08-25T00:29:57.218+0000] {processor.py:753} INFO - DAG(s) dict_keys(['quartadag']) retrieved from /opt/airflow/dags/quartadag.py
[2023-08-25T00:29:57.245+0000] {logging_mixin.py:137} INFO - [2023-08-25T00:29:57.245+0000] {dag.py:2690} INFO - Sync 1 DAGs
[2023-08-25T00:29:57.284+0000] {logging_mixin.py:137} INFO - [2023-08-25T00:29:57.284+0000] {dag.py:3441} INFO - Setting next_dagrun for quartadag to None, run_after=None
[2023-08-25T00:29:57.349+0000] {processor.py:175} INFO - Processing /opt/airflow/dags/quartadag.py took 0.146 seconds
[2023-08-25T00:30:02.369+0000] {processor.py:153} INFO - Started process (PID=2931) to work on /opt/airflow/dags/quartadag.py
[2023-08-25T00:30:02.369+0000] {processor.py:743} INFO - Processing file /opt/airflow/dags/quartadag.py for tasks to queue
[2023-08-25T00:30:02.370+0000] {logging_mixin.py:137} INFO - [2023-08-25T00:30:02.370+0000] {dagbag.py:538} INFO - Filling up the DagBag from /opt/airflow/dags/quartadag.py
[2023-08-25T00:30:02.381+0000] {processor.py:753} INFO - DAG(s) dict_keys(['quartadag']) retrieved from /opt/airflow/dags/quartadag.py
[2023-08-25T00:30:02.416+0000] {logging_mixin.py:137} INFO - [2023-08-25T00:30:02.416+0000] {dag.py:2690} INFO - Sync 1 DAGs
[2023-08-25T00:30:02.438+0000] {logging_mixin.py:137} INFO - [2023-08-25T00:30:02.437+0000] {dag.py:3441} INFO - Setting next_dagrun for quartadag to None, run_after=None
[2023-08-25T00:30:02.479+0000] {processor.py:175} INFO - Processing /opt/airflow/dags/quartadag.py took 0.113 seconds
[2023-08-25T00:30:07.645+0000] {processor.py:153} INFO - Started process (PID=2942) to work on /opt/airflow/dags/quartadag.py
[2023-08-25T00:30:07.645+0000] {processor.py:743} INFO - Processing file /opt/airflow/dags/quartadag.py for tasks to queue
[2023-08-25T00:30:07.646+0000] {logging_mixin.py:137} INFO - [2023-08-25T00:30:07.646+0000] {dagbag.py:538} INFO - Filling up the DagBag from /opt/airflow/dags/quartadag.py
[2023-08-25T00:30:07.656+0000] {processor.py:753} INFO - DAG(s) dict_keys(['quartadag']) retrieved from /opt/airflow/dags/quartadag.py
[2023-08-25T00:30:07.675+0000] {logging_mixin.py:137} INFO - [2023-08-25T00:30:07.674+0000] {dag.py:2690} INFO - Sync 1 DAGs
[2023-08-25T00:30:07.698+0000] {logging_mixin.py:137} INFO - [2023-08-25T00:30:07.698+0000] {dag.py:3441} INFO - Setting next_dagrun for quartadag to None, run_after=None
[2023-08-25T00:30:07.740+0000] {processor.py:175} INFO - Processing /opt/airflow/dags/quartadag.py took 0.098 seconds
[2023-08-25T00:30:12.892+0000] {processor.py:153} INFO - Started process (PID=2946) to work on /opt/airflow/dags/quartadag.py
[2023-08-25T00:30:12.911+0000] {processor.py:743} INFO - Processing file /opt/airflow/dags/quartadag.py for tasks to queue
[2023-08-25T00:30:12.912+0000] {logging_mixin.py:137} INFO - [2023-08-25T00:30:12.912+0000] {dagbag.py:538} INFO - Filling up the DagBag from /opt/airflow/dags/quartadag.py
[2023-08-25T00:30:12.920+0000] {processor.py:753} INFO - DAG(s) dict_keys(['quartadag']) retrieved from /opt/airflow/dags/quartadag.py
[2023-08-25T00:30:12.936+0000] {logging_mixin.py:137} INFO - [2023-08-25T00:30:12.936+0000] {dag.py:2690} INFO - Sync 1 DAGs
[2023-08-25T00:30:12.964+0000] {logging_mixin.py:137} INFO - [2023-08-25T00:30:12.963+0000] {dag.py:3441} INFO - Setting next_dagrun for quartadag to None, run_after=None
[2023-08-25T00:30:13.014+0000] {processor.py:175} INFO - Processing /opt/airflow/dags/quartadag.py took 0.125 seconds
[2023-08-25T00:30:18.157+0000] {processor.py:153} INFO - Started process (PID=2966) to work on /opt/airflow/dags/quartadag.py
[2023-08-25T00:30:18.158+0000] {processor.py:743} INFO - Processing file /opt/airflow/dags/quartadag.py for tasks to queue
[2023-08-25T00:30:18.158+0000] {logging_mixin.py:137} INFO - [2023-08-25T00:30:18.158+0000] {dagbag.py:538} INFO - Filling up the DagBag from /opt/airflow/dags/quartadag.py
[2023-08-25T00:30:18.170+0000] {processor.py:753} INFO - DAG(s) dict_keys(['quartadag']) retrieved from /opt/airflow/dags/quartadag.py
[2023-08-25T00:30:18.190+0000] {logging_mixin.py:137} INFO - [2023-08-25T00:30:18.190+0000] {dag.py:2690} INFO - Sync 1 DAGs
[2023-08-25T00:30:18.215+0000] {logging_mixin.py:137} INFO - [2023-08-25T00:30:18.215+0000] {dag.py:3441} INFO - Setting next_dagrun for quartadag to None, run_after=None
[2023-08-25T00:30:18.274+0000] {processor.py:175} INFO - Processing /opt/airflow/dags/quartadag.py took 0.119 seconds
[2023-08-25T00:30:23.414+0000] {processor.py:153} INFO - Started process (PID=2970) to work on /opt/airflow/dags/quartadag.py
[2023-08-25T00:30:23.414+0000] {processor.py:743} INFO - Processing file /opt/airflow/dags/quartadag.py for tasks to queue
[2023-08-25T00:30:23.415+0000] {logging_mixin.py:137} INFO - [2023-08-25T00:30:23.415+0000] {dagbag.py:538} INFO - Filling up the DagBag from /opt/airflow/dags/quartadag.py
[2023-08-25T00:30:23.428+0000] {processor.py:753} INFO - DAG(s) dict_keys(['quartadag']) retrieved from /opt/airflow/dags/quartadag.py
[2023-08-25T00:30:23.454+0000] {logging_mixin.py:137} INFO - [2023-08-25T00:30:23.454+0000] {dag.py:2690} INFO - Sync 1 DAGs
[2023-08-25T00:30:23.481+0000] {logging_mixin.py:137} INFO - [2023-08-25T00:30:23.481+0000] {dag.py:3441} INFO - Setting next_dagrun for quartadag to None, run_after=None
[2023-08-25T00:30:23.543+0000] {processor.py:175} INFO - Processing /opt/airflow/dags/quartadag.py took 0.132 seconds
[2023-08-25T00:30:28.623+0000] {processor.py:153} INFO - Started process (PID=2989) to work on /opt/airflow/dags/quartadag.py
[2023-08-25T00:30:28.624+0000] {processor.py:743} INFO - Processing file /opt/airflow/dags/quartadag.py for tasks to queue
[2023-08-25T00:30:28.624+0000] {logging_mixin.py:137} INFO - [2023-08-25T00:30:28.624+0000] {dagbag.py:538} INFO - Filling up the DagBag from /opt/airflow/dags/quartadag.py
[2023-08-25T00:30:28.641+0000] {processor.py:753} INFO - DAG(s) dict_keys(['quartadag']) retrieved from /opt/airflow/dags/quartadag.py
[2023-08-25T00:30:28.669+0000] {logging_mixin.py:137} INFO - [2023-08-25T00:30:28.669+0000] {dag.py:2690} INFO - Sync 1 DAGs
[2023-08-25T00:30:28.698+0000] {logging_mixin.py:137} INFO - [2023-08-25T00:30:28.698+0000] {dag.py:3441} INFO - Setting next_dagrun for quartadag to None, run_after=None
[2023-08-25T00:30:28.785+0000] {processor.py:175} INFO - Processing /opt/airflow/dags/quartadag.py took 0.164 seconds
[2023-08-25T00:30:33.904+0000] {processor.py:153} INFO - Started process (PID=2993) to work on /opt/airflow/dags/quartadag.py
[2023-08-25T00:30:33.905+0000] {processor.py:743} INFO - Processing file /opt/airflow/dags/quartadag.py for tasks to queue
[2023-08-25T00:30:33.905+0000] {logging_mixin.py:137} INFO - [2023-08-25T00:30:33.905+0000] {dagbag.py:538} INFO - Filling up the DagBag from /opt/airflow/dags/quartadag.py
[2023-08-25T00:30:33.921+0000] {processor.py:753} INFO - DAG(s) dict_keys(['quartadag']) retrieved from /opt/airflow/dags/quartadag.py
[2023-08-25T00:30:33.940+0000] {logging_mixin.py:137} INFO - [2023-08-25T00:30:33.940+0000] {dag.py:2690} INFO - Sync 1 DAGs
[2023-08-25T00:30:33.967+0000] {logging_mixin.py:137} INFO - [2023-08-25T00:30:33.966+0000] {dag.py:3441} INFO - Setting next_dagrun for quartadag to None, run_after=None
[2023-08-25T00:30:34.039+0000] {processor.py:175} INFO - Processing /opt/airflow/dags/quartadag.py took 0.138 seconds
[2023-08-25T00:30:39.064+0000] {processor.py:153} INFO - Started process (PID=3006) to work on /opt/airflow/dags/quartadag.py
[2023-08-25T00:30:39.064+0000] {processor.py:743} INFO - Processing file /opt/airflow/dags/quartadag.py for tasks to queue
[2023-08-25T00:30:39.065+0000] {logging_mixin.py:137} INFO - [2023-08-25T00:30:39.065+0000] {dagbag.py:538} INFO - Filling up the DagBag from /opt/airflow/dags/quartadag.py
[2023-08-25T00:30:39.079+0000] {processor.py:753} INFO - DAG(s) dict_keys(['quartadag']) retrieved from /opt/airflow/dags/quartadag.py
[2023-08-25T00:30:39.109+0000] {logging_mixin.py:137} INFO - [2023-08-25T00:30:39.109+0000] {dag.py:2690} INFO - Sync 1 DAGs
[2023-08-25T00:30:39.146+0000] {logging_mixin.py:137} INFO - [2023-08-25T00:30:39.146+0000] {dag.py:3441} INFO - Setting next_dagrun for quartadag to None, run_after=None
[2023-08-25T00:30:39.219+0000] {processor.py:175} INFO - Processing /opt/airflow/dags/quartadag.py took 0.158 seconds
[2023-08-25T00:30:44.385+0000] {processor.py:153} INFO - Started process (PID=3017) to work on /opt/airflow/dags/quartadag.py
[2023-08-25T00:30:44.385+0000] {processor.py:743} INFO - Processing file /opt/airflow/dags/quartadag.py for tasks to queue
[2023-08-25T00:30:44.386+0000] {logging_mixin.py:137} INFO - [2023-08-25T00:30:44.386+0000] {dagbag.py:538} INFO - Filling up the DagBag from /opt/airflow/dags/quartadag.py
[2023-08-25T00:30:44.397+0000] {processor.py:753} INFO - DAG(s) dict_keys(['quartadag']) retrieved from /opt/airflow/dags/quartadag.py
[2023-08-25T00:30:44.424+0000] {logging_mixin.py:137} INFO - [2023-08-25T00:30:44.423+0000] {dag.py:2690} INFO - Sync 1 DAGs
[2023-08-25T00:30:44.463+0000] {logging_mixin.py:137} INFO - [2023-08-25T00:30:44.463+0000] {dag.py:3441} INFO - Setting next_dagrun for quartadag to None, run_after=None
[2023-08-25T00:30:44.522+0000] {processor.py:175} INFO - Processing /opt/airflow/dags/quartadag.py took 0.139 seconds
[2023-08-25T00:30:49.669+0000] {processor.py:153} INFO - Started process (PID=3021) to work on /opt/airflow/dags/quartadag.py
[2023-08-25T00:30:49.675+0000] {processor.py:743} INFO - Processing file /opt/airflow/dags/quartadag.py for tasks to queue
[2023-08-25T00:30:49.675+0000] {logging_mixin.py:137} INFO - [2023-08-25T00:30:49.675+0000] {dagbag.py:538} INFO - Filling up the DagBag from /opt/airflow/dags/quartadag.py
[2023-08-25T00:30:49.685+0000] {processor.py:753} INFO - DAG(s) dict_keys(['quartadag']) retrieved from /opt/airflow/dags/quartadag.py
[2023-08-25T00:30:49.702+0000] {logging_mixin.py:137} INFO - [2023-08-25T00:30:49.702+0000] {dag.py:2690} INFO - Sync 1 DAGs
[2023-08-25T00:30:49.724+0000] {logging_mixin.py:137} INFO - [2023-08-25T00:30:49.724+0000] {dag.py:3441} INFO - Setting next_dagrun for quartadag to None, run_after=None
[2023-08-25T00:30:49.792+0000] {processor.py:175} INFO - Processing /opt/airflow/dags/quartadag.py took 0.126 seconds
[2023-08-25T00:30:54.965+0000] {processor.py:153} INFO - Started process (PID=3041) to work on /opt/airflow/dags/quartadag.py
[2023-08-25T00:30:54.966+0000] {processor.py:743} INFO - Processing file /opt/airflow/dags/quartadag.py for tasks to queue
[2023-08-25T00:30:54.967+0000] {logging_mixin.py:137} INFO - [2023-08-25T00:30:54.967+0000] {dagbag.py:538} INFO - Filling up the DagBag from /opt/airflow/dags/quartadag.py
[2023-08-25T00:30:54.980+0000] {processor.py:753} INFO - DAG(s) dict_keys(['quartadag']) retrieved from /opt/airflow/dags/quartadag.py
[2023-08-25T00:30:55.001+0000] {logging_mixin.py:137} INFO - [2023-08-25T00:30:55.001+0000] {dag.py:2690} INFO - Sync 1 DAGs
[2023-08-25T00:30:55.036+0000] {logging_mixin.py:137} INFO - [2023-08-25T00:30:55.036+0000] {dag.py:3441} INFO - Setting next_dagrun for quartadag to None, run_after=None
[2023-08-25T00:30:55.095+0000] {processor.py:175} INFO - Processing /opt/airflow/dags/quartadag.py took 0.133 seconds
[2023-08-25T00:31:00.284+0000] {processor.py:153} INFO - Started process (PID=3045) to work on /opt/airflow/dags/quartadag.py
[2023-08-25T00:31:00.285+0000] {processor.py:743} INFO - Processing file /opt/airflow/dags/quartadag.py for tasks to queue
[2023-08-25T00:31:00.286+0000] {logging_mixin.py:137} INFO - [2023-08-25T00:31:00.286+0000] {dagbag.py:538} INFO - Filling up the DagBag from /opt/airflow/dags/quartadag.py
[2023-08-25T00:31:00.302+0000] {processor.py:753} INFO - DAG(s) dict_keys(['quartadag']) retrieved from /opt/airflow/dags/quartadag.py
[2023-08-25T00:31:00.327+0000] {logging_mixin.py:137} INFO - [2023-08-25T00:31:00.326+0000] {dag.py:2690} INFO - Sync 1 DAGs
[2023-08-25T00:31:00.357+0000] {logging_mixin.py:137} INFO - [2023-08-25T00:31:00.356+0000] {dag.py:3441} INFO - Setting next_dagrun for quartadag to None, run_after=None
[2023-08-25T00:31:00.415+0000] {processor.py:175} INFO - Processing /opt/airflow/dags/quartadag.py took 0.134 seconds
[2023-08-25T00:31:05.611+0000] {processor.py:153} INFO - Started process (PID=3065) to work on /opt/airflow/dags/quartadag.py
[2023-08-25T00:31:05.612+0000] {processor.py:743} INFO - Processing file /opt/airflow/dags/quartadag.py for tasks to queue
[2023-08-25T00:31:05.612+0000] {logging_mixin.py:137} INFO - [2023-08-25T00:31:05.612+0000] {dagbag.py:538} INFO - Filling up the DagBag from /opt/airflow/dags/quartadag.py
[2023-08-25T00:31:05.625+0000] {processor.py:753} INFO - DAG(s) dict_keys(['quartadag']) retrieved from /opt/airflow/dags/quartadag.py
[2023-08-25T00:31:05.652+0000] {logging_mixin.py:137} INFO - [2023-08-25T00:31:05.652+0000] {dag.py:2690} INFO - Sync 1 DAGs
[2023-08-25T00:31:05.697+0000] {logging_mixin.py:137} INFO - [2023-08-25T00:31:05.697+0000] {dag.py:3441} INFO - Setting next_dagrun for quartadag to None, run_after=None
[2023-08-25T00:31:05.766+0000] {processor.py:175} INFO - Processing /opt/airflow/dags/quartadag.py took 0.157 seconds
[2023-08-25T00:31:10.924+0000] {processor.py:153} INFO - Started process (PID=3069) to work on /opt/airflow/dags/quartadag.py
[2023-08-25T00:31:10.924+0000] {processor.py:743} INFO - Processing file /opt/airflow/dags/quartadag.py for tasks to queue
[2023-08-25T00:31:10.925+0000] {logging_mixin.py:137} INFO - [2023-08-25T00:31:10.925+0000] {dagbag.py:538} INFO - Filling up the DagBag from /opt/airflow/dags/quartadag.py
[2023-08-25T00:31:10.935+0000] {processor.py:753} INFO - DAG(s) dict_keys(['quartadag']) retrieved from /opt/airflow/dags/quartadag.py
[2023-08-25T00:31:10.954+0000] {logging_mixin.py:137} INFO - [2023-08-25T00:31:10.954+0000] {dag.py:2690} INFO - Sync 1 DAGs
[2023-08-25T00:31:10.979+0000] {logging_mixin.py:137} INFO - [2023-08-25T00:31:10.978+0000] {dag.py:3441} INFO - Setting next_dagrun for quartadag to None, run_after=None
[2023-08-25T00:31:11.023+0000] {processor.py:175} INFO - Processing /opt/airflow/dags/quartadag.py took 0.102 seconds
[2023-08-25T00:31:16.157+0000] {processor.py:153} INFO - Started process (PID=3082) to work on /opt/airflow/dags/quartadag.py
[2023-08-25T00:31:16.158+0000] {processor.py:743} INFO - Processing file /opt/airflow/dags/quartadag.py for tasks to queue
[2023-08-25T00:31:16.158+0000] {logging_mixin.py:137} INFO - [2023-08-25T00:31:16.158+0000] {dagbag.py:538} INFO - Filling up the DagBag from /opt/airflow/dags/quartadag.py
[2023-08-25T00:31:16.170+0000] {processor.py:753} INFO - DAG(s) dict_keys(['quartadag']) retrieved from /opt/airflow/dags/quartadag.py
[2023-08-25T00:31:16.197+0000] {logging_mixin.py:137} INFO - [2023-08-25T00:31:16.197+0000] {dag.py:2690} INFO - Sync 1 DAGs
[2023-08-25T00:31:16.232+0000] {logging_mixin.py:137} INFO - [2023-08-25T00:31:16.232+0000] {dag.py:3441} INFO - Setting next_dagrun for quartadag to None, run_after=None
[2023-08-25T00:31:16.293+0000] {processor.py:175} INFO - Processing /opt/airflow/dags/quartadag.py took 0.138 seconds
[2023-08-25T00:31:21.468+0000] {processor.py:153} INFO - Started process (PID=3093) to work on /opt/airflow/dags/quartadag.py
[2023-08-25T00:31:21.469+0000] {processor.py:743} INFO - Processing file /opt/airflow/dags/quartadag.py for tasks to queue
[2023-08-25T00:31:21.470+0000] {logging_mixin.py:137} INFO - [2023-08-25T00:31:21.470+0000] {dagbag.py:538} INFO - Filling up the DagBag from /opt/airflow/dags/quartadag.py
[2023-08-25T00:31:21.483+0000] {processor.py:753} INFO - DAG(s) dict_keys(['quartadag']) retrieved from /opt/airflow/dags/quartadag.py
[2023-08-25T00:31:21.511+0000] {logging_mixin.py:137} INFO - [2023-08-25T00:31:21.511+0000] {dag.py:2690} INFO - Sync 1 DAGs
[2023-08-25T00:31:21.551+0000] {logging_mixin.py:137} INFO - [2023-08-25T00:31:21.551+0000] {dag.py:3441} INFO - Setting next_dagrun for quartadag to None, run_after=None
[2023-08-25T00:31:21.613+0000] {processor.py:175} INFO - Processing /opt/airflow/dags/quartadag.py took 0.146 seconds
[2023-08-25T00:31:26.784+0000] {processor.py:153} INFO - Started process (PID=3097) to work on /opt/airflow/dags/quartadag.py
[2023-08-25T00:31:26.784+0000] {processor.py:743} INFO - Processing file /opt/airflow/dags/quartadag.py for tasks to queue
[2023-08-25T00:31:26.785+0000] {logging_mixin.py:137} INFO - [2023-08-25T00:31:26.785+0000] {dagbag.py:538} INFO - Filling up the DagBag from /opt/airflow/dags/quartadag.py
[2023-08-25T00:31:26.794+0000] {processor.py:753} INFO - DAG(s) dict_keys(['quartadag']) retrieved from /opt/airflow/dags/quartadag.py
[2023-08-25T00:31:26.811+0000] {logging_mixin.py:137} INFO - [2023-08-25T00:31:26.811+0000] {dag.py:2690} INFO - Sync 1 DAGs
[2023-08-25T00:31:26.832+0000] {logging_mixin.py:137} INFO - [2023-08-25T00:31:26.832+0000] {dag.py:3441} INFO - Setting next_dagrun for quartadag to None, run_after=None
[2023-08-25T00:31:26.872+0000] {processor.py:175} INFO - Processing /opt/airflow/dags/quartadag.py took 0.090 seconds
[2023-08-25T00:31:32.015+0000] {processor.py:153} INFO - Started process (PID=3117) to work on /opt/airflow/dags/quartadag.py
[2023-08-25T00:31:32.015+0000] {processor.py:743} INFO - Processing file /opt/airflow/dags/quartadag.py for tasks to queue
[2023-08-25T00:31:32.016+0000] {logging_mixin.py:137} INFO - [2023-08-25T00:31:32.016+0000] {dagbag.py:538} INFO - Filling up the DagBag from /opt/airflow/dags/quartadag.py
[2023-08-25T00:31:32.025+0000] {processor.py:753} INFO - DAG(s) dict_keys(['quartadag']) retrieved from /opt/airflow/dags/quartadag.py
[2023-08-25T00:31:32.043+0000] {logging_mixin.py:137} INFO - [2023-08-25T00:31:32.043+0000] {dag.py:2690} INFO - Sync 1 DAGs
[2023-08-25T00:31:32.067+0000] {logging_mixin.py:137} INFO - [2023-08-25T00:31:32.067+0000] {dag.py:3441} INFO - Setting next_dagrun for quartadag to None, run_after=None
[2023-08-25T00:31:32.107+0000] {processor.py:175} INFO - Processing /opt/airflow/dags/quartadag.py took 0.094 seconds
[2023-08-25T00:31:37.246+0000] {processor.py:153} INFO - Started process (PID=3121) to work on /opt/airflow/dags/quartadag.py
[2023-08-25T00:31:37.246+0000] {processor.py:743} INFO - Processing file /opt/airflow/dags/quartadag.py for tasks to queue
[2023-08-25T00:31:37.247+0000] {logging_mixin.py:137} INFO - [2023-08-25T00:31:37.247+0000] {dagbag.py:538} INFO - Filling up the DagBag from /opt/airflow/dags/quartadag.py
[2023-08-25T00:31:37.259+0000] {processor.py:753} INFO - DAG(s) dict_keys(['quartadag']) retrieved from /opt/airflow/dags/quartadag.py
[2023-08-25T00:31:37.282+0000] {logging_mixin.py:137} INFO - [2023-08-25T00:31:37.282+0000] {dag.py:2690} INFO - Sync 1 DAGs
[2023-08-25T00:31:37.318+0000] {logging_mixin.py:137} INFO - [2023-08-25T00:31:37.317+0000] {dag.py:3441} INFO - Setting next_dagrun for quartadag to None, run_after=None
[2023-08-25T00:31:37.372+0000] {processor.py:175} INFO - Processing /opt/airflow/dags/quartadag.py took 0.129 seconds
[2023-08-25T00:31:42.457+0000] {processor.py:153} INFO - Started process (PID=3140) to work on /opt/airflow/dags/quartadag.py
[2023-08-25T00:31:42.457+0000] {processor.py:743} INFO - Processing file /opt/airflow/dags/quartadag.py for tasks to queue
[2023-08-25T00:31:42.458+0000] {logging_mixin.py:137} INFO - [2023-08-25T00:31:42.458+0000] {dagbag.py:538} INFO - Filling up the DagBag from /opt/airflow/dags/quartadag.py
[2023-08-25T00:31:42.470+0000] {processor.py:753} INFO - DAG(s) dict_keys(['quartadag']) retrieved from /opt/airflow/dags/quartadag.py
[2023-08-25T00:31:42.520+0000] {logging_mixin.py:137} INFO - [2023-08-25T00:31:42.520+0000] {dag.py:2690} INFO - Sync 1 DAGs
[2023-08-25T00:31:42.555+0000] {logging_mixin.py:137} INFO - [2023-08-25T00:31:42.555+0000] {dag.py:3441} INFO - Setting next_dagrun for quartadag to None, run_after=None
[2023-08-25T00:31:42.597+0000] {processor.py:175} INFO - Processing /opt/airflow/dags/quartadag.py took 0.142 seconds
[2023-08-25T00:31:47.759+0000] {processor.py:153} INFO - Started process (PID=3144) to work on /opt/airflow/dags/quartadag.py
[2023-08-25T00:31:47.760+0000] {processor.py:743} INFO - Processing file /opt/airflow/dags/quartadag.py for tasks to queue
[2023-08-25T00:31:47.760+0000] {logging_mixin.py:137} INFO - [2023-08-25T00:31:47.760+0000] {dagbag.py:538} INFO - Filling up the DagBag from /opt/airflow/dags/quartadag.py
[2023-08-25T00:31:47.771+0000] {processor.py:753} INFO - DAG(s) dict_keys(['quartadag']) retrieved from /opt/airflow/dags/quartadag.py
[2023-08-25T00:31:47.794+0000] {logging_mixin.py:137} INFO - [2023-08-25T00:31:47.794+0000] {dag.py:2690} INFO - Sync 1 DAGs
[2023-08-25T00:31:47.818+0000] {logging_mixin.py:137} INFO - [2023-08-25T00:31:47.818+0000] {dag.py:3441} INFO - Setting next_dagrun for quartadag to None, run_after=None
[2023-08-25T00:31:47.868+0000] {processor.py:175} INFO - Processing /opt/airflow/dags/quartadag.py took 0.110 seconds
[2023-08-25T00:31:53.014+0000] {processor.py:153} INFO - Started process (PID=3163) to work on /opt/airflow/dags/quartadag.py
[2023-08-25T00:31:53.025+0000] {processor.py:743} INFO - Processing file /opt/airflow/dags/quartadag.py for tasks to queue
[2023-08-25T00:31:53.026+0000] {logging_mixin.py:137} INFO - [2023-08-25T00:31:53.026+0000] {dagbag.py:538} INFO - Filling up the DagBag from /opt/airflow/dags/quartadag.py
[2023-08-25T00:31:53.039+0000] {processor.py:753} INFO - DAG(s) dict_keys(['quartadag']) retrieved from /opt/airflow/dags/quartadag.py
[2023-08-25T00:31:53.059+0000] {logging_mixin.py:137} INFO - [2023-08-25T00:31:53.059+0000] {dag.py:2690} INFO - Sync 1 DAGs
[2023-08-25T00:31:53.084+0000] {logging_mixin.py:137} INFO - [2023-08-25T00:31:53.084+0000] {dag.py:3441} INFO - Setting next_dagrun for quartadag to None, run_after=None
[2023-08-25T00:31:53.156+0000] {processor.py:175} INFO - Processing /opt/airflow/dags/quartadag.py took 0.145 seconds
[2023-08-25T00:31:58.298+0000] {processor.py:153} INFO - Started process (PID=3167) to work on /opt/airflow/dags/quartadag.py
[2023-08-25T00:31:58.298+0000] {processor.py:743} INFO - Processing file /opt/airflow/dags/quartadag.py for tasks to queue
[2023-08-25T00:31:58.299+0000] {logging_mixin.py:137} INFO - [2023-08-25T00:31:58.299+0000] {dagbag.py:538} INFO - Filling up the DagBag from /opt/airflow/dags/quartadag.py
[2023-08-25T00:31:58.313+0000] {processor.py:753} INFO - DAG(s) dict_keys(['quartadag']) retrieved from /opt/airflow/dags/quartadag.py
[2023-08-25T00:31:58.335+0000] {logging_mixin.py:137} INFO - [2023-08-25T00:31:58.335+0000] {dag.py:2690} INFO - Sync 1 DAGs
[2023-08-25T00:31:58.362+0000] {logging_mixin.py:137} INFO - [2023-08-25T00:31:58.362+0000] {dag.py:3441} INFO - Setting next_dagrun for quartadag to None, run_after=None
[2023-08-25T00:31:58.411+0000] {processor.py:175} INFO - Processing /opt/airflow/dags/quartadag.py took 0.115 seconds
[2023-08-25T00:32:03.571+0000] {processor.py:153} INFO - Started process (PID=3171) to work on /opt/airflow/dags/quartadag.py
[2023-08-25T00:32:03.572+0000] {processor.py:743} INFO - Processing file /opt/airflow/dags/quartadag.py for tasks to queue
[2023-08-25T00:32:03.572+0000] {logging_mixin.py:137} INFO - [2023-08-25T00:32:03.572+0000] {dagbag.py:538} INFO - Filling up the DagBag from /opt/airflow/dags/quartadag.py
[2023-08-25T00:32:03.585+0000] {processor.py:753} INFO - DAG(s) dict_keys(['quartadag']) retrieved from /opt/airflow/dags/quartadag.py
[2023-08-25T00:32:03.606+0000] {logging_mixin.py:137} INFO - [2023-08-25T00:32:03.606+0000] {dag.py:2690} INFO - Sync 1 DAGs
[2023-08-25T00:32:03.632+0000] {logging_mixin.py:137} INFO - [2023-08-25T00:32:03.632+0000] {dag.py:3441} INFO - Setting next_dagrun for quartadag to None, run_after=None
[2023-08-25T00:32:03.673+0000] {processor.py:175} INFO - Processing /opt/airflow/dags/quartadag.py took 0.104 seconds
[2023-08-25T00:32:08.837+0000] {processor.py:153} INFO - Started process (PID=3191) to work on /opt/airflow/dags/quartadag.py
[2023-08-25T00:32:08.837+0000] {processor.py:743} INFO - Processing file /opt/airflow/dags/quartadag.py for tasks to queue
[2023-08-25T00:32:08.838+0000] {logging_mixin.py:137} INFO - [2023-08-25T00:32:08.838+0000] {dagbag.py:538} INFO - Filling up the DagBag from /opt/airflow/dags/quartadag.py
[2023-08-25T00:32:08.852+0000] {processor.py:753} INFO - DAG(s) dict_keys(['quartadag']) retrieved from /opt/airflow/dags/quartadag.py
[2023-08-25T00:32:08.872+0000] {logging_mixin.py:137} INFO - [2023-08-25T00:32:08.871+0000] {dag.py:2690} INFO - Sync 1 DAGs
[2023-08-25T00:32:08.894+0000] {logging_mixin.py:137} INFO - [2023-08-25T00:32:08.894+0000] {dag.py:3441} INFO - Setting next_dagrun for quartadag to None, run_after=None
[2023-08-25T00:32:08.992+0000] {processor.py:175} INFO - Processing /opt/airflow/dags/quartadag.py took 0.157 seconds
[2023-08-25T00:32:14.008+0000] {processor.py:153} INFO - Started process (PID=3195) to work on /opt/airflow/dags/quartadag.py
[2023-08-25T00:32:14.008+0000] {processor.py:743} INFO - Processing file /opt/airflow/dags/quartadag.py for tasks to queue
[2023-08-25T00:32:14.009+0000] {logging_mixin.py:137} INFO - [2023-08-25T00:32:14.009+0000] {dagbag.py:538} INFO - Filling up the DagBag from /opt/airflow/dags/quartadag.py
[2023-08-25T00:32:14.019+0000] {processor.py:753} INFO - DAG(s) dict_keys(['quartadag']) retrieved from /opt/airflow/dags/quartadag.py
[2023-08-25T00:32:14.040+0000] {logging_mixin.py:137} INFO - [2023-08-25T00:32:14.040+0000] {dag.py:2690} INFO - Sync 1 DAGs
[2023-08-25T00:32:14.073+0000] {logging_mixin.py:137} INFO - [2023-08-25T00:32:14.073+0000] {dag.py:3441} INFO - Setting next_dagrun for quartadag to None, run_after=None
[2023-08-25T00:32:14.120+0000] {processor.py:175} INFO - Processing /opt/airflow/dags/quartadag.py took 0.114 seconds
[2023-08-25T00:32:19.310+0000] {processor.py:153} INFO - Started process (PID=3214) to work on /opt/airflow/dags/quartadag.py
[2023-08-25T00:32:19.311+0000] {processor.py:743} INFO - Processing file /opt/airflow/dags/quartadag.py for tasks to queue
[2023-08-25T00:32:19.312+0000] {logging_mixin.py:137} INFO - [2023-08-25T00:32:19.312+0000] {dagbag.py:538} INFO - Filling up the DagBag from /opt/airflow/dags/quartadag.py
[2023-08-25T00:32:19.331+0000] {processor.py:753} INFO - DAG(s) dict_keys(['quartadag']) retrieved from /opt/airflow/dags/quartadag.py
[2023-08-25T00:32:19.361+0000] {logging_mixin.py:137} INFO - [2023-08-25T00:32:19.361+0000] {dag.py:2690} INFO - Sync 1 DAGs
[2023-08-25T00:32:19.406+0000] {logging_mixin.py:137} INFO - [2023-08-25T00:32:19.406+0000] {dag.py:3441} INFO - Setting next_dagrun for quartadag to None, run_after=None
[2023-08-25T00:32:19.526+0000] {processor.py:175} INFO - Processing /opt/airflow/dags/quartadag.py took 0.219 seconds
[2023-08-25T00:32:24.719+0000] {processor.py:153} INFO - Started process (PID=3218) to work on /opt/airflow/dags/quartadag.py
[2023-08-25T00:32:24.739+0000] {processor.py:743} INFO - Processing file /opt/airflow/dags/quartadag.py for tasks to queue
[2023-08-25T00:32:24.740+0000] {logging_mixin.py:137} INFO - [2023-08-25T00:32:24.740+0000] {dagbag.py:538} INFO - Filling up the DagBag from /opt/airflow/dags/quartadag.py
[2023-08-25T00:32:24.753+0000] {processor.py:753} INFO - DAG(s) dict_keys(['quartadag']) retrieved from /opt/airflow/dags/quartadag.py
[2023-08-25T00:32:24.791+0000] {logging_mixin.py:137} INFO - [2023-08-25T00:32:24.791+0000] {dag.py:2690} INFO - Sync 1 DAGs
[2023-08-25T00:32:24.828+0000] {logging_mixin.py:137} INFO - [2023-08-25T00:32:24.828+0000] {dag.py:3441} INFO - Setting next_dagrun for quartadag to None, run_after=None
[2023-08-25T00:32:24.895+0000] {processor.py:175} INFO - Processing /opt/airflow/dags/quartadag.py took 0.178 seconds
[2023-08-25T00:32:30.044+0000] {processor.py:153} INFO - Started process (PID=3238) to work on /opt/airflow/dags/quartadag.py
[2023-08-25T00:32:30.044+0000] {processor.py:743} INFO - Processing file /opt/airflow/dags/quartadag.py for tasks to queue
[2023-08-25T00:32:30.045+0000] {logging_mixin.py:137} INFO - [2023-08-25T00:32:30.045+0000] {dagbag.py:538} INFO - Filling up the DagBag from /opt/airflow/dags/quartadag.py
[2023-08-25T00:32:30.057+0000] {processor.py:753} INFO - DAG(s) dict_keys(['quartadag']) retrieved from /opt/airflow/dags/quartadag.py
[2023-08-25T00:32:30.079+0000] {logging_mixin.py:137} INFO - [2023-08-25T00:32:30.079+0000] {dag.py:2690} INFO - Sync 1 DAGs
[2023-08-25T00:32:30.105+0000] {logging_mixin.py:137} INFO - [2023-08-25T00:32:30.105+0000] {dag.py:3441} INFO - Setting next_dagrun for quartadag to None, run_after=None
[2023-08-25T00:32:30.144+0000] {processor.py:175} INFO - Processing /opt/airflow/dags/quartadag.py took 0.102 seconds
[2023-08-25T00:32:35.316+0000] {processor.py:153} INFO - Started process (PID=3242) to work on /opt/airflow/dags/quartadag.py
[2023-08-25T00:32:35.317+0000] {processor.py:743} INFO - Processing file /opt/airflow/dags/quartadag.py for tasks to queue
[2023-08-25T00:32:35.317+0000] {logging_mixin.py:137} INFO - [2023-08-25T00:32:35.317+0000] {dagbag.py:538} INFO - Filling up the DagBag from /opt/airflow/dags/quartadag.py
[2023-08-25T00:32:35.327+0000] {processor.py:753} INFO - DAG(s) dict_keys(['quartadag']) retrieved from /opt/airflow/dags/quartadag.py
[2023-08-25T00:32:35.345+0000] {logging_mixin.py:137} INFO - [2023-08-25T00:32:35.345+0000] {dag.py:2690} INFO - Sync 1 DAGs
[2023-08-25T00:32:35.378+0000] {logging_mixin.py:137} INFO - [2023-08-25T00:32:35.378+0000] {dag.py:3441} INFO - Setting next_dagrun for quartadag to None, run_after=None
[2023-08-25T00:32:35.431+0000] {processor.py:175} INFO - Processing /opt/airflow/dags/quartadag.py took 0.116 seconds
[2023-08-25T00:32:40.594+0000] {processor.py:153} INFO - Started process (PID=3246) to work on /opt/airflow/dags/quartadag.py
[2023-08-25T00:32:40.594+0000] {processor.py:743} INFO - Processing file /opt/airflow/dags/quartadag.py for tasks to queue
[2023-08-25T00:32:40.595+0000] {logging_mixin.py:137} INFO - [2023-08-25T00:32:40.595+0000] {dagbag.py:538} INFO - Filling up the DagBag from /opt/airflow/dags/quartadag.py
[2023-08-25T00:32:40.609+0000] {processor.py:753} INFO - DAG(s) dict_keys(['quartadag']) retrieved from /opt/airflow/dags/quartadag.py
[2023-08-25T00:32:40.642+0000] {logging_mixin.py:137} INFO - [2023-08-25T00:32:40.642+0000] {dag.py:2690} INFO - Sync 1 DAGs
[2023-08-25T00:32:40.680+0000] {logging_mixin.py:137} INFO - [2023-08-25T00:32:40.680+0000] {dag.py:3441} INFO - Setting next_dagrun for quartadag to None, run_after=None
[2023-08-25T00:32:40.743+0000] {processor.py:175} INFO - Processing /opt/airflow/dags/quartadag.py took 0.152 seconds
[2023-08-25T00:32:45.952+0000] {processor.py:153} INFO - Started process (PID=3266) to work on /opt/airflow/dags/quartadag.py
[2023-08-25T00:32:45.952+0000] {processor.py:743} INFO - Processing file /opt/airflow/dags/quartadag.py for tasks to queue
[2023-08-25T00:32:45.953+0000] {logging_mixin.py:137} INFO - [2023-08-25T00:32:45.953+0000] {dagbag.py:538} INFO - Filling up the DagBag from /opt/airflow/dags/quartadag.py
[2023-08-25T00:32:45.962+0000] {processor.py:753} INFO - DAG(s) dict_keys(['quartadag']) retrieved from /opt/airflow/dags/quartadag.py
[2023-08-25T00:32:45.979+0000] {logging_mixin.py:137} INFO - [2023-08-25T00:32:45.979+0000] {dag.py:2690} INFO - Sync 1 DAGs
[2023-08-25T00:32:45.999+0000] {logging_mixin.py:137} INFO - [2023-08-25T00:32:45.998+0000] {dag.py:3441} INFO - Setting next_dagrun for quartadag to None, run_after=None
[2023-08-25T00:32:46.031+0000] {processor.py:175} INFO - Processing /opt/airflow/dags/quartadag.py took 0.081 seconds
[2023-08-25T00:32:51.165+0000] {processor.py:153} INFO - Started process (PID=3270) to work on /opt/airflow/dags/quartadag.py
[2023-08-25T00:32:51.166+0000] {processor.py:743} INFO - Processing file /opt/airflow/dags/quartadag.py for tasks to queue
[2023-08-25T00:32:51.166+0000] {logging_mixin.py:137} INFO - [2023-08-25T00:32:51.166+0000] {dagbag.py:538} INFO - Filling up the DagBag from /opt/airflow/dags/quartadag.py
[2023-08-25T00:32:51.176+0000] {processor.py:753} INFO - DAG(s) dict_keys(['quartadag']) retrieved from /opt/airflow/dags/quartadag.py
[2023-08-25T00:32:51.199+0000] {logging_mixin.py:137} INFO - [2023-08-25T00:32:51.199+0000] {dag.py:2690} INFO - Sync 1 DAGs
[2023-08-25T00:32:51.223+0000] {logging_mixin.py:137} INFO - [2023-08-25T00:32:51.222+0000] {dag.py:3441} INFO - Setting next_dagrun for quartadag to None, run_after=None
[2023-08-25T00:32:51.268+0000] {processor.py:175} INFO - Processing /opt/airflow/dags/quartadag.py took 0.105 seconds
[2023-08-25T00:32:56.407+0000] {processor.py:153} INFO - Started process (PID=3290) to work on /opt/airflow/dags/quartadag.py
[2023-08-25T00:32:56.407+0000] {processor.py:743} INFO - Processing file /opt/airflow/dags/quartadag.py for tasks to queue
[2023-08-25T00:32:56.408+0000] {logging_mixin.py:137} INFO - [2023-08-25T00:32:56.408+0000] {dagbag.py:538} INFO - Filling up the DagBag from /opt/airflow/dags/quartadag.py
[2023-08-25T00:32:56.419+0000] {processor.py:753} INFO - DAG(s) dict_keys(['quartadag']) retrieved from /opt/airflow/dags/quartadag.py
[2023-08-25T00:32:56.439+0000] {logging_mixin.py:137} INFO - [2023-08-25T00:32:56.439+0000] {dag.py:2690} INFO - Sync 1 DAGs
[2023-08-25T00:32:56.468+0000] {logging_mixin.py:137} INFO - [2023-08-25T00:32:56.468+0000] {dag.py:3441} INFO - Setting next_dagrun for quartadag to None, run_after=None
[2023-08-25T00:32:56.601+0000] {processor.py:175} INFO - Processing /opt/airflow/dags/quartadag.py took 0.196 seconds
