[2023-09-02T22:08:33.648+0000] {taskinstance.py:1083} INFO - Dependencies all met for <TaskInstance: dagemail.tsk1 manual__2023-09-02T22:08:32.762713+00:00 [queued]>
[2023-09-02T22:08:33.664+0000] {taskinstance.py:1083} INFO - Dependencies all met for <TaskInstance: dagemail.tsk1 manual__2023-09-02T22:08:32.762713+00:00 [queued]>
[2023-09-02T22:08:33.664+0000] {taskinstance.py:1279} INFO - 
--------------------------------------------------------------------------------
[2023-09-02T22:08:33.665+0000] {taskinstance.py:1280} INFO - Starting attempt 1 of 2
[2023-09-02T22:08:33.666+0000] {taskinstance.py:1281} INFO - 
--------------------------------------------------------------------------------
[2023-09-02T22:08:33.681+0000] {taskinstance.py:1300} INFO - Executing <Task(BashOperator): tsk1> on 2023-09-02 22:08:32.762713+00:00
[2023-09-02T22:08:33.687+0000] {standard_task_runner.py:55} INFO - Started process 1814 to run task
[2023-09-02T22:08:33.692+0000] {standard_task_runner.py:82} INFO - Running: ['***', 'tasks', 'run', 'dagemail', 'tsk1', 'manual__2023-09-02T22:08:32.762713+00:00', '--job-id', '247', '--raw', '--subdir', 'DAGS_FOLDER/dagemail.py', '--cfg-path', '/tmp/tmprv7fzxtz']
[2023-09-02T22:08:33.693+0000] {standard_task_runner.py:83} INFO - Job 247: Subtask tsk1
[2023-09-02T22:08:33.819+0000] {task_command.py:388} INFO - Running <TaskInstance: dagemail.tsk1 manual__2023-09-02T22:08:32.762713+00:00 [running]> on host 8d5456a88302
[2023-09-02T22:08:33.974+0000] {taskinstance.py:1509} INFO - Exporting the following env vars:
AIRFLOW_CTX_DAG_EMAIL=eternoaprendiz015@gmail.com
AIRFLOW_CTX_DAG_OWNER=***
AIRFLOW_CTX_DAG_ID=dagemail
AIRFLOW_CTX_TASK_ID=tsk1
AIRFLOW_CTX_EXECUTION_DATE=2023-09-02T22:08:32.762713+00:00
AIRFLOW_CTX_TRY_NUMBER=1
AIRFLOW_CTX_DAG_RUN_ID=manual__2023-09-02T22:08:32.762713+00:00
[2023-09-02T22:08:33.976+0000] {subprocess.py:63} INFO - Tmp dir root location: 
 /tmp
[2023-09-02T22:08:33.977+0000] {subprocess.py:75} INFO - Running command: ['/bin/bash', '-c', 'sleep 5']
[2023-09-02T22:08:33.990+0000] {subprocess.py:86} INFO - Output:
[2023-09-02T22:08:38.995+0000] {subprocess.py:97} INFO - Command exited with return code 0
[2023-09-02T22:08:39.025+0000] {taskinstance.py:1323} INFO - Marking task as SUCCESS. dag_id=dagemail, task_id=tsk1, execution_date=20230902T220832, start_date=20230902T220833, end_date=20230902T220839
[2023-09-02T22:08:39.080+0000] {local_task_job.py:208} INFO - Task exited with return code 0
[2023-09-02T22:08:39.111+0000] {taskinstance.py:2578} INFO - 1 downstream tasks scheduled from follow-on schedule check
