[2023-09-02T20:55:41.082+0000] {taskinstance.py:1083} INFO - Dependencies all met for <TaskInstance: defaultargs.tsk1 scheduled__2023-03-05T05:00:00+00:00 [queued]>
[2023-09-02T20:55:41.098+0000] {taskinstance.py:1083} INFO - Dependencies all met for <TaskInstance: defaultargs.tsk1 scheduled__2023-03-05T05:00:00+00:00 [queued]>
[2023-09-02T20:55:41.099+0000] {taskinstance.py:1279} INFO - 
--------------------------------------------------------------------------------
[2023-09-02T20:55:41.100+0000] {taskinstance.py:1280} INFO - Starting attempt 1 of 2
[2023-09-02T20:55:41.101+0000] {taskinstance.py:1281} INFO - 
--------------------------------------------------------------------------------
[2023-09-02T20:55:41.175+0000] {taskinstance.py:1300} INFO - Executing <Task(BashOperator): tsk1> on 2023-03-05 05:00:00+00:00
[2023-09-02T20:55:41.180+0000] {standard_task_runner.py:55} INFO - Started process 1218 to run task
[2023-09-02T20:55:41.204+0000] {standard_task_runner.py:82} INFO - Running: ['***', 'tasks', 'run', 'defaultargs', 'tsk1', 'scheduled__2023-03-05T05:00:00+00:00', '--job-id', '52', '--raw', '--subdir', 'DAGS_FOLDER/defaultargs.py', '--cfg-path', '/tmp/tmpd40nd_jx']
[2023-09-02T20:55:41.205+0000] {standard_task_runner.py:83} INFO - Job 52: Subtask tsk1
[2023-09-02T20:55:41.322+0000] {task_command.py:388} INFO - Running <TaskInstance: defaultargs.tsk1 scheduled__2023-03-05T05:00:00+00:00 [running]> on host 3c3753b2e609
[2023-09-02T20:55:41.461+0000] {taskinstance.py:1509} INFO - Exporting the following env vars:
AIRFLOW_CTX_DAG_EMAIL=tiagolinhares051@gmail.com
AIRFLOW_CTX_DAG_OWNER=***
AIRFLOW_CTX_DAG_ID=defaultargs
AIRFLOW_CTX_TASK_ID=tsk1
AIRFLOW_CTX_EXECUTION_DATE=2023-03-05T05:00:00+00:00
AIRFLOW_CTX_TRY_NUMBER=1
AIRFLOW_CTX_DAG_RUN_ID=scheduled__2023-03-05T05:00:00+00:00
[2023-09-02T20:55:41.464+0000] {subprocess.py:63} INFO - Tmp dir root location: 
 /tmp
[2023-09-02T20:55:41.465+0000] {subprocess.py:75} INFO - Running command: ['/bin/bash', '-c', 'sleep 5']
[2023-09-02T20:55:41.483+0000] {subprocess.py:86} INFO - Output:
[2023-09-02T20:55:46.488+0000] {subprocess.py:97} INFO - Command exited with return code 0
[2023-09-02T20:55:47.166+0000] {taskinstance.py:1323} INFO - Marking task as SUCCESS. dag_id=defaultargs, task_id=tsk1, execution_date=20230305T050000, start_date=20230902T205541, end_date=20230902T205547
[2023-09-02T20:55:47.238+0000] {local_task_job.py:208} INFO - Task exited with return code 0
[2023-09-02T20:55:47.304+0000] {taskinstance.py:2578} INFO - 2 downstream tasks scheduled from follow-on schedule check
