[2023-09-02T20:56:26.752+0000] {taskinstance.py:1083} INFO - Dependencies all met for <TaskInstance: defaultargs.tsk1 scheduled__2023-03-06T10:00:00+00:00 [queued]>
[2023-09-02T20:56:26.799+0000] {taskinstance.py:1083} INFO - Dependencies all met for <TaskInstance: defaultargs.tsk1 scheduled__2023-03-06T10:00:00+00:00 [queued]>
[2023-09-02T20:56:26.800+0000] {taskinstance.py:1279} INFO - 
--------------------------------------------------------------------------------
[2023-09-02T20:56:26.800+0000] {taskinstance.py:1280} INFO - Starting attempt 1 of 2
[2023-09-02T20:56:26.800+0000] {taskinstance.py:1281} INFO - 
--------------------------------------------------------------------------------
[2023-09-02T20:56:26.857+0000] {taskinstance.py:1300} INFO - Executing <Task(BashOperator): tsk1> on 2023-03-06 10:00:00+00:00
[2023-09-02T20:56:26.867+0000] {standard_task_runner.py:55} INFO - Started process 1493 to run task
[2023-09-02T20:56:26.900+0000] {standard_task_runner.py:82} INFO - Running: ['***', 'tasks', 'run', 'defaultargs', 'tsk1', 'scheduled__2023-03-06T10:00:00+00:00', '--job-id', '131', '--raw', '--subdir', 'DAGS_FOLDER/defaultargs.py', '--cfg-path', '/tmp/tmpu6tkgdru']
[2023-09-02T20:56:26.906+0000] {standard_task_runner.py:83} INFO - Job 131: Subtask tsk1
[2023-09-02T20:56:27.170+0000] {task_command.py:388} INFO - Running <TaskInstance: defaultargs.tsk1 scheduled__2023-03-06T10:00:00+00:00 [running]> on host 3c3753b2e609
[2023-09-02T20:56:27.357+0000] {taskinstance.py:1509} INFO - Exporting the following env vars:
AIRFLOW_CTX_DAG_EMAIL=tiagolinhares051@gmail.com
AIRFLOW_CTX_DAG_OWNER=***
AIRFLOW_CTX_DAG_ID=defaultargs
AIRFLOW_CTX_TASK_ID=tsk1
AIRFLOW_CTX_EXECUTION_DATE=2023-03-06T10:00:00+00:00
AIRFLOW_CTX_TRY_NUMBER=1
AIRFLOW_CTX_DAG_RUN_ID=scheduled__2023-03-06T10:00:00+00:00
[2023-09-02T20:56:27.360+0000] {subprocess.py:63} INFO - Tmp dir root location: 
 /tmp
[2023-09-02T20:56:27.361+0000] {subprocess.py:75} INFO - Running command: ['/bin/bash', '-c', 'sleep 5']
[2023-09-02T20:56:27.392+0000] {subprocess.py:86} INFO - Output:
[2023-09-02T20:56:32.399+0000] {subprocess.py:97} INFO - Command exited with return code 0
[2023-09-02T20:56:32.432+0000] {taskinstance.py:1323} INFO - Marking task as SUCCESS. dag_id=defaultargs, task_id=tsk1, execution_date=20230306T100000, start_date=20230902T205626, end_date=20230902T205632
[2023-09-02T20:56:32.462+0000] {local_task_job.py:208} INFO - Task exited with return code 0
[2023-09-02T20:56:32.483+0000] {taskinstance.py:2578} INFO - 2 downstream tasks scheduled from follow-on schedule check
