[2023-08-25T00:18:36.298+0000] {taskinstance.py:1083} INFO - Dependencies all met for <TaskInstance: terceiradag.tsk3 manual__2023-08-25T00:18:28.990783+00:00 [queued]>
[2023-08-25T00:18:36.307+0000] {taskinstance.py:1083} INFO - Dependencies all met for <TaskInstance: terceiradag.tsk3 manual__2023-08-25T00:18:28.990783+00:00 [queued]>
[2023-08-25T00:18:36.307+0000] {taskinstance.py:1279} INFO - 
--------------------------------------------------------------------------------
[2023-08-25T00:18:36.307+0000] {taskinstance.py:1280} INFO - Starting attempt 1 of 1
[2023-08-25T00:18:36.307+0000] {taskinstance.py:1281} INFO - 
--------------------------------------------------------------------------------
[2023-08-25T00:18:36.348+0000] {taskinstance.py:1300} INFO - Executing <Task(BashOperator): tsk3> on 2023-08-25 00:18:28.990783+00:00
[2023-08-25T00:18:36.352+0000] {standard_task_runner.py:55} INFO - Started process 1352 to run task
[2023-08-25T00:18:36.354+0000] {standard_task_runner.py:82} INFO - Running: ['***', 'tasks', 'run', 'terceiradag', 'tsk3', 'manual__2023-08-25T00:18:28.990783+00:00', '--job-id', '11', '--raw', '--subdir', 'DAGS_FOLDER/terceiradag.py', '--cfg-path', '/tmp/tmp5k67kwlk']
[2023-08-25T00:18:36.354+0000] {standard_task_runner.py:83} INFO - Job 11: Subtask tsk3
[2023-08-25T00:18:36.420+0000] {task_command.py:388} INFO - Running <TaskInstance: terceiradag.tsk3 manual__2023-08-25T00:18:28.990783+00:00 [running]> on host 1a783b418faa
[2023-08-25T00:18:36.570+0000] {taskinstance.py:1509} INFO - Exporting the following env vars:
AIRFLOW_CTX_DAG_OWNER=***
AIRFLOW_CTX_DAG_ID=terceiradag
AIRFLOW_CTX_TASK_ID=tsk3
AIRFLOW_CTX_EXECUTION_DATE=2023-08-25T00:18:28.990783+00:00
AIRFLOW_CTX_TRY_NUMBER=1
AIRFLOW_CTX_DAG_RUN_ID=manual__2023-08-25T00:18:28.990783+00:00
[2023-08-25T00:18:36.570+0000] {subprocess.py:63} INFO - Tmp dir root location: 
 /tmp
[2023-08-25T00:18:36.571+0000] {subprocess.py:75} INFO - Running command: ['/bin/bash', '-c', 'sleep 5']
[2023-08-25T00:18:36.580+0000] {subprocess.py:86} INFO - Output:
[2023-08-25T00:18:41.583+0000] {subprocess.py:97} INFO - Command exited with return code 0
[2023-08-25T00:18:41.624+0000] {taskinstance.py:1323} INFO - Marking task as SUCCESS. dag_id=terceiradag, task_id=tsk3, execution_date=20230825T001828, start_date=20230825T001836, end_date=20230825T001841
[2023-08-25T00:18:41.691+0000] {local_task_job.py:208} INFO - Task exited with return code 0
[2023-08-25T00:18:41.703+0000] {taskinstance.py:2578} INFO - 0 downstream tasks scheduled from follow-on schedule check
