[2023-09-02T21:54:40.184+0000] {taskinstance.py:1083} INFO - Dependencies all met for <TaskInstance: dagemail.tsk3 manual__2023-09-02T21:54:32.453820+00:00 [queued]>
[2023-09-02T21:54:40.194+0000] {taskinstance.py:1083} INFO - Dependencies all met for <TaskInstance: dagemail.tsk3 manual__2023-09-02T21:54:32.453820+00:00 [queued]>
[2023-09-02T21:54:40.194+0000] {taskinstance.py:1279} INFO - 
--------------------------------------------------------------------------------
[2023-09-02T21:54:40.194+0000] {taskinstance.py:1280} INFO - Starting attempt 1 of 2
[2023-09-02T21:54:40.195+0000] {taskinstance.py:1281} INFO - 
--------------------------------------------------------------------------------
[2023-09-02T21:54:40.210+0000] {taskinstance.py:1300} INFO - Executing <Task(BashOperator): tsk3> on 2023-09-02 21:54:32.453820+00:00
[2023-09-02T21:54:40.214+0000] {standard_task_runner.py:55} INFO - Started process 916 to run task
[2023-09-02T21:54:40.218+0000] {standard_task_runner.py:82} INFO - Running: ['***', 'tasks', 'run', 'dagemail', 'tsk3', 'manual__2023-09-02T21:54:32.453820+00:00', '--job-id', '230', '--raw', '--subdir', 'DAGS_FOLDER/dagemail.py', '--cfg-path', '/tmp/tmpzfl6tmxw']
[2023-09-02T21:54:40.218+0000] {standard_task_runner.py:83} INFO - Job 230: Subtask tsk3
[2023-09-02T21:54:40.278+0000] {task_command.py:388} INFO - Running <TaskInstance: dagemail.tsk3 manual__2023-09-02T21:54:32.453820+00:00 [running]> on host 8d5456a88302
[2023-09-02T21:54:40.359+0000] {taskinstance.py:1509} INFO - Exporting the following env vars:
AIRFLOW_CTX_DAG_EMAIL=tiagolinhares051@gmail.com
AIRFLOW_CTX_DAG_OWNER=***
AIRFLOW_CTX_DAG_ID=dagemail
AIRFLOW_CTX_TASK_ID=tsk3
AIRFLOW_CTX_EXECUTION_DATE=2023-09-02T21:54:32.453820+00:00
AIRFLOW_CTX_TRY_NUMBER=1
AIRFLOW_CTX_DAG_RUN_ID=manual__2023-09-02T21:54:32.453820+00:00
[2023-09-02T21:54:40.360+0000] {subprocess.py:63} INFO - Tmp dir root location: 
 /tmp
[2023-09-02T21:54:40.361+0000] {subprocess.py:75} INFO - Running command: ['/bin/bash', '-c', 'sleep 5']
[2023-09-02T21:54:40.374+0000] {subprocess.py:86} INFO - Output:
[2023-09-02T21:54:45.377+0000] {subprocess.py:97} INFO - Command exited with return code 0
[2023-09-02T21:54:45.409+0000] {taskinstance.py:1323} INFO - Marking task as SUCCESS. dag_id=dagemail, task_id=tsk3, execution_date=20230902T215432, start_date=20230902T215440, end_date=20230902T215445
[2023-09-02T21:54:45.447+0000] {local_task_job.py:208} INFO - Task exited with return code 0
[2023-09-02T21:54:45.483+0000] {taskinstance.py:2578} INFO - 0 downstream tasks scheduled from follow-on schedule check
