[2023-09-02T20:56:19.307+0000] {taskinstance.py:1083} INFO - Dependencies all met for <TaskInstance: defaultargs.tsk2 scheduled__2023-03-05T20:00:00+00:00 [queued]>
[2023-09-02T20:56:19.331+0000] {taskinstance.py:1083} INFO - Dependencies all met for <TaskInstance: defaultargs.tsk2 scheduled__2023-03-05T20:00:00+00:00 [queued]>
[2023-09-02T20:56:19.331+0000] {taskinstance.py:1279} INFO - 
--------------------------------------------------------------------------------
[2023-09-02T20:56:19.332+0000] {taskinstance.py:1280} INFO - Starting attempt 1 of 2
[2023-09-02T20:56:19.338+0000] {taskinstance.py:1281} INFO - 
--------------------------------------------------------------------------------
[2023-09-02T20:56:19.403+0000] {taskinstance.py:1300} INFO - Executing <Task(BashOperator): tsk2> on 2023-03-05 20:00:00+00:00
[2023-09-02T20:56:19.413+0000] {standard_task_runner.py:55} INFO - Started process 1447 to run task
[2023-09-02T20:56:19.429+0000] {standard_task_runner.py:82} INFO - Running: ['***', 'tasks', 'run', 'defaultargs', 'tsk2', 'scheduled__2023-03-05T20:00:00+00:00', '--job-id', '115', '--raw', '--subdir', 'DAGS_FOLDER/defaultargs.py', '--cfg-path', '/tmp/tmplzsfodey']
[2023-09-02T20:56:19.430+0000] {standard_task_runner.py:83} INFO - Job 115: Subtask tsk2
[2023-09-02T20:56:19.587+0000] {task_command.py:388} INFO - Running <TaskInstance: defaultargs.tsk2 scheduled__2023-03-05T20:00:00+00:00 [running]> on host 3c3753b2e609
[2023-09-02T20:56:19.767+0000] {taskinstance.py:1509} INFO - Exporting the following env vars:
AIRFLOW_CTX_DAG_EMAIL=tiagolinhares051@gmail.com
AIRFLOW_CTX_DAG_OWNER=***
AIRFLOW_CTX_DAG_ID=defaultargs
AIRFLOW_CTX_TASK_ID=tsk2
AIRFLOW_CTX_EXECUTION_DATE=2023-03-05T20:00:00+00:00
AIRFLOW_CTX_TRY_NUMBER=1
AIRFLOW_CTX_DAG_RUN_ID=scheduled__2023-03-05T20:00:00+00:00
[2023-09-02T20:56:19.769+0000] {subprocess.py:63} INFO - Tmp dir root location: 
 /tmp
[2023-09-02T20:56:19.770+0000] {subprocess.py:75} INFO - Running command: ['/bin/bash', '-c', 'sleep 5']
[2023-09-02T20:56:19.809+0000] {subprocess.py:86} INFO - Output:
[2023-09-02T20:56:24.820+0000] {subprocess.py:97} INFO - Command exited with return code 0
[2023-09-02T20:56:24.962+0000] {taskinstance.py:1323} INFO - Marking task as SUCCESS. dag_id=defaultargs, task_id=tsk2, execution_date=20230305T200000, start_date=20230902T205619, end_date=20230902T205624
[2023-09-02T20:56:25.211+0000] {local_task_job.py:208} INFO - Task exited with return code 0
[2023-09-02T20:56:25.245+0000] {taskinstance.py:2578} INFO - 0 downstream tasks scheduled from follow-on schedule check
