[2023-09-02T21:55:46.123+0000] {taskinstance.py:1083} INFO - Dependencies all met for <TaskInstance: dagemail.tsk4 manual__2023-09-02T21:55:32.971134+00:00 [queued]>
[2023-09-02T21:55:46.135+0000] {taskinstance.py:1083} INFO - Dependencies all met for <TaskInstance: dagemail.tsk4 manual__2023-09-02T21:55:32.971134+00:00 [queued]>
[2023-09-02T21:55:46.136+0000] {taskinstance.py:1279} INFO - 
--------------------------------------------------------------------------------
[2023-09-02T21:55:46.136+0000] {taskinstance.py:1280} INFO - Starting attempt 1 of 2
[2023-09-02T21:55:46.136+0000] {taskinstance.py:1281} INFO - 
--------------------------------------------------------------------------------
[2023-09-02T21:55:46.152+0000] {taskinstance.py:1300} INFO - Executing <Task(BashOperator): tsk4> on 2023-09-02 21:55:32.971134+00:00
[2023-09-02T21:55:46.157+0000] {standard_task_runner.py:55} INFO - Started process 1012 to run task
[2023-09-02T21:55:46.161+0000] {standard_task_runner.py:82} INFO - Running: ['***', 'tasks', 'run', 'dagemail', 'tsk4', 'manual__2023-09-02T21:55:32.971134+00:00', '--job-id', '238', '--raw', '--subdir', 'DAGS_FOLDER/dagemail.py', '--cfg-path', '/tmp/tmphk0wer0f']
[2023-09-02T21:55:46.162+0000] {standard_task_runner.py:83} INFO - Job 238: Subtask tsk4
[2023-09-02T21:55:46.228+0000] {task_command.py:388} INFO - Running <TaskInstance: dagemail.tsk4 manual__2023-09-02T21:55:32.971134+00:00 [running]> on host 8d5456a88302
[2023-09-02T21:55:46.303+0000] {taskinstance.py:1509} INFO - Exporting the following env vars:
AIRFLOW_CTX_DAG_EMAIL=tiagolinhares051@gmail.com
AIRFLOW_CTX_DAG_OWNER=***
AIRFLOW_CTX_DAG_ID=dagemail
AIRFLOW_CTX_TASK_ID=tsk4
AIRFLOW_CTX_EXECUTION_DATE=2023-09-02T21:55:32.971134+00:00
AIRFLOW_CTX_TRY_NUMBER=1
AIRFLOW_CTX_DAG_RUN_ID=manual__2023-09-02T21:55:32.971134+00:00
[2023-09-02T21:55:46.304+0000] {subprocess.py:63} INFO - Tmp dir root location: 
 /tmp
[2023-09-02T21:55:46.305+0000] {subprocess.py:75} INFO - Running command: ['/bin/bash', '-c', 'exit']
[2023-09-02T21:55:46.317+0000] {subprocess.py:86} INFO - Output:
[2023-09-02T21:55:46.319+0000] {subprocess.py:97} INFO - Command exited with return code 0
[2023-09-02T21:55:46.347+0000] {taskinstance.py:1323} INFO - Marking task as SUCCESS. dag_id=dagemail, task_id=tsk4, execution_date=20230902T215532, start_date=20230902T215546, end_date=20230902T215546
[2023-09-02T21:55:46.372+0000] {local_task_job.py:208} INFO - Task exited with return code 0
[2023-09-02T21:55:46.396+0000] {taskinstance.py:2578} INFO - 3 downstream tasks scheduled from follow-on schedule check
