[2023-08-29T01:07:46.897+0000] {taskinstance.py:1083} INFO - Dependencies all met for <TaskInstance: dagrundag1.tsk1 manual__2023-08-29T01:07:46.236799+00:00 [queued]>
[2023-08-29T01:07:46.910+0000] {taskinstance.py:1083} INFO - Dependencies all met for <TaskInstance: dagrundag1.tsk1 manual__2023-08-29T01:07:46.236799+00:00 [queued]>
[2023-08-29T01:07:46.911+0000] {taskinstance.py:1279} INFO - 
--------------------------------------------------------------------------------
[2023-08-29T01:07:46.911+0000] {taskinstance.py:1280} INFO - Starting attempt 1 of 1
[2023-08-29T01:07:46.911+0000] {taskinstance.py:1281} INFO - 
--------------------------------------------------------------------------------
[2023-08-29T01:07:46.934+0000] {taskinstance.py:1300} INFO - Executing <Task(BashOperator): tsk1> on 2023-08-29 01:07:46.236799+00:00
[2023-08-29T01:07:46.943+0000] {standard_task_runner.py:55} INFO - Started process 12040 to run task
[2023-08-29T01:07:46.948+0000] {standard_task_runner.py:82} INFO - Running: ['***', 'tasks', 'run', 'dagrundag1', 'tsk1', 'manual__2023-08-29T01:07:46.236799+00:00', '--job-id', '35', '--raw', '--subdir', 'DAGS_FOLDER/dagrundag1.py', '--cfg-path', '/tmp/tmppoydcedu']
[2023-08-29T01:07:46.949+0000] {standard_task_runner.py:83} INFO - Job 35: Subtask tsk1
[2023-08-29T01:07:47.026+0000] {task_command.py:388} INFO - Running <TaskInstance: dagrundag1.tsk1 manual__2023-08-29T01:07:46.236799+00:00 [running]> on host c709185060f0
[2023-08-29T01:07:47.119+0000] {taskinstance.py:1509} INFO - Exporting the following env vars:
AIRFLOW_CTX_DAG_OWNER=***
AIRFLOW_CTX_DAG_ID=dagrundag1
AIRFLOW_CTX_TASK_ID=tsk1
AIRFLOW_CTX_EXECUTION_DATE=2023-08-29T01:07:46.236799+00:00
AIRFLOW_CTX_TRY_NUMBER=1
AIRFLOW_CTX_DAG_RUN_ID=manual__2023-08-29T01:07:46.236799+00:00
[2023-08-29T01:07:47.120+0000] {subprocess.py:63} INFO - Tmp dir root location: 
 /tmp
[2023-08-29T01:07:47.121+0000] {subprocess.py:75} INFO - Running command: ['/bin/bash', '-c', 'sleep 5']
[2023-08-29T01:07:47.137+0000] {subprocess.py:86} INFO - Output:
[2023-08-29T01:07:52.142+0000] {subprocess.py:97} INFO - Command exited with return code 0
[2023-08-29T01:07:52.169+0000] {taskinstance.py:1323} INFO - Marking task as SUCCESS. dag_id=dagrundag1, task_id=tsk1, execution_date=20230829T010746, start_date=20230829T010746, end_date=20230829T010752
[2023-08-29T01:07:52.218+0000] {local_task_job.py:208} INFO - Task exited with return code 0
[2023-08-29T01:07:52.237+0000] {taskinstance.py:2578} INFO - 1 downstream tasks scheduled from follow-on schedule check
