[2023-09-02T20:55:48.971+0000] {taskinstance.py:1083} INFO - Dependencies all met for <TaskInstance: defaultargs.tsk2 scheduled__2023-03-05T05:00:00+00:00 [queued]>
[2023-09-02T20:55:49.025+0000] {taskinstance.py:1083} INFO - Dependencies all met for <TaskInstance: defaultargs.tsk2 scheduled__2023-03-05T05:00:00+00:00 [queued]>
[2023-09-02T20:55:49.027+0000] {taskinstance.py:1279} INFO - 
--------------------------------------------------------------------------------
[2023-09-02T20:55:49.027+0000] {taskinstance.py:1280} INFO - Starting attempt 1 of 2
[2023-09-02T20:55:49.028+0000] {taskinstance.py:1281} INFO - 
--------------------------------------------------------------------------------
[2023-09-02T20:55:49.096+0000] {taskinstance.py:1300} INFO - Executing <Task(BashOperator): tsk2> on 2023-03-05 05:00:00+00:00
[2023-09-02T20:55:49.109+0000] {standard_task_runner.py:55} INFO - Started process 1280 to run task
[2023-09-02T20:55:49.127+0000] {standard_task_runner.py:82} INFO - Running: ['***', 'tasks', 'run', 'defaultargs', 'tsk2', 'scheduled__2023-03-05T05:00:00+00:00', '--job-id', '68', '--raw', '--subdir', 'DAGS_FOLDER/defaultargs.py', '--cfg-path', '/tmp/tmpw9w64jrw']
[2023-09-02T20:55:49.137+0000] {standard_task_runner.py:83} INFO - Job 68: Subtask tsk2
[2023-09-02T20:55:49.378+0000] {task_command.py:388} INFO - Running <TaskInstance: defaultargs.tsk2 scheduled__2023-03-05T05:00:00+00:00 [running]> on host 3c3753b2e609
[2023-09-02T20:55:49.698+0000] {taskinstance.py:1509} INFO - Exporting the following env vars:
AIRFLOW_CTX_DAG_EMAIL=tiagolinhares051@gmail.com
AIRFLOW_CTX_DAG_OWNER=***
AIRFLOW_CTX_DAG_ID=defaultargs
AIRFLOW_CTX_TASK_ID=tsk2
AIRFLOW_CTX_EXECUTION_DATE=2023-03-05T05:00:00+00:00
AIRFLOW_CTX_TRY_NUMBER=1
AIRFLOW_CTX_DAG_RUN_ID=scheduled__2023-03-05T05:00:00+00:00
[2023-09-02T20:55:49.701+0000] {subprocess.py:63} INFO - Tmp dir root location: 
 /tmp
[2023-09-02T20:55:49.702+0000] {subprocess.py:75} INFO - Running command: ['/bin/bash', '-c', 'sleep 5']
[2023-09-02T20:55:49.756+0000] {subprocess.py:86} INFO - Output:
[2023-09-02T20:55:54.769+0000] {subprocess.py:97} INFO - Command exited with return code 0
[2023-09-02T20:55:54.800+0000] {taskinstance.py:1323} INFO - Marking task as SUCCESS. dag_id=defaultargs, task_id=tsk2, execution_date=20230305T050000, start_date=20230902T205548, end_date=20230902T205554
[2023-09-02T20:55:54.838+0000] {local_task_job.py:208} INFO - Task exited with return code 0
[2023-09-02T20:55:54.858+0000] {taskinstance.py:2578} INFO - 0 downstream tasks scheduled from follow-on schedule check
