[2023-09-27T17:20:26.653+0000] {taskinstance.py:1083} INFO - Dependencies all met for <TaskInstance: Variaveis.tsk2 manual__2023-09-27T17:20:25.682990+00:00 [queued]>
[2023-09-27T17:20:26.662+0000] {taskinstance.py:1083} INFO - Dependencies all met for <TaskInstance: Variaveis.tsk2 manual__2023-09-27T17:20:25.682990+00:00 [queued]>
[2023-09-27T17:20:26.662+0000] {taskinstance.py:1279} INFO - 
--------------------------------------------------------------------------------
[2023-09-27T17:20:26.662+0000] {taskinstance.py:1280} INFO - Starting attempt 1 of 1
[2023-09-27T17:20:26.662+0000] {taskinstance.py:1281} INFO - 
--------------------------------------------------------------------------------
[2023-09-27T17:20:26.711+0000] {taskinstance.py:1300} INFO - Executing <Task(PythonOperator): tsk2> on 2023-09-27 17:20:25.682990+00:00
[2023-09-27T17:20:26.716+0000] {standard_task_runner.py:55} INFO - Started process 1031 to run task
[2023-09-27T17:20:26.719+0000] {standard_task_runner.py:82} INFO - Running: ['***', 'tasks', 'run', 'Variaveis', 'tsk2', 'manual__2023-09-27T17:20:25.682990+00:00', '--job-id', '14', '--raw', '--subdir', 'DAGS_FOLDER/var.py', '--cfg-path', '/tmp/tmphno1lpgr']
[2023-09-27T17:20:26.719+0000] {standard_task_runner.py:83} INFO - Job 14: Subtask tsk2
[2023-09-27T17:20:26.839+0000] {task_command.py:388} INFO - Running <TaskInstance: Variaveis.tsk2 manual__2023-09-27T17:20:25.682990+00:00 [running]> on host 0eb481da037f
[2023-09-27T17:20:27.021+0000] {taskinstance.py:1509} INFO - Exporting the following env vars:
AIRFLOW_CTX_DAG_OWNER=***
AIRFLOW_CTX_DAG_ID=Variaveis
AIRFLOW_CTX_TASK_ID=tsk2
AIRFLOW_CTX_EXECUTION_DATE=2023-09-27T17:20:25.682990+00:00
AIRFLOW_CTX_TRY_NUMBER=1
AIRFLOW_CTX_DAG_RUN_ID=manual__2023-09-27T17:20:25.682990+00:00
[2023-09-27T17:20:27.033+0000] {logging_mixin.py:137} INFO - O valor da Variavel é: /home/linhares/projetos/project_***/***/dags
[2023-09-27T17:20:27.034+0000] {python.py:177} INFO - Done. Returned value was: None
[2023-09-27T17:20:27.053+0000] {taskinstance.py:1323} INFO - Marking task as SUCCESS. dag_id=Variaveis, task_id=tsk2, execution_date=20230927T172025, start_date=20230927T172026, end_date=20230927T172027
[2023-09-27T17:20:27.132+0000] {local_task_job.py:208} INFO - Task exited with return code 0
[2023-09-27T17:20:27.156+0000] {taskinstance.py:2578} INFO - 0 downstream tasks scheduled from follow-on schedule check
