[2023-08-25T00:07:18.684+0000] {taskinstance.py:1083} INFO - Dependencies all met for <TaskInstance: primeiradag.tsk3 manual__2023-08-25T00:07:04.640759+00:00 [queued]>
[2023-08-25T00:07:18.694+0000] {taskinstance.py:1083} INFO - Dependencies all met for <TaskInstance: primeiradag.tsk3 manual__2023-08-25T00:07:04.640759+00:00 [queued]>
[2023-08-25T00:07:18.694+0000] {taskinstance.py:1279} INFO - 
--------------------------------------------------------------------------------
[2023-08-25T00:07:18.694+0000] {taskinstance.py:1280} INFO - Starting attempt 1 of 1
[2023-08-25T00:07:18.694+0000] {taskinstance.py:1281} INFO - 
--------------------------------------------------------------------------------
[2023-08-25T00:07:18.730+0000] {taskinstance.py:1300} INFO - Executing <Task(BashOperator): tsk3> on 2023-08-25 00:07:04.640759+00:00
[2023-08-25T00:07:18.734+0000] {standard_task_runner.py:55} INFO - Started process 460 to run task
[2023-08-25T00:07:18.736+0000] {standard_task_runner.py:82} INFO - Running: ['***', 'tasks', 'run', 'primeiradag', 'tsk3', 'manual__2023-08-25T00:07:04.640759+00:00', '--job-id', '5', '--raw', '--subdir', 'DAGS_FOLDER/primeiradag.py', '--cfg-path', '/tmp/tmp2wgkm5g8']
[2023-08-25T00:07:18.737+0000] {standard_task_runner.py:83} INFO - Job 5: Subtask tsk3
[2023-08-25T00:07:18.817+0000] {task_command.py:388} INFO - Running <TaskInstance: primeiradag.tsk3 manual__2023-08-25T00:07:04.640759+00:00 [running]> on host 1a783b418faa
[2023-08-25T00:07:18.949+0000] {taskinstance.py:1509} INFO - Exporting the following env vars:
AIRFLOW_CTX_DAG_OWNER=***
AIRFLOW_CTX_DAG_ID=primeiradag
AIRFLOW_CTX_TASK_ID=tsk3
AIRFLOW_CTX_EXECUTION_DATE=2023-08-25T00:07:04.640759+00:00
AIRFLOW_CTX_TRY_NUMBER=1
AIRFLOW_CTX_DAG_RUN_ID=manual__2023-08-25T00:07:04.640759+00:00
[2023-08-25T00:07:18.950+0000] {subprocess.py:63} INFO - Tmp dir root location: 
 /tmp
[2023-08-25T00:07:18.950+0000] {subprocess.py:75} INFO - Running command: ['/bin/bash', '-c', 'sleep 5']
[2023-08-25T00:07:18.959+0000] {subprocess.py:86} INFO - Output:
[2023-08-25T00:07:23.962+0000] {subprocess.py:97} INFO - Command exited with return code 0
[2023-08-25T00:07:24.036+0000] {taskinstance.py:1323} INFO - Marking task as SUCCESS. dag_id=primeiradag, task_id=tsk3, execution_date=20230825T000704, start_date=20230825T000718, end_date=20230825T000724
[2023-08-25T00:07:24.113+0000] {local_task_job.py:208} INFO - Task exited with return code 0
[2023-08-25T00:07:24.133+0000] {taskinstance.py:2578} INFO - 0 downstream tasks scheduled from follow-on schedule check
