[2023-09-02T20:56:34.415+0000] {taskinstance.py:1083} INFO - Dependencies all met for <TaskInstance: defaultargs.tsk3 scheduled__2023-03-06T06:00:00+00:00 [queued]>
[2023-09-02T20:56:34.452+0000] {taskinstance.py:1083} INFO - Dependencies all met for <TaskInstance: defaultargs.tsk3 scheduled__2023-03-06T06:00:00+00:00 [queued]>
[2023-09-02T20:56:34.464+0000] {taskinstance.py:1279} INFO - 
--------------------------------------------------------------------------------
[2023-09-02T20:56:34.464+0000] {taskinstance.py:1280} INFO - Starting attempt 1 of 2
[2023-09-02T20:56:34.471+0000] {taskinstance.py:1281} INFO - 
--------------------------------------------------------------------------------
[2023-09-02T20:56:34.522+0000] {taskinstance.py:1300} INFO - Executing <Task(BashOperator): tsk3> on 2023-03-06 06:00:00+00:00
[2023-09-02T20:56:34.535+0000] {standard_task_runner.py:55} INFO - Started process 1555 to run task
[2023-09-02T20:56:34.545+0000] {standard_task_runner.py:82} INFO - Running: ['***', 'tasks', 'run', 'defaultargs', 'tsk3', 'scheduled__2023-03-06T06:00:00+00:00', '--job-id', '149', '--raw', '--subdir', 'DAGS_FOLDER/defaultargs.py', '--cfg-path', '/tmp/tmp44w4dt83']
[2023-09-02T20:56:34.546+0000] {standard_task_runner.py:83} INFO - Job 149: Subtask tsk3
[2023-09-02T20:56:34.892+0000] {task_command.py:388} INFO - Running <TaskInstance: defaultargs.tsk3 scheduled__2023-03-06T06:00:00+00:00 [running]> on host 3c3753b2e609
[2023-09-02T20:56:35.077+0000] {taskinstance.py:1509} INFO - Exporting the following env vars:
AIRFLOW_CTX_DAG_EMAIL=tiagolinhares051@gmail.com
AIRFLOW_CTX_DAG_OWNER=***
AIRFLOW_CTX_DAG_ID=defaultargs
AIRFLOW_CTX_TASK_ID=tsk3
AIRFLOW_CTX_EXECUTION_DATE=2023-03-06T06:00:00+00:00
AIRFLOW_CTX_TRY_NUMBER=1
AIRFLOW_CTX_DAG_RUN_ID=scheduled__2023-03-06T06:00:00+00:00
[2023-09-02T20:56:35.078+0000] {subprocess.py:63} INFO - Tmp dir root location: 
 /tmp
[2023-09-02T20:56:35.078+0000] {subprocess.py:75} INFO - Running command: ['/bin/bash', '-c', 'sleep 5']
[2023-09-02T20:56:35.095+0000] {subprocess.py:86} INFO - Output:
[2023-09-02T20:56:40.115+0000] {subprocess.py:97} INFO - Command exited with return code 0
[2023-09-02T20:56:40.281+0000] {taskinstance.py:1323} INFO - Marking task as SUCCESS. dag_id=defaultargs, task_id=tsk3, execution_date=20230306T060000, start_date=20230902T205634, end_date=20230902T205640
[2023-09-02T20:56:40.404+0000] {local_task_job.py:208} INFO - Task exited with return code 0
[2023-09-02T20:56:40.523+0000] {taskinstance.py:2578} INFO - 0 downstream tasks scheduled from follow-on schedule check
