[2023-08-28T14:50:47.820+0000] {processor.py:153} INFO - Started process (PID=988) to work on /opt/airflow/dags/quintadag.py
[2023-08-28T14:50:47.821+0000] {processor.py:743} INFO - Processing file /opt/airflow/dags/quintadag.py for tasks to queue
[2023-08-28T14:50:47.822+0000] {logging_mixin.py:137} INFO - [2023-08-28T14:50:47.822+0000] {dagbag.py:538} INFO - Filling up the DagBag from /opt/airflow/dags/quintadag.py
[2023-08-28T14:50:47.840+0000] {processor.py:753} INFO - DAG(s) dict_keys(['quintadag']) retrieved from /opt/airflow/dags/quintadag.py
[2023-08-28T14:50:48.007+0000] {logging_mixin.py:137} INFO - [2023-08-28T14:50:48.006+0000] {manager.py:504} INFO - Created Permission View: can read on DAG:quintadag
[2023-08-28T14:50:48.017+0000] {logging_mixin.py:137} INFO - [2023-08-28T14:50:48.016+0000] {manager.py:504} INFO - Created Permission View: can delete on DAG:quintadag
[2023-08-28T14:50:48.025+0000] {logging_mixin.py:137} INFO - [2023-08-28T14:50:48.025+0000] {manager.py:504} INFO - Created Permission View: can edit on DAG:quintadag
[2023-08-28T14:50:48.026+0000] {logging_mixin.py:137} INFO - [2023-08-28T14:50:48.025+0000] {dag.py:2690} INFO - Sync 1 DAGs
[2023-08-28T14:50:48.037+0000] {logging_mixin.py:137} INFO - [2023-08-28T14:50:48.037+0000] {dag.py:2711} INFO - Creating ORM DAG for quintadag
[2023-08-28T14:50:48.046+0000] {logging_mixin.py:137} INFO - [2023-08-28T14:50:48.046+0000] {dag.py:3441} INFO - Setting next_dagrun for quintadag to None, run_after=None
[2023-08-28T14:50:48.064+0000] {processor.py:175} INFO - Processing /opt/airflow/dags/quintadag.py took 0.248 seconds
[2023-08-28T14:50:53.159+0000] {processor.py:153} INFO - Started process (PID=1003) to work on /opt/airflow/dags/quintadag.py
[2023-08-28T14:50:53.161+0000] {processor.py:743} INFO - Processing file /opt/airflow/dags/quintadag.py for tasks to queue
[2023-08-28T14:50:53.162+0000] {logging_mixin.py:137} INFO - [2023-08-28T14:50:53.162+0000] {dagbag.py:538} INFO - Filling up the DagBag from /opt/airflow/dags/quintadag.py
[2023-08-28T14:50:53.186+0000] {processor.py:753} INFO - DAG(s) dict_keys(['quintadag']) retrieved from /opt/airflow/dags/quintadag.py
[2023-08-28T14:50:53.207+0000] {logging_mixin.py:137} INFO - [2023-08-28T14:50:53.207+0000] {dag.py:2690} INFO - Sync 1 DAGs
[2023-08-28T14:50:53.264+0000] {logging_mixin.py:137} INFO - [2023-08-28T14:50:53.264+0000] {dag.py:3441} INFO - Setting next_dagrun for quintadag to None, run_after=None
[2023-08-28T14:50:53.298+0000] {processor.py:175} INFO - Processing /opt/airflow/dags/quintadag.py took 0.144 seconds
[2023-08-28T14:50:58.586+0000] {processor.py:153} INFO - Started process (PID=1012) to work on /opt/airflow/dags/quintadag.py
[2023-08-28T14:50:58.588+0000] {processor.py:743} INFO - Processing file /opt/airflow/dags/quintadag.py for tasks to queue
[2023-08-28T14:50:58.588+0000] {logging_mixin.py:137} INFO - [2023-08-28T14:50:58.588+0000] {dagbag.py:538} INFO - Filling up the DagBag from /opt/airflow/dags/quintadag.py
[2023-08-28T14:50:58.603+0000] {processor.py:753} INFO - DAG(s) dict_keys(['quintadag']) retrieved from /opt/airflow/dags/quintadag.py
[2023-08-28T14:50:58.617+0000] {logging_mixin.py:137} INFO - [2023-08-28T14:50:58.617+0000] {dag.py:2690} INFO - Sync 1 DAGs
[2023-08-28T14:50:58.648+0000] {logging_mixin.py:137} INFO - [2023-08-28T14:50:58.648+0000] {dag.py:3441} INFO - Setting next_dagrun for quintadag to None, run_after=None
[2023-08-28T14:50:58.668+0000] {processor.py:175} INFO - Processing /opt/airflow/dags/quintadag.py took 0.086 seconds
[2023-08-28T14:51:03.921+0000] {processor.py:153} INFO - Started process (PID=1018) to work on /opt/airflow/dags/quintadag.py
[2023-08-28T14:51:03.922+0000] {processor.py:743} INFO - Processing file /opt/airflow/dags/quintadag.py for tasks to queue
[2023-08-28T14:51:03.923+0000] {logging_mixin.py:137} INFO - [2023-08-28T14:51:03.923+0000] {dagbag.py:538} INFO - Filling up the DagBag from /opt/airflow/dags/quintadag.py
[2023-08-28T14:51:03.942+0000] {processor.py:753} INFO - DAG(s) dict_keys(['quintadag']) retrieved from /opt/airflow/dags/quintadag.py
[2023-08-28T14:51:03.957+0000] {logging_mixin.py:137} INFO - [2023-08-28T14:51:03.957+0000] {dag.py:2690} INFO - Sync 1 DAGs
[2023-08-28T14:51:03.979+0000] {logging_mixin.py:137} INFO - [2023-08-28T14:51:03.978+0000] {dag.py:3441} INFO - Setting next_dagrun for quintadag to None, run_after=None
[2023-08-28T14:51:03.999+0000] {processor.py:175} INFO - Processing /opt/airflow/dags/quintadag.py took 0.081 seconds
[2023-08-28T14:51:09.237+0000] {processor.py:153} INFO - Started process (PID=1036) to work on /opt/airflow/dags/quintadag.py
[2023-08-28T14:51:09.237+0000] {processor.py:743} INFO - Processing file /opt/airflow/dags/quintadag.py for tasks to queue
[2023-08-28T14:51:09.238+0000] {logging_mixin.py:137} INFO - [2023-08-28T14:51:09.238+0000] {dagbag.py:538} INFO - Filling up the DagBag from /opt/airflow/dags/quintadag.py
[2023-08-28T14:51:09.254+0000] {processor.py:753} INFO - DAG(s) dict_keys(['quintadag']) retrieved from /opt/airflow/dags/quintadag.py
[2023-08-28T14:51:09.267+0000] {logging_mixin.py:137} INFO - [2023-08-28T14:51:09.266+0000] {dag.py:2690} INFO - Sync 1 DAGs
[2023-08-28T14:51:09.289+0000] {logging_mixin.py:137} INFO - [2023-08-28T14:51:09.288+0000] {dag.py:3441} INFO - Setting next_dagrun for quintadag to None, run_after=None
[2023-08-28T14:51:09.312+0000] {processor.py:175} INFO - Processing /opt/airflow/dags/quintadag.py took 0.080 seconds
[2023-08-28T14:51:14.555+0000] {processor.py:153} INFO - Started process (PID=1042) to work on /opt/airflow/dags/quintadag.py
[2023-08-28T14:51:14.556+0000] {processor.py:743} INFO - Processing file /opt/airflow/dags/quintadag.py for tasks to queue
[2023-08-28T14:51:14.557+0000] {logging_mixin.py:137} INFO - [2023-08-28T14:51:14.557+0000] {dagbag.py:538} INFO - Filling up the DagBag from /opt/airflow/dags/quintadag.py
[2023-08-28T14:51:14.572+0000] {processor.py:753} INFO - DAG(s) dict_keys(['quintadag']) retrieved from /opt/airflow/dags/quintadag.py
[2023-08-28T14:51:14.585+0000] {logging_mixin.py:137} INFO - [2023-08-28T14:51:14.585+0000] {dag.py:2690} INFO - Sync 1 DAGs
[2023-08-28T14:51:14.606+0000] {logging_mixin.py:137} INFO - [2023-08-28T14:51:14.606+0000] {dag.py:3441} INFO - Setting next_dagrun for quintadag to None, run_after=None
[2023-08-28T14:51:14.628+0000] {processor.py:175} INFO - Processing /opt/airflow/dags/quintadag.py took 0.077 seconds
[2023-08-28T14:51:19.873+0000] {processor.py:153} INFO - Started process (PID=1060) to work on /opt/airflow/dags/quintadag.py
[2023-08-28T14:51:19.874+0000] {processor.py:743} INFO - Processing file /opt/airflow/dags/quintadag.py for tasks to queue
[2023-08-28T14:51:19.875+0000] {logging_mixin.py:137} INFO - [2023-08-28T14:51:19.875+0000] {dagbag.py:538} INFO - Filling up the DagBag from /opt/airflow/dags/quintadag.py
[2023-08-28T14:51:19.891+0000] {processor.py:753} INFO - DAG(s) dict_keys(['quintadag']) retrieved from /opt/airflow/dags/quintadag.py
[2023-08-28T14:51:19.926+0000] {logging_mixin.py:137} INFO - [2023-08-28T14:51:19.926+0000] {dag.py:2690} INFO - Sync 1 DAGs
[2023-08-28T14:51:19.958+0000] {logging_mixin.py:137} INFO - [2023-08-28T14:51:19.957+0000] {dag.py:3441} INFO - Setting next_dagrun for quintadag to None, run_after=None
[2023-08-28T14:51:19.977+0000] {processor.py:175} INFO - Processing /opt/airflow/dags/quintadag.py took 0.107 seconds
[2023-08-28T14:51:25.231+0000] {processor.py:153} INFO - Started process (PID=1066) to work on /opt/airflow/dags/quintadag.py
[2023-08-28T14:51:25.232+0000] {processor.py:743} INFO - Processing file /opt/airflow/dags/quintadag.py for tasks to queue
[2023-08-28T14:51:25.233+0000] {logging_mixin.py:137} INFO - [2023-08-28T14:51:25.232+0000] {dagbag.py:538} INFO - Filling up the DagBag from /opt/airflow/dags/quintadag.py
[2023-08-28T14:51:25.247+0000] {processor.py:753} INFO - DAG(s) dict_keys(['quintadag']) retrieved from /opt/airflow/dags/quintadag.py
[2023-08-28T14:51:25.270+0000] {logging_mixin.py:137} INFO - [2023-08-28T14:51:25.270+0000] {dag.py:2690} INFO - Sync 1 DAGs
[2023-08-28T14:51:25.291+0000] {logging_mixin.py:137} INFO - [2023-08-28T14:51:25.291+0000] {dag.py:3441} INFO - Setting next_dagrun for quintadag to None, run_after=None
[2023-08-28T14:51:25.313+0000] {processor.py:175} INFO - Processing /opt/airflow/dags/quintadag.py took 0.086 seconds
[2023-08-28T14:51:30.548+0000] {processor.py:153} INFO - Started process (PID=1084) to work on /opt/airflow/dags/quintadag.py
[2023-08-28T14:51:30.549+0000] {processor.py:743} INFO - Processing file /opt/airflow/dags/quintadag.py for tasks to queue
[2023-08-28T14:51:30.551+0000] {logging_mixin.py:137} INFO - [2023-08-28T14:51:30.550+0000] {dagbag.py:538} INFO - Filling up the DagBag from /opt/airflow/dags/quintadag.py
[2023-08-28T14:51:30.571+0000] {processor.py:753} INFO - DAG(s) dict_keys(['quintadag']) retrieved from /opt/airflow/dags/quintadag.py
[2023-08-28T14:51:30.596+0000] {logging_mixin.py:137} INFO - [2023-08-28T14:51:30.596+0000] {dag.py:2690} INFO - Sync 1 DAGs
[2023-08-28T14:51:30.619+0000] {logging_mixin.py:137} INFO - [2023-08-28T14:51:30.619+0000] {dag.py:3441} INFO - Setting next_dagrun for quintadag to None, run_after=None
[2023-08-28T14:51:30.643+0000] {processor.py:175} INFO - Processing /opt/airflow/dags/quintadag.py took 0.098 seconds
[2023-08-28T14:51:35.944+0000] {processor.py:153} INFO - Started process (PID=1090) to work on /opt/airflow/dags/quintadag.py
[2023-08-28T14:51:35.945+0000] {processor.py:743} INFO - Processing file /opt/airflow/dags/quintadag.py for tasks to queue
[2023-08-28T14:51:35.946+0000] {logging_mixin.py:137} INFO - [2023-08-28T14:51:35.946+0000] {dagbag.py:538} INFO - Filling up the DagBag from /opt/airflow/dags/quintadag.py
[2023-08-28T14:51:35.963+0000] {processor.py:753} INFO - DAG(s) dict_keys(['quintadag']) retrieved from /opt/airflow/dags/quintadag.py
[2023-08-28T14:51:35.987+0000] {logging_mixin.py:137} INFO - [2023-08-28T14:51:35.986+0000] {dag.py:2690} INFO - Sync 1 DAGs
[2023-08-28T14:51:36.009+0000] {logging_mixin.py:137} INFO - [2023-08-28T14:51:36.008+0000] {dag.py:3441} INFO - Setting next_dagrun for quintadag to None, run_after=None
[2023-08-28T14:51:36.032+0000] {processor.py:175} INFO - Processing /opt/airflow/dags/quintadag.py took 0.091 seconds
[2023-08-28T14:51:41.304+0000] {processor.py:153} INFO - Started process (PID=1106) to work on /opt/airflow/dags/quintadag.py
[2023-08-28T14:51:41.305+0000] {processor.py:743} INFO - Processing file /opt/airflow/dags/quintadag.py for tasks to queue
[2023-08-28T14:51:41.307+0000] {logging_mixin.py:137} INFO - [2023-08-28T14:51:41.307+0000] {dagbag.py:538} INFO - Filling up the DagBag from /opt/airflow/dags/quintadag.py
[2023-08-28T14:51:41.325+0000] {processor.py:753} INFO - DAG(s) dict_keys(['quintadag']) retrieved from /opt/airflow/dags/quintadag.py
[2023-08-28T14:51:41.350+0000] {logging_mixin.py:137} INFO - [2023-08-28T14:51:41.350+0000] {dag.py:2690} INFO - Sync 1 DAGs
[2023-08-28T14:51:41.375+0000] {logging_mixin.py:137} INFO - [2023-08-28T14:51:41.375+0000] {dag.py:3441} INFO - Setting next_dagrun for quintadag to None, run_after=None
[2023-08-28T14:51:41.401+0000] {processor.py:175} INFO - Processing /opt/airflow/dags/quintadag.py took 0.101 seconds
[2023-08-28T14:51:46.685+0000] {processor.py:153} INFO - Started process (PID=1115) to work on /opt/airflow/dags/quintadag.py
[2023-08-28T14:51:46.686+0000] {processor.py:743} INFO - Processing file /opt/airflow/dags/quintadag.py for tasks to queue
[2023-08-28T14:51:46.686+0000] {logging_mixin.py:137} INFO - [2023-08-28T14:51:46.686+0000] {dagbag.py:538} INFO - Filling up the DagBag from /opt/airflow/dags/quintadag.py
[2023-08-28T14:51:46.708+0000] {processor.py:753} INFO - DAG(s) dict_keys(['quintadag']) retrieved from /opt/airflow/dags/quintadag.py
[2023-08-28T14:51:46.735+0000] {logging_mixin.py:137} INFO - [2023-08-28T14:51:46.735+0000] {dag.py:2690} INFO - Sync 1 DAGs
[2023-08-28T14:51:46.760+0000] {logging_mixin.py:137} INFO - [2023-08-28T14:51:46.759+0000] {dag.py:3441} INFO - Setting next_dagrun for quintadag to None, run_after=None
[2023-08-28T14:51:46.785+0000] {processor.py:175} INFO - Processing /opt/airflow/dags/quintadag.py took 0.104 seconds
[2023-08-28T14:51:52.023+0000] {processor.py:153} INFO - Started process (PID=1121) to work on /opt/airflow/dags/quintadag.py
[2023-08-28T14:51:52.024+0000] {processor.py:743} INFO - Processing file /opt/airflow/dags/quintadag.py for tasks to queue
[2023-08-28T14:51:52.025+0000] {logging_mixin.py:137} INFO - [2023-08-28T14:51:52.025+0000] {dagbag.py:538} INFO - Filling up the DagBag from /opt/airflow/dags/quintadag.py
[2023-08-28T14:51:52.042+0000] {processor.py:753} INFO - DAG(s) dict_keys(['quintadag']) retrieved from /opt/airflow/dags/quintadag.py
[2023-08-28T14:51:52.066+0000] {logging_mixin.py:137} INFO - [2023-08-28T14:51:52.066+0000] {dag.py:2690} INFO - Sync 1 DAGs
[2023-08-28T14:51:52.094+0000] {logging_mixin.py:137} INFO - [2023-08-28T14:51:52.094+0000] {dag.py:3441} INFO - Setting next_dagrun for quintadag to None, run_after=None
[2023-08-28T14:51:52.118+0000] {processor.py:175} INFO - Processing /opt/airflow/dags/quintadag.py took 0.099 seconds
[2023-08-28T14:51:57.444+0000] {processor.py:153} INFO - Started process (PID=1139) to work on /opt/airflow/dags/quintadag.py
[2023-08-28T14:51:57.446+0000] {processor.py:743} INFO - Processing file /opt/airflow/dags/quintadag.py for tasks to queue
[2023-08-28T14:51:57.447+0000] {logging_mixin.py:137} INFO - [2023-08-28T14:51:57.447+0000] {dagbag.py:538} INFO - Filling up the DagBag from /opt/airflow/dags/quintadag.py
[2023-08-28T14:51:57.463+0000] {processor.py:753} INFO - DAG(s) dict_keys(['quintadag']) retrieved from /opt/airflow/dags/quintadag.py
[2023-08-28T14:51:57.490+0000] {logging_mixin.py:137} INFO - [2023-08-28T14:51:57.489+0000] {dag.py:2690} INFO - Sync 1 DAGs
[2023-08-28T14:51:57.516+0000] {logging_mixin.py:137} INFO - [2023-08-28T14:51:57.516+0000] {dag.py:3441} INFO - Setting next_dagrun for quintadag to None, run_after=None
[2023-08-28T14:51:57.540+0000] {processor.py:175} INFO - Processing /opt/airflow/dags/quintadag.py took 0.100 seconds
[2023-08-28T14:52:02.710+0000] {processor.py:153} INFO - Started process (PID=1145) to work on /opt/airflow/dags/quintadag.py
[2023-08-28T14:52:02.711+0000] {processor.py:743} INFO - Processing file /opt/airflow/dags/quintadag.py for tasks to queue
[2023-08-28T14:52:02.712+0000] {logging_mixin.py:137} INFO - [2023-08-28T14:52:02.712+0000] {dagbag.py:538} INFO - Filling up the DagBag from /opt/airflow/dags/quintadag.py
[2023-08-28T14:52:02.728+0000] {processor.py:753} INFO - DAG(s) dict_keys(['quintadag']) retrieved from /opt/airflow/dags/quintadag.py
[2023-08-28T14:52:02.751+0000] {logging_mixin.py:137} INFO - [2023-08-28T14:52:02.751+0000] {dag.py:2690} INFO - Sync 1 DAGs
[2023-08-28T14:52:02.774+0000] {logging_mixin.py:137} INFO - [2023-08-28T14:52:02.774+0000] {dag.py:3441} INFO - Setting next_dagrun for quintadag to None, run_after=None
[2023-08-28T14:52:02.798+0000] {processor.py:175} INFO - Processing /opt/airflow/dags/quintadag.py took 0.091 seconds
[2023-08-28T14:53:19.950+0000] {processor.py:153} INFO - Started process (PID=33) to work on /opt/airflow/dags/quintadag.py
[2023-08-28T14:53:19.952+0000] {processor.py:743} INFO - Processing file /opt/airflow/dags/quintadag.py for tasks to queue
[2023-08-28T14:53:19.954+0000] {logging_mixin.py:137} INFO - [2023-08-28T14:53:19.953+0000] {dagbag.py:538} INFO - Filling up the DagBag from /opt/airflow/dags/quintadag.py
[2023-08-28T14:53:20.007+0000] {processor.py:753} INFO - DAG(s) dict_keys(['quintadag']) retrieved from /opt/airflow/dags/quintadag.py
[2023-08-28T14:53:20.086+0000] {logging_mixin.py:137} INFO - [2023-08-28T14:53:20.086+0000] {dag.py:2690} INFO - Sync 1 DAGs
[2023-08-28T14:53:20.110+0000] {logging_mixin.py:137} INFO - [2023-08-28T14:53:20.110+0000] {dag.py:3441} INFO - Setting next_dagrun for quintadag to None, run_after=None
[2023-08-28T14:53:20.135+0000] {processor.py:175} INFO - Processing /opt/airflow/dags/quintadag.py took 0.194 seconds
[2023-08-28T14:53:25.668+0000] {processor.py:153} INFO - Started process (PID=50) to work on /opt/airflow/dags/quintadag.py
[2023-08-28T14:53:25.669+0000] {processor.py:743} INFO - Processing file /opt/airflow/dags/quintadag.py for tasks to queue
[2023-08-28T14:53:25.670+0000] {logging_mixin.py:137} INFO - [2023-08-28T14:53:25.670+0000] {dagbag.py:538} INFO - Filling up the DagBag from /opt/airflow/dags/quintadag.py
[2023-08-28T14:53:25.685+0000] {processor.py:753} INFO - DAG(s) dict_keys(['quintadag']) retrieved from /opt/airflow/dags/quintadag.py
[2023-08-28T14:53:25.700+0000] {logging_mixin.py:137} INFO - [2023-08-28T14:53:25.699+0000] {dag.py:2690} INFO - Sync 1 DAGs
[2023-08-28T14:53:25.737+0000] {logging_mixin.py:137} INFO - [2023-08-28T14:53:25.737+0000] {dag.py:3441} INFO - Setting next_dagrun for quintadag to None, run_after=None
[2023-08-28T14:53:25.763+0000] {processor.py:175} INFO - Processing /opt/airflow/dags/quintadag.py took 0.098 seconds
[2023-08-28T14:53:31.026+0000] {processor.py:153} INFO - Started process (PID=56) to work on /opt/airflow/dags/quintadag.py
[2023-08-28T14:53:31.027+0000] {processor.py:743} INFO - Processing file /opt/airflow/dags/quintadag.py for tasks to queue
[2023-08-28T14:53:31.028+0000] {logging_mixin.py:137} INFO - [2023-08-28T14:53:31.027+0000] {dagbag.py:538} INFO - Filling up the DagBag from /opt/airflow/dags/quintadag.py
[2023-08-28T14:53:31.043+0000] {processor.py:753} INFO - DAG(s) dict_keys(['quintadag']) retrieved from /opt/airflow/dags/quintadag.py
[2023-08-28T14:53:31.055+0000] {logging_mixin.py:137} INFO - [2023-08-28T14:53:31.055+0000] {dag.py:2690} INFO - Sync 1 DAGs
[2023-08-28T14:53:31.080+0000] {logging_mixin.py:137} INFO - [2023-08-28T14:53:31.080+0000] {dag.py:3441} INFO - Setting next_dagrun for quintadag to None, run_after=None
[2023-08-28T14:53:31.163+0000] {processor.py:175} INFO - Processing /opt/airflow/dags/quintadag.py took 0.141 seconds
[2023-08-28T14:53:36.558+0000] {processor.py:153} INFO - Started process (PID=75) to work on /opt/airflow/dags/quintadag.py
[2023-08-28T14:53:36.559+0000] {processor.py:743} INFO - Processing file /opt/airflow/dags/quintadag.py for tasks to queue
[2023-08-28T14:53:36.560+0000] {logging_mixin.py:137} INFO - [2023-08-28T14:53:36.560+0000] {dagbag.py:538} INFO - Filling up the DagBag from /opt/airflow/dags/quintadag.py
[2023-08-28T14:53:36.581+0000] {processor.py:753} INFO - DAG(s) dict_keys(['quintadag']) retrieved from /opt/airflow/dags/quintadag.py
[2023-08-28T14:53:36.596+0000] {logging_mixin.py:137} INFO - [2023-08-28T14:53:36.596+0000] {dag.py:2690} INFO - Sync 1 DAGs
[2023-08-28T14:53:36.631+0000] {logging_mixin.py:137} INFO - [2023-08-28T14:53:36.631+0000] {dag.py:3441} INFO - Setting next_dagrun for quintadag to None, run_after=None
[2023-08-28T14:53:36.651+0000] {processor.py:175} INFO - Processing /opt/airflow/dags/quintadag.py took 0.097 seconds
[2023-08-28T14:53:41.910+0000] {processor.py:153} INFO - Started process (PID=81) to work on /opt/airflow/dags/quintadag.py
[2023-08-28T14:53:41.911+0000] {processor.py:743} INFO - Processing file /opt/airflow/dags/quintadag.py for tasks to queue
[2023-08-28T14:53:41.912+0000] {logging_mixin.py:137} INFO - [2023-08-28T14:53:41.912+0000] {dagbag.py:538} INFO - Filling up the DagBag from /opt/airflow/dags/quintadag.py
[2023-08-28T14:53:41.927+0000] {processor.py:753} INFO - DAG(s) dict_keys(['quintadag']) retrieved from /opt/airflow/dags/quintadag.py
[2023-08-28T14:53:41.941+0000] {logging_mixin.py:137} INFO - [2023-08-28T14:53:41.941+0000] {dag.py:2690} INFO - Sync 1 DAGs
[2023-08-28T14:53:41.969+0000] {logging_mixin.py:137} INFO - [2023-08-28T14:53:41.969+0000] {dag.py:3441} INFO - Setting next_dagrun for quintadag to None, run_after=None
[2023-08-28T14:53:41.994+0000] {processor.py:175} INFO - Processing /opt/airflow/dags/quintadag.py took 0.088 seconds
[2023-08-28T14:53:47.252+0000] {processor.py:153} INFO - Started process (PID=99) to work on /opt/airflow/dags/quintadag.py
[2023-08-28T14:53:47.254+0000] {processor.py:743} INFO - Processing file /opt/airflow/dags/quintadag.py for tasks to queue
[2023-08-28T14:53:47.255+0000] {logging_mixin.py:137} INFO - [2023-08-28T14:53:47.255+0000] {dagbag.py:538} INFO - Filling up the DagBag from /opt/airflow/dags/quintadag.py
[2023-08-28T14:53:47.275+0000] {processor.py:753} INFO - DAG(s) dict_keys(['quintadag']) retrieved from /opt/airflow/dags/quintadag.py
[2023-08-28T14:53:47.292+0000] {logging_mixin.py:137} INFO - [2023-08-28T14:53:47.291+0000] {dag.py:2690} INFO - Sync 1 DAGs
[2023-08-28T14:53:47.319+0000] {logging_mixin.py:137} INFO - [2023-08-28T14:53:47.319+0000] {dag.py:3441} INFO - Setting next_dagrun for quintadag to None, run_after=None
[2023-08-28T14:53:47.347+0000] {processor.py:175} INFO - Processing /opt/airflow/dags/quintadag.py took 0.098 seconds
[2023-08-28T14:53:52.603+0000] {processor.py:153} INFO - Started process (PID=105) to work on /opt/airflow/dags/quintadag.py
[2023-08-28T14:53:52.604+0000] {processor.py:743} INFO - Processing file /opt/airflow/dags/quintadag.py for tasks to queue
[2023-08-28T14:53:52.604+0000] {logging_mixin.py:137} INFO - [2023-08-28T14:53:52.604+0000] {dagbag.py:538} INFO - Filling up the DagBag from /opt/airflow/dags/quintadag.py
[2023-08-28T14:53:52.620+0000] {processor.py:753} INFO - DAG(s) dict_keys(['quintadag']) retrieved from /opt/airflow/dags/quintadag.py
[2023-08-28T14:53:52.643+0000] {logging_mixin.py:137} INFO - [2023-08-28T14:53:52.643+0000] {dag.py:2690} INFO - Sync 1 DAGs
[2023-08-28T14:53:52.665+0000] {logging_mixin.py:137} INFO - [2023-08-28T14:53:52.665+0000] {dag.py:3441} INFO - Setting next_dagrun for quintadag to None, run_after=None
[2023-08-28T14:53:52.688+0000] {processor.py:175} INFO - Processing /opt/airflow/dags/quintadag.py took 0.088 seconds
[2023-08-28T14:53:57.950+0000] {processor.py:153} INFO - Started process (PID=120) to work on /opt/airflow/dags/quintadag.py
[2023-08-28T14:53:57.952+0000] {processor.py:743} INFO - Processing file /opt/airflow/dags/quintadag.py for tasks to queue
[2023-08-28T14:53:57.954+0000] {logging_mixin.py:137} INFO - [2023-08-28T14:53:57.954+0000] {dagbag.py:538} INFO - Filling up the DagBag from /opt/airflow/dags/quintadag.py
[2023-08-28T14:53:57.977+0000] {processor.py:753} INFO - DAG(s) dict_keys(['quintadag']) retrieved from /opt/airflow/dags/quintadag.py
[2023-08-28T14:53:58.010+0000] {logging_mixin.py:137} INFO - [2023-08-28T14:53:58.010+0000] {dag.py:2690} INFO - Sync 1 DAGs
[2023-08-28T14:53:58.073+0000] {logging_mixin.py:137} INFO - [2023-08-28T14:53:58.073+0000] {dag.py:3441} INFO - Setting next_dagrun for quintadag to None, run_after=None
[2023-08-28T14:53:58.105+0000] {processor.py:175} INFO - Processing /opt/airflow/dags/quintadag.py took 0.160 seconds
[2023-08-28T14:54:03.477+0000] {processor.py:153} INFO - Started process (PID=129) to work on /opt/airflow/dags/quintadag.py
[2023-08-28T14:54:03.479+0000] {processor.py:743} INFO - Processing file /opt/airflow/dags/quintadag.py for tasks to queue
[2023-08-28T14:54:03.481+0000] {logging_mixin.py:137} INFO - [2023-08-28T14:54:03.480+0000] {dagbag.py:538} INFO - Filling up the DagBag from /opt/airflow/dags/quintadag.py
[2023-08-28T14:54:03.496+0000] {processor.py:753} INFO - DAG(s) dict_keys(['quintadag']) retrieved from /opt/airflow/dags/quintadag.py
[2023-08-28T14:54:03.523+0000] {logging_mixin.py:137} INFO - [2023-08-28T14:54:03.523+0000] {dag.py:2690} INFO - Sync 1 DAGs
[2023-08-28T14:54:03.549+0000] {logging_mixin.py:137} INFO - [2023-08-28T14:54:03.549+0000] {dag.py:3441} INFO - Setting next_dagrun for quintadag to None, run_after=None
[2023-08-28T14:54:03.578+0000] {processor.py:175} INFO - Processing /opt/airflow/dags/quintadag.py took 0.106 seconds
[2023-08-28T14:54:08.869+0000] {processor.py:153} INFO - Started process (PID=135) to work on /opt/airflow/dags/quintadag.py
[2023-08-28T14:54:08.870+0000] {processor.py:743} INFO - Processing file /opt/airflow/dags/quintadag.py for tasks to queue
[2023-08-28T14:54:08.872+0000] {logging_mixin.py:137} INFO - [2023-08-28T14:54:08.871+0000] {dagbag.py:538} INFO - Filling up the DagBag from /opt/airflow/dags/quintadag.py
[2023-08-28T14:54:08.889+0000] {processor.py:753} INFO - DAG(s) dict_keys(['quintadag']) retrieved from /opt/airflow/dags/quintadag.py
[2023-08-28T14:54:08.915+0000] {logging_mixin.py:137} INFO - [2023-08-28T14:54:08.915+0000] {dag.py:2690} INFO - Sync 1 DAGs
[2023-08-28T14:54:08.945+0000] {logging_mixin.py:137} INFO - [2023-08-28T14:54:08.945+0000] {dag.py:3441} INFO - Setting next_dagrun for quintadag to None, run_after=None
[2023-08-28T14:54:08.964+0000] {processor.py:175} INFO - Processing /opt/airflow/dags/quintadag.py took 0.100 seconds
[2023-08-28T14:54:14.241+0000] {processor.py:153} INFO - Started process (PID=153) to work on /opt/airflow/dags/quintadag.py
[2023-08-28T14:54:14.242+0000] {processor.py:743} INFO - Processing file /opt/airflow/dags/quintadag.py for tasks to queue
[2023-08-28T14:54:14.243+0000] {logging_mixin.py:137} INFO - [2023-08-28T14:54:14.243+0000] {dagbag.py:538} INFO - Filling up the DagBag from /opt/airflow/dags/quintadag.py
[2023-08-28T14:54:14.258+0000] {processor.py:753} INFO - DAG(s) dict_keys(['quintadag']) retrieved from /opt/airflow/dags/quintadag.py
[2023-08-28T14:54:14.284+0000] {logging_mixin.py:137} INFO - [2023-08-28T14:54:14.284+0000] {dag.py:2690} INFO - Sync 1 DAGs
[2023-08-28T14:54:14.309+0000] {logging_mixin.py:137} INFO - [2023-08-28T14:54:14.309+0000] {dag.py:3441} INFO - Setting next_dagrun for quintadag to None, run_after=None
[2023-08-28T14:54:14.335+0000] {processor.py:175} INFO - Processing /opt/airflow/dags/quintadag.py took 0.097 seconds
[2023-08-28T14:54:19.606+0000] {processor.py:153} INFO - Started process (PID=159) to work on /opt/airflow/dags/quintadag.py
[2023-08-28T14:54:19.607+0000] {processor.py:743} INFO - Processing file /opt/airflow/dags/quintadag.py for tasks to queue
[2023-08-28T14:54:19.608+0000] {logging_mixin.py:137} INFO - [2023-08-28T14:54:19.607+0000] {dagbag.py:538} INFO - Filling up the DagBag from /opt/airflow/dags/quintadag.py
[2023-08-28T14:54:19.627+0000] {processor.py:753} INFO - DAG(s) dict_keys(['quintadag']) retrieved from /opt/airflow/dags/quintadag.py
[2023-08-28T14:54:19.652+0000] {logging_mixin.py:137} INFO - [2023-08-28T14:54:19.652+0000] {dag.py:2690} INFO - Sync 1 DAGs
[2023-08-28T14:54:19.677+0000] {logging_mixin.py:137} INFO - [2023-08-28T14:54:19.677+0000] {dag.py:3441} INFO - Setting next_dagrun for quintadag to None, run_after=None
[2023-08-28T14:54:19.696+0000] {processor.py:175} INFO - Processing /opt/airflow/dags/quintadag.py took 0.094 seconds
[2023-08-28T14:54:24.966+0000] {processor.py:153} INFO - Started process (PID=178) to work on /opt/airflow/dags/quintadag.py
[2023-08-28T14:54:24.967+0000] {processor.py:743} INFO - Processing file /opt/airflow/dags/quintadag.py for tasks to queue
[2023-08-28T14:54:24.968+0000] {logging_mixin.py:137} INFO - [2023-08-28T14:54:24.968+0000] {dagbag.py:538} INFO - Filling up the DagBag from /opt/airflow/dags/quintadag.py
[2023-08-28T14:54:24.982+0000] {processor.py:753} INFO - DAG(s) dict_keys(['quintadag']) retrieved from /opt/airflow/dags/quintadag.py
[2023-08-28T14:54:25.004+0000] {logging_mixin.py:137} INFO - [2023-08-28T14:54:25.004+0000] {dag.py:2690} INFO - Sync 1 DAGs
[2023-08-28T14:54:25.028+0000] {logging_mixin.py:137} INFO - [2023-08-28T14:54:25.028+0000] {dag.py:3441} INFO - Setting next_dagrun for quintadag to None, run_after=None
[2023-08-28T14:54:25.052+0000] {processor.py:175} INFO - Processing /opt/airflow/dags/quintadag.py took 0.089 seconds
[2023-08-28T14:54:30.310+0000] {processor.py:153} INFO - Started process (PID=184) to work on /opt/airflow/dags/quintadag.py
[2023-08-28T14:54:30.311+0000] {processor.py:743} INFO - Processing file /opt/airflow/dags/quintadag.py for tasks to queue
[2023-08-28T14:54:30.312+0000] {logging_mixin.py:137} INFO - [2023-08-28T14:54:30.312+0000] {dagbag.py:538} INFO - Filling up the DagBag from /opt/airflow/dags/quintadag.py
[2023-08-28T14:54:30.327+0000] {processor.py:753} INFO - DAG(s) dict_keys(['quintadag']) retrieved from /opt/airflow/dags/quintadag.py
[2023-08-28T14:54:30.350+0000] {logging_mixin.py:137} INFO - [2023-08-28T14:54:30.350+0000] {dag.py:2690} INFO - Sync 1 DAGs
[2023-08-28T14:54:30.375+0000] {logging_mixin.py:137} INFO - [2023-08-28T14:54:30.374+0000] {dag.py:3441} INFO - Setting next_dagrun for quintadag to None, run_after=None
[2023-08-28T14:54:30.398+0000] {processor.py:175} INFO - Processing /opt/airflow/dags/quintadag.py took 0.091 seconds
[2023-08-28T14:54:35.658+0000] {processor.py:153} INFO - Started process (PID=201) to work on /opt/airflow/dags/quintadag.py
[2023-08-28T14:54:35.659+0000] {processor.py:743} INFO - Processing file /opt/airflow/dags/quintadag.py for tasks to queue
[2023-08-28T14:54:35.660+0000] {logging_mixin.py:137} INFO - [2023-08-28T14:54:35.660+0000] {dagbag.py:538} INFO - Filling up the DagBag from /opt/airflow/dags/quintadag.py
[2023-08-28T14:54:35.679+0000] {processor.py:753} INFO - DAG(s) dict_keys(['quintadag']) retrieved from /opt/airflow/dags/quintadag.py
[2023-08-28T14:54:35.705+0000] {logging_mixin.py:137} INFO - [2023-08-28T14:54:35.705+0000] {dag.py:2690} INFO - Sync 1 DAGs
[2023-08-28T14:54:35.736+0000] {logging_mixin.py:137} INFO - [2023-08-28T14:54:35.735+0000] {dag.py:3441} INFO - Setting next_dagrun for quintadag to None, run_after=None
[2023-08-28T14:54:35.771+0000] {processor.py:175} INFO - Processing /opt/airflow/dags/quintadag.py took 0.117 seconds
[2023-08-28T14:54:41.074+0000] {processor.py:153} INFO - Started process (PID=207) to work on /opt/airflow/dags/quintadag.py
[2023-08-28T14:54:41.075+0000] {processor.py:743} INFO - Processing file /opt/airflow/dags/quintadag.py for tasks to queue
[2023-08-28T14:54:41.076+0000] {logging_mixin.py:137} INFO - [2023-08-28T14:54:41.076+0000] {dagbag.py:538} INFO - Filling up the DagBag from /opt/airflow/dags/quintadag.py
[2023-08-28T14:54:41.097+0000] {processor.py:753} INFO - DAG(s) dict_keys(['quintadag']) retrieved from /opt/airflow/dags/quintadag.py
[2023-08-28T14:54:41.128+0000] {logging_mixin.py:137} INFO - [2023-08-28T14:54:41.128+0000] {dag.py:2690} INFO - Sync 1 DAGs
[2023-08-28T14:54:41.158+0000] {logging_mixin.py:137} INFO - [2023-08-28T14:54:41.158+0000] {dag.py:3441} INFO - Setting next_dagrun for quintadag to None, run_after=None
[2023-08-28T14:54:41.181+0000] {processor.py:175} INFO - Processing /opt/airflow/dags/quintadag.py took 0.111 seconds
[2023-08-28T14:54:46.455+0000] {processor.py:153} INFO - Started process (PID=220) to work on /opt/airflow/dags/quintadag.py
[2023-08-28T14:54:46.465+0000] {processor.py:743} INFO - Processing file /opt/airflow/dags/quintadag.py for tasks to queue
[2023-08-28T14:54:46.467+0000] {logging_mixin.py:137} INFO - [2023-08-28T14:54:46.467+0000] {dagbag.py:538} INFO - Filling up the DagBag from /opt/airflow/dags/quintadag.py
[2023-08-28T14:54:46.505+0000] {processor.py:753} INFO - DAG(s) dict_keys(['quintadag']) retrieved from /opt/airflow/dags/quintadag.py
[2023-08-28T14:54:46.564+0000] {logging_mixin.py:137} INFO - [2023-08-28T14:54:46.564+0000] {dag.py:2690} INFO - Sync 1 DAGs
[2023-08-28T14:54:46.591+0000] {logging_mixin.py:137} INFO - [2023-08-28T14:54:46.590+0000] {dag.py:3441} INFO - Setting next_dagrun for quintadag to None, run_after=None
[2023-08-28T14:54:46.628+0000] {processor.py:175} INFO - Processing /opt/airflow/dags/quintadag.py took 0.177 seconds
[2023-08-28T14:54:52.032+0000] {processor.py:153} INFO - Started process (PID=231) to work on /opt/airflow/dags/quintadag.py
[2023-08-28T14:54:52.033+0000] {processor.py:743} INFO - Processing file /opt/airflow/dags/quintadag.py for tasks to queue
[2023-08-28T14:54:52.034+0000] {logging_mixin.py:137} INFO - [2023-08-28T14:54:52.034+0000] {dagbag.py:538} INFO - Filling up the DagBag from /opt/airflow/dags/quintadag.py
[2023-08-28T14:54:52.052+0000] {processor.py:753} INFO - DAG(s) dict_keys(['quintadag']) retrieved from /opt/airflow/dags/quintadag.py
[2023-08-28T14:54:52.079+0000] {logging_mixin.py:137} INFO - [2023-08-28T14:54:52.078+0000] {dag.py:2690} INFO - Sync 1 DAGs
[2023-08-28T14:54:52.105+0000] {logging_mixin.py:137} INFO - [2023-08-28T14:54:52.105+0000] {dag.py:3441} INFO - Setting next_dagrun for quintadag to None, run_after=None
[2023-08-28T14:54:52.132+0000] {processor.py:175} INFO - Processing /opt/airflow/dags/quintadag.py took 0.105 seconds
[2023-08-28T14:54:57.412+0000] {processor.py:153} INFO - Started process (PID=237) to work on /opt/airflow/dags/quintadag.py
[2023-08-28T14:54:57.413+0000] {processor.py:743} INFO - Processing file /opt/airflow/dags/quintadag.py for tasks to queue
[2023-08-28T14:54:57.414+0000] {logging_mixin.py:137} INFO - [2023-08-28T14:54:57.414+0000] {dagbag.py:538} INFO - Filling up the DagBag from /opt/airflow/dags/quintadag.py
[2023-08-28T14:54:57.431+0000] {processor.py:753} INFO - DAG(s) dict_keys(['quintadag']) retrieved from /opt/airflow/dags/quintadag.py
[2023-08-28T14:54:57.458+0000] {logging_mixin.py:137} INFO - [2023-08-28T14:54:57.458+0000] {dag.py:2690} INFO - Sync 1 DAGs
[2023-08-28T14:54:57.488+0000] {logging_mixin.py:137} INFO - [2023-08-28T14:54:57.487+0000] {dag.py:3441} INFO - Setting next_dagrun for quintadag to None, run_after=None
[2023-08-28T14:54:57.513+0000] {processor.py:175} INFO - Processing /opt/airflow/dags/quintadag.py took 0.105 seconds
[2023-08-28T14:55:02.852+0000] {processor.py:153} INFO - Started process (PID=256) to work on /opt/airflow/dags/quintadag.py
[2023-08-28T14:55:02.853+0000] {processor.py:743} INFO - Processing file /opt/airflow/dags/quintadag.py for tasks to queue
[2023-08-28T14:55:02.855+0000] {logging_mixin.py:137} INFO - [2023-08-28T14:55:02.854+0000] {dagbag.py:538} INFO - Filling up the DagBag from /opt/airflow/dags/quintadag.py
[2023-08-28T14:55:02.870+0000] {processor.py:753} INFO - DAG(s) dict_keys(['quintadag']) retrieved from /opt/airflow/dags/quintadag.py
[2023-08-28T14:55:02.895+0000] {logging_mixin.py:137} INFO - [2023-08-28T14:55:02.895+0000] {dag.py:2690} INFO - Sync 1 DAGs
[2023-08-28T14:55:02.922+0000] {logging_mixin.py:137} INFO - [2023-08-28T14:55:02.922+0000] {dag.py:3441} INFO - Setting next_dagrun for quintadag to None, run_after=None
[2023-08-28T14:55:02.946+0000] {processor.py:175} INFO - Processing /opt/airflow/dags/quintadag.py took 0.098 seconds
[2023-08-28T14:55:08.227+0000] {processor.py:153} INFO - Started process (PID=262) to work on /opt/airflow/dags/quintadag.py
[2023-08-28T14:55:08.228+0000] {processor.py:743} INFO - Processing file /opt/airflow/dags/quintadag.py for tasks to queue
[2023-08-28T14:55:08.230+0000] {logging_mixin.py:137} INFO - [2023-08-28T14:55:08.229+0000] {dagbag.py:538} INFO - Filling up the DagBag from /opt/airflow/dags/quintadag.py
[2023-08-28T14:55:08.246+0000] {processor.py:753} INFO - DAG(s) dict_keys(['quintadag']) retrieved from /opt/airflow/dags/quintadag.py
[2023-08-28T14:55:08.274+0000] {logging_mixin.py:137} INFO - [2023-08-28T14:55:08.274+0000] {dag.py:2690} INFO - Sync 1 DAGs
[2023-08-28T14:55:08.308+0000] {logging_mixin.py:137} INFO - [2023-08-28T14:55:08.308+0000] {dag.py:3441} INFO - Setting next_dagrun for quintadag to None, run_after=None
[2023-08-28T14:55:08.333+0000] {processor.py:175} INFO - Processing /opt/airflow/dags/quintadag.py took 0.109 seconds
[2023-08-28T14:55:13.607+0000] {processor.py:153} INFO - Started process (PID=280) to work on /opt/airflow/dags/quintadag.py
[2023-08-28T14:55:13.608+0000] {processor.py:743} INFO - Processing file /opt/airflow/dags/quintadag.py for tasks to queue
[2023-08-28T14:55:13.609+0000] {logging_mixin.py:137} INFO - [2023-08-28T14:55:13.608+0000] {dagbag.py:538} INFO - Filling up the DagBag from /opt/airflow/dags/quintadag.py
[2023-08-28T14:55:13.624+0000] {processor.py:753} INFO - DAG(s) dict_keys(['quintadag']) retrieved from /opt/airflow/dags/quintadag.py
[2023-08-28T14:55:13.649+0000] {logging_mixin.py:137} INFO - [2023-08-28T14:55:13.649+0000] {dag.py:2690} INFO - Sync 1 DAGs
[2023-08-28T14:55:13.675+0000] {logging_mixin.py:137} INFO - [2023-08-28T14:55:13.675+0000] {dag.py:3441} INFO - Setting next_dagrun for quintadag to None, run_after=None
[2023-08-28T14:55:13.699+0000] {processor.py:175} INFO - Processing /opt/airflow/dags/quintadag.py took 0.095 seconds
[2023-08-28T14:55:18.982+0000] {processor.py:153} INFO - Started process (PID=286) to work on /opt/airflow/dags/quintadag.py
[2023-08-28T14:55:18.983+0000] {processor.py:743} INFO - Processing file /opt/airflow/dags/quintadag.py for tasks to queue
[2023-08-28T14:55:18.984+0000] {logging_mixin.py:137} INFO - [2023-08-28T14:55:18.983+0000] {dagbag.py:538} INFO - Filling up the DagBag from /opt/airflow/dags/quintadag.py
[2023-08-28T14:55:19.004+0000] {processor.py:753} INFO - DAG(s) dict_keys(['quintadag']) retrieved from /opt/airflow/dags/quintadag.py
[2023-08-28T14:55:19.034+0000] {logging_mixin.py:137} INFO - [2023-08-28T14:55:19.033+0000] {dag.py:2690} INFO - Sync 1 DAGs
[2023-08-28T14:55:19.060+0000] {logging_mixin.py:137} INFO - [2023-08-28T14:55:19.060+0000] {dag.py:3441} INFO - Setting next_dagrun for quintadag to None, run_after=None
[2023-08-28T14:55:19.083+0000] {processor.py:175} INFO - Processing /opt/airflow/dags/quintadag.py took 0.105 seconds
[2023-08-28T14:55:24.372+0000] {processor.py:153} INFO - Started process (PID=304) to work on /opt/airflow/dags/quintadag.py
[2023-08-28T14:55:24.373+0000] {processor.py:743} INFO - Processing file /opt/airflow/dags/quintadag.py for tasks to queue
[2023-08-28T14:55:24.374+0000] {logging_mixin.py:137} INFO - [2023-08-28T14:55:24.373+0000] {dagbag.py:538} INFO - Filling up the DagBag from /opt/airflow/dags/quintadag.py
[2023-08-28T14:55:24.394+0000] {processor.py:753} INFO - DAG(s) dict_keys(['quintadag']) retrieved from /opt/airflow/dags/quintadag.py
[2023-08-28T14:55:24.418+0000] {logging_mixin.py:137} INFO - [2023-08-28T14:55:24.418+0000] {dag.py:2690} INFO - Sync 1 DAGs
[2023-08-28T14:55:24.455+0000] {logging_mixin.py:137} INFO - [2023-08-28T14:55:24.455+0000] {dag.py:3441} INFO - Setting next_dagrun for quintadag to None, run_after=None
[2023-08-28T14:55:24.482+0000] {processor.py:175} INFO - Processing /opt/airflow/dags/quintadag.py took 0.115 seconds
[2023-08-28T14:55:29.779+0000] {processor.py:153} INFO - Started process (PID=310) to work on /opt/airflow/dags/quintadag.py
[2023-08-28T14:55:29.780+0000] {processor.py:743} INFO - Processing file /opt/airflow/dags/quintadag.py for tasks to queue
[2023-08-28T14:55:29.781+0000] {logging_mixin.py:137} INFO - [2023-08-28T14:55:29.781+0000] {dagbag.py:538} INFO - Filling up the DagBag from /opt/airflow/dags/quintadag.py
[2023-08-28T14:55:29.798+0000] {processor.py:753} INFO - DAG(s) dict_keys(['quintadag']) retrieved from /opt/airflow/dags/quintadag.py
[2023-08-28T14:55:29.826+0000] {logging_mixin.py:137} INFO - [2023-08-28T14:55:29.825+0000] {dag.py:2690} INFO - Sync 1 DAGs
[2023-08-28T14:55:29.854+0000] {logging_mixin.py:137} INFO - [2023-08-28T14:55:29.854+0000] {dag.py:3441} INFO - Setting next_dagrun for quintadag to None, run_after=None
[2023-08-28T14:55:29.877+0000] {processor.py:175} INFO - Processing /opt/airflow/dags/quintadag.py took 0.102 seconds
[2023-08-28T14:55:35.179+0000] {processor.py:153} INFO - Started process (PID=325) to work on /opt/airflow/dags/quintadag.py
[2023-08-28T14:55:35.180+0000] {processor.py:743} INFO - Processing file /opt/airflow/dags/quintadag.py for tasks to queue
[2023-08-28T14:55:35.185+0000] {logging_mixin.py:137} INFO - [2023-08-28T14:55:35.185+0000] {dagbag.py:538} INFO - Filling up the DagBag from /opt/airflow/dags/quintadag.py
[2023-08-28T14:55:35.214+0000] {processor.py:753} INFO - DAG(s) dict_keys(['quintadag']) retrieved from /opt/airflow/dags/quintadag.py
[2023-08-28T14:55:35.261+0000] {logging_mixin.py:137} INFO - [2023-08-28T14:55:35.261+0000] {dag.py:2690} INFO - Sync 1 DAGs
[2023-08-28T14:55:35.323+0000] {logging_mixin.py:137} INFO - [2023-08-28T14:55:35.322+0000] {dag.py:3441} INFO - Setting next_dagrun for quintadag to None, run_after=None
[2023-08-28T14:55:35.360+0000] {processor.py:175} INFO - Processing /opt/airflow/dags/quintadag.py took 0.185 seconds
[2023-08-28T14:55:40.772+0000] {processor.py:153} INFO - Started process (PID=334) to work on /opt/airflow/dags/quintadag.py
[2023-08-28T14:55:40.773+0000] {processor.py:743} INFO - Processing file /opt/airflow/dags/quintadag.py for tasks to queue
[2023-08-28T14:55:40.774+0000] {logging_mixin.py:137} INFO - [2023-08-28T14:55:40.774+0000] {dagbag.py:538} INFO - Filling up the DagBag from /opt/airflow/dags/quintadag.py
[2023-08-28T14:55:40.793+0000] {processor.py:753} INFO - DAG(s) dict_keys(['quintadag']) retrieved from /opt/airflow/dags/quintadag.py
[2023-08-28T14:55:40.818+0000] {logging_mixin.py:137} INFO - [2023-08-28T14:55:40.818+0000] {dag.py:2690} INFO - Sync 1 DAGs
[2023-08-28T14:55:40.845+0000] {logging_mixin.py:137} INFO - [2023-08-28T14:55:40.845+0000] {dag.py:3441} INFO - Setting next_dagrun for quintadag to None, run_after=None
[2023-08-28T14:55:40.870+0000] {processor.py:175} INFO - Processing /opt/airflow/dags/quintadag.py took 0.101 seconds
[2023-08-28T14:55:46.144+0000] {processor.py:153} INFO - Started process (PID=340) to work on /opt/airflow/dags/quintadag.py
[2023-08-28T14:55:46.145+0000] {processor.py:743} INFO - Processing file /opt/airflow/dags/quintadag.py for tasks to queue
[2023-08-28T14:55:46.147+0000] {logging_mixin.py:137} INFO - [2023-08-28T14:55:46.146+0000] {dagbag.py:538} INFO - Filling up the DagBag from /opt/airflow/dags/quintadag.py
[2023-08-28T14:55:46.164+0000] {processor.py:753} INFO - DAG(s) dict_keys(['quintadag']) retrieved from /opt/airflow/dags/quintadag.py
[2023-08-28T14:55:46.192+0000] {logging_mixin.py:137} INFO - [2023-08-28T14:55:46.192+0000] {dag.py:2690} INFO - Sync 1 DAGs
[2023-08-28T14:55:46.220+0000] {logging_mixin.py:137} INFO - [2023-08-28T14:55:46.220+0000] {dag.py:3441} INFO - Setting next_dagrun for quintadag to None, run_after=None
[2023-08-28T14:55:46.246+0000] {processor.py:175} INFO - Processing /opt/airflow/dags/quintadag.py took 0.107 seconds
[2023-08-28T14:55:51.546+0000] {processor.py:153} INFO - Started process (PID=358) to work on /opt/airflow/dags/quintadag.py
[2023-08-28T14:55:51.547+0000] {processor.py:743} INFO - Processing file /opt/airflow/dags/quintadag.py for tasks to queue
[2023-08-28T14:55:51.548+0000] {logging_mixin.py:137} INFO - [2023-08-28T14:55:51.548+0000] {dagbag.py:538} INFO - Filling up the DagBag from /opt/airflow/dags/quintadag.py
[2023-08-28T14:55:51.572+0000] {processor.py:753} INFO - DAG(s) dict_keys(['quintadag']) retrieved from /opt/airflow/dags/quintadag.py
[2023-08-28T14:55:51.612+0000] {logging_mixin.py:137} INFO - [2023-08-28T14:55:51.611+0000] {dag.py:2690} INFO - Sync 1 DAGs
[2023-08-28T14:55:51.652+0000] {logging_mixin.py:137} INFO - [2023-08-28T14:55:51.652+0000] {dag.py:3441} INFO - Setting next_dagrun for quintadag to None, run_after=None
[2023-08-28T14:55:51.677+0000] {processor.py:175} INFO - Processing /opt/airflow/dags/quintadag.py took 0.137 seconds
[2023-08-28T14:55:56.960+0000] {processor.py:153} INFO - Started process (PID=364) to work on /opt/airflow/dags/quintadag.py
[2023-08-28T14:55:56.961+0000] {processor.py:743} INFO - Processing file /opt/airflow/dags/quintadag.py for tasks to queue
[2023-08-28T14:55:56.962+0000] {logging_mixin.py:137} INFO - [2023-08-28T14:55:56.962+0000] {dagbag.py:538} INFO - Filling up the DagBag from /opt/airflow/dags/quintadag.py
[2023-08-28T14:55:56.982+0000] {processor.py:753} INFO - DAG(s) dict_keys(['quintadag']) retrieved from /opt/airflow/dags/quintadag.py
[2023-08-28T14:55:57.010+0000] {logging_mixin.py:137} INFO - [2023-08-28T14:55:57.009+0000] {dag.py:2690} INFO - Sync 1 DAGs
[2023-08-28T14:55:57.035+0000] {logging_mixin.py:137} INFO - [2023-08-28T14:55:57.034+0000] {dag.py:3441} INFO - Setting next_dagrun for quintadag to None, run_after=None
[2023-08-28T14:55:57.055+0000] {processor.py:175} INFO - Processing /opt/airflow/dags/quintadag.py took 0.099 seconds
[2023-08-28T14:56:02.333+0000] {processor.py:153} INFO - Started process (PID=382) to work on /opt/airflow/dags/quintadag.py
[2023-08-28T14:56:02.334+0000] {processor.py:743} INFO - Processing file /opt/airflow/dags/quintadag.py for tasks to queue
[2023-08-28T14:56:02.335+0000] {logging_mixin.py:137} INFO - [2023-08-28T14:56:02.335+0000] {dagbag.py:538} INFO - Filling up the DagBag from /opt/airflow/dags/quintadag.py
[2023-08-28T14:56:02.351+0000] {processor.py:753} INFO - DAG(s) dict_keys(['quintadag']) retrieved from /opt/airflow/dags/quintadag.py
[2023-08-28T14:56:02.379+0000] {logging_mixin.py:137} INFO - [2023-08-28T14:56:02.378+0000] {dag.py:2690} INFO - Sync 1 DAGs
[2023-08-28T14:56:02.414+0000] {logging_mixin.py:137} INFO - [2023-08-28T14:56:02.414+0000] {dag.py:3441} INFO - Setting next_dagrun for quintadag to None, run_after=None
[2023-08-28T14:56:02.441+0000] {processor.py:175} INFO - Processing /opt/airflow/dags/quintadag.py took 0.113 seconds
[2023-08-28T14:56:07.701+0000] {processor.py:153} INFO - Started process (PID=388) to work on /opt/airflow/dags/quintadag.py
[2023-08-28T14:56:07.702+0000] {processor.py:743} INFO - Processing file /opt/airflow/dags/quintadag.py for tasks to queue
[2023-08-28T14:56:07.703+0000] {logging_mixin.py:137} INFO - [2023-08-28T14:56:07.703+0000] {dagbag.py:538} INFO - Filling up the DagBag from /opt/airflow/dags/quintadag.py
[2023-08-28T14:56:07.718+0000] {processor.py:753} INFO - DAG(s) dict_keys(['quintadag']) retrieved from /opt/airflow/dags/quintadag.py
[2023-08-28T14:56:07.741+0000] {logging_mixin.py:137} INFO - [2023-08-28T14:56:07.741+0000] {dag.py:2690} INFO - Sync 1 DAGs
[2023-08-28T14:56:07.764+0000] {logging_mixin.py:137} INFO - [2023-08-28T14:56:07.764+0000] {dag.py:3441} INFO - Setting next_dagrun for quintadag to None, run_after=None
[2023-08-28T14:56:07.788+0000] {processor.py:175} INFO - Processing /opt/airflow/dags/quintadag.py took 0.090 seconds
[2023-08-28T14:56:13.050+0000] {processor.py:153} INFO - Started process (PID=406) to work on /opt/airflow/dags/quintadag.py
[2023-08-28T14:56:13.051+0000] {processor.py:743} INFO - Processing file /opt/airflow/dags/quintadag.py for tasks to queue
[2023-08-28T14:56:13.052+0000] {logging_mixin.py:137} INFO - [2023-08-28T14:56:13.052+0000] {dagbag.py:538} INFO - Filling up the DagBag from /opt/airflow/dags/quintadag.py
[2023-08-28T14:56:13.068+0000] {processor.py:753} INFO - DAG(s) dict_keys(['quintadag']) retrieved from /opt/airflow/dags/quintadag.py
[2023-08-28T14:56:13.093+0000] {logging_mixin.py:137} INFO - [2023-08-28T14:56:13.093+0000] {dag.py:2690} INFO - Sync 1 DAGs
[2023-08-28T14:56:13.117+0000] {logging_mixin.py:137} INFO - [2023-08-28T14:56:13.117+0000] {dag.py:3441} INFO - Setting next_dagrun for quintadag to None, run_after=None
[2023-08-28T14:56:13.143+0000] {processor.py:175} INFO - Processing /opt/airflow/dags/quintadag.py took 0.096 seconds
[2023-08-28T14:56:18.404+0000] {processor.py:153} INFO - Started process (PID=412) to work on /opt/airflow/dags/quintadag.py
[2023-08-28T14:56:18.405+0000] {processor.py:743} INFO - Processing file /opt/airflow/dags/quintadag.py for tasks to queue
[2023-08-28T14:56:18.406+0000] {logging_mixin.py:137} INFO - [2023-08-28T14:56:18.406+0000] {dagbag.py:538} INFO - Filling up the DagBag from /opt/airflow/dags/quintadag.py
[2023-08-28T14:56:18.424+0000] {processor.py:753} INFO - DAG(s) dict_keys(['quintadag']) retrieved from /opt/airflow/dags/quintadag.py
[2023-08-28T14:56:18.450+0000] {logging_mixin.py:137} INFO - [2023-08-28T14:56:18.450+0000] {dag.py:2690} INFO - Sync 1 DAGs
[2023-08-28T14:56:18.474+0000] {logging_mixin.py:137} INFO - [2023-08-28T14:56:18.474+0000] {dag.py:3441} INFO - Setting next_dagrun for quintadag to None, run_after=None
[2023-08-28T14:56:18.497+0000] {processor.py:175} INFO - Processing /opt/airflow/dags/quintadag.py took 0.096 seconds
[2023-08-28T14:56:23.761+0000] {processor.py:153} INFO - Started process (PID=430) to work on /opt/airflow/dags/quintadag.py
[2023-08-28T14:56:23.762+0000] {processor.py:743} INFO - Processing file /opt/airflow/dags/quintadag.py for tasks to queue
[2023-08-28T14:56:23.763+0000] {logging_mixin.py:137} INFO - [2023-08-28T14:56:23.763+0000] {dagbag.py:538} INFO - Filling up the DagBag from /opt/airflow/dags/quintadag.py
[2023-08-28T14:56:23.783+0000] {processor.py:753} INFO - DAG(s) dict_keys(['quintadag']) retrieved from /opt/airflow/dags/quintadag.py
[2023-08-28T14:56:23.810+0000] {logging_mixin.py:137} INFO - [2023-08-28T14:56:23.810+0000] {dag.py:2690} INFO - Sync 1 DAGs
[2023-08-28T14:56:23.840+0000] {logging_mixin.py:137} INFO - [2023-08-28T14:56:23.840+0000] {dag.py:3441} INFO - Setting next_dagrun for quintadag to None, run_after=None
[2023-08-28T14:56:23.864+0000] {processor.py:175} INFO - Processing /opt/airflow/dags/quintadag.py took 0.108 seconds
[2023-08-28T14:56:29.142+0000] {processor.py:153} INFO - Started process (PID=436) to work on /opt/airflow/dags/quintadag.py
[2023-08-28T14:56:29.143+0000] {processor.py:743} INFO - Processing file /opt/airflow/dags/quintadag.py for tasks to queue
[2023-08-28T14:56:29.144+0000] {logging_mixin.py:137} INFO - [2023-08-28T14:56:29.144+0000] {dagbag.py:538} INFO - Filling up the DagBag from /opt/airflow/dags/quintadag.py
[2023-08-28T14:56:29.159+0000] {processor.py:753} INFO - DAG(s) dict_keys(['quintadag']) retrieved from /opt/airflow/dags/quintadag.py
[2023-08-28T14:56:29.183+0000] {logging_mixin.py:137} INFO - [2023-08-28T14:56:29.182+0000] {dag.py:2690} INFO - Sync 1 DAGs
[2023-08-28T14:56:29.205+0000] {logging_mixin.py:137} INFO - [2023-08-28T14:56:29.205+0000] {dag.py:3441} INFO - Setting next_dagrun for quintadag to None, run_after=None
[2023-08-28T14:56:29.228+0000] {processor.py:175} INFO - Processing /opt/airflow/dags/quintadag.py took 0.089 seconds
[2023-08-28T14:56:34.498+0000] {processor.py:153} INFO - Started process (PID=442) to work on /opt/airflow/dags/quintadag.py
[2023-08-28T14:56:34.501+0000] {processor.py:743} INFO - Processing file /opt/airflow/dags/quintadag.py for tasks to queue
[2023-08-28T14:56:34.502+0000] {logging_mixin.py:137} INFO - [2023-08-28T14:56:34.502+0000] {dagbag.py:538} INFO - Filling up the DagBag from /opt/airflow/dags/quintadag.py
[2023-08-28T14:56:34.519+0000] {processor.py:753} INFO - DAG(s) dict_keys(['quintadag']) retrieved from /opt/airflow/dags/quintadag.py
[2023-08-28T14:56:34.542+0000] {logging_mixin.py:137} INFO - [2023-08-28T14:56:34.542+0000] {dag.py:2690} INFO - Sync 1 DAGs
[2023-08-28T14:56:34.567+0000] {logging_mixin.py:137} INFO - [2023-08-28T14:56:34.567+0000] {dag.py:3441} INFO - Setting next_dagrun for quintadag to None, run_after=None
[2023-08-28T14:56:34.589+0000] {processor.py:175} INFO - Processing /opt/airflow/dags/quintadag.py took 0.095 seconds
[2023-08-28T14:56:39.896+0000] {processor.py:153} INFO - Started process (PID=459) to work on /opt/airflow/dags/quintadag.py
[2023-08-28T14:56:39.897+0000] {processor.py:743} INFO - Processing file /opt/airflow/dags/quintadag.py for tasks to queue
[2023-08-28T14:56:39.898+0000] {logging_mixin.py:137} INFO - [2023-08-28T14:56:39.898+0000] {dagbag.py:538} INFO - Filling up the DagBag from /opt/airflow/dags/quintadag.py
[2023-08-28T14:56:39.912+0000] {processor.py:753} INFO - DAG(s) dict_keys(['quintadag']) retrieved from /opt/airflow/dags/quintadag.py
[2023-08-28T14:56:39.936+0000] {logging_mixin.py:137} INFO - [2023-08-28T14:56:39.936+0000] {dag.py:2690} INFO - Sync 1 DAGs
[2023-08-28T14:56:39.960+0000] {logging_mixin.py:137} INFO - [2023-08-28T14:56:39.960+0000] {dag.py:3441} INFO - Setting next_dagrun for quintadag to None, run_after=None
[2023-08-28T14:56:39.979+0000] {processor.py:175} INFO - Processing /opt/airflow/dags/quintadag.py took 0.086 seconds
[2023-08-28T14:56:45.249+0000] {processor.py:153} INFO - Started process (PID=465) to work on /opt/airflow/dags/quintadag.py
[2023-08-28T14:56:45.251+0000] {processor.py:743} INFO - Processing file /opt/airflow/dags/quintadag.py for tasks to queue
[2023-08-28T14:56:45.253+0000] {logging_mixin.py:137} INFO - [2023-08-28T14:56:45.252+0000] {dagbag.py:538} INFO - Filling up the DagBag from /opt/airflow/dags/quintadag.py
[2023-08-28T14:56:45.275+0000] {processor.py:753} INFO - DAG(s) dict_keys(['quintadag']) retrieved from /opt/airflow/dags/quintadag.py
[2023-08-28T14:56:45.312+0000] {logging_mixin.py:137} INFO - [2023-08-28T14:56:45.311+0000] {dag.py:2690} INFO - Sync 1 DAGs
[2023-08-28T14:56:45.339+0000] {logging_mixin.py:137} INFO - [2023-08-28T14:56:45.339+0000] {dag.py:3441} INFO - Setting next_dagrun for quintadag to None, run_after=None
[2023-08-28T14:56:45.360+0000] {processor.py:175} INFO - Processing /opt/airflow/dags/quintadag.py took 0.116 seconds
[2023-08-28T14:56:50.627+0000] {processor.py:153} INFO - Started process (PID=483) to work on /opt/airflow/dags/quintadag.py
[2023-08-28T14:56:50.628+0000] {processor.py:743} INFO - Processing file /opt/airflow/dags/quintadag.py for tasks to queue
[2023-08-28T14:56:50.630+0000] {logging_mixin.py:137} INFO - [2023-08-28T14:56:50.630+0000] {dagbag.py:538} INFO - Filling up the DagBag from /opt/airflow/dags/quintadag.py
[2023-08-28T14:56:50.644+0000] {processor.py:753} INFO - DAG(s) dict_keys(['quintadag']) retrieved from /opt/airflow/dags/quintadag.py
[2023-08-28T14:56:50.669+0000] {logging_mixin.py:137} INFO - [2023-08-28T14:56:50.669+0000] {dag.py:2690} INFO - Sync 1 DAGs
[2023-08-28T14:56:50.697+0000] {logging_mixin.py:137} INFO - [2023-08-28T14:56:50.697+0000] {dag.py:3441} INFO - Setting next_dagrun for quintadag to None, run_after=None
[2023-08-28T14:56:50.728+0000] {processor.py:175} INFO - Processing /opt/airflow/dags/quintadag.py took 0.106 seconds
[2023-08-28T14:56:56.027+0000] {processor.py:153} INFO - Started process (PID=489) to work on /opt/airflow/dags/quintadag.py
[2023-08-28T14:56:56.028+0000] {processor.py:743} INFO - Processing file /opt/airflow/dags/quintadag.py for tasks to queue
[2023-08-28T14:56:56.028+0000] {logging_mixin.py:137} INFO - [2023-08-28T14:56:56.028+0000] {dagbag.py:538} INFO - Filling up the DagBag from /opt/airflow/dags/quintadag.py
[2023-08-28T14:56:56.043+0000] {processor.py:753} INFO - DAG(s) dict_keys(['quintadag']) retrieved from /opt/airflow/dags/quintadag.py
[2023-08-28T14:56:56.070+0000] {logging_mixin.py:137} INFO - [2023-08-28T14:56:56.070+0000] {dag.py:2690} INFO - Sync 1 DAGs
[2023-08-28T14:56:56.096+0000] {logging_mixin.py:137} INFO - [2023-08-28T14:56:56.096+0000] {dag.py:3441} INFO - Setting next_dagrun for quintadag to None, run_after=None
[2023-08-28T14:56:56.127+0000] {processor.py:175} INFO - Processing /opt/airflow/dags/quintadag.py took 0.104 seconds
[2023-08-28T14:57:01.400+0000] {processor.py:153} INFO - Started process (PID=507) to work on /opt/airflow/dags/quintadag.py
[2023-08-28T14:57:01.401+0000] {processor.py:743} INFO - Processing file /opt/airflow/dags/quintadag.py for tasks to queue
[2023-08-28T14:57:01.402+0000] {logging_mixin.py:137} INFO - [2023-08-28T14:57:01.401+0000] {dagbag.py:538} INFO - Filling up the DagBag from /opt/airflow/dags/quintadag.py
[2023-08-28T14:57:01.418+0000] {processor.py:753} INFO - DAG(s) dict_keys(['quintadag']) retrieved from /opt/airflow/dags/quintadag.py
[2023-08-28T14:57:01.442+0000] {logging_mixin.py:137} INFO - [2023-08-28T14:57:01.442+0000] {dag.py:2690} INFO - Sync 1 DAGs
[2023-08-28T14:57:01.480+0000] {logging_mixin.py:137} INFO - [2023-08-28T14:57:01.480+0000] {dag.py:3441} INFO - Setting next_dagrun for quintadag to None, run_after=None
[2023-08-28T14:57:01.504+0000] {processor.py:175} INFO - Processing /opt/airflow/dags/quintadag.py took 0.108 seconds
[2023-08-28T14:57:06.834+0000] {processor.py:153} INFO - Started process (PID=513) to work on /opt/airflow/dags/quintadag.py
[2023-08-28T14:57:06.836+0000] {processor.py:743} INFO - Processing file /opt/airflow/dags/quintadag.py for tasks to queue
[2023-08-28T14:57:06.837+0000] {logging_mixin.py:137} INFO - [2023-08-28T14:57:06.837+0000] {dagbag.py:538} INFO - Filling up the DagBag from /opt/airflow/dags/quintadag.py
[2023-08-28T14:57:06.856+0000] {processor.py:753} INFO - DAG(s) dict_keys(['quintadag']) retrieved from /opt/airflow/dags/quintadag.py
[2023-08-28T14:57:06.884+0000] {logging_mixin.py:137} INFO - [2023-08-28T14:57:06.883+0000] {dag.py:2690} INFO - Sync 1 DAGs
[2023-08-28T14:57:06.917+0000] {logging_mixin.py:137} INFO - [2023-08-28T14:57:06.917+0000] {dag.py:3441} INFO - Setting next_dagrun for quintadag to None, run_after=None
[2023-08-28T14:57:06.946+0000] {processor.py:175} INFO - Processing /opt/airflow/dags/quintadag.py took 0.116 seconds
[2023-08-28T14:57:12.238+0000] {processor.py:153} INFO - Started process (PID=531) to work on /opt/airflow/dags/quintadag.py
[2023-08-28T14:57:12.239+0000] {processor.py:743} INFO - Processing file /opt/airflow/dags/quintadag.py for tasks to queue
[2023-08-28T14:57:12.240+0000] {logging_mixin.py:137} INFO - [2023-08-28T14:57:12.240+0000] {dagbag.py:538} INFO - Filling up the DagBag from /opt/airflow/dags/quintadag.py
[2023-08-28T14:57:12.255+0000] {processor.py:753} INFO - DAG(s) dict_keys(['quintadag']) retrieved from /opt/airflow/dags/quintadag.py
[2023-08-28T14:57:12.281+0000] {logging_mixin.py:137} INFO - [2023-08-28T14:57:12.281+0000] {dag.py:2690} INFO - Sync 1 DAGs
[2023-08-28T14:57:12.309+0000] {logging_mixin.py:137} INFO - [2023-08-28T14:57:12.309+0000] {dag.py:3441} INFO - Setting next_dagrun for quintadag to None, run_after=None
[2023-08-28T14:57:12.332+0000] {processor.py:175} INFO - Processing /opt/airflow/dags/quintadag.py took 0.098 seconds
