[2023-08-28T14:50:47.826+0000] {processor.py:153} INFO - Started process (PID=989) to work on /opt/airflow/dags/triggerdag1.py
[2023-08-28T14:50:47.827+0000] {processor.py:743} INFO - Processing file /opt/airflow/dags/triggerdag1.py for tasks to queue
[2023-08-28T14:50:47.828+0000] {logging_mixin.py:137} INFO - [2023-08-28T14:50:47.828+0000] {dagbag.py:538} INFO - Filling up the DagBag from /opt/airflow/dags/triggerdag1.py
[2023-08-28T14:50:47.846+0000] {processor.py:753} INFO - DAG(s) dict_keys(['triggerdag1']) retrieved from /opt/airflow/dags/triggerdag1.py
[2023-08-28T14:50:48.008+0000] {logging_mixin.py:137} INFO - [2023-08-28T14:50:48.008+0000] {manager.py:504} INFO - Created Permission View: can read on DAG:triggerdag1
[2023-08-28T14:50:48.018+0000] {logging_mixin.py:137} INFO - [2023-08-28T14:50:48.018+0000] {manager.py:504} INFO - Created Permission View: can delete on DAG:triggerdag1
[2023-08-28T14:50:48.027+0000] {logging_mixin.py:137} INFO - [2023-08-28T14:50:48.027+0000] {manager.py:504} INFO - Created Permission View: can edit on DAG:triggerdag1
[2023-08-28T14:50:48.027+0000] {logging_mixin.py:137} INFO - [2023-08-28T14:50:48.027+0000] {dag.py:2690} INFO - Sync 1 DAGs
[2023-08-28T14:50:48.038+0000] {logging_mixin.py:137} INFO - [2023-08-28T14:50:48.038+0000] {dag.py:2711} INFO - Creating ORM DAG for triggerdag1
[2023-08-28T14:50:48.046+0000] {logging_mixin.py:137} INFO - [2023-08-28T14:50:48.046+0000] {dag.py:3441} INFO - Setting next_dagrun for triggerdag1 to None, run_after=None
[2023-08-28T14:50:48.064+0000] {processor.py:175} INFO - Processing /opt/airflow/dags/triggerdag1.py took 0.242 seconds
[2023-08-28T14:50:53.176+0000] {processor.py:153} INFO - Started process (PID=1004) to work on /opt/airflow/dags/triggerdag1.py
[2023-08-28T14:50:53.178+0000] {processor.py:743} INFO - Processing file /opt/airflow/dags/triggerdag1.py for tasks to queue
[2023-08-28T14:50:53.181+0000] {logging_mixin.py:137} INFO - [2023-08-28T14:50:53.181+0000] {dagbag.py:538} INFO - Filling up the DagBag from /opt/airflow/dags/triggerdag1.py
[2023-08-28T14:50:53.243+0000] {processor.py:753} INFO - DAG(s) dict_keys(['triggerdag1']) retrieved from /opt/airflow/dags/triggerdag1.py
[2023-08-28T14:50:53.270+0000] {logging_mixin.py:137} INFO - [2023-08-28T14:50:53.270+0000] {dag.py:2690} INFO - Sync 1 DAGs
[2023-08-28T14:50:53.297+0000] {logging_mixin.py:137} INFO - [2023-08-28T14:50:53.297+0000] {dag.py:3441} INFO - Setting next_dagrun for triggerdag1 to None, run_after=None
[2023-08-28T14:50:53.325+0000] {processor.py:175} INFO - Processing /opt/airflow/dags/triggerdag1.py took 0.154 seconds
[2023-08-28T14:50:58.591+0000] {processor.py:153} INFO - Started process (PID=1013) to work on /opt/airflow/dags/triggerdag1.py
[2023-08-28T14:50:58.592+0000] {processor.py:743} INFO - Processing file /opt/airflow/dags/triggerdag1.py for tasks to queue
[2023-08-28T14:50:58.593+0000] {logging_mixin.py:137} INFO - [2023-08-28T14:50:58.593+0000] {dagbag.py:538} INFO - Filling up the DagBag from /opt/airflow/dags/triggerdag1.py
[2023-08-28T14:50:58.608+0000] {processor.py:753} INFO - DAG(s) dict_keys(['triggerdag1']) retrieved from /opt/airflow/dags/triggerdag1.py
[2023-08-28T14:50:58.622+0000] {logging_mixin.py:137} INFO - [2023-08-28T14:50:58.621+0000] {dag.py:2690} INFO - Sync 1 DAGs
[2023-08-28T14:50:58.651+0000] {logging_mixin.py:137} INFO - [2023-08-28T14:50:58.651+0000] {dag.py:3441} INFO - Setting next_dagrun for triggerdag1 to None, run_after=None
[2023-08-28T14:50:58.670+0000] {processor.py:175} INFO - Processing /opt/airflow/dags/triggerdag1.py took 0.082 seconds
[2023-08-28T14:51:03.927+0000] {processor.py:153} INFO - Started process (PID=1019) to work on /opt/airflow/dags/triggerdag1.py
[2023-08-28T14:51:03.928+0000] {processor.py:743} INFO - Processing file /opt/airflow/dags/triggerdag1.py for tasks to queue
[2023-08-28T14:51:03.929+0000] {logging_mixin.py:137} INFO - [2023-08-28T14:51:03.928+0000] {dagbag.py:538} INFO - Filling up the DagBag from /opt/airflow/dags/triggerdag1.py
[2023-08-28T14:51:03.949+0000] {processor.py:753} INFO - DAG(s) dict_keys(['triggerdag1']) retrieved from /opt/airflow/dags/triggerdag1.py
[2023-08-28T14:51:03.963+0000] {logging_mixin.py:137} INFO - [2023-08-28T14:51:03.962+0000] {dag.py:2690} INFO - Sync 1 DAGs
[2023-08-28T14:51:03.984+0000] {logging_mixin.py:137} INFO - [2023-08-28T14:51:03.984+0000] {dag.py:3441} INFO - Setting next_dagrun for triggerdag1 to None, run_after=None
[2023-08-28T14:51:04.002+0000] {processor.py:175} INFO - Processing /opt/airflow/dags/triggerdag1.py took 0.079 seconds
[2023-08-28T14:51:09.242+0000] {processor.py:153} INFO - Started process (PID=1037) to work on /opt/airflow/dags/triggerdag1.py
[2023-08-28T14:51:09.243+0000] {processor.py:743} INFO - Processing file /opt/airflow/dags/triggerdag1.py for tasks to queue
[2023-08-28T14:51:09.244+0000] {logging_mixin.py:137} INFO - [2023-08-28T14:51:09.243+0000] {dagbag.py:538} INFO - Filling up the DagBag from /opt/airflow/dags/triggerdag1.py
[2023-08-28T14:51:09.258+0000] {processor.py:753} INFO - DAG(s) dict_keys(['triggerdag1']) retrieved from /opt/airflow/dags/triggerdag1.py
[2023-08-28T14:51:09.271+0000] {logging_mixin.py:137} INFO - [2023-08-28T14:51:09.271+0000] {dag.py:2690} INFO - Sync 1 DAGs
[2023-08-28T14:51:09.293+0000] {logging_mixin.py:137} INFO - [2023-08-28T14:51:09.293+0000] {dag.py:3441} INFO - Setting next_dagrun for triggerdag1 to None, run_after=None
[2023-08-28T14:51:09.313+0000] {processor.py:175} INFO - Processing /opt/airflow/dags/triggerdag1.py took 0.075 seconds
[2023-08-28T14:51:14.560+0000] {processor.py:153} INFO - Started process (PID=1043) to work on /opt/airflow/dags/triggerdag1.py
[2023-08-28T14:51:14.561+0000] {processor.py:743} INFO - Processing file /opt/airflow/dags/triggerdag1.py for tasks to queue
[2023-08-28T14:51:14.562+0000] {logging_mixin.py:137} INFO - [2023-08-28T14:51:14.562+0000] {dagbag.py:538} INFO - Filling up the DagBag from /opt/airflow/dags/triggerdag1.py
[2023-08-28T14:51:14.576+0000] {processor.py:753} INFO - DAG(s) dict_keys(['triggerdag1']) retrieved from /opt/airflow/dags/triggerdag1.py
[2023-08-28T14:51:14.589+0000] {logging_mixin.py:137} INFO - [2023-08-28T14:51:14.589+0000] {dag.py:2690} INFO - Sync 1 DAGs
[2023-08-28T14:51:14.610+0000] {logging_mixin.py:137} INFO - [2023-08-28T14:51:14.610+0000] {dag.py:3441} INFO - Setting next_dagrun for triggerdag1 to None, run_after=None
[2023-08-28T14:51:14.630+0000] {processor.py:175} INFO - Processing /opt/airflow/dags/triggerdag1.py took 0.073 seconds
[2023-08-28T14:51:19.879+0000] {processor.py:153} INFO - Started process (PID=1061) to work on /opt/airflow/dags/triggerdag1.py
[2023-08-28T14:51:19.880+0000] {processor.py:743} INFO - Processing file /opt/airflow/dags/triggerdag1.py for tasks to queue
[2023-08-28T14:51:19.880+0000] {logging_mixin.py:137} INFO - [2023-08-28T14:51:19.880+0000] {dagbag.py:538} INFO - Filling up the DagBag from /opt/airflow/dags/triggerdag1.py
[2023-08-28T14:51:19.895+0000] {processor.py:753} INFO - DAG(s) dict_keys(['triggerdag1']) retrieved from /opt/airflow/dags/triggerdag1.py
[2023-08-28T14:51:19.923+0000] {logging_mixin.py:137} INFO - [2023-08-28T14:51:19.923+0000] {dag.py:2690} INFO - Sync 1 DAGs
[2023-08-28T14:51:19.947+0000] {logging_mixin.py:137} INFO - [2023-08-28T14:51:19.946+0000] {dag.py:3441} INFO - Setting next_dagrun for triggerdag1 to None, run_after=None
[2023-08-28T14:51:19.971+0000] {processor.py:175} INFO - Processing /opt/airflow/dags/triggerdag1.py took 0.096 seconds
[2023-08-28T14:51:25.236+0000] {processor.py:153} INFO - Started process (PID=1067) to work on /opt/airflow/dags/triggerdag1.py
[2023-08-28T14:51:25.237+0000] {processor.py:743} INFO - Processing file /opt/airflow/dags/triggerdag1.py for tasks to queue
[2023-08-28T14:51:25.238+0000] {logging_mixin.py:137} INFO - [2023-08-28T14:51:25.238+0000] {dagbag.py:538} INFO - Filling up the DagBag from /opt/airflow/dags/triggerdag1.py
[2023-08-28T14:51:25.252+0000] {processor.py:753} INFO - DAG(s) dict_keys(['triggerdag1']) retrieved from /opt/airflow/dags/triggerdag1.py
[2023-08-28T14:51:25.275+0000] {logging_mixin.py:137} INFO - [2023-08-28T14:51:25.275+0000] {dag.py:2690} INFO - Sync 1 DAGs
[2023-08-28T14:51:25.297+0000] {logging_mixin.py:137} INFO - [2023-08-28T14:51:25.296+0000] {dag.py:3441} INFO - Setting next_dagrun for triggerdag1 to None, run_after=None
[2023-08-28T14:51:25.316+0000] {processor.py:175} INFO - Processing /opt/airflow/dags/triggerdag1.py took 0.083 seconds
[2023-08-28T14:51:30.556+0000] {processor.py:153} INFO - Started process (PID=1085) to work on /opt/airflow/dags/triggerdag1.py
[2023-08-28T14:51:30.557+0000] {processor.py:743} INFO - Processing file /opt/airflow/dags/triggerdag1.py for tasks to queue
[2023-08-28T14:51:30.558+0000] {logging_mixin.py:137} INFO - [2023-08-28T14:51:30.558+0000] {dagbag.py:538} INFO - Filling up the DagBag from /opt/airflow/dags/triggerdag1.py
[2023-08-28T14:51:30.577+0000] {processor.py:753} INFO - DAG(s) dict_keys(['triggerdag1']) retrieved from /opt/airflow/dags/triggerdag1.py
[2023-08-28T14:51:30.603+0000] {logging_mixin.py:137} INFO - [2023-08-28T14:51:30.603+0000] {dag.py:2690} INFO - Sync 1 DAGs
[2023-08-28T14:51:30.628+0000] {logging_mixin.py:137} INFO - [2023-08-28T14:51:30.628+0000] {dag.py:3441} INFO - Setting next_dagrun for triggerdag1 to None, run_after=None
[2023-08-28T14:51:30.653+0000] {processor.py:175} INFO - Processing /opt/airflow/dags/triggerdag1.py took 0.102 seconds
[2023-08-28T14:51:35.951+0000] {processor.py:153} INFO - Started process (PID=1091) to work on /opt/airflow/dags/triggerdag1.py
[2023-08-28T14:51:35.952+0000] {processor.py:743} INFO - Processing file /opt/airflow/dags/triggerdag1.py for tasks to queue
[2023-08-28T14:51:35.953+0000] {logging_mixin.py:137} INFO - [2023-08-28T14:51:35.952+0000] {dagbag.py:538} INFO - Filling up the DagBag from /opt/airflow/dags/triggerdag1.py
[2023-08-28T14:51:35.968+0000] {processor.py:753} INFO - DAG(s) dict_keys(['triggerdag1']) retrieved from /opt/airflow/dags/triggerdag1.py
[2023-08-28T14:51:35.991+0000] {logging_mixin.py:137} INFO - [2023-08-28T14:51:35.990+0000] {dag.py:2690} INFO - Sync 1 DAGs
[2023-08-28T14:51:36.014+0000] {logging_mixin.py:137} INFO - [2023-08-28T14:51:36.013+0000] {dag.py:3441} INFO - Setting next_dagrun for triggerdag1 to None, run_after=None
[2023-08-28T14:51:36.032+0000] {processor.py:175} INFO - Processing /opt/airflow/dags/triggerdag1.py took 0.087 seconds
[2023-08-28T14:51:41.316+0000] {processor.py:153} INFO - Started process (PID=1107) to work on /opt/airflow/dags/triggerdag1.py
[2023-08-28T14:51:41.316+0000] {processor.py:743} INFO - Processing file /opt/airflow/dags/triggerdag1.py for tasks to queue
[2023-08-28T14:51:41.318+0000] {logging_mixin.py:137} INFO - [2023-08-28T14:51:41.317+0000] {dagbag.py:538} INFO - Filling up the DagBag from /opt/airflow/dags/triggerdag1.py
[2023-08-28T14:51:41.333+0000] {processor.py:753} INFO - DAG(s) dict_keys(['triggerdag1']) retrieved from /opt/airflow/dags/triggerdag1.py
[2023-08-28T14:51:41.361+0000] {logging_mixin.py:137} INFO - [2023-08-28T14:51:41.361+0000] {dag.py:2690} INFO - Sync 1 DAGs
[2023-08-28T14:51:41.387+0000] {logging_mixin.py:137} INFO - [2023-08-28T14:51:41.387+0000] {dag.py:3441} INFO - Setting next_dagrun for triggerdag1 to None, run_after=None
[2023-08-28T14:51:41.419+0000] {processor.py:175} INFO - Processing /opt/airflow/dags/triggerdag1.py took 0.107 seconds
[2023-08-28T14:51:46.692+0000] {processor.py:153} INFO - Started process (PID=1116) to work on /opt/airflow/dags/triggerdag1.py
[2023-08-28T14:51:46.693+0000] {processor.py:743} INFO - Processing file /opt/airflow/dags/triggerdag1.py for tasks to queue
[2023-08-28T14:51:46.694+0000] {logging_mixin.py:137} INFO - [2023-08-28T14:51:46.694+0000] {dagbag.py:538} INFO - Filling up the DagBag from /opt/airflow/dags/triggerdag1.py
[2023-08-28T14:51:46.715+0000] {processor.py:753} INFO - DAG(s) dict_keys(['triggerdag1']) retrieved from /opt/airflow/dags/triggerdag1.py
[2023-08-28T14:51:46.741+0000] {logging_mixin.py:137} INFO - [2023-08-28T14:51:46.740+0000] {dag.py:2690} INFO - Sync 1 DAGs
[2023-08-28T14:51:46.764+0000] {logging_mixin.py:137} INFO - [2023-08-28T14:51:46.763+0000] {dag.py:3441} INFO - Setting next_dagrun for triggerdag1 to None, run_after=None
[2023-08-28T14:51:46.786+0000] {processor.py:175} INFO - Processing /opt/airflow/dags/triggerdag1.py took 0.099 seconds
[2023-08-28T14:51:52.030+0000] {processor.py:153} INFO - Started process (PID=1122) to work on /opt/airflow/dags/triggerdag1.py
[2023-08-28T14:51:52.031+0000] {processor.py:743} INFO - Processing file /opt/airflow/dags/triggerdag1.py for tasks to queue
[2023-08-28T14:51:52.032+0000] {logging_mixin.py:137} INFO - [2023-08-28T14:51:52.032+0000] {dagbag.py:538} INFO - Filling up the DagBag from /opt/airflow/dags/triggerdag1.py
[2023-08-28T14:51:52.053+0000] {processor.py:753} INFO - DAG(s) dict_keys(['triggerdag1']) retrieved from /opt/airflow/dags/triggerdag1.py
[2023-08-28T14:51:52.084+0000] {logging_mixin.py:137} INFO - [2023-08-28T14:51:52.084+0000] {dag.py:2690} INFO - Sync 1 DAGs
[2023-08-28T14:51:52.114+0000] {logging_mixin.py:137} INFO - [2023-08-28T14:51:52.114+0000] {dag.py:3441} INFO - Setting next_dagrun for triggerdag1 to None, run_after=None
[2023-08-28T14:51:52.135+0000] {processor.py:175} INFO - Processing /opt/airflow/dags/triggerdag1.py took 0.109 seconds
[2023-08-28T14:51:57.451+0000] {processor.py:153} INFO - Started process (PID=1140) to work on /opt/airflow/dags/triggerdag1.py
[2023-08-28T14:51:57.452+0000] {processor.py:743} INFO - Processing file /opt/airflow/dags/triggerdag1.py for tasks to queue
[2023-08-28T14:51:57.454+0000] {logging_mixin.py:137} INFO - [2023-08-28T14:51:57.453+0000] {dagbag.py:538} INFO - Filling up the DagBag from /opt/airflow/dags/triggerdag1.py
[2023-08-28T14:51:57.468+0000] {processor.py:753} INFO - DAG(s) dict_keys(['triggerdag1']) retrieved from /opt/airflow/dags/triggerdag1.py
[2023-08-28T14:51:57.494+0000] {logging_mixin.py:137} INFO - [2023-08-28T14:51:57.494+0000] {dag.py:2690} INFO - Sync 1 DAGs
[2023-08-28T14:51:57.516+0000] {logging_mixin.py:137} INFO - [2023-08-28T14:51:57.516+0000] {dag.py:3441} INFO - Setting next_dagrun for triggerdag1 to None, run_after=None
[2023-08-28T14:51:57.538+0000] {processor.py:175} INFO - Processing /opt/airflow/dags/triggerdag1.py took 0.091 seconds
[2023-08-28T14:52:02.716+0000] {processor.py:153} INFO - Started process (PID=1146) to work on /opt/airflow/dags/triggerdag1.py
[2023-08-28T14:52:02.717+0000] {processor.py:743} INFO - Processing file /opt/airflow/dags/triggerdag1.py for tasks to queue
[2023-08-28T14:52:02.718+0000] {logging_mixin.py:137} INFO - [2023-08-28T14:52:02.717+0000] {dagbag.py:538} INFO - Filling up the DagBag from /opt/airflow/dags/triggerdag1.py
[2023-08-28T14:52:02.733+0000] {processor.py:753} INFO - DAG(s) dict_keys(['triggerdag1']) retrieved from /opt/airflow/dags/triggerdag1.py
[2023-08-28T14:52:02.756+0000] {logging_mixin.py:137} INFO - [2023-08-28T14:52:02.756+0000] {dag.py:2690} INFO - Sync 1 DAGs
[2023-08-28T14:52:02.780+0000] {logging_mixin.py:137} INFO - [2023-08-28T14:52:02.780+0000] {dag.py:3441} INFO - Setting next_dagrun for triggerdag1 to None, run_after=None
[2023-08-28T14:52:02.801+0000] {processor.py:175} INFO - Processing /opt/airflow/dags/triggerdag1.py took 0.089 seconds
[2023-08-28T14:53:19.955+0000] {processor.py:153} INFO - Started process (PID=34) to work on /opt/airflow/dags/triggerdag1.py
[2023-08-28T14:53:19.958+0000] {processor.py:743} INFO - Processing file /opt/airflow/dags/triggerdag1.py for tasks to queue
[2023-08-28T14:53:19.960+0000] {logging_mixin.py:137} INFO - [2023-08-28T14:53:19.960+0000] {dagbag.py:538} INFO - Filling up the DagBag from /opt/airflow/dags/triggerdag1.py
[2023-08-28T14:53:20.007+0000] {processor.py:753} INFO - DAG(s) dict_keys(['triggerdag1']) retrieved from /opt/airflow/dags/triggerdag1.py
[2023-08-28T14:53:20.086+0000] {logging_mixin.py:137} INFO - [2023-08-28T14:53:20.086+0000] {dag.py:2690} INFO - Sync 1 DAGs
[2023-08-28T14:53:20.110+0000] {logging_mixin.py:137} INFO - [2023-08-28T14:53:20.110+0000] {dag.py:3441} INFO - Setting next_dagrun for triggerdag1 to None, run_after=None
[2023-08-28T14:53:20.139+0000] {processor.py:175} INFO - Processing /opt/airflow/dags/triggerdag1.py took 0.187 seconds
[2023-08-28T14:53:25.674+0000] {processor.py:153} INFO - Started process (PID=51) to work on /opt/airflow/dags/triggerdag1.py
[2023-08-28T14:53:25.675+0000] {processor.py:743} INFO - Processing file /opt/airflow/dags/triggerdag1.py for tasks to queue
[2023-08-28T14:53:25.676+0000] {logging_mixin.py:137} INFO - [2023-08-28T14:53:25.676+0000] {dagbag.py:538} INFO - Filling up the DagBag from /opt/airflow/dags/triggerdag1.py
[2023-08-28T14:53:25.692+0000] {processor.py:753} INFO - DAG(s) dict_keys(['triggerdag1']) retrieved from /opt/airflow/dags/triggerdag1.py
[2023-08-28T14:53:25.706+0000] {logging_mixin.py:137} INFO - [2023-08-28T14:53:25.706+0000] {dag.py:2690} INFO - Sync 1 DAGs
[2023-08-28T14:53:25.732+0000] {logging_mixin.py:137} INFO - [2023-08-28T14:53:25.732+0000] {dag.py:3441} INFO - Setting next_dagrun for triggerdag1 to None, run_after=None
[2023-08-28T14:53:25.761+0000] {processor.py:175} INFO - Processing /opt/airflow/dags/triggerdag1.py took 0.090 seconds
[2023-08-28T14:53:31.031+0000] {processor.py:153} INFO - Started process (PID=57) to work on /opt/airflow/dags/triggerdag1.py
[2023-08-28T14:53:31.032+0000] {processor.py:743} INFO - Processing file /opt/airflow/dags/triggerdag1.py for tasks to queue
[2023-08-28T14:53:31.032+0000] {logging_mixin.py:137} INFO - [2023-08-28T14:53:31.032+0000] {dagbag.py:538} INFO - Filling up the DagBag from /opt/airflow/dags/triggerdag1.py
[2023-08-28T14:53:31.048+0000] {processor.py:753} INFO - DAG(s) dict_keys(['triggerdag1']) retrieved from /opt/airflow/dags/triggerdag1.py
[2023-08-28T14:53:31.060+0000] {logging_mixin.py:137} INFO - [2023-08-28T14:53:31.060+0000] {dag.py:2690} INFO - Sync 1 DAGs
[2023-08-28T14:53:31.085+0000] {logging_mixin.py:137} INFO - [2023-08-28T14:53:31.085+0000] {dag.py:3441} INFO - Setting next_dagrun for triggerdag1 to None, run_after=None
[2023-08-28T14:53:31.163+0000] {processor.py:175} INFO - Processing /opt/airflow/dags/triggerdag1.py took 0.136 seconds
[2023-08-28T14:53:36.562+0000] {processor.py:153} INFO - Started process (PID=76) to work on /opt/airflow/dags/triggerdag1.py
[2023-08-28T14:53:36.563+0000] {processor.py:743} INFO - Processing file /opt/airflow/dags/triggerdag1.py for tasks to queue
[2023-08-28T14:53:36.564+0000] {logging_mixin.py:137} INFO - [2023-08-28T14:53:36.564+0000] {dagbag.py:538} INFO - Filling up the DagBag from /opt/airflow/dags/triggerdag1.py
[2023-08-28T14:53:36.580+0000] {processor.py:753} INFO - DAG(s) dict_keys(['triggerdag1']) retrieved from /opt/airflow/dags/triggerdag1.py
[2023-08-28T14:53:36.593+0000] {logging_mixin.py:137} INFO - [2023-08-28T14:53:36.592+0000] {dag.py:2690} INFO - Sync 1 DAGs
[2023-08-28T14:53:36.630+0000] {logging_mixin.py:137} INFO - [2023-08-28T14:53:36.630+0000] {dag.py:3441} INFO - Setting next_dagrun for triggerdag1 to None, run_after=None
[2023-08-28T14:53:36.655+0000] {processor.py:175} INFO - Processing /opt/airflow/dags/triggerdag1.py took 0.096 seconds
[2023-08-28T14:53:41.915+0000] {processor.py:153} INFO - Started process (PID=82) to work on /opt/airflow/dags/triggerdag1.py
[2023-08-28T14:53:41.915+0000] {processor.py:743} INFO - Processing file /opt/airflow/dags/triggerdag1.py for tasks to queue
[2023-08-28T14:53:41.916+0000] {logging_mixin.py:137} INFO - [2023-08-28T14:53:41.916+0000] {dagbag.py:538} INFO - Filling up the DagBag from /opt/airflow/dags/triggerdag1.py
[2023-08-28T14:53:41.931+0000] {processor.py:753} INFO - DAG(s) dict_keys(['triggerdag1']) retrieved from /opt/airflow/dags/triggerdag1.py
[2023-08-28T14:53:41.945+0000] {logging_mixin.py:137} INFO - [2023-08-28T14:53:41.945+0000] {dag.py:2690} INFO - Sync 1 DAGs
[2023-08-28T14:53:41.974+0000] {logging_mixin.py:137} INFO - [2023-08-28T14:53:41.974+0000] {dag.py:3441} INFO - Setting next_dagrun for triggerdag1 to None, run_after=None
[2023-08-28T14:53:41.995+0000] {processor.py:175} INFO - Processing /opt/airflow/dags/triggerdag1.py took 0.084 seconds
[2023-08-28T14:53:47.259+0000] {processor.py:153} INFO - Started process (PID=100) to work on /opt/airflow/dags/triggerdag1.py
[2023-08-28T14:53:47.260+0000] {processor.py:743} INFO - Processing file /opt/airflow/dags/triggerdag1.py for tasks to queue
[2023-08-28T14:53:47.262+0000] {logging_mixin.py:137} INFO - [2023-08-28T14:53:47.262+0000] {dagbag.py:538} INFO - Filling up the DagBag from /opt/airflow/dags/triggerdag1.py
[2023-08-28T14:53:47.280+0000] {processor.py:753} INFO - DAG(s) dict_keys(['triggerdag1']) retrieved from /opt/airflow/dags/triggerdag1.py
[2023-08-28T14:53:47.298+0000] {logging_mixin.py:137} INFO - [2023-08-28T14:53:47.298+0000] {dag.py:2690} INFO - Sync 1 DAGs
[2023-08-28T14:53:47.326+0000] {logging_mixin.py:137} INFO - [2023-08-28T14:53:47.326+0000] {dag.py:3441} INFO - Setting next_dagrun for triggerdag1 to None, run_after=None
[2023-08-28T14:53:47.355+0000] {processor.py:175} INFO - Processing /opt/airflow/dags/triggerdag1.py took 0.100 seconds
[2023-08-28T14:53:52.608+0000] {processor.py:153} INFO - Started process (PID=106) to work on /opt/airflow/dags/triggerdag1.py
[2023-08-28T14:53:52.609+0000] {processor.py:743} INFO - Processing file /opt/airflow/dags/triggerdag1.py for tasks to queue
[2023-08-28T14:53:52.610+0000] {logging_mixin.py:137} INFO - [2023-08-28T14:53:52.610+0000] {dagbag.py:538} INFO - Filling up the DagBag from /opt/airflow/dags/triggerdag1.py
[2023-08-28T14:53:52.625+0000] {processor.py:753} INFO - DAG(s) dict_keys(['triggerdag1']) retrieved from /opt/airflow/dags/triggerdag1.py
[2023-08-28T14:53:52.648+0000] {logging_mixin.py:137} INFO - [2023-08-28T14:53:52.648+0000] {dag.py:2690} INFO - Sync 1 DAGs
[2023-08-28T14:53:52.671+0000] {logging_mixin.py:137} INFO - [2023-08-28T14:53:52.670+0000] {dag.py:3441} INFO - Setting next_dagrun for triggerdag1 to None, run_after=None
[2023-08-28T14:53:52.690+0000] {processor.py:175} INFO - Processing /opt/airflow/dags/triggerdag1.py took 0.086 seconds
[2023-08-28T14:53:57.960+0000] {processor.py:153} INFO - Started process (PID=121) to work on /opt/airflow/dags/triggerdag1.py
[2023-08-28T14:53:57.961+0000] {processor.py:743} INFO - Processing file /opt/airflow/dags/triggerdag1.py for tasks to queue
[2023-08-28T14:53:57.962+0000] {logging_mixin.py:137} INFO - [2023-08-28T14:53:57.962+0000] {dagbag.py:538} INFO - Filling up the DagBag from /opt/airflow/dags/triggerdag1.py
[2023-08-28T14:53:57.983+0000] {processor.py:753} INFO - DAG(s) dict_keys(['triggerdag1']) retrieved from /opt/airflow/dags/triggerdag1.py
[2023-08-28T14:53:58.021+0000] {logging_mixin.py:137} INFO - [2023-08-28T14:53:58.021+0000] {dag.py:2690} INFO - Sync 1 DAGs
[2023-08-28T14:53:58.065+0000] {logging_mixin.py:137} INFO - [2023-08-28T14:53:58.064+0000] {dag.py:3441} INFO - Setting next_dagrun for triggerdag1 to None, run_after=None
[2023-08-28T14:53:58.097+0000] {processor.py:175} INFO - Processing /opt/airflow/dags/triggerdag1.py took 0.143 seconds
[2023-08-28T14:54:03.484+0000] {processor.py:153} INFO - Started process (PID=130) to work on /opt/airflow/dags/triggerdag1.py
[2023-08-28T14:54:03.485+0000] {processor.py:743} INFO - Processing file /opt/airflow/dags/triggerdag1.py for tasks to queue
[2023-08-28T14:54:03.486+0000] {logging_mixin.py:137} INFO - [2023-08-28T14:54:03.486+0000] {dagbag.py:538} INFO - Filling up the DagBag from /opt/airflow/dags/triggerdag1.py
[2023-08-28T14:54:03.503+0000] {processor.py:753} INFO - DAG(s) dict_keys(['triggerdag1']) retrieved from /opt/airflow/dags/triggerdag1.py
[2023-08-28T14:54:03.529+0000] {logging_mixin.py:137} INFO - [2023-08-28T14:54:03.529+0000] {dag.py:2690} INFO - Sync 1 DAGs
[2023-08-28T14:54:03.556+0000] {logging_mixin.py:137} INFO - [2023-08-28T14:54:03.556+0000] {dag.py:3441} INFO - Setting next_dagrun for triggerdag1 to None, run_after=None
[2023-08-28T14:54:03.579+0000] {processor.py:175} INFO - Processing /opt/airflow/dags/triggerdag1.py took 0.100 seconds
[2023-08-28T14:54:08.876+0000] {processor.py:153} INFO - Started process (PID=136) to work on /opt/airflow/dags/triggerdag1.py
[2023-08-28T14:54:08.877+0000] {processor.py:743} INFO - Processing file /opt/airflow/dags/triggerdag1.py for tasks to queue
[2023-08-28T14:54:08.878+0000] {logging_mixin.py:137} INFO - [2023-08-28T14:54:08.878+0000] {dagbag.py:538} INFO - Filling up the DagBag from /opt/airflow/dags/triggerdag1.py
[2023-08-28T14:54:08.894+0000] {processor.py:753} INFO - DAG(s) dict_keys(['triggerdag1']) retrieved from /opt/airflow/dags/triggerdag1.py
[2023-08-28T14:54:08.919+0000] {logging_mixin.py:137} INFO - [2023-08-28T14:54:08.919+0000] {dag.py:2690} INFO - Sync 1 DAGs
[2023-08-28T14:54:08.944+0000] {logging_mixin.py:137} INFO - [2023-08-28T14:54:08.944+0000] {dag.py:3441} INFO - Setting next_dagrun for triggerdag1 to None, run_after=None
[2023-08-28T14:54:08.964+0000] {processor.py:175} INFO - Processing /opt/airflow/dags/triggerdag1.py took 0.092 seconds
[2023-08-28T14:54:14.247+0000] {processor.py:153} INFO - Started process (PID=154) to work on /opt/airflow/dags/triggerdag1.py
[2023-08-28T14:54:14.248+0000] {processor.py:743} INFO - Processing file /opt/airflow/dags/triggerdag1.py for tasks to queue
[2023-08-28T14:54:14.248+0000] {logging_mixin.py:137} INFO - [2023-08-28T14:54:14.248+0000] {dagbag.py:538} INFO - Filling up the DagBag from /opt/airflow/dags/triggerdag1.py
[2023-08-28T14:54:14.264+0000] {processor.py:753} INFO - DAG(s) dict_keys(['triggerdag1']) retrieved from /opt/airflow/dags/triggerdag1.py
[2023-08-28T14:54:14.289+0000] {logging_mixin.py:137} INFO - [2023-08-28T14:54:14.289+0000] {dag.py:2690} INFO - Sync 1 DAGs
[2023-08-28T14:54:14.316+0000] {logging_mixin.py:137} INFO - [2023-08-28T14:54:14.316+0000] {dag.py:3441} INFO - Setting next_dagrun for triggerdag1 to None, run_after=None
[2023-08-28T14:54:14.336+0000] {processor.py:175} INFO - Processing /opt/airflow/dags/triggerdag1.py took 0.094 seconds
[2023-08-28T14:54:19.613+0000] {processor.py:153} INFO - Started process (PID=160) to work on /opt/airflow/dags/triggerdag1.py
[2023-08-28T14:54:19.614+0000] {processor.py:743} INFO - Processing file /opt/airflow/dags/triggerdag1.py for tasks to queue
[2023-08-28T14:54:19.615+0000] {logging_mixin.py:137} INFO - [2023-08-28T14:54:19.615+0000] {dagbag.py:538} INFO - Filling up the DagBag from /opt/airflow/dags/triggerdag1.py
[2023-08-28T14:54:19.634+0000] {processor.py:753} INFO - DAG(s) dict_keys(['triggerdag1']) retrieved from /opt/airflow/dags/triggerdag1.py
[2023-08-28T14:54:19.659+0000] {logging_mixin.py:137} INFO - [2023-08-28T14:54:19.659+0000] {dag.py:2690} INFO - Sync 1 DAGs
[2023-08-28T14:54:19.685+0000] {logging_mixin.py:137} INFO - [2023-08-28T14:54:19.684+0000] {dag.py:3441} INFO - Setting next_dagrun for triggerdag1 to None, run_after=None
[2023-08-28T14:54:19.704+0000] {processor.py:175} INFO - Processing /opt/airflow/dags/triggerdag1.py took 0.095 seconds
[2023-08-28T14:54:24.971+0000] {processor.py:153} INFO - Started process (PID=179) to work on /opt/airflow/dags/triggerdag1.py
[2023-08-28T14:54:24.972+0000] {processor.py:743} INFO - Processing file /opt/airflow/dags/triggerdag1.py for tasks to queue
[2023-08-28T14:54:24.972+0000] {logging_mixin.py:137} INFO - [2023-08-28T14:54:24.972+0000] {dagbag.py:538} INFO - Filling up the DagBag from /opt/airflow/dags/triggerdag1.py
[2023-08-28T14:54:24.986+0000] {processor.py:753} INFO - DAG(s) dict_keys(['triggerdag1']) retrieved from /opt/airflow/dags/triggerdag1.py
[2023-08-28T14:54:25.008+0000] {logging_mixin.py:137} INFO - [2023-08-28T14:54:25.007+0000] {dag.py:2690} INFO - Sync 1 DAGs
[2023-08-28T14:54:25.032+0000] {logging_mixin.py:137} INFO - [2023-08-28T14:54:25.032+0000] {dag.py:3441} INFO - Setting next_dagrun for triggerdag1 to None, run_after=None
[2023-08-28T14:54:25.054+0000] {processor.py:175} INFO - Processing /opt/airflow/dags/triggerdag1.py took 0.087 seconds
[2023-08-28T14:54:30.316+0000] {processor.py:153} INFO - Started process (PID=185) to work on /opt/airflow/dags/triggerdag1.py
[2023-08-28T14:54:30.317+0000] {processor.py:743} INFO - Processing file /opt/airflow/dags/triggerdag1.py for tasks to queue
[2023-08-28T14:54:30.317+0000] {logging_mixin.py:137} INFO - [2023-08-28T14:54:30.317+0000] {dagbag.py:538} INFO - Filling up the DagBag from /opt/airflow/dags/triggerdag1.py
[2023-08-28T14:54:30.332+0000] {processor.py:753} INFO - DAG(s) dict_keys(['triggerdag1']) retrieved from /opt/airflow/dags/triggerdag1.py
[2023-08-28T14:54:30.356+0000] {logging_mixin.py:137} INFO - [2023-08-28T14:54:30.356+0000] {dag.py:2690} INFO - Sync 1 DAGs
[2023-08-28T14:54:30.381+0000] {logging_mixin.py:137} INFO - [2023-08-28T14:54:30.381+0000] {dag.py:3441} INFO - Setting next_dagrun for triggerdag1 to None, run_after=None
[2023-08-28T14:54:30.401+0000] {processor.py:175} INFO - Processing /opt/airflow/dags/triggerdag1.py took 0.089 seconds
[2023-08-28T14:54:35.665+0000] {processor.py:153} INFO - Started process (PID=202) to work on /opt/airflow/dags/triggerdag1.py
[2023-08-28T14:54:35.667+0000] {processor.py:743} INFO - Processing file /opt/airflow/dags/triggerdag1.py for tasks to queue
[2023-08-28T14:54:35.668+0000] {logging_mixin.py:137} INFO - [2023-08-28T14:54:35.668+0000] {dagbag.py:538} INFO - Filling up the DagBag from /opt/airflow/dags/triggerdag1.py
[2023-08-28T14:54:35.686+0000] {processor.py:753} INFO - DAG(s) dict_keys(['triggerdag1']) retrieved from /opt/airflow/dags/triggerdag1.py
[2023-08-28T14:54:35.712+0000] {logging_mixin.py:137} INFO - [2023-08-28T14:54:35.712+0000] {dag.py:2690} INFO - Sync 1 DAGs
[2023-08-28T14:54:35.738+0000] {logging_mixin.py:137} INFO - [2023-08-28T14:54:35.738+0000] {dag.py:3441} INFO - Setting next_dagrun for triggerdag1 to None, run_after=None
[2023-08-28T14:54:35.761+0000] {processor.py:175} INFO - Processing /opt/airflow/dags/triggerdag1.py took 0.103 seconds
[2023-08-28T14:54:41.078+0000] {processor.py:153} INFO - Started process (PID=208) to work on /opt/airflow/dags/triggerdag1.py
[2023-08-28T14:54:41.078+0000] {processor.py:743} INFO - Processing file /opt/airflow/dags/triggerdag1.py for tasks to queue
[2023-08-28T14:54:41.080+0000] {logging_mixin.py:137} INFO - [2023-08-28T14:54:41.079+0000] {dagbag.py:538} INFO - Filling up the DagBag from /opt/airflow/dags/triggerdag1.py
[2023-08-28T14:54:41.095+0000] {processor.py:753} INFO - DAG(s) dict_keys(['triggerdag1']) retrieved from /opt/airflow/dags/triggerdag1.py
[2023-08-28T14:54:41.128+0000] {logging_mixin.py:137} INFO - [2023-08-28T14:54:41.128+0000] {dag.py:2690} INFO - Sync 1 DAGs
[2023-08-28T14:54:41.167+0000] {logging_mixin.py:137} INFO - [2023-08-28T14:54:41.166+0000] {dag.py:3441} INFO - Setting next_dagrun for triggerdag1 to None, run_after=None
[2023-08-28T14:54:41.187+0000] {processor.py:175} INFO - Processing /opt/airflow/dags/triggerdag1.py took 0.113 seconds
[2023-08-28T14:54:46.463+0000] {processor.py:153} INFO - Started process (PID=221) to work on /opt/airflow/dags/triggerdag1.py
[2023-08-28T14:54:46.468+0000] {processor.py:743} INFO - Processing file /opt/airflow/dags/triggerdag1.py for tasks to queue
[2023-08-28T14:54:46.474+0000] {logging_mixin.py:137} INFO - [2023-08-28T14:54:46.474+0000] {dagbag.py:538} INFO - Filling up the DagBag from /opt/airflow/dags/triggerdag1.py
[2023-08-28T14:54:46.512+0000] {processor.py:753} INFO - DAG(s) dict_keys(['triggerdag1']) retrieved from /opt/airflow/dags/triggerdag1.py
[2023-08-28T14:54:46.566+0000] {logging_mixin.py:137} INFO - [2023-08-28T14:54:46.566+0000] {dag.py:2690} INFO - Sync 1 DAGs
[2023-08-28T14:54:46.617+0000] {logging_mixin.py:137} INFO - [2023-08-28T14:54:46.616+0000] {dag.py:3441} INFO - Setting next_dagrun for triggerdag1 to None, run_after=None
[2023-08-28T14:54:46.656+0000] {processor.py:175} INFO - Processing /opt/airflow/dags/triggerdag1.py took 0.198 seconds
[2023-08-28T14:54:52.039+0000] {processor.py:153} INFO - Started process (PID=232) to work on /opt/airflow/dags/triggerdag1.py
[2023-08-28T14:54:52.040+0000] {processor.py:743} INFO - Processing file /opt/airflow/dags/triggerdag1.py for tasks to queue
[2023-08-28T14:54:52.041+0000] {logging_mixin.py:137} INFO - [2023-08-28T14:54:52.041+0000] {dagbag.py:538} INFO - Filling up the DagBag from /opt/airflow/dags/triggerdag1.py
[2023-08-28T14:54:52.057+0000] {processor.py:753} INFO - DAG(s) dict_keys(['triggerdag1']) retrieved from /opt/airflow/dags/triggerdag1.py
[2023-08-28T14:54:52.083+0000] {logging_mixin.py:137} INFO - [2023-08-28T14:54:52.082+0000] {dag.py:2690} INFO - Sync 1 DAGs
[2023-08-28T14:54:52.108+0000] {logging_mixin.py:137} INFO - [2023-08-28T14:54:52.108+0000] {dag.py:3441} INFO - Setting next_dagrun for triggerdag1 to None, run_after=None
[2023-08-28T14:54:52.132+0000] {processor.py:175} INFO - Processing /opt/airflow/dags/triggerdag1.py took 0.098 seconds
[2023-08-28T14:54:57.418+0000] {processor.py:153} INFO - Started process (PID=238) to work on /opt/airflow/dags/triggerdag1.py
[2023-08-28T14:54:57.419+0000] {processor.py:743} INFO - Processing file /opt/airflow/dags/triggerdag1.py for tasks to queue
[2023-08-28T14:54:57.420+0000] {logging_mixin.py:137} INFO - [2023-08-28T14:54:57.420+0000] {dagbag.py:538} INFO - Filling up the DagBag from /opt/airflow/dags/triggerdag1.py
[2023-08-28T14:54:57.437+0000] {processor.py:753} INFO - DAG(s) dict_keys(['triggerdag1']) retrieved from /opt/airflow/dags/triggerdag1.py
[2023-08-28T14:54:57.465+0000] {logging_mixin.py:137} INFO - [2023-08-28T14:54:57.464+0000] {dag.py:2690} INFO - Sync 1 DAGs
[2023-08-28T14:54:57.503+0000] {logging_mixin.py:137} INFO - [2023-08-28T14:54:57.503+0000] {dag.py:3441} INFO - Setting next_dagrun for triggerdag1 to None, run_after=None
[2023-08-28T14:54:57.529+0000] {processor.py:175} INFO - Processing /opt/airflow/dags/triggerdag1.py took 0.115 seconds
[2023-08-28T14:55:02.858+0000] {processor.py:153} INFO - Started process (PID=257) to work on /opt/airflow/dags/triggerdag1.py
[2023-08-28T14:55:02.859+0000] {processor.py:743} INFO - Processing file /opt/airflow/dags/triggerdag1.py for tasks to queue
[2023-08-28T14:55:02.860+0000] {logging_mixin.py:137} INFO - [2023-08-28T14:55:02.860+0000] {dagbag.py:538} INFO - Filling up the DagBag from /opt/airflow/dags/triggerdag1.py
[2023-08-28T14:55:02.875+0000] {processor.py:753} INFO - DAG(s) dict_keys(['triggerdag1']) retrieved from /opt/airflow/dags/triggerdag1.py
[2023-08-28T14:55:02.901+0000] {logging_mixin.py:137} INFO - [2023-08-28T14:55:02.900+0000] {dag.py:2690} INFO - Sync 1 DAGs
[2023-08-28T14:55:02.928+0000] {logging_mixin.py:137} INFO - [2023-08-28T14:55:02.928+0000] {dag.py:3441} INFO - Setting next_dagrun for triggerdag1 to None, run_after=None
[2023-08-28T14:55:02.949+0000] {processor.py:175} INFO - Processing /opt/airflow/dags/triggerdag1.py took 0.095 seconds
[2023-08-28T14:55:08.233+0000] {processor.py:153} INFO - Started process (PID=263) to work on /opt/airflow/dags/triggerdag1.py
[2023-08-28T14:55:08.234+0000] {processor.py:743} INFO - Processing file /opt/airflow/dags/triggerdag1.py for tasks to queue
[2023-08-28T14:55:08.234+0000] {logging_mixin.py:137} INFO - [2023-08-28T14:55:08.234+0000] {dagbag.py:538} INFO - Filling up the DagBag from /opt/airflow/dags/triggerdag1.py
[2023-08-28T14:55:08.250+0000] {processor.py:753} INFO - DAG(s) dict_keys(['triggerdag1']) retrieved from /opt/airflow/dags/triggerdag1.py
[2023-08-28T14:55:08.279+0000] {logging_mixin.py:137} INFO - [2023-08-28T14:55:08.279+0000] {dag.py:2690} INFO - Sync 1 DAGs
[2023-08-28T14:55:08.312+0000] {logging_mixin.py:137} INFO - [2023-08-28T14:55:08.312+0000] {dag.py:3441} INFO - Setting next_dagrun for triggerdag1 to None, run_after=None
[2023-08-28T14:55:08.335+0000] {processor.py:175} INFO - Processing /opt/airflow/dags/triggerdag1.py took 0.106 seconds
[2023-08-28T14:55:13.612+0000] {processor.py:153} INFO - Started process (PID=281) to work on /opt/airflow/dags/triggerdag1.py
[2023-08-28T14:55:13.613+0000] {processor.py:743} INFO - Processing file /opt/airflow/dags/triggerdag1.py for tasks to queue
[2023-08-28T14:55:13.614+0000] {logging_mixin.py:137} INFO - [2023-08-28T14:55:13.614+0000] {dagbag.py:538} INFO - Filling up the DagBag from /opt/airflow/dags/triggerdag1.py
[2023-08-28T14:55:13.630+0000] {processor.py:753} INFO - DAG(s) dict_keys(['triggerdag1']) retrieved from /opt/airflow/dags/triggerdag1.py
[2023-08-28T14:55:13.657+0000] {logging_mixin.py:137} INFO - [2023-08-28T14:55:13.656+0000] {dag.py:2690} INFO - Sync 1 DAGs
[2023-08-28T14:55:13.682+0000] {logging_mixin.py:137} INFO - [2023-08-28T14:55:13.682+0000] {dag.py:3441} INFO - Setting next_dagrun for triggerdag1 to None, run_after=None
[2023-08-28T14:55:13.700+0000] {processor.py:175} INFO - Processing /opt/airflow/dags/triggerdag1.py took 0.092 seconds
[2023-08-28T14:55:18.989+0000] {processor.py:153} INFO - Started process (PID=287) to work on /opt/airflow/dags/triggerdag1.py
[2023-08-28T14:55:18.990+0000] {processor.py:743} INFO - Processing file /opt/airflow/dags/triggerdag1.py for tasks to queue
[2023-08-28T14:55:18.991+0000] {logging_mixin.py:137} INFO - [2023-08-28T14:55:18.991+0000] {dagbag.py:538} INFO - Filling up the DagBag from /opt/airflow/dags/triggerdag1.py
[2023-08-28T14:55:19.011+0000] {processor.py:753} INFO - DAG(s) dict_keys(['triggerdag1']) retrieved from /opt/airflow/dags/triggerdag1.py
[2023-08-28T14:55:19.039+0000] {logging_mixin.py:137} INFO - [2023-08-28T14:55:19.039+0000] {dag.py:2690} INFO - Sync 1 DAGs
[2023-08-28T14:55:19.066+0000] {logging_mixin.py:137} INFO - [2023-08-28T14:55:19.065+0000] {dag.py:3441} INFO - Setting next_dagrun for triggerdag1 to None, run_after=None
[2023-08-28T14:55:19.084+0000] {processor.py:175} INFO - Processing /opt/airflow/dags/triggerdag1.py took 0.100 seconds
[2023-08-28T14:55:24.376+0000] {processor.py:153} INFO - Started process (PID=305) to work on /opt/airflow/dags/triggerdag1.py
[2023-08-28T14:55:24.377+0000] {processor.py:743} INFO - Processing file /opt/airflow/dags/triggerdag1.py for tasks to queue
[2023-08-28T14:55:24.379+0000] {logging_mixin.py:137} INFO - [2023-08-28T14:55:24.379+0000] {dagbag.py:538} INFO - Filling up the DagBag from /opt/airflow/dags/triggerdag1.py
[2023-08-28T14:55:24.393+0000] {processor.py:753} INFO - DAG(s) dict_keys(['triggerdag1']) retrieved from /opt/airflow/dags/triggerdag1.py
[2023-08-28T14:55:24.418+0000] {logging_mixin.py:137} INFO - [2023-08-28T14:55:24.418+0000] {dag.py:2690} INFO - Sync 1 DAGs
[2023-08-28T14:55:24.445+0000] {logging_mixin.py:137} INFO - [2023-08-28T14:55:24.445+0000] {dag.py:3441} INFO - Setting next_dagrun for triggerdag1 to None, run_after=None
[2023-08-28T14:55:24.471+0000] {processor.py:175} INFO - Processing /opt/airflow/dags/triggerdag1.py took 0.099 seconds
[2023-08-28T14:55:29.802+0000] {processor.py:153} INFO - Started process (PID=311) to work on /opt/airflow/dags/triggerdag1.py
[2023-08-28T14:55:29.803+0000] {processor.py:743} INFO - Processing file /opt/airflow/dags/triggerdag1.py for tasks to queue
[2023-08-28T14:55:29.804+0000] {logging_mixin.py:137} INFO - [2023-08-28T14:55:29.804+0000] {dagbag.py:538} INFO - Filling up the DagBag from /opt/airflow/dags/triggerdag1.py
[2023-08-28T14:55:29.820+0000] {processor.py:753} INFO - DAG(s) dict_keys(['triggerdag1']) retrieved from /opt/airflow/dags/triggerdag1.py
[2023-08-28T14:55:29.847+0000] {logging_mixin.py:137} INFO - [2023-08-28T14:55:29.847+0000] {dag.py:2690} INFO - Sync 1 DAGs
[2023-08-28T14:55:29.874+0000] {logging_mixin.py:137} INFO - [2023-08-28T14:55:29.874+0000] {dag.py:3441} INFO - Setting next_dagrun for triggerdag1 to None, run_after=None
[2023-08-28T14:55:29.895+0000] {processor.py:175} INFO - Processing /opt/airflow/dags/triggerdag1.py took 0.097 seconds
[2023-08-28T14:55:35.183+0000] {processor.py:153} INFO - Started process (PID=326) to work on /opt/airflow/dags/triggerdag1.py
[2023-08-28T14:55:35.185+0000] {processor.py:743} INFO - Processing file /opt/airflow/dags/triggerdag1.py for tasks to queue
[2023-08-28T14:55:35.186+0000] {logging_mixin.py:137} INFO - [2023-08-28T14:55:35.186+0000] {dagbag.py:538} INFO - Filling up the DagBag from /opt/airflow/dags/triggerdag1.py
[2023-08-28T14:55:35.218+0000] {processor.py:753} INFO - DAG(s) dict_keys(['triggerdag1']) retrieved from /opt/airflow/dags/triggerdag1.py
[2023-08-28T14:55:35.273+0000] {logging_mixin.py:137} INFO - [2023-08-28T14:55:35.273+0000] {dag.py:2690} INFO - Sync 1 DAGs
[2023-08-28T14:55:35.333+0000] {logging_mixin.py:137} INFO - [2023-08-28T14:55:35.332+0000] {dag.py:3441} INFO - Setting next_dagrun for triggerdag1 to None, run_after=None
[2023-08-28T14:55:35.383+0000] {processor.py:175} INFO - Processing /opt/airflow/dags/triggerdag1.py took 0.202 seconds
[2023-08-28T14:55:40.777+0000] {processor.py:153} INFO - Started process (PID=335) to work on /opt/airflow/dags/triggerdag1.py
[2023-08-28T14:55:40.778+0000] {processor.py:743} INFO - Processing file /opt/airflow/dags/triggerdag1.py for tasks to queue
[2023-08-28T14:55:40.779+0000] {logging_mixin.py:137} INFO - [2023-08-28T14:55:40.779+0000] {dagbag.py:538} INFO - Filling up the DagBag from /opt/airflow/dags/triggerdag1.py
[2023-08-28T14:55:40.797+0000] {processor.py:753} INFO - DAG(s) dict_keys(['triggerdag1']) retrieved from /opt/airflow/dags/triggerdag1.py
[2023-08-28T14:55:40.821+0000] {logging_mixin.py:137} INFO - [2023-08-28T14:55:40.821+0000] {dag.py:2690} INFO - Sync 1 DAGs
[2023-08-28T14:55:40.846+0000] {logging_mixin.py:137} INFO - [2023-08-28T14:55:40.846+0000] {dag.py:3441} INFO - Setting next_dagrun for triggerdag1 to None, run_after=None
[2023-08-28T14:55:40.868+0000] {processor.py:175} INFO - Processing /opt/airflow/dags/triggerdag1.py took 0.094 seconds
[2023-08-28T14:55:46.152+0000] {processor.py:153} INFO - Started process (PID=341) to work on /opt/airflow/dags/triggerdag1.py
[2023-08-28T14:55:46.153+0000] {processor.py:743} INFO - Processing file /opt/airflow/dags/triggerdag1.py for tasks to queue
[2023-08-28T14:55:46.154+0000] {logging_mixin.py:137} INFO - [2023-08-28T14:55:46.154+0000] {dagbag.py:538} INFO - Filling up the DagBag from /opt/airflow/dags/triggerdag1.py
[2023-08-28T14:55:46.176+0000] {processor.py:753} INFO - DAG(s) dict_keys(['triggerdag1']) retrieved from /opt/airflow/dags/triggerdag1.py
[2023-08-28T14:55:46.216+0000] {logging_mixin.py:137} INFO - [2023-08-28T14:55:46.215+0000] {dag.py:2690} INFO - Sync 1 DAGs
[2023-08-28T14:55:46.259+0000] {logging_mixin.py:137} INFO - [2023-08-28T14:55:46.259+0000] {dag.py:3441} INFO - Setting next_dagrun for triggerdag1 to None, run_after=None
[2023-08-28T14:55:46.285+0000] {processor.py:175} INFO - Processing /opt/airflow/dags/triggerdag1.py took 0.138 seconds
[2023-08-28T14:55:51.552+0000] {processor.py:153} INFO - Started process (PID=359) to work on /opt/airflow/dags/triggerdag1.py
[2023-08-28T14:55:51.552+0000] {processor.py:743} INFO - Processing file /opt/airflow/dags/triggerdag1.py for tasks to queue
[2023-08-28T14:55:51.553+0000] {logging_mixin.py:137} INFO - [2023-08-28T14:55:51.553+0000] {dagbag.py:538} INFO - Filling up the DagBag from /opt/airflow/dags/triggerdag1.py
[2023-08-28T14:55:51.576+0000] {processor.py:753} INFO - DAG(s) dict_keys(['triggerdag1']) retrieved from /opt/airflow/dags/triggerdag1.py
[2023-08-28T14:55:51.606+0000] {logging_mixin.py:137} INFO - [2023-08-28T14:55:51.605+0000] {dag.py:2690} INFO - Sync 1 DAGs
[2023-08-28T14:55:51.646+0000] {logging_mixin.py:137} INFO - [2023-08-28T14:55:51.645+0000] {dag.py:3441} INFO - Setting next_dagrun for triggerdag1 to None, run_after=None
[2023-08-28T14:55:51.675+0000] {processor.py:175} INFO - Processing /opt/airflow/dags/triggerdag1.py took 0.128 seconds
[2023-08-28T14:55:56.967+0000] {processor.py:153} INFO - Started process (PID=365) to work on /opt/airflow/dags/triggerdag1.py
[2023-08-28T14:55:56.969+0000] {processor.py:743} INFO - Processing file /opt/airflow/dags/triggerdag1.py for tasks to queue
[2023-08-28T14:55:56.969+0000] {logging_mixin.py:137} INFO - [2023-08-28T14:55:56.969+0000] {dagbag.py:538} INFO - Filling up the DagBag from /opt/airflow/dags/triggerdag1.py
[2023-08-28T14:55:56.991+0000] {processor.py:753} INFO - DAG(s) dict_keys(['triggerdag1']) retrieved from /opt/airflow/dags/triggerdag1.py
[2023-08-28T14:55:57.016+0000] {logging_mixin.py:137} INFO - [2023-08-28T14:55:57.016+0000] {dag.py:2690} INFO - Sync 1 DAGs
[2023-08-28T14:55:57.041+0000] {logging_mixin.py:137} INFO - [2023-08-28T14:55:57.041+0000] {dag.py:3441} INFO - Setting next_dagrun for triggerdag1 to None, run_after=None
[2023-08-28T14:55:57.061+0000] {processor.py:175} INFO - Processing /opt/airflow/dags/triggerdag1.py took 0.099 seconds
[2023-08-28T14:56:02.339+0000] {processor.py:153} INFO - Started process (PID=383) to work on /opt/airflow/dags/triggerdag1.py
[2023-08-28T14:56:02.340+0000] {processor.py:743} INFO - Processing file /opt/airflow/dags/triggerdag1.py for tasks to queue
[2023-08-28T14:56:02.341+0000] {logging_mixin.py:137} INFO - [2023-08-28T14:56:02.341+0000] {dagbag.py:538} INFO - Filling up the DagBag from /opt/airflow/dags/triggerdag1.py
[2023-08-28T14:56:02.356+0000] {processor.py:753} INFO - DAG(s) dict_keys(['triggerdag1']) retrieved from /opt/airflow/dags/triggerdag1.py
[2023-08-28T14:56:02.384+0000] {logging_mixin.py:137} INFO - [2023-08-28T14:56:02.384+0000] {dag.py:2690} INFO - Sync 1 DAGs
[2023-08-28T14:56:02.419+0000] {logging_mixin.py:137} INFO - [2023-08-28T14:56:02.418+0000] {dag.py:3441} INFO - Setting next_dagrun for triggerdag1 to None, run_after=None
[2023-08-28T14:56:02.443+0000] {processor.py:175} INFO - Processing /opt/airflow/dags/triggerdag1.py took 0.109 seconds
[2023-08-28T14:56:07.707+0000] {processor.py:153} INFO - Started process (PID=389) to work on /opt/airflow/dags/triggerdag1.py
[2023-08-28T14:56:07.707+0000] {processor.py:743} INFO - Processing file /opt/airflow/dags/triggerdag1.py for tasks to queue
[2023-08-28T14:56:07.708+0000] {logging_mixin.py:137} INFO - [2023-08-28T14:56:07.708+0000] {dagbag.py:538} INFO - Filling up the DagBag from /opt/airflow/dags/triggerdag1.py
[2023-08-28T14:56:07.722+0000] {processor.py:753} INFO - DAG(s) dict_keys(['triggerdag1']) retrieved from /opt/airflow/dags/triggerdag1.py
[2023-08-28T14:56:07.746+0000] {logging_mixin.py:137} INFO - [2023-08-28T14:56:07.745+0000] {dag.py:2690} INFO - Sync 1 DAGs
[2023-08-28T14:56:07.770+0000] {logging_mixin.py:137} INFO - [2023-08-28T14:56:07.769+0000] {dag.py:3441} INFO - Setting next_dagrun for triggerdag1 to None, run_after=None
[2023-08-28T14:56:07.792+0000] {processor.py:175} INFO - Processing /opt/airflow/dags/triggerdag1.py took 0.089 seconds
[2023-08-28T14:56:13.056+0000] {processor.py:153} INFO - Started process (PID=407) to work on /opt/airflow/dags/triggerdag1.py
[2023-08-28T14:56:13.057+0000] {processor.py:743} INFO - Processing file /opt/airflow/dags/triggerdag1.py for tasks to queue
[2023-08-28T14:56:13.059+0000] {logging_mixin.py:137} INFO - [2023-08-28T14:56:13.059+0000] {dagbag.py:538} INFO - Filling up the DagBag from /opt/airflow/dags/triggerdag1.py
[2023-08-28T14:56:13.073+0000] {processor.py:753} INFO - DAG(s) dict_keys(['triggerdag1']) retrieved from /opt/airflow/dags/triggerdag1.py
[2023-08-28T14:56:13.097+0000] {logging_mixin.py:137} INFO - [2023-08-28T14:56:13.097+0000] {dag.py:2690} INFO - Sync 1 DAGs
[2023-08-28T14:56:13.121+0000] {logging_mixin.py:137} INFO - [2023-08-28T14:56:13.121+0000] {dag.py:3441} INFO - Setting next_dagrun for triggerdag1 to None, run_after=None
[2023-08-28T14:56:13.145+0000] {processor.py:175} INFO - Processing /opt/airflow/dags/triggerdag1.py took 0.094 seconds
[2023-08-28T14:56:18.410+0000] {processor.py:153} INFO - Started process (PID=413) to work on /opt/airflow/dags/triggerdag1.py
[2023-08-28T14:56:18.411+0000] {processor.py:743} INFO - Processing file /opt/airflow/dags/triggerdag1.py for tasks to queue
[2023-08-28T14:56:18.411+0000] {logging_mixin.py:137} INFO - [2023-08-28T14:56:18.411+0000] {dagbag.py:538} INFO - Filling up the DagBag from /opt/airflow/dags/triggerdag1.py
[2023-08-28T14:56:18.431+0000] {processor.py:753} INFO - DAG(s) dict_keys(['triggerdag1']) retrieved from /opt/airflow/dags/triggerdag1.py
[2023-08-28T14:56:18.455+0000] {logging_mixin.py:137} INFO - [2023-08-28T14:56:18.455+0000] {dag.py:2690} INFO - Sync 1 DAGs
[2023-08-28T14:56:18.478+0000] {logging_mixin.py:137} INFO - [2023-08-28T14:56:18.478+0000] {dag.py:3441} INFO - Setting next_dagrun for triggerdag1 to None, run_after=None
[2023-08-28T14:56:18.499+0000] {processor.py:175} INFO - Processing /opt/airflow/dags/triggerdag1.py took 0.093 seconds
[2023-08-28T14:56:23.764+0000] {processor.py:153} INFO - Started process (PID=431) to work on /opt/airflow/dags/triggerdag1.py
[2023-08-28T14:56:23.765+0000] {processor.py:743} INFO - Processing file /opt/airflow/dags/triggerdag1.py for tasks to queue
[2023-08-28T14:56:23.766+0000] {logging_mixin.py:137} INFO - [2023-08-28T14:56:23.766+0000] {dagbag.py:538} INFO - Filling up the DagBag from /opt/airflow/dags/triggerdag1.py
[2023-08-28T14:56:23.780+0000] {processor.py:753} INFO - DAG(s) dict_keys(['triggerdag1']) retrieved from /opt/airflow/dags/triggerdag1.py
[2023-08-28T14:56:23.804+0000] {logging_mixin.py:137} INFO - [2023-08-28T14:56:23.804+0000] {dag.py:2690} INFO - Sync 1 DAGs
[2023-08-28T14:56:23.835+0000] {logging_mixin.py:137} INFO - [2023-08-28T14:56:23.835+0000] {dag.py:3441} INFO - Setting next_dagrun for triggerdag1 to None, run_after=None
[2023-08-28T14:56:23.863+0000] {processor.py:175} INFO - Processing /opt/airflow/dags/triggerdag1.py took 0.103 seconds
[2023-08-28T14:56:29.148+0000] {processor.py:153} INFO - Started process (PID=437) to work on /opt/airflow/dags/triggerdag1.py
[2023-08-28T14:56:29.148+0000] {processor.py:743} INFO - Processing file /opt/airflow/dags/triggerdag1.py for tasks to queue
[2023-08-28T14:56:29.149+0000] {logging_mixin.py:137} INFO - [2023-08-28T14:56:29.149+0000] {dagbag.py:538} INFO - Filling up the DagBag from /opt/airflow/dags/triggerdag1.py
[2023-08-28T14:56:29.164+0000] {processor.py:753} INFO - DAG(s) dict_keys(['triggerdag1']) retrieved from /opt/airflow/dags/triggerdag1.py
[2023-08-28T14:56:29.187+0000] {logging_mixin.py:137} INFO - [2023-08-28T14:56:29.187+0000] {dag.py:2690} INFO - Sync 1 DAGs
[2023-08-28T14:56:29.211+0000] {logging_mixin.py:137} INFO - [2023-08-28T14:56:29.211+0000] {dag.py:3441} INFO - Setting next_dagrun for triggerdag1 to None, run_after=None
[2023-08-28T14:56:29.233+0000] {processor.py:175} INFO - Processing /opt/airflow/dags/triggerdag1.py took 0.089 seconds
[2023-08-28T14:56:34.503+0000] {processor.py:153} INFO - Started process (PID=443) to work on /opt/airflow/dags/triggerdag1.py
[2023-08-28T14:56:34.504+0000] {processor.py:743} INFO - Processing file /opt/airflow/dags/triggerdag1.py for tasks to queue
[2023-08-28T14:56:34.505+0000] {logging_mixin.py:137} INFO - [2023-08-28T14:56:34.505+0000] {dagbag.py:538} INFO - Filling up the DagBag from /opt/airflow/dags/triggerdag1.py
[2023-08-28T14:56:34.520+0000] {processor.py:753} INFO - DAG(s) dict_keys(['triggerdag1']) retrieved from /opt/airflow/dags/triggerdag1.py
[2023-08-28T14:56:34.542+0000] {logging_mixin.py:137} INFO - [2023-08-28T14:56:34.542+0000] {dag.py:2690} INFO - Sync 1 DAGs
[2023-08-28T14:56:34.567+0000] {logging_mixin.py:137} INFO - [2023-08-28T14:56:34.567+0000] {dag.py:3441} INFO - Setting next_dagrun for triggerdag1 to None, run_after=None
[2023-08-28T14:56:34.587+0000] {processor.py:175} INFO - Processing /opt/airflow/dags/triggerdag1.py took 0.089 seconds
[2023-08-28T14:56:39.902+0000] {processor.py:153} INFO - Started process (PID=460) to work on /opt/airflow/dags/triggerdag1.py
[2023-08-28T14:56:39.903+0000] {processor.py:743} INFO - Processing file /opt/airflow/dags/triggerdag1.py for tasks to queue
[2023-08-28T14:56:39.904+0000] {logging_mixin.py:137} INFO - [2023-08-28T14:56:39.904+0000] {dagbag.py:538} INFO - Filling up the DagBag from /opt/airflow/dags/triggerdag1.py
[2023-08-28T14:56:39.918+0000] {processor.py:753} INFO - DAG(s) dict_keys(['triggerdag1']) retrieved from /opt/airflow/dags/triggerdag1.py
[2023-08-28T14:56:39.942+0000] {logging_mixin.py:137} INFO - [2023-08-28T14:56:39.941+0000] {dag.py:2690} INFO - Sync 1 DAGs
[2023-08-28T14:56:39.966+0000] {logging_mixin.py:137} INFO - [2023-08-28T14:56:39.966+0000] {dag.py:3441} INFO - Setting next_dagrun for triggerdag1 to None, run_after=None
[2023-08-28T14:56:39.985+0000] {processor.py:175} INFO - Processing /opt/airflow/dags/triggerdag1.py took 0.086 seconds
[2023-08-28T14:56:45.246+0000] {processor.py:153} INFO - Started process (PID=466) to work on /opt/airflow/dags/triggerdag1.py
[2023-08-28T14:56:45.247+0000] {processor.py:743} INFO - Processing file /opt/airflow/dags/triggerdag1.py for tasks to queue
[2023-08-28T14:56:45.248+0000] {logging_mixin.py:137} INFO - [2023-08-28T14:56:45.248+0000] {dagbag.py:538} INFO - Filling up the DagBag from /opt/airflow/dags/triggerdag1.py
[2023-08-28T14:56:45.269+0000] {processor.py:753} INFO - DAG(s) dict_keys(['triggerdag1']) retrieved from /opt/airflow/dags/triggerdag1.py
[2023-08-28T14:56:45.303+0000] {logging_mixin.py:137} INFO - [2023-08-28T14:56:45.303+0000] {dag.py:2690} INFO - Sync 1 DAGs
[2023-08-28T14:56:45.330+0000] {logging_mixin.py:137} INFO - [2023-08-28T14:56:45.330+0000] {dag.py:3441} INFO - Setting next_dagrun for triggerdag1 to None, run_after=None
[2023-08-28T14:56:45.352+0000] {processor.py:175} INFO - Processing /opt/airflow/dags/triggerdag1.py took 0.109 seconds
[2023-08-28T14:56:50.630+0000] {processor.py:153} INFO - Started process (PID=484) to work on /opt/airflow/dags/triggerdag1.py
[2023-08-28T14:56:50.631+0000] {processor.py:743} INFO - Processing file /opt/airflow/dags/triggerdag1.py for tasks to queue
[2023-08-28T14:56:50.632+0000] {logging_mixin.py:137} INFO - [2023-08-28T14:56:50.631+0000] {dagbag.py:538} INFO - Filling up the DagBag from /opt/airflow/dags/triggerdag1.py
[2023-08-28T14:56:50.646+0000] {processor.py:753} INFO - DAG(s) dict_keys(['triggerdag1']) retrieved from /opt/airflow/dags/triggerdag1.py
[2023-08-28T14:56:50.676+0000] {logging_mixin.py:137} INFO - [2023-08-28T14:56:50.676+0000] {dag.py:2690} INFO - Sync 1 DAGs
[2023-08-28T14:56:50.715+0000] {logging_mixin.py:137} INFO - [2023-08-28T14:56:50.715+0000] {dag.py:3441} INFO - Setting next_dagrun for triggerdag1 to None, run_after=None
[2023-08-28T14:56:50.744+0000] {processor.py:175} INFO - Processing /opt/airflow/dags/triggerdag1.py took 0.118 seconds
[2023-08-28T14:56:56.034+0000] {processor.py:153} INFO - Started process (PID=490) to work on /opt/airflow/dags/triggerdag1.py
[2023-08-28T14:56:56.035+0000] {processor.py:743} INFO - Processing file /opt/airflow/dags/triggerdag1.py for tasks to queue
[2023-08-28T14:56:56.036+0000] {logging_mixin.py:137} INFO - [2023-08-28T14:56:56.036+0000] {dagbag.py:538} INFO - Filling up the DagBag from /opt/airflow/dags/triggerdag1.py
[2023-08-28T14:56:56.052+0000] {processor.py:753} INFO - DAG(s) dict_keys(['triggerdag1']) retrieved from /opt/airflow/dags/triggerdag1.py
[2023-08-28T14:56:56.077+0000] {logging_mixin.py:137} INFO - [2023-08-28T14:56:56.076+0000] {dag.py:2690} INFO - Sync 1 DAGs
[2023-08-28T14:56:56.102+0000] {logging_mixin.py:137} INFO - [2023-08-28T14:56:56.102+0000] {dag.py:3441} INFO - Setting next_dagrun for triggerdag1 to None, run_after=None
[2023-08-28T14:56:56.130+0000] {processor.py:175} INFO - Processing /opt/airflow/dags/triggerdag1.py took 0.101 seconds
[2023-08-28T14:57:01.407+0000] {processor.py:153} INFO - Started process (PID=508) to work on /opt/airflow/dags/triggerdag1.py
[2023-08-28T14:57:01.407+0000] {processor.py:743} INFO - Processing file /opt/airflow/dags/triggerdag1.py for tasks to queue
[2023-08-28T14:57:01.409+0000] {logging_mixin.py:137} INFO - [2023-08-28T14:57:01.408+0000] {dagbag.py:538} INFO - Filling up the DagBag from /opt/airflow/dags/triggerdag1.py
[2023-08-28T14:57:01.425+0000] {processor.py:753} INFO - DAG(s) dict_keys(['triggerdag1']) retrieved from /opt/airflow/dags/triggerdag1.py
[2023-08-28T14:57:01.453+0000] {logging_mixin.py:137} INFO - [2023-08-28T14:57:01.453+0000] {dag.py:2690} INFO - Sync 1 DAGs
[2023-08-28T14:57:01.488+0000] {logging_mixin.py:137} INFO - [2023-08-28T14:57:01.488+0000] {dag.py:3441} INFO - Setting next_dagrun for triggerdag1 to None, run_after=None
[2023-08-28T14:57:01.508+0000] {processor.py:175} INFO - Processing /opt/airflow/dags/triggerdag1.py took 0.105 seconds
[2023-08-28T14:57:06.843+0000] {processor.py:153} INFO - Started process (PID=514) to work on /opt/airflow/dags/triggerdag1.py
[2023-08-28T14:57:06.844+0000] {processor.py:743} INFO - Processing file /opt/airflow/dags/triggerdag1.py for tasks to queue
[2023-08-28T14:57:06.845+0000] {logging_mixin.py:137} INFO - [2023-08-28T14:57:06.845+0000] {dagbag.py:538} INFO - Filling up the DagBag from /opt/airflow/dags/triggerdag1.py
[2023-08-28T14:57:06.865+0000] {processor.py:753} INFO - DAG(s) dict_keys(['triggerdag1']) retrieved from /opt/airflow/dags/triggerdag1.py
[2023-08-28T14:57:06.893+0000] {logging_mixin.py:137} INFO - [2023-08-28T14:57:06.893+0000] {dag.py:2690} INFO - Sync 1 DAGs
[2023-08-28T14:57:06.930+0000] {logging_mixin.py:137} INFO - [2023-08-28T14:57:06.930+0000] {dag.py:3441} INFO - Setting next_dagrun for triggerdag1 to None, run_after=None
[2023-08-28T14:57:06.953+0000] {processor.py:175} INFO - Processing /opt/airflow/dags/triggerdag1.py took 0.116 seconds
[2023-08-28T14:57:12.244+0000] {processor.py:153} INFO - Started process (PID=532) to work on /opt/airflow/dags/triggerdag1.py
[2023-08-28T14:57:12.244+0000] {processor.py:743} INFO - Processing file /opt/airflow/dags/triggerdag1.py for tasks to queue
[2023-08-28T14:57:12.245+0000] {logging_mixin.py:137} INFO - [2023-08-28T14:57:12.245+0000] {dagbag.py:538} INFO - Filling up the DagBag from /opt/airflow/dags/triggerdag1.py
[2023-08-28T14:57:12.260+0000] {processor.py:753} INFO - DAG(s) dict_keys(['triggerdag1']) retrieved from /opt/airflow/dags/triggerdag1.py
[2023-08-28T14:57:12.285+0000] {logging_mixin.py:137} INFO - [2023-08-28T14:57:12.285+0000] {dag.py:2690} INFO - Sync 1 DAGs
[2023-08-28T14:57:12.313+0000] {logging_mixin.py:137} INFO - [2023-08-28T14:57:12.312+0000] {dag.py:3441} INFO - Setting next_dagrun for triggerdag1 to None, run_after=None
[2023-08-28T14:57:12.333+0000] {processor.py:175} INFO - Processing /opt/airflow/dags/triggerdag1.py took 0.093 seconds
