[2023-09-02T20:56:17.396+0000] {taskinstance.py:1083} INFO - Dependencies all met for <TaskInstance: defaultargs.tsk1 scheduled__2023-03-06T00:00:00+00:00 [queued]>
[2023-09-02T20:56:17.417+0000] {taskinstance.py:1083} INFO - Dependencies all met for <TaskInstance: defaultargs.tsk1 scheduled__2023-03-06T00:00:00+00:00 [queued]>
[2023-09-02T20:56:17.420+0000] {taskinstance.py:1279} INFO - 
--------------------------------------------------------------------------------
[2023-09-02T20:56:17.420+0000] {taskinstance.py:1280} INFO - Starting attempt 1 of 2
[2023-09-02T20:56:17.424+0000] {taskinstance.py:1281} INFO - 
--------------------------------------------------------------------------------
[2023-09-02T20:56:17.471+0000] {taskinstance.py:1300} INFO - Executing <Task(BashOperator): tsk1> on 2023-03-06 00:00:00+00:00
[2023-09-02T20:56:17.479+0000] {standard_task_runner.py:55} INFO - Started process 1426 to run task
[2023-09-02T20:56:17.500+0000] {standard_task_runner.py:82} INFO - Running: ['***', 'tasks', 'run', 'defaultargs', 'tsk1', 'scheduled__2023-03-06T00:00:00+00:00', '--job-id', '109', '--raw', '--subdir', 'DAGS_FOLDER/defaultargs.py', '--cfg-path', '/tmp/tmphrxlvinl']
[2023-09-02T20:56:17.506+0000] {standard_task_runner.py:83} INFO - Job 109: Subtask tsk1
[2023-09-02T20:56:17.657+0000] {task_command.py:388} INFO - Running <TaskInstance: defaultargs.tsk1 scheduled__2023-03-06T00:00:00+00:00 [running]> on host 3c3753b2e609
[2023-09-02T20:56:18.010+0000] {taskinstance.py:1509} INFO - Exporting the following env vars:
AIRFLOW_CTX_DAG_EMAIL=tiagolinhares051@gmail.com
AIRFLOW_CTX_DAG_OWNER=***
AIRFLOW_CTX_DAG_ID=defaultargs
AIRFLOW_CTX_TASK_ID=tsk1
AIRFLOW_CTX_EXECUTION_DATE=2023-03-06T00:00:00+00:00
AIRFLOW_CTX_TRY_NUMBER=1
AIRFLOW_CTX_DAG_RUN_ID=scheduled__2023-03-06T00:00:00+00:00
[2023-09-02T20:56:18.011+0000] {subprocess.py:63} INFO - Tmp dir root location: 
 /tmp
[2023-09-02T20:56:18.012+0000] {subprocess.py:75} INFO - Running command: ['/bin/bash', '-c', 'sleep 5']
[2023-09-02T20:56:18.052+0000] {subprocess.py:86} INFO - Output:
[2023-09-02T20:56:23.067+0000] {subprocess.py:97} INFO - Command exited with return code 0
[2023-09-02T20:56:23.092+0000] {taskinstance.py:1323} INFO - Marking task as SUCCESS. dag_id=defaultargs, task_id=tsk1, execution_date=20230306T000000, start_date=20230902T205617, end_date=20230902T205623
[2023-09-02T20:56:23.123+0000] {local_task_job.py:208} INFO - Task exited with return code 0
[2023-09-02T20:56:23.144+0000] {taskinstance.py:2578} INFO - 2 downstream tasks scheduled from follow-on schedule check
