[2023-09-02T20:56:42.351+0000] {taskinstance.py:1083} INFO - Dependencies all met for <TaskInstance: defaultargs.tsk3 scheduled__2023-03-06T12:00:00+00:00 [queued]>
[2023-09-02T20:56:42.381+0000] {taskinstance.py:1083} INFO - Dependencies all met for <TaskInstance: defaultargs.tsk3 scheduled__2023-03-06T12:00:00+00:00 [queued]>
[2023-09-02T20:56:42.385+0000] {taskinstance.py:1279} INFO - 
--------------------------------------------------------------------------------
[2023-09-02T20:56:42.386+0000] {taskinstance.py:1280} INFO - Starting attempt 1 of 2
[2023-09-02T20:56:42.386+0000] {taskinstance.py:1281} INFO - 
--------------------------------------------------------------------------------
[2023-09-02T20:56:42.438+0000] {taskinstance.py:1300} INFO - Executing <Task(BashOperator): tsk3> on 2023-03-06 12:00:00+00:00
[2023-09-02T20:56:42.446+0000] {standard_task_runner.py:55} INFO - Started process 1607 to run task
[2023-09-02T20:56:42.461+0000] {standard_task_runner.py:82} INFO - Running: ['***', 'tasks', 'run', 'defaultargs', 'tsk3', 'scheduled__2023-03-06T12:00:00+00:00', '--job-id', '163', '--raw', '--subdir', 'DAGS_FOLDER/defaultargs.py', '--cfg-path', '/tmp/tmps9h559f6']
[2023-09-02T20:56:42.462+0000] {standard_task_runner.py:83} INFO - Job 163: Subtask tsk3
[2023-09-02T20:56:42.608+0000] {task_command.py:388} INFO - Running <TaskInstance: defaultargs.tsk3 scheduled__2023-03-06T12:00:00+00:00 [running]> on host 3c3753b2e609
[2023-09-02T20:56:42.785+0000] {taskinstance.py:1509} INFO - Exporting the following env vars:
AIRFLOW_CTX_DAG_EMAIL=tiagolinhares051@gmail.com
AIRFLOW_CTX_DAG_OWNER=***
AIRFLOW_CTX_DAG_ID=defaultargs
AIRFLOW_CTX_TASK_ID=tsk3
AIRFLOW_CTX_EXECUTION_DATE=2023-03-06T12:00:00+00:00
AIRFLOW_CTX_TRY_NUMBER=1
AIRFLOW_CTX_DAG_RUN_ID=scheduled__2023-03-06T12:00:00+00:00
[2023-09-02T20:56:42.786+0000] {subprocess.py:63} INFO - Tmp dir root location: 
 /tmp
[2023-09-02T20:56:42.788+0000] {subprocess.py:75} INFO - Running command: ['/bin/bash', '-c', 'sleep 5']
[2023-09-02T20:56:42.802+0000] {subprocess.py:86} INFO - Output:
[2023-09-02T20:56:47.806+0000] {subprocess.py:97} INFO - Command exited with return code 0
[2023-09-02T20:56:47.846+0000] {taskinstance.py:1323} INFO - Marking task as SUCCESS. dag_id=defaultargs, task_id=tsk3, execution_date=20230306T120000, start_date=20230902T205642, end_date=20230902T205647
[2023-09-02T20:56:47.897+0000] {local_task_job.py:208} INFO - Task exited with return code 0
[2023-09-02T20:56:47.929+0000] {taskinstance.py:2578} INFO - 0 downstream tasks scheduled from follow-on schedule check
