[2023-09-02T20:55:49.445+0000] {taskinstance.py:1083} INFO - Dependencies all met for <TaskInstance: defaultargs.tsk3 scheduled__2023-03-05T03:00:00+00:00 [queued]>
[2023-09-02T20:55:49.487+0000] {taskinstance.py:1083} INFO - Dependencies all met for <TaskInstance: defaultargs.tsk3 scheduled__2023-03-05T03:00:00+00:00 [queued]>
[2023-09-02T20:55:49.488+0000] {taskinstance.py:1279} INFO - 
--------------------------------------------------------------------------------
[2023-09-02T20:55:49.489+0000] {taskinstance.py:1280} INFO - Starting attempt 1 of 2
[2023-09-02T20:55:49.489+0000] {taskinstance.py:1281} INFO - 
--------------------------------------------------------------------------------
[2023-09-02T20:55:49.539+0000] {taskinstance.py:1300} INFO - Executing <Task(BashOperator): tsk3> on 2023-03-05 03:00:00+00:00
[2023-09-02T20:55:49.547+0000] {standard_task_runner.py:55} INFO - Started process 1282 to run task
[2023-09-02T20:55:49.574+0000] {standard_task_runner.py:82} INFO - Running: ['***', 'tasks', 'run', 'defaultargs', 'tsk3', 'scheduled__2023-03-05T03:00:00+00:00', '--job-id', '70', '--raw', '--subdir', 'DAGS_FOLDER/defaultargs.py', '--cfg-path', '/tmp/tmpq9jc944i']
[2023-09-02T20:55:49.578+0000] {standard_task_runner.py:83} INFO - Job 70: Subtask tsk3
[2023-09-02T20:55:49.807+0000] {task_command.py:388} INFO - Running <TaskInstance: defaultargs.tsk3 scheduled__2023-03-05T03:00:00+00:00 [running]> on host 3c3753b2e609
[2023-09-02T20:55:50.098+0000] {taskinstance.py:1509} INFO - Exporting the following env vars:
AIRFLOW_CTX_DAG_EMAIL=tiagolinhares051@gmail.com
AIRFLOW_CTX_DAG_OWNER=***
AIRFLOW_CTX_DAG_ID=defaultargs
AIRFLOW_CTX_TASK_ID=tsk3
AIRFLOW_CTX_EXECUTION_DATE=2023-03-05T03:00:00+00:00
AIRFLOW_CTX_TRY_NUMBER=1
AIRFLOW_CTX_DAG_RUN_ID=scheduled__2023-03-05T03:00:00+00:00
[2023-09-02T20:55:50.102+0000] {subprocess.py:63} INFO - Tmp dir root location: 
 /tmp
[2023-09-02T20:55:50.103+0000] {subprocess.py:75} INFO - Running command: ['/bin/bash', '-c', 'sleep 5']
[2023-09-02T20:55:50.176+0000] {subprocess.py:86} INFO - Output:
[2023-09-02T20:55:55.227+0000] {subprocess.py:97} INFO - Command exited with return code 0
[2023-09-02T20:55:55.252+0000] {taskinstance.py:1323} INFO - Marking task as SUCCESS. dag_id=defaultargs, task_id=tsk3, execution_date=20230305T030000, start_date=20230902T205549, end_date=20230902T205555
[2023-09-02T20:55:55.275+0000] {local_task_job.py:208} INFO - Task exited with return code 0
[2023-09-02T20:55:55.293+0000] {taskinstance.py:2578} INFO - 0 downstream tasks scheduled from follow-on schedule check
