[2023-09-02T20:56:06.000+0000] {taskinstance.py:1083} INFO - Dependencies all met for <TaskInstance: defaultargs.tsk2 scheduled__2023-03-05T17:00:00+00:00 [queued]>
[2023-09-02T20:56:06.014+0000] {taskinstance.py:1083} INFO - Dependencies all met for <TaskInstance: defaultargs.tsk2 scheduled__2023-03-05T17:00:00+00:00 [queued]>
[2023-09-02T20:56:06.014+0000] {taskinstance.py:1279} INFO - 
--------------------------------------------------------------------------------
[2023-09-02T20:56:06.014+0000] {taskinstance.py:1280} INFO - Starting attempt 1 of 2
[2023-09-02T20:56:06.014+0000] {taskinstance.py:1281} INFO - 
--------------------------------------------------------------------------------
[2023-09-02T20:56:06.030+0000] {taskinstance.py:1300} INFO - Executing <Task(BashOperator): tsk2> on 2023-03-05 17:00:00+00:00
[2023-09-02T20:56:06.035+0000] {standard_task_runner.py:55} INFO - Started process 1388 to run task
[2023-09-02T20:56:06.040+0000] {standard_task_runner.py:82} INFO - Running: ['***', 'tasks', 'run', 'defaultargs', 'tsk2', 'scheduled__2023-03-05T17:00:00+00:00', '--job-id', '101', '--raw', '--subdir', 'DAGS_FOLDER/defaultargs.py', '--cfg-path', '/tmp/tmpv2f8mo41']
[2023-09-02T20:56:06.040+0000] {standard_task_runner.py:83} INFO - Job 101: Subtask tsk2
[2023-09-02T20:56:06.114+0000] {task_command.py:388} INFO - Running <TaskInstance: defaultargs.tsk2 scheduled__2023-03-05T17:00:00+00:00 [running]> on host 3c3753b2e609
[2023-09-02T20:56:06.202+0000] {taskinstance.py:1509} INFO - Exporting the following env vars:
AIRFLOW_CTX_DAG_EMAIL=tiagolinhares051@gmail.com
AIRFLOW_CTX_DAG_OWNER=***
AIRFLOW_CTX_DAG_ID=defaultargs
AIRFLOW_CTX_TASK_ID=tsk2
AIRFLOW_CTX_EXECUTION_DATE=2023-03-05T17:00:00+00:00
AIRFLOW_CTX_TRY_NUMBER=1
AIRFLOW_CTX_DAG_RUN_ID=scheduled__2023-03-05T17:00:00+00:00
[2023-09-02T20:56:06.203+0000] {subprocess.py:63} INFO - Tmp dir root location: 
 /tmp
[2023-09-02T20:56:06.204+0000] {subprocess.py:75} INFO - Running command: ['/bin/bash', '-c', 'sleep 5']
[2023-09-02T20:56:06.216+0000] {subprocess.py:86} INFO - Output:
[2023-09-02T20:56:11.229+0000] {subprocess.py:97} INFO - Command exited with return code 0
[2023-09-02T20:56:11.325+0000] {taskinstance.py:1323} INFO - Marking task as SUCCESS. dag_id=defaultargs, task_id=tsk2, execution_date=20230305T170000, start_date=20230902T205606, end_date=20230902T205611
[2023-09-02T20:56:11.431+0000] {local_task_job.py:208} INFO - Task exited with return code 0
[2023-09-02T20:56:11.458+0000] {taskinstance.py:2578} INFO - 0 downstream tasks scheduled from follow-on schedule check
