[2023-09-02T21:54:45.857+0000] {taskinstance.py:1083} INFO - Dependencies all met for <TaskInstance: dagemail.tsk4 manual__2023-09-02T21:54:32.453820+00:00 [queued]>
[2023-09-02T21:54:45.870+0000] {taskinstance.py:1083} INFO - Dependencies all met for <TaskInstance: dagemail.tsk4 manual__2023-09-02T21:54:32.453820+00:00 [queued]>
[2023-09-02T21:54:45.871+0000] {taskinstance.py:1279} INFO - 
--------------------------------------------------------------------------------
[2023-09-02T21:54:45.871+0000] {taskinstance.py:1280} INFO - Starting attempt 1 of 2
[2023-09-02T21:54:45.872+0000] {taskinstance.py:1281} INFO - 
--------------------------------------------------------------------------------
[2023-09-02T21:54:45.894+0000] {taskinstance.py:1300} INFO - Executing <Task(BashOperator): tsk4> on 2023-09-02 21:54:32.453820+00:00
[2023-09-02T21:54:45.901+0000] {standard_task_runner.py:55} INFO - Started process 931 to run task
[2023-09-02T21:54:45.905+0000] {standard_task_runner.py:82} INFO - Running: ['***', 'tasks', 'run', 'dagemail', 'tsk4', 'manual__2023-09-02T21:54:32.453820+00:00', '--job-id', '231', '--raw', '--subdir', 'DAGS_FOLDER/dagemail.py', '--cfg-path', '/tmp/tmp00ribbij']
[2023-09-02T21:54:45.906+0000] {standard_task_runner.py:83} INFO - Job 231: Subtask tsk4
[2023-09-02T21:54:45.989+0000] {task_command.py:388} INFO - Running <TaskInstance: dagemail.tsk4 manual__2023-09-02T21:54:32.453820+00:00 [running]> on host 8d5456a88302
[2023-09-02T21:54:46.068+0000] {taskinstance.py:1509} INFO - Exporting the following env vars:
AIRFLOW_CTX_DAG_EMAIL=tiagolinhares051@gmail.com
AIRFLOW_CTX_DAG_OWNER=***
AIRFLOW_CTX_DAG_ID=dagemail
AIRFLOW_CTX_TASK_ID=tsk4
AIRFLOW_CTX_EXECUTION_DATE=2023-09-02T21:54:32.453820+00:00
AIRFLOW_CTX_TRY_NUMBER=1
AIRFLOW_CTX_DAG_RUN_ID=manual__2023-09-02T21:54:32.453820+00:00
[2023-09-02T21:54:46.069+0000] {subprocess.py:63} INFO - Tmp dir root location: 
 /tmp
[2023-09-02T21:54:46.070+0000] {subprocess.py:75} INFO - Running command: ['/bin/bash', '-c', 'sleep 5']
[2023-09-02T21:54:46.085+0000] {subprocess.py:86} INFO - Output:
[2023-09-02T21:54:51.089+0000] {subprocess.py:97} INFO - Command exited with return code 0
[2023-09-02T21:54:51.115+0000] {taskinstance.py:1323} INFO - Marking task as SUCCESS. dag_id=dagemail, task_id=tsk4, execution_date=20230902T215432, start_date=20230902T215445, end_date=20230902T215451
[2023-09-02T21:54:51.144+0000] {local_task_job.py:208} INFO - Task exited with return code 0
[2023-09-02T21:54:51.163+0000] {taskinstance.py:2578} INFO - 3 downstream tasks scheduled from follow-on schedule check
