[2023-09-02T21:55:33.866+0000] {taskinstance.py:1083} INFO - Dependencies all met for <TaskInstance: dagemail.tsk1 manual__2023-09-02T21:55:32.971134+00:00 [queued]>
[2023-09-02T21:55:33.883+0000] {taskinstance.py:1083} INFO - Dependencies all met for <TaskInstance: dagemail.tsk1 manual__2023-09-02T21:55:32.971134+00:00 [queued]>
[2023-09-02T21:55:33.883+0000] {taskinstance.py:1279} INFO - 
--------------------------------------------------------------------------------
[2023-09-02T21:55:33.884+0000] {taskinstance.py:1280} INFO - Starting attempt 1 of 2
[2023-09-02T21:55:33.884+0000] {taskinstance.py:1281} INFO - 
--------------------------------------------------------------------------------
[2023-09-02T21:55:33.911+0000] {taskinstance.py:1300} INFO - Executing <Task(BashOperator): tsk1> on 2023-09-02 21:55:32.971134+00:00
[2023-09-02T21:55:33.923+0000] {standard_task_runner.py:55} INFO - Started process 992 to run task
[2023-09-02T21:55:33.936+0000] {standard_task_runner.py:82} INFO - Running: ['***', 'tasks', 'run', 'dagemail', 'tsk1', 'manual__2023-09-02T21:55:32.971134+00:00', '--job-id', '235', '--raw', '--subdir', 'DAGS_FOLDER/dagemail.py', '--cfg-path', '/tmp/tmpb7y9ks5m']
[2023-09-02T21:55:33.937+0000] {standard_task_runner.py:83} INFO - Job 235: Subtask tsk1
[2023-09-02T21:55:34.043+0000] {task_command.py:388} INFO - Running <TaskInstance: dagemail.tsk1 manual__2023-09-02T21:55:32.971134+00:00 [running]> on host 8d5456a88302
[2023-09-02T21:55:34.148+0000] {taskinstance.py:1509} INFO - Exporting the following env vars:
AIRFLOW_CTX_DAG_EMAIL=tiagolinhares051@gmail.com
AIRFLOW_CTX_DAG_OWNER=***
AIRFLOW_CTX_DAG_ID=dagemail
AIRFLOW_CTX_TASK_ID=tsk1
AIRFLOW_CTX_EXECUTION_DATE=2023-09-02T21:55:32.971134+00:00
AIRFLOW_CTX_TRY_NUMBER=1
AIRFLOW_CTX_DAG_RUN_ID=manual__2023-09-02T21:55:32.971134+00:00
[2023-09-02T21:55:34.150+0000] {subprocess.py:63} INFO - Tmp dir root location: 
 /tmp
[2023-09-02T21:55:34.151+0000] {subprocess.py:75} INFO - Running command: ['/bin/bash', '-c', 'sleep 5']
[2023-09-02T21:55:34.164+0000] {subprocess.py:86} INFO - Output:
[2023-09-02T21:55:39.167+0000] {subprocess.py:97} INFO - Command exited with return code 0
[2023-09-02T21:55:39.194+0000] {taskinstance.py:1323} INFO - Marking task as SUCCESS. dag_id=dagemail, task_id=tsk1, execution_date=20230902T215532, start_date=20230902T215533, end_date=20230902T215539
[2023-09-02T21:55:39.241+0000] {local_task_job.py:208} INFO - Task exited with return code 0
[2023-09-02T21:55:39.265+0000] {taskinstance.py:2578} INFO - 0 downstream tasks scheduled from follow-on schedule check
