[2023-09-02T20:55:50.214+0000] {taskinstance.py:1083} INFO - Dependencies all met for <TaskInstance: defaultargs.tsk2 scheduled__2023-03-05T06:00:00+00:00 [queued]>
[2023-09-02T20:55:50.258+0000] {taskinstance.py:1083} INFO - Dependencies all met for <TaskInstance: defaultargs.tsk2 scheduled__2023-03-05T06:00:00+00:00 [queued]>
[2023-09-02T20:55:50.259+0000] {taskinstance.py:1279} INFO - 
--------------------------------------------------------------------------------
[2023-09-02T20:55:50.260+0000] {taskinstance.py:1280} INFO - Starting attempt 1 of 2
[2023-09-02T20:55:50.260+0000] {taskinstance.py:1281} INFO - 
--------------------------------------------------------------------------------
[2023-09-02T20:55:50.363+0000] {taskinstance.py:1300} INFO - Executing <Task(BashOperator): tsk2> on 2023-03-05 06:00:00+00:00
[2023-09-02T20:55:50.401+0000] {standard_task_runner.py:55} INFO - Started process 1292 to run task
[2023-09-02T20:55:50.424+0000] {standard_task_runner.py:82} INFO - Running: ['***', 'tasks', 'run', 'defaultargs', 'tsk2', 'scheduled__2023-03-05T06:00:00+00:00', '--job-id', '74', '--raw', '--subdir', 'DAGS_FOLDER/defaultargs.py', '--cfg-path', '/tmp/tmp83xejg10']
[2023-09-02T20:55:50.426+0000] {standard_task_runner.py:83} INFO - Job 74: Subtask tsk2
[2023-09-02T20:55:50.558+0000] {task_command.py:388} INFO - Running <TaskInstance: defaultargs.tsk2 scheduled__2023-03-05T06:00:00+00:00 [running]> on host 3c3753b2e609
[2023-09-02T20:55:50.738+0000] {taskinstance.py:1509} INFO - Exporting the following env vars:
AIRFLOW_CTX_DAG_EMAIL=tiagolinhares051@gmail.com
AIRFLOW_CTX_DAG_OWNER=***
AIRFLOW_CTX_DAG_ID=defaultargs
AIRFLOW_CTX_TASK_ID=tsk2
AIRFLOW_CTX_EXECUTION_DATE=2023-03-05T06:00:00+00:00
AIRFLOW_CTX_TRY_NUMBER=1
AIRFLOW_CTX_DAG_RUN_ID=scheduled__2023-03-05T06:00:00+00:00
[2023-09-02T20:55:50.739+0000] {subprocess.py:63} INFO - Tmp dir root location: 
 /tmp
[2023-09-02T20:55:50.739+0000] {subprocess.py:75} INFO - Running command: ['/bin/bash', '-c', 'sleep 5']
[2023-09-02T20:55:50.776+0000] {subprocess.py:86} INFO - Output:
[2023-09-02T20:55:55.787+0000] {subprocess.py:97} INFO - Command exited with return code 0
[2023-09-02T20:55:55.852+0000] {taskinstance.py:1323} INFO - Marking task as SUCCESS. dag_id=defaultargs, task_id=tsk2, execution_date=20230305T060000, start_date=20230902T205550, end_date=20230902T205555
[2023-09-02T20:55:55.920+0000] {local_task_job.py:208} INFO - Task exited with return code 0
[2023-09-02T20:55:55.953+0000] {taskinstance.py:2578} INFO - 0 downstream tasks scheduled from follow-on schedule check
