[2023-09-02T20:56:19.466+0000] {taskinstance.py:1083} INFO - Dependencies all met for <TaskInstance: defaultargs.tsk2 scheduled__2023-03-05T21:00:00+00:00 [queued]>
[2023-09-02T20:56:19.494+0000] {taskinstance.py:1083} INFO - Dependencies all met for <TaskInstance: defaultargs.tsk2 scheduled__2023-03-05T21:00:00+00:00 [queued]>
[2023-09-02T20:56:19.495+0000] {taskinstance.py:1279} INFO - 
--------------------------------------------------------------------------------
[2023-09-02T20:56:19.496+0000] {taskinstance.py:1280} INFO - Starting attempt 1 of 2
[2023-09-02T20:56:19.496+0000] {taskinstance.py:1281} INFO - 
--------------------------------------------------------------------------------
[2023-09-02T20:56:19.524+0000] {taskinstance.py:1300} INFO - Executing <Task(BashOperator): tsk2> on 2023-03-05 21:00:00+00:00
[2023-09-02T20:56:19.539+0000] {standard_task_runner.py:55} INFO - Started process 1451 to run task
[2023-09-02T20:56:19.550+0000] {standard_task_runner.py:82} INFO - Running: ['***', 'tasks', 'run', 'defaultargs', 'tsk2', 'scheduled__2023-03-05T21:00:00+00:00', '--job-id', '120', '--raw', '--subdir', 'DAGS_FOLDER/defaultargs.py', '--cfg-path', '/tmp/tmpx5kkkp5d']
[2023-09-02T20:56:19.553+0000] {standard_task_runner.py:83} INFO - Job 120: Subtask tsk2
[2023-09-02T20:56:19.671+0000] {task_command.py:388} INFO - Running <TaskInstance: defaultargs.tsk2 scheduled__2023-03-05T21:00:00+00:00 [running]> on host 3c3753b2e609
[2023-09-02T20:56:19.842+0000] {taskinstance.py:1509} INFO - Exporting the following env vars:
AIRFLOW_CTX_DAG_EMAIL=tiagolinhares051@gmail.com
AIRFLOW_CTX_DAG_OWNER=***
AIRFLOW_CTX_DAG_ID=defaultargs
AIRFLOW_CTX_TASK_ID=tsk2
AIRFLOW_CTX_EXECUTION_DATE=2023-03-05T21:00:00+00:00
AIRFLOW_CTX_TRY_NUMBER=1
AIRFLOW_CTX_DAG_RUN_ID=scheduled__2023-03-05T21:00:00+00:00
[2023-09-02T20:56:19.846+0000] {subprocess.py:63} INFO - Tmp dir root location: 
 /tmp
[2023-09-02T20:56:19.847+0000] {subprocess.py:75} INFO - Running command: ['/bin/bash', '-c', 'sleep 5']
[2023-09-02T20:56:19.862+0000] {subprocess.py:86} INFO - Output:
[2023-09-02T20:56:24.866+0000] {subprocess.py:97} INFO - Command exited with return code 0
[2023-09-02T20:56:25.003+0000] {taskinstance.py:1323} INFO - Marking task as SUCCESS. dag_id=defaultargs, task_id=tsk2, execution_date=20230305T210000, start_date=20230902T205619, end_date=20230902T205625
[2023-09-02T20:56:25.235+0000] {local_task_job.py:208} INFO - Task exited with return code 0
[2023-09-02T20:56:25.266+0000] {taskinstance.py:2578} INFO - 0 downstream tasks scheduled from follow-on schedule check
