[2023-08-25T00:25:50.636+0000] {taskinstance.py:1083} INFO - Dependencies all met for <TaskInstance: quartadag.tsk1 manual__2023-08-25T00:25:49.198810+00:00 [queued]>
[2023-08-25T00:25:50.644+0000] {taskinstance.py:1083} INFO - Dependencies all met for <TaskInstance: quartadag.tsk1 manual__2023-08-25T00:25:49.198810+00:00 [queued]>
[2023-08-25T00:25:50.644+0000] {taskinstance.py:1279} INFO - 
--------------------------------------------------------------------------------
[2023-08-25T00:25:50.644+0000] {taskinstance.py:1280} INFO - Starting attempt 1 of 1
[2023-08-25T00:25:50.644+0000] {taskinstance.py:1281} INFO - 
--------------------------------------------------------------------------------
[2023-08-25T00:25:50.699+0000] {taskinstance.py:1300} INFO - Executing <Task(BashOperator): tsk1> on 2023-08-25 00:25:49.198810+00:00
[2023-08-25T00:25:50.703+0000] {standard_task_runner.py:55} INFO - Started process 1928 to run task
[2023-08-25T00:25:50.705+0000] {standard_task_runner.py:82} INFO - Running: ['***', 'tasks', 'run', 'quartadag', 'tsk1', 'manual__2023-08-25T00:25:49.198810+00:00', '--job-id', '12', '--raw', '--subdir', 'DAGS_FOLDER/quartadag.py', '--cfg-path', '/tmp/tmpuy9yiujj']
[2023-08-25T00:25:50.705+0000] {standard_task_runner.py:83} INFO - Job 12: Subtask tsk1
[2023-08-25T00:25:50.787+0000] {task_command.py:388} INFO - Running <TaskInstance: quartadag.tsk1 manual__2023-08-25T00:25:49.198810+00:00 [running]> on host 1a783b418faa
[2023-08-25T00:25:50.927+0000] {taskinstance.py:1509} INFO - Exporting the following env vars:
AIRFLOW_CTX_DAG_OWNER=***
AIRFLOW_CTX_DAG_ID=quartadag
AIRFLOW_CTX_TASK_ID=tsk1
AIRFLOW_CTX_EXECUTION_DATE=2023-08-25T00:25:49.198810+00:00
AIRFLOW_CTX_TRY_NUMBER=1
AIRFLOW_CTX_DAG_RUN_ID=manual__2023-08-25T00:25:49.198810+00:00
[2023-08-25T00:25:50.928+0000] {subprocess.py:63} INFO - Tmp dir root location: 
 /tmp
[2023-08-25T00:25:50.928+0000] {subprocess.py:75} INFO - Running command: ['/bin/bash', '-c', 'sleep 5']
[2023-08-25T00:25:50.939+0000] {subprocess.py:86} INFO - Output:
[2023-08-25T00:25:55.942+0000] {subprocess.py:97} INFO - Command exited with return code 0
[2023-08-25T00:25:56.000+0000] {taskinstance.py:1323} INFO - Marking task as SUCCESS. dag_id=quartadag, task_id=tsk1, execution_date=20230825T002549, start_date=20230825T002550, end_date=20230825T002556
[2023-08-25T00:25:56.085+0000] {local_task_job.py:208} INFO - Task exited with return code 0
[2023-08-25T00:25:56.110+0000] {taskinstance.py:2578} INFO - 1 downstream tasks scheduled from follow-on schedule check
