[2023-09-27T17:31:47.478+0000] {taskinstance.py:1083} INFO - Dependencies all met for <TaskInstance: pool.tsk1 manual__2023-09-27T17:31:45.643840+00:00 [queued]>
[2023-09-27T17:31:47.488+0000] {taskinstance.py:1083} INFO - Dependencies all met for <TaskInstance: pool.tsk1 manual__2023-09-27T17:31:45.643840+00:00 [queued]>
[2023-09-27T17:31:47.488+0000] {taskinstance.py:1279} INFO - 
--------------------------------------------------------------------------------
[2023-09-27T17:31:47.488+0000] {taskinstance.py:1280} INFO - Starting attempt 1 of 1
[2023-09-27T17:31:47.488+0000] {taskinstance.py:1281} INFO - 
--------------------------------------------------------------------------------
[2023-09-27T17:31:47.537+0000] {taskinstance.py:1300} INFO - Executing <Task(BashOperator): tsk1> on 2023-09-27 17:31:45.643840+00:00
[2023-09-27T17:31:47.554+0000] {standard_task_runner.py:55} INFO - Started process 1913 to run task
[2023-09-27T17:31:47.563+0000] {standard_task_runner.py:82} INFO - Running: ['***', 'tasks', 'run', 'pool', 'tsk1', 'manual__2023-09-27T17:31:45.643840+00:00', '--job-id', '15', '--raw', '--subdir', 'DAGS_FOLDER/pools.py', '--cfg-path', '/tmp/tmpcxs9ujeb']
[2023-09-27T17:31:47.564+0000] {standard_task_runner.py:83} INFO - Job 15: Subtask tsk1
[2023-09-27T17:31:47.689+0000] {task_command.py:388} INFO - Running <TaskInstance: pool.tsk1 manual__2023-09-27T17:31:45.643840+00:00 [running]> on host 0eb481da037f
[2023-09-27T17:31:47.851+0000] {taskinstance.py:1509} INFO - Exporting the following env vars:
AIRFLOW_CTX_DAG_OWNER=***
AIRFLOW_CTX_DAG_ID=pool
AIRFLOW_CTX_TASK_ID=tsk1
AIRFLOW_CTX_EXECUTION_DATE=2023-09-27T17:31:45.643840+00:00
AIRFLOW_CTX_TRY_NUMBER=1
AIRFLOW_CTX_DAG_RUN_ID=manual__2023-09-27T17:31:45.643840+00:00
[2023-09-27T17:31:47.853+0000] {subprocess.py:63} INFO - Tmp dir root location: 
 /tmp
[2023-09-27T17:31:47.854+0000] {subprocess.py:75} INFO - Running command: ['/bin/bash', '-c', 'sleep 5']
[2023-09-27T17:31:47.878+0000] {subprocess.py:86} INFO - Output:
[2023-09-27T17:31:52.884+0000] {subprocess.py:97} INFO - Command exited with return code 0
[2023-09-27T17:31:52.981+0000] {taskinstance.py:1323} INFO - Marking task as SUCCESS. dag_id=pool, task_id=tsk1, execution_date=20230927T173145, start_date=20230927T173147, end_date=20230927T173152
[2023-09-27T17:31:53.074+0000] {local_task_job.py:208} INFO - Task exited with return code 0
[2023-09-27T17:31:53.088+0000] {taskinstance.py:2578} INFO - 0 downstream tasks scheduled from follow-on schedule check
