[2023-09-27T17:09:54.758+0000] {taskinstance.py:1083} INFO - Dependencies all met for <TaskInstance: dummy.tsk4 manual__2023-09-27T17:09:50.026593+00:00 [queued]>
[2023-09-27T17:09:54.768+0000] {taskinstance.py:1083} INFO - Dependencies all met for <TaskInstance: dummy.tsk4 manual__2023-09-27T17:09:50.026593+00:00 [queued]>
[2023-09-27T17:09:54.768+0000] {taskinstance.py:1279} INFO - 
--------------------------------------------------------------------------------
[2023-09-27T17:09:54.769+0000] {taskinstance.py:1280} INFO - Starting attempt 1 of 1
[2023-09-27T17:09:54.769+0000] {taskinstance.py:1281} INFO - 
--------------------------------------------------------------------------------
[2023-09-27T17:09:54.815+0000] {taskinstance.py:1300} INFO - Executing <Task(BashOperator): tsk4> on 2023-09-27 17:09:50.026593+00:00
[2023-09-27T17:09:54.821+0000] {standard_task_runner.py:55} INFO - Started process 195 to run task
[2023-09-27T17:09:54.823+0000] {standard_task_runner.py:82} INFO - Running: ['***', 'tasks', 'run', 'dummy', 'tsk4', 'manual__2023-09-27T17:09:50.026593+00:00', '--job-id', '13', '--raw', '--subdir', 'DAGS_FOLDER/dummy.py', '--cfg-path', '/tmp/tmpblmisty9']
[2023-09-27T17:09:54.824+0000] {standard_task_runner.py:83} INFO - Job 13: Subtask tsk4
[2023-09-27T17:09:54.918+0000] {task_command.py:388} INFO - Running <TaskInstance: dummy.tsk4 manual__2023-09-27T17:09:50.026593+00:00 [running]> on host 0eb481da037f
[2023-09-27T17:09:55.073+0000] {taskinstance.py:1509} INFO - Exporting the following env vars:
AIRFLOW_CTX_DAG_OWNER=***
AIRFLOW_CTX_DAG_ID=dummy
AIRFLOW_CTX_TASK_ID=tsk4
AIRFLOW_CTX_EXECUTION_DATE=2023-09-27T17:09:50.026593+00:00
AIRFLOW_CTX_TRY_NUMBER=1
AIRFLOW_CTX_DAG_RUN_ID=manual__2023-09-27T17:09:50.026593+00:00
[2023-09-27T17:09:55.074+0000] {subprocess.py:63} INFO - Tmp dir root location: 
 /tmp
[2023-09-27T17:09:55.075+0000] {subprocess.py:75} INFO - Running command: ['/bin/bash', '-c', 'sleep 1']
[2023-09-27T17:09:55.089+0000] {subprocess.py:86} INFO - Output:
[2023-09-27T17:09:56.093+0000] {subprocess.py:97} INFO - Command exited with return code 0
[2023-09-27T17:09:56.171+0000] {taskinstance.py:1323} INFO - Marking task as SUCCESS. dag_id=dummy, task_id=tsk4, execution_date=20230927T170950, start_date=20230927T170954, end_date=20230927T170956
[2023-09-27T17:09:56.239+0000] {local_task_job.py:208} INFO - Task exited with return code 0
[2023-09-27T17:09:56.265+0000] {taskinstance.py:2578} INFO - 0 downstream tasks scheduled from follow-on schedule check
