[2023-09-02T20:57:53.525+0000] {taskinstance.py:1083} INFO - Dependencies all met for <TaskInstance: defaultargs.tsk2 scheduled__2023-03-07T07:00:00+00:00 [queued]>
[2023-09-02T20:57:53.564+0000] {taskinstance.py:1083} INFO - Dependencies all met for <TaskInstance: defaultargs.tsk2 scheduled__2023-03-07T07:00:00+00:00 [queued]>
[2023-09-02T20:57:53.566+0000] {taskinstance.py:1279} INFO - 
--------------------------------------------------------------------------------
[2023-09-02T20:57:53.568+0000] {taskinstance.py:1280} INFO - Starting attempt 1 of 2
[2023-09-02T20:57:53.570+0000] {taskinstance.py:1281} INFO - 
--------------------------------------------------------------------------------
[2023-09-02T20:57:53.666+0000] {taskinstance.py:1300} INFO - Executing <Task(BashOperator): tsk2> on 2023-03-07 07:00:00+00:00
[2023-09-02T20:57:53.674+0000] {standard_task_runner.py:55} INFO - Started process 1818 to run task
[2023-09-02T20:57:53.745+0000] {standard_task_runner.py:82} INFO - Running: ['***', 'tasks', 'run', 'defaultargs', 'tsk2', 'scheduled__2023-03-07T07:00:00+00:00', '--job-id', '212', '--raw', '--subdir', 'DAGS_FOLDER/defaultargs.py', '--cfg-path', '/tmp/tmp01spguey']
[2023-09-02T20:57:53.748+0000] {standard_task_runner.py:83} INFO - Job 212: Subtask tsk2
[2023-09-02T20:57:54.099+0000] {task_command.py:388} INFO - Running <TaskInstance: defaultargs.tsk2 scheduled__2023-03-07T07:00:00+00:00 [running]> on host 3c3753b2e609
[2023-09-02T20:57:54.559+0000] {taskinstance.py:1509} INFO - Exporting the following env vars:
AIRFLOW_CTX_DAG_EMAIL=tiagolinhares051@gmail.com
AIRFLOW_CTX_DAG_OWNER=***
AIRFLOW_CTX_DAG_ID=defaultargs
AIRFLOW_CTX_TASK_ID=tsk2
AIRFLOW_CTX_EXECUTION_DATE=2023-03-07T07:00:00+00:00
AIRFLOW_CTX_TRY_NUMBER=1
AIRFLOW_CTX_DAG_RUN_ID=scheduled__2023-03-07T07:00:00+00:00
[2023-09-02T20:57:54.562+0000] {subprocess.py:63} INFO - Tmp dir root location: 
 /tmp
[2023-09-02T20:57:54.564+0000] {subprocess.py:75} INFO - Running command: ['/bin/bash', '-c', 'sleep 5']
[2023-09-02T20:57:54.604+0000] {subprocess.py:86} INFO - Output:
[2023-09-02T20:57:59.618+0000] {subprocess.py:97} INFO - Command exited with return code 0
[2023-09-02T20:57:59.663+0000] {taskinstance.py:1323} INFO - Marking task as SUCCESS. dag_id=defaultargs, task_id=tsk2, execution_date=20230307T070000, start_date=20230902T205753, end_date=20230902T205759
[2023-09-02T20:57:59.747+0000] {local_task_job.py:208} INFO - Task exited with return code 0
[2023-09-02T20:57:59.770+0000] {taskinstance.py:2578} INFO - 0 downstream tasks scheduled from follow-on schedule check
