[2023-09-02T21:57:08.747+0000] {taskinstance.py:1083} INFO - Dependencies all met for <TaskInstance: dagemail.tsk3 manual__2023-09-02T21:57:02.065002+00:00 [queued]>
[2023-09-02T21:57:08.761+0000] {taskinstance.py:1083} INFO - Dependencies all met for <TaskInstance: dagemail.tsk3 manual__2023-09-02T21:57:02.065002+00:00 [queued]>
[2023-09-02T21:57:08.761+0000] {taskinstance.py:1279} INFO - 
--------------------------------------------------------------------------------
[2023-09-02T21:57:08.762+0000] {taskinstance.py:1280} INFO - Starting attempt 1 of 2
[2023-09-02T21:57:08.762+0000] {taskinstance.py:1281} INFO - 
--------------------------------------------------------------------------------
[2023-09-02T21:57:08.782+0000] {taskinstance.py:1300} INFO - Executing <Task(BashOperator): tsk3> on 2023-09-02 21:57:02.065002+00:00
[2023-09-02T21:57:08.787+0000] {standard_task_runner.py:55} INFO - Started process 1115 to run task
[2023-09-02T21:57:08.791+0000] {standard_task_runner.py:82} INFO - Running: ['***', 'tasks', 'run', 'dagemail', 'tsk3', 'manual__2023-09-02T21:57:02.065002+00:00', '--job-id', '244', '--raw', '--subdir', 'DAGS_FOLDER/dagemail.py', '--cfg-path', '/tmp/tmpb7mvomcx']
[2023-09-02T21:57:08.792+0000] {standard_task_runner.py:83} INFO - Job 244: Subtask tsk3
[2023-09-02T21:57:08.873+0000] {task_command.py:388} INFO - Running <TaskInstance: dagemail.tsk3 manual__2023-09-02T21:57:02.065002+00:00 [running]> on host 8d5456a88302
[2023-09-02T21:57:08.986+0000] {taskinstance.py:1509} INFO - Exporting the following env vars:
AIRFLOW_CTX_DAG_EMAIL=tiagolinhares051@gmail.com
AIRFLOW_CTX_DAG_OWNER=***
AIRFLOW_CTX_DAG_ID=dagemail
AIRFLOW_CTX_TASK_ID=tsk3
AIRFLOW_CTX_EXECUTION_DATE=2023-09-02T21:57:02.065002+00:00
AIRFLOW_CTX_TRY_NUMBER=1
AIRFLOW_CTX_DAG_RUN_ID=manual__2023-09-02T21:57:02.065002+00:00
[2023-09-02T21:57:08.991+0000] {subprocess.py:63} INFO - Tmp dir root location: 
 /tmp
[2023-09-02T21:57:08.992+0000] {subprocess.py:75} INFO - Running command: ['/bin/bash', '-c', 'sleep 5']
[2023-09-02T21:57:09.007+0000] {subprocess.py:86} INFO - Output:
[2023-09-02T21:57:14.008+0000] {subprocess.py:97} INFO - Command exited with return code 0
[2023-09-02T21:57:14.034+0000] {taskinstance.py:1323} INFO - Marking task as SUCCESS. dag_id=dagemail, task_id=tsk3, execution_date=20230902T215702, start_date=20230902T215708, end_date=20230902T215714
[2023-09-02T21:57:14.058+0000] {local_task_job.py:208} INFO - Task exited with return code 0
[2023-09-02T21:57:14.083+0000] {taskinstance.py:2578} INFO - 1 downstream tasks scheduled from follow-on schedule check
