[2023-08-28T20:57:03.217+0000] {taskinstance.py:1083} INFO - Dependencies all met for <TaskInstance: daggroup.tsk1 manual__2023-08-28T20:57:02.327835+00:00 [queued]>
[2023-08-28T20:57:03.226+0000] {taskinstance.py:1083} INFO - Dependencies all met for <TaskInstance: daggroup.tsk1 manual__2023-08-28T20:57:02.327835+00:00 [queued]>
[2023-08-28T20:57:03.227+0000] {taskinstance.py:1279} INFO - 
--------------------------------------------------------------------------------
[2023-08-28T20:57:03.227+0000] {taskinstance.py:1280} INFO - Starting attempt 1 of 1
[2023-08-28T20:57:03.227+0000] {taskinstance.py:1281} INFO - 
--------------------------------------------------------------------------------
[2023-08-28T20:57:03.243+0000] {taskinstance.py:1300} INFO - Executing <Task(BashOperator): tsk1> on 2023-08-28 20:57:02.327835+00:00
[2023-08-28T20:57:03.249+0000] {standard_task_runner.py:55} INFO - Started process 7677 to run task
[2023-08-28T20:57:03.253+0000] {standard_task_runner.py:82} INFO - Running: ['***', 'tasks', 'run', 'daggroup', 'tsk1', 'manual__2023-08-28T20:57:02.327835+00:00', '--job-id', '27', '--raw', '--subdir', 'DAGS_FOLDER/daggroup.py', '--cfg-path', '/tmp/tmplmi1xmep']
[2023-08-28T20:57:03.254+0000] {standard_task_runner.py:83} INFO - Job 27: Subtask tsk1
[2023-08-28T20:57:03.319+0000] {task_command.py:388} INFO - Running <TaskInstance: daggroup.tsk1 manual__2023-08-28T20:57:02.327835+00:00 [running]> on host c709185060f0
[2023-08-28T20:57:03.396+0000] {taskinstance.py:1509} INFO - Exporting the following env vars:
AIRFLOW_CTX_DAG_OWNER=***
AIRFLOW_CTX_DAG_ID=daggroup
AIRFLOW_CTX_TASK_ID=tsk1
AIRFLOW_CTX_EXECUTION_DATE=2023-08-28T20:57:02.327835+00:00
AIRFLOW_CTX_TRY_NUMBER=1
AIRFLOW_CTX_DAG_RUN_ID=manual__2023-08-28T20:57:02.327835+00:00
[2023-08-28T20:57:03.397+0000] {subprocess.py:63} INFO - Tmp dir root location: 
 /tmp
[2023-08-28T20:57:03.398+0000] {subprocess.py:75} INFO - Running command: ['/bin/bash', '-c', 'sleep 5']
[2023-08-28T20:57:03.410+0000] {subprocess.py:86} INFO - Output:
[2023-08-28T20:57:08.414+0000] {subprocess.py:97} INFO - Command exited with return code 0
[2023-08-28T20:57:08.447+0000] {taskinstance.py:1323} INFO - Marking task as SUCCESS. dag_id=daggroup, task_id=tsk1, execution_date=20230828T205702, start_date=20230828T205703, end_date=20230828T205708
[2023-08-28T20:57:08.482+0000] {local_task_job.py:208} INFO - Task exited with return code 0
[2023-08-28T20:57:08.514+0000] {taskinstance.py:2578} INFO - 1 downstream tasks scheduled from follow-on schedule check
