[2023-09-02T20:57:53.862+0000] {taskinstance.py:1083} INFO - Dependencies all met for <TaskInstance: defaultargs.tsk3 scheduled__2023-03-07T08:00:00+00:00 [queued]>
[2023-09-02T20:57:53.939+0000] {taskinstance.py:1083} INFO - Dependencies all met for <TaskInstance: defaultargs.tsk3 scheduled__2023-03-07T08:00:00+00:00 [queued]>
[2023-09-02T20:57:53.940+0000] {taskinstance.py:1279} INFO - 
--------------------------------------------------------------------------------
[2023-09-02T20:57:53.942+0000] {taskinstance.py:1280} INFO - Starting attempt 1 of 2
[2023-09-02T20:57:53.942+0000] {taskinstance.py:1281} INFO - 
--------------------------------------------------------------------------------
[2023-09-02T20:57:54.053+0000] {taskinstance.py:1300} INFO - Executing <Task(BashOperator): tsk3> on 2023-03-07 08:00:00+00:00
[2023-09-02T20:57:54.060+0000] {standard_task_runner.py:55} INFO - Started process 1824 to run task
[2023-09-02T20:57:54.077+0000] {standard_task_runner.py:82} INFO - Running: ['***', 'tasks', 'run', 'defaultargs', 'tsk3', 'scheduled__2023-03-07T08:00:00+00:00', '--job-id', '216', '--raw', '--subdir', 'DAGS_FOLDER/defaultargs.py', '--cfg-path', '/tmp/tmp6owehlze']
[2023-09-02T20:57:54.080+0000] {standard_task_runner.py:83} INFO - Job 216: Subtask tsk3
[2023-09-02T20:57:54.260+0000] {task_command.py:388} INFO - Running <TaskInstance: defaultargs.tsk3 scheduled__2023-03-07T08:00:00+00:00 [running]> on host 3c3753b2e609
[2023-09-02T20:57:54.658+0000] {taskinstance.py:1509} INFO - Exporting the following env vars:
AIRFLOW_CTX_DAG_EMAIL=tiagolinhares051@gmail.com
AIRFLOW_CTX_DAG_OWNER=***
AIRFLOW_CTX_DAG_ID=defaultargs
AIRFLOW_CTX_TASK_ID=tsk3
AIRFLOW_CTX_EXECUTION_DATE=2023-03-07T08:00:00+00:00
AIRFLOW_CTX_TRY_NUMBER=1
AIRFLOW_CTX_DAG_RUN_ID=scheduled__2023-03-07T08:00:00+00:00
[2023-09-02T20:57:54.659+0000] {subprocess.py:63} INFO - Tmp dir root location: 
 /tmp
[2023-09-02T20:57:54.660+0000] {subprocess.py:75} INFO - Running command: ['/bin/bash', '-c', 'sleep 5']
[2023-09-02T20:57:54.673+0000] {subprocess.py:86} INFO - Output:
[2023-09-02T20:57:59.677+0000] {subprocess.py:97} INFO - Command exited with return code 0
[2023-09-02T20:57:59.717+0000] {taskinstance.py:1323} INFO - Marking task as SUCCESS. dag_id=defaultargs, task_id=tsk3, execution_date=20230307T080000, start_date=20230902T205753, end_date=20230902T205759
[2023-09-02T20:57:59.822+0000] {local_task_job.py:208} INFO - Task exited with return code 0
[2023-09-02T20:57:59.872+0000] {taskinstance.py:2578} INFO - 0 downstream tasks scheduled from follow-on schedule check
