[2023-08-28T20:41:44.080+0000] {taskinstance.py:1083} INFO - Dependencies all met for <TaskInstance: taskcomplexa1.tsk1 manual__2023-08-28T20:41:43.373381+00:00 [queued]>
[2023-08-28T20:41:44.095+0000] {taskinstance.py:1083} INFO - Dependencies all met for <TaskInstance: taskcomplexa1.tsk1 manual__2023-08-28T20:41:43.373381+00:00 [queued]>
[2023-08-28T20:41:44.095+0000] {taskinstance.py:1279} INFO - 
--------------------------------------------------------------------------------
[2023-08-28T20:41:44.096+0000] {taskinstance.py:1280} INFO - Starting attempt 1 of 1
[2023-08-28T20:41:44.096+0000] {taskinstance.py:1281} INFO - 
--------------------------------------------------------------------------------
[2023-08-28T20:41:44.117+0000] {taskinstance.py:1300} INFO - Executing <Task(BashOperator): tsk1> on 2023-08-28 20:41:43.373381+00:00
[2023-08-28T20:41:44.126+0000] {standard_task_runner.py:55} INFO - Started process 6722 to run task
[2023-08-28T20:41:44.133+0000] {standard_task_runner.py:82} INFO - Running: ['***', 'tasks', 'run', 'taskcomplexa1', 'tsk1', 'manual__2023-08-28T20:41:43.373381+00:00', '--job-id', '20', '--raw', '--subdir', 'DAGS_FOLDER/taskcomplexa1.py', '--cfg-path', '/tmp/tmpbogybt5l']
[2023-08-28T20:41:44.133+0000] {standard_task_runner.py:83} INFO - Job 20: Subtask tsk1
[2023-08-28T20:41:44.202+0000] {task_command.py:388} INFO - Running <TaskInstance: taskcomplexa1.tsk1 manual__2023-08-28T20:41:43.373381+00:00 [running]> on host c709185060f0
[2023-08-28T20:41:44.275+0000] {taskinstance.py:1509} INFO - Exporting the following env vars:
AIRFLOW_CTX_DAG_OWNER=***
AIRFLOW_CTX_DAG_ID=taskcomplexa1
AIRFLOW_CTX_TASK_ID=tsk1
AIRFLOW_CTX_EXECUTION_DATE=2023-08-28T20:41:43.373381+00:00
AIRFLOW_CTX_TRY_NUMBER=1
AIRFLOW_CTX_DAG_RUN_ID=manual__2023-08-28T20:41:43.373381+00:00
[2023-08-28T20:41:44.276+0000] {subprocess.py:63} INFO - Tmp dir root location: 
 /tmp
[2023-08-28T20:41:44.277+0000] {subprocess.py:75} INFO - Running command: ['/bin/bash', '-c', 'sleep 5']
[2023-08-28T20:41:44.290+0000] {subprocess.py:86} INFO - Output:
[2023-08-28T20:41:49.293+0000] {subprocess.py:97} INFO - Command exited with return code 0
[2023-08-28T20:41:49.321+0000] {taskinstance.py:1323} INFO - Marking task as SUCCESS. dag_id=taskcomplexa1, task_id=tsk1, execution_date=20230828T204143, start_date=20230828T204144, end_date=20230828T204149
[2023-08-28T20:41:49.357+0000] {local_task_job.py:208} INFO - Task exited with return code 0
[2023-08-28T20:41:49.415+0000] {taskinstance.py:2578} INFO - 1 downstream tasks scheduled from follow-on schedule check
