[2023-09-27T17:33:37.543+0000] {taskinstance.py:1083} INFO - Dependencies all met for <TaskInstance: pool.tsk4 manual__2023-09-27T17:33:28.554272+00:00 [queued]>
[2023-09-27T17:33:37.559+0000] {taskinstance.py:1083} INFO - Dependencies all met for <TaskInstance: pool.tsk4 manual__2023-09-27T17:33:28.554272+00:00 [queued]>
[2023-09-27T17:33:37.559+0000] {taskinstance.py:1279} INFO - 
--------------------------------------------------------------------------------
[2023-09-27T17:33:37.559+0000] {taskinstance.py:1280} INFO - Starting attempt 1 of 1
[2023-09-27T17:33:37.559+0000] {taskinstance.py:1281} INFO - 
--------------------------------------------------------------------------------
[2023-09-27T17:33:37.609+0000] {taskinstance.py:1300} INFO - Executing <Task(BashOperator): tsk4> on 2023-09-27 17:33:28.554272+00:00
[2023-09-27T17:33:37.616+0000] {standard_task_runner.py:55} INFO - Started process 2079 to run task
[2023-09-27T17:33:37.618+0000] {standard_task_runner.py:82} INFO - Running: ['***', 'tasks', 'run', 'pool', 'tsk4', 'manual__2023-09-27T17:33:28.554272+00:00', '--job-id', '22', '--raw', '--subdir', 'DAGS_FOLDER/pools.py', '--cfg-path', '/tmp/tmpee92ocp2']
[2023-09-27T17:33:37.619+0000] {standard_task_runner.py:83} INFO - Job 22: Subtask tsk4
[2023-09-27T17:33:37.713+0000] {task_command.py:388} INFO - Running <TaskInstance: pool.tsk4 manual__2023-09-27T17:33:28.554272+00:00 [running]> on host 0eb481da037f
[2023-09-27T17:33:37.850+0000] {taskinstance.py:1509} INFO - Exporting the following env vars:
AIRFLOW_CTX_DAG_OWNER=***
AIRFLOW_CTX_DAG_ID=pool
AIRFLOW_CTX_TASK_ID=tsk4
AIRFLOW_CTX_EXECUTION_DATE=2023-09-27T17:33:28.554272+00:00
AIRFLOW_CTX_TRY_NUMBER=1
AIRFLOW_CTX_DAG_RUN_ID=manual__2023-09-27T17:33:28.554272+00:00
[2023-09-27T17:33:37.851+0000] {subprocess.py:63} INFO - Tmp dir root location: 
 /tmp
[2023-09-27T17:33:37.852+0000] {subprocess.py:75} INFO - Running command: ['/bin/bash', '-c', 'sleep 5']
[2023-09-27T17:33:37.867+0000] {subprocess.py:86} INFO - Output:
[2023-09-27T17:33:42.871+0000] {subprocess.py:97} INFO - Command exited with return code 0
[2023-09-27T17:33:42.918+0000] {taskinstance.py:1323} INFO - Marking task as SUCCESS. dag_id=pool, task_id=tsk4, execution_date=20230927T173328, start_date=20230927T173337, end_date=20230927T173342
[2023-09-27T17:33:42.971+0000] {local_task_job.py:208} INFO - Task exited with return code 0
[2023-09-27T17:33:42.986+0000] {taskinstance.py:2578} INFO - 0 downstream tasks scheduled from follow-on schedule check
