[2023-09-02T22:08:33.693+0000] {taskinstance.py:1083} INFO - Dependencies all met for <TaskInstance: dagemail.tsk2 manual__2023-09-02T22:08:32.762713+00:00 [queued]>
[2023-09-02T22:08:33.706+0000] {taskinstance.py:1083} INFO - Dependencies all met for <TaskInstance: dagemail.tsk2 manual__2023-09-02T22:08:32.762713+00:00 [queued]>
[2023-09-02T22:08:33.706+0000] {taskinstance.py:1279} INFO - 
--------------------------------------------------------------------------------
[2023-09-02T22:08:33.708+0000] {taskinstance.py:1280} INFO - Starting attempt 1 of 2
[2023-09-02T22:08:33.708+0000] {taskinstance.py:1281} INFO - 
--------------------------------------------------------------------------------
[2023-09-02T22:08:33.728+0000] {taskinstance.py:1300} INFO - Executing <Task(BashOperator): tsk2> on 2023-09-02 22:08:32.762713+00:00
[2023-09-02T22:08:33.734+0000] {standard_task_runner.py:55} INFO - Started process 1815 to run task
[2023-09-02T22:08:33.738+0000] {standard_task_runner.py:82} INFO - Running: ['***', 'tasks', 'run', 'dagemail', 'tsk2', 'manual__2023-09-02T22:08:32.762713+00:00', '--job-id', '248', '--raw', '--subdir', 'DAGS_FOLDER/dagemail.py', '--cfg-path', '/tmp/tmpmbrxmrem']
[2023-09-02T22:08:33.738+0000] {standard_task_runner.py:83} INFO - Job 248: Subtask tsk2
[2023-09-02T22:08:33.908+0000] {task_command.py:388} INFO - Running <TaskInstance: dagemail.tsk2 manual__2023-09-02T22:08:32.762713+00:00 [running]> on host 8d5456a88302
[2023-09-02T22:08:34.025+0000] {taskinstance.py:1509} INFO - Exporting the following env vars:
AIRFLOW_CTX_DAG_EMAIL=eternoaprendiz015@gmail.com
AIRFLOW_CTX_DAG_OWNER=***
AIRFLOW_CTX_DAG_ID=dagemail
AIRFLOW_CTX_TASK_ID=tsk2
AIRFLOW_CTX_EXECUTION_DATE=2023-09-02T22:08:32.762713+00:00
AIRFLOW_CTX_TRY_NUMBER=1
AIRFLOW_CTX_DAG_RUN_ID=manual__2023-09-02T22:08:32.762713+00:00
[2023-09-02T22:08:34.027+0000] {subprocess.py:63} INFO - Tmp dir root location: 
 /tmp
[2023-09-02T22:08:34.028+0000] {subprocess.py:75} INFO - Running command: ['/bin/bash', '-c', 'sleep 5']
[2023-09-02T22:08:34.040+0000] {subprocess.py:86} INFO - Output:
[2023-09-02T22:08:39.044+0000] {subprocess.py:97} INFO - Command exited with return code 0
[2023-09-02T22:08:39.070+0000] {taskinstance.py:1323} INFO - Marking task as SUCCESS. dag_id=dagemail, task_id=tsk2, execution_date=20230902T220832, start_date=20230902T220833, end_date=20230902T220839
[2023-09-02T22:08:39.097+0000] {local_task_job.py:208} INFO - Task exited with return code 0
[2023-09-02T22:08:39.132+0000] {taskinstance.py:2578} INFO - 0 downstream tasks scheduled from follow-on schedule check
