[2023-09-02T20:56:46.593+0000] {taskinstance.py:1083} INFO - Dependencies all met for <TaskInstance: defaultargs.tsk3 scheduled__2023-03-06T15:00:00+00:00 [queued]>
[2023-09-02T20:56:46.607+0000] {taskinstance.py:1083} INFO - Dependencies all met for <TaskInstance: defaultargs.tsk3 scheduled__2023-03-06T15:00:00+00:00 [queued]>
[2023-09-02T20:56:46.607+0000] {taskinstance.py:1279} INFO - 
--------------------------------------------------------------------------------
[2023-09-02T20:56:46.607+0000] {taskinstance.py:1280} INFO - Starting attempt 1 of 2
[2023-09-02T20:56:46.608+0000] {taskinstance.py:1281} INFO - 
--------------------------------------------------------------------------------
[2023-09-02T20:56:46.626+0000] {taskinstance.py:1300} INFO - Executing <Task(BashOperator): tsk3> on 2023-03-06 15:00:00+00:00
[2023-09-02T20:56:46.633+0000] {standard_task_runner.py:55} INFO - Started process 1621 to run task
[2023-09-02T20:56:46.638+0000] {standard_task_runner.py:82} INFO - Running: ['***', 'tasks', 'run', 'defaultargs', 'tsk3', 'scheduled__2023-03-06T15:00:00+00:00', '--job-id', '167', '--raw', '--subdir', 'DAGS_FOLDER/defaultargs.py', '--cfg-path', '/tmp/tmpt9w4u350']
[2023-09-02T20:56:46.639+0000] {standard_task_runner.py:83} INFO - Job 167: Subtask tsk3
[2023-09-02T20:56:46.726+0000] {task_command.py:388} INFO - Running <TaskInstance: defaultargs.tsk3 scheduled__2023-03-06T15:00:00+00:00 [running]> on host 3c3753b2e609
[2023-09-02T20:56:46.826+0000] {taskinstance.py:1509} INFO - Exporting the following env vars:
AIRFLOW_CTX_DAG_EMAIL=tiagolinhares051@gmail.com
AIRFLOW_CTX_DAG_OWNER=***
AIRFLOW_CTX_DAG_ID=defaultargs
AIRFLOW_CTX_TASK_ID=tsk3
AIRFLOW_CTX_EXECUTION_DATE=2023-03-06T15:00:00+00:00
AIRFLOW_CTX_TRY_NUMBER=1
AIRFLOW_CTX_DAG_RUN_ID=scheduled__2023-03-06T15:00:00+00:00
[2023-09-02T20:56:46.827+0000] {subprocess.py:63} INFO - Tmp dir root location: 
 /tmp
[2023-09-02T20:56:46.828+0000] {subprocess.py:75} INFO - Running command: ['/bin/bash', '-c', 'sleep 5']
[2023-09-02T20:56:46.849+0000] {subprocess.py:86} INFO - Output:
[2023-09-02T20:56:51.855+0000] {subprocess.py:97} INFO - Command exited with return code 0
[2023-09-02T20:56:51.895+0000] {taskinstance.py:1323} INFO - Marking task as SUCCESS. dag_id=defaultargs, task_id=tsk3, execution_date=20230306T150000, start_date=20230902T205646, end_date=20230902T205651
[2023-09-02T20:56:51.980+0000] {local_task_job.py:208} INFO - Task exited with return code 0
[2023-09-02T20:56:52.010+0000] {taskinstance.py:2578} INFO - 0 downstream tasks scheduled from follow-on schedule check
