[2023-09-02T20:56:52.101+0000] {taskinstance.py:1083} INFO - Dependencies all met for <TaskInstance: defaultargs.tsk3 scheduled__2023-03-06T16:00:00+00:00 [queued]>
[2023-09-02T20:56:52.142+0000] {taskinstance.py:1083} INFO - Dependencies all met for <TaskInstance: defaultargs.tsk3 scheduled__2023-03-06T16:00:00+00:00 [queued]>
[2023-09-02T20:56:52.147+0000] {taskinstance.py:1279} INFO - 
--------------------------------------------------------------------------------
[2023-09-02T20:56:52.151+0000] {taskinstance.py:1280} INFO - Starting attempt 1 of 2
[2023-09-02T20:56:52.152+0000] {taskinstance.py:1281} INFO - 
--------------------------------------------------------------------------------
[2023-09-02T20:56:52.226+0000] {taskinstance.py:1300} INFO - Executing <Task(BashOperator): tsk3> on 2023-03-06 16:00:00+00:00
[2023-09-02T20:56:52.232+0000] {standard_task_runner.py:55} INFO - Started process 1645 to run task
[2023-09-02T20:56:52.250+0000] {standard_task_runner.py:82} INFO - Running: ['***', 'tasks', 'run', 'defaultargs', 'tsk3', 'scheduled__2023-03-06T16:00:00+00:00', '--job-id', '174', '--raw', '--subdir', 'DAGS_FOLDER/defaultargs.py', '--cfg-path', '/tmp/tmph3ravhsq']
[2023-09-02T20:56:52.250+0000] {standard_task_runner.py:83} INFO - Job 174: Subtask tsk3
[2023-09-02T20:56:52.486+0000] {task_command.py:388} INFO - Running <TaskInstance: defaultargs.tsk3 scheduled__2023-03-06T16:00:00+00:00 [running]> on host 3c3753b2e609
[2023-09-02T20:56:52.762+0000] {taskinstance.py:1509} INFO - Exporting the following env vars:
AIRFLOW_CTX_DAG_EMAIL=tiagolinhares051@gmail.com
AIRFLOW_CTX_DAG_OWNER=***
AIRFLOW_CTX_DAG_ID=defaultargs
AIRFLOW_CTX_TASK_ID=tsk3
AIRFLOW_CTX_EXECUTION_DATE=2023-03-06T16:00:00+00:00
AIRFLOW_CTX_TRY_NUMBER=1
AIRFLOW_CTX_DAG_RUN_ID=scheduled__2023-03-06T16:00:00+00:00
[2023-09-02T20:56:52.765+0000] {subprocess.py:63} INFO - Tmp dir root location: 
 /tmp
[2023-09-02T20:56:52.766+0000] {subprocess.py:75} INFO - Running command: ['/bin/bash', '-c', 'sleep 5']
[2023-09-02T20:56:52.810+0000] {subprocess.py:86} INFO - Output:
[2023-09-02T20:56:57.814+0000] {subprocess.py:97} INFO - Command exited with return code 0
[2023-09-02T20:56:57.867+0000] {taskinstance.py:1323} INFO - Marking task as SUCCESS. dag_id=defaultargs, task_id=tsk3, execution_date=20230306T160000, start_date=20230902T205652, end_date=20230902T205657
[2023-09-02T20:56:57.971+0000] {local_task_job.py:208} INFO - Task exited with return code 0
[2023-09-02T20:56:57.994+0000] {taskinstance.py:2578} INFO - 0 downstream tasks scheduled from follow-on schedule check
