[2023-08-28T20:41:56.467+0000] {taskinstance.py:1083} INFO - Dependencies all met for <TaskInstance: taskcomplexa1.tsk5 manual__2023-08-28T20:41:43.373381+00:00 [queued]>
[2023-08-28T20:41:56.476+0000] {taskinstance.py:1083} INFO - Dependencies all met for <TaskInstance: taskcomplexa1.tsk5 manual__2023-08-28T20:41:43.373381+00:00 [queued]>
[2023-08-28T20:41:56.477+0000] {taskinstance.py:1279} INFO - 
--------------------------------------------------------------------------------
[2023-08-28T20:41:56.477+0000] {taskinstance.py:1280} INFO - Starting attempt 1 of 1
[2023-08-28T20:41:56.477+0000] {taskinstance.py:1281} INFO - 
--------------------------------------------------------------------------------
[2023-08-28T20:41:56.491+0000] {taskinstance.py:1300} INFO - Executing <Task(BashOperator): tsk5> on 2023-08-28 20:41:43.373381+00:00
[2023-08-28T20:41:56.497+0000] {standard_task_runner.py:55} INFO - Started process 6744 to run task
[2023-08-28T20:41:56.501+0000] {standard_task_runner.py:82} INFO - Running: ['***', 'tasks', 'run', 'taskcomplexa1', 'tsk5', 'manual__2023-08-28T20:41:43.373381+00:00', '--job-id', '23', '--raw', '--subdir', 'DAGS_FOLDER/taskcomplexa1.py', '--cfg-path', '/tmp/tmphnnkelfv']
[2023-08-28T20:41:56.502+0000] {standard_task_runner.py:83} INFO - Job 23: Subtask tsk5
[2023-08-28T20:41:56.563+0000] {task_command.py:388} INFO - Running <TaskInstance: taskcomplexa1.tsk5 manual__2023-08-28T20:41:43.373381+00:00 [running]> on host c709185060f0
[2023-08-28T20:41:56.648+0000] {taskinstance.py:1509} INFO - Exporting the following env vars:
AIRFLOW_CTX_DAG_OWNER=***
AIRFLOW_CTX_DAG_ID=taskcomplexa1
AIRFLOW_CTX_TASK_ID=tsk5
AIRFLOW_CTX_EXECUTION_DATE=2023-08-28T20:41:43.373381+00:00
AIRFLOW_CTX_TRY_NUMBER=1
AIRFLOW_CTX_DAG_RUN_ID=manual__2023-08-28T20:41:43.373381+00:00
[2023-08-28T20:41:56.650+0000] {subprocess.py:63} INFO - Tmp dir root location: 
 /tmp
[2023-08-28T20:41:56.651+0000] {subprocess.py:75} INFO - Running command: ['/bin/bash', '-c', 'sleep 5']
[2023-08-28T20:41:56.664+0000] {subprocess.py:86} INFO - Output:
[2023-08-28T20:42:01.668+0000] {subprocess.py:97} INFO - Command exited with return code 0
[2023-08-28T20:42:01.694+0000] {taskinstance.py:1323} INFO - Marking task as SUCCESS. dag_id=taskcomplexa1, task_id=tsk5, execution_date=20230828T204143, start_date=20230828T204156, end_date=20230828T204201
[2023-08-28T20:42:01.733+0000] {local_task_job.py:208} INFO - Task exited with return code 0
[2023-08-28T20:42:01.756+0000] {taskinstance.py:2578} INFO - 1 downstream tasks scheduled from follow-on schedule check
