[2023-09-02T22:22:49.573+0000] {taskinstance.py:1083} INFO - Dependencies all met for <TaskInstance: dagemail.tsk3 manual__2023-09-02T22:22:42.753669+00:00 [queued]>
[2023-09-02T22:22:49.583+0000] {taskinstance.py:1083} INFO - Dependencies all met for <TaskInstance: dagemail.tsk3 manual__2023-09-02T22:22:42.753669+00:00 [queued]>
[2023-09-02T22:22:49.584+0000] {taskinstance.py:1279} INFO - 
--------------------------------------------------------------------------------
[2023-09-02T22:22:49.584+0000] {taskinstance.py:1280} INFO - Starting attempt 1 of 1
[2023-09-02T22:22:49.584+0000] {taskinstance.py:1281} INFO - 
--------------------------------------------------------------------------------
[2023-09-02T22:22:49.601+0000] {taskinstance.py:1300} INFO - Executing <Task(BashOperator): tsk3> on 2023-09-02 22:22:42.753669+00:00
[2023-09-02T22:22:49.606+0000] {standard_task_runner.py:55} INFO - Started process 108 to run task
[2023-09-02T22:22:49.610+0000] {standard_task_runner.py:82} INFO - Running: ['***', 'tasks', 'run', 'dagemail', 'tsk3', 'manual__2023-09-02T22:22:42.753669+00:00', '--job-id', '258', '--raw', '--subdir', 'DAGS_FOLDER/dagemail.py', '--cfg-path', '/tmp/tmpe1ydlqj7']
[2023-09-02T22:22:49.610+0000] {standard_task_runner.py:83} INFO - Job 258: Subtask tsk3
[2023-09-02T22:22:49.675+0000] {task_command.py:388} INFO - Running <TaskInstance: dagemail.tsk3 manual__2023-09-02T22:22:42.753669+00:00 [running]> on host 0d6cb3ece0f0
[2023-09-02T22:22:49.762+0000] {taskinstance.py:1509} INFO - Exporting the following env vars:
AIRFLOW_CTX_DAG_EMAIL=eternoaprendiz015@gmail.com
AIRFLOW_CTX_DAG_OWNER=***
AIRFLOW_CTX_DAG_ID=dagemail
AIRFLOW_CTX_TASK_ID=tsk3
AIRFLOW_CTX_EXECUTION_DATE=2023-09-02T22:22:42.753669+00:00
AIRFLOW_CTX_TRY_NUMBER=1
AIRFLOW_CTX_DAG_RUN_ID=manual__2023-09-02T22:22:42.753669+00:00
[2023-09-02T22:22:49.764+0000] {subprocess.py:63} INFO - Tmp dir root location: 
 /tmp
[2023-09-02T22:22:49.765+0000] {subprocess.py:75} INFO - Running command: ['/bin/bash', '-c', 'sleep 5']
[2023-09-02T22:22:49.778+0000] {subprocess.py:86} INFO - Output:
[2023-09-02T22:22:54.781+0000] {subprocess.py:97} INFO - Command exited with return code 0
[2023-09-02T22:22:54.808+0000] {taskinstance.py:1323} INFO - Marking task as SUCCESS. dag_id=dagemail, task_id=tsk3, execution_date=20230902T222242, start_date=20230902T222249, end_date=20230902T222254
[2023-09-02T22:22:54.831+0000] {local_task_job.py:208} INFO - Task exited with return code 0
[2023-09-02T22:22:54.855+0000] {taskinstance.py:2578} INFO - 1 downstream tasks scheduled from follow-on schedule check
