[2023-09-02T20:55:46.191+0000] {taskinstance.py:1083} INFO - Dependencies all met for <TaskInstance: defaultargs.tsk3 scheduled__2023-03-05T00:00:00+00:00 [queued]>
[2023-09-02T20:55:46.210+0000] {taskinstance.py:1083} INFO - Dependencies all met for <TaskInstance: defaultargs.tsk3 scheduled__2023-03-05T00:00:00+00:00 [queued]>
[2023-09-02T20:55:46.210+0000] {taskinstance.py:1279} INFO - 
--------------------------------------------------------------------------------
[2023-09-02T20:55:46.210+0000] {taskinstance.py:1280} INFO - Starting attempt 1 of 2
[2023-09-02T20:55:46.211+0000] {taskinstance.py:1281} INFO - 
--------------------------------------------------------------------------------
[2023-09-02T20:55:46.244+0000] {taskinstance.py:1300} INFO - Executing <Task(BashOperator): tsk3> on 2023-03-05 00:00:00+00:00
[2023-09-02T20:55:46.256+0000] {standard_task_runner.py:55} INFO - Started process 1251 to run task
[2023-09-02T20:55:46.278+0000] {standard_task_runner.py:82} INFO - Running: ['***', 'tasks', 'run', 'defaultargs', 'tsk3', 'scheduled__2023-03-05T00:00:00+00:00', '--job-id', '63', '--raw', '--subdir', 'DAGS_FOLDER/defaultargs.py', '--cfg-path', '/tmp/tmpj07e8kjf']
[2023-09-02T20:55:46.279+0000] {standard_task_runner.py:83} INFO - Job 63: Subtask tsk3
[2023-09-02T20:55:46.409+0000] {task_command.py:388} INFO - Running <TaskInstance: defaultargs.tsk3 scheduled__2023-03-05T00:00:00+00:00 [running]> on host 3c3753b2e609
[2023-09-02T20:55:47.326+0000] {taskinstance.py:1509} INFO - Exporting the following env vars:
AIRFLOW_CTX_DAG_EMAIL=tiagolinhares051@gmail.com
AIRFLOW_CTX_DAG_OWNER=***
AIRFLOW_CTX_DAG_ID=defaultargs
AIRFLOW_CTX_TASK_ID=tsk3
AIRFLOW_CTX_EXECUTION_DATE=2023-03-05T00:00:00+00:00
AIRFLOW_CTX_TRY_NUMBER=1
AIRFLOW_CTX_DAG_RUN_ID=scheduled__2023-03-05T00:00:00+00:00
[2023-09-02T20:55:47.329+0000] {subprocess.py:63} INFO - Tmp dir root location: 
 /tmp
[2023-09-02T20:55:47.331+0000] {subprocess.py:75} INFO - Running command: ['/bin/bash', '-c', 'sleep 5']
[2023-09-02T20:55:47.417+0000] {subprocess.py:86} INFO - Output:
[2023-09-02T20:55:52.422+0000] {subprocess.py:97} INFO - Command exited with return code 0
[2023-09-02T20:55:52.459+0000] {taskinstance.py:1323} INFO - Marking task as SUCCESS. dag_id=defaultargs, task_id=tsk3, execution_date=20230305T000000, start_date=20230902T205546, end_date=20230902T205552
[2023-09-02T20:55:52.538+0000] {local_task_job.py:208} INFO - Task exited with return code 0
[2023-09-02T20:55:52.571+0000] {taskinstance.py:2578} INFO - 0 downstream tasks scheduled from follow-on schedule check
