[2023-08-25T00:12:01.152+0000] {taskinstance.py:1083} INFO - Dependencies all met for <TaskInstance: segundadag.tsk2 manual__2023-08-25T00:11:53.890968+00:00 [queued]>
[2023-08-25T00:12:01.162+0000] {taskinstance.py:1083} INFO - Dependencies all met for <TaskInstance: segundadag.tsk2 manual__2023-08-25T00:11:53.890968+00:00 [queued]>
[2023-08-25T00:12:01.162+0000] {taskinstance.py:1279} INFO - 
--------------------------------------------------------------------------------
[2023-08-25T00:12:01.162+0000] {taskinstance.py:1280} INFO - Starting attempt 1 of 1
[2023-08-25T00:12:01.162+0000] {taskinstance.py:1281} INFO - 
--------------------------------------------------------------------------------
[2023-08-25T00:12:01.200+0000] {taskinstance.py:1300} INFO - Executing <Task(BashOperator): tsk2> on 2023-08-25 00:11:53.890968+00:00
[2023-08-25T00:12:01.204+0000] {standard_task_runner.py:55} INFO - Started process 832 to run task
[2023-08-25T00:12:01.206+0000] {standard_task_runner.py:82} INFO - Running: ['***', 'tasks', 'run', 'segundadag', 'tsk2', 'manual__2023-08-25T00:11:53.890968+00:00', '--job-id', '7', '--raw', '--subdir', 'DAGS_FOLDER/segundadag.py', '--cfg-path', '/tmp/tmpd12c4dws']
[2023-08-25T00:12:01.207+0000] {standard_task_runner.py:83} INFO - Job 7: Subtask tsk2
[2023-08-25T00:12:01.309+0000] {task_command.py:388} INFO - Running <TaskInstance: segundadag.tsk2 manual__2023-08-25T00:11:53.890968+00:00 [running]> on host 1a783b418faa
[2023-08-25T00:12:01.452+0000] {taskinstance.py:1509} INFO - Exporting the following env vars:
AIRFLOW_CTX_DAG_OWNER=***
AIRFLOW_CTX_DAG_ID=segundadag
AIRFLOW_CTX_TASK_ID=tsk2
AIRFLOW_CTX_EXECUTION_DATE=2023-08-25T00:11:53.890968+00:00
AIRFLOW_CTX_TRY_NUMBER=1
AIRFLOW_CTX_DAG_RUN_ID=manual__2023-08-25T00:11:53.890968+00:00
[2023-08-25T00:12:01.453+0000] {subprocess.py:63} INFO - Tmp dir root location: 
 /tmp
[2023-08-25T00:12:01.453+0000] {subprocess.py:75} INFO - Running command: ['/bin/bash', '-c', 'sleep 5']
[2023-08-25T00:12:01.465+0000] {subprocess.py:86} INFO - Output:
[2023-08-25T00:12:06.468+0000] {subprocess.py:97} INFO - Command exited with return code 0
[2023-08-25T00:12:06.633+0000] {taskinstance.py:1323} INFO - Marking task as SUCCESS. dag_id=segundadag, task_id=tsk2, execution_date=20230825T001153, start_date=20230825T001201, end_date=20230825T001206
[2023-08-25T00:12:06.706+0000] {local_task_job.py:208} INFO - Task exited with return code 0
[2023-08-25T00:12:06.729+0000] {taskinstance.py:2578} INFO - 0 downstream tasks scheduled from follow-on schedule check
