[2023-08-25T00:18:30.079+0000] {taskinstance.py:1083} INFO - Dependencies all met for <TaskInstance: terceiradag.tsk2 manual__2023-08-25T00:18:28.990783+00:00 [queued]>
[2023-08-25T00:18:30.087+0000] {taskinstance.py:1083} INFO - Dependencies all met for <TaskInstance: terceiradag.tsk2 manual__2023-08-25T00:18:28.990783+00:00 [queued]>
[2023-08-25T00:18:30.087+0000] {taskinstance.py:1279} INFO - 
--------------------------------------------------------------------------------
[2023-08-25T00:18:30.087+0000] {taskinstance.py:1280} INFO - Starting attempt 1 of 1
[2023-08-25T00:18:30.087+0000] {taskinstance.py:1281} INFO - 
--------------------------------------------------------------------------------
[2023-08-25T00:18:30.141+0000] {taskinstance.py:1300} INFO - Executing <Task(BashOperator): tsk2> on 2023-08-25 00:18:28.990783+00:00
[2023-08-25T00:18:30.145+0000] {standard_task_runner.py:55} INFO - Started process 1347 to run task
[2023-08-25T00:18:30.147+0000] {standard_task_runner.py:82} INFO - Running: ['***', 'tasks', 'run', 'terceiradag', 'tsk2', 'manual__2023-08-25T00:18:28.990783+00:00', '--job-id', '9', '--raw', '--subdir', 'DAGS_FOLDER/terceiradag.py', '--cfg-path', '/tmp/tmpxr1el2t3']
[2023-08-25T00:18:30.148+0000] {standard_task_runner.py:83} INFO - Job 9: Subtask tsk2
[2023-08-25T00:18:30.229+0000] {task_command.py:388} INFO - Running <TaskInstance: terceiradag.tsk2 manual__2023-08-25T00:18:28.990783+00:00 [running]> on host 1a783b418faa
[2023-08-25T00:18:30.397+0000] {taskinstance.py:1509} INFO - Exporting the following env vars:
AIRFLOW_CTX_DAG_OWNER=***
AIRFLOW_CTX_DAG_ID=terceiradag
AIRFLOW_CTX_TASK_ID=tsk2
AIRFLOW_CTX_EXECUTION_DATE=2023-08-25T00:18:28.990783+00:00
AIRFLOW_CTX_TRY_NUMBER=1
AIRFLOW_CTX_DAG_RUN_ID=manual__2023-08-25T00:18:28.990783+00:00
[2023-08-25T00:18:30.398+0000] {subprocess.py:63} INFO - Tmp dir root location: 
 /tmp
[2023-08-25T00:18:30.398+0000] {subprocess.py:75} INFO - Running command: ['/bin/bash', '-c', 'sleep 5']
[2023-08-25T00:18:30.410+0000] {subprocess.py:86} INFO - Output:
[2023-08-25T00:18:35.413+0000] {subprocess.py:97} INFO - Command exited with return code 0
[2023-08-25T00:18:35.467+0000] {taskinstance.py:1323} INFO - Marking task as SUCCESS. dag_id=terceiradag, task_id=tsk2, execution_date=20230825T001828, start_date=20230825T001830, end_date=20230825T001835
[2023-08-25T00:18:35.533+0000] {local_task_job.py:208} INFO - Task exited with return code 0
[2023-08-25T00:18:35.554+0000] {taskinstance.py:2578} INFO - 0 downstream tasks scheduled from follow-on schedule check
