[2023-09-02T20:55:57.696+0000] {taskinstance.py:1083} INFO - Dependencies all met for <TaskInstance: defaultargs.tsk2 scheduled__2023-03-05T13:00:00+00:00 [queued]>
[2023-09-02T20:55:57.751+0000] {taskinstance.py:1083} INFO - Dependencies all met for <TaskInstance: defaultargs.tsk2 scheduled__2023-03-05T13:00:00+00:00 [queued]>
[2023-09-02T20:55:57.753+0000] {taskinstance.py:1279} INFO - 
--------------------------------------------------------------------------------
[2023-09-02T20:55:57.755+0000] {taskinstance.py:1280} INFO - Starting attempt 1 of 2
[2023-09-02T20:55:57.757+0000] {taskinstance.py:1281} INFO - 
--------------------------------------------------------------------------------
[2023-09-02T20:55:57.809+0000] {taskinstance.py:1300} INFO - Executing <Task(BashOperator): tsk2> on 2023-03-05 13:00:00+00:00
[2023-09-02T20:55:57.821+0000] {standard_task_runner.py:55} INFO - Started process 1345 to run task
[2023-09-02T20:55:57.831+0000] {standard_task_runner.py:82} INFO - Running: ['***', 'tasks', 'run', 'defaultargs', 'tsk2', 'scheduled__2023-03-05T13:00:00+00:00', '--job-id', '91', '--raw', '--subdir', 'DAGS_FOLDER/defaultargs.py', '--cfg-path', '/tmp/tmp6ywmwfb3']
[2023-09-02T20:55:57.832+0000] {standard_task_runner.py:83} INFO - Job 91: Subtask tsk2
[2023-09-02T20:55:58.003+0000] {task_command.py:388} INFO - Running <TaskInstance: defaultargs.tsk2 scheduled__2023-03-05T13:00:00+00:00 [running]> on host 3c3753b2e609
[2023-09-02T20:55:58.258+0000] {taskinstance.py:1509} INFO - Exporting the following env vars:
AIRFLOW_CTX_DAG_EMAIL=tiagolinhares051@gmail.com
AIRFLOW_CTX_DAG_OWNER=***
AIRFLOW_CTX_DAG_ID=defaultargs
AIRFLOW_CTX_TASK_ID=tsk2
AIRFLOW_CTX_EXECUTION_DATE=2023-03-05T13:00:00+00:00
AIRFLOW_CTX_TRY_NUMBER=1
AIRFLOW_CTX_DAG_RUN_ID=scheduled__2023-03-05T13:00:00+00:00
[2023-09-02T20:55:58.259+0000] {subprocess.py:63} INFO - Tmp dir root location: 
 /tmp
[2023-09-02T20:55:58.264+0000] {subprocess.py:75} INFO - Running command: ['/bin/bash', '-c', 'sleep 5']
[2023-09-02T20:55:58.280+0000] {subprocess.py:86} INFO - Output:
[2023-09-02T20:56:03.285+0000] {subprocess.py:97} INFO - Command exited with return code 0
[2023-09-02T20:56:03.313+0000] {taskinstance.py:1323} INFO - Marking task as SUCCESS. dag_id=defaultargs, task_id=tsk2, execution_date=20230305T130000, start_date=20230902T205557, end_date=20230902T205603
[2023-09-02T20:56:03.359+0000] {local_task_job.py:208} INFO - Task exited with return code 0
[2023-09-02T20:56:03.378+0000] {taskinstance.py:2578} INFO - 0 downstream tasks scheduled from follow-on schedule check
