[2023-09-02T20:55:54.581+0000] {taskinstance.py:1083} INFO - Dependencies all met for <TaskInstance: defaultargs.tsk3 scheduled__2023-03-05T09:00:00+00:00 [queued]>
[2023-09-02T20:55:54.596+0000] {taskinstance.py:1083} INFO - Dependencies all met for <TaskInstance: defaultargs.tsk3 scheduled__2023-03-05T09:00:00+00:00 [queued]>
[2023-09-02T20:55:54.596+0000] {taskinstance.py:1279} INFO - 
--------------------------------------------------------------------------------
[2023-09-02T20:55:54.597+0000] {taskinstance.py:1280} INFO - Starting attempt 1 of 2
[2023-09-02T20:55:54.598+0000] {taskinstance.py:1281} INFO - 
--------------------------------------------------------------------------------
[2023-09-02T20:55:54.627+0000] {taskinstance.py:1300} INFO - Executing <Task(BashOperator): tsk3> on 2023-03-05 09:00:00+00:00
[2023-09-02T20:55:54.634+0000] {standard_task_runner.py:55} INFO - Started process 1320 to run task
[2023-09-02T20:55:54.639+0000] {standard_task_runner.py:82} INFO - Running: ['***', 'tasks', 'run', 'defaultargs', 'tsk3', 'scheduled__2023-03-05T09:00:00+00:00', '--job-id', '83', '--raw', '--subdir', 'DAGS_FOLDER/defaultargs.py', '--cfg-path', '/tmp/tmpp3c1yl6d']
[2023-09-02T20:55:54.640+0000] {standard_task_runner.py:83} INFO - Job 83: Subtask tsk3
[2023-09-02T20:55:54.728+0000] {task_command.py:388} INFO - Running <TaskInstance: defaultargs.tsk3 scheduled__2023-03-05T09:00:00+00:00 [running]> on host 3c3753b2e609
[2023-09-02T20:55:54.825+0000] {taskinstance.py:1509} INFO - Exporting the following env vars:
AIRFLOW_CTX_DAG_EMAIL=tiagolinhares051@gmail.com
AIRFLOW_CTX_DAG_OWNER=***
AIRFLOW_CTX_DAG_ID=defaultargs
AIRFLOW_CTX_TASK_ID=tsk3
AIRFLOW_CTX_EXECUTION_DATE=2023-03-05T09:00:00+00:00
AIRFLOW_CTX_TRY_NUMBER=1
AIRFLOW_CTX_DAG_RUN_ID=scheduled__2023-03-05T09:00:00+00:00
[2023-09-02T20:55:54.827+0000] {subprocess.py:63} INFO - Tmp dir root location: 
 /tmp
[2023-09-02T20:55:54.827+0000] {subprocess.py:75} INFO - Running command: ['/bin/bash', '-c', 'sleep 5']
[2023-09-02T20:55:54.853+0000] {subprocess.py:86} INFO - Output:
[2023-09-02T20:55:59.858+0000] {subprocess.py:97} INFO - Command exited with return code 0
[2023-09-02T20:55:59.918+0000] {taskinstance.py:1323} INFO - Marking task as SUCCESS. dag_id=defaultargs, task_id=tsk3, execution_date=20230305T090000, start_date=20230902T205554, end_date=20230902T205559
[2023-09-02T20:56:00.000+0000] {local_task_job.py:208} INFO - Task exited with return code 0
[2023-09-02T20:56:00.024+0000] {taskinstance.py:2578} INFO - 0 downstream tasks scheduled from follow-on schedule check
