[2023-09-02T20:55:57.574+0000] {taskinstance.py:1083} INFO - Dependencies all met for <TaskInstance: defaultargs.tsk3 scheduled__2023-03-05T13:00:00+00:00 [queued]>
[2023-09-02T20:55:57.622+0000] {taskinstance.py:1083} INFO - Dependencies all met for <TaskInstance: defaultargs.tsk3 scheduled__2023-03-05T13:00:00+00:00 [queued]>
[2023-09-02T20:55:57.627+0000] {taskinstance.py:1279} INFO - 
--------------------------------------------------------------------------------
[2023-09-02T20:55:57.628+0000] {taskinstance.py:1280} INFO - Starting attempt 1 of 2
[2023-09-02T20:55:57.632+0000] {taskinstance.py:1281} INFO - 
--------------------------------------------------------------------------------
[2023-09-02T20:55:57.675+0000] {taskinstance.py:1300} INFO - Executing <Task(BashOperator): tsk3> on 2023-03-05 13:00:00+00:00
[2023-09-02T20:55:57.683+0000] {standard_task_runner.py:55} INFO - Started process 1341 to run task
[2023-09-02T20:55:57.697+0000] {standard_task_runner.py:82} INFO - Running: ['***', 'tasks', 'run', 'defaultargs', 'tsk3', 'scheduled__2023-03-05T13:00:00+00:00', '--job-id', '90', '--raw', '--subdir', 'DAGS_FOLDER/defaultargs.py', '--cfg-path', '/tmp/tmprdzip7ka']
[2023-09-02T20:55:57.698+0000] {standard_task_runner.py:83} INFO - Job 90: Subtask tsk3
[2023-09-02T20:55:57.903+0000] {task_command.py:388} INFO - Running <TaskInstance: defaultargs.tsk3 scheduled__2023-03-05T13:00:00+00:00 [running]> on host 3c3753b2e609
[2023-09-02T20:55:58.076+0000] {taskinstance.py:1509} INFO - Exporting the following env vars:
AIRFLOW_CTX_DAG_EMAIL=tiagolinhares051@gmail.com
AIRFLOW_CTX_DAG_OWNER=***
AIRFLOW_CTX_DAG_ID=defaultargs
AIRFLOW_CTX_TASK_ID=tsk3
AIRFLOW_CTX_EXECUTION_DATE=2023-03-05T13:00:00+00:00
AIRFLOW_CTX_TRY_NUMBER=1
AIRFLOW_CTX_DAG_RUN_ID=scheduled__2023-03-05T13:00:00+00:00
[2023-09-02T20:55:58.080+0000] {subprocess.py:63} INFO - Tmp dir root location: 
 /tmp
[2023-09-02T20:55:58.081+0000] {subprocess.py:75} INFO - Running command: ['/bin/bash', '-c', 'sleep 5']
[2023-09-02T20:55:58.107+0000] {subprocess.py:86} INFO - Output:
[2023-09-02T20:56:03.122+0000] {subprocess.py:97} INFO - Command exited with return code 0
[2023-09-02T20:56:03.183+0000] {taskinstance.py:1323} INFO - Marking task as SUCCESS. dag_id=defaultargs, task_id=tsk3, execution_date=20230305T130000, start_date=20230902T205557, end_date=20230902T205603
[2023-09-02T20:56:03.208+0000] {local_task_job.py:208} INFO - Task exited with return code 0
[2023-09-02T20:56:03.225+0000] {taskinstance.py:2578} INFO - 0 downstream tasks scheduled from follow-on schedule check
