[2023-09-02T21:55:39.808+0000] {taskinstance.py:1083} INFO - Dependencies all met for <TaskInstance: dagemail.tsk3 manual__2023-09-02T21:55:32.971134+00:00 [queued]>
[2023-09-02T21:55:39.819+0000] {taskinstance.py:1083} INFO - Dependencies all met for <TaskInstance: dagemail.tsk3 manual__2023-09-02T21:55:32.971134+00:00 [queued]>
[2023-09-02T21:55:39.820+0000] {taskinstance.py:1279} INFO - 
--------------------------------------------------------------------------------
[2023-09-02T21:55:39.820+0000] {taskinstance.py:1280} INFO - Starting attempt 1 of 2
[2023-09-02T21:55:39.820+0000] {taskinstance.py:1281} INFO - 
--------------------------------------------------------------------------------
[2023-09-02T21:55:39.836+0000] {taskinstance.py:1300} INFO - Executing <Task(BashOperator): tsk3> on 2023-09-02 21:55:32.971134+00:00
[2023-09-02T21:55:39.840+0000] {standard_task_runner.py:55} INFO - Started process 997 to run task
[2023-09-02T21:55:39.844+0000] {standard_task_runner.py:82} INFO - Running: ['***', 'tasks', 'run', 'dagemail', 'tsk3', 'manual__2023-09-02T21:55:32.971134+00:00', '--job-id', '237', '--raw', '--subdir', 'DAGS_FOLDER/dagemail.py', '--cfg-path', '/tmp/tmphqsvo5_s']
[2023-09-02T21:55:39.845+0000] {standard_task_runner.py:83} INFO - Job 237: Subtask tsk3
[2023-09-02T21:55:39.916+0000] {task_command.py:388} INFO - Running <TaskInstance: dagemail.tsk3 manual__2023-09-02T21:55:32.971134+00:00 [running]> on host 8d5456a88302
[2023-09-02T21:55:40.019+0000] {taskinstance.py:1509} INFO - Exporting the following env vars:
AIRFLOW_CTX_DAG_EMAIL=tiagolinhares051@gmail.com
AIRFLOW_CTX_DAG_OWNER=***
AIRFLOW_CTX_DAG_ID=dagemail
AIRFLOW_CTX_TASK_ID=tsk3
AIRFLOW_CTX_EXECUTION_DATE=2023-09-02T21:55:32.971134+00:00
AIRFLOW_CTX_TRY_NUMBER=1
AIRFLOW_CTX_DAG_RUN_ID=manual__2023-09-02T21:55:32.971134+00:00
[2023-09-02T21:55:40.020+0000] {subprocess.py:63} INFO - Tmp dir root location: 
 /tmp
[2023-09-02T21:55:40.021+0000] {subprocess.py:75} INFO - Running command: ['/bin/bash', '-c', 'sleep 5']
[2023-09-02T21:55:40.035+0000] {subprocess.py:86} INFO - Output:
[2023-09-02T21:55:45.039+0000] {subprocess.py:97} INFO - Command exited with return code 0
[2023-09-02T21:55:45.067+0000] {taskinstance.py:1323} INFO - Marking task as SUCCESS. dag_id=dagemail, task_id=tsk3, execution_date=20230902T215532, start_date=20230902T215539, end_date=20230902T215545
[2023-09-02T21:55:45.108+0000] {local_task_job.py:208} INFO - Task exited with return code 0
[2023-09-02T21:55:45.132+0000] {taskinstance.py:2578} INFO - 1 downstream tasks scheduled from follow-on schedule check
