[2023-09-02T20:56:26.724+0000] {taskinstance.py:1083} INFO - Dependencies all met for <TaskInstance: defaultargs.tsk2 scheduled__2023-03-06T01:00:00+00:00 [queued]>
[2023-09-02T20:56:26.766+0000] {taskinstance.py:1083} INFO - Dependencies all met for <TaskInstance: defaultargs.tsk2 scheduled__2023-03-06T01:00:00+00:00 [queued]>
[2023-09-02T20:56:26.768+0000] {taskinstance.py:1279} INFO - 
--------------------------------------------------------------------------------
[2023-09-02T20:56:26.769+0000] {taskinstance.py:1280} INFO - Starting attempt 1 of 2
[2023-09-02T20:56:26.770+0000] {taskinstance.py:1281} INFO - 
--------------------------------------------------------------------------------
[2023-09-02T20:56:26.829+0000] {taskinstance.py:1300} INFO - Executing <Task(BashOperator): tsk2> on 2023-03-06 01:00:00+00:00
[2023-09-02T20:56:26.848+0000] {standard_task_runner.py:55} INFO - Started process 1492 to run task
[2023-09-02T20:56:26.872+0000] {standard_task_runner.py:82} INFO - Running: ['***', 'tasks', 'run', 'defaultargs', 'tsk2', 'scheduled__2023-03-06T01:00:00+00:00', '--job-id', '130', '--raw', '--subdir', 'DAGS_FOLDER/defaultargs.py', '--cfg-path', '/tmp/tmp6kx2wzyu']
[2023-09-02T20:56:26.876+0000] {standard_task_runner.py:83} INFO - Job 130: Subtask tsk2
[2023-09-02T20:56:27.152+0000] {task_command.py:388} INFO - Running <TaskInstance: defaultargs.tsk2 scheduled__2023-03-06T01:00:00+00:00 [running]> on host 3c3753b2e609
[2023-09-02T20:56:27.521+0000] {taskinstance.py:1509} INFO - Exporting the following env vars:
AIRFLOW_CTX_DAG_EMAIL=tiagolinhares051@gmail.com
AIRFLOW_CTX_DAG_OWNER=***
AIRFLOW_CTX_DAG_ID=defaultargs
AIRFLOW_CTX_TASK_ID=tsk2
AIRFLOW_CTX_EXECUTION_DATE=2023-03-06T01:00:00+00:00
AIRFLOW_CTX_TRY_NUMBER=1
AIRFLOW_CTX_DAG_RUN_ID=scheduled__2023-03-06T01:00:00+00:00
[2023-09-02T20:56:27.524+0000] {subprocess.py:63} INFO - Tmp dir root location: 
 /tmp
[2023-09-02T20:56:27.527+0000] {subprocess.py:75} INFO - Running command: ['/bin/bash', '-c', 'sleep 5']
[2023-09-02T20:56:27.542+0000] {subprocess.py:86} INFO - Output:
[2023-09-02T20:56:32.552+0000] {subprocess.py:97} INFO - Command exited with return code 0
[2023-09-02T20:56:32.605+0000] {taskinstance.py:1323} INFO - Marking task as SUCCESS. dag_id=defaultargs, task_id=tsk2, execution_date=20230306T010000, start_date=20230902T205626, end_date=20230902T205632
[2023-09-02T20:56:32.673+0000] {local_task_job.py:208} INFO - Task exited with return code 0
[2023-09-02T20:56:32.699+0000] {taskinstance.py:2578} INFO - 0 downstream tasks scheduled from follow-on schedule check
