[2023-08-28T20:42:02.676+0000] {taskinstance.py:1083} INFO - Dependencies all met for <TaskInstance: taskcomplexa1.tsk6 manual__2023-08-28T20:41:43.373381+00:00 [queued]>
[2023-08-28T20:42:02.686+0000] {taskinstance.py:1083} INFO - Dependencies all met for <TaskInstance: taskcomplexa1.tsk6 manual__2023-08-28T20:41:43.373381+00:00 [queued]>
[2023-08-28T20:42:02.686+0000] {taskinstance.py:1279} INFO - 
--------------------------------------------------------------------------------
[2023-08-28T20:42:02.687+0000] {taskinstance.py:1280} INFO - Starting attempt 1 of 1
[2023-08-28T20:42:02.687+0000] {taskinstance.py:1281} INFO - 
--------------------------------------------------------------------------------
[2023-08-28T20:42:02.699+0000] {taskinstance.py:1300} INFO - Executing <Task(BashOperator): tsk6> on 2023-08-28 20:41:43.373381+00:00
[2023-08-28T20:42:02.705+0000] {standard_task_runner.py:55} INFO - Started process 6747 to run task
[2023-08-28T20:42:02.708+0000] {standard_task_runner.py:82} INFO - Running: ['***', 'tasks', 'run', 'taskcomplexa1', 'tsk6', 'manual__2023-08-28T20:41:43.373381+00:00', '--job-id', '24', '--raw', '--subdir', 'DAGS_FOLDER/taskcomplexa1.py', '--cfg-path', '/tmp/tmp48uenavz']
[2023-08-28T20:42:02.708+0000] {standard_task_runner.py:83} INFO - Job 24: Subtask tsk6
[2023-08-28T20:42:02.765+0000] {task_command.py:388} INFO - Running <TaskInstance: taskcomplexa1.tsk6 manual__2023-08-28T20:41:43.373381+00:00 [running]> on host c709185060f0
[2023-08-28T20:42:02.828+0000] {taskinstance.py:1509} INFO - Exporting the following env vars:
AIRFLOW_CTX_DAG_OWNER=***
AIRFLOW_CTX_DAG_ID=taskcomplexa1
AIRFLOW_CTX_TASK_ID=tsk6
AIRFLOW_CTX_EXECUTION_DATE=2023-08-28T20:41:43.373381+00:00
AIRFLOW_CTX_TRY_NUMBER=1
AIRFLOW_CTX_DAG_RUN_ID=manual__2023-08-28T20:41:43.373381+00:00
[2023-08-28T20:42:02.829+0000] {subprocess.py:63} INFO - Tmp dir root location: 
 /tmp
[2023-08-28T20:42:02.830+0000] {subprocess.py:75} INFO - Running command: ['/bin/bash', '-c', 'sleep 5']
[2023-08-28T20:42:02.842+0000] {subprocess.py:86} INFO - Output:
[2023-08-28T20:42:07.845+0000] {subprocess.py:97} INFO - Command exited with return code 0
[2023-08-28T20:42:07.881+0000] {taskinstance.py:1323} INFO - Marking task as SUCCESS. dag_id=taskcomplexa1, task_id=tsk6, execution_date=20230828T204143, start_date=20230828T204202, end_date=20230828T204207
[2023-08-28T20:42:07.943+0000] {local_task_job.py:208} INFO - Task exited with return code 0
[2023-08-28T20:42:07.984+0000] {taskinstance.py:2578} INFO - 2 downstream tasks scheduled from follow-on schedule check
