[2023-09-02T21:20:29.081+0000] {taskinstance.py:1083} INFO - Dependencies all met for <TaskInstance: x_com.tsk1 manual__2023-09-02T21:20:27.879040+00:00 [queued]>
[2023-09-02T21:20:29.091+0000] {taskinstance.py:1083} INFO - Dependencies all met for <TaskInstance: x_com.tsk1 manual__2023-09-02T21:20:27.879040+00:00 [queued]>
[2023-09-02T21:20:29.092+0000] {taskinstance.py:1279} INFO - 
--------------------------------------------------------------------------------
[2023-09-02T21:20:29.092+0000] {taskinstance.py:1280} INFO - Starting attempt 1 of 1
[2023-09-02T21:20:29.092+0000] {taskinstance.py:1281} INFO - 
--------------------------------------------------------------------------------
[2023-09-02T21:20:29.106+0000] {taskinstance.py:1300} INFO - Executing <Task(PythonOperator): tsk1> on 2023-09-02 21:20:27.879040+00:00
[2023-09-02T21:20:29.111+0000] {standard_task_runner.py:55} INFO - Started process 3235 to run task
[2023-09-02T21:20:29.114+0000] {standard_task_runner.py:82} INFO - Running: ['***', 'tasks', 'run', 'x_com', 'tsk1', 'manual__2023-09-02T21:20:27.879040+00:00', '--job-id', '224', '--raw', '--subdir', 'DAGS_FOLDER/x_com.py', '--cfg-path', '/tmp/tmpja1tz5ys']
[2023-09-02T21:20:29.115+0000] {standard_task_runner.py:83} INFO - Job 224: Subtask tsk1
[2023-09-02T21:20:29.172+0000] {task_command.py:388} INFO - Running <TaskInstance: x_com.tsk1 manual__2023-09-02T21:20:27.879040+00:00 [running]> on host 3c3753b2e609
[2023-09-02T21:20:29.239+0000] {taskinstance.py:1509} INFO - Exporting the following env vars:
AIRFLOW_CTX_DAG_OWNER=***
AIRFLOW_CTX_DAG_ID=x_com
AIRFLOW_CTX_TASK_ID=tsk1
AIRFLOW_CTX_EXECUTION_DATE=2023-09-02T21:20:27.879040+00:00
AIRFLOW_CTX_TRY_NUMBER=1
AIRFLOW_CTX_DAG_RUN_ID=manual__2023-09-02T21:20:27.879040+00:00
[2023-09-02T21:20:29.253+0000] {python.py:177} INFO - Done. Returned value was: None
[2023-09-02T21:20:29.263+0000] {taskinstance.py:1323} INFO - Marking task as SUCCESS. dag_id=x_com, task_id=tsk1, execution_date=20230902T212027, start_date=20230902T212029, end_date=20230902T212029
[2023-09-02T21:20:29.285+0000] {local_task_job.py:208} INFO - Task exited with return code 0
[2023-09-02T21:20:29.310+0000] {taskinstance.py:2578} INFO - 1 downstream tasks scheduled from follow-on schedule check
