[2023-08-25T00:25:56.701+0000] {taskinstance.py:1083} INFO - Dependencies all met for <TaskInstance: quartadag.tsk2 manual__2023-08-25T00:25:49.198810+00:00 [queued]>
[2023-08-25T00:25:56.710+0000] {taskinstance.py:1083} INFO - Dependencies all met for <TaskInstance: quartadag.tsk2 manual__2023-08-25T00:25:49.198810+00:00 [queued]>
[2023-08-25T00:25:56.711+0000] {taskinstance.py:1279} INFO - 
--------------------------------------------------------------------------------
[2023-08-25T00:25:56.711+0000] {taskinstance.py:1280} INFO - Starting attempt 1 of 1
[2023-08-25T00:25:56.711+0000] {taskinstance.py:1281} INFO - 
--------------------------------------------------------------------------------
[2023-08-25T00:25:56.747+0000] {taskinstance.py:1300} INFO - Executing <Task(BashOperator): tsk2> on 2023-08-25 00:25:49.198810+00:00
[2023-08-25T00:25:56.751+0000] {standard_task_runner.py:55} INFO - Started process 1931 to run task
[2023-08-25T00:25:56.753+0000] {standard_task_runner.py:82} INFO - Running: ['***', 'tasks', 'run', 'quartadag', 'tsk2', 'manual__2023-08-25T00:25:49.198810+00:00', '--job-id', '13', '--raw', '--subdir', 'DAGS_FOLDER/quartadag.py', '--cfg-path', '/tmp/tmp1zj4a0qr']
[2023-08-25T00:25:56.754+0000] {standard_task_runner.py:83} INFO - Job 13: Subtask tsk2
[2023-08-25T00:25:56.825+0000] {task_command.py:388} INFO - Running <TaskInstance: quartadag.tsk2 manual__2023-08-25T00:25:49.198810+00:00 [running]> on host 1a783b418faa
[2023-08-25T00:25:56.980+0000] {taskinstance.py:1509} INFO - Exporting the following env vars:
AIRFLOW_CTX_DAG_OWNER=***
AIRFLOW_CTX_DAG_ID=quartadag
AIRFLOW_CTX_TASK_ID=tsk2
AIRFLOW_CTX_EXECUTION_DATE=2023-08-25T00:25:49.198810+00:00
AIRFLOW_CTX_TRY_NUMBER=1
AIRFLOW_CTX_DAG_RUN_ID=manual__2023-08-25T00:25:49.198810+00:00
[2023-08-25T00:25:56.981+0000] {subprocess.py:63} INFO - Tmp dir root location: 
 /tmp
[2023-08-25T00:25:56.981+0000] {subprocess.py:75} INFO - Running command: ['/bin/bash', '-c', 'sleep 5']
[2023-08-25T00:25:56.992+0000] {subprocess.py:86} INFO - Output:
[2023-08-25T00:26:01.995+0000] {subprocess.py:97} INFO - Command exited with return code 0
[2023-08-25T00:26:02.046+0000] {taskinstance.py:1323} INFO - Marking task as SUCCESS. dag_id=quartadag, task_id=tsk2, execution_date=20230825T002549, start_date=20230825T002556, end_date=20230825T002602
[2023-08-25T00:26:02.139+0000] {local_task_job.py:208} INFO - Task exited with return code 0
[2023-08-25T00:26:02.157+0000] {taskinstance.py:2578} INFO - 1 downstream tasks scheduled from follow-on schedule check
