[2023-08-29T01:08:19.302+0000] {taskinstance.py:1083} INFO - Dependencies all met for <TaskInstance: dagrundag2.tsk7 manual__2023-08-29T01:07:52.915978+00:00 [queued]>
[2023-08-29T01:08:19.314+0000] {taskinstance.py:1083} INFO - Dependencies all met for <TaskInstance: dagrundag2.tsk7 manual__2023-08-29T01:07:52.915978+00:00 [queued]>
[2023-08-29T01:08:19.314+0000] {taskinstance.py:1279} INFO - 
--------------------------------------------------------------------------------
[2023-08-29T01:08:19.315+0000] {taskinstance.py:1280} INFO - Starting attempt 1 of 1
[2023-08-29T01:08:19.316+0000] {taskinstance.py:1281} INFO - 
--------------------------------------------------------------------------------
[2023-08-29T01:08:19.342+0000] {taskinstance.py:1300} INFO - Executing <Task(BashOperator): tsk7> on 2023-08-29 01:07:52.915978+00:00
[2023-08-29T01:08:19.349+0000] {standard_task_runner.py:55} INFO - Started process 12092 to run task
[2023-08-29T01:08:19.353+0000] {standard_task_runner.py:82} INFO - Running: ['***', 'tasks', 'run', 'dagrundag2', 'tsk7', 'manual__2023-08-29T01:07:52.915978+00:00', '--job-id', '43', '--raw', '--subdir', 'DAGS_FOLDER/dagrundag2.py', '--cfg-path', '/tmp/tmporh2d0oj']
[2023-08-29T01:08:19.354+0000] {standard_task_runner.py:83} INFO - Job 43: Subtask tsk7
[2023-08-29T01:08:19.413+0000] {task_command.py:388} INFO - Running <TaskInstance: dagrundag2.tsk7 manual__2023-08-29T01:07:52.915978+00:00 [running]> on host c709185060f0
[2023-08-29T01:08:19.482+0000] {taskinstance.py:1509} INFO - Exporting the following env vars:
AIRFLOW_CTX_DAG_OWNER=***
AIRFLOW_CTX_DAG_ID=dagrundag2
AIRFLOW_CTX_TASK_ID=tsk7
AIRFLOW_CTX_EXECUTION_DATE=2023-08-29T01:07:52.915978+00:00
AIRFLOW_CTX_TRY_NUMBER=1
AIRFLOW_CTX_DAG_RUN_ID=manual__2023-08-29T01:07:52.915978+00:00
[2023-08-29T01:08:19.486+0000] {subprocess.py:63} INFO - Tmp dir root location: 
 /tmp
[2023-08-29T01:08:19.487+0000] {subprocess.py:75} INFO - Running command: ['/bin/bash', '-c', 'sleep 5']
[2023-08-29T01:08:19.499+0000] {subprocess.py:86} INFO - Output:
[2023-08-29T01:08:24.502+0000] {subprocess.py:97} INFO - Command exited with return code 0
[2023-08-29T01:08:24.542+0000] {taskinstance.py:1323} INFO - Marking task as SUCCESS. dag_id=dagrundag2, task_id=tsk7, execution_date=20230829T010752, start_date=20230829T010819, end_date=20230829T010824
[2023-08-29T01:08:24.613+0000] {local_task_job.py:208} INFO - Task exited with return code 0
[2023-08-29T01:08:24.644+0000] {taskinstance.py:2578} INFO - 0 downstream tasks scheduled from follow-on schedule check
