[2023-08-28T14:54:23.862+0000] {taskinstance.py:1083} INFO - Dependencies all met for <TaskInstance: triggerdag1.tsk2 manual__2023-08-28T14:54:16.680235+00:00 [queued]>
[2023-08-28T14:54:23.872+0000] {taskinstance.py:1083} INFO - Dependencies all met for <TaskInstance: triggerdag1.tsk2 manual__2023-08-28T14:54:16.680235+00:00 [queued]>
[2023-08-28T14:54:23.872+0000] {taskinstance.py:1279} INFO - 
--------------------------------------------------------------------------------
[2023-08-28T14:54:23.873+0000] {taskinstance.py:1280} INFO - Starting attempt 1 of 1
[2023-08-28T14:54:23.873+0000] {taskinstance.py:1281} INFO - 
--------------------------------------------------------------------------------
[2023-08-28T14:54:23.887+0000] {taskinstance.py:1300} INFO - Executing <Task(BashOperator): tsk2> on 2023-08-28 14:54:16.680235+00:00
[2023-08-28T14:54:23.892+0000] {standard_task_runner.py:55} INFO - Started process 126 to run task
[2023-08-28T14:54:23.895+0000] {standard_task_runner.py:82} INFO - Running: ['***', 'tasks', 'run', 'triggerdag1', 'tsk2', 'manual__2023-08-28T14:54:16.680235+00:00', '--job-id', '15', '--raw', '--subdir', 'DAGS_FOLDER/triggerdag1.py', '--cfg-path', '/tmp/tmp3luia83l']
[2023-08-28T14:54:23.896+0000] {standard_task_runner.py:83} INFO - Job 15: Subtask tsk2
[2023-08-28T14:54:23.956+0000] {task_command.py:388} INFO - Running <TaskInstance: triggerdag1.tsk2 manual__2023-08-28T14:54:16.680235+00:00 [running]> on host c709185060f0
[2023-08-28T14:54:24.036+0000] {taskinstance.py:1509} INFO - Exporting the following env vars:
AIRFLOW_CTX_DAG_OWNER=***
AIRFLOW_CTX_DAG_ID=triggerdag1
AIRFLOW_CTX_TASK_ID=tsk2
AIRFLOW_CTX_EXECUTION_DATE=2023-08-28T14:54:16.680235+00:00
AIRFLOW_CTX_TRY_NUMBER=1
AIRFLOW_CTX_DAG_RUN_ID=manual__2023-08-28T14:54:16.680235+00:00
[2023-08-28T14:54:24.040+0000] {subprocess.py:63} INFO - Tmp dir root location: 
 /tmp
[2023-08-28T14:54:24.041+0000] {subprocess.py:75} INFO - Running command: ['/bin/bash', '-c', 'sleep 5']
[2023-08-28T14:54:24.055+0000] {subprocess.py:86} INFO - Output:
[2023-08-28T14:54:29.059+0000] {subprocess.py:97} INFO - Command exited with return code 0
[2023-08-28T14:54:29.088+0000] {taskinstance.py:1323} INFO - Marking task as SUCCESS. dag_id=triggerdag1, task_id=tsk2, execution_date=20230828T145416, start_date=20230828T145423, end_date=20230828T145429
[2023-08-28T14:54:29.131+0000] {local_task_job.py:208} INFO - Task exited with return code 0
[2023-08-28T14:54:29.152+0000] {taskinstance.py:2578} INFO - 0 downstream tasks scheduled from follow-on schedule check
