[2023-09-02T20:57:53.267+0000] {taskinstance.py:1083} INFO - Dependencies all met for <TaskInstance: defaultargs.tsk2 scheduled__2023-03-07T05:00:00+00:00 [queued]>
[2023-09-02T20:57:53.288+0000] {taskinstance.py:1083} INFO - Dependencies all met for <TaskInstance: defaultargs.tsk2 scheduled__2023-03-07T05:00:00+00:00 [queued]>
[2023-09-02T20:57:53.288+0000] {taskinstance.py:1279} INFO - 
--------------------------------------------------------------------------------
[2023-09-02T20:57:53.289+0000] {taskinstance.py:1280} INFO - Starting attempt 1 of 2
[2023-09-02T20:57:53.290+0000] {taskinstance.py:1281} INFO - 
--------------------------------------------------------------------------------
[2023-09-02T20:57:53.340+0000] {taskinstance.py:1300} INFO - Executing <Task(BashOperator): tsk2> on 2023-03-07 05:00:00+00:00
[2023-09-02T20:57:53.382+0000] {standard_task_runner.py:55} INFO - Started process 1815 to run task
[2023-09-02T20:57:53.413+0000] {standard_task_runner.py:82} INFO - Running: ['***', 'tasks', 'run', 'defaultargs', 'tsk2', 'scheduled__2023-03-07T05:00:00+00:00', '--job-id', '207', '--raw', '--subdir', 'DAGS_FOLDER/defaultargs.py', '--cfg-path', '/tmp/tmpscl4e4sz']
[2023-09-02T20:57:53.413+0000] {standard_task_runner.py:83} INFO - Job 207: Subtask tsk2
[2023-09-02T20:57:53.690+0000] {task_command.py:388} INFO - Running <TaskInstance: defaultargs.tsk2 scheduled__2023-03-07T05:00:00+00:00 [running]> on host 3c3753b2e609
[2023-09-02T20:57:54.212+0000] {taskinstance.py:1509} INFO - Exporting the following env vars:
AIRFLOW_CTX_DAG_EMAIL=tiagolinhares051@gmail.com
AIRFLOW_CTX_DAG_OWNER=***
AIRFLOW_CTX_DAG_ID=defaultargs
AIRFLOW_CTX_TASK_ID=tsk2
AIRFLOW_CTX_EXECUTION_DATE=2023-03-07T05:00:00+00:00
AIRFLOW_CTX_TRY_NUMBER=1
AIRFLOW_CTX_DAG_RUN_ID=scheduled__2023-03-07T05:00:00+00:00
[2023-09-02T20:57:54.214+0000] {subprocess.py:63} INFO - Tmp dir root location: 
 /tmp
[2023-09-02T20:57:54.215+0000] {subprocess.py:75} INFO - Running command: ['/bin/bash', '-c', 'sleep 5']
[2023-09-02T20:57:54.306+0000] {subprocess.py:86} INFO - Output:
[2023-09-02T20:57:59.332+0000] {subprocess.py:97} INFO - Command exited with return code 0
[2023-09-02T20:57:59.362+0000] {taskinstance.py:1323} INFO - Marking task as SUCCESS. dag_id=defaultargs, task_id=tsk2, execution_date=20230307T050000, start_date=20230902T205753, end_date=20230902T205759
[2023-09-02T20:57:59.419+0000] {local_task_job.py:208} INFO - Task exited with return code 0
[2023-09-02T20:57:59.440+0000] {taskinstance.py:2578} INFO - 0 downstream tasks scheduled from follow-on schedule check
