[2023-08-29T01:08:00.257+0000] {taskinstance.py:1083} INFO - Dependencies all met for <TaskInstance: dagrundag2.tsk2 manual__2023-08-29T01:07:52.915978+00:00 [queued]>
[2023-08-29T01:08:00.273+0000] {taskinstance.py:1083} INFO - Dependencies all met for <TaskInstance: dagrundag2.tsk2 manual__2023-08-29T01:07:52.915978+00:00 [queued]>
[2023-08-29T01:08:00.273+0000] {taskinstance.py:1279} INFO - 
--------------------------------------------------------------------------------
[2023-08-29T01:08:00.274+0000] {taskinstance.py:1280} INFO - Starting attempt 1 of 1
[2023-08-29T01:08:00.274+0000] {taskinstance.py:1281} INFO - 
--------------------------------------------------------------------------------
[2023-08-29T01:08:00.297+0000] {taskinstance.py:1300} INFO - Executing <Task(BashOperator): tsk2> on 2023-08-29 01:07:52.915978+00:00
[2023-08-29T01:08:00.304+0000] {standard_task_runner.py:55} INFO - Started process 12067 to run task
[2023-08-29T01:08:00.313+0000] {standard_task_runner.py:82} INFO - Running: ['***', 'tasks', 'run', 'dagrundag2', 'tsk2', 'manual__2023-08-29T01:07:52.915978+00:00', '--job-id', '39', '--raw', '--subdir', 'DAGS_FOLDER/dagrundag2.py', '--cfg-path', '/tmp/tmptla594z0']
[2023-08-29T01:08:00.314+0000] {standard_task_runner.py:83} INFO - Job 39: Subtask tsk2
[2023-08-29T01:08:00.400+0000] {task_command.py:388} INFO - Running <TaskInstance: dagrundag2.tsk2 manual__2023-08-29T01:07:52.915978+00:00 [running]> on host c709185060f0
[2023-08-29T01:08:00.493+0000] {taskinstance.py:1509} INFO - Exporting the following env vars:
AIRFLOW_CTX_DAG_OWNER=***
AIRFLOW_CTX_DAG_ID=dagrundag2
AIRFLOW_CTX_TASK_ID=tsk2
AIRFLOW_CTX_EXECUTION_DATE=2023-08-29T01:07:52.915978+00:00
AIRFLOW_CTX_TRY_NUMBER=1
AIRFLOW_CTX_DAG_RUN_ID=manual__2023-08-29T01:07:52.915978+00:00
[2023-08-29T01:08:00.495+0000] {subprocess.py:63} INFO - Tmp dir root location: 
 /tmp
[2023-08-29T01:08:00.497+0000] {subprocess.py:75} INFO - Running command: ['/bin/bash', '-c', 'sleep 5']
[2023-08-29T01:08:00.514+0000] {subprocess.py:86} INFO - Output:
[2023-08-29T01:08:05.518+0000] {subprocess.py:97} INFO - Command exited with return code 0
[2023-08-29T01:08:05.548+0000] {taskinstance.py:1323} INFO - Marking task as SUCCESS. dag_id=dagrundag2, task_id=tsk2, execution_date=20230829T010752, start_date=20230829T010800, end_date=20230829T010805
[2023-08-29T01:08:05.581+0000] {local_task_job.py:208} INFO - Task exited with return code 0
[2023-08-29T01:08:05.608+0000] {taskinstance.py:2578} INFO - 1 downstream tasks scheduled from follow-on schedule check
