[2023-08-27T01:32:09.762+0000] {processor.py:153} INFO - Started process (PID=33) to work on /opt/airflow/dags/primeiradag.py
[2023-08-27T01:32:09.770+0000] {processor.py:743} INFO - Processing file /opt/airflow/dags/primeiradag.py for tasks to queue
[2023-08-27T01:32:09.772+0000] {logging_mixin.py:137} INFO - [2023-08-27T01:32:09.771+0000] {dagbag.py:538} INFO - Filling up the DagBag from /opt/airflow/dags/primeiradag.py
[2023-08-27T01:32:09.822+0000] {processor.py:753} INFO - DAG(s) dict_keys(['primeiradag']) retrieved from /opt/airflow/dags/primeiradag.py
[2023-08-27T01:32:10.069+0000] {logging_mixin.py:137} INFO - [2023-08-27T01:32:10.069+0000] {manager.py:504} INFO - Created Permission View: can delete on DAG:primeiradag
[2023-08-27T01:32:10.080+0000] {logging_mixin.py:137} INFO - [2023-08-27T01:32:10.080+0000] {manager.py:504} INFO - Created Permission View: can read on DAG:primeiradag
[2023-08-27T01:32:10.088+0000] {logging_mixin.py:137} INFO - [2023-08-27T01:32:10.088+0000] {manager.py:504} INFO - Created Permission View: can edit on DAG:primeiradag
[2023-08-27T01:32:10.089+0000] {logging_mixin.py:137} INFO - [2023-08-27T01:32:10.089+0000] {dag.py:2690} INFO - Sync 1 DAGs
[2023-08-27T01:32:10.107+0000] {logging_mixin.py:137} INFO - [2023-08-27T01:32:10.107+0000] {dag.py:2711} INFO - Creating ORM DAG for primeiradag
[2023-08-27T01:32:10.119+0000] {logging_mixin.py:137} INFO - [2023-08-27T01:32:10.119+0000] {dag.py:3441} INFO - Setting next_dagrun for primeiradag to None, run_after=None
[2023-08-27T01:32:10.138+0000] {processor.py:175} INFO - Processing /opt/airflow/dags/primeiradag.py took 0.380 seconds
[2023-08-27T01:32:15.620+0000] {processor.py:153} INFO - Started process (PID=49) to work on /opt/airflow/dags/primeiradag.py
[2023-08-27T01:32:15.622+0000] {processor.py:743} INFO - Processing file /opt/airflow/dags/primeiradag.py for tasks to queue
[2023-08-27T01:32:15.623+0000] {logging_mixin.py:137} INFO - [2023-08-27T01:32:15.623+0000] {dagbag.py:538} INFO - Filling up the DagBag from /opt/airflow/dags/primeiradag.py
[2023-08-27T01:32:15.639+0000] {processor.py:753} INFO - DAG(s) dict_keys(['primeiradag']) retrieved from /opt/airflow/dags/primeiradag.py
[2023-08-27T01:32:15.656+0000] {logging_mixin.py:137} INFO - [2023-08-27T01:32:15.656+0000] {dag.py:2690} INFO - Sync 1 DAGs
[2023-08-27T01:32:15.690+0000] {logging_mixin.py:137} INFO - [2023-08-27T01:32:15.690+0000] {dag.py:3441} INFO - Setting next_dagrun for primeiradag to None, run_after=None
[2023-08-27T01:32:15.726+0000] {processor.py:175} INFO - Processing /opt/airflow/dags/primeiradag.py took 0.110 seconds
[2023-08-27T01:32:20.901+0000] {processor.py:153} INFO - Started process (PID=53) to work on /opt/airflow/dags/primeiradag.py
[2023-08-27T01:32:20.902+0000] {processor.py:743} INFO - Processing file /opt/airflow/dags/primeiradag.py for tasks to queue
[2023-08-27T01:32:20.903+0000] {logging_mixin.py:137} INFO - [2023-08-27T01:32:20.903+0000] {dagbag.py:538} INFO - Filling up the DagBag from /opt/airflow/dags/primeiradag.py
[2023-08-27T01:32:20.918+0000] {processor.py:753} INFO - DAG(s) dict_keys(['primeiradag']) retrieved from /opt/airflow/dags/primeiradag.py
[2023-08-27T01:32:20.932+0000] {logging_mixin.py:137} INFO - [2023-08-27T01:32:20.931+0000] {dag.py:2690} INFO - Sync 1 DAGs
[2023-08-27T01:32:20.966+0000] {logging_mixin.py:137} INFO - [2023-08-27T01:32:20.966+0000] {dag.py:3441} INFO - Setting next_dagrun for primeiradag to None, run_after=None
[2023-08-27T01:32:21.969+0000] {processor.py:175} INFO - Processing /opt/airflow/dags/primeiradag.py took 1.072 seconds
[2023-08-27T01:32:27.128+0000] {processor.py:153} INFO - Started process (PID=69) to work on /opt/airflow/dags/primeiradag.py
[2023-08-27T01:32:27.129+0000] {processor.py:743} INFO - Processing file /opt/airflow/dags/primeiradag.py for tasks to queue
[2023-08-27T01:32:27.130+0000] {logging_mixin.py:137} INFO - [2023-08-27T01:32:27.130+0000] {dagbag.py:538} INFO - Filling up the DagBag from /opt/airflow/dags/primeiradag.py
[2023-08-27T01:32:27.147+0000] {processor.py:753} INFO - DAG(s) dict_keys(['primeiradag']) retrieved from /opt/airflow/dags/primeiradag.py
[2023-08-27T01:32:27.161+0000] {logging_mixin.py:137} INFO - [2023-08-27T01:32:27.160+0000] {dag.py:2690} INFO - Sync 1 DAGs
[2023-08-27T01:32:27.185+0000] {logging_mixin.py:137} INFO - [2023-08-27T01:32:27.185+0000] {dag.py:3441} INFO - Setting next_dagrun for primeiradag to None, run_after=None
[2023-08-27T01:32:28.051+0000] {processor.py:175} INFO - Processing /opt/airflow/dags/primeiradag.py took 0.927 seconds
[2023-08-27T01:32:33.221+0000] {processor.py:153} INFO - Started process (PID=73) to work on /opt/airflow/dags/primeiradag.py
[2023-08-27T01:32:33.222+0000] {processor.py:743} INFO - Processing file /opt/airflow/dags/primeiradag.py for tasks to queue
[2023-08-27T01:32:33.223+0000] {logging_mixin.py:137} INFO - [2023-08-27T01:32:33.223+0000] {dagbag.py:538} INFO - Filling up the DagBag from /opt/airflow/dags/primeiradag.py
[2023-08-27T01:32:33.239+0000] {processor.py:753} INFO - DAG(s) dict_keys(['primeiradag']) retrieved from /opt/airflow/dags/primeiradag.py
[2023-08-27T01:32:33.253+0000] {logging_mixin.py:137} INFO - [2023-08-27T01:32:33.252+0000] {dag.py:2690} INFO - Sync 1 DAGs
[2023-08-27T01:32:33.279+0000] {logging_mixin.py:137} INFO - [2023-08-27T01:32:33.278+0000] {dag.py:3441} INFO - Setting next_dagrun for primeiradag to None, run_after=None
[2023-08-27T01:32:33.305+0000] {processor.py:175} INFO - Processing /opt/airflow/dags/primeiradag.py took 0.088 seconds
[2023-08-27T01:32:38.439+0000] {processor.py:153} INFO - Started process (PID=89) to work on /opt/airflow/dags/primeiradag.py
[2023-08-27T01:32:38.440+0000] {processor.py:743} INFO - Processing file /opt/airflow/dags/primeiradag.py for tasks to queue
[2023-08-27T01:32:38.441+0000] {logging_mixin.py:137} INFO - [2023-08-27T01:32:38.440+0000] {dagbag.py:538} INFO - Filling up the DagBag from /opt/airflow/dags/primeiradag.py
[2023-08-27T01:32:38.457+0000] {processor.py:753} INFO - DAG(s) dict_keys(['primeiradag']) retrieved from /opt/airflow/dags/primeiradag.py
[2023-08-27T01:32:38.471+0000] {logging_mixin.py:137} INFO - [2023-08-27T01:32:38.470+0000] {dag.py:2690} INFO - Sync 1 DAGs
[2023-08-27T01:32:38.497+0000] {logging_mixin.py:137} INFO - [2023-08-27T01:32:38.497+0000] {dag.py:3441} INFO - Setting next_dagrun for primeiradag to None, run_after=None
[2023-08-27T01:32:38.526+0000] {processor.py:175} INFO - Processing /opt/airflow/dags/primeiradag.py took 0.091 seconds
[2023-08-27T01:32:43.676+0000] {processor.py:153} INFO - Started process (PID=93) to work on /opt/airflow/dags/primeiradag.py
[2023-08-27T01:32:43.677+0000] {processor.py:743} INFO - Processing file /opt/airflow/dags/primeiradag.py for tasks to queue
[2023-08-27T01:32:43.678+0000] {logging_mixin.py:137} INFO - [2023-08-27T01:32:43.678+0000] {dagbag.py:538} INFO - Filling up the DagBag from /opt/airflow/dags/primeiradag.py
[2023-08-27T01:32:43.693+0000] {processor.py:753} INFO - DAG(s) dict_keys(['primeiradag']) retrieved from /opt/airflow/dags/primeiradag.py
[2023-08-27T01:32:43.719+0000] {logging_mixin.py:137} INFO - [2023-08-27T01:32:43.719+0000] {dag.py:2690} INFO - Sync 1 DAGs
[2023-08-27T01:32:43.751+0000] {logging_mixin.py:137} INFO - [2023-08-27T01:32:43.751+0000] {dag.py:3441} INFO - Setting next_dagrun for primeiradag to None, run_after=None
[2023-08-27T01:32:43.772+0000] {processor.py:175} INFO - Processing /opt/airflow/dags/primeiradag.py took 0.100 seconds
[2023-08-27T01:32:48.921+0000] {processor.py:153} INFO - Started process (PID=109) to work on /opt/airflow/dags/primeiradag.py
[2023-08-27T01:32:48.923+0000] {processor.py:743} INFO - Processing file /opt/airflow/dags/primeiradag.py for tasks to queue
[2023-08-27T01:32:48.925+0000] {logging_mixin.py:137} INFO - [2023-08-27T01:32:48.925+0000] {dagbag.py:538} INFO - Filling up the DagBag from /opt/airflow/dags/primeiradag.py
[2023-08-27T01:32:48.952+0000] {processor.py:753} INFO - DAG(s) dict_keys(['primeiradag']) retrieved from /opt/airflow/dags/primeiradag.py
[2023-08-27T01:32:48.977+0000] {logging_mixin.py:137} INFO - [2023-08-27T01:32:48.977+0000] {dag.py:2690} INFO - Sync 1 DAGs
[2023-08-27T01:32:49.004+0000] {logging_mixin.py:137} INFO - [2023-08-27T01:32:49.004+0000] {dag.py:3441} INFO - Setting next_dagrun for primeiradag to None, run_after=None
[2023-08-27T01:32:49.026+0000] {processor.py:175} INFO - Processing /opt/airflow/dags/primeiradag.py took 0.109 seconds
[2023-08-27T01:32:54.176+0000] {processor.py:153} INFO - Started process (PID=113) to work on /opt/airflow/dags/primeiradag.py
[2023-08-27T01:32:54.177+0000] {processor.py:743} INFO - Processing file /opt/airflow/dags/primeiradag.py for tasks to queue
[2023-08-27T01:32:54.178+0000] {logging_mixin.py:137} INFO - [2023-08-27T01:32:54.178+0000] {dagbag.py:538} INFO - Filling up the DagBag from /opt/airflow/dags/primeiradag.py
[2023-08-27T01:32:54.195+0000] {processor.py:753} INFO - DAG(s) dict_keys(['primeiradag']) retrieved from /opt/airflow/dags/primeiradag.py
[2023-08-27T01:32:54.221+0000] {logging_mixin.py:137} INFO - [2023-08-27T01:32:54.221+0000] {dag.py:2690} INFO - Sync 1 DAGs
[2023-08-27T01:32:54.248+0000] {logging_mixin.py:137} INFO - [2023-08-27T01:32:54.248+0000] {dag.py:3441} INFO - Setting next_dagrun for primeiradag to None, run_after=None
[2023-08-27T01:32:54.271+0000] {processor.py:175} INFO - Processing /opt/airflow/dags/primeiradag.py took 0.099 seconds
[2023-08-27T01:32:59.422+0000] {processor.py:153} INFO - Started process (PID=117) to work on /opt/airflow/dags/primeiradag.py
[2023-08-27T01:32:59.428+0000] {processor.py:743} INFO - Processing file /opt/airflow/dags/primeiradag.py for tasks to queue
[2023-08-27T01:32:59.429+0000] {logging_mixin.py:137} INFO - [2023-08-27T01:32:59.429+0000] {dagbag.py:538} INFO - Filling up the DagBag from /opt/airflow/dags/primeiradag.py
[2023-08-27T01:32:59.449+0000] {processor.py:753} INFO - DAG(s) dict_keys(['primeiradag']) retrieved from /opt/airflow/dags/primeiradag.py
[2023-08-27T01:32:59.481+0000] {logging_mixin.py:137} INFO - [2023-08-27T01:32:59.481+0000] {dag.py:2690} INFO - Sync 1 DAGs
[2023-08-27T01:32:59.507+0000] {logging_mixin.py:137} INFO - [2023-08-27T01:32:59.507+0000] {dag.py:3441} INFO - Setting next_dagrun for primeiradag to None, run_after=None
[2023-08-27T01:32:59.528+0000] {processor.py:175} INFO - Processing /opt/airflow/dags/primeiradag.py took 0.111 seconds
[2023-08-27T01:33:04.682+0000] {processor.py:153} INFO - Started process (PID=133) to work on /opt/airflow/dags/primeiradag.py
[2023-08-27T01:33:04.682+0000] {processor.py:743} INFO - Processing file /opt/airflow/dags/primeiradag.py for tasks to queue
[2023-08-27T01:33:04.683+0000] {logging_mixin.py:137} INFO - [2023-08-27T01:33:04.683+0000] {dagbag.py:538} INFO - Filling up the DagBag from /opt/airflow/dags/primeiradag.py
[2023-08-27T01:33:04.698+0000] {processor.py:753} INFO - DAG(s) dict_keys(['primeiradag']) retrieved from /opt/airflow/dags/primeiradag.py
[2023-08-27T01:33:04.720+0000] {logging_mixin.py:137} INFO - [2023-08-27T01:33:04.720+0000] {dag.py:2690} INFO - Sync 1 DAGs
[2023-08-27T01:33:04.745+0000] {logging_mixin.py:137} INFO - [2023-08-27T01:33:04.745+0000] {dag.py:3441} INFO - Setting next_dagrun for primeiradag to None, run_after=None
[2023-08-27T01:33:04.771+0000] {processor.py:175} INFO - Processing /opt/airflow/dags/primeiradag.py took 0.094 seconds
[2023-08-27T01:33:09.820+0000] {processor.py:153} INFO - Started process (PID=137) to work on /opt/airflow/dags/primeiradag.py
[2023-08-27T01:33:09.821+0000] {processor.py:743} INFO - Processing file /opt/airflow/dags/primeiradag.py for tasks to queue
[2023-08-27T01:33:09.823+0000] {logging_mixin.py:137} INFO - [2023-08-27T01:33:09.822+0000] {dagbag.py:538} INFO - Filling up the DagBag from /opt/airflow/dags/primeiradag.py
[2023-08-27T01:33:09.840+0000] {processor.py:753} INFO - DAG(s) dict_keys(['primeiradag']) retrieved from /opt/airflow/dags/primeiradag.py
[2023-08-27T01:33:09.864+0000] {logging_mixin.py:137} INFO - [2023-08-27T01:33:09.864+0000] {dag.py:2690} INFO - Sync 1 DAGs
[2023-08-27T01:33:09.890+0000] {logging_mixin.py:137} INFO - [2023-08-27T01:33:09.890+0000] {dag.py:3441} INFO - Setting next_dagrun for primeiradag to None, run_after=None
[2023-08-27T01:33:09.917+0000] {processor.py:175} INFO - Processing /opt/airflow/dags/primeiradag.py took 0.101 seconds
[2023-08-27T01:33:15.067+0000] {processor.py:153} INFO - Started process (PID=154) to work on /opt/airflow/dags/primeiradag.py
[2023-08-27T01:33:15.068+0000] {processor.py:743} INFO - Processing file /opt/airflow/dags/primeiradag.py for tasks to queue
[2023-08-27T01:33:15.069+0000] {logging_mixin.py:137} INFO - [2023-08-27T01:33:15.069+0000] {dagbag.py:538} INFO - Filling up the DagBag from /opt/airflow/dags/primeiradag.py
[2023-08-27T01:33:15.085+0000] {processor.py:753} INFO - DAG(s) dict_keys(['primeiradag']) retrieved from /opt/airflow/dags/primeiradag.py
[2023-08-27T01:33:15.115+0000] {logging_mixin.py:137} INFO - [2023-08-27T01:33:15.115+0000] {dag.py:2690} INFO - Sync 1 DAGs
[2023-08-27T01:33:15.147+0000] {logging_mixin.py:137} INFO - [2023-08-27T01:33:15.147+0000] {dag.py:3441} INFO - Setting next_dagrun for primeiradag to None, run_after=None
[2023-08-27T01:33:15.173+0000] {processor.py:175} INFO - Processing /opt/airflow/dags/primeiradag.py took 0.109 seconds
[2023-08-27T01:33:20.325+0000] {processor.py:153} INFO - Started process (PID=158) to work on /opt/airflow/dags/primeiradag.py
[2023-08-27T01:33:20.326+0000] {processor.py:743} INFO - Processing file /opt/airflow/dags/primeiradag.py for tasks to queue
[2023-08-27T01:33:20.327+0000] {logging_mixin.py:137} INFO - [2023-08-27T01:33:20.327+0000] {dagbag.py:538} INFO - Filling up the DagBag from /opt/airflow/dags/primeiradag.py
[2023-08-27T01:33:20.344+0000] {processor.py:753} INFO - DAG(s) dict_keys(['primeiradag']) retrieved from /opt/airflow/dags/primeiradag.py
[2023-08-27T01:33:20.371+0000] {logging_mixin.py:137} INFO - [2023-08-27T01:33:20.371+0000] {dag.py:2690} INFO - Sync 1 DAGs
[2023-08-27T01:33:20.408+0000] {logging_mixin.py:137} INFO - [2023-08-27T01:33:20.408+0000] {dag.py:3441} INFO - Setting next_dagrun for primeiradag to None, run_after=None
[2023-08-27T01:33:20.434+0000] {processor.py:175} INFO - Processing /opt/airflow/dags/primeiradag.py took 0.114 seconds
[2023-08-27T01:33:25.605+0000] {processor.py:153} INFO - Started process (PID=174) to work on /opt/airflow/dags/primeiradag.py
[2023-08-27T01:33:25.606+0000] {processor.py:743} INFO - Processing file /opt/airflow/dags/primeiradag.py for tasks to queue
[2023-08-27T01:33:25.607+0000] {logging_mixin.py:137} INFO - [2023-08-27T01:33:25.606+0000] {dagbag.py:538} INFO - Filling up the DagBag from /opt/airflow/dags/primeiradag.py
[2023-08-27T01:33:25.622+0000] {processor.py:753} INFO - DAG(s) dict_keys(['primeiradag']) retrieved from /opt/airflow/dags/primeiradag.py
[2023-08-27T01:33:25.647+0000] {logging_mixin.py:137} INFO - [2023-08-27T01:33:25.647+0000] {dag.py:2690} INFO - Sync 1 DAGs
[2023-08-27T01:33:25.675+0000] {logging_mixin.py:137} INFO - [2023-08-27T01:33:25.674+0000] {dag.py:3441} INFO - Setting next_dagrun for primeiradag to None, run_after=None
[2023-08-27T01:33:25.698+0000] {processor.py:175} INFO - Processing /opt/airflow/dags/primeiradag.py took 0.098 seconds
[2023-08-27T01:33:30.848+0000] {processor.py:153} INFO - Started process (PID=178) to work on /opt/airflow/dags/primeiradag.py
[2023-08-27T01:33:30.849+0000] {processor.py:743} INFO - Processing file /opt/airflow/dags/primeiradag.py for tasks to queue
[2023-08-27T01:33:30.850+0000] {logging_mixin.py:137} INFO - [2023-08-27T01:33:30.849+0000] {dagbag.py:538} INFO - Filling up the DagBag from /opt/airflow/dags/primeiradag.py
[2023-08-27T01:33:30.866+0000] {processor.py:753} INFO - DAG(s) dict_keys(['primeiradag']) retrieved from /opt/airflow/dags/primeiradag.py
[2023-08-27T01:33:30.890+0000] {logging_mixin.py:137} INFO - [2023-08-27T01:33:30.890+0000] {dag.py:2690} INFO - Sync 1 DAGs
[2023-08-27T01:33:30.915+0000] {logging_mixin.py:137} INFO - [2023-08-27T01:33:30.915+0000] {dag.py:3441} INFO - Setting next_dagrun for primeiradag to None, run_after=None
[2023-08-27T01:33:30.938+0000] {processor.py:175} INFO - Processing /opt/airflow/dags/primeiradag.py took 0.094 seconds
[2023-08-27T01:33:36.115+0000] {processor.py:153} INFO - Started process (PID=191) to work on /opt/airflow/dags/primeiradag.py
[2023-08-27T01:33:36.116+0000] {processor.py:743} INFO - Processing file /opt/airflow/dags/primeiradag.py for tasks to queue
[2023-08-27T01:33:36.117+0000] {logging_mixin.py:137} INFO - [2023-08-27T01:33:36.117+0000] {dagbag.py:538} INFO - Filling up the DagBag from /opt/airflow/dags/primeiradag.py
[2023-08-27T01:33:36.146+0000] {processor.py:753} INFO - DAG(s) dict_keys(['primeiradag']) retrieved from /opt/airflow/dags/primeiradag.py
[2023-08-27T01:33:36.197+0000] {logging_mixin.py:137} INFO - [2023-08-27T01:33:36.197+0000] {dag.py:2690} INFO - Sync 1 DAGs
[2023-08-27T01:33:36.239+0000] {logging_mixin.py:137} INFO - [2023-08-27T01:33:36.239+0000] {dag.py:3441} INFO - Setting next_dagrun for primeiradag to None, run_after=None
[2023-08-27T01:33:36.262+0000] {processor.py:175} INFO - Processing /opt/airflow/dags/primeiradag.py took 0.152 seconds
[2023-08-27T01:33:41.313+0000] {processor.py:153} INFO - Started process (PID=198) to work on /opt/airflow/dags/primeiradag.py
[2023-08-27T01:33:41.314+0000] {processor.py:743} INFO - Processing file /opt/airflow/dags/primeiradag.py for tasks to queue
[2023-08-27T01:33:41.315+0000] {logging_mixin.py:137} INFO - [2023-08-27T01:33:41.315+0000] {dagbag.py:538} INFO - Filling up the DagBag from /opt/airflow/dags/primeiradag.py
[2023-08-27T01:33:41.330+0000] {processor.py:753} INFO - DAG(s) dict_keys(['primeiradag']) retrieved from /opt/airflow/dags/primeiradag.py
[2023-08-27T01:33:41.353+0000] {logging_mixin.py:137} INFO - [2023-08-27T01:33:41.353+0000] {dag.py:2690} INFO - Sync 1 DAGs
[2023-08-27T01:33:41.376+0000] {logging_mixin.py:137} INFO - [2023-08-27T01:33:41.376+0000] {dag.py:3441} INFO - Setting next_dagrun for primeiradag to None, run_after=None
[2023-08-27T01:33:41.398+0000] {processor.py:175} INFO - Processing /opt/airflow/dags/primeiradag.py took 0.088 seconds
[2023-08-27T01:33:46.435+0000] {processor.py:153} INFO - Started process (PID=202) to work on /opt/airflow/dags/primeiradag.py
[2023-08-27T01:33:46.436+0000] {processor.py:743} INFO - Processing file /opt/airflow/dags/primeiradag.py for tasks to queue
[2023-08-27T01:33:46.437+0000] {logging_mixin.py:137} INFO - [2023-08-27T01:33:46.437+0000] {dagbag.py:538} INFO - Filling up the DagBag from /opt/airflow/dags/primeiradag.py
[2023-08-27T01:33:46.451+0000] {processor.py:753} INFO - DAG(s) dict_keys(['primeiradag']) retrieved from /opt/airflow/dags/primeiradag.py
[2023-08-27T01:33:46.475+0000] {logging_mixin.py:137} INFO - [2023-08-27T01:33:46.475+0000] {dag.py:2690} INFO - Sync 1 DAGs
[2023-08-27T01:33:46.498+0000] {logging_mixin.py:137} INFO - [2023-08-27T01:33:46.498+0000] {dag.py:3441} INFO - Setting next_dagrun for primeiradag to None, run_after=None
[2023-08-27T01:33:46.521+0000] {processor.py:175} INFO - Processing /opt/airflow/dags/primeiradag.py took 0.090 seconds
[2023-08-27T01:33:51.567+0000] {processor.py:153} INFO - Started process (PID=218) to work on /opt/airflow/dags/primeiradag.py
[2023-08-27T01:33:51.568+0000] {processor.py:743} INFO - Processing file /opt/airflow/dags/primeiradag.py for tasks to queue
[2023-08-27T01:33:51.569+0000] {logging_mixin.py:137} INFO - [2023-08-27T01:33:51.569+0000] {dagbag.py:538} INFO - Filling up the DagBag from /opt/airflow/dags/primeiradag.py
[2023-08-27T01:33:51.583+0000] {processor.py:753} INFO - DAG(s) dict_keys(['primeiradag']) retrieved from /opt/airflow/dags/primeiradag.py
[2023-08-27T01:33:51.607+0000] {logging_mixin.py:137} INFO - [2023-08-27T01:33:51.607+0000] {dag.py:2690} INFO - Sync 1 DAGs
[2023-08-27T01:33:51.631+0000] {logging_mixin.py:137} INFO - [2023-08-27T01:33:51.631+0000] {dag.py:3441} INFO - Setting next_dagrun for primeiradag to None, run_after=None
[2023-08-27T01:33:51.653+0000] {processor.py:175} INFO - Processing /opt/airflow/dags/primeiradag.py took 0.089 seconds
[2023-08-27T01:33:56.693+0000] {processor.py:153} INFO - Started process (PID=222) to work on /opt/airflow/dags/primeiradag.py
[2023-08-27T01:33:56.694+0000] {processor.py:743} INFO - Processing file /opt/airflow/dags/primeiradag.py for tasks to queue
[2023-08-27T01:33:56.695+0000] {logging_mixin.py:137} INFO - [2023-08-27T01:33:56.694+0000] {dagbag.py:538} INFO - Filling up the DagBag from /opt/airflow/dags/primeiradag.py
[2023-08-27T01:33:56.708+0000] {processor.py:753} INFO - DAG(s) dict_keys(['primeiradag']) retrieved from /opt/airflow/dags/primeiradag.py
[2023-08-27T01:33:56.731+0000] {logging_mixin.py:137} INFO - [2023-08-27T01:33:56.731+0000] {dag.py:2690} INFO - Sync 1 DAGs
[2023-08-27T01:33:56.755+0000] {logging_mixin.py:137} INFO - [2023-08-27T01:33:56.755+0000] {dag.py:3441} INFO - Setting next_dagrun for primeiradag to None, run_after=None
[2023-08-27T01:33:56.776+0000] {processor.py:175} INFO - Processing /opt/airflow/dags/primeiradag.py took 0.088 seconds
[2023-08-27T01:34:01.813+0000] {processor.py:153} INFO - Started process (PID=239) to work on /opt/airflow/dags/primeiradag.py
[2023-08-27T01:34:01.814+0000] {processor.py:743} INFO - Processing file /opt/airflow/dags/primeiradag.py for tasks to queue
[2023-08-27T01:34:01.818+0000] {logging_mixin.py:137} INFO - [2023-08-27T01:34:01.817+0000] {dagbag.py:538} INFO - Filling up the DagBag from /opt/airflow/dags/primeiradag.py
[2023-08-27T01:34:01.835+0000] {processor.py:753} INFO - DAG(s) dict_keys(['primeiradag']) retrieved from /opt/airflow/dags/primeiradag.py
[2023-08-27T01:34:01.857+0000] {logging_mixin.py:137} INFO - [2023-08-27T01:34:01.857+0000] {dag.py:2690} INFO - Sync 1 DAGs
[2023-08-27T01:34:01.893+0000] {logging_mixin.py:137} INFO - [2023-08-27T01:34:01.892+0000] {dag.py:3441} INFO - Setting next_dagrun for primeiradag to None, run_after=None
[2023-08-27T01:34:01.918+0000] {processor.py:175} INFO - Processing /opt/airflow/dags/primeiradag.py took 0.109 seconds
[2023-08-27T01:34:06.963+0000] {processor.py:153} INFO - Started process (PID=243) to work on /opt/airflow/dags/primeiradag.py
[2023-08-27T01:34:06.964+0000] {processor.py:743} INFO - Processing file /opt/airflow/dags/primeiradag.py for tasks to queue
[2023-08-27T01:34:06.965+0000] {logging_mixin.py:137} INFO - [2023-08-27T01:34:06.965+0000] {dagbag.py:538} INFO - Filling up the DagBag from /opt/airflow/dags/primeiradag.py
[2023-08-27T01:34:06.980+0000] {processor.py:753} INFO - DAG(s) dict_keys(['primeiradag']) retrieved from /opt/airflow/dags/primeiradag.py
[2023-08-27T01:34:07.002+0000] {logging_mixin.py:137} INFO - [2023-08-27T01:34:07.002+0000] {dag.py:2690} INFO - Sync 1 DAGs
[2023-08-27T01:34:07.027+0000] {logging_mixin.py:137} INFO - [2023-08-27T01:34:07.027+0000] {dag.py:3441} INFO - Setting next_dagrun for primeiradag to None, run_after=None
[2023-08-27T01:34:07.050+0000] {processor.py:175} INFO - Processing /opt/airflow/dags/primeiradag.py took 0.089 seconds
[2023-08-27T01:34:12.152+0000] {processor.py:153} INFO - Started process (PID=256) to work on /opt/airflow/dags/primeiradag.py
[2023-08-27T01:34:12.157+0000] {processor.py:743} INFO - Processing file /opt/airflow/dags/primeiradag.py for tasks to queue
[2023-08-27T01:34:12.157+0000] {logging_mixin.py:137} INFO - [2023-08-27T01:34:12.157+0000] {dagbag.py:538} INFO - Filling up the DagBag from /opt/airflow/dags/primeiradag.py
[2023-08-27T01:34:12.212+0000] {processor.py:753} INFO - DAG(s) dict_keys(['primeiradag']) retrieved from /opt/airflow/dags/primeiradag.py
[2023-08-27T01:34:12.253+0000] {logging_mixin.py:137} INFO - [2023-08-27T01:34:12.252+0000] {dag.py:2690} INFO - Sync 1 DAGs
[2023-08-27T01:34:12.287+0000] {logging_mixin.py:137} INFO - [2023-08-27T01:34:12.287+0000] {dag.py:3441} INFO - Setting next_dagrun for primeiradag to None, run_after=None
[2023-08-27T01:34:12.323+0000] {processor.py:175} INFO - Processing /opt/airflow/dags/primeiradag.py took 0.183 seconds
[2023-08-27T01:34:17.384+0000] {processor.py:153} INFO - Started process (PID=263) to work on /opt/airflow/dags/primeiradag.py
[2023-08-27T01:34:17.384+0000] {processor.py:743} INFO - Processing file /opt/airflow/dags/primeiradag.py for tasks to queue
[2023-08-27T01:34:17.385+0000] {logging_mixin.py:137} INFO - [2023-08-27T01:34:17.385+0000] {dagbag.py:538} INFO - Filling up the DagBag from /opt/airflow/dags/primeiradag.py
[2023-08-27T01:34:17.399+0000] {processor.py:753} INFO - DAG(s) dict_keys(['primeiradag']) retrieved from /opt/airflow/dags/primeiradag.py
[2023-08-27T01:34:17.422+0000] {logging_mixin.py:137} INFO - [2023-08-27T01:34:17.422+0000] {dag.py:2690} INFO - Sync 1 DAGs
[2023-08-27T01:34:17.446+0000] {logging_mixin.py:137} INFO - [2023-08-27T01:34:17.446+0000] {dag.py:3441} INFO - Setting next_dagrun for primeiradag to None, run_after=None
[2023-08-27T01:34:17.468+0000] {processor.py:175} INFO - Processing /opt/airflow/dags/primeiradag.py took 0.088 seconds
[2023-08-27T01:34:22.512+0000] {processor.py:153} INFO - Started process (PID=267) to work on /opt/airflow/dags/primeiradag.py
[2023-08-27T01:34:22.513+0000] {processor.py:743} INFO - Processing file /opt/airflow/dags/primeiradag.py for tasks to queue
[2023-08-27T01:34:22.514+0000] {logging_mixin.py:137} INFO - [2023-08-27T01:34:22.514+0000] {dagbag.py:538} INFO - Filling up the DagBag from /opt/airflow/dags/primeiradag.py
[2023-08-27T01:34:22.529+0000] {processor.py:753} INFO - DAG(s) dict_keys(['primeiradag']) retrieved from /opt/airflow/dags/primeiradag.py
[2023-08-27T01:34:22.557+0000] {logging_mixin.py:137} INFO - [2023-08-27T01:34:22.557+0000] {dag.py:2690} INFO - Sync 1 DAGs
[2023-08-27T01:34:22.588+0000] {logging_mixin.py:137} INFO - [2023-08-27T01:34:22.588+0000] {dag.py:3441} INFO - Setting next_dagrun for primeiradag to None, run_after=None
[2023-08-27T01:34:22.614+0000] {processor.py:175} INFO - Processing /opt/airflow/dags/primeiradag.py took 0.106 seconds
[2023-08-27T01:34:27.765+0000] {processor.py:153} INFO - Started process (PID=283) to work on /opt/airflow/dags/primeiradag.py
[2023-08-27T01:34:27.766+0000] {processor.py:743} INFO - Processing file /opt/airflow/dags/primeiradag.py for tasks to queue
[2023-08-27T01:34:27.766+0000] {logging_mixin.py:137} INFO - [2023-08-27T01:34:27.766+0000] {dagbag.py:538} INFO - Filling up the DagBag from /opt/airflow/dags/primeiradag.py
[2023-08-27T01:34:27.781+0000] {processor.py:753} INFO - DAG(s) dict_keys(['primeiradag']) retrieved from /opt/airflow/dags/primeiradag.py
[2023-08-27T01:34:27.804+0000] {logging_mixin.py:137} INFO - [2023-08-27T01:34:27.804+0000] {dag.py:2690} INFO - Sync 1 DAGs
[2023-08-27T01:34:27.828+0000] {logging_mixin.py:137} INFO - [2023-08-27T01:34:27.828+0000] {dag.py:3441} INFO - Setting next_dagrun for primeiradag to None, run_after=None
[2023-08-27T01:34:27.849+0000] {processor.py:175} INFO - Processing /opt/airflow/dags/primeiradag.py took 0.088 seconds
[2023-08-27T01:34:32.898+0000] {processor.py:153} INFO - Started process (PID=287) to work on /opt/airflow/dags/primeiradag.py
[2023-08-27T01:34:32.899+0000] {processor.py:743} INFO - Processing file /opt/airflow/dags/primeiradag.py for tasks to queue
[2023-08-27T01:34:32.900+0000] {logging_mixin.py:137} INFO - [2023-08-27T01:34:32.900+0000] {dagbag.py:538} INFO - Filling up the DagBag from /opt/airflow/dags/primeiradag.py
[2023-08-27T01:34:32.914+0000] {processor.py:753} INFO - DAG(s) dict_keys(['primeiradag']) retrieved from /opt/airflow/dags/primeiradag.py
[2023-08-27T01:34:32.937+0000] {logging_mixin.py:137} INFO - [2023-08-27T01:34:32.937+0000] {dag.py:2690} INFO - Sync 1 DAGs
[2023-08-27T01:34:32.961+0000] {logging_mixin.py:137} INFO - [2023-08-27T01:34:32.961+0000] {dag.py:3441} INFO - Setting next_dagrun for primeiradag to None, run_after=None
[2023-08-27T01:34:32.985+0000] {processor.py:175} INFO - Processing /opt/airflow/dags/primeiradag.py took 0.090 seconds
[2023-08-27T01:34:38.055+0000] {processor.py:153} INFO - Started process (PID=302) to work on /opt/airflow/dags/primeiradag.py
[2023-08-27T01:34:38.056+0000] {processor.py:743} INFO - Processing file /opt/airflow/dags/primeiradag.py for tasks to queue
[2023-08-27T01:34:38.058+0000] {logging_mixin.py:137} INFO - [2023-08-27T01:34:38.058+0000] {dagbag.py:538} INFO - Filling up the DagBag from /opt/airflow/dags/primeiradag.py
[2023-08-27T01:34:38.073+0000] {processor.py:753} INFO - DAG(s) dict_keys(['primeiradag']) retrieved from /opt/airflow/dags/primeiradag.py
[2023-08-27T01:34:38.095+0000] {logging_mixin.py:137} INFO - [2023-08-27T01:34:38.094+0000] {dag.py:2690} INFO - Sync 1 DAGs
[2023-08-27T01:34:38.116+0000] {logging_mixin.py:137} INFO - [2023-08-27T01:34:38.116+0000] {dag.py:3441} INFO - Setting next_dagrun for primeiradag to None, run_after=None
[2023-08-27T01:34:38.140+0000] {processor.py:175} INFO - Processing /opt/airflow/dags/primeiradag.py took 0.090 seconds
[2023-08-27T01:34:43.178+0000] {processor.py:153} INFO - Started process (PID=306) to work on /opt/airflow/dags/primeiradag.py
[2023-08-27T01:34:43.178+0000] {processor.py:743} INFO - Processing file /opt/airflow/dags/primeiradag.py for tasks to queue
[2023-08-27T01:34:43.179+0000] {logging_mixin.py:137} INFO - [2023-08-27T01:34:43.179+0000] {dagbag.py:538} INFO - Filling up the DagBag from /opt/airflow/dags/primeiradag.py
[2023-08-27T01:34:43.194+0000] {processor.py:753} INFO - DAG(s) dict_keys(['primeiradag']) retrieved from /opt/airflow/dags/primeiradag.py
[2023-08-27T01:34:43.218+0000] {logging_mixin.py:137} INFO - [2023-08-27T01:34:43.218+0000] {dag.py:2690} INFO - Sync 1 DAGs
[2023-08-27T01:34:43.241+0000] {logging_mixin.py:137} INFO - [2023-08-27T01:34:43.241+0000] {dag.py:3441} INFO - Setting next_dagrun for primeiradag to None, run_after=None
[2023-08-27T01:34:43.268+0000] {processor.py:175} INFO - Processing /opt/airflow/dags/primeiradag.py took 0.093 seconds
[2023-08-27T01:34:48.325+0000] {processor.py:153} INFO - Started process (PID=319) to work on /opt/airflow/dags/primeiradag.py
[2023-08-27T01:34:48.328+0000] {processor.py:743} INFO - Processing file /opt/airflow/dags/primeiradag.py for tasks to queue
[2023-08-27T01:34:48.329+0000] {logging_mixin.py:137} INFO - [2023-08-27T01:34:48.328+0000] {dagbag.py:538} INFO - Filling up the DagBag from /opt/airflow/dags/primeiradag.py
[2023-08-27T01:34:48.360+0000] {processor.py:753} INFO - DAG(s) dict_keys(['primeiradag']) retrieved from /opt/airflow/dags/primeiradag.py
[2023-08-27T01:34:48.400+0000] {logging_mixin.py:137} INFO - [2023-08-27T01:34:48.400+0000] {dag.py:2690} INFO - Sync 1 DAGs
[2023-08-27T01:34:48.457+0000] {logging_mixin.py:137} INFO - [2023-08-27T01:34:48.457+0000] {dag.py:3441} INFO - Setting next_dagrun for primeiradag to None, run_after=None
[2023-08-27T01:34:48.499+0000] {processor.py:175} INFO - Processing /opt/airflow/dags/primeiradag.py took 0.177 seconds
[2023-08-27T01:34:54.371+0000] {processor.py:153} INFO - Started process (PID=326) to work on /opt/airflow/dags/primeiradag.py
[2023-08-27T01:34:54.372+0000] {processor.py:743} INFO - Processing file /opt/airflow/dags/primeiradag.py for tasks to queue
[2023-08-27T01:34:54.372+0000] {logging_mixin.py:137} INFO - [2023-08-27T01:34:54.372+0000] {dagbag.py:538} INFO - Filling up the DagBag from /opt/airflow/dags/primeiradag.py
[2023-08-27T01:34:54.387+0000] {processor.py:753} INFO - DAG(s) dict_keys(['primeiradag']) retrieved from /opt/airflow/dags/primeiradag.py
[2023-08-27T01:34:54.409+0000] {logging_mixin.py:137} INFO - [2023-08-27T01:34:54.409+0000] {dag.py:2690} INFO - Sync 1 DAGs
[2023-08-27T01:34:54.432+0000] {logging_mixin.py:137} INFO - [2023-08-27T01:34:54.432+0000] {dag.py:3441} INFO - Setting next_dagrun for primeiradag to None, run_after=None
[2023-08-27T01:34:54.455+0000] {processor.py:175} INFO - Processing /opt/airflow/dags/primeiradag.py took 0.087 seconds
[2023-08-27T01:34:59.602+0000] {processor.py:153} INFO - Started process (PID=336) to work on /opt/airflow/dags/primeiradag.py
[2023-08-27T01:34:59.604+0000] {processor.py:743} INFO - Processing file /opt/airflow/dags/primeiradag.py for tasks to queue
[2023-08-27T01:34:59.605+0000] {logging_mixin.py:137} INFO - [2023-08-27T01:34:59.605+0000] {dagbag.py:538} INFO - Filling up the DagBag from /opt/airflow/dags/primeiradag.py
[2023-08-27T01:34:59.633+0000] {processor.py:753} INFO - DAG(s) dict_keys(['primeiradag']) retrieved from /opt/airflow/dags/primeiradag.py
[2023-08-27T01:34:59.690+0000] {logging_mixin.py:137} INFO - [2023-08-27T01:34:59.689+0000] {dag.py:2690} INFO - Sync 1 DAGs
[2023-08-27T01:34:59.727+0000] {logging_mixin.py:137} INFO - [2023-08-27T01:34:59.727+0000] {dag.py:3441} INFO - Setting next_dagrun for primeiradag to None, run_after=None
[2023-08-27T01:34:59.773+0000] {processor.py:175} INFO - Processing /opt/airflow/dags/primeiradag.py took 0.175 seconds
[2023-08-27T01:35:04.987+0000] {processor.py:153} INFO - Started process (PID=345) to work on /opt/airflow/dags/primeiradag.py
[2023-08-27T01:35:04.988+0000] {processor.py:743} INFO - Processing file /opt/airflow/dags/primeiradag.py for tasks to queue
[2023-08-27T01:35:04.989+0000] {logging_mixin.py:137} INFO - [2023-08-27T01:35:04.989+0000] {dagbag.py:538} INFO - Filling up the DagBag from /opt/airflow/dags/primeiradag.py
[2023-08-27T01:35:05.004+0000] {processor.py:753} INFO - DAG(s) dict_keys(['primeiradag']) retrieved from /opt/airflow/dags/primeiradag.py
[2023-08-27T01:35:05.028+0000] {logging_mixin.py:137} INFO - [2023-08-27T01:35:05.028+0000] {dag.py:2690} INFO - Sync 1 DAGs
[2023-08-27T01:35:05.051+0000] {logging_mixin.py:137} INFO - [2023-08-27T01:35:05.051+0000] {dag.py:3441} INFO - Setting next_dagrun for primeiradag to None, run_after=None
[2023-08-27T01:35:05.070+0000] {processor.py:175} INFO - Processing /opt/airflow/dags/primeiradag.py took 0.086 seconds
[2023-08-27T01:35:10.209+0000] {processor.py:153} INFO - Started process (PID=349) to work on /opt/airflow/dags/primeiradag.py
[2023-08-27T01:35:10.209+0000] {processor.py:743} INFO - Processing file /opt/airflow/dags/primeiradag.py for tasks to queue
[2023-08-27T01:35:10.210+0000] {logging_mixin.py:137} INFO - [2023-08-27T01:35:10.210+0000] {dagbag.py:538} INFO - Filling up the DagBag from /opt/airflow/dags/primeiradag.py
[2023-08-27T01:35:10.226+0000] {processor.py:753} INFO - DAG(s) dict_keys(['primeiradag']) retrieved from /opt/airflow/dags/primeiradag.py
[2023-08-27T01:35:10.256+0000] {logging_mixin.py:137} INFO - [2023-08-27T01:35:10.255+0000] {dag.py:2690} INFO - Sync 1 DAGs
[2023-08-27T01:35:10.288+0000] {logging_mixin.py:137} INFO - [2023-08-27T01:35:10.288+0000] {dag.py:3441} INFO - Setting next_dagrun for primeiradag to None, run_after=None
[2023-08-27T01:35:10.308+0000] {processor.py:175} INFO - Processing /opt/airflow/dags/primeiradag.py took 0.104 seconds
[2023-08-27T01:35:15.453+0000] {processor.py:153} INFO - Started process (PID=364) to work on /opt/airflow/dags/primeiradag.py
[2023-08-27T01:35:15.454+0000] {processor.py:743} INFO - Processing file /opt/airflow/dags/primeiradag.py for tasks to queue
[2023-08-27T01:35:15.455+0000] {logging_mixin.py:137} INFO - [2023-08-27T01:35:15.455+0000] {dagbag.py:538} INFO - Filling up the DagBag from /opt/airflow/dags/primeiradag.py
[2023-08-27T01:35:15.476+0000] {processor.py:753} INFO - DAG(s) dict_keys(['primeiradag']) retrieved from /opt/airflow/dags/primeiradag.py
[2023-08-27T01:35:15.502+0000] {logging_mixin.py:137} INFO - [2023-08-27T01:35:15.502+0000] {dag.py:2690} INFO - Sync 1 DAGs
[2023-08-27T01:35:15.535+0000] {logging_mixin.py:137} INFO - [2023-08-27T01:35:15.534+0000] {dag.py:3441} INFO - Setting next_dagrun for primeiradag to None, run_after=None
[2023-08-27T01:35:15.561+0000] {processor.py:175} INFO - Processing /opt/airflow/dags/primeiradag.py took 0.112 seconds
[2023-08-27T01:35:20.704+0000] {processor.py:153} INFO - Started process (PID=368) to work on /opt/airflow/dags/primeiradag.py
[2023-08-27T01:35:20.705+0000] {processor.py:743} INFO - Processing file /opt/airflow/dags/primeiradag.py for tasks to queue
[2023-08-27T01:35:20.706+0000] {logging_mixin.py:137} INFO - [2023-08-27T01:35:20.706+0000] {dagbag.py:538} INFO - Filling up the DagBag from /opt/airflow/dags/primeiradag.py
[2023-08-27T01:35:20.723+0000] {processor.py:753} INFO - DAG(s) dict_keys(['primeiradag']) retrieved from /opt/airflow/dags/primeiradag.py
[2023-08-27T01:35:20.746+0000] {logging_mixin.py:137} INFO - [2023-08-27T01:35:20.746+0000] {dag.py:2690} INFO - Sync 1 DAGs
[2023-08-27T01:35:20.770+0000] {logging_mixin.py:137} INFO - [2023-08-27T01:35:20.770+0000] {dag.py:3441} INFO - Setting next_dagrun for primeiradag to None, run_after=None
[2023-08-27T01:35:20.794+0000] {processor.py:175} INFO - Processing /opt/airflow/dags/primeiradag.py took 0.093 seconds
[2023-08-27T01:35:25.933+0000] {processor.py:153} INFO - Started process (PID=384) to work on /opt/airflow/dags/primeiradag.py
[2023-08-27T01:35:25.934+0000] {processor.py:743} INFO - Processing file /opt/airflow/dags/primeiradag.py for tasks to queue
[2023-08-27T01:35:25.935+0000] {logging_mixin.py:137} INFO - [2023-08-27T01:35:25.935+0000] {dagbag.py:538} INFO - Filling up the DagBag from /opt/airflow/dags/primeiradag.py
[2023-08-27T01:35:25.949+0000] {processor.py:753} INFO - DAG(s) dict_keys(['primeiradag']) retrieved from /opt/airflow/dags/primeiradag.py
[2023-08-27T01:35:25.972+0000] {logging_mixin.py:137} INFO - [2023-08-27T01:35:25.972+0000] {dag.py:2690} INFO - Sync 1 DAGs
[2023-08-27T01:35:25.996+0000] {logging_mixin.py:137} INFO - [2023-08-27T01:35:25.996+0000] {dag.py:3441} INFO - Setting next_dagrun for primeiradag to None, run_after=None
[2023-08-27T01:35:26.018+0000] {processor.py:175} INFO - Processing /opt/airflow/dags/primeiradag.py took 0.088 seconds
[2023-08-27T01:35:31.155+0000] {processor.py:153} INFO - Started process (PID=388) to work on /opt/airflow/dags/primeiradag.py
[2023-08-27T01:35:31.157+0000] {processor.py:743} INFO - Processing file /opt/airflow/dags/primeiradag.py for tasks to queue
[2023-08-27T01:35:31.158+0000] {logging_mixin.py:137} INFO - [2023-08-27T01:35:31.157+0000] {dagbag.py:538} INFO - Filling up the DagBag from /opt/airflow/dags/primeiradag.py
[2023-08-27T01:35:31.172+0000] {processor.py:753} INFO - DAG(s) dict_keys(['primeiradag']) retrieved from /opt/airflow/dags/primeiradag.py
[2023-08-27T01:35:31.194+0000] {logging_mixin.py:137} INFO - [2023-08-27T01:35:31.194+0000] {dag.py:2690} INFO - Sync 1 DAGs
[2023-08-27T01:35:31.218+0000] {logging_mixin.py:137} INFO - [2023-08-27T01:35:31.218+0000] {dag.py:3441} INFO - Setting next_dagrun for primeiradag to None, run_after=None
[2023-08-27T01:35:31.241+0000] {processor.py:175} INFO - Processing /opt/airflow/dags/primeiradag.py took 0.090 seconds
[2023-08-27T01:35:36.377+0000] {processor.py:153} INFO - Started process (PID=401) to work on /opt/airflow/dags/primeiradag.py
[2023-08-27T01:35:36.379+0000] {processor.py:743} INFO - Processing file /opt/airflow/dags/primeiradag.py for tasks to queue
[2023-08-27T01:35:36.380+0000] {logging_mixin.py:137} INFO - [2023-08-27T01:35:36.380+0000] {dagbag.py:538} INFO - Filling up the DagBag from /opt/airflow/dags/primeiradag.py
[2023-08-27T01:35:36.396+0000] {processor.py:753} INFO - DAG(s) dict_keys(['primeiradag']) retrieved from /opt/airflow/dags/primeiradag.py
[2023-08-27T01:35:36.421+0000] {logging_mixin.py:137} INFO - [2023-08-27T01:35:36.421+0000] {dag.py:2690} INFO - Sync 1 DAGs
[2023-08-27T01:35:36.446+0000] {logging_mixin.py:137} INFO - [2023-08-27T01:35:36.446+0000] {dag.py:3441} INFO - Setting next_dagrun for primeiradag to None, run_after=None
[2023-08-27T01:35:36.480+0000] {processor.py:175} INFO - Processing /opt/airflow/dags/primeiradag.py took 0.106 seconds
[2023-08-27T01:35:41.677+0000] {processor.py:153} INFO - Started process (PID=408) to work on /opt/airflow/dags/primeiradag.py
[2023-08-27T01:35:41.678+0000] {processor.py:743} INFO - Processing file /opt/airflow/dags/primeiradag.py for tasks to queue
[2023-08-27T01:35:41.679+0000] {logging_mixin.py:137} INFO - [2023-08-27T01:35:41.678+0000] {dagbag.py:538} INFO - Filling up the DagBag from /opt/airflow/dags/primeiradag.py
[2023-08-27T01:35:41.693+0000] {processor.py:753} INFO - DAG(s) dict_keys(['primeiradag']) retrieved from /opt/airflow/dags/primeiradag.py
[2023-08-27T01:35:41.719+0000] {logging_mixin.py:137} INFO - [2023-08-27T01:35:41.718+0000] {dag.py:2690} INFO - Sync 1 DAGs
[2023-08-27T01:35:41.747+0000] {logging_mixin.py:137} INFO - [2023-08-27T01:35:41.747+0000] {dag.py:3441} INFO - Setting next_dagrun for primeiradag to None, run_after=None
[2023-08-27T01:35:41.772+0000] {processor.py:175} INFO - Processing /opt/airflow/dags/primeiradag.py took 0.099 seconds
[2023-08-27T01:35:46.916+0000] {processor.py:153} INFO - Started process (PID=412) to work on /opt/airflow/dags/primeiradag.py
[2023-08-27T01:35:46.917+0000] {processor.py:743} INFO - Processing file /opt/airflow/dags/primeiradag.py for tasks to queue
[2023-08-27T01:35:46.918+0000] {logging_mixin.py:137} INFO - [2023-08-27T01:35:46.918+0000] {dagbag.py:538} INFO - Filling up the DagBag from /opt/airflow/dags/primeiradag.py
[2023-08-27T01:35:46.933+0000] {processor.py:753} INFO - DAG(s) dict_keys(['primeiradag']) retrieved from /opt/airflow/dags/primeiradag.py
[2023-08-27T01:35:46.957+0000] {logging_mixin.py:137} INFO - [2023-08-27T01:35:46.957+0000] {dag.py:2690} INFO - Sync 1 DAGs
[2023-08-27T01:35:46.983+0000] {logging_mixin.py:137} INFO - [2023-08-27T01:35:46.983+0000] {dag.py:3441} INFO - Setting next_dagrun for primeiradag to None, run_after=None
[2023-08-27T01:35:47.005+0000] {processor.py:175} INFO - Processing /opt/airflow/dags/primeiradag.py took 0.092 seconds
