[2023-08-27T01:32:09.766+0000] {processor.py:153} INFO - Started process (PID=34) to work on /opt/airflow/dags/quartadag.py
[2023-08-27T01:32:09.769+0000] {processor.py:743} INFO - Processing file /opt/airflow/dags/quartadag.py for tasks to queue
[2023-08-27T01:32:09.771+0000] {logging_mixin.py:137} INFO - [2023-08-27T01:32:09.770+0000] {dagbag.py:538} INFO - Filling up the DagBag from /opt/airflow/dags/quartadag.py
[2023-08-27T01:32:09.821+0000] {processor.py:753} INFO - DAG(s) dict_keys(['quartadag']) retrieved from /opt/airflow/dags/quartadag.py
[2023-08-27T01:32:10.071+0000] {logging_mixin.py:137} INFO - [2023-08-27T01:32:10.071+0000] {manager.py:504} INFO - Created Permission View: can delete on DAG:quartadag
[2023-08-27T01:32:10.086+0000] {logging_mixin.py:137} INFO - [2023-08-27T01:32:10.086+0000] {manager.py:504} INFO - Created Permission View: can read on DAG:quartadag
[2023-08-27T01:32:10.095+0000] {logging_mixin.py:137} INFO - [2023-08-27T01:32:10.095+0000] {manager.py:504} INFO - Created Permission View: can edit on DAG:quartadag
[2023-08-27T01:32:10.095+0000] {logging_mixin.py:137} INFO - [2023-08-27T01:32:10.095+0000] {dag.py:2690} INFO - Sync 1 DAGs
[2023-08-27T01:32:10.110+0000] {logging_mixin.py:137} INFO - [2023-08-27T01:32:10.110+0000] {dag.py:2711} INFO - Creating ORM DAG for quartadag
[2023-08-27T01:32:10.127+0000] {logging_mixin.py:137} INFO - [2023-08-27T01:32:10.127+0000] {dag.py:3441} INFO - Setting next_dagrun for quartadag to None, run_after=None
[2023-08-27T01:32:10.154+0000] {processor.py:175} INFO - Processing /opt/airflow/dags/quartadag.py took 0.391 seconds
[2023-08-27T01:32:15.626+0000] {processor.py:153} INFO - Started process (PID=50) to work on /opt/airflow/dags/quartadag.py
[2023-08-27T01:32:15.627+0000] {processor.py:743} INFO - Processing file /opt/airflow/dags/quartadag.py for tasks to queue
[2023-08-27T01:32:15.629+0000] {logging_mixin.py:137} INFO - [2023-08-27T01:32:15.628+0000] {dagbag.py:538} INFO - Filling up the DagBag from /opt/airflow/dags/quartadag.py
[2023-08-27T01:32:15.645+0000] {processor.py:753} INFO - DAG(s) dict_keys(['quartadag']) retrieved from /opt/airflow/dags/quartadag.py
[2023-08-27T01:32:15.661+0000] {logging_mixin.py:137} INFO - [2023-08-27T01:32:15.661+0000] {dag.py:2690} INFO - Sync 1 DAGs
[2023-08-27T01:32:15.695+0000] {logging_mixin.py:137} INFO - [2023-08-27T01:32:15.694+0000] {dag.py:3441} INFO - Setting next_dagrun for quartadag to None, run_after=None
[2023-08-27T01:32:15.726+0000] {processor.py:175} INFO - Processing /opt/airflow/dags/quartadag.py took 0.104 seconds
[2023-08-27T01:32:20.905+0000] {processor.py:153} INFO - Started process (PID=54) to work on /opt/airflow/dags/quartadag.py
[2023-08-27T01:32:20.906+0000] {processor.py:743} INFO - Processing file /opt/airflow/dags/quartadag.py for tasks to queue
[2023-08-27T01:32:20.907+0000] {logging_mixin.py:137} INFO - [2023-08-27T01:32:20.907+0000] {dagbag.py:538} INFO - Filling up the DagBag from /opt/airflow/dags/quartadag.py
[2023-08-27T01:32:20.921+0000] {processor.py:753} INFO - DAG(s) dict_keys(['quartadag']) retrieved from /opt/airflow/dags/quartadag.py
[2023-08-27T01:32:20.934+0000] {logging_mixin.py:137} INFO - [2023-08-27T01:32:20.934+0000] {dag.py:2690} INFO - Sync 1 DAGs
[2023-08-27T01:32:20.961+0000] {logging_mixin.py:137} INFO - [2023-08-27T01:32:20.961+0000] {dag.py:3441} INFO - Setting next_dagrun for quartadag to None, run_after=None
[2023-08-27T01:32:21.969+0000] {processor.py:175} INFO - Processing /opt/airflow/dags/quartadag.py took 1.068 seconds
[2023-08-27T01:32:27.134+0000] {processor.py:153} INFO - Started process (PID=70) to work on /opt/airflow/dags/quartadag.py
[2023-08-27T01:32:27.135+0000] {processor.py:743} INFO - Processing file /opt/airflow/dags/quartadag.py for tasks to queue
[2023-08-27T01:32:27.136+0000] {logging_mixin.py:137} INFO - [2023-08-27T01:32:27.135+0000] {dagbag.py:538} INFO - Filling up the DagBag from /opt/airflow/dags/quartadag.py
[2023-08-27T01:32:27.153+0000] {processor.py:753} INFO - DAG(s) dict_keys(['quartadag']) retrieved from /opt/airflow/dags/quartadag.py
[2023-08-27T01:32:27.166+0000] {logging_mixin.py:137} INFO - [2023-08-27T01:32:27.165+0000] {dag.py:2690} INFO - Sync 1 DAGs
[2023-08-27T01:32:27.189+0000] {logging_mixin.py:137} INFO - [2023-08-27T01:32:27.189+0000] {dag.py:3441} INFO - Setting next_dagrun for quartadag to None, run_after=None
[2023-08-27T01:32:28.051+0000] {processor.py:175} INFO - Processing /opt/airflow/dags/quartadag.py took 0.921 seconds
[2023-08-27T01:32:33.226+0000] {processor.py:153} INFO - Started process (PID=74) to work on /opt/airflow/dags/quartadag.py
[2023-08-27T01:32:33.227+0000] {processor.py:743} INFO - Processing file /opt/airflow/dags/quartadag.py for tasks to queue
[2023-08-27T01:32:33.227+0000] {logging_mixin.py:137} INFO - [2023-08-27T01:32:33.227+0000] {dagbag.py:538} INFO - Filling up the DagBag from /opt/airflow/dags/quartadag.py
[2023-08-27T01:32:33.242+0000] {processor.py:753} INFO - DAG(s) dict_keys(['quartadag']) retrieved from /opt/airflow/dags/quartadag.py
[2023-08-27T01:32:33.255+0000] {logging_mixin.py:137} INFO - [2023-08-27T01:32:33.255+0000] {dag.py:2690} INFO - Sync 1 DAGs
[2023-08-27T01:32:33.282+0000] {logging_mixin.py:137} INFO - [2023-08-27T01:32:33.282+0000] {dag.py:3441} INFO - Setting next_dagrun for quartadag to None, run_after=None
[2023-08-27T01:32:33.305+0000] {processor.py:175} INFO - Processing /opt/airflow/dags/quartadag.py took 0.083 seconds
[2023-08-27T01:32:38.444+0000] {processor.py:153} INFO - Started process (PID=90) to work on /opt/airflow/dags/quartadag.py
[2023-08-27T01:32:38.445+0000] {processor.py:743} INFO - Processing file /opt/airflow/dags/quartadag.py for tasks to queue
[2023-08-27T01:32:38.446+0000] {logging_mixin.py:137} INFO - [2023-08-27T01:32:38.446+0000] {dagbag.py:538} INFO - Filling up the DagBag from /opt/airflow/dags/quartadag.py
[2023-08-27T01:32:38.468+0000] {processor.py:753} INFO - DAG(s) dict_keys(['quartadag']) retrieved from /opt/airflow/dags/quartadag.py
[2023-08-27T01:32:38.483+0000] {logging_mixin.py:137} INFO - [2023-08-27T01:32:38.483+0000] {dag.py:2690} INFO - Sync 1 DAGs
[2023-08-27T01:32:38.513+0000] {logging_mixin.py:137} INFO - [2023-08-27T01:32:38.513+0000] {dag.py:3441} INFO - Setting next_dagrun for quartadag to None, run_after=None
[2023-08-27T01:32:38.537+0000] {processor.py:175} INFO - Processing /opt/airflow/dags/quartadag.py took 0.097 seconds
[2023-08-27T01:32:43.682+0000] {processor.py:153} INFO - Started process (PID=94) to work on /opt/airflow/dags/quartadag.py
[2023-08-27T01:32:43.683+0000] {processor.py:743} INFO - Processing file /opt/airflow/dags/quartadag.py for tasks to queue
[2023-08-27T01:32:43.684+0000] {logging_mixin.py:137} INFO - [2023-08-27T01:32:43.684+0000] {dagbag.py:538} INFO - Filling up the DagBag from /opt/airflow/dags/quartadag.py
[2023-08-27T01:32:43.699+0000] {processor.py:753} INFO - DAG(s) dict_keys(['quartadag']) retrieved from /opt/airflow/dags/quartadag.py
[2023-08-27T01:32:43.724+0000] {logging_mixin.py:137} INFO - [2023-08-27T01:32:43.724+0000] {dag.py:2690} INFO - Sync 1 DAGs
[2023-08-27T01:32:43.757+0000] {logging_mixin.py:137} INFO - [2023-08-27T01:32:43.757+0000] {dag.py:3441} INFO - Setting next_dagrun for quartadag to None, run_after=None
[2023-08-27T01:32:43.777+0000] {processor.py:175} INFO - Processing /opt/airflow/dags/quartadag.py took 0.100 seconds
[2023-08-27T01:32:48.928+0000] {processor.py:153} INFO - Started process (PID=110) to work on /opt/airflow/dags/quartadag.py
[2023-08-27T01:32:48.929+0000] {processor.py:743} INFO - Processing file /opt/airflow/dags/quartadag.py for tasks to queue
[2023-08-27T01:32:48.930+0000] {logging_mixin.py:137} INFO - [2023-08-27T01:32:48.930+0000] {dagbag.py:538} INFO - Filling up the DagBag from /opt/airflow/dags/quartadag.py
[2023-08-27T01:32:48.947+0000] {processor.py:753} INFO - DAG(s) dict_keys(['quartadag']) retrieved from /opt/airflow/dags/quartadag.py
[2023-08-27T01:32:48.972+0000] {logging_mixin.py:137} INFO - [2023-08-27T01:32:48.972+0000] {dag.py:2690} INFO - Sync 1 DAGs
[2023-08-27T01:32:48.997+0000] {logging_mixin.py:137} INFO - [2023-08-27T01:32:48.997+0000] {dag.py:3441} INFO - Setting next_dagrun for quartadag to None, run_after=None
[2023-08-27T01:32:49.022+0000] {processor.py:175} INFO - Processing /opt/airflow/dags/quartadag.py took 0.098 seconds
[2023-08-27T01:32:54.181+0000] {processor.py:153} INFO - Started process (PID=114) to work on /opt/airflow/dags/quartadag.py
[2023-08-27T01:32:54.182+0000] {processor.py:743} INFO - Processing file /opt/airflow/dags/quartadag.py for tasks to queue
[2023-08-27T01:32:54.183+0000] {logging_mixin.py:137} INFO - [2023-08-27T01:32:54.182+0000] {dagbag.py:538} INFO - Filling up the DagBag from /opt/airflow/dags/quartadag.py
[2023-08-27T01:32:54.199+0000] {processor.py:753} INFO - DAG(s) dict_keys(['quartadag']) retrieved from /opt/airflow/dags/quartadag.py
[2023-08-27T01:32:54.226+0000] {logging_mixin.py:137} INFO - [2023-08-27T01:32:54.225+0000] {dag.py:2690} INFO - Sync 1 DAGs
[2023-08-27T01:32:54.252+0000] {logging_mixin.py:137} INFO - [2023-08-27T01:32:54.252+0000] {dag.py:3441} INFO - Setting next_dagrun for quartadag to None, run_after=None
[2023-08-27T01:32:54.273+0000] {processor.py:175} INFO - Processing /opt/airflow/dags/quartadag.py took 0.096 seconds
[2023-08-27T01:32:59.432+0000] {processor.py:153} INFO - Started process (PID=118) to work on /opt/airflow/dags/quartadag.py
[2023-08-27T01:32:59.433+0000] {processor.py:743} INFO - Processing file /opt/airflow/dags/quartadag.py for tasks to queue
[2023-08-27T01:32:59.436+0000] {logging_mixin.py:137} INFO - [2023-08-27T01:32:59.435+0000] {dagbag.py:538} INFO - Filling up the DagBag from /opt/airflow/dags/quartadag.py
[2023-08-27T01:32:59.455+0000] {processor.py:753} INFO - DAG(s) dict_keys(['quartadag']) retrieved from /opt/airflow/dags/quartadag.py
[2023-08-27T01:32:59.479+0000] {logging_mixin.py:137} INFO - [2023-08-27T01:32:59.479+0000] {dag.py:2690} INFO - Sync 1 DAGs
[2023-08-27T01:32:59.505+0000] {logging_mixin.py:137} INFO - [2023-08-27T01:32:59.504+0000] {dag.py:3441} INFO - Setting next_dagrun for quartadag to None, run_after=None
[2023-08-27T01:32:59.535+0000] {processor.py:175} INFO - Processing /opt/airflow/dags/quartadag.py took 0.108 seconds
[2023-08-27T01:33:04.685+0000] {processor.py:153} INFO - Started process (PID=134) to work on /opt/airflow/dags/quartadag.py
[2023-08-27T01:33:04.686+0000] {processor.py:743} INFO - Processing file /opt/airflow/dags/quartadag.py for tasks to queue
[2023-08-27T01:33:04.687+0000] {logging_mixin.py:137} INFO - [2023-08-27T01:33:04.686+0000] {dagbag.py:538} INFO - Filling up the DagBag from /opt/airflow/dags/quartadag.py
[2023-08-27T01:33:04.700+0000] {processor.py:753} INFO - DAG(s) dict_keys(['quartadag']) retrieved from /opt/airflow/dags/quartadag.py
[2023-08-27T01:33:04.720+0000] {logging_mixin.py:137} INFO - [2023-08-27T01:33:04.720+0000] {dag.py:2690} INFO - Sync 1 DAGs
[2023-08-27T01:33:04.745+0000] {logging_mixin.py:137} INFO - [2023-08-27T01:33:04.745+0000] {dag.py:3441} INFO - Setting next_dagrun for quartadag to None, run_after=None
[2023-08-27T01:33:04.771+0000] {processor.py:175} INFO - Processing /opt/airflow/dags/quartadag.py took 0.090 seconds
[2023-08-27T01:33:09.826+0000] {processor.py:153} INFO - Started process (PID=138) to work on /opt/airflow/dags/quartadag.py
[2023-08-27T01:33:09.827+0000] {processor.py:743} INFO - Processing file /opt/airflow/dags/quartadag.py for tasks to queue
[2023-08-27T01:33:09.828+0000] {logging_mixin.py:137} INFO - [2023-08-27T01:33:09.828+0000] {dagbag.py:538} INFO - Filling up the DagBag from /opt/airflow/dags/quartadag.py
[2023-08-27T01:33:09.843+0000] {processor.py:753} INFO - DAG(s) dict_keys(['quartadag']) retrieved from /opt/airflow/dags/quartadag.py
[2023-08-27T01:33:09.866+0000] {logging_mixin.py:137} INFO - [2023-08-27T01:33:09.866+0000] {dag.py:2690} INFO - Sync 1 DAGs
[2023-08-27T01:33:09.890+0000] {logging_mixin.py:137} INFO - [2023-08-27T01:33:09.890+0000] {dag.py:3441} INFO - Setting next_dagrun for quartadag to None, run_after=None
[2023-08-27T01:33:09.915+0000] {processor.py:175} INFO - Processing /opt/airflow/dags/quartadag.py took 0.094 seconds
[2023-08-27T01:33:15.073+0000] {processor.py:153} INFO - Started process (PID=155) to work on /opt/airflow/dags/quartadag.py
[2023-08-27T01:33:15.074+0000] {processor.py:743} INFO - Processing file /opt/airflow/dags/quartadag.py for tasks to queue
[2023-08-27T01:33:15.075+0000] {logging_mixin.py:137} INFO - [2023-08-27T01:33:15.075+0000] {dagbag.py:538} INFO - Filling up the DagBag from /opt/airflow/dags/quartadag.py
[2023-08-27T01:33:15.091+0000] {processor.py:753} INFO - DAG(s) dict_keys(['quartadag']) retrieved from /opt/airflow/dags/quartadag.py
[2023-08-27T01:33:15.123+0000] {logging_mixin.py:137} INFO - [2023-08-27T01:33:15.122+0000] {dag.py:2690} INFO - Sync 1 DAGs
[2023-08-27T01:33:15.151+0000] {logging_mixin.py:137} INFO - [2023-08-27T01:33:15.151+0000] {dag.py:3441} INFO - Setting next_dagrun for quartadag to None, run_after=None
[2023-08-27T01:33:15.174+0000] {processor.py:175} INFO - Processing /opt/airflow/dags/quartadag.py took 0.105 seconds
[2023-08-27T01:33:20.331+0000] {processor.py:153} INFO - Started process (PID=159) to work on /opt/airflow/dags/quartadag.py
[2023-08-27T01:33:20.332+0000] {processor.py:743} INFO - Processing file /opt/airflow/dags/quartadag.py for tasks to queue
[2023-08-27T01:33:20.333+0000] {logging_mixin.py:137} INFO - [2023-08-27T01:33:20.333+0000] {dagbag.py:538} INFO - Filling up the DagBag from /opt/airflow/dags/quartadag.py
[2023-08-27T01:33:20.350+0000] {processor.py:753} INFO - DAG(s) dict_keys(['quartadag']) retrieved from /opt/airflow/dags/quartadag.py
[2023-08-27T01:33:20.379+0000] {logging_mixin.py:137} INFO - [2023-08-27T01:33:20.379+0000] {dag.py:2690} INFO - Sync 1 DAGs
[2023-08-27T01:33:20.415+0000] {logging_mixin.py:137} INFO - [2023-08-27T01:33:20.415+0000] {dag.py:3441} INFO - Setting next_dagrun for quartadag to None, run_after=None
[2023-08-27T01:33:20.520+0000] {processor.py:175} INFO - Processing /opt/airflow/dags/quartadag.py took 0.194 seconds
[2023-08-27T01:33:25.610+0000] {processor.py:153} INFO - Started process (PID=175) to work on /opt/airflow/dags/quartadag.py
[2023-08-27T01:33:25.610+0000] {processor.py:743} INFO - Processing file /opt/airflow/dags/quartadag.py for tasks to queue
[2023-08-27T01:33:25.611+0000] {logging_mixin.py:137} INFO - [2023-08-27T01:33:25.611+0000] {dagbag.py:538} INFO - Filling up the DagBag from /opt/airflow/dags/quartadag.py
[2023-08-27T01:33:25.627+0000] {processor.py:753} INFO - DAG(s) dict_keys(['quartadag']) retrieved from /opt/airflow/dags/quartadag.py
[2023-08-27T01:33:25.653+0000] {logging_mixin.py:137} INFO - [2023-08-27T01:33:25.653+0000] {dag.py:2690} INFO - Sync 1 DAGs
[2023-08-27T01:33:25.680+0000] {logging_mixin.py:137} INFO - [2023-08-27T01:33:25.680+0000] {dag.py:3441} INFO - Setting next_dagrun for quartadag to None, run_after=None
[2023-08-27T01:33:25.700+0000] {processor.py:175} INFO - Processing /opt/airflow/dags/quartadag.py took 0.095 seconds
[2023-08-27T01:33:30.854+0000] {processor.py:153} INFO - Started process (PID=179) to work on /opt/airflow/dags/quartadag.py
[2023-08-27T01:33:30.855+0000] {processor.py:743} INFO - Processing file /opt/airflow/dags/quartadag.py for tasks to queue
[2023-08-27T01:33:30.856+0000] {logging_mixin.py:137} INFO - [2023-08-27T01:33:30.856+0000] {dagbag.py:538} INFO - Filling up the DagBag from /opt/airflow/dags/quartadag.py
[2023-08-27T01:33:30.872+0000] {processor.py:753} INFO - DAG(s) dict_keys(['quartadag']) retrieved from /opt/airflow/dags/quartadag.py
[2023-08-27T01:33:30.896+0000] {logging_mixin.py:137} INFO - [2023-08-27T01:33:30.895+0000] {dag.py:2690} INFO - Sync 1 DAGs
[2023-08-27T01:33:30.921+0000] {logging_mixin.py:137} INFO - [2023-08-27T01:33:30.921+0000] {dag.py:3441} INFO - Setting next_dagrun for quartadag to None, run_after=None
[2023-08-27T01:33:30.941+0000] {processor.py:175} INFO - Processing /opt/airflow/dags/quartadag.py took 0.092 seconds
[2023-08-27T01:33:36.122+0000] {processor.py:153} INFO - Started process (PID=192) to work on /opt/airflow/dags/quartadag.py
[2023-08-27T01:33:36.123+0000] {processor.py:743} INFO - Processing file /opt/airflow/dags/quartadag.py for tasks to queue
[2023-08-27T01:33:36.124+0000] {logging_mixin.py:137} INFO - [2023-08-27T01:33:36.123+0000] {dagbag.py:538} INFO - Filling up the DagBag from /opt/airflow/dags/quartadag.py
[2023-08-27T01:33:36.142+0000] {processor.py:753} INFO - DAG(s) dict_keys(['quartadag']) retrieved from /opt/airflow/dags/quartadag.py
[2023-08-27T01:33:36.179+0000] {logging_mixin.py:137} INFO - [2023-08-27T01:33:36.179+0000] {dag.py:2690} INFO - Sync 1 DAGs
[2023-08-27T01:33:36.224+0000] {logging_mixin.py:137} INFO - [2023-08-27T01:33:36.224+0000] {dag.py:3441} INFO - Setting next_dagrun for quartadag to None, run_after=None
[2023-08-27T01:33:36.250+0000] {processor.py:175} INFO - Processing /opt/airflow/dags/quartadag.py took 0.132 seconds
[2023-08-27T01:33:41.318+0000] {processor.py:153} INFO - Started process (PID=199) to work on /opt/airflow/dags/quartadag.py
[2023-08-27T01:33:41.318+0000] {processor.py:743} INFO - Processing file /opt/airflow/dags/quartadag.py for tasks to queue
[2023-08-27T01:33:41.319+0000] {logging_mixin.py:137} INFO - [2023-08-27T01:33:41.319+0000] {dagbag.py:538} INFO - Filling up the DagBag from /opt/airflow/dags/quartadag.py
[2023-08-27T01:33:41.333+0000] {processor.py:753} INFO - DAG(s) dict_keys(['quartadag']) retrieved from /opt/airflow/dags/quartadag.py
[2023-08-27T01:33:41.356+0000] {logging_mixin.py:137} INFO - [2023-08-27T01:33:41.356+0000] {dag.py:2690} INFO - Sync 1 DAGs
[2023-08-27T01:33:41.379+0000] {logging_mixin.py:137} INFO - [2023-08-27T01:33:41.379+0000] {dag.py:3441} INFO - Setting next_dagrun for quartadag to None, run_after=None
[2023-08-27T01:33:41.399+0000] {processor.py:175} INFO - Processing /opt/airflow/dags/quartadag.py took 0.085 seconds
[2023-08-27T01:33:46.439+0000] {processor.py:153} INFO - Started process (PID=203) to work on /opt/airflow/dags/quartadag.py
[2023-08-27T01:33:46.440+0000] {processor.py:743} INFO - Processing file /opt/airflow/dags/quartadag.py for tasks to queue
[2023-08-27T01:33:46.440+0000] {logging_mixin.py:137} INFO - [2023-08-27T01:33:46.440+0000] {dagbag.py:538} INFO - Filling up the DagBag from /opt/airflow/dags/quartadag.py
[2023-08-27T01:33:46.454+0000] {processor.py:753} INFO - DAG(s) dict_keys(['quartadag']) retrieved from /opt/airflow/dags/quartadag.py
[2023-08-27T01:33:46.476+0000] {logging_mixin.py:137} INFO - [2023-08-27T01:33:46.476+0000] {dag.py:2690} INFO - Sync 1 DAGs
[2023-08-27T01:33:46.498+0000] {logging_mixin.py:137} INFO - [2023-08-27T01:33:46.498+0000] {dag.py:3441} INFO - Setting next_dagrun for quartadag to None, run_after=None
[2023-08-27T01:33:46.522+0000] {processor.py:175} INFO - Processing /opt/airflow/dags/quartadag.py took 0.087 seconds
[2023-08-27T01:33:51.573+0000] {processor.py:153} INFO - Started process (PID=219) to work on /opt/airflow/dags/quartadag.py
[2023-08-27T01:33:51.573+0000] {processor.py:743} INFO - Processing file /opt/airflow/dags/quartadag.py for tasks to queue
[2023-08-27T01:33:51.574+0000] {logging_mixin.py:137} INFO - [2023-08-27T01:33:51.574+0000] {dagbag.py:538} INFO - Filling up the DagBag from /opt/airflow/dags/quartadag.py
[2023-08-27T01:33:51.589+0000] {processor.py:753} INFO - DAG(s) dict_keys(['quartadag']) retrieved from /opt/airflow/dags/quartadag.py
[2023-08-27T01:33:51.613+0000] {logging_mixin.py:137} INFO - [2023-08-27T01:33:51.613+0000] {dag.py:2690} INFO - Sync 1 DAGs
[2023-08-27T01:33:51.637+0000] {logging_mixin.py:137} INFO - [2023-08-27T01:33:51.637+0000] {dag.py:3441} INFO - Setting next_dagrun for quartadag to None, run_after=None
[2023-08-27T01:33:51.655+0000] {processor.py:175} INFO - Processing /opt/airflow/dags/quartadag.py took 0.086 seconds
[2023-08-27T01:33:56.698+0000] {processor.py:153} INFO - Started process (PID=223) to work on /opt/airflow/dags/quartadag.py
[2023-08-27T01:33:56.699+0000] {processor.py:743} INFO - Processing file /opt/airflow/dags/quartadag.py for tasks to queue
[2023-08-27T01:33:56.700+0000] {logging_mixin.py:137} INFO - [2023-08-27T01:33:56.699+0000] {dagbag.py:538} INFO - Filling up the DagBag from /opt/airflow/dags/quartadag.py
[2023-08-27T01:33:56.713+0000] {processor.py:753} INFO - DAG(s) dict_keys(['quartadag']) retrieved from /opt/airflow/dags/quartadag.py
[2023-08-27T01:33:56.735+0000] {logging_mixin.py:137} INFO - [2023-08-27T01:33:56.735+0000] {dag.py:2690} INFO - Sync 1 DAGs
[2023-08-27T01:33:56.758+0000] {logging_mixin.py:137} INFO - [2023-08-27T01:33:56.758+0000] {dag.py:3441} INFO - Setting next_dagrun for quartadag to None, run_after=None
[2023-08-27T01:33:56.778+0000] {processor.py:175} INFO - Processing /opt/airflow/dags/quartadag.py took 0.085 seconds
[2023-08-27T01:34:01.819+0000] {processor.py:153} INFO - Started process (PID=240) to work on /opt/airflow/dags/quartadag.py
[2023-08-27T01:34:01.820+0000] {processor.py:743} INFO - Processing file /opt/airflow/dags/quartadag.py for tasks to queue
[2023-08-27T01:34:01.821+0000] {logging_mixin.py:137} INFO - [2023-08-27T01:34:01.821+0000] {dagbag.py:538} INFO - Filling up the DagBag from /opt/airflow/dags/quartadag.py
[2023-08-27T01:34:01.835+0000] {processor.py:753} INFO - DAG(s) dict_keys(['quartadag']) retrieved from /opt/airflow/dags/quartadag.py
[2023-08-27T01:34:01.857+0000] {logging_mixin.py:137} INFO - [2023-08-27T01:34:01.857+0000] {dag.py:2690} INFO - Sync 1 DAGs
[2023-08-27T01:34:01.893+0000] {logging_mixin.py:137} INFO - [2023-08-27T01:34:01.892+0000] {dag.py:3441} INFO - Setting next_dagrun for quartadag to None, run_after=None
[2023-08-27T01:34:01.917+0000] {processor.py:175} INFO - Processing /opt/airflow/dags/quartadag.py took 0.103 seconds
[2023-08-27T01:34:06.968+0000] {processor.py:153} INFO - Started process (PID=244) to work on /opt/airflow/dags/quartadag.py
[2023-08-27T01:34:06.969+0000] {processor.py:743} INFO - Processing file /opt/airflow/dags/quartadag.py for tasks to queue
[2023-08-27T01:34:06.970+0000] {logging_mixin.py:137} INFO - [2023-08-27T01:34:06.970+0000] {dagbag.py:538} INFO - Filling up the DagBag from /opt/airflow/dags/quartadag.py
[2023-08-27T01:34:06.985+0000] {processor.py:753} INFO - DAG(s) dict_keys(['quartadag']) retrieved from /opt/airflow/dags/quartadag.py
[2023-08-27T01:34:07.006+0000] {logging_mixin.py:137} INFO - [2023-08-27T01:34:07.006+0000] {dag.py:2690} INFO - Sync 1 DAGs
[2023-08-27T01:34:07.031+0000] {logging_mixin.py:137} INFO - [2023-08-27T01:34:07.031+0000] {dag.py:3441} INFO - Setting next_dagrun for quartadag to None, run_after=None
[2023-08-27T01:34:07.052+0000] {processor.py:175} INFO - Processing /opt/airflow/dags/quartadag.py took 0.087 seconds
[2023-08-27T01:34:12.156+0000] {processor.py:153} INFO - Started process (PID=257) to work on /opt/airflow/dags/quartadag.py
[2023-08-27T01:34:12.157+0000] {processor.py:743} INFO - Processing file /opt/airflow/dags/quartadag.py for tasks to queue
[2023-08-27T01:34:12.158+0000] {logging_mixin.py:137} INFO - [2023-08-27T01:34:12.157+0000] {dagbag.py:538} INFO - Filling up the DagBag from /opt/airflow/dags/quartadag.py
[2023-08-27T01:34:12.197+0000] {processor.py:753} INFO - DAG(s) dict_keys(['quartadag']) retrieved from /opt/airflow/dags/quartadag.py
[2023-08-27T01:34:12.264+0000] {logging_mixin.py:137} INFO - [2023-08-27T01:34:12.264+0000] {dag.py:2690} INFO - Sync 1 DAGs
[2023-08-27T01:34:12.307+0000] {logging_mixin.py:137} INFO - [2023-08-27T01:34:12.307+0000] {dag.py:3441} INFO - Setting next_dagrun for quartadag to None, run_after=None
[2023-08-27T01:34:12.340+0000] {processor.py:175} INFO - Processing /opt/airflow/dags/quartadag.py took 0.192 seconds
[2023-08-27T01:34:17.388+0000] {processor.py:153} INFO - Started process (PID=264) to work on /opt/airflow/dags/quartadag.py
[2023-08-27T01:34:17.389+0000] {processor.py:743} INFO - Processing file /opt/airflow/dags/quartadag.py for tasks to queue
[2023-08-27T01:34:17.390+0000] {logging_mixin.py:137} INFO - [2023-08-27T01:34:17.390+0000] {dagbag.py:538} INFO - Filling up the DagBag from /opt/airflow/dags/quartadag.py
[2023-08-27T01:34:17.404+0000] {processor.py:753} INFO - DAG(s) dict_keys(['quartadag']) retrieved from /opt/airflow/dags/quartadag.py
[2023-08-27T01:34:17.427+0000] {logging_mixin.py:137} INFO - [2023-08-27T01:34:17.427+0000] {dag.py:2690} INFO - Sync 1 DAGs
[2023-08-27T01:34:17.450+0000] {logging_mixin.py:137} INFO - [2023-08-27T01:34:17.450+0000] {dag.py:3441} INFO - Setting next_dagrun for quartadag to None, run_after=None
[2023-08-27T01:34:17.469+0000] {processor.py:175} INFO - Processing /opt/airflow/dags/quartadag.py took 0.086 seconds
[2023-08-27T01:34:22.517+0000] {processor.py:153} INFO - Started process (PID=268) to work on /opt/airflow/dags/quartadag.py
[2023-08-27T01:34:22.518+0000] {processor.py:743} INFO - Processing file /opt/airflow/dags/quartadag.py for tasks to queue
[2023-08-27T01:34:22.519+0000] {logging_mixin.py:137} INFO - [2023-08-27T01:34:22.518+0000] {dagbag.py:538} INFO - Filling up the DagBag from /opt/airflow/dags/quartadag.py
[2023-08-27T01:34:22.533+0000] {processor.py:753} INFO - DAG(s) dict_keys(['quartadag']) retrieved from /opt/airflow/dags/quartadag.py
[2023-08-27T01:34:22.561+0000] {logging_mixin.py:137} INFO - [2023-08-27T01:34:22.561+0000] {dag.py:2690} INFO - Sync 1 DAGs
[2023-08-27T01:34:22.592+0000] {logging_mixin.py:137} INFO - [2023-08-27T01:34:22.592+0000] {dag.py:3441} INFO - Setting next_dagrun for quartadag to None, run_after=None
[2023-08-27T01:34:22.615+0000] {processor.py:175} INFO - Processing /opt/airflow/dags/quartadag.py took 0.103 seconds
[2023-08-27T01:34:27.770+0000] {processor.py:153} INFO - Started process (PID=284) to work on /opt/airflow/dags/quartadag.py
[2023-08-27T01:34:27.771+0000] {processor.py:743} INFO - Processing file /opt/airflow/dags/quartadag.py for tasks to queue
[2023-08-27T01:34:27.772+0000] {logging_mixin.py:137} INFO - [2023-08-27T01:34:27.771+0000] {dagbag.py:538} INFO - Filling up the DagBag from /opt/airflow/dags/quartadag.py
[2023-08-27T01:34:27.787+0000] {processor.py:753} INFO - DAG(s) dict_keys(['quartadag']) retrieved from /opt/airflow/dags/quartadag.py
[2023-08-27T01:34:27.809+0000] {logging_mixin.py:137} INFO - [2023-08-27T01:34:27.809+0000] {dag.py:2690} INFO - Sync 1 DAGs
[2023-08-27T01:34:27.833+0000] {logging_mixin.py:137} INFO - [2023-08-27T01:34:27.833+0000] {dag.py:3441} INFO - Setting next_dagrun for quartadag to None, run_after=None
[2023-08-27T01:34:27.851+0000] {processor.py:175} INFO - Processing /opt/airflow/dags/quartadag.py took 0.086 seconds
[2023-08-27T01:34:32.903+0000] {processor.py:153} INFO - Started process (PID=288) to work on /opt/airflow/dags/quartadag.py
[2023-08-27T01:34:32.903+0000] {processor.py:743} INFO - Processing file /opt/airflow/dags/quartadag.py for tasks to queue
[2023-08-27T01:34:32.904+0000] {logging_mixin.py:137} INFO - [2023-08-27T01:34:32.904+0000] {dagbag.py:538} INFO - Filling up the DagBag from /opt/airflow/dags/quartadag.py
[2023-08-27T01:34:32.919+0000] {processor.py:753} INFO - DAG(s) dict_keys(['quartadag']) retrieved from /opt/airflow/dags/quartadag.py
[2023-08-27T01:34:32.940+0000] {logging_mixin.py:137} INFO - [2023-08-27T01:34:32.940+0000] {dag.py:2690} INFO - Sync 1 DAGs
[2023-08-27T01:34:32.964+0000] {logging_mixin.py:137} INFO - [2023-08-27T01:34:32.963+0000] {dag.py:3441} INFO - Setting next_dagrun for quartadag to None, run_after=None
[2023-08-27T01:34:32.987+0000] {processor.py:175} INFO - Processing /opt/airflow/dags/quartadag.py took 0.088 seconds
[2023-08-27T01:34:38.059+0000] {processor.py:153} INFO - Started process (PID=303) to work on /opt/airflow/dags/quartadag.py
[2023-08-27T01:34:38.060+0000] {processor.py:743} INFO - Processing file /opt/airflow/dags/quartadag.py for tasks to queue
[2023-08-27T01:34:38.061+0000] {logging_mixin.py:137} INFO - [2023-08-27T01:34:38.060+0000] {dagbag.py:538} INFO - Filling up the DagBag from /opt/airflow/dags/quartadag.py
[2023-08-27T01:34:38.074+0000] {processor.py:753} INFO - DAG(s) dict_keys(['quartadag']) retrieved from /opt/airflow/dags/quartadag.py
[2023-08-27T01:34:38.095+0000] {logging_mixin.py:137} INFO - [2023-08-27T01:34:38.094+0000] {dag.py:2690} INFO - Sync 1 DAGs
[2023-08-27T01:34:38.116+0000] {logging_mixin.py:137} INFO - [2023-08-27T01:34:38.116+0000] {dag.py:3441} INFO - Setting next_dagrun for quartadag to None, run_after=None
[2023-08-27T01:34:38.139+0000] {processor.py:175} INFO - Processing /opt/airflow/dags/quartadag.py took 0.084 seconds
[2023-08-27T01:34:43.183+0000] {processor.py:153} INFO - Started process (PID=307) to work on /opt/airflow/dags/quartadag.py
[2023-08-27T01:34:43.184+0000] {processor.py:743} INFO - Processing file /opt/airflow/dags/quartadag.py for tasks to queue
[2023-08-27T01:34:43.185+0000] {logging_mixin.py:137} INFO - [2023-08-27T01:34:43.184+0000] {dagbag.py:538} INFO - Filling up the DagBag from /opt/airflow/dags/quartadag.py
[2023-08-27T01:34:43.200+0000] {processor.py:753} INFO - DAG(s) dict_keys(['quartadag']) retrieved from /opt/airflow/dags/quartadag.py
[2023-08-27T01:34:43.222+0000] {logging_mixin.py:137} INFO - [2023-08-27T01:34:43.222+0000] {dag.py:2690} INFO - Sync 1 DAGs
[2023-08-27T01:34:43.245+0000] {logging_mixin.py:137} INFO - [2023-08-27T01:34:43.245+0000] {dag.py:3441} INFO - Setting next_dagrun for quartadag to None, run_after=None
[2023-08-27T01:34:43.269+0000] {processor.py:175} INFO - Processing /opt/airflow/dags/quartadag.py took 0.090 seconds
[2023-08-27T01:34:48.321+0000] {processor.py:153} INFO - Started process (PID=320) to work on /opt/airflow/dags/quartadag.py
[2023-08-27T01:34:48.326+0000] {processor.py:743} INFO - Processing file /opt/airflow/dags/quartadag.py for tasks to queue
[2023-08-27T01:34:48.327+0000] {logging_mixin.py:137} INFO - [2023-08-27T01:34:48.327+0000] {dagbag.py:538} INFO - Filling up the DagBag from /opt/airflow/dags/quartadag.py
[2023-08-27T01:34:48.355+0000] {processor.py:753} INFO - DAG(s) dict_keys(['quartadag']) retrieved from /opt/airflow/dags/quartadag.py
[2023-08-27T01:34:48.402+0000] {logging_mixin.py:137} INFO - [2023-08-27T01:34:48.402+0000] {dag.py:2690} INFO - Sync 1 DAGs
[2023-08-27T01:34:48.469+0000] {logging_mixin.py:137} INFO - [2023-08-27T01:34:48.469+0000] {dag.py:3441} INFO - Setting next_dagrun for quartadag to None, run_after=None
[2023-08-27T01:34:48.504+0000] {processor.py:175} INFO - Processing /opt/airflow/dags/quartadag.py took 0.192 seconds
[2023-08-27T01:34:54.375+0000] {processor.py:153} INFO - Started process (PID=327) to work on /opt/airflow/dags/quartadag.py
[2023-08-27T01:34:54.376+0000] {processor.py:743} INFO - Processing file /opt/airflow/dags/quartadag.py for tasks to queue
[2023-08-27T01:34:54.377+0000] {logging_mixin.py:137} INFO - [2023-08-27T01:34:54.377+0000] {dagbag.py:538} INFO - Filling up the DagBag from /opt/airflow/dags/quartadag.py
[2023-08-27T01:34:54.392+0000] {processor.py:753} INFO - DAG(s) dict_keys(['quartadag']) retrieved from /opt/airflow/dags/quartadag.py
[2023-08-27T01:34:54.414+0000] {logging_mixin.py:137} INFO - [2023-08-27T01:34:54.414+0000] {dag.py:2690} INFO - Sync 1 DAGs
[2023-08-27T01:34:54.438+0000] {logging_mixin.py:137} INFO - [2023-08-27T01:34:54.438+0000] {dag.py:3441} INFO - Setting next_dagrun for quartadag to None, run_after=None
[2023-08-27T01:34:54.457+0000] {processor.py:175} INFO - Processing /opt/airflow/dags/quartadag.py took 0.085 seconds
[2023-08-27T01:34:59.596+0000] {processor.py:153} INFO - Started process (PID=337) to work on /opt/airflow/dags/quartadag.py
[2023-08-27T01:34:59.601+0000] {processor.py:743} INFO - Processing file /opt/airflow/dags/quartadag.py for tasks to queue
[2023-08-27T01:34:59.604+0000] {logging_mixin.py:137} INFO - [2023-08-27T01:34:59.603+0000] {dagbag.py:538} INFO - Filling up the DagBag from /opt/airflow/dags/quartadag.py
[2023-08-27T01:34:59.631+0000] {processor.py:753} INFO - DAG(s) dict_keys(['quartadag']) retrieved from /opt/airflow/dags/quartadag.py
[2023-08-27T01:34:59.679+0000] {logging_mixin.py:137} INFO - [2023-08-27T01:34:59.679+0000] {dag.py:2690} INFO - Sync 1 DAGs
[2023-08-27T01:34:59.726+0000] {logging_mixin.py:137} INFO - [2023-08-27T01:34:59.726+0000] {dag.py:3441} INFO - Setting next_dagrun for quartadag to None, run_after=None
[2023-08-27T01:34:59.763+0000] {processor.py:175} INFO - Processing /opt/airflow/dags/quartadag.py took 0.171 seconds
[2023-08-27T01:35:04.992+0000] {processor.py:153} INFO - Started process (PID=346) to work on /opt/airflow/dags/quartadag.py
[2023-08-27T01:35:04.993+0000] {processor.py:743} INFO - Processing file /opt/airflow/dags/quartadag.py for tasks to queue
[2023-08-27T01:35:04.994+0000] {logging_mixin.py:137} INFO - [2023-08-27T01:35:04.994+0000] {dagbag.py:538} INFO - Filling up the DagBag from /opt/airflow/dags/quartadag.py
[2023-08-27T01:35:05.008+0000] {processor.py:753} INFO - DAG(s) dict_keys(['quartadag']) retrieved from /opt/airflow/dags/quartadag.py
[2023-08-27T01:35:05.031+0000] {logging_mixin.py:137} INFO - [2023-08-27T01:35:05.031+0000] {dag.py:2690} INFO - Sync 1 DAGs
[2023-08-27T01:35:05.054+0000] {logging_mixin.py:137} INFO - [2023-08-27T01:35:05.054+0000] {dag.py:3441} INFO - Setting next_dagrun for quartadag to None, run_after=None
[2023-08-27T01:35:05.072+0000] {processor.py:175} INFO - Processing /opt/airflow/dags/quartadag.py took 0.084 seconds
[2023-08-27T01:35:10.213+0000] {processor.py:153} INFO - Started process (PID=350) to work on /opt/airflow/dags/quartadag.py
[2023-08-27T01:35:10.214+0000] {processor.py:743} INFO - Processing file /opt/airflow/dags/quartadag.py for tasks to queue
[2023-08-27T01:35:10.215+0000] {logging_mixin.py:137} INFO - [2023-08-27T01:35:10.215+0000] {dagbag.py:538} INFO - Filling up the DagBag from /opt/airflow/dags/quartadag.py
[2023-08-27T01:35:10.229+0000] {processor.py:753} INFO - DAG(s) dict_keys(['quartadag']) retrieved from /opt/airflow/dags/quartadag.py
[2023-08-27T01:35:10.258+0000] {logging_mixin.py:137} INFO - [2023-08-27T01:35:10.258+0000] {dag.py:2690} INFO - Sync 1 DAGs
[2023-08-27T01:35:10.290+0000] {logging_mixin.py:137} INFO - [2023-08-27T01:35:10.290+0000] {dag.py:3441} INFO - Setting next_dagrun for quartadag to None, run_after=None
[2023-08-27T01:35:10.308+0000] {processor.py:175} INFO - Processing /opt/airflow/dags/quartadag.py took 0.099 seconds
[2023-08-27T01:35:15.459+0000] {processor.py:153} INFO - Started process (PID=365) to work on /opt/airflow/dags/quartadag.py
[2023-08-27T01:35:15.460+0000] {processor.py:743} INFO - Processing file /opt/airflow/dags/quartadag.py for tasks to queue
[2023-08-27T01:35:15.461+0000] {logging_mixin.py:137} INFO - [2023-08-27T01:35:15.461+0000] {dagbag.py:538} INFO - Filling up the DagBag from /opt/airflow/dags/quartadag.py
[2023-08-27T01:35:15.483+0000] {processor.py:753} INFO - DAG(s) dict_keys(['quartadag']) retrieved from /opt/airflow/dags/quartadag.py
[2023-08-27T01:35:15.508+0000] {logging_mixin.py:137} INFO - [2023-08-27T01:35:15.508+0000] {dag.py:2690} INFO - Sync 1 DAGs
[2023-08-27T01:35:15.534+0000] {logging_mixin.py:137} INFO - [2023-08-27T01:35:15.534+0000] {dag.py:3441} INFO - Setting next_dagrun for quartadag to None, run_after=None
[2023-08-27T01:35:15.561+0000] {processor.py:175} INFO - Processing /opt/airflow/dags/quartadag.py took 0.106 seconds
[2023-08-27T01:35:20.710+0000] {processor.py:153} INFO - Started process (PID=369) to work on /opt/airflow/dags/quartadag.py
[2023-08-27T01:35:20.711+0000] {processor.py:743} INFO - Processing file /opt/airflow/dags/quartadag.py for tasks to queue
[2023-08-27T01:35:20.712+0000] {logging_mixin.py:137} INFO - [2023-08-27T01:35:20.711+0000] {dagbag.py:538} INFO - Filling up the DagBag from /opt/airflow/dags/quartadag.py
[2023-08-27T01:35:20.726+0000] {processor.py:753} INFO - DAG(s) dict_keys(['quartadag']) retrieved from /opt/airflow/dags/quartadag.py
[2023-08-27T01:35:20.749+0000] {logging_mixin.py:137} INFO - [2023-08-27T01:35:20.749+0000] {dag.py:2690} INFO - Sync 1 DAGs
[2023-08-27T01:35:20.774+0000] {logging_mixin.py:137} INFO - [2023-08-27T01:35:20.774+0000] {dag.py:3441} INFO - Setting next_dagrun for quartadag to None, run_after=None
[2023-08-27T01:35:20.795+0000] {processor.py:175} INFO - Processing /opt/airflow/dags/quartadag.py took 0.089 seconds
[2023-08-27T01:35:25.939+0000] {processor.py:153} INFO - Started process (PID=385) to work on /opt/airflow/dags/quartadag.py
[2023-08-27T01:35:25.939+0000] {processor.py:743} INFO - Processing file /opt/airflow/dags/quartadag.py for tasks to queue
[2023-08-27T01:35:25.941+0000] {logging_mixin.py:137} INFO - [2023-08-27T01:35:25.940+0000] {dagbag.py:538} INFO - Filling up the DagBag from /opt/airflow/dags/quartadag.py
[2023-08-27T01:35:25.956+0000] {processor.py:753} INFO - DAG(s) dict_keys(['quartadag']) retrieved from /opt/airflow/dags/quartadag.py
[2023-08-27T01:35:25.979+0000] {logging_mixin.py:137} INFO - [2023-08-27T01:35:25.979+0000] {dag.py:2690} INFO - Sync 1 DAGs
[2023-08-27T01:35:26.003+0000] {logging_mixin.py:137} INFO - [2023-08-27T01:35:26.003+0000] {dag.py:3441} INFO - Setting next_dagrun for quartadag to None, run_after=None
[2023-08-27T01:35:26.023+0000] {processor.py:175} INFO - Processing /opt/airflow/dags/quartadag.py took 0.089 seconds
[2023-08-27T01:35:31.160+0000] {processor.py:153} INFO - Started process (PID=389) to work on /opt/airflow/dags/quartadag.py
[2023-08-27T01:35:31.161+0000] {processor.py:743} INFO - Processing file /opt/airflow/dags/quartadag.py for tasks to queue
[2023-08-27T01:35:31.161+0000] {logging_mixin.py:137} INFO - [2023-08-27T01:35:31.161+0000] {dagbag.py:538} INFO - Filling up the DagBag from /opt/airflow/dags/quartadag.py
[2023-08-27T01:35:31.175+0000] {processor.py:753} INFO - DAG(s) dict_keys(['quartadag']) retrieved from /opt/airflow/dags/quartadag.py
[2023-08-27T01:35:31.196+0000] {logging_mixin.py:137} INFO - [2023-08-27T01:35:31.196+0000] {dag.py:2690} INFO - Sync 1 DAGs
[2023-08-27T01:35:31.220+0000] {logging_mixin.py:137} INFO - [2023-08-27T01:35:31.220+0000] {dag.py:3441} INFO - Setting next_dagrun for quartadag to None, run_after=None
[2023-08-27T01:35:31.243+0000] {processor.py:175} INFO - Processing /opt/airflow/dags/quartadag.py took 0.087 seconds
[2023-08-27T01:35:36.384+0000] {processor.py:153} INFO - Started process (PID=402) to work on /opt/airflow/dags/quartadag.py
[2023-08-27T01:35:36.385+0000] {processor.py:743} INFO - Processing file /opt/airflow/dags/quartadag.py for tasks to queue
[2023-08-27T01:35:36.386+0000] {logging_mixin.py:137} INFO - [2023-08-27T01:35:36.386+0000] {dagbag.py:538} INFO - Filling up the DagBag from /opt/airflow/dags/quartadag.py
[2023-08-27T01:35:36.402+0000] {processor.py:753} INFO - DAG(s) dict_keys(['quartadag']) retrieved from /opt/airflow/dags/quartadag.py
[2023-08-27T01:35:36.427+0000] {logging_mixin.py:137} INFO - [2023-08-27T01:35:36.427+0000] {dag.py:2690} INFO - Sync 1 DAGs
[2023-08-27T01:35:36.453+0000] {logging_mixin.py:137} INFO - [2023-08-27T01:35:36.453+0000] {dag.py:3441} INFO - Setting next_dagrun for quartadag to None, run_after=None
[2023-08-27T01:35:36.491+0000] {processor.py:175} INFO - Processing /opt/airflow/dags/quartadag.py took 0.111 seconds
[2023-08-27T01:35:41.681+0000] {processor.py:153} INFO - Started process (PID=409) to work on /opt/airflow/dags/quartadag.py
[2023-08-27T01:35:41.682+0000] {processor.py:743} INFO - Processing file /opt/airflow/dags/quartadag.py for tasks to queue
[2023-08-27T01:35:41.683+0000] {logging_mixin.py:137} INFO - [2023-08-27T01:35:41.683+0000] {dagbag.py:538} INFO - Filling up the DagBag from /opt/airflow/dags/quartadag.py
[2023-08-27T01:35:41.698+0000] {processor.py:753} INFO - DAG(s) dict_keys(['quartadag']) retrieved from /opt/airflow/dags/quartadag.py
[2023-08-27T01:35:41.726+0000] {logging_mixin.py:137} INFO - [2023-08-27T01:35:41.726+0000] {dag.py:2690} INFO - Sync 1 DAGs
[2023-08-27T01:35:41.755+0000] {logging_mixin.py:137} INFO - [2023-08-27T01:35:41.755+0000] {dag.py:3441} INFO - Setting next_dagrun for quartadag to None, run_after=None
[2023-08-27T01:35:41.780+0000] {processor.py:175} INFO - Processing /opt/airflow/dags/quartadag.py took 0.102 seconds
[2023-08-27T01:35:46.921+0000] {processor.py:153} INFO - Started process (PID=413) to work on /opt/airflow/dags/quartadag.py
[2023-08-27T01:35:46.921+0000] {processor.py:743} INFO - Processing file /opt/airflow/dags/quartadag.py for tasks to queue
[2023-08-27T01:35:46.922+0000] {logging_mixin.py:137} INFO - [2023-08-27T01:35:46.922+0000] {dagbag.py:538} INFO - Filling up the DagBag from /opt/airflow/dags/quartadag.py
[2023-08-27T01:35:46.937+0000] {processor.py:753} INFO - DAG(s) dict_keys(['quartadag']) retrieved from /opt/airflow/dags/quartadag.py
[2023-08-27T01:35:46.961+0000] {logging_mixin.py:137} INFO - [2023-08-27T01:35:46.961+0000] {dag.py:2690} INFO - Sync 1 DAGs
[2023-08-27T01:35:46.986+0000] {logging_mixin.py:137} INFO - [2023-08-27T01:35:46.986+0000] {dag.py:3441} INFO - Setting next_dagrun for quartadag to None, run_after=None
[2023-08-27T01:35:47.007+0000] {processor.py:175} INFO - Processing /opt/airflow/dags/quartadag.py took 0.090 seconds
