[2023-08-27T01:32:10.174+0000] {processor.py:153} INFO - Started process (PID=35) to work on /opt/airflow/dags/segundadag.py
[2023-08-27T01:32:10.175+0000] {processor.py:743} INFO - Processing file /opt/airflow/dags/segundadag.py for tasks to queue
[2023-08-27T01:32:10.176+0000] {logging_mixin.py:137} INFO - [2023-08-27T01:32:10.176+0000] {dagbag.py:538} INFO - Filling up the DagBag from /opt/airflow/dags/segundadag.py
[2023-08-27T01:32:10.199+0000] {processor.py:753} INFO - DAG(s) dict_keys(['segundadag']) retrieved from /opt/airflow/dags/segundadag.py
[2023-08-27T01:32:10.342+0000] {logging_mixin.py:137} INFO - [2023-08-27T01:32:10.342+0000] {manager.py:504} INFO - Created Permission View: can delete on DAG:segundadag
[2023-08-27T01:32:10.364+0000] {logging_mixin.py:137} INFO - [2023-08-27T01:32:10.364+0000] {manager.py:504} INFO - Created Permission View: can read on DAG:segundadag
[2023-08-27T01:32:10.390+0000] {logging_mixin.py:137} INFO - [2023-08-27T01:32:10.390+0000] {manager.py:504} INFO - Created Permission View: can edit on DAG:segundadag
[2023-08-27T01:32:10.391+0000] {logging_mixin.py:137} INFO - [2023-08-27T01:32:10.391+0000] {dag.py:2690} INFO - Sync 1 DAGs
[2023-08-27T01:32:10.474+0000] {logging_mixin.py:137} INFO - [2023-08-27T01:32:10.473+0000] {dag.py:2711} INFO - Creating ORM DAG for segundadag
[2023-08-27T01:32:10.515+0000] {logging_mixin.py:137} INFO - [2023-08-27T01:32:10.515+0000] {dag.py:3441} INFO - Setting next_dagrun for segundadag to None, run_after=None
[2023-08-27T01:32:10.559+0000] {processor.py:175} INFO - Processing /opt/airflow/dags/segundadag.py took 0.397 seconds
[2023-08-27T01:32:15.758+0000] {processor.py:153} INFO - Started process (PID=51) to work on /opt/airflow/dags/segundadag.py
[2023-08-27T01:32:15.759+0000] {processor.py:743} INFO - Processing file /opt/airflow/dags/segundadag.py for tasks to queue
[2023-08-27T01:32:15.760+0000] {logging_mixin.py:137} INFO - [2023-08-27T01:32:15.760+0000] {dagbag.py:538} INFO - Filling up the DagBag from /opt/airflow/dags/segundadag.py
[2023-08-27T01:32:15.784+0000] {processor.py:753} INFO - DAG(s) dict_keys(['segundadag']) retrieved from /opt/airflow/dags/segundadag.py
[2023-08-27T01:32:15.800+0000] {logging_mixin.py:137} INFO - [2023-08-27T01:32:15.800+0000] {dag.py:2690} INFO - Sync 1 DAGs
[2023-08-27T01:32:15.832+0000] {logging_mixin.py:137} INFO - [2023-08-27T01:32:15.832+0000] {dag.py:3441} INFO - Setting next_dagrun for segundadag to None, run_after=None
[2023-08-27T01:32:15.854+0000] {processor.py:175} INFO - Processing /opt/airflow/dags/segundadag.py took 0.099 seconds
[2023-08-27T01:32:21.989+0000] {processor.py:153} INFO - Started process (PID=55) to work on /opt/airflow/dags/segundadag.py
[2023-08-27T01:32:21.990+0000] {processor.py:743} INFO - Processing file /opt/airflow/dags/segundadag.py for tasks to queue
[2023-08-27T01:32:21.991+0000] {logging_mixin.py:137} INFO - [2023-08-27T01:32:21.991+0000] {dagbag.py:538} INFO - Filling up the DagBag from /opt/airflow/dags/segundadag.py
[2023-08-27T01:32:22.006+0000] {processor.py:753} INFO - DAG(s) dict_keys(['segundadag']) retrieved from /opt/airflow/dags/segundadag.py
[2023-08-27T01:32:22.022+0000] {logging_mixin.py:137} INFO - [2023-08-27T01:32:22.022+0000] {dag.py:2690} INFO - Sync 1 DAGs
[2023-08-27T01:32:22.059+0000] {logging_mixin.py:137} INFO - [2023-08-27T01:32:22.059+0000] {dag.py:3441} INFO - Setting next_dagrun for segundadag to None, run_after=None
[2023-08-27T01:32:22.086+0000] {processor.py:175} INFO - Processing /opt/airflow/dags/segundadag.py took 0.101 seconds
[2023-08-27T01:32:28.073+0000] {processor.py:153} INFO - Started process (PID=71) to work on /opt/airflow/dags/segundadag.py
[2023-08-27T01:32:28.074+0000] {processor.py:743} INFO - Processing file /opt/airflow/dags/segundadag.py for tasks to queue
[2023-08-27T01:32:28.075+0000] {logging_mixin.py:137} INFO - [2023-08-27T01:32:28.075+0000] {dagbag.py:538} INFO - Filling up the DagBag from /opt/airflow/dags/segundadag.py
[2023-08-27T01:32:28.098+0000] {processor.py:753} INFO - DAG(s) dict_keys(['segundadag']) retrieved from /opt/airflow/dags/segundadag.py
[2023-08-27T01:32:28.114+0000] {logging_mixin.py:137} INFO - [2023-08-27T01:32:28.113+0000] {dag.py:2690} INFO - Sync 1 DAGs
[2023-08-27T01:32:28.144+0000] {logging_mixin.py:137} INFO - [2023-08-27T01:32:28.143+0000] {dag.py:3441} INFO - Setting next_dagrun for segundadag to None, run_after=None
[2023-08-27T01:32:28.166+0000] {processor.py:175} INFO - Processing /opt/airflow/dags/segundadag.py took 0.097 seconds
[2023-08-27T01:32:33.326+0000] {processor.py:153} INFO - Started process (PID=75) to work on /opt/airflow/dags/segundadag.py
[2023-08-27T01:32:33.327+0000] {processor.py:743} INFO - Processing file /opt/airflow/dags/segundadag.py for tasks to queue
[2023-08-27T01:32:33.327+0000] {logging_mixin.py:137} INFO - [2023-08-27T01:32:33.327+0000] {dagbag.py:538} INFO - Filling up the DagBag from /opt/airflow/dags/segundadag.py
[2023-08-27T01:32:33.342+0000] {processor.py:753} INFO - DAG(s) dict_keys(['segundadag']) retrieved from /opt/airflow/dags/segundadag.py
[2023-08-27T01:32:33.355+0000] {logging_mixin.py:137} INFO - [2023-08-27T01:32:33.355+0000] {dag.py:2690} INFO - Sync 1 DAGs
[2023-08-27T01:32:33.379+0000] {logging_mixin.py:137} INFO - [2023-08-27T01:32:33.379+0000] {dag.py:3441} INFO - Setting next_dagrun for segundadag to None, run_after=None
[2023-08-27T01:32:33.396+0000] {processor.py:175} INFO - Processing /opt/airflow/dags/segundadag.py took 0.073 seconds
[2023-08-27T01:32:38.549+0000] {processor.py:153} INFO - Started process (PID=91) to work on /opt/airflow/dags/segundadag.py
[2023-08-27T01:32:38.550+0000] {processor.py:743} INFO - Processing file /opt/airflow/dags/segundadag.py for tasks to queue
[2023-08-27T01:32:38.551+0000] {logging_mixin.py:137} INFO - [2023-08-27T01:32:38.550+0000] {dagbag.py:538} INFO - Filling up the DagBag from /opt/airflow/dags/segundadag.py
[2023-08-27T01:32:38.567+0000] {processor.py:753} INFO - DAG(s) dict_keys(['segundadag']) retrieved from /opt/airflow/dags/segundadag.py
[2023-08-27T01:32:38.581+0000] {logging_mixin.py:137} INFO - [2023-08-27T01:32:38.581+0000] {dag.py:2690} INFO - Sync 1 DAGs
[2023-08-27T01:32:38.610+0000] {logging_mixin.py:137} INFO - [2023-08-27T01:32:38.610+0000] {dag.py:3441} INFO - Setting next_dagrun for segundadag to None, run_after=None
[2023-08-27T01:32:38.632+0000] {processor.py:175} INFO - Processing /opt/airflow/dags/segundadag.py took 0.086 seconds
[2023-08-27T01:32:43.793+0000] {processor.py:153} INFO - Started process (PID=95) to work on /opt/airflow/dags/segundadag.py
[2023-08-27T01:32:43.794+0000] {processor.py:743} INFO - Processing file /opt/airflow/dags/segundadag.py for tasks to queue
[2023-08-27T01:32:43.794+0000] {logging_mixin.py:137} INFO - [2023-08-27T01:32:43.794+0000] {dagbag.py:538} INFO - Filling up the DagBag from /opt/airflow/dags/segundadag.py
[2023-08-27T01:32:43.810+0000] {processor.py:753} INFO - DAG(s) dict_keys(['segundadag']) retrieved from /opt/airflow/dags/segundadag.py
[2023-08-27T01:32:43.834+0000] {logging_mixin.py:137} INFO - [2023-08-27T01:32:43.834+0000] {dag.py:2690} INFO - Sync 1 DAGs
[2023-08-27T01:32:43.858+0000] {logging_mixin.py:137} INFO - [2023-08-27T01:32:43.858+0000] {dag.py:3441} INFO - Setting next_dagrun for segundadag to None, run_after=None
[2023-08-27T01:32:43.877+0000] {processor.py:175} INFO - Processing /opt/airflow/dags/segundadag.py took 0.088 seconds
[2023-08-27T01:32:49.044+0000] {processor.py:153} INFO - Started process (PID=111) to work on /opt/airflow/dags/segundadag.py
[2023-08-27T01:32:49.045+0000] {processor.py:743} INFO - Processing file /opt/airflow/dags/segundadag.py for tasks to queue
[2023-08-27T01:32:49.046+0000] {logging_mixin.py:137} INFO - [2023-08-27T01:32:49.046+0000] {dagbag.py:538} INFO - Filling up the DagBag from /opt/airflow/dags/segundadag.py
[2023-08-27T01:32:49.062+0000] {processor.py:753} INFO - DAG(s) dict_keys(['segundadag']) retrieved from /opt/airflow/dags/segundadag.py
[2023-08-27T01:32:49.087+0000] {logging_mixin.py:137} INFO - [2023-08-27T01:32:49.087+0000] {dag.py:2690} INFO - Sync 1 DAGs
[2023-08-27T01:32:49.115+0000] {logging_mixin.py:137} INFO - [2023-08-27T01:32:49.115+0000] {dag.py:3441} INFO - Setting next_dagrun for segundadag to None, run_after=None
[2023-08-27T01:32:49.135+0000] {processor.py:175} INFO - Processing /opt/airflow/dags/segundadag.py took 0.095 seconds
[2023-08-27T01:32:54.293+0000] {processor.py:153} INFO - Started process (PID=115) to work on /opt/airflow/dags/segundadag.py
[2023-08-27T01:32:54.294+0000] {processor.py:743} INFO - Processing file /opt/airflow/dags/segundadag.py for tasks to queue
[2023-08-27T01:32:54.295+0000] {logging_mixin.py:137} INFO - [2023-08-27T01:32:54.295+0000] {dagbag.py:538} INFO - Filling up the DagBag from /opt/airflow/dags/segundadag.py
[2023-08-27T01:32:54.311+0000] {processor.py:753} INFO - DAG(s) dict_keys(['segundadag']) retrieved from /opt/airflow/dags/segundadag.py
[2023-08-27T01:32:54.335+0000] {logging_mixin.py:137} INFO - [2023-08-27T01:32:54.335+0000] {dag.py:2690} INFO - Sync 1 DAGs
[2023-08-27T01:32:54.360+0000] {logging_mixin.py:137} INFO - [2023-08-27T01:32:54.360+0000] {dag.py:3441} INFO - Setting next_dagrun for segundadag to None, run_after=None
[2023-08-27T01:32:54.380+0000] {processor.py:175} INFO - Processing /opt/airflow/dags/segundadag.py took 0.091 seconds
[2023-08-27T01:32:59.547+0000] {processor.py:153} INFO - Started process (PID=119) to work on /opt/airflow/dags/segundadag.py
[2023-08-27T01:32:59.548+0000] {processor.py:743} INFO - Processing file /opt/airflow/dags/segundadag.py for tasks to queue
[2023-08-27T01:32:59.549+0000] {logging_mixin.py:137} INFO - [2023-08-27T01:32:59.549+0000] {dagbag.py:538} INFO - Filling up the DagBag from /opt/airflow/dags/segundadag.py
[2023-08-27T01:32:59.568+0000] {processor.py:753} INFO - DAG(s) dict_keys(['segundadag']) retrieved from /opt/airflow/dags/segundadag.py
[2023-08-27T01:32:59.591+0000] {logging_mixin.py:137} INFO - [2023-08-27T01:32:59.591+0000] {dag.py:2690} INFO - Sync 1 DAGs
[2023-08-27T01:32:59.617+0000] {logging_mixin.py:137} INFO - [2023-08-27T01:32:59.617+0000] {dag.py:3441} INFO - Setting next_dagrun for segundadag to None, run_after=None
[2023-08-27T01:32:59.642+0000] {processor.py:175} INFO - Processing /opt/airflow/dags/segundadag.py took 0.098 seconds
[2023-08-27T01:33:04.792+0000] {processor.py:153} INFO - Started process (PID=135) to work on /opt/airflow/dags/segundadag.py
[2023-08-27T01:33:04.793+0000] {processor.py:743} INFO - Processing file /opt/airflow/dags/segundadag.py for tasks to queue
[2023-08-27T01:33:04.794+0000] {logging_mixin.py:137} INFO - [2023-08-27T01:33:04.794+0000] {dagbag.py:538} INFO - Filling up the DagBag from /opt/airflow/dags/segundadag.py
[2023-08-27T01:33:04.813+0000] {processor.py:753} INFO - DAG(s) dict_keys(['segundadag']) retrieved from /opt/airflow/dags/segundadag.py
[2023-08-27T01:33:04.839+0000] {logging_mixin.py:137} INFO - [2023-08-27T01:33:04.839+0000] {dag.py:2690} INFO - Sync 1 DAGs
[2023-08-27T01:33:04.872+0000] {logging_mixin.py:137} INFO - [2023-08-27T01:33:04.872+0000] {dag.py:3441} INFO - Setting next_dagrun for segundadag to None, run_after=None
[2023-08-27T01:33:04.896+0000] {processor.py:175} INFO - Processing /opt/airflow/dags/segundadag.py took 0.109 seconds
[2023-08-27T01:33:09.935+0000] {processor.py:153} INFO - Started process (PID=139) to work on /opt/airflow/dags/segundadag.py
[2023-08-27T01:33:09.936+0000] {processor.py:743} INFO - Processing file /opt/airflow/dags/segundadag.py for tasks to queue
[2023-08-27T01:33:09.937+0000] {logging_mixin.py:137} INFO - [2023-08-27T01:33:09.937+0000] {dagbag.py:538} INFO - Filling up the DagBag from /opt/airflow/dags/segundadag.py
[2023-08-27T01:33:09.951+0000] {processor.py:753} INFO - DAG(s) dict_keys(['segundadag']) retrieved from /opt/airflow/dags/segundadag.py
[2023-08-27T01:33:09.974+0000] {logging_mixin.py:137} INFO - [2023-08-27T01:33:09.974+0000] {dag.py:2690} INFO - Sync 1 DAGs
[2023-08-27T01:33:09.996+0000] {logging_mixin.py:137} INFO - [2023-08-27T01:33:09.996+0000] {dag.py:3441} INFO - Setting next_dagrun for segundadag to None, run_after=None
[2023-08-27T01:33:10.013+0000] {processor.py:175} INFO - Processing /opt/airflow/dags/segundadag.py took 0.081 seconds
[2023-08-27T01:33:15.193+0000] {processor.py:153} INFO - Started process (PID=156) to work on /opt/airflow/dags/segundadag.py
[2023-08-27T01:33:15.193+0000] {processor.py:743} INFO - Processing file /opt/airflow/dags/segundadag.py for tasks to queue
[2023-08-27T01:33:15.194+0000] {logging_mixin.py:137} INFO - [2023-08-27T01:33:15.194+0000] {dagbag.py:538} INFO - Filling up the DagBag from /opt/airflow/dags/segundadag.py
[2023-08-27T01:33:15.209+0000] {processor.py:753} INFO - DAG(s) dict_keys(['segundadag']) retrieved from /opt/airflow/dags/segundadag.py
[2023-08-27T01:33:15.235+0000] {logging_mixin.py:137} INFO - [2023-08-27T01:33:15.234+0000] {dag.py:2690} INFO - Sync 1 DAGs
[2023-08-27T01:33:15.259+0000] {logging_mixin.py:137} INFO - [2023-08-27T01:33:15.259+0000] {dag.py:3441} INFO - Setting next_dagrun for segundadag to None, run_after=None
[2023-08-27T01:33:15.282+0000] {processor.py:175} INFO - Processing /opt/airflow/dags/segundadag.py took 0.093 seconds
[2023-08-27T01:33:20.455+0000] {processor.py:153} INFO - Started process (PID=160) to work on /opt/airflow/dags/segundadag.py
[2023-08-27T01:33:20.457+0000] {processor.py:743} INFO - Processing file /opt/airflow/dags/segundadag.py for tasks to queue
[2023-08-27T01:33:20.459+0000] {logging_mixin.py:137} INFO - [2023-08-27T01:33:20.458+0000] {dagbag.py:538} INFO - Filling up the DagBag from /opt/airflow/dags/segundadag.py
[2023-08-27T01:33:20.475+0000] {processor.py:753} INFO - DAG(s) dict_keys(['segundadag']) retrieved from /opt/airflow/dags/segundadag.py
[2023-08-27T01:33:20.504+0000] {logging_mixin.py:137} INFO - [2023-08-27T01:33:20.504+0000] {dag.py:2690} INFO - Sync 1 DAGs
[2023-08-27T01:33:20.537+0000] {logging_mixin.py:137} INFO - [2023-08-27T01:33:20.537+0000] {dag.py:3441} INFO - Setting next_dagrun for segundadag to None, run_after=None
[2023-08-27T01:33:20.562+0000] {processor.py:175} INFO - Processing /opt/airflow/dags/segundadag.py took 0.111 seconds
[2023-08-27T01:33:25.719+0000] {processor.py:153} INFO - Started process (PID=176) to work on /opt/airflow/dags/segundadag.py
[2023-08-27T01:33:25.720+0000] {processor.py:743} INFO - Processing file /opt/airflow/dags/segundadag.py for tasks to queue
[2023-08-27T01:33:25.721+0000] {logging_mixin.py:137} INFO - [2023-08-27T01:33:25.720+0000] {dagbag.py:538} INFO - Filling up the DagBag from /opt/airflow/dags/segundadag.py
[2023-08-27T01:33:25.735+0000] {processor.py:753} INFO - DAG(s) dict_keys(['segundadag']) retrieved from /opt/airflow/dags/segundadag.py
[2023-08-27T01:33:25.759+0000] {logging_mixin.py:137} INFO - [2023-08-27T01:33:25.759+0000] {dag.py:2690} INFO - Sync 1 DAGs
[2023-08-27T01:33:25.785+0000] {logging_mixin.py:137} INFO - [2023-08-27T01:33:25.785+0000] {dag.py:3441} INFO - Setting next_dagrun for segundadag to None, run_after=None
[2023-08-27T01:33:25.806+0000] {processor.py:175} INFO - Processing /opt/airflow/dags/segundadag.py took 0.090 seconds
[2023-08-27T01:33:30.961+0000] {processor.py:153} INFO - Started process (PID=180) to work on /opt/airflow/dags/segundadag.py
[2023-08-27T01:33:30.962+0000] {processor.py:743} INFO - Processing file /opt/airflow/dags/segundadag.py for tasks to queue
[2023-08-27T01:33:30.963+0000] {logging_mixin.py:137} INFO - [2023-08-27T01:33:30.963+0000] {dagbag.py:538} INFO - Filling up the DagBag from /opt/airflow/dags/segundadag.py
[2023-08-27T01:33:30.978+0000] {processor.py:753} INFO - DAG(s) dict_keys(['segundadag']) retrieved from /opt/airflow/dags/segundadag.py
[2023-08-27T01:33:31.004+0000] {logging_mixin.py:137} INFO - [2023-08-27T01:33:31.004+0000] {dag.py:2690} INFO - Sync 1 DAGs
[2023-08-27T01:33:31.031+0000] {logging_mixin.py:137} INFO - [2023-08-27T01:33:31.031+0000] {dag.py:3441} INFO - Setting next_dagrun for segundadag to None, run_after=None
[2023-08-27T01:33:31.062+0000] {processor.py:175} INFO - Processing /opt/airflow/dags/segundadag.py took 0.104 seconds
[2023-08-27T01:33:36.277+0000] {processor.py:153} INFO - Started process (PID=193) to work on /opt/airflow/dags/segundadag.py
[2023-08-27T01:33:36.278+0000] {processor.py:743} INFO - Processing file /opt/airflow/dags/segundadag.py for tasks to queue
[2023-08-27T01:33:36.279+0000] {logging_mixin.py:137} INFO - [2023-08-27T01:33:36.279+0000] {dagbag.py:538} INFO - Filling up the DagBag from /opt/airflow/dags/segundadag.py
[2023-08-27T01:33:36.300+0000] {processor.py:753} INFO - DAG(s) dict_keys(['segundadag']) retrieved from /opt/airflow/dags/segundadag.py
[2023-08-27T01:33:36.332+0000] {logging_mixin.py:137} INFO - [2023-08-27T01:33:36.331+0000] {dag.py:2690} INFO - Sync 1 DAGs
[2023-08-27T01:33:36.370+0000] {logging_mixin.py:137} INFO - [2023-08-27T01:33:36.370+0000] {dag.py:3441} INFO - Setting next_dagrun for segundadag to None, run_after=None
[2023-08-27T01:33:36.405+0000] {processor.py:175} INFO - Processing /opt/airflow/dags/segundadag.py took 0.132 seconds
[2023-08-27T01:33:42.328+0000] {processor.py:153} INFO - Started process (PID=200) to work on /opt/airflow/dags/segundadag.py
[2023-08-27T01:33:42.329+0000] {processor.py:743} INFO - Processing file /opt/airflow/dags/segundadag.py for tasks to queue
[2023-08-27T01:33:42.330+0000] {logging_mixin.py:137} INFO - [2023-08-27T01:33:42.330+0000] {dagbag.py:538} INFO - Filling up the DagBag from /opt/airflow/dags/segundadag.py
[2023-08-27T01:33:42.345+0000] {processor.py:753} INFO - DAG(s) dict_keys(['segundadag']) retrieved from /opt/airflow/dags/segundadag.py
[2023-08-27T01:33:42.368+0000] {logging_mixin.py:137} INFO - [2023-08-27T01:33:42.368+0000] {dag.py:2690} INFO - Sync 1 DAGs
[2023-08-27T01:33:42.392+0000] {logging_mixin.py:137} INFO - [2023-08-27T01:33:42.392+0000] {dag.py:3441} INFO - Setting next_dagrun for segundadag to None, run_after=None
[2023-08-27T01:33:42.415+0000] {processor.py:175} INFO - Processing /opt/airflow/dags/segundadag.py took 0.090 seconds
[2023-08-27T01:33:47.452+0000] {processor.py:153} INFO - Started process (PID=204) to work on /opt/airflow/dags/segundadag.py
[2023-08-27T01:33:47.453+0000] {processor.py:743} INFO - Processing file /opt/airflow/dags/segundadag.py for tasks to queue
[2023-08-27T01:33:47.454+0000] {logging_mixin.py:137} INFO - [2023-08-27T01:33:47.454+0000] {dagbag.py:538} INFO - Filling up the DagBag from /opt/airflow/dags/segundadag.py
[2023-08-27T01:33:47.470+0000] {processor.py:753} INFO - DAG(s) dict_keys(['segundadag']) retrieved from /opt/airflow/dags/segundadag.py
[2023-08-27T01:33:47.495+0000] {logging_mixin.py:137} INFO - [2023-08-27T01:33:47.495+0000] {dag.py:2690} INFO - Sync 1 DAGs
[2023-08-27T01:33:47.521+0000] {logging_mixin.py:137} INFO - [2023-08-27T01:33:47.521+0000] {dag.py:3441} INFO - Setting next_dagrun for segundadag to None, run_after=None
[2023-08-27T01:33:47.547+0000] {processor.py:175} INFO - Processing /opt/airflow/dags/segundadag.py took 0.098 seconds
[2023-08-27T01:33:52.587+0000] {processor.py:153} INFO - Started process (PID=220) to work on /opt/airflow/dags/segundadag.py
[2023-08-27T01:33:52.588+0000] {processor.py:743} INFO - Processing file /opt/airflow/dags/segundadag.py for tasks to queue
[2023-08-27T01:33:52.588+0000] {logging_mixin.py:137} INFO - [2023-08-27T01:33:52.588+0000] {dagbag.py:538} INFO - Filling up the DagBag from /opt/airflow/dags/segundadag.py
[2023-08-27T01:33:52.606+0000] {processor.py:753} INFO - DAG(s) dict_keys(['segundadag']) retrieved from /opt/airflow/dags/segundadag.py
[2023-08-27T01:33:52.630+0000] {logging_mixin.py:137} INFO - [2023-08-27T01:33:52.630+0000] {dag.py:2690} INFO - Sync 1 DAGs
[2023-08-27T01:33:52.655+0000] {logging_mixin.py:137} INFO - [2023-08-27T01:33:52.655+0000] {dag.py:3441} INFO - Setting next_dagrun for segundadag to None, run_after=None
[2023-08-27T01:33:52.677+0000] {processor.py:175} INFO - Processing /opt/airflow/dags/segundadag.py took 0.094 seconds
[2023-08-27T01:33:57.716+0000] {processor.py:153} INFO - Started process (PID=224) to work on /opt/airflow/dags/segundadag.py
[2023-08-27T01:33:57.717+0000] {processor.py:743} INFO - Processing file /opt/airflow/dags/segundadag.py for tasks to queue
[2023-08-27T01:33:57.718+0000] {logging_mixin.py:137} INFO - [2023-08-27T01:33:57.717+0000] {dagbag.py:538} INFO - Filling up the DagBag from /opt/airflow/dags/segundadag.py
[2023-08-27T01:33:57.735+0000] {processor.py:753} INFO - DAG(s) dict_keys(['segundadag']) retrieved from /opt/airflow/dags/segundadag.py
[2023-08-27T01:33:57.760+0000] {logging_mixin.py:137} INFO - [2023-08-27T01:33:57.760+0000] {dag.py:2690} INFO - Sync 1 DAGs
[2023-08-27T01:33:57.784+0000] {logging_mixin.py:137} INFO - [2023-08-27T01:33:57.784+0000] {dag.py:3441} INFO - Setting next_dagrun for segundadag to None, run_after=None
[2023-08-27T01:33:57.807+0000] {processor.py:175} INFO - Processing /opt/airflow/dags/segundadag.py took 0.094 seconds
[2023-08-27T01:34:02.843+0000] {processor.py:153} INFO - Started process (PID=241) to work on /opt/airflow/dags/segundadag.py
[2023-08-27T01:34:02.844+0000] {processor.py:743} INFO - Processing file /opt/airflow/dags/segundadag.py for tasks to queue
[2023-08-27T01:34:02.845+0000] {logging_mixin.py:137} INFO - [2023-08-27T01:34:02.845+0000] {dagbag.py:538} INFO - Filling up the DagBag from /opt/airflow/dags/segundadag.py
[2023-08-27T01:34:02.859+0000] {processor.py:753} INFO - DAG(s) dict_keys(['segundadag']) retrieved from /opt/airflow/dags/segundadag.py
[2023-08-27T01:34:02.882+0000] {logging_mixin.py:137} INFO - [2023-08-27T01:34:02.882+0000] {dag.py:2690} INFO - Sync 1 DAGs
[2023-08-27T01:34:02.906+0000] {logging_mixin.py:137} INFO - [2023-08-27T01:34:02.905+0000] {dag.py:3441} INFO - Setting next_dagrun for segundadag to None, run_after=None
[2023-08-27T01:34:02.928+0000] {processor.py:175} INFO - Processing /opt/airflow/dags/segundadag.py took 0.088 seconds
[2023-08-27T01:34:07.997+0000] {processor.py:153} INFO - Started process (PID=245) to work on /opt/airflow/dags/segundadag.py
[2023-08-27T01:34:07.997+0000] {processor.py:743} INFO - Processing file /opt/airflow/dags/segundadag.py for tasks to queue
[2023-08-27T01:34:07.999+0000] {logging_mixin.py:137} INFO - [2023-08-27T01:34:07.999+0000] {dagbag.py:538} INFO - Filling up the DagBag from /opt/airflow/dags/segundadag.py
[2023-08-27T01:34:08.020+0000] {processor.py:753} INFO - DAG(s) dict_keys(['segundadag']) retrieved from /opt/airflow/dags/segundadag.py
[2023-08-27T01:34:08.048+0000] {logging_mixin.py:137} INFO - [2023-08-27T01:34:08.048+0000] {dag.py:2690} INFO - Sync 1 DAGs
[2023-08-27T01:34:08.073+0000] {logging_mixin.py:137} INFO - [2023-08-27T01:34:08.073+0000] {dag.py:3441} INFO - Setting next_dagrun for segundadag to None, run_after=None
[2023-08-27T01:34:08.094+0000] {processor.py:175} INFO - Processing /opt/airflow/dags/segundadag.py took 0.102 seconds
[2023-08-27T01:34:13.349+0000] {processor.py:153} INFO - Started process (PID=261) to work on /opt/airflow/dags/segundadag.py
[2023-08-27T01:34:13.350+0000] {processor.py:743} INFO - Processing file /opt/airflow/dags/segundadag.py for tasks to queue
[2023-08-27T01:34:13.352+0000] {logging_mixin.py:137} INFO - [2023-08-27T01:34:13.351+0000] {dagbag.py:538} INFO - Filling up the DagBag from /opt/airflow/dags/segundadag.py
[2023-08-27T01:34:13.376+0000] {processor.py:753} INFO - DAG(s) dict_keys(['segundadag']) retrieved from /opt/airflow/dags/segundadag.py
[2023-08-27T01:34:13.411+0000] {logging_mixin.py:137} INFO - [2023-08-27T01:34:13.411+0000] {dag.py:2690} INFO - Sync 1 DAGs
[2023-08-27T01:34:13.439+0000] {logging_mixin.py:137} INFO - [2023-08-27T01:34:13.439+0000] {dag.py:3441} INFO - Setting next_dagrun for segundadag to None, run_after=None
[2023-08-27T01:34:13.465+0000] {processor.py:175} INFO - Processing /opt/airflow/dags/segundadag.py took 0.119 seconds
[2023-08-27T01:34:18.491+0000] {processor.py:153} INFO - Started process (PID=265) to work on /opt/airflow/dags/segundadag.py
[2023-08-27T01:34:18.492+0000] {processor.py:743} INFO - Processing file /opt/airflow/dags/segundadag.py for tasks to queue
[2023-08-27T01:34:18.493+0000] {logging_mixin.py:137} INFO - [2023-08-27T01:34:18.493+0000] {dagbag.py:538} INFO - Filling up the DagBag from /opt/airflow/dags/segundadag.py
[2023-08-27T01:34:18.507+0000] {processor.py:753} INFO - DAG(s) dict_keys(['segundadag']) retrieved from /opt/airflow/dags/segundadag.py
[2023-08-27T01:34:18.530+0000] {logging_mixin.py:137} INFO - [2023-08-27T01:34:18.530+0000] {dag.py:2690} INFO - Sync 1 DAGs
[2023-08-27T01:34:18.554+0000] {logging_mixin.py:137} INFO - [2023-08-27T01:34:18.554+0000] {dag.py:3441} INFO - Setting next_dagrun for segundadag to None, run_after=None
[2023-08-27T01:34:18.575+0000] {processor.py:175} INFO - Processing /opt/airflow/dags/segundadag.py took 0.087 seconds
[2023-08-27T01:34:23.622+0000] {processor.py:153} INFO - Started process (PID=269) to work on /opt/airflow/dags/segundadag.py
[2023-08-27T01:34:23.624+0000] {processor.py:743} INFO - Processing file /opt/airflow/dags/segundadag.py for tasks to queue
[2023-08-27T01:34:23.628+0000] {logging_mixin.py:137} INFO - [2023-08-27T01:34:23.628+0000] {dagbag.py:538} INFO - Filling up the DagBag from /opt/airflow/dags/segundadag.py
[2023-08-27T01:34:23.653+0000] {processor.py:753} INFO - DAG(s) dict_keys(['segundadag']) retrieved from /opt/airflow/dags/segundadag.py
[2023-08-27T01:34:23.700+0000] {logging_mixin.py:137} INFO - [2023-08-27T01:34:23.700+0000] {dag.py:2690} INFO - Sync 1 DAGs
[2023-08-27T01:34:23.743+0000] {logging_mixin.py:137} INFO - [2023-08-27T01:34:23.742+0000] {dag.py:3441} INFO - Setting next_dagrun for segundadag to None, run_after=None
[2023-08-27T01:34:23.764+0000] {processor.py:175} INFO - Processing /opt/airflow/dags/segundadag.py took 0.146 seconds
[2023-08-27T01:34:28.805+0000] {processor.py:153} INFO - Started process (PID=285) to work on /opt/airflow/dags/segundadag.py
[2023-08-27T01:34:28.805+0000] {processor.py:743} INFO - Processing file /opt/airflow/dags/segundadag.py for tasks to queue
[2023-08-27T01:34:28.806+0000] {logging_mixin.py:137} INFO - [2023-08-27T01:34:28.806+0000] {dagbag.py:538} INFO - Filling up the DagBag from /opt/airflow/dags/segundadag.py
[2023-08-27T01:34:28.821+0000] {processor.py:753} INFO - DAG(s) dict_keys(['segundadag']) retrieved from /opt/airflow/dags/segundadag.py
[2023-08-27T01:34:28.845+0000] {logging_mixin.py:137} INFO - [2023-08-27T01:34:28.844+0000] {dag.py:2690} INFO - Sync 1 DAGs
[2023-08-27T01:34:28.868+0000] {logging_mixin.py:137} INFO - [2023-08-27T01:34:28.868+0000] {dag.py:3441} INFO - Setting next_dagrun for segundadag to None, run_after=None
[2023-08-27T01:34:28.892+0000] {processor.py:175} INFO - Processing /opt/airflow/dags/segundadag.py took 0.091 seconds
[2023-08-27T01:34:33.931+0000] {processor.py:153} INFO - Started process (PID=289) to work on /opt/airflow/dags/segundadag.py
[2023-08-27T01:34:33.932+0000] {processor.py:743} INFO - Processing file /opt/airflow/dags/segundadag.py for tasks to queue
[2023-08-27T01:34:33.933+0000] {logging_mixin.py:137} INFO - [2023-08-27T01:34:33.933+0000] {dagbag.py:538} INFO - Filling up the DagBag from /opt/airflow/dags/segundadag.py
[2023-08-27T01:34:33.948+0000] {processor.py:753} INFO - DAG(s) dict_keys(['segundadag']) retrieved from /opt/airflow/dags/segundadag.py
[2023-08-27T01:34:33.973+0000] {logging_mixin.py:137} INFO - [2023-08-27T01:34:33.973+0000] {dag.py:2690} INFO - Sync 1 DAGs
[2023-08-27T01:34:33.996+0000] {logging_mixin.py:137} INFO - [2023-08-27T01:34:33.995+0000] {dag.py:3441} INFO - Setting next_dagrun for segundadag to None, run_after=None
[2023-08-27T01:34:34.019+0000] {processor.py:175} INFO - Processing /opt/airflow/dags/segundadag.py took 0.092 seconds
[2023-08-27T01:34:39.074+0000] {processor.py:153} INFO - Started process (PID=304) to work on /opt/airflow/dags/segundadag.py
[2023-08-27T01:34:39.075+0000] {processor.py:743} INFO - Processing file /opt/airflow/dags/segundadag.py for tasks to queue
[2023-08-27T01:34:39.076+0000] {logging_mixin.py:137} INFO - [2023-08-27T01:34:39.076+0000] {dagbag.py:538} INFO - Filling up the DagBag from /opt/airflow/dags/segundadag.py
[2023-08-27T01:34:39.096+0000] {processor.py:753} INFO - DAG(s) dict_keys(['segundadag']) retrieved from /opt/airflow/dags/segundadag.py
[2023-08-27T01:34:39.120+0000] {logging_mixin.py:137} INFO - [2023-08-27T01:34:39.120+0000] {dag.py:2690} INFO - Sync 1 DAGs
[2023-08-27T01:34:39.144+0000] {logging_mixin.py:137} INFO - [2023-08-27T01:34:39.143+0000] {dag.py:3441} INFO - Setting next_dagrun for segundadag to None, run_after=None
[2023-08-27T01:34:39.169+0000] {processor.py:175} INFO - Processing /opt/airflow/dags/segundadag.py took 0.099 seconds
[2023-08-27T01:34:44.206+0000] {processor.py:153} INFO - Started process (PID=308) to work on /opt/airflow/dags/segundadag.py
[2023-08-27T01:34:44.207+0000] {processor.py:743} INFO - Processing file /opt/airflow/dags/segundadag.py for tasks to queue
[2023-08-27T01:34:44.208+0000] {logging_mixin.py:137} INFO - [2023-08-27T01:34:44.208+0000] {dagbag.py:538} INFO - Filling up the DagBag from /opt/airflow/dags/segundadag.py
[2023-08-27T01:34:44.225+0000] {processor.py:753} INFO - DAG(s) dict_keys(['segundadag']) retrieved from /opt/airflow/dags/segundadag.py
[2023-08-27T01:34:44.249+0000] {logging_mixin.py:137} INFO - [2023-08-27T01:34:44.249+0000] {dag.py:2690} INFO - Sync 1 DAGs
[2023-08-27T01:34:44.272+0000] {logging_mixin.py:137} INFO - [2023-08-27T01:34:44.272+0000] {dag.py:3441} INFO - Setting next_dagrun for segundadag to None, run_after=None
[2023-08-27T01:34:44.294+0000] {processor.py:175} INFO - Processing /opt/airflow/dags/segundadag.py took 0.092 seconds
[2023-08-27T01:34:49.333+0000] {processor.py:153} INFO - Started process (PID=324) to work on /opt/airflow/dags/segundadag.py
[2023-08-27T01:34:49.334+0000] {processor.py:743} INFO - Processing file /opt/airflow/dags/segundadag.py for tasks to queue
[2023-08-27T01:34:49.338+0000] {logging_mixin.py:137} INFO - [2023-08-27T01:34:49.337+0000] {dagbag.py:538} INFO - Filling up the DagBag from /opt/airflow/dags/segundadag.py
[2023-08-27T01:34:49.354+0000] {processor.py:753} INFO - DAG(s) dict_keys(['segundadag']) retrieved from /opt/airflow/dags/segundadag.py
[2023-08-27T01:34:49.378+0000] {logging_mixin.py:137} INFO - [2023-08-27T01:34:49.378+0000] {dag.py:2690} INFO - Sync 1 DAGs
[2023-08-27T01:34:49.403+0000] {logging_mixin.py:137} INFO - [2023-08-27T01:34:49.403+0000] {dag.py:3441} INFO - Setting next_dagrun for segundadag to None, run_after=None
[2023-08-27T01:34:49.427+0000] {processor.py:175} INFO - Processing /opt/airflow/dags/segundadag.py took 0.097 seconds
[2023-08-27T01:34:54.472+0000] {processor.py:153} INFO - Started process (PID=328) to work on /opt/airflow/dags/segundadag.py
[2023-08-27T01:34:54.473+0000] {processor.py:743} INFO - Processing file /opt/airflow/dags/segundadag.py for tasks to queue
[2023-08-27T01:34:54.474+0000] {logging_mixin.py:137} INFO - [2023-08-27T01:34:54.474+0000] {dagbag.py:538} INFO - Filling up the DagBag from /opt/airflow/dags/segundadag.py
[2023-08-27T01:34:54.487+0000] {processor.py:753} INFO - DAG(s) dict_keys(['segundadag']) retrieved from /opt/airflow/dags/segundadag.py
[2023-08-27T01:34:54.509+0000] {logging_mixin.py:137} INFO - [2023-08-27T01:34:54.509+0000] {dag.py:2690} INFO - Sync 1 DAGs
[2023-08-27T01:34:54.531+0000] {logging_mixin.py:137} INFO - [2023-08-27T01:34:54.531+0000] {dag.py:3441} INFO - Setting next_dagrun for segundadag to None, run_after=None
[2023-08-27T01:34:54.548+0000] {processor.py:175} INFO - Processing /opt/airflow/dags/segundadag.py took 0.078 seconds
[2023-08-27T01:34:59.804+0000] {processor.py:153} INFO - Started process (PID=338) to work on /opt/airflow/dags/segundadag.py
[2023-08-27T01:34:59.804+0000] {processor.py:743} INFO - Processing file /opt/airflow/dags/segundadag.py for tasks to queue
[2023-08-27T01:34:59.806+0000] {logging_mixin.py:137} INFO - [2023-08-27T01:34:59.805+0000] {dagbag.py:538} INFO - Filling up the DagBag from /opt/airflow/dags/segundadag.py
[2023-08-27T01:34:59.822+0000] {processor.py:753} INFO - DAG(s) dict_keys(['segundadag']) retrieved from /opt/airflow/dags/segundadag.py
[2023-08-27T01:34:59.845+0000] {logging_mixin.py:137} INFO - [2023-08-27T01:34:59.845+0000] {dag.py:2690} INFO - Sync 1 DAGs
[2023-08-27T01:34:59.893+0000] {logging_mixin.py:137} INFO - [2023-08-27T01:34:59.893+0000] {dag.py:3441} INFO - Setting next_dagrun for segundadag to None, run_after=None
[2023-08-27T01:34:59.932+0000] {processor.py:175} INFO - Processing /opt/airflow/dags/segundadag.py took 0.132 seconds
[2023-08-27T01:35:05.088+0000] {processor.py:153} INFO - Started process (PID=347) to work on /opt/airflow/dags/segundadag.py
[2023-08-27T01:35:05.089+0000] {processor.py:743} INFO - Processing file /opt/airflow/dags/segundadag.py for tasks to queue
[2023-08-27T01:35:05.090+0000] {logging_mixin.py:137} INFO - [2023-08-27T01:35:05.089+0000] {dagbag.py:538} INFO - Filling up the DagBag from /opt/airflow/dags/segundadag.py
[2023-08-27T01:35:05.103+0000] {processor.py:753} INFO - DAG(s) dict_keys(['segundadag']) retrieved from /opt/airflow/dags/segundadag.py
[2023-08-27T01:35:05.125+0000] {logging_mixin.py:137} INFO - [2023-08-27T01:35:05.124+0000] {dag.py:2690} INFO - Sync 1 DAGs
[2023-08-27T01:35:05.146+0000] {logging_mixin.py:137} INFO - [2023-08-27T01:35:05.146+0000] {dag.py:3441} INFO - Setting next_dagrun for segundadag to None, run_after=None
[2023-08-27T01:35:05.162+0000] {processor.py:175} INFO - Processing /opt/airflow/dags/segundadag.py took 0.078 seconds
[2023-08-27T01:35:10.326+0000] {processor.py:153} INFO - Started process (PID=351) to work on /opt/airflow/dags/segundadag.py
[2023-08-27T01:35:10.327+0000] {processor.py:743} INFO - Processing file /opt/airflow/dags/segundadag.py for tasks to queue
[2023-08-27T01:35:10.327+0000] {logging_mixin.py:137} INFO - [2023-08-27T01:35:10.327+0000] {dagbag.py:538} INFO - Filling up the DagBag from /opt/airflow/dags/segundadag.py
[2023-08-27T01:35:10.341+0000] {processor.py:753} INFO - DAG(s) dict_keys(['segundadag']) retrieved from /opt/airflow/dags/segundadag.py
[2023-08-27T01:35:10.362+0000] {logging_mixin.py:137} INFO - [2023-08-27T01:35:10.362+0000] {dag.py:2690} INFO - Sync 1 DAGs
[2023-08-27T01:35:10.384+0000] {logging_mixin.py:137} INFO - [2023-08-27T01:35:10.383+0000] {dag.py:3441} INFO - Setting next_dagrun for segundadag to None, run_after=None
[2023-08-27T01:35:10.401+0000] {processor.py:175} INFO - Processing /opt/airflow/dags/segundadag.py took 0.079 seconds
[2023-08-27T01:35:15.582+0000] {processor.py:153} INFO - Started process (PID=366) to work on /opt/airflow/dags/segundadag.py
[2023-08-27T01:35:15.583+0000] {processor.py:743} INFO - Processing file /opt/airflow/dags/segundadag.py for tasks to queue
[2023-08-27T01:35:15.584+0000] {logging_mixin.py:137} INFO - [2023-08-27T01:35:15.584+0000] {dagbag.py:538} INFO - Filling up the DagBag from /opt/airflow/dags/segundadag.py
[2023-08-27T01:35:15.598+0000] {processor.py:753} INFO - DAG(s) dict_keys(['segundadag']) retrieved from /opt/airflow/dags/segundadag.py
[2023-08-27T01:35:15.619+0000] {logging_mixin.py:137} INFO - [2023-08-27T01:35:15.619+0000] {dag.py:2690} INFO - Sync 1 DAGs
[2023-08-27T01:35:15.642+0000] {logging_mixin.py:137} INFO - [2023-08-27T01:35:15.642+0000] {dag.py:3441} INFO - Setting next_dagrun for segundadag to None, run_after=None
[2023-08-27T01:35:15.661+0000] {processor.py:175} INFO - Processing /opt/airflow/dags/segundadag.py took 0.083 seconds
[2023-08-27T01:35:20.812+0000] {processor.py:153} INFO - Started process (PID=370) to work on /opt/airflow/dags/segundadag.py
[2023-08-27T01:35:20.812+0000] {processor.py:743} INFO - Processing file /opt/airflow/dags/segundadag.py for tasks to queue
[2023-08-27T01:35:20.813+0000] {logging_mixin.py:137} INFO - [2023-08-27T01:35:20.813+0000] {dagbag.py:538} INFO - Filling up the DagBag from /opt/airflow/dags/segundadag.py
[2023-08-27T01:35:20.827+0000] {processor.py:753} INFO - DAG(s) dict_keys(['segundadag']) retrieved from /opt/airflow/dags/segundadag.py
[2023-08-27T01:35:20.849+0000] {logging_mixin.py:137} INFO - [2023-08-27T01:35:20.848+0000] {dag.py:2690} INFO - Sync 1 DAGs
[2023-08-27T01:35:20.870+0000] {logging_mixin.py:137} INFO - [2023-08-27T01:35:20.870+0000] {dag.py:3441} INFO - Setting next_dagrun for segundadag to None, run_after=None
[2023-08-27T01:35:20.892+0000] {processor.py:175} INFO - Processing /opt/airflow/dags/segundadag.py took 0.083 seconds
[2023-08-27T01:35:26.036+0000] {processor.py:153} INFO - Started process (PID=386) to work on /opt/airflow/dags/segundadag.py
[2023-08-27T01:35:26.037+0000] {processor.py:743} INFO - Processing file /opt/airflow/dags/segundadag.py for tasks to queue
[2023-08-27T01:35:26.038+0000] {logging_mixin.py:137} INFO - [2023-08-27T01:35:26.038+0000] {dagbag.py:538} INFO - Filling up the DagBag from /opt/airflow/dags/segundadag.py
[2023-08-27T01:35:26.051+0000] {processor.py:753} INFO - DAG(s) dict_keys(['segundadag']) retrieved from /opt/airflow/dags/segundadag.py
[2023-08-27T01:35:26.072+0000] {logging_mixin.py:137} INFO - [2023-08-27T01:35:26.072+0000] {dag.py:2690} INFO - Sync 1 DAGs
[2023-08-27T01:35:26.094+0000] {logging_mixin.py:137} INFO - [2023-08-27T01:35:26.093+0000] {dag.py:3441} INFO - Setting next_dagrun for segundadag to None, run_after=None
[2023-08-27T01:35:26.112+0000] {processor.py:175} INFO - Processing /opt/airflow/dags/segundadag.py took 0.079 seconds
[2023-08-27T01:35:31.259+0000] {processor.py:153} INFO - Started process (PID=390) to work on /opt/airflow/dags/segundadag.py
[2023-08-27T01:35:31.260+0000] {processor.py:743} INFO - Processing file /opt/airflow/dags/segundadag.py for tasks to queue
[2023-08-27T01:35:31.261+0000] {logging_mixin.py:137} INFO - [2023-08-27T01:35:31.261+0000] {dagbag.py:538} INFO - Filling up the DagBag from /opt/airflow/dags/segundadag.py
[2023-08-27T01:35:31.275+0000] {processor.py:753} INFO - DAG(s) dict_keys(['segundadag']) retrieved from /opt/airflow/dags/segundadag.py
[2023-08-27T01:35:31.297+0000] {logging_mixin.py:137} INFO - [2023-08-27T01:35:31.297+0000] {dag.py:2690} INFO - Sync 1 DAGs
[2023-08-27T01:35:31.320+0000] {logging_mixin.py:137} INFO - [2023-08-27T01:35:31.320+0000] {dag.py:3441} INFO - Setting next_dagrun for segundadag to None, run_after=None
[2023-08-27T01:35:31.338+0000] {processor.py:175} INFO - Processing /opt/airflow/dags/segundadag.py took 0.081 seconds
[2023-08-27T01:35:36.521+0000] {processor.py:153} INFO - Started process (PID=406) to work on /opt/airflow/dags/segundadag.py
[2023-08-27T01:35:36.529+0000] {processor.py:743} INFO - Processing file /opt/airflow/dags/segundadag.py for tasks to queue
[2023-08-27T01:35:36.530+0000] {logging_mixin.py:137} INFO - [2023-08-27T01:35:36.530+0000] {dagbag.py:538} INFO - Filling up the DagBag from /opt/airflow/dags/segundadag.py
[2023-08-27T01:35:36.561+0000] {processor.py:753} INFO - DAG(s) dict_keys(['segundadag']) retrieved from /opt/airflow/dags/segundadag.py
[2023-08-27T01:35:36.586+0000] {logging_mixin.py:137} INFO - [2023-08-27T01:35:36.585+0000] {dag.py:2690} INFO - Sync 1 DAGs
[2023-08-27T01:35:36.613+0000] {logging_mixin.py:137} INFO - [2023-08-27T01:35:36.613+0000] {dag.py:3441} INFO - Setting next_dagrun for segundadag to None, run_after=None
[2023-08-27T01:35:36.636+0000] {processor.py:175} INFO - Processing /opt/airflow/dags/segundadag.py took 0.118 seconds
[2023-08-27T01:35:41.792+0000] {processor.py:153} INFO - Started process (PID=410) to work on /opt/airflow/dags/segundadag.py
[2023-08-27T01:35:41.792+0000] {processor.py:743} INFO - Processing file /opt/airflow/dags/segundadag.py for tasks to queue
[2023-08-27T01:35:41.793+0000] {logging_mixin.py:137} INFO - [2023-08-27T01:35:41.793+0000] {dagbag.py:538} INFO - Filling up the DagBag from /opt/airflow/dags/segundadag.py
[2023-08-27T01:35:41.808+0000] {processor.py:753} INFO - DAG(s) dict_keys(['segundadag']) retrieved from /opt/airflow/dags/segundadag.py
[2023-08-27T01:35:41.830+0000] {logging_mixin.py:137} INFO - [2023-08-27T01:35:41.830+0000] {dag.py:2690} INFO - Sync 1 DAGs
[2023-08-27T01:35:41.855+0000] {logging_mixin.py:137} INFO - [2023-08-27T01:35:41.855+0000] {dag.py:3441} INFO - Setting next_dagrun for segundadag to None, run_after=None
[2023-08-27T01:35:41.874+0000] {processor.py:175} INFO - Processing /opt/airflow/dags/segundadag.py took 0.086 seconds
[2023-08-27T01:35:47.031+0000] {processor.py:153} INFO - Started process (PID=414) to work on /opt/airflow/dags/segundadag.py
[2023-08-27T01:35:47.032+0000] {processor.py:743} INFO - Processing file /opt/airflow/dags/segundadag.py for tasks to queue
[2023-08-27T01:35:47.033+0000] {logging_mixin.py:137} INFO - [2023-08-27T01:35:47.033+0000] {dagbag.py:538} INFO - Filling up the DagBag from /opt/airflow/dags/segundadag.py
[2023-08-27T01:35:47.047+0000] {processor.py:753} INFO - DAG(s) dict_keys(['segundadag']) retrieved from /opt/airflow/dags/segundadag.py
[2023-08-27T01:35:47.071+0000] {logging_mixin.py:137} INFO - [2023-08-27T01:35:47.071+0000] {dag.py:2690} INFO - Sync 1 DAGs
[2023-08-27T01:35:47.096+0000] {logging_mixin.py:137} INFO - [2023-08-27T01:35:47.096+0000] {dag.py:3441} INFO - Setting next_dagrun for segundadag to None, run_after=None
[2023-08-27T01:35:47.119+0000] {processor.py:175} INFO - Processing /opt/airflow/dags/segundadag.py took 0.092 seconds
