[2023-08-27T01:32:10.208+0000] {processor.py:153} INFO - Started process (PID=36) to work on /opt/airflow/dags/terceiradag.py
[2023-08-27T01:32:10.209+0000] {processor.py:743} INFO - Processing file /opt/airflow/dags/terceiradag.py for tasks to queue
[2023-08-27T01:32:10.210+0000] {logging_mixin.py:137} INFO - [2023-08-27T01:32:10.210+0000] {dagbag.py:538} INFO - Filling up the DagBag from /opt/airflow/dags/terceiradag.py
[2023-08-27T01:32:10.227+0000] {processor.py:753} INFO - DAG(s) dict_keys(['terceiradag']) retrieved from /opt/airflow/dags/terceiradag.py
[2023-08-27T01:32:10.434+0000] {logging_mixin.py:137} INFO - [2023-08-27T01:32:10.434+0000] {manager.py:504} INFO - Created Permission View: can delete on DAG:terceiradag
[2023-08-27T01:32:10.477+0000] {logging_mixin.py:137} INFO - [2023-08-27T01:32:10.477+0000] {manager.py:504} INFO - Created Permission View: can read on DAG:terceiradag
[2023-08-27T01:32:10.495+0000] {logging_mixin.py:137} INFO - [2023-08-27T01:32:10.495+0000] {manager.py:504} INFO - Created Permission View: can edit on DAG:terceiradag
[2023-08-27T01:32:10.496+0000] {logging_mixin.py:137} INFO - [2023-08-27T01:32:10.496+0000] {dag.py:2690} INFO - Sync 1 DAGs
[2023-08-27T01:32:10.528+0000] {logging_mixin.py:137} INFO - [2023-08-27T01:32:10.528+0000] {dag.py:2711} INFO - Creating ORM DAG for terceiradag
[2023-08-27T01:32:10.564+0000] {logging_mixin.py:137} INFO - [2023-08-27T01:32:10.563+0000] {dag.py:3441} INFO - Setting next_dagrun for terceiradag to None, run_after=None
[2023-08-27T01:32:10.640+0000] {processor.py:175} INFO - Processing /opt/airflow/dags/terceiradag.py took 0.440 seconds
[2023-08-27T01:32:15.880+0000] {processor.py:153} INFO - Started process (PID=52) to work on /opt/airflow/dags/terceiradag.py
[2023-08-27T01:32:15.881+0000] {processor.py:743} INFO - Processing file /opt/airflow/dags/terceiradag.py for tasks to queue
[2023-08-27T01:32:15.882+0000] {logging_mixin.py:137} INFO - [2023-08-27T01:32:15.882+0000] {dagbag.py:538} INFO - Filling up the DagBag from /opt/airflow/dags/terceiradag.py
[2023-08-27T01:32:15.906+0000] {processor.py:753} INFO - DAG(s) dict_keys(['terceiradag']) retrieved from /opt/airflow/dags/terceiradag.py
[2023-08-27T01:32:15.925+0000] {logging_mixin.py:137} INFO - [2023-08-27T01:32:15.924+0000] {dag.py:2690} INFO - Sync 1 DAGs
[2023-08-27T01:32:15.953+0000] {logging_mixin.py:137} INFO - [2023-08-27T01:32:15.953+0000] {dag.py:3441} INFO - Setting next_dagrun for terceiradag to None, run_after=None
[2023-08-27T01:32:15.980+0000] {processor.py:175} INFO - Processing /opt/airflow/dags/terceiradag.py took 0.104 seconds
[2023-08-27T01:32:22.104+0000] {processor.py:153} INFO - Started process (PID=56) to work on /opt/airflow/dags/terceiradag.py
[2023-08-27T01:32:22.105+0000] {processor.py:743} INFO - Processing file /opt/airflow/dags/terceiradag.py for tasks to queue
[2023-08-27T01:32:22.107+0000] {logging_mixin.py:137} INFO - [2023-08-27T01:32:22.106+0000] {dagbag.py:538} INFO - Filling up the DagBag from /opt/airflow/dags/terceiradag.py
[2023-08-27T01:32:22.122+0000] {processor.py:753} INFO - DAG(s) dict_keys(['terceiradag']) retrieved from /opt/airflow/dags/terceiradag.py
[2023-08-27T01:32:22.136+0000] {logging_mixin.py:137} INFO - [2023-08-27T01:32:22.135+0000] {dag.py:2690} INFO - Sync 1 DAGs
[2023-08-27T01:32:22.160+0000] {logging_mixin.py:137} INFO - [2023-08-27T01:32:22.160+0000] {dag.py:3441} INFO - Setting next_dagrun for terceiradag to None, run_after=None
[2023-08-27T01:32:22.179+0000] {processor.py:175} INFO - Processing /opt/airflow/dags/terceiradag.py took 0.078 seconds
[2023-08-27T01:32:28.189+0000] {processor.py:153} INFO - Started process (PID=72) to work on /opt/airflow/dags/terceiradag.py
[2023-08-27T01:32:28.190+0000] {processor.py:743} INFO - Processing file /opt/airflow/dags/terceiradag.py for tasks to queue
[2023-08-27T01:32:28.192+0000] {logging_mixin.py:137} INFO - [2023-08-27T01:32:28.191+0000] {dagbag.py:538} INFO - Filling up the DagBag from /opt/airflow/dags/terceiradag.py
[2023-08-27T01:32:28.208+0000] {processor.py:753} INFO - DAG(s) dict_keys(['terceiradag']) retrieved from /opt/airflow/dags/terceiradag.py
[2023-08-27T01:32:28.222+0000] {logging_mixin.py:137} INFO - [2023-08-27T01:32:28.222+0000] {dag.py:2690} INFO - Sync 1 DAGs
[2023-08-27T01:32:28.250+0000] {logging_mixin.py:137} INFO - [2023-08-27T01:32:28.250+0000] {dag.py:3441} INFO - Setting next_dagrun for terceiradag to None, run_after=None
[2023-08-27T01:32:28.278+0000] {processor.py:175} INFO - Processing /opt/airflow/dags/terceiradag.py took 0.092 seconds
[2023-08-27T01:32:33.416+0000] {processor.py:153} INFO - Started process (PID=76) to work on /opt/airflow/dags/terceiradag.py
[2023-08-27T01:32:33.417+0000] {processor.py:743} INFO - Processing file /opt/airflow/dags/terceiradag.py for tasks to queue
[2023-08-27T01:32:33.418+0000] {logging_mixin.py:137} INFO - [2023-08-27T01:32:33.418+0000] {dagbag.py:538} INFO - Filling up the DagBag from /opt/airflow/dags/terceiradag.py
[2023-08-27T01:32:33.433+0000] {processor.py:753} INFO - DAG(s) dict_keys(['terceiradag']) retrieved from /opt/airflow/dags/terceiradag.py
[2023-08-27T01:32:33.445+0000] {logging_mixin.py:137} INFO - [2023-08-27T01:32:33.445+0000] {dag.py:2690} INFO - Sync 1 DAGs
[2023-08-27T01:32:33.469+0000] {logging_mixin.py:137} INFO - [2023-08-27T01:32:33.469+0000] {dag.py:3441} INFO - Setting next_dagrun for terceiradag to None, run_after=None
[2023-08-27T01:32:33.487+0000] {processor.py:175} INFO - Processing /opt/airflow/dags/terceiradag.py took 0.074 seconds
[2023-08-27T01:32:38.563+0000] {processor.py:153} INFO - Started process (PID=92) to work on /opt/airflow/dags/terceiradag.py
[2023-08-27T01:32:38.564+0000] {processor.py:743} INFO - Processing file /opt/airflow/dags/terceiradag.py for tasks to queue
[2023-08-27T01:32:38.565+0000] {logging_mixin.py:137} INFO - [2023-08-27T01:32:38.565+0000] {dagbag.py:538} INFO - Filling up the DagBag from /opt/airflow/dags/terceiradag.py
[2023-08-27T01:32:38.586+0000] {processor.py:753} INFO - DAG(s) dict_keys(['terceiradag']) retrieved from /opt/airflow/dags/terceiradag.py
[2023-08-27T01:32:38.599+0000] {logging_mixin.py:137} INFO - [2023-08-27T01:32:38.599+0000] {dag.py:2690} INFO - Sync 1 DAGs
[2023-08-27T01:32:38.628+0000] {logging_mixin.py:137} INFO - [2023-08-27T01:32:38.628+0000] {dag.py:3441} INFO - Setting next_dagrun for terceiradag to None, run_after=None
[2023-08-27T01:32:38.654+0000] {processor.py:175} INFO - Processing /opt/airflow/dags/terceiradag.py took 0.095 seconds
[2023-08-27T01:32:43.896+0000] {processor.py:153} INFO - Started process (PID=96) to work on /opt/airflow/dags/terceiradag.py
[2023-08-27T01:32:43.897+0000] {processor.py:743} INFO - Processing file /opt/airflow/dags/terceiradag.py for tasks to queue
[2023-08-27T01:32:43.898+0000] {logging_mixin.py:137} INFO - [2023-08-27T01:32:43.898+0000] {dagbag.py:538} INFO - Filling up the DagBag from /opt/airflow/dags/terceiradag.py
[2023-08-27T01:32:43.914+0000] {processor.py:753} INFO - DAG(s) dict_keys(['terceiradag']) retrieved from /opt/airflow/dags/terceiradag.py
[2023-08-27T01:32:43.938+0000] {logging_mixin.py:137} INFO - [2023-08-27T01:32:43.937+0000] {dag.py:2690} INFO - Sync 1 DAGs
[2023-08-27T01:32:43.962+0000] {logging_mixin.py:137} INFO - [2023-08-27T01:32:43.962+0000] {dag.py:3441} INFO - Setting next_dagrun for terceiradag to None, run_after=None
[2023-08-27T01:32:43.982+0000] {processor.py:175} INFO - Processing /opt/airflow/dags/terceiradag.py took 0.089 seconds
[2023-08-27T01:32:49.156+0000] {processor.py:153} INFO - Started process (PID=112) to work on /opt/airflow/dags/terceiradag.py
[2023-08-27T01:32:49.157+0000] {processor.py:743} INFO - Processing file /opt/airflow/dags/terceiradag.py for tasks to queue
[2023-08-27T01:32:49.158+0000] {logging_mixin.py:137} INFO - [2023-08-27T01:32:49.158+0000] {dagbag.py:538} INFO - Filling up the DagBag from /opt/airflow/dags/terceiradag.py
[2023-08-27T01:32:49.174+0000] {processor.py:753} INFO - DAG(s) dict_keys(['terceiradag']) retrieved from /opt/airflow/dags/terceiradag.py
[2023-08-27T01:32:49.199+0000] {logging_mixin.py:137} INFO - [2023-08-27T01:32:49.199+0000] {dag.py:2690} INFO - Sync 1 DAGs
[2023-08-27T01:32:49.235+0000] {logging_mixin.py:137} INFO - [2023-08-27T01:32:49.234+0000] {dag.py:3441} INFO - Setting next_dagrun for terceiradag to None, run_after=None
[2023-08-27T01:32:49.257+0000] {processor.py:175} INFO - Processing /opt/airflow/dags/terceiradag.py took 0.105 seconds
[2023-08-27T01:32:54.399+0000] {processor.py:153} INFO - Started process (PID=116) to work on /opt/airflow/dags/terceiradag.py
[2023-08-27T01:32:54.400+0000] {processor.py:743} INFO - Processing file /opt/airflow/dags/terceiradag.py for tasks to queue
[2023-08-27T01:32:54.401+0000] {logging_mixin.py:137} INFO - [2023-08-27T01:32:54.401+0000] {dagbag.py:538} INFO - Filling up the DagBag from /opt/airflow/dags/terceiradag.py
[2023-08-27T01:32:54.417+0000] {processor.py:753} INFO - DAG(s) dict_keys(['terceiradag']) retrieved from /opt/airflow/dags/terceiradag.py
[2023-08-27T01:32:54.440+0000] {logging_mixin.py:137} INFO - [2023-08-27T01:32:54.440+0000] {dag.py:2690} INFO - Sync 1 DAGs
[2023-08-27T01:32:54.465+0000] {logging_mixin.py:137} INFO - [2023-08-27T01:32:54.465+0000] {dag.py:3441} INFO - Setting next_dagrun for terceiradag to None, run_after=None
[2023-08-27T01:32:54.485+0000] {processor.py:175} INFO - Processing /opt/airflow/dags/terceiradag.py took 0.089 seconds
[2023-08-27T01:32:59.560+0000] {processor.py:153} INFO - Started process (PID=120) to work on /opt/airflow/dags/terceiradag.py
[2023-08-27T01:32:59.561+0000] {processor.py:743} INFO - Processing file /opt/airflow/dags/terceiradag.py for tasks to queue
[2023-08-27T01:32:59.562+0000] {logging_mixin.py:137} INFO - [2023-08-27T01:32:59.562+0000] {dagbag.py:538} INFO - Filling up the DagBag from /opt/airflow/dags/terceiradag.py
[2023-08-27T01:32:59.580+0000] {processor.py:753} INFO - DAG(s) dict_keys(['terceiradag']) retrieved from /opt/airflow/dags/terceiradag.py
[2023-08-27T01:32:59.604+0000] {logging_mixin.py:137} INFO - [2023-08-27T01:32:59.603+0000] {dag.py:2690} INFO - Sync 1 DAGs
[2023-08-27T01:32:59.629+0000] {logging_mixin.py:137} INFO - [2023-08-27T01:32:59.629+0000] {dag.py:3441} INFO - Setting next_dagrun for terceiradag to None, run_after=None
[2023-08-27T01:32:59.652+0000] {processor.py:175} INFO - Processing /opt/airflow/dags/terceiradag.py took 0.095 seconds
[2023-08-27T01:33:04.797+0000] {processor.py:153} INFO - Started process (PID=136) to work on /opt/airflow/dags/terceiradag.py
[2023-08-27T01:33:04.798+0000] {processor.py:743} INFO - Processing file /opt/airflow/dags/terceiradag.py for tasks to queue
[2023-08-27T01:33:04.799+0000] {logging_mixin.py:137} INFO - [2023-08-27T01:33:04.799+0000] {dagbag.py:538} INFO - Filling up the DagBag from /opt/airflow/dags/terceiradag.py
[2023-08-27T01:33:04.819+0000] {processor.py:753} INFO - DAG(s) dict_keys(['terceiradag']) retrieved from /opt/airflow/dags/terceiradag.py
[2023-08-27T01:33:04.843+0000] {logging_mixin.py:137} INFO - [2023-08-27T01:33:04.843+0000] {dag.py:2690} INFO - Sync 1 DAGs
[2023-08-27T01:33:04.877+0000] {logging_mixin.py:137} INFO - [2023-08-27T01:33:04.877+0000] {dag.py:3441} INFO - Setting next_dagrun for terceiradag to None, run_after=None
[2023-08-27T01:33:04.896+0000] {processor.py:175} INFO - Processing /opt/airflow/dags/terceiradag.py took 0.103 seconds
[2023-08-27T01:33:10.031+0000] {processor.py:153} INFO - Started process (PID=140) to work on /opt/airflow/dags/terceiradag.py
[2023-08-27T01:33:10.032+0000] {processor.py:743} INFO - Processing file /opt/airflow/dags/terceiradag.py for tasks to queue
[2023-08-27T01:33:10.033+0000] {logging_mixin.py:137} INFO - [2023-08-27T01:33:10.033+0000] {dagbag.py:538} INFO - Filling up the DagBag from /opt/airflow/dags/terceiradag.py
[2023-08-27T01:33:10.047+0000] {processor.py:753} INFO - DAG(s) dict_keys(['terceiradag']) retrieved from /opt/airflow/dags/terceiradag.py
[2023-08-27T01:33:10.069+0000] {logging_mixin.py:137} INFO - [2023-08-27T01:33:10.069+0000] {dag.py:2690} INFO - Sync 1 DAGs
[2023-08-27T01:33:10.090+0000] {logging_mixin.py:137} INFO - [2023-08-27T01:33:10.090+0000] {dag.py:3441} INFO - Setting next_dagrun for terceiradag to None, run_after=None
[2023-08-27T01:33:10.109+0000] {processor.py:175} INFO - Processing /opt/airflow/dags/terceiradag.py took 0.081 seconds
[2023-08-27T01:33:15.302+0000] {processor.py:153} INFO - Started process (PID=157) to work on /opt/airflow/dags/terceiradag.py
[2023-08-27T01:33:15.303+0000] {processor.py:743} INFO - Processing file /opt/airflow/dags/terceiradag.py for tasks to queue
[2023-08-27T01:33:15.303+0000] {logging_mixin.py:137} INFO - [2023-08-27T01:33:15.303+0000] {dagbag.py:538} INFO - Filling up the DagBag from /opt/airflow/dags/terceiradag.py
[2023-08-27T01:33:15.318+0000] {processor.py:753} INFO - DAG(s) dict_keys(['terceiradag']) retrieved from /opt/airflow/dags/terceiradag.py
[2023-08-27T01:33:15.342+0000] {logging_mixin.py:137} INFO - [2023-08-27T01:33:15.342+0000] {dag.py:2690} INFO - Sync 1 DAGs
[2023-08-27T01:33:15.367+0000] {logging_mixin.py:137} INFO - [2023-08-27T01:33:15.367+0000] {dag.py:3441} INFO - Setting next_dagrun for terceiradag to None, run_after=None
[2023-08-27T01:33:15.387+0000] {processor.py:175} INFO - Processing /opt/airflow/dags/terceiradag.py took 0.088 seconds
[2023-08-27T01:33:20.546+0000] {processor.py:153} INFO - Started process (PID=161) to work on /opt/airflow/dags/terceiradag.py
[2023-08-27T01:33:20.547+0000] {processor.py:743} INFO - Processing file /opt/airflow/dags/terceiradag.py for tasks to queue
[2023-08-27T01:33:20.548+0000] {logging_mixin.py:137} INFO - [2023-08-27T01:33:20.548+0000] {dagbag.py:538} INFO - Filling up the DagBag from /opt/airflow/dags/terceiradag.py
[2023-08-27T01:33:20.568+0000] {processor.py:753} INFO - DAG(s) dict_keys(['terceiradag']) retrieved from /opt/airflow/dags/terceiradag.py
[2023-08-27T01:33:20.597+0000] {logging_mixin.py:137} INFO - [2023-08-27T01:33:20.597+0000] {dag.py:2690} INFO - Sync 1 DAGs
[2023-08-27T01:33:20.626+0000] {logging_mixin.py:137} INFO - [2023-08-27T01:33:20.626+0000] {dag.py:3441} INFO - Setting next_dagrun for terceiradag to None, run_after=None
[2023-08-27T01:33:20.661+0000] {processor.py:175} INFO - Processing /opt/airflow/dags/terceiradag.py took 0.120 seconds
[2023-08-27T01:33:25.826+0000] {processor.py:153} INFO - Started process (PID=177) to work on /opt/airflow/dags/terceiradag.py
[2023-08-27T01:33:25.827+0000] {processor.py:743} INFO - Processing file /opt/airflow/dags/terceiradag.py for tasks to queue
[2023-08-27T01:33:25.827+0000] {logging_mixin.py:137} INFO - [2023-08-27T01:33:25.827+0000] {dagbag.py:538} INFO - Filling up the DagBag from /opt/airflow/dags/terceiradag.py
[2023-08-27T01:33:25.843+0000] {processor.py:753} INFO - DAG(s) dict_keys(['terceiradag']) retrieved from /opt/airflow/dags/terceiradag.py
[2023-08-27T01:33:25.867+0000] {logging_mixin.py:137} INFO - [2023-08-27T01:33:25.867+0000] {dag.py:2690} INFO - Sync 1 DAGs
[2023-08-27T01:33:25.894+0000] {logging_mixin.py:137} INFO - [2023-08-27T01:33:25.894+0000] {dag.py:3441} INFO - Setting next_dagrun for terceiradag to None, run_after=None
[2023-08-27T01:33:25.916+0000] {processor.py:175} INFO - Processing /opt/airflow/dags/terceiradag.py took 0.094 seconds
[2023-08-27T01:33:31.091+0000] {processor.py:153} INFO - Started process (PID=181) to work on /opt/airflow/dags/terceiradag.py
[2023-08-27T01:33:31.091+0000] {processor.py:743} INFO - Processing file /opt/airflow/dags/terceiradag.py for tasks to queue
[2023-08-27T01:33:31.092+0000] {logging_mixin.py:137} INFO - [2023-08-27T01:33:31.092+0000] {dagbag.py:538} INFO - Filling up the DagBag from /opt/airflow/dags/terceiradag.py
[2023-08-27T01:33:31.106+0000] {processor.py:753} INFO - DAG(s) dict_keys(['terceiradag']) retrieved from /opt/airflow/dags/terceiradag.py
[2023-08-27T01:33:31.128+0000] {logging_mixin.py:137} INFO - [2023-08-27T01:33:31.128+0000] {dag.py:2690} INFO - Sync 1 DAGs
[2023-08-27T01:33:31.152+0000] {logging_mixin.py:137} INFO - [2023-08-27T01:33:31.151+0000] {dag.py:3441} INFO - Setting next_dagrun for terceiradag to None, run_after=None
[2023-08-27T01:33:31.173+0000] {processor.py:175} INFO - Processing /opt/airflow/dags/terceiradag.py took 0.086 seconds
[2023-08-27T01:33:36.294+0000] {processor.py:153} INFO - Started process (PID=194) to work on /opt/airflow/dags/terceiradag.py
[2023-08-27T01:33:36.295+0000] {processor.py:743} INFO - Processing file /opt/airflow/dags/terceiradag.py for tasks to queue
[2023-08-27T01:33:36.297+0000] {logging_mixin.py:137} INFO - [2023-08-27T01:33:36.296+0000] {dagbag.py:538} INFO - Filling up the DagBag from /opt/airflow/dags/terceiradag.py
[2023-08-27T01:33:36.317+0000] {processor.py:753} INFO - DAG(s) dict_keys(['terceiradag']) retrieved from /opt/airflow/dags/terceiradag.py
[2023-08-27T01:33:36.351+0000] {logging_mixin.py:137} INFO - [2023-08-27T01:33:36.350+0000] {dag.py:2690} INFO - Sync 1 DAGs
[2023-08-27T01:33:36.387+0000] {logging_mixin.py:137} INFO - [2023-08-27T01:33:36.386+0000] {dag.py:3441} INFO - Setting next_dagrun for terceiradag to None, run_after=None
[2023-08-27T01:33:36.409+0000] {processor.py:175} INFO - Processing /opt/airflow/dags/terceiradag.py took 0.120 seconds
[2023-08-27T01:33:42.333+0000] {processor.py:153} INFO - Started process (PID=201) to work on /opt/airflow/dags/terceiradag.py
[2023-08-27T01:33:42.334+0000] {processor.py:743} INFO - Processing file /opt/airflow/dags/terceiradag.py for tasks to queue
[2023-08-27T01:33:42.335+0000] {logging_mixin.py:137} INFO - [2023-08-27T01:33:42.335+0000] {dagbag.py:538} INFO - Filling up the DagBag from /opt/airflow/dags/terceiradag.py
[2023-08-27T01:33:42.349+0000] {processor.py:753} INFO - DAG(s) dict_keys(['terceiradag']) retrieved from /opt/airflow/dags/terceiradag.py
[2023-08-27T01:33:42.372+0000] {logging_mixin.py:137} INFO - [2023-08-27T01:33:42.372+0000] {dag.py:2690} INFO - Sync 1 DAGs
[2023-08-27T01:33:42.396+0000] {logging_mixin.py:137} INFO - [2023-08-27T01:33:42.396+0000] {dag.py:3441} INFO - Setting next_dagrun for terceiradag to None, run_after=None
[2023-08-27T01:33:42.416+0000] {processor.py:175} INFO - Processing /opt/airflow/dags/terceiradag.py took 0.086 seconds
[2023-08-27T01:33:47.457+0000] {processor.py:153} INFO - Started process (PID=205) to work on /opt/airflow/dags/terceiradag.py
[2023-08-27T01:33:47.458+0000] {processor.py:743} INFO - Processing file /opt/airflow/dags/terceiradag.py for tasks to queue
[2023-08-27T01:33:47.459+0000] {logging_mixin.py:137} INFO - [2023-08-27T01:33:47.459+0000] {dagbag.py:538} INFO - Filling up the DagBag from /opt/airflow/dags/terceiradag.py
[2023-08-27T01:33:47.475+0000] {processor.py:753} INFO - DAG(s) dict_keys(['terceiradag']) retrieved from /opt/airflow/dags/terceiradag.py
[2023-08-27T01:33:47.500+0000] {logging_mixin.py:137} INFO - [2023-08-27T01:33:47.499+0000] {dag.py:2690} INFO - Sync 1 DAGs
[2023-08-27T01:33:47.526+0000] {logging_mixin.py:137} INFO - [2023-08-27T01:33:47.525+0000] {dag.py:3441} INFO - Setting next_dagrun for terceiradag to None, run_after=None
[2023-08-27T01:33:47.547+0000] {processor.py:175} INFO - Processing /opt/airflow/dags/terceiradag.py took 0.094 seconds
[2023-08-27T01:33:52.592+0000] {processor.py:153} INFO - Started process (PID=221) to work on /opt/airflow/dags/terceiradag.py
[2023-08-27T01:33:52.593+0000] {processor.py:743} INFO - Processing file /opt/airflow/dags/terceiradag.py for tasks to queue
[2023-08-27T01:33:52.594+0000] {logging_mixin.py:137} INFO - [2023-08-27T01:33:52.594+0000] {dagbag.py:538} INFO - Filling up the DagBag from /opt/airflow/dags/terceiradag.py
[2023-08-27T01:33:52.613+0000] {processor.py:753} INFO - DAG(s) dict_keys(['terceiradag']) retrieved from /opt/airflow/dags/terceiradag.py
[2023-08-27T01:33:52.637+0000] {logging_mixin.py:137} INFO - [2023-08-27T01:33:52.637+0000] {dag.py:2690} INFO - Sync 1 DAGs
[2023-08-27T01:33:52.661+0000] {logging_mixin.py:137} INFO - [2023-08-27T01:33:52.661+0000] {dag.py:3441} INFO - Setting next_dagrun for terceiradag to None, run_after=None
[2023-08-27T01:33:52.680+0000] {processor.py:175} INFO - Processing /opt/airflow/dags/terceiradag.py took 0.091 seconds
[2023-08-27T01:33:57.721+0000] {processor.py:153} INFO - Started process (PID=225) to work on /opt/airflow/dags/terceiradag.py
[2023-08-27T01:33:57.722+0000] {processor.py:743} INFO - Processing file /opt/airflow/dags/terceiradag.py for tasks to queue
[2023-08-27T01:33:57.723+0000] {logging_mixin.py:137} INFO - [2023-08-27T01:33:57.723+0000] {dagbag.py:538} INFO - Filling up the DagBag from /opt/airflow/dags/terceiradag.py
[2023-08-27T01:33:57.741+0000] {processor.py:753} INFO - DAG(s) dict_keys(['terceiradag']) retrieved from /opt/airflow/dags/terceiradag.py
[2023-08-27T01:33:57.765+0000] {logging_mixin.py:137} INFO - [2023-08-27T01:33:57.765+0000] {dag.py:2690} INFO - Sync 1 DAGs
[2023-08-27T01:33:57.790+0000] {logging_mixin.py:137} INFO - [2023-08-27T01:33:57.789+0000] {dag.py:3441} INFO - Setting next_dagrun for terceiradag to None, run_after=None
[2023-08-27T01:33:57.809+0000] {processor.py:175} INFO - Processing /opt/airflow/dags/terceiradag.py took 0.092 seconds
[2023-08-27T01:34:02.849+0000] {processor.py:153} INFO - Started process (PID=242) to work on /opt/airflow/dags/terceiradag.py
[2023-08-27T01:34:02.850+0000] {processor.py:743} INFO - Processing file /opt/airflow/dags/terceiradag.py for tasks to queue
[2023-08-27T01:34:02.851+0000] {logging_mixin.py:137} INFO - [2023-08-27T01:34:02.851+0000] {dagbag.py:538} INFO - Filling up the DagBag from /opt/airflow/dags/terceiradag.py
[2023-08-27T01:34:02.866+0000] {processor.py:753} INFO - DAG(s) dict_keys(['terceiradag']) retrieved from /opt/airflow/dags/terceiradag.py
[2023-08-27T01:34:02.889+0000] {logging_mixin.py:137} INFO - [2023-08-27T01:34:02.889+0000] {dag.py:2690} INFO - Sync 1 DAGs
[2023-08-27T01:34:02.913+0000] {logging_mixin.py:137} INFO - [2023-08-27T01:34:02.913+0000] {dag.py:3441} INFO - Setting next_dagrun for terceiradag to None, run_after=None
[2023-08-27T01:34:02.936+0000] {processor.py:175} INFO - Processing /opt/airflow/dags/terceiradag.py took 0.090 seconds
[2023-08-27T01:34:08.001+0000] {processor.py:153} INFO - Started process (PID=246) to work on /opt/airflow/dags/terceiradag.py
[2023-08-27T01:34:08.003+0000] {processor.py:743} INFO - Processing file /opt/airflow/dags/terceiradag.py for tasks to queue
[2023-08-27T01:34:08.004+0000] {logging_mixin.py:137} INFO - [2023-08-27T01:34:08.004+0000] {dagbag.py:538} INFO - Filling up the DagBag from /opt/airflow/dags/terceiradag.py
[2023-08-27T01:34:08.023+0000] {processor.py:753} INFO - DAG(s) dict_keys(['terceiradag']) retrieved from /opt/airflow/dags/terceiradag.py
[2023-08-27T01:34:08.052+0000] {logging_mixin.py:137} INFO - [2023-08-27T01:34:08.052+0000] {dag.py:2690} INFO - Sync 1 DAGs
[2023-08-27T01:34:08.077+0000] {logging_mixin.py:137} INFO - [2023-08-27T01:34:08.077+0000] {dag.py:3441} INFO - Setting next_dagrun for terceiradag to None, run_after=None
[2023-08-27T01:34:08.098+0000] {processor.py:175} INFO - Processing /opt/airflow/dags/terceiradag.py took 0.102 seconds
[2023-08-27T01:34:13.362+0000] {processor.py:153} INFO - Started process (PID=262) to work on /opt/airflow/dags/terceiradag.py
[2023-08-27T01:34:13.363+0000] {processor.py:743} INFO - Processing file /opt/airflow/dags/terceiradag.py for tasks to queue
[2023-08-27T01:34:13.364+0000] {logging_mixin.py:137} INFO - [2023-08-27T01:34:13.364+0000] {dagbag.py:538} INFO - Filling up the DagBag from /opt/airflow/dags/terceiradag.py
[2023-08-27T01:34:13.383+0000] {processor.py:753} INFO - DAG(s) dict_keys(['terceiradag']) retrieved from /opt/airflow/dags/terceiradag.py
[2023-08-27T01:34:13.420+0000] {logging_mixin.py:137} INFO - [2023-08-27T01:34:13.420+0000] {dag.py:2690} INFO - Sync 1 DAGs
[2023-08-27T01:34:13.446+0000] {logging_mixin.py:137} INFO - [2023-08-27T01:34:13.446+0000] {dag.py:3441} INFO - Setting next_dagrun for terceiradag to None, run_after=None
[2023-08-27T01:34:13.467+0000] {processor.py:175} INFO - Processing /opt/airflow/dags/terceiradag.py took 0.108 seconds
[2023-08-27T01:34:18.496+0000] {processor.py:153} INFO - Started process (PID=266) to work on /opt/airflow/dags/terceiradag.py
[2023-08-27T01:34:18.497+0000] {processor.py:743} INFO - Processing file /opt/airflow/dags/terceiradag.py for tasks to queue
[2023-08-27T01:34:18.498+0000] {logging_mixin.py:137} INFO - [2023-08-27T01:34:18.498+0000] {dagbag.py:538} INFO - Filling up the DagBag from /opt/airflow/dags/terceiradag.py
[2023-08-27T01:34:18.513+0000] {processor.py:753} INFO - DAG(s) dict_keys(['terceiradag']) retrieved from /opt/airflow/dags/terceiradag.py
[2023-08-27T01:34:18.536+0000] {logging_mixin.py:137} INFO - [2023-08-27T01:34:18.536+0000] {dag.py:2690} INFO - Sync 1 DAGs
[2023-08-27T01:34:18.559+0000] {logging_mixin.py:137} INFO - [2023-08-27T01:34:18.559+0000] {dag.py:3441} INFO - Setting next_dagrun for terceiradag to None, run_after=None
[2023-08-27T01:34:18.577+0000] {processor.py:175} INFO - Processing /opt/airflow/dags/terceiradag.py took 0.085 seconds
[2023-08-27T01:34:23.622+0000] {processor.py:153} INFO - Started process (PID=270) to work on /opt/airflow/dags/terceiradag.py
[2023-08-27T01:34:23.623+0000] {processor.py:743} INFO - Processing file /opt/airflow/dags/terceiradag.py for tasks to queue
[2023-08-27T01:34:23.630+0000] {logging_mixin.py:137} INFO - [2023-08-27T01:34:23.629+0000] {dagbag.py:538} INFO - Filling up the DagBag from /opt/airflow/dags/terceiradag.py
[2023-08-27T01:34:23.653+0000] {processor.py:753} INFO - DAG(s) dict_keys(['terceiradag']) retrieved from /opt/airflow/dags/terceiradag.py
[2023-08-27T01:34:23.680+0000] {logging_mixin.py:137} INFO - [2023-08-27T01:34:23.680+0000] {dag.py:2690} INFO - Sync 1 DAGs
[2023-08-27T01:34:23.706+0000] {logging_mixin.py:137} INFO - [2023-08-27T01:34:23.706+0000] {dag.py:3441} INFO - Setting next_dagrun for terceiradag to None, run_after=None
[2023-08-27T01:34:23.728+0000] {processor.py:175} INFO - Processing /opt/airflow/dags/terceiradag.py took 0.111 seconds
[2023-08-27T01:34:28.809+0000] {processor.py:153} INFO - Started process (PID=286) to work on /opt/airflow/dags/terceiradag.py
[2023-08-27T01:34:28.810+0000] {processor.py:743} INFO - Processing file /opt/airflow/dags/terceiradag.py for tasks to queue
[2023-08-27T01:34:28.811+0000] {logging_mixin.py:137} INFO - [2023-08-27T01:34:28.810+0000] {dagbag.py:538} INFO - Filling up the DagBag from /opt/airflow/dags/terceiradag.py
[2023-08-27T01:34:28.824+0000] {processor.py:753} INFO - DAG(s) dict_keys(['terceiradag']) retrieved from /opt/airflow/dags/terceiradag.py
[2023-08-27T01:34:28.847+0000] {logging_mixin.py:137} INFO - [2023-08-27T01:34:28.847+0000] {dag.py:2690} INFO - Sync 1 DAGs
[2023-08-27T01:34:28.871+0000] {logging_mixin.py:137} INFO - [2023-08-27T01:34:28.871+0000] {dag.py:3441} INFO - Setting next_dagrun for terceiradag to None, run_after=None
[2023-08-27T01:34:28.892+0000] {processor.py:175} INFO - Processing /opt/airflow/dags/terceiradag.py took 0.087 seconds
[2023-08-27T01:34:33.936+0000] {processor.py:153} INFO - Started process (PID=290) to work on /opt/airflow/dags/terceiradag.py
[2023-08-27T01:34:33.937+0000] {processor.py:743} INFO - Processing file /opt/airflow/dags/terceiradag.py for tasks to queue
[2023-08-27T01:34:33.938+0000] {logging_mixin.py:137} INFO - [2023-08-27T01:34:33.938+0000] {dagbag.py:538} INFO - Filling up the DagBag from /opt/airflow/dags/terceiradag.py
[2023-08-27T01:34:33.953+0000] {processor.py:753} INFO - DAG(s) dict_keys(['terceiradag']) retrieved from /opt/airflow/dags/terceiradag.py
[2023-08-27T01:34:33.976+0000] {logging_mixin.py:137} INFO - [2023-08-27T01:34:33.976+0000] {dag.py:2690} INFO - Sync 1 DAGs
[2023-08-27T01:34:33.999+0000] {logging_mixin.py:137} INFO - [2023-08-27T01:34:33.999+0000] {dag.py:3441} INFO - Setting next_dagrun for terceiradag to None, run_after=None
[2023-08-27T01:34:34.021+0000] {processor.py:175} INFO - Processing /opt/airflow/dags/terceiradag.py took 0.089 seconds
[2023-08-27T01:34:39.080+0000] {processor.py:153} INFO - Started process (PID=305) to work on /opt/airflow/dags/terceiradag.py
[2023-08-27T01:34:39.082+0000] {processor.py:743} INFO - Processing file /opt/airflow/dags/terceiradag.py for tasks to queue
[2023-08-27T01:34:39.083+0000] {logging_mixin.py:137} INFO - [2023-08-27T01:34:39.082+0000] {dagbag.py:538} INFO - Filling up the DagBag from /opt/airflow/dags/terceiradag.py
[2023-08-27T01:34:39.102+0000] {processor.py:753} INFO - DAG(s) dict_keys(['terceiradag']) retrieved from /opt/airflow/dags/terceiradag.py
[2023-08-27T01:34:39.125+0000] {logging_mixin.py:137} INFO - [2023-08-27T01:34:39.125+0000] {dag.py:2690} INFO - Sync 1 DAGs
[2023-08-27T01:34:39.149+0000] {logging_mixin.py:137} INFO - [2023-08-27T01:34:39.148+0000] {dag.py:3441} INFO - Setting next_dagrun for terceiradag to None, run_after=None
[2023-08-27T01:34:39.170+0000] {processor.py:175} INFO - Processing /opt/airflow/dags/terceiradag.py took 0.094 seconds
[2023-08-27T01:34:44.211+0000] {processor.py:153} INFO - Started process (PID=309) to work on /opt/airflow/dags/terceiradag.py
[2023-08-27T01:34:44.212+0000] {processor.py:743} INFO - Processing file /opt/airflow/dags/terceiradag.py for tasks to queue
[2023-08-27T01:34:44.213+0000] {logging_mixin.py:137} INFO - [2023-08-27T01:34:44.213+0000] {dagbag.py:538} INFO - Filling up the DagBag from /opt/airflow/dags/terceiradag.py
[2023-08-27T01:34:44.230+0000] {processor.py:753} INFO - DAG(s) dict_keys(['terceiradag']) retrieved from /opt/airflow/dags/terceiradag.py
[2023-08-27T01:34:44.252+0000] {logging_mixin.py:137} INFO - [2023-08-27T01:34:44.252+0000] {dag.py:2690} INFO - Sync 1 DAGs
[2023-08-27T01:34:44.275+0000] {logging_mixin.py:137} INFO - [2023-08-27T01:34:44.275+0000] {dag.py:3441} INFO - Setting next_dagrun for terceiradag to None, run_after=None
[2023-08-27T01:34:44.295+0000] {processor.py:175} INFO - Processing /opt/airflow/dags/terceiradag.py took 0.088 seconds
[2023-08-27T01:34:49.339+0000] {processor.py:153} INFO - Started process (PID=325) to work on /opt/airflow/dags/terceiradag.py
[2023-08-27T01:34:49.340+0000] {processor.py:743} INFO - Processing file /opt/airflow/dags/terceiradag.py for tasks to queue
[2023-08-27T01:34:49.341+0000] {logging_mixin.py:137} INFO - [2023-08-27T01:34:49.341+0000] {dagbag.py:538} INFO - Filling up the DagBag from /opt/airflow/dags/terceiradag.py
[2023-08-27T01:34:49.356+0000] {processor.py:753} INFO - DAG(s) dict_keys(['terceiradag']) retrieved from /opt/airflow/dags/terceiradag.py
[2023-08-27T01:34:49.380+0000] {logging_mixin.py:137} INFO - [2023-08-27T01:34:49.379+0000] {dag.py:2690} INFO - Sync 1 DAGs
[2023-08-27T01:34:49.404+0000] {logging_mixin.py:137} INFO - [2023-08-27T01:34:49.404+0000] {dag.py:3441} INFO - Setting next_dagrun for terceiradag to None, run_after=None
[2023-08-27T01:34:49.430+0000] {processor.py:175} INFO - Processing /opt/airflow/dags/terceiradag.py took 0.096 seconds
[2023-08-27T01:34:54.565+0000] {processor.py:153} INFO - Started process (PID=329) to work on /opt/airflow/dags/terceiradag.py
[2023-08-27T01:34:54.566+0000] {processor.py:743} INFO - Processing file /opt/airflow/dags/terceiradag.py for tasks to queue
[2023-08-27T01:34:54.567+0000] {logging_mixin.py:137} INFO - [2023-08-27T01:34:54.567+0000] {dagbag.py:538} INFO - Filling up the DagBag from /opt/airflow/dags/terceiradag.py
[2023-08-27T01:34:54.580+0000] {processor.py:753} INFO - DAG(s) dict_keys(['terceiradag']) retrieved from /opt/airflow/dags/terceiradag.py
[2023-08-27T01:34:54.602+0000] {logging_mixin.py:137} INFO - [2023-08-27T01:34:54.602+0000] {dag.py:2690} INFO - Sync 1 DAGs
[2023-08-27T01:34:54.624+0000] {logging_mixin.py:137} INFO - [2023-08-27T01:34:54.624+0000] {dag.py:3441} INFO - Setting next_dagrun for terceiradag to None, run_after=None
[2023-08-27T01:34:54.641+0000] {processor.py:175} INFO - Processing /opt/airflow/dags/terceiradag.py took 0.079 seconds
[2023-08-27T01:34:59.804+0000] {processor.py:153} INFO - Started process (PID=340) to work on /opt/airflow/dags/terceiradag.py
[2023-08-27T01:34:59.807+0000] {processor.py:743} INFO - Processing file /opt/airflow/dags/terceiradag.py for tasks to queue
[2023-08-27T01:34:59.809+0000] {logging_mixin.py:137} INFO - [2023-08-27T01:34:59.809+0000] {dagbag.py:538} INFO - Filling up the DagBag from /opt/airflow/dags/terceiradag.py
[2023-08-27T01:34:59.847+0000] {processor.py:753} INFO - DAG(s) dict_keys(['terceiradag']) retrieved from /opt/airflow/dags/terceiradag.py
[2023-08-27T01:34:59.890+0000] {logging_mixin.py:137} INFO - [2023-08-27T01:34:59.890+0000] {dag.py:2690} INFO - Sync 1 DAGs
[2023-08-27T01:34:59.954+0000] {logging_mixin.py:137} INFO - [2023-08-27T01:34:59.954+0000] {dag.py:3441} INFO - Setting next_dagrun for terceiradag to None, run_after=None
[2023-08-27T01:34:59.997+0000] {processor.py:175} INFO - Processing /opt/airflow/dags/terceiradag.py took 0.196 seconds
[2023-08-27T01:35:05.181+0000] {processor.py:153} INFO - Started process (PID=348) to work on /opt/airflow/dags/terceiradag.py
[2023-08-27T01:35:05.182+0000] {processor.py:743} INFO - Processing file /opt/airflow/dags/terceiradag.py for tasks to queue
[2023-08-27T01:35:05.183+0000] {logging_mixin.py:137} INFO - [2023-08-27T01:35:05.183+0000] {dagbag.py:538} INFO - Filling up the DagBag from /opt/airflow/dags/terceiradag.py
[2023-08-27T01:35:05.197+0000] {processor.py:753} INFO - DAG(s) dict_keys(['terceiradag']) retrieved from /opt/airflow/dags/terceiradag.py
[2023-08-27T01:35:05.221+0000] {logging_mixin.py:137} INFO - [2023-08-27T01:35:05.221+0000] {dag.py:2690} INFO - Sync 1 DAGs
[2023-08-27T01:35:05.243+0000] {logging_mixin.py:137} INFO - [2023-08-27T01:35:05.243+0000] {dag.py:3441} INFO - Setting next_dagrun for terceiradag to None, run_after=None
[2023-08-27T01:35:05.260+0000] {processor.py:175} INFO - Processing /opt/airflow/dags/terceiradag.py took 0.083 seconds
[2023-08-27T01:35:10.420+0000] {processor.py:153} INFO - Started process (PID=352) to work on /opt/airflow/dags/terceiradag.py
[2023-08-27T01:35:10.421+0000] {processor.py:743} INFO - Processing file /opt/airflow/dags/terceiradag.py for tasks to queue
[2023-08-27T01:35:10.422+0000] {logging_mixin.py:137} INFO - [2023-08-27T01:35:10.421+0000] {dagbag.py:538} INFO - Filling up the DagBag from /opt/airflow/dags/terceiradag.py
[2023-08-27T01:35:10.435+0000] {processor.py:753} INFO - DAG(s) dict_keys(['terceiradag']) retrieved from /opt/airflow/dags/terceiradag.py
[2023-08-27T01:35:10.458+0000] {logging_mixin.py:137} INFO - [2023-08-27T01:35:10.458+0000] {dag.py:2690} INFO - Sync 1 DAGs
[2023-08-27T01:35:10.481+0000] {logging_mixin.py:137} INFO - [2023-08-27T01:35:10.480+0000] {dag.py:3441} INFO - Setting next_dagrun for terceiradag to None, run_after=None
[2023-08-27T01:35:10.499+0000] {processor.py:175} INFO - Processing /opt/airflow/dags/terceiradag.py took 0.082 seconds
[2023-08-27T01:35:15.679+0000] {processor.py:153} INFO - Started process (PID=367) to work on /opt/airflow/dags/terceiradag.py
[2023-08-27T01:35:15.680+0000] {processor.py:743} INFO - Processing file /opt/airflow/dags/terceiradag.py for tasks to queue
[2023-08-27T01:35:15.681+0000] {logging_mixin.py:137} INFO - [2023-08-27T01:35:15.681+0000] {dagbag.py:538} INFO - Filling up the DagBag from /opt/airflow/dags/terceiradag.py
[2023-08-27T01:35:15.695+0000] {processor.py:753} INFO - DAG(s) dict_keys(['terceiradag']) retrieved from /opt/airflow/dags/terceiradag.py
[2023-08-27T01:35:15.716+0000] {logging_mixin.py:137} INFO - [2023-08-27T01:35:15.716+0000] {dag.py:2690} INFO - Sync 1 DAGs
[2023-08-27T01:35:15.737+0000] {logging_mixin.py:137} INFO - [2023-08-27T01:35:15.737+0000] {dag.py:3441} INFO - Setting next_dagrun for terceiradag to None, run_after=None
[2023-08-27T01:35:15.755+0000] {processor.py:175} INFO - Processing /opt/airflow/dags/terceiradag.py took 0.079 seconds
[2023-08-27T01:35:20.911+0000] {processor.py:153} INFO - Started process (PID=371) to work on /opt/airflow/dags/terceiradag.py
[2023-08-27T01:35:20.912+0000] {processor.py:743} INFO - Processing file /opt/airflow/dags/terceiradag.py for tasks to queue
[2023-08-27T01:35:20.913+0000] {logging_mixin.py:137} INFO - [2023-08-27T01:35:20.912+0000] {dagbag.py:538} INFO - Filling up the DagBag from /opt/airflow/dags/terceiradag.py
[2023-08-27T01:35:20.926+0000] {processor.py:753} INFO - DAG(s) dict_keys(['terceiradag']) retrieved from /opt/airflow/dags/terceiradag.py
[2023-08-27T01:35:20.948+0000] {logging_mixin.py:137} INFO - [2023-08-27T01:35:20.948+0000] {dag.py:2690} INFO - Sync 1 DAGs
[2023-08-27T01:35:20.974+0000] {logging_mixin.py:137} INFO - [2023-08-27T01:35:20.974+0000] {dag.py:3441} INFO - Setting next_dagrun for terceiradag to None, run_after=None
[2023-08-27T01:35:20.996+0000] {processor.py:175} INFO - Processing /opt/airflow/dags/terceiradag.py took 0.088 seconds
[2023-08-27T01:35:26.130+0000] {processor.py:153} INFO - Started process (PID=387) to work on /opt/airflow/dags/terceiradag.py
[2023-08-27T01:35:26.131+0000] {processor.py:743} INFO - Processing file /opt/airflow/dags/terceiradag.py for tasks to queue
[2023-08-27T01:35:26.131+0000] {logging_mixin.py:137} INFO - [2023-08-27T01:35:26.131+0000] {dagbag.py:538} INFO - Filling up the DagBag from /opt/airflow/dags/terceiradag.py
[2023-08-27T01:35:26.145+0000] {processor.py:753} INFO - DAG(s) dict_keys(['terceiradag']) retrieved from /opt/airflow/dags/terceiradag.py
[2023-08-27T01:35:26.166+0000] {logging_mixin.py:137} INFO - [2023-08-27T01:35:26.166+0000] {dag.py:2690} INFO - Sync 1 DAGs
[2023-08-27T01:35:26.188+0000] {logging_mixin.py:137} INFO - [2023-08-27T01:35:26.188+0000] {dag.py:3441} INFO - Setting next_dagrun for terceiradag to None, run_after=None
[2023-08-27T01:35:26.206+0000] {processor.py:175} INFO - Processing /opt/airflow/dags/terceiradag.py took 0.079 seconds
[2023-08-27T01:35:31.356+0000] {processor.py:153} INFO - Started process (PID=391) to work on /opt/airflow/dags/terceiradag.py
[2023-08-27T01:35:31.357+0000] {processor.py:743} INFO - Processing file /opt/airflow/dags/terceiradag.py for tasks to queue
[2023-08-27T01:35:31.358+0000] {logging_mixin.py:137} INFO - [2023-08-27T01:35:31.358+0000] {dagbag.py:538} INFO - Filling up the DagBag from /opt/airflow/dags/terceiradag.py
[2023-08-27T01:35:31.371+0000] {processor.py:753} INFO - DAG(s) dict_keys(['terceiradag']) retrieved from /opt/airflow/dags/terceiradag.py
[2023-08-27T01:35:31.392+0000] {logging_mixin.py:137} INFO - [2023-08-27T01:35:31.392+0000] {dag.py:2690} INFO - Sync 1 DAGs
[2023-08-27T01:35:31.415+0000] {logging_mixin.py:137} INFO - [2023-08-27T01:35:31.414+0000] {dag.py:3441} INFO - Setting next_dagrun for terceiradag to None, run_after=None
[2023-08-27T01:35:31.431+0000] {processor.py:175} INFO - Processing /opt/airflow/dags/terceiradag.py took 0.079 seconds
[2023-08-27T01:35:36.536+0000] {processor.py:153} INFO - Started process (PID=407) to work on /opt/airflow/dags/terceiradag.py
[2023-08-27T01:35:36.538+0000] {processor.py:743} INFO - Processing file /opt/airflow/dags/terceiradag.py for tasks to queue
[2023-08-27T01:35:36.548+0000] {logging_mixin.py:137} INFO - [2023-08-27T01:35:36.548+0000] {dagbag.py:538} INFO - Filling up the DagBag from /opt/airflow/dags/terceiradag.py
[2023-08-27T01:35:36.568+0000] {processor.py:753} INFO - DAG(s) dict_keys(['terceiradag']) retrieved from /opt/airflow/dags/terceiradag.py
[2023-08-27T01:35:36.601+0000] {logging_mixin.py:137} INFO - [2023-08-27T01:35:36.601+0000] {dag.py:2690} INFO - Sync 1 DAGs
[2023-08-27T01:35:36.642+0000] {logging_mixin.py:137} INFO - [2023-08-27T01:35:36.642+0000] {dag.py:3441} INFO - Setting next_dagrun for terceiradag to None, run_after=None
[2023-08-27T01:35:36.667+0000] {processor.py:175} INFO - Processing /opt/airflow/dags/terceiradag.py took 0.135 seconds
[2023-08-27T01:35:41.802+0000] {processor.py:153} INFO - Started process (PID=411) to work on /opt/airflow/dags/terceiradag.py
[2023-08-27T01:35:41.803+0000] {processor.py:743} INFO - Processing file /opt/airflow/dags/terceiradag.py for tasks to queue
[2023-08-27T01:35:41.804+0000] {logging_mixin.py:137} INFO - [2023-08-27T01:35:41.804+0000] {dagbag.py:538} INFO - Filling up the DagBag from /opt/airflow/dags/terceiradag.py
[2023-08-27T01:35:41.819+0000] {processor.py:753} INFO - DAG(s) dict_keys(['terceiradag']) retrieved from /opt/airflow/dags/terceiradag.py
[2023-08-27T01:35:41.842+0000] {logging_mixin.py:137} INFO - [2023-08-27T01:35:41.842+0000] {dag.py:2690} INFO - Sync 1 DAGs
[2023-08-27T01:35:41.868+0000] {logging_mixin.py:137} INFO - [2023-08-27T01:35:41.867+0000] {dag.py:3441} INFO - Setting next_dagrun for terceiradag to None, run_after=None
[2023-08-27T01:35:41.887+0000] {processor.py:175} INFO - Processing /opt/airflow/dags/terceiradag.py took 0.088 seconds
[2023-08-27T01:35:47.141+0000] {processor.py:153} INFO - Started process (PID=415) to work on /opt/airflow/dags/terceiradag.py
[2023-08-27T01:35:47.142+0000] {processor.py:743} INFO - Processing file /opt/airflow/dags/terceiradag.py for tasks to queue
[2023-08-27T01:35:47.143+0000] {logging_mixin.py:137} INFO - [2023-08-27T01:35:47.143+0000] {dagbag.py:538} INFO - Filling up the DagBag from /opt/airflow/dags/terceiradag.py
[2023-08-27T01:35:47.158+0000] {processor.py:753} INFO - DAG(s) dict_keys(['terceiradag']) retrieved from /opt/airflow/dags/terceiradag.py
[2023-08-27T01:35:47.182+0000] {logging_mixin.py:137} INFO - [2023-08-27T01:35:47.182+0000] {dag.py:2690} INFO - Sync 1 DAGs
[2023-08-27T01:35:47.206+0000] {logging_mixin.py:137} INFO - [2023-08-27T01:35:47.206+0000] {dag.py:3441} INFO - Setting next_dagrun for terceiradag to None, run_after=None
[2023-08-27T01:35:47.229+0000] {processor.py:175} INFO - Processing /opt/airflow/dags/terceiradag.py took 0.091 seconds
