[2023-09-02T20:55:56.631+0000] {taskinstance.py:1083} INFO - Dependencies all met for <TaskInstance: defaultargs.tsk3 scheduled__2023-03-05T11:00:00+00:00 [queued]>
[2023-09-02T20:55:56.686+0000] {taskinstance.py:1083} INFO - Dependencies all met for <TaskInstance: defaultargs.tsk3 scheduled__2023-03-05T11:00:00+00:00 [queued]>
[2023-09-02T20:55:56.688+0000] {taskinstance.py:1279} INFO - 
--------------------------------------------------------------------------------
[2023-09-02T20:55:56.701+0000] {taskinstance.py:1280} INFO - Starting attempt 1 of 2
[2023-09-02T20:55:56.701+0000] {taskinstance.py:1281} INFO - 
--------------------------------------------------------------------------------
[2023-09-02T20:55:56.816+0000] {taskinstance.py:1300} INFO - Executing <Task(BashOperator): tsk3> on 2023-03-05 11:00:00+00:00
[2023-09-02T20:55:56.834+0000] {standard_task_runner.py:55} INFO - Started process 1333 to run task
[2023-09-02T20:55:56.852+0000] {standard_task_runner.py:82} INFO - Running: ['***', 'tasks', 'run', 'defaultargs', 'tsk3', 'scheduled__2023-03-05T11:00:00+00:00', '--job-id', '84', '--raw', '--subdir', 'DAGS_FOLDER/defaultargs.py', '--cfg-path', '/tmp/tmpm42hz306']
[2023-09-02T20:55:56.865+0000] {standard_task_runner.py:83} INFO - Job 84: Subtask tsk3
[2023-09-02T20:55:57.107+0000] {task_command.py:388} INFO - Running <TaskInstance: defaultargs.tsk3 scheduled__2023-03-05T11:00:00+00:00 [running]> on host 3c3753b2e609
[2023-09-02T20:55:57.638+0000] {taskinstance.py:1509} INFO - Exporting the following env vars:
AIRFLOW_CTX_DAG_EMAIL=tiagolinhares051@gmail.com
AIRFLOW_CTX_DAG_OWNER=***
AIRFLOW_CTX_DAG_ID=defaultargs
AIRFLOW_CTX_TASK_ID=tsk3
AIRFLOW_CTX_EXECUTION_DATE=2023-03-05T11:00:00+00:00
AIRFLOW_CTX_TRY_NUMBER=1
AIRFLOW_CTX_DAG_RUN_ID=scheduled__2023-03-05T11:00:00+00:00
[2023-09-02T20:55:57.640+0000] {subprocess.py:63} INFO - Tmp dir root location: 
 /tmp
[2023-09-02T20:55:57.643+0000] {subprocess.py:75} INFO - Running command: ['/bin/bash', '-c', 'sleep 5']
[2023-09-02T20:55:57.713+0000] {subprocess.py:86} INFO - Output:
[2023-09-02T20:56:02.724+0000] {subprocess.py:97} INFO - Command exited with return code 0
[2023-09-02T20:56:02.776+0000] {taskinstance.py:1323} INFO - Marking task as SUCCESS. dag_id=defaultargs, task_id=tsk3, execution_date=20230305T110000, start_date=20230902T205556, end_date=20230902T205602
[2023-09-02T20:56:02.875+0000] {local_task_job.py:208} INFO - Task exited with return code 0
[2023-09-02T20:56:02.924+0000] {taskinstance.py:2578} INFO - 0 downstream tasks scheduled from follow-on schedule check
